[2026-04-29T09:53:13.923+0300] {local_task_job_runner.py:120} INFO - ::group::Pre task execution logs
[2026-04-29T09:53:14.100+0300] {taskinstance.py:2076} INFO - Dependencies all met for dep_context=non-requeueable deps ti=<TaskInstance: email_alert.failed_task scheduled__2026-04-28T00:00:00+00:00 [queued]>
[2026-04-29T09:53:14.114+0300] {taskinstance.py:2076} INFO - Dependencies all met for dep_context=requeueable deps ti=<TaskInstance: email_alert.failed_task scheduled__2026-04-28T00:00:00+00:00 [queued]>
[2026-04-29T09:53:14.115+0300] {taskinstance.py:2306} INFO - Starting attempt 1 of 2
[2026-04-29T09:53:14.170+0300] {taskinstance.py:2330} INFO - Executing <Task(PythonOperator): failed_task> on 2026-04-28 00:00:00+00:00
[2026-04-29T09:53:14.175+0300] {standard_task_runner.py:64} INFO - Started process 39761 to run task
[2026-04-29T09:53:14.178+0300] {standard_task_runner.py:90} INFO - Running: ['airflow', 'tasks', 'run', 'email_alert', 'failed_task', 'scheduled__2026-04-28T00:00:00+00:00', '--job-id', '3', '--raw', '--subdir', 'DAGS_FOLDER/email.py', '--cfg-path', '/tmp/tmpb5nba3qj']
[2026-04-29T09:53:14.182+0300] {standard_task_runner.py:91} INFO - Job 3: Subtask failed_task
[2026-04-29T09:53:14.279+0300] {task_command.py:426} INFO - Running <TaskInstance: email_alert.failed_task scheduled__2026-04-28T00:00:00+00:00 [running]> on host GayuBala.localdomain
[2026-04-29T09:53:14.470+0300] {taskinstance.py:2648} INFO - Exporting env vars: AIRFLOW_CTX_DAG_EMAIL='gayumoorthi77@gmail.com' AIRFLOW_CTX_DAG_OWNER='Gayathri' AIRFLOW_CTX_DAG_ID='email_alert' AIRFLOW_CTX_TASK_ID='failed_task' AIRFLOW_CTX_EXECUTION_DATE='2026-04-28T00:00:00+00:00' AIRFLOW_CTX_TRY_NUMBER='1' AIRFLOW_CTX_DAG_RUN_ID='scheduled__2026-04-28T00:00:00+00:00'
[2026-04-29T09:53:14.473+0300] {taskinstance.py:430} INFO - ::endgroup::
[2026-04-29T09:53:14.476+0300] {taskinstance.py:441} INFO - ::group::Post task execution logs
[2026-04-29T09:53:14.478+0300] {taskinstance.py:2905} ERROR - Task failed with exception
Traceback (most recent call last):
  File "/mnt/d/airflow/airflow_project/airflow_venv/lib/python3.12/site-packages/airflow/models/taskinstance.py", line 465, in _execute_task
    result = _execute_callable(context=context, **execute_callable_kwargs)
             ^^^^^^^^^^^^^^^^^^^^^^^^^^^^^^^^^^^^^^^^^^^^^^^^^^^^^^^^^^^^^
  File "/mnt/d/airflow/airflow_project/airflow_venv/lib/python3.12/site-packages/airflow/models/taskinstance.py", line 432, in _execute_callable
    return execute_callable(context=context, **execute_callable_kwargs)
           ^^^^^^^^^^^^^^^^^^^^^^^^^^^^^^^^^^^^^^^^^^^^^^^^^^^^^^^^^^^^
  File "/mnt/d/airflow/airflow_project/airflow_venv/lib/python3.12/site-packages/airflow/models/baseoperator.py", line 401, in wrapper
    return func(self, *args, **kwargs)
           ^^^^^^^^^^^^^^^^^^^^^^^^^^^
  File "/mnt/d/airflow/airflow_project/airflow_venv/lib/python3.12/site-packages/airflow/operators/python.py", line 235, in execute
    return_value = self.execute_callable()
                   ^^^^^^^^^^^^^^^^^^^^^^^
  File "/mnt/d/airflow/airflow_project/airflow_venv/lib/python3.12/site-packages/airflow/operators/python.py", line 252, in execute_callable
    return self.python_callable(*self.op_args, **self.op_kwargs)
           ^^^^^^^^^^^^^^^^^^^^^^^^^^^^^^^^^^^^^^^^^^^^^^^^^^^^^
  File "/mnt/d/airflow/airflow_project/dags/email.py", line 9, in failed
    raise Exception("Task Failed")
Exception: Task Failed
[2026-04-29T09:53:14.574+0300] {taskinstance.py:1206} INFO - Marking task as UP_FOR_RETRY. dag_id=email_alert, task_id=failed_task, run_id=scheduled__2026-04-28T00:00:00+00:00, execution_date=20260428T000000, start_date=20260429T065314, end_date=20260429T065314
[2026-04-29T09:53:14.604+0300] {logging_mixin.py:188} WARNING - /mnt/d/airflow/airflow_project/airflow_venv/lib/python3.12/site-packages/airflow/utils/email.py:154 RemovedInAirflow3Warning: Fetching SMTP credentials from configuration variables will be deprecated in a future release. Please set credentials using a connection instead.
[2026-04-29T09:53:14.607+0300] {configuration.py:1053} WARNING - section/key [smtp/smtp_user] not found in config
[2026-04-29T09:53:14.609+0300] {email.py:271} INFO - Email alerting: attempt 1
[2026-04-29T09:53:14.639+0300] {configuration.py:1053} WARNING - section/key [smtp/smtp_user] not found in config
[2026-04-29T09:53:14.643+0300] {email.py:271} INFO - Email alerting: attempt 1
[2026-04-29T09:53:14.646+0300] {taskinstance.py:879} ERROR - Failed to send email to: ['gayumoorthi77@gmail.com']
Traceback (most recent call last):
  File "/mnt/d/airflow/airflow_project/airflow_venv/lib/python3.12/site-packages/airflow/models/taskinstance.py", line 2479, in _run_raw_task
    self._execute_task_with_callbacks(context, test_mode, session=session)
  File "/mnt/d/airflow/airflow_project/airflow_venv/lib/python3.12/site-packages/airflow/models/taskinstance.py", line 2676, in _execute_task_with_callbacks
    result = self._execute_task(context, task_orig)
             ^^^^^^^^^^^^^^^^^^^^^^^^^^^^^^^^^^^^^^
  File "/mnt/d/airflow/airflow_project/airflow_venv/lib/python3.12/site-packages/airflow/models/taskinstance.py", line 2701, in _execute_task
    return _execute_task(self, context, task_orig)
           ^^^^^^^^^^^^^^^^^^^^^^^^^^^^^^^^^^^^^^^
  File "/mnt/d/airflow/airflow_project/airflow_venv/lib/python3.12/site-packages/airflow/models/taskinstance.py", line 465, in _execute_task
    result = _execute_callable(context=context, **execute_callable_kwargs)
             ^^^^^^^^^^^^^^^^^^^^^^^^^^^^^^^^^^^^^^^^^^^^^^^^^^^^^^^^^^^^^
  File "/mnt/d/airflow/airflow_project/airflow_venv/lib/python3.12/site-packages/airflow/models/taskinstance.py", line 432, in _execute_callable
    return execute_callable(context=context, **execute_callable_kwargs)
           ^^^^^^^^^^^^^^^^^^^^^^^^^^^^^^^^^^^^^^^^^^^^^^^^^^^^^^^^^^^^
  File "/mnt/d/airflow/airflow_project/airflow_venv/lib/python3.12/site-packages/airflow/models/baseoperator.py", line 401, in wrapper
    return func(self, *args, **kwargs)
           ^^^^^^^^^^^^^^^^^^^^^^^^^^^
  File "/mnt/d/airflow/airflow_project/airflow_venv/lib/python3.12/site-packages/airflow/operators/python.py", line 235, in execute
    return_value = self.execute_callable()
                   ^^^^^^^^^^^^^^^^^^^^^^^
  File "/mnt/d/airflow/airflow_project/airflow_venv/lib/python3.12/site-packages/airflow/operators/python.py", line 252, in execute_callable
    return self.python_callable(*self.op_args, **self.op_kwargs)
           ^^^^^^^^^^^^^^^^^^^^^^^^^^^^^^^^^^^^^^^^^^^^^^^^^^^^^
  File "/mnt/d/airflow/airflow_project/dags/email.py", line 9, in failed
    raise Exception("Task Failed")
Exception: Task Failed

During handling of the above exception, another exception occurred:

Traceback (most recent call last):
  File "/mnt/d/airflow/airflow_project/airflow_venv/lib/python3.12/site-packages/airflow/models/taskinstance.py", line 1063, in _email_alert
    send_email(task.email, subject, html_content)
  File "/mnt/d/airflow/airflow_project/airflow_venv/lib/python3.12/site-packages/airflow/utils/email.py", line 80, in send_email
    return backend(
           ^^^^^^^^
  File "/mnt/d/airflow/airflow_project/airflow_venv/lib/python3.12/site-packages/airflow/utils/email.py", line 154, in send_email_smtp
    send_mime_email(e_from=mail_from, e_to=recipients, mime_msg=msg, conn_id=conn_id, dryrun=dryrun)
  File "/mnt/d/airflow/airflow_project/airflow_venv/lib/python3.12/site-packages/airflow/utils/email.py", line 273, in send_mime_email
    smtp_conn = _get_smtp_connection(smtp_host, smtp_port, smtp_timeout, smtp_ssl)
                ^^^^^^^^^^^^^^^^^^^^^^^^^^^^^^^^^^^^^^^^^^^^^^^^^^^^^^^^^^^^^^^^^^
  File "/mnt/d/airflow/airflow_project/airflow_venv/lib/python3.12/site-packages/airflow/utils/email.py", line 317, in _get_smtp_connection
    return smtplib.SMTP(host=host, port=port, timeout=timeout)
           ^^^^^^^^^^^^^^^^^^^^^^^^^^^^^^^^^^^^^^^^^^^^^^^^^^^
  File "/usr/lib/python3.12/smtplib.py", line 255, in __init__
    (code, msg) = self.connect(host, port)
                  ^^^^^^^^^^^^^^^^^^^^^^^^
  File "/usr/lib/python3.12/smtplib.py", line 341, in connect
    self.sock = self._get_socket(host, port, self.timeout)
                ^^^^^^^^^^^^^^^^^^^^^^^^^^^^^^^^^^^^^^^^^^
  File "/usr/lib/python3.12/smtplib.py", line 312, in _get_socket
    return socket.create_connection((host, port), timeout,
           ^^^^^^^^^^^^^^^^^^^^^^^^^^^^^^^^^^^^^^^^^^^^^^^
  File "/usr/lib/python3.12/socket.py", line 852, in create_connection
    raise exceptions[0]
  File "/usr/lib/python3.12/socket.py", line 837, in create_connection
    sock.connect(sa)
ConnectionRefusedError: [Errno 111] Connection refused

During handling of the above exception, another exception occurred:

Traceback (most recent call last):
  File "/mnt/d/airflow/airflow_project/airflow_venv/lib/python3.12/site-packages/airflow/models/taskinstance.py", line 877, in _handle_failure
    task_instance.email_alert(error, failure_context["task"])
  File "/mnt/d/airflow/airflow_project/airflow_venv/lib/python3.12/site-packages/airflow/models/taskinstance.py", line 3163, in email_alert
    _email_alert(task_instance=self, exception=exception, task=task)
  File "/mnt/d/airflow/airflow_project/airflow_venv/lib/python3.12/site-packages/airflow/models/taskinstance.py", line 1065, in _email_alert
    send_email(task.email, subject, html_content_err)
  File "/mnt/d/airflow/airflow_project/airflow_venv/lib/python3.12/site-packages/airflow/utils/email.py", line 80, in send_email
    return backend(
           ^^^^^^^^
  File "/mnt/d/airflow/airflow_project/airflow_venv/lib/python3.12/site-packages/airflow/utils/email.py", line 154, in send_email_smtp
    send_mime_email(e_from=mail_from, e_to=recipients, mime_msg=msg, conn_id=conn_id, dryrun=dryrun)
  File "/mnt/d/airflow/airflow_project/airflow_venv/lib/python3.12/site-packages/airflow/utils/email.py", line 273, in send_mime_email
    smtp_conn = _get_smtp_connection(smtp_host, smtp_port, smtp_timeout, smtp_ssl)
                ^^^^^^^^^^^^^^^^^^^^^^^^^^^^^^^^^^^^^^^^^^^^^^^^^^^^^^^^^^^^^^^^^^
  File "/mnt/d/airflow/airflow_project/airflow_venv/lib/python3.12/site-packages/airflow/utils/email.py", line 317, in _get_smtp_connection
    return smtplib.SMTP(host=host, port=port, timeout=timeout)
           ^^^^^^^^^^^^^^^^^^^^^^^^^^^^^^^^^^^^^^^^^^^^^^^^^^^
  File "/usr/lib/python3.12/smtplib.py", line 255, in __init__
    (code, msg) = self.connect(host, port)
                  ^^^^^^^^^^^^^^^^^^^^^^^^
  File "/usr/lib/python3.12/smtplib.py", line 341, in connect
    self.sock = self._get_socket(host, port, self.timeout)
                ^^^^^^^^^^^^^^^^^^^^^^^^^^^^^^^^^^^^^^^^^^
  File "/usr/lib/python3.12/smtplib.py", line 312, in _get_socket
    return socket.create_connection((host, port), timeout,
           ^^^^^^^^^^^^^^^^^^^^^^^^^^^^^^^^^^^^^^^^^^^^^^^
  File "/usr/lib/python3.12/socket.py", line 852, in create_connection
    raise exceptions[0]
  File "/usr/lib/python3.12/socket.py", line 837, in create_connection
    sock.connect(sa)
ConnectionRefusedError: [Errno 111] Connection refused
[2026-04-29T09:53:15.206+0300] {standard_task_runner.py:110} ERROR - Failed to execute job 3 for task failed_task (Task Failed; 39761)
[2026-04-29T09:53:15.240+0300] {local_task_job_runner.py:243} INFO - Task exited with return code 1
[2026-04-29T09:53:15.287+0300] {taskinstance.py:3503} INFO - 0 downstream tasks scheduled from follow-on schedule check
[2026-04-29T09:53:15.295+0300] {local_task_job_runner.py:222} INFO - ::endgroup::
