[2026-04-29T09:15:06.408+0300] {processor.py:161} INFO - Started process (PID=26490) to work on /mnt/d/airflow/airflow_project/airflow_venv/lib/python3.12/site-packages/airflow/example_dags/example_short_circuit_operator.py
[2026-04-29T09:15:06.410+0300] {processor.py:830} INFO - Processing file /mnt/d/airflow/airflow_project/airflow_venv/lib/python3.12/site-packages/airflow/example_dags/example_short_circuit_operator.py for tasks to queue
[2026-04-29T09:15:06.413+0300] {logging_mixin.py:188} INFO - [2026-04-29T09:15:06.411+0300] {dagbag.py:545} INFO - Filling up the DagBag from /mnt/d/airflow/airflow_project/airflow_venv/lib/python3.12/site-packages/airflow/example_dags/example_short_circuit_operator.py
[2026-04-29T09:15:06.434+0300] {processor.py:840} INFO - DAG(s) 'example_short_circuit_operator' retrieved from /mnt/d/airflow/airflow_project/airflow_venv/lib/python3.12/site-packages/airflow/example_dags/example_short_circuit_operator.py
[2026-04-29T09:15:08.179+0300] {logging_mixin.py:188} INFO - [2026-04-29T09:15:08.178+0300] {override.py:1858} INFO - Created Permission View: can edit on DAG:example_short_circuit_operator
[2026-04-29T09:15:08.234+0300] {logging_mixin.py:188} INFO - [2026-04-29T09:15:08.232+0300] {override.py:1858} INFO - Created Permission View: can delete on DAG:example_short_circuit_operator
[2026-04-29T09:15:08.334+0300] {logging_mixin.py:188} INFO - [2026-04-29T09:15:08.332+0300] {override.py:1858} INFO - Created Permission View: can read on DAG:example_short_circuit_operator
[2026-04-29T09:15:08.340+0300] {logging_mixin.py:188} INFO - [2026-04-29T09:15:08.338+0300] {dag.py:3089} INFO - Sync 1 DAGs
[2026-04-29T09:15:08.387+0300] {logging_mixin.py:188} INFO - [2026-04-29T09:15:08.386+0300] {dag.py:3111} INFO - Creating ORM DAG for example_short_circuit_operator
[2026-04-29T09:15:08.410+0300] {logging_mixin.py:188} INFO - [2026-04-29T09:15:08.409+0300] {dag.py:3947} INFO - Setting next_dagrun for example_short_circuit_operator to 2026-04-28 00:00:00+00:00, run_after=2026-04-29 00:00:00+00:00
[2026-04-29T09:15:08.518+0300] {processor.py:183} INFO - Processing /mnt/d/airflow/airflow_project/airflow_venv/lib/python3.12/site-packages/airflow/example_dags/example_short_circuit_operator.py took 2.124 seconds
[2026-04-29T09:17:24.077+0300] {processor.py:161} INFO - Started process (PID=27267) to work on /mnt/d/airflow/airflow_project/airflow_venv/lib/python3.12/site-packages/airflow/example_dags/example_short_circuit_operator.py
[2026-04-29T09:17:24.080+0300] {processor.py:830} INFO - Processing file /mnt/d/airflow/airflow_project/airflow_venv/lib/python3.12/site-packages/airflow/example_dags/example_short_circuit_operator.py for tasks to queue
[2026-04-29T09:17:24.086+0300] {logging_mixin.py:188} INFO - [2026-04-29T09:17:24.083+0300] {dagbag.py:545} INFO - Filling up the DagBag from /mnt/d/airflow/airflow_project/airflow_venv/lib/python3.12/site-packages/airflow/example_dags/example_short_circuit_operator.py
[2026-04-29T09:17:24.132+0300] {processor.py:840} INFO - DAG(s) 'example_short_circuit_operator' retrieved from /mnt/d/airflow/airflow_project/airflow_venv/lib/python3.12/site-packages/airflow/example_dags/example_short_circuit_operator.py
[2026-04-29T09:17:24.179+0300] {logging_mixin.py:188} INFO - [2026-04-29T09:17:24.177+0300] {dag.py:3089} INFO - Sync 1 DAGs
[2026-04-29T09:17:24.213+0300] {logging_mixin.py:188} INFO - [2026-04-29T09:17:24.212+0300] {dag.py:3947} INFO - Setting next_dagrun for example_short_circuit_operator to 2026-04-28 00:00:00+00:00, run_after=2026-04-29 00:00:00+00:00
[2026-04-29T09:17:24.414+0300] {processor.py:183} INFO - Processing /mnt/d/airflow/airflow_project/airflow_venv/lib/python3.12/site-packages/airflow/example_dags/example_short_circuit_operator.py took 0.368 seconds
[2026-04-29T09:18:37.079+0300] {processor.py:161} INFO - Started process (PID=27708) to work on /mnt/d/airflow/airflow_project/airflow_venv/lib/python3.12/site-packages/airflow/example_dags/example_short_circuit_operator.py
[2026-04-29T09:18:37.083+0300] {processor.py:830} INFO - Processing file /mnt/d/airflow/airflow_project/airflow_venv/lib/python3.12/site-packages/airflow/example_dags/example_short_circuit_operator.py for tasks to queue
[2026-04-29T09:18:37.092+0300] {logging_mixin.py:188} INFO - [2026-04-29T09:18:37.089+0300] {dagbag.py:545} INFO - Filling up the DagBag from /mnt/d/airflow/airflow_project/airflow_venv/lib/python3.12/site-packages/airflow/example_dags/example_short_circuit_operator.py
[2026-04-29T09:18:37.168+0300] {processor.py:840} INFO - DAG(s) 'example_short_circuit_operator' retrieved from /mnt/d/airflow/airflow_project/airflow_venv/lib/python3.12/site-packages/airflow/example_dags/example_short_circuit_operator.py
[2026-04-29T09:18:37.248+0300] {logging_mixin.py:188} INFO - [2026-04-29T09:18:37.245+0300] {dag.py:3089} INFO - Sync 1 DAGs
[2026-04-29T09:18:37.310+0300] {logging_mixin.py:188} INFO - [2026-04-29T09:18:37.307+0300] {dag.py:3947} INFO - Setting next_dagrun for example_short_circuit_operator to 2026-04-28 00:00:00+00:00, run_after=2026-04-29 00:00:00+00:00
[2026-04-29T09:18:37.459+0300] {processor.py:183} INFO - Processing /mnt/d/airflow/airflow_project/airflow_venv/lib/python3.12/site-packages/airflow/example_dags/example_short_circuit_operator.py took 0.411 seconds
[2026-04-29T09:19:43.175+0300] {processor.py:161} INFO - Started process (PID=28115) to work on /mnt/d/airflow/airflow_project/airflow_venv/lib/python3.12/site-packages/airflow/example_dags/example_short_circuit_operator.py
[2026-04-29T09:19:43.178+0300] {processor.py:830} INFO - Processing file /mnt/d/airflow/airflow_project/airflow_venv/lib/python3.12/site-packages/airflow/example_dags/example_short_circuit_operator.py for tasks to queue
[2026-04-29T09:19:43.185+0300] {logging_mixin.py:188} INFO - [2026-04-29T09:19:43.183+0300] {dagbag.py:545} INFO - Filling up the DagBag from /mnt/d/airflow/airflow_project/airflow_venv/lib/python3.12/site-packages/airflow/example_dags/example_short_circuit_operator.py
[2026-04-29T09:19:43.242+0300] {processor.py:840} INFO - DAG(s) 'example_short_circuit_operator' retrieved from /mnt/d/airflow/airflow_project/airflow_venv/lib/python3.12/site-packages/airflow/example_dags/example_short_circuit_operator.py
[2026-04-29T09:19:43.297+0300] {logging_mixin.py:188} INFO - [2026-04-29T09:19:43.294+0300] {dag.py:3089} INFO - Sync 1 DAGs
[2026-04-29T09:19:43.349+0300] {logging_mixin.py:188} INFO - [2026-04-29T09:19:43.347+0300] {dag.py:3947} INFO - Setting next_dagrun for example_short_circuit_operator to 2026-04-28 00:00:00+00:00, run_after=2026-04-29 00:00:00+00:00
[2026-04-29T09:19:43.626+0300] {processor.py:183} INFO - Processing /mnt/d/airflow/airflow_project/airflow_venv/lib/python3.12/site-packages/airflow/example_dags/example_short_circuit_operator.py took 0.475 seconds
[2026-04-29T09:20:56.937+0300] {processor.py:161} INFO - Started process (PID=28526) to work on /mnt/d/airflow/airflow_project/airflow_venv/lib/python3.12/site-packages/airflow/example_dags/example_short_circuit_operator.py
[2026-04-29T09:20:56.941+0300] {processor.py:830} INFO - Processing file /mnt/d/airflow/airflow_project/airflow_venv/lib/python3.12/site-packages/airflow/example_dags/example_short_circuit_operator.py for tasks to queue
[2026-04-29T09:20:56.950+0300] {logging_mixin.py:188} INFO - [2026-04-29T09:20:56.946+0300] {dagbag.py:545} INFO - Filling up the DagBag from /mnt/d/airflow/airflow_project/airflow_venv/lib/python3.12/site-packages/airflow/example_dags/example_short_circuit_operator.py
[2026-04-29T09:20:57.021+0300] {processor.py:840} INFO - DAG(s) 'example_short_circuit_operator' retrieved from /mnt/d/airflow/airflow_project/airflow_venv/lib/python3.12/site-packages/airflow/example_dags/example_short_circuit_operator.py
[2026-04-29T09:20:57.090+0300] {logging_mixin.py:188} INFO - [2026-04-29T09:20:57.087+0300] {dag.py:3089} INFO - Sync 1 DAGs
[2026-04-29T09:20:57.157+0300] {logging_mixin.py:188} INFO - [2026-04-29T09:20:57.154+0300] {dag.py:3947} INFO - Setting next_dagrun for example_short_circuit_operator to 2026-04-28 00:00:00+00:00, run_after=2026-04-29 00:00:00+00:00
[2026-04-29T09:20:57.370+0300] {processor.py:183} INFO - Processing /mnt/d/airflow/airflow_project/airflow_venv/lib/python3.12/site-packages/airflow/example_dags/example_short_circuit_operator.py took 0.462 seconds
[2026-04-29T09:22:00.933+0300] {processor.py:161} INFO - Started process (PID=28895) to work on /mnt/d/airflow/airflow_project/airflow_venv/lib/python3.12/site-packages/airflow/example_dags/example_short_circuit_operator.py
[2026-04-29T09:22:00.935+0300] {processor.py:830} INFO - Processing file /mnt/d/airflow/airflow_project/airflow_venv/lib/python3.12/site-packages/airflow/example_dags/example_short_circuit_operator.py for tasks to queue
[2026-04-29T09:22:00.940+0300] {logging_mixin.py:188} INFO - [2026-04-29T09:22:00.938+0300] {dagbag.py:545} INFO - Filling up the DagBag from /mnt/d/airflow/airflow_project/airflow_venv/lib/python3.12/site-packages/airflow/example_dags/example_short_circuit_operator.py
[2026-04-29T09:22:00.981+0300] {processor.py:840} INFO - DAG(s) 'example_short_circuit_operator' retrieved from /mnt/d/airflow/airflow_project/airflow_venv/lib/python3.12/site-packages/airflow/example_dags/example_short_circuit_operator.py
[2026-04-29T09:22:01.015+0300] {logging_mixin.py:188} INFO - [2026-04-29T09:22:01.014+0300] {dag.py:3089} INFO - Sync 1 DAGs
[2026-04-29T09:22:01.039+0300] {logging_mixin.py:188} INFO - [2026-04-29T09:22:01.038+0300] {dag.py:3947} INFO - Setting next_dagrun for example_short_circuit_operator to 2026-04-28 00:00:00+00:00, run_after=2026-04-29 00:00:00+00:00
[2026-04-29T09:22:01.190+0300] {processor.py:183} INFO - Processing /mnt/d/airflow/airflow_project/airflow_venv/lib/python3.12/site-packages/airflow/example_dags/example_short_circuit_operator.py took 0.269 seconds
[2026-04-29T09:23:59.588+0300] {processor.py:161} INFO - Started process (PID=29589) to work on /mnt/d/airflow/airflow_project/airflow_venv/lib/python3.12/site-packages/airflow/example_dags/example_short_circuit_operator.py
[2026-04-29T09:23:59.593+0300] {processor.py:830} INFO - Processing file /mnt/d/airflow/airflow_project/airflow_venv/lib/python3.12/site-packages/airflow/example_dags/example_short_circuit_operator.py for tasks to queue
[2026-04-29T09:23:59.602+0300] {logging_mixin.py:188} INFO - [2026-04-29T09:23:59.598+0300] {dagbag.py:545} INFO - Filling up the DagBag from /mnt/d/airflow/airflow_project/airflow_venv/lib/python3.12/site-packages/airflow/example_dags/example_short_circuit_operator.py
[2026-04-29T09:23:59.678+0300] {processor.py:840} INFO - DAG(s) 'example_short_circuit_operator' retrieved from /mnt/d/airflow/airflow_project/airflow_venv/lib/python3.12/site-packages/airflow/example_dags/example_short_circuit_operator.py
[2026-04-29T09:23:59.763+0300] {logging_mixin.py:188} INFO - [2026-04-29T09:23:59.761+0300] {dag.py:3089} INFO - Sync 1 DAGs
[2026-04-29T09:23:59.812+0300] {logging_mixin.py:188} INFO - [2026-04-29T09:23:59.809+0300] {dag.py:3947} INFO - Setting next_dagrun for example_short_circuit_operator to 2026-04-28 00:00:00+00:00, run_after=2026-04-29 00:00:00+00:00
[2026-04-29T09:24:00.068+0300] {processor.py:183} INFO - Processing /mnt/d/airflow/airflow_project/airflow_venv/lib/python3.12/site-packages/airflow/example_dags/example_short_circuit_operator.py took 0.507 seconds
[2026-04-29T09:25:11.013+0300] {processor.py:161} INFO - Started process (PID=29988) to work on /mnt/d/airflow/airflow_project/airflow_venv/lib/python3.12/site-packages/airflow/example_dags/example_short_circuit_operator.py
[2026-04-29T09:25:11.018+0300] {processor.py:830} INFO - Processing file /mnt/d/airflow/airflow_project/airflow_venv/lib/python3.12/site-packages/airflow/example_dags/example_short_circuit_operator.py for tasks to queue
[2026-04-29T09:25:11.025+0300] {logging_mixin.py:188} INFO - [2026-04-29T09:25:11.022+0300] {dagbag.py:545} INFO - Filling up the DagBag from /mnt/d/airflow/airflow_project/airflow_venv/lib/python3.12/site-packages/airflow/example_dags/example_short_circuit_operator.py
[2026-04-29T09:25:11.089+0300] {processor.py:840} INFO - DAG(s) 'example_short_circuit_operator' retrieved from /mnt/d/airflow/airflow_project/airflow_venv/lib/python3.12/site-packages/airflow/example_dags/example_short_circuit_operator.py
[2026-04-29T09:25:11.138+0300] {logging_mixin.py:188} INFO - [2026-04-29T09:25:11.135+0300] {dag.py:3089} INFO - Sync 1 DAGs
[2026-04-29T09:25:11.199+0300] {logging_mixin.py:188} INFO - [2026-04-29T09:25:11.197+0300] {dag.py:3947} INFO - Setting next_dagrun for example_short_circuit_operator to 2026-04-28 00:00:00+00:00, run_after=2026-04-29 00:00:00+00:00
[2026-04-29T09:25:11.401+0300] {processor.py:183} INFO - Processing /mnt/d/airflow/airflow_project/airflow_venv/lib/python3.12/site-packages/airflow/example_dags/example_short_circuit_operator.py took 0.419 seconds
[2026-04-29T09:26:20.076+0300] {processor.py:161} INFO - Started process (PID=30377) to work on /mnt/d/airflow/airflow_project/airflow_venv/lib/python3.12/site-packages/airflow/example_dags/example_short_circuit_operator.py
[2026-04-29T09:26:20.081+0300] {processor.py:830} INFO - Processing file /mnt/d/airflow/airflow_project/airflow_venv/lib/python3.12/site-packages/airflow/example_dags/example_short_circuit_operator.py for tasks to queue
[2026-04-29T09:26:20.089+0300] {logging_mixin.py:188} INFO - [2026-04-29T09:26:20.086+0300] {dagbag.py:545} INFO - Filling up the DagBag from /mnt/d/airflow/airflow_project/airflow_venv/lib/python3.12/site-packages/airflow/example_dags/example_short_circuit_operator.py
[2026-04-29T09:26:20.181+0300] {processor.py:840} INFO - DAG(s) 'example_short_circuit_operator' retrieved from /mnt/d/airflow/airflow_project/airflow_venv/lib/python3.12/site-packages/airflow/example_dags/example_short_circuit_operator.py
[2026-04-29T09:26:20.255+0300] {logging_mixin.py:188} INFO - [2026-04-29T09:26:20.252+0300] {dag.py:3089} INFO - Sync 1 DAGs
[2026-04-29T09:26:20.324+0300] {logging_mixin.py:188} INFO - [2026-04-29T09:26:20.320+0300] {dag.py:3947} INFO - Setting next_dagrun for example_short_circuit_operator to 2026-04-28 00:00:00+00:00, run_after=2026-04-29 00:00:00+00:00
[2026-04-29T09:26:20.551+0300] {processor.py:183} INFO - Processing /mnt/d/airflow/airflow_project/airflow_venv/lib/python3.12/site-packages/airflow/example_dags/example_short_circuit_operator.py took 0.505 seconds
[2026-04-29T09:27:34.799+0300] {processor.py:161} INFO - Started process (PID=30792) to work on /mnt/d/airflow/airflow_project/airflow_venv/lib/python3.12/site-packages/airflow/example_dags/example_short_circuit_operator.py
[2026-04-29T09:27:34.803+0300] {processor.py:830} INFO - Processing file /mnt/d/airflow/airflow_project/airflow_venv/lib/python3.12/site-packages/airflow/example_dags/example_short_circuit_operator.py for tasks to queue
[2026-04-29T09:27:34.813+0300] {logging_mixin.py:188} INFO - [2026-04-29T09:27:34.809+0300] {dagbag.py:545} INFO - Filling up the DagBag from /mnt/d/airflow/airflow_project/airflow_venv/lib/python3.12/site-packages/airflow/example_dags/example_short_circuit_operator.py
[2026-04-29T09:27:34.886+0300] {processor.py:840} INFO - DAG(s) 'example_short_circuit_operator' retrieved from /mnt/d/airflow/airflow_project/airflow_venv/lib/python3.12/site-packages/airflow/example_dags/example_short_circuit_operator.py
[2026-04-29T09:27:34.961+0300] {logging_mixin.py:188} INFO - [2026-04-29T09:27:34.958+0300] {dag.py:3089} INFO - Sync 1 DAGs
[2026-04-29T09:27:35.028+0300] {logging_mixin.py:188} INFO - [2026-04-29T09:27:35.027+0300] {dag.py:3947} INFO - Setting next_dagrun for example_short_circuit_operator to 2026-04-28 00:00:00+00:00, run_after=2026-04-29 00:00:00+00:00
[2026-04-29T09:27:35.205+0300] {processor.py:183} INFO - Processing /mnt/d/airflow/airflow_project/airflow_venv/lib/python3.12/site-packages/airflow/example_dags/example_short_circuit_operator.py took 0.443 seconds
[2026-04-29T09:28:49.655+0300] {processor.py:161} INFO - Started process (PID=31222) to work on /mnt/d/airflow/airflow_project/airflow_venv/lib/python3.12/site-packages/airflow/example_dags/example_short_circuit_operator.py
[2026-04-29T09:28:49.659+0300] {processor.py:830} INFO - Processing file /mnt/d/airflow/airflow_project/airflow_venv/lib/python3.12/site-packages/airflow/example_dags/example_short_circuit_operator.py for tasks to queue
[2026-04-29T09:28:49.667+0300] {logging_mixin.py:188} INFO - [2026-04-29T09:28:49.664+0300] {dagbag.py:545} INFO - Filling up the DagBag from /mnt/d/airflow/airflow_project/airflow_venv/lib/python3.12/site-packages/airflow/example_dags/example_short_circuit_operator.py
[2026-04-29T09:28:49.749+0300] {processor.py:840} INFO - DAG(s) 'example_short_circuit_operator' retrieved from /mnt/d/airflow/airflow_project/airflow_venv/lib/python3.12/site-packages/airflow/example_dags/example_short_circuit_operator.py
[2026-04-29T09:28:49.816+0300] {logging_mixin.py:188} INFO - [2026-04-29T09:28:49.814+0300] {dag.py:3089} INFO - Sync 1 DAGs
[2026-04-29T09:28:49.881+0300] {logging_mixin.py:188} INFO - [2026-04-29T09:28:49.878+0300] {dag.py:3947} INFO - Setting next_dagrun for example_short_circuit_operator to 2026-04-28 00:00:00+00:00, run_after=2026-04-29 00:00:00+00:00
[2026-04-29T09:28:50.105+0300] {processor.py:183} INFO - Processing /mnt/d/airflow/airflow_project/airflow_venv/lib/python3.12/site-packages/airflow/example_dags/example_short_circuit_operator.py took 0.482 seconds
[2026-04-29T09:30:24.736+0300] {processor.py:161} INFO - Started process (PID=31783) to work on /mnt/d/airflow/airflow_project/airflow_venv/lib/python3.12/site-packages/airflow/example_dags/example_short_circuit_operator.py
[2026-04-29T09:30:24.740+0300] {processor.py:830} INFO - Processing file /mnt/d/airflow/airflow_project/airflow_venv/lib/python3.12/site-packages/airflow/example_dags/example_short_circuit_operator.py for tasks to queue
[2026-04-29T09:30:24.753+0300] {logging_mixin.py:188} INFO - [2026-04-29T09:30:24.751+0300] {dagbag.py:545} INFO - Filling up the DagBag from /mnt/d/airflow/airflow_project/airflow_venv/lib/python3.12/site-packages/airflow/example_dags/example_short_circuit_operator.py
[2026-04-29T09:30:24.840+0300] {processor.py:840} INFO - DAG(s) 'example_short_circuit_operator' retrieved from /mnt/d/airflow/airflow_project/airflow_venv/lib/python3.12/site-packages/airflow/example_dags/example_short_circuit_operator.py
[2026-04-29T09:30:24.927+0300] {logging_mixin.py:188} INFO - [2026-04-29T09:30:24.924+0300] {dag.py:3089} INFO - Sync 1 DAGs
[2026-04-29T09:30:24.972+0300] {logging_mixin.py:188} INFO - [2026-04-29T09:30:24.971+0300] {dag.py:3947} INFO - Setting next_dagrun for example_short_circuit_operator to 2026-04-28 00:00:00+00:00, run_after=2026-04-29 00:00:00+00:00
[2026-04-29T09:30:25.077+0300] {processor.py:183} INFO - Processing /mnt/d/airflow/airflow_project/airflow_venv/lib/python3.12/site-packages/airflow/example_dags/example_short_circuit_operator.py took 0.376 seconds
[2026-04-29T09:31:38.895+0300] {processor.py:161} INFO - Started process (PID=32232) to work on /mnt/d/airflow/airflow_project/airflow_venv/lib/python3.12/site-packages/airflow/example_dags/example_short_circuit_operator.py
[2026-04-29T09:31:38.897+0300] {processor.py:830} INFO - Processing file /mnt/d/airflow/airflow_project/airflow_venv/lib/python3.12/site-packages/airflow/example_dags/example_short_circuit_operator.py for tasks to queue
[2026-04-29T09:31:38.914+0300] {logging_mixin.py:188} INFO - [2026-04-29T09:31:38.913+0300] {dagbag.py:545} INFO - Filling up the DagBag from /mnt/d/airflow/airflow_project/airflow_venv/lib/python3.12/site-packages/airflow/example_dags/example_short_circuit_operator.py
[2026-04-29T09:31:38.934+0300] {processor.py:840} INFO - DAG(s) 'example_short_circuit_operator' retrieved from /mnt/d/airflow/airflow_project/airflow_venv/lib/python3.12/site-packages/airflow/example_dags/example_short_circuit_operator.py
[2026-04-29T09:31:38.961+0300] {logging_mixin.py:188} INFO - [2026-04-29T09:31:38.960+0300] {dag.py:3089} INFO - Sync 1 DAGs
[2026-04-29T09:31:38.980+0300] {logging_mixin.py:188} INFO - [2026-04-29T09:31:38.980+0300] {dag.py:3947} INFO - Setting next_dagrun for example_short_circuit_operator to 2026-04-28 00:00:00+00:00, run_after=2026-04-29 00:00:00+00:00
[2026-04-29T09:31:39.045+0300] {processor.py:183} INFO - Processing /mnt/d/airflow/airflow_project/airflow_venv/lib/python3.12/site-packages/airflow/example_dags/example_short_circuit_operator.py took 0.173 seconds
[2026-04-29T09:32:47.783+0300] {processor.py:161} INFO - Started process (PID=32635) to work on /mnt/d/airflow/airflow_project/airflow_venv/lib/python3.12/site-packages/airflow/example_dags/example_short_circuit_operator.py
[2026-04-29T09:32:47.786+0300] {processor.py:830} INFO - Processing file /mnt/d/airflow/airflow_project/airflow_venv/lib/python3.12/site-packages/airflow/example_dags/example_short_circuit_operator.py for tasks to queue
[2026-04-29T09:32:47.791+0300] {logging_mixin.py:188} INFO - [2026-04-29T09:32:47.788+0300] {dagbag.py:545} INFO - Filling up the DagBag from /mnt/d/airflow/airflow_project/airflow_venv/lib/python3.12/site-packages/airflow/example_dags/example_short_circuit_operator.py
[2026-04-29T09:32:47.864+0300] {processor.py:840} INFO - DAG(s) 'example_short_circuit_operator' retrieved from /mnt/d/airflow/airflow_project/airflow_venv/lib/python3.12/site-packages/airflow/example_dags/example_short_circuit_operator.py
[2026-04-29T09:32:47.943+0300] {logging_mixin.py:188} INFO - [2026-04-29T09:32:47.940+0300] {dag.py:3089} INFO - Sync 1 DAGs
[2026-04-29T09:32:48.012+0300] {logging_mixin.py:188} INFO - [2026-04-29T09:32:48.009+0300] {dag.py:3947} INFO - Setting next_dagrun for example_short_circuit_operator to 2026-04-28 00:00:00+00:00, run_after=2026-04-29 00:00:00+00:00
[2026-04-29T09:32:48.200+0300] {processor.py:183} INFO - Processing /mnt/d/airflow/airflow_project/airflow_venv/lib/python3.12/site-packages/airflow/example_dags/example_short_circuit_operator.py took 0.446 seconds
[2026-04-29T09:34:00.682+0300] {processor.py:161} INFO - Started process (PID=33070) to work on /mnt/d/airflow/airflow_project/airflow_venv/lib/python3.12/site-packages/airflow/example_dags/example_short_circuit_operator.py
[2026-04-29T09:34:00.691+0300] {processor.py:830} INFO - Processing file /mnt/d/airflow/airflow_project/airflow_venv/lib/python3.12/site-packages/airflow/example_dags/example_short_circuit_operator.py for tasks to queue
[2026-04-29T09:34:00.696+0300] {logging_mixin.py:188} INFO - [2026-04-29T09:34:00.694+0300] {dagbag.py:545} INFO - Filling up the DagBag from /mnt/d/airflow/airflow_project/airflow_venv/lib/python3.12/site-packages/airflow/example_dags/example_short_circuit_operator.py
[2026-04-29T09:34:00.763+0300] {processor.py:840} INFO - DAG(s) 'example_short_circuit_operator' retrieved from /mnt/d/airflow/airflow_project/airflow_venv/lib/python3.12/site-packages/airflow/example_dags/example_short_circuit_operator.py
[2026-04-29T09:34:00.826+0300] {logging_mixin.py:188} INFO - [2026-04-29T09:34:00.824+0300] {dag.py:3089} INFO - Sync 1 DAGs
[2026-04-29T09:34:00.890+0300] {logging_mixin.py:188} INFO - [2026-04-29T09:34:00.887+0300] {dag.py:3947} INFO - Setting next_dagrun for example_short_circuit_operator to 2026-04-28 00:00:00+00:00, run_after=2026-04-29 00:00:00+00:00
[2026-04-29T09:34:01.091+0300] {processor.py:183} INFO - Processing /mnt/d/airflow/airflow_project/airflow_venv/lib/python3.12/site-packages/airflow/example_dags/example_short_circuit_operator.py took 0.440 seconds
[2026-04-29T09:35:12.610+0300] {processor.py:161} INFO - Started process (PID=33478) to work on /mnt/d/airflow/airflow_project/airflow_venv/lib/python3.12/site-packages/airflow/example_dags/example_short_circuit_operator.py
[2026-04-29T09:35:12.614+0300] {processor.py:830} INFO - Processing file /mnt/d/airflow/airflow_project/airflow_venv/lib/python3.12/site-packages/airflow/example_dags/example_short_circuit_operator.py for tasks to queue
[2026-04-29T09:35:12.622+0300] {logging_mixin.py:188} INFO - [2026-04-29T09:35:12.618+0300] {dagbag.py:545} INFO - Filling up the DagBag from /mnt/d/airflow/airflow_project/airflow_venv/lib/python3.12/site-packages/airflow/example_dags/example_short_circuit_operator.py
[2026-04-29T09:35:12.699+0300] {processor.py:840} INFO - DAG(s) 'example_short_circuit_operator' retrieved from /mnt/d/airflow/airflow_project/airflow_venv/lib/python3.12/site-packages/airflow/example_dags/example_short_circuit_operator.py
[2026-04-29T09:35:12.742+0300] {logging_mixin.py:188} INFO - [2026-04-29T09:35:12.740+0300] {dag.py:3089} INFO - Sync 1 DAGs
[2026-04-29T09:35:12.777+0300] {logging_mixin.py:188} INFO - [2026-04-29T09:35:12.776+0300] {dag.py:3947} INFO - Setting next_dagrun for example_short_circuit_operator to 2026-04-28 00:00:00+00:00, run_after=2026-04-29 00:00:00+00:00
[2026-04-29T09:35:12.876+0300] {processor.py:183} INFO - Processing /mnt/d/airflow/airflow_project/airflow_venv/lib/python3.12/site-packages/airflow/example_dags/example_short_circuit_operator.py took 0.309 seconds
[2026-04-29T09:36:15.542+0300] {processor.py:161} INFO - Started process (PID=33880) to work on /mnt/d/airflow/airflow_project/airflow_venv/lib/python3.12/site-packages/airflow/example_dags/example_short_circuit_operator.py
[2026-04-29T09:36:15.546+0300] {processor.py:830} INFO - Processing file /mnt/d/airflow/airflow_project/airflow_venv/lib/python3.12/site-packages/airflow/example_dags/example_short_circuit_operator.py for tasks to queue
[2026-04-29T09:36:15.553+0300] {logging_mixin.py:188} INFO - [2026-04-29T09:36:15.550+0300] {dagbag.py:545} INFO - Filling up the DagBag from /mnt/d/airflow/airflow_project/airflow_venv/lib/python3.12/site-packages/airflow/example_dags/example_short_circuit_operator.py
[2026-04-29T09:36:15.612+0300] {processor.py:840} INFO - DAG(s) 'example_short_circuit_operator' retrieved from /mnt/d/airflow/airflow_project/airflow_venv/lib/python3.12/site-packages/airflow/example_dags/example_short_circuit_operator.py
[2026-04-29T09:36:15.684+0300] {logging_mixin.py:188} INFO - [2026-04-29T09:36:15.682+0300] {dag.py:3089} INFO - Sync 1 DAGs
[2026-04-29T09:36:15.751+0300] {logging_mixin.py:188} INFO - [2026-04-29T09:36:15.749+0300] {dag.py:3947} INFO - Setting next_dagrun for example_short_circuit_operator to 2026-04-28 00:00:00+00:00, run_after=2026-04-29 00:00:00+00:00
[2026-04-29T09:36:15.884+0300] {processor.py:183} INFO - Processing /mnt/d/airflow/airflow_project/airflow_venv/lib/python3.12/site-packages/airflow/example_dags/example_short_circuit_operator.py took 0.369 seconds
[2026-04-29T09:38:15.494+0300] {processor.py:161} INFO - Started process (PID=34623) to work on /mnt/d/airflow/airflow_project/airflow_venv/lib/python3.12/site-packages/airflow/example_dags/example_short_circuit_operator.py
[2026-04-29T09:38:15.499+0300] {processor.py:830} INFO - Processing file /mnt/d/airflow/airflow_project/airflow_venv/lib/python3.12/site-packages/airflow/example_dags/example_short_circuit_operator.py for tasks to queue
[2026-04-29T09:38:15.508+0300] {logging_mixin.py:188} INFO - [2026-04-29T09:38:15.504+0300] {dagbag.py:545} INFO - Filling up the DagBag from /mnt/d/airflow/airflow_project/airflow_venv/lib/python3.12/site-packages/airflow/example_dags/example_short_circuit_operator.py
[2026-04-29T09:38:15.604+0300] {processor.py:840} INFO - DAG(s) 'example_short_circuit_operator' retrieved from /mnt/d/airflow/airflow_project/airflow_venv/lib/python3.12/site-packages/airflow/example_dags/example_short_circuit_operator.py
[2026-04-29T09:38:15.711+0300] {logging_mixin.py:188} INFO - [2026-04-29T09:38:15.708+0300] {dag.py:3089} INFO - Sync 1 DAGs
[2026-04-29T09:38:15.773+0300] {logging_mixin.py:188} INFO - [2026-04-29T09:38:15.771+0300] {dag.py:3947} INFO - Setting next_dagrun for example_short_circuit_operator to 2026-04-28 00:00:00+00:00, run_after=2026-04-29 00:00:00+00:00
[2026-04-29T09:38:15.895+0300] {processor.py:183} INFO - Processing /mnt/d/airflow/airflow_project/airflow_venv/lib/python3.12/site-packages/airflow/example_dags/example_short_circuit_operator.py took 0.448 seconds
[2026-04-29T09:39:24.147+0300] {processor.py:161} INFO - Started process (PID=35036) to work on /mnt/d/airflow/airflow_project/airflow_venv/lib/python3.12/site-packages/airflow/example_dags/example_short_circuit_operator.py
[2026-04-29T09:39:24.152+0300] {processor.py:830} INFO - Processing file /mnt/d/airflow/airflow_project/airflow_venv/lib/python3.12/site-packages/airflow/example_dags/example_short_circuit_operator.py for tasks to queue
[2026-04-29T09:39:24.160+0300] {logging_mixin.py:188} INFO - [2026-04-29T09:39:24.157+0300] {dagbag.py:545} INFO - Filling up the DagBag from /mnt/d/airflow/airflow_project/airflow_venv/lib/python3.12/site-packages/airflow/example_dags/example_short_circuit_operator.py
[2026-04-29T09:39:24.221+0300] {processor.py:840} INFO - DAG(s) 'example_short_circuit_operator' retrieved from /mnt/d/airflow/airflow_project/airflow_venv/lib/python3.12/site-packages/airflow/example_dags/example_short_circuit_operator.py
[2026-04-29T09:39:24.278+0300] {logging_mixin.py:188} INFO - [2026-04-29T09:39:24.277+0300] {dag.py:3089} INFO - Sync 1 DAGs
[2026-04-29T09:39:24.320+0300] {logging_mixin.py:188} INFO - [2026-04-29T09:39:24.318+0300] {dag.py:3947} INFO - Setting next_dagrun for example_short_circuit_operator to 2026-04-28 00:00:00+00:00, run_after=2026-04-29 00:00:00+00:00
[2026-04-29T09:39:24.478+0300] {processor.py:183} INFO - Processing /mnt/d/airflow/airflow_project/airflow_venv/lib/python3.12/site-packages/airflow/example_dags/example_short_circuit_operator.py took 0.365 seconds
[2026-04-29T09:41:16.913+0300] {processor.py:161} INFO - Started process (PID=35684) to work on /mnt/d/airflow/airflow_project/airflow_venv/lib/python3.12/site-packages/airflow/example_dags/example_short_circuit_operator.py
[2026-04-29T09:41:16.919+0300] {processor.py:830} INFO - Processing file /mnt/d/airflow/airflow_project/airflow_venv/lib/python3.12/site-packages/airflow/example_dags/example_short_circuit_operator.py for tasks to queue
[2026-04-29T09:41:16.930+0300] {logging_mixin.py:188} INFO - [2026-04-29T09:41:16.925+0300] {dagbag.py:545} INFO - Filling up the DagBag from /mnt/d/airflow/airflow_project/airflow_venv/lib/python3.12/site-packages/airflow/example_dags/example_short_circuit_operator.py
[2026-04-29T09:41:17.016+0300] {processor.py:840} INFO - DAG(s) 'example_short_circuit_operator' retrieved from /mnt/d/airflow/airflow_project/airflow_venv/lib/python3.12/site-packages/airflow/example_dags/example_short_circuit_operator.py
[2026-04-29T09:41:17.089+0300] {logging_mixin.py:188} INFO - [2026-04-29T09:41:17.084+0300] {dag.py:3089} INFO - Sync 1 DAGs
[2026-04-29T09:41:17.139+0300] {logging_mixin.py:188} INFO - [2026-04-29T09:41:17.138+0300] {dag.py:3947} INFO - Setting next_dagrun for example_short_circuit_operator to 2026-04-28 00:00:00+00:00, run_after=2026-04-29 00:00:00+00:00
[2026-04-29T09:41:17.284+0300] {processor.py:183} INFO - Processing /mnt/d/airflow/airflow_project/airflow_venv/lib/python3.12/site-packages/airflow/example_dags/example_short_circuit_operator.py took 0.407 seconds
[2026-04-29T09:42:27.380+0300] {processor.py:161} INFO - Started process (PID=36065) to work on /mnt/d/airflow/airflow_project/airflow_venv/lib/python3.12/site-packages/airflow/example_dags/example_short_circuit_operator.py
[2026-04-29T09:42:27.384+0300] {processor.py:830} INFO - Processing file /mnt/d/airflow/airflow_project/airflow_venv/lib/python3.12/site-packages/airflow/example_dags/example_short_circuit_operator.py for tasks to queue
[2026-04-29T09:42:27.391+0300] {logging_mixin.py:188} INFO - [2026-04-29T09:42:27.388+0300] {dagbag.py:545} INFO - Filling up the DagBag from /mnt/d/airflow/airflow_project/airflow_venv/lib/python3.12/site-packages/airflow/example_dags/example_short_circuit_operator.py
[2026-04-29T09:42:27.450+0300] {processor.py:840} INFO - DAG(s) 'example_short_circuit_operator' retrieved from /mnt/d/airflow/airflow_project/airflow_venv/lib/python3.12/site-packages/airflow/example_dags/example_short_circuit_operator.py
[2026-04-29T09:42:27.499+0300] {logging_mixin.py:188} INFO - [2026-04-29T09:42:27.498+0300] {dag.py:3089} INFO - Sync 1 DAGs
[2026-04-29T09:42:27.558+0300] {logging_mixin.py:188} INFO - [2026-04-29T09:42:27.556+0300] {dag.py:3947} INFO - Setting next_dagrun for example_short_circuit_operator to 2026-04-28 00:00:00+00:00, run_after=2026-04-29 00:00:00+00:00
[2026-04-29T09:42:27.710+0300] {processor.py:183} INFO - Processing /mnt/d/airflow/airflow_project/airflow_venv/lib/python3.12/site-packages/airflow/example_dags/example_short_circuit_operator.py took 0.360 seconds
[2026-04-29T09:43:34.936+0300] {processor.py:161} INFO - Started process (PID=36497) to work on /mnt/d/airflow/airflow_project/airflow_venv/lib/python3.12/site-packages/airflow/example_dags/example_short_circuit_operator.py
[2026-04-29T09:43:34.939+0300] {processor.py:830} INFO - Processing file /mnt/d/airflow/airflow_project/airflow_venv/lib/python3.12/site-packages/airflow/example_dags/example_short_circuit_operator.py for tasks to queue
[2026-04-29T09:43:34.943+0300] {logging_mixin.py:188} INFO - [2026-04-29T09:43:34.941+0300] {dagbag.py:545} INFO - Filling up the DagBag from /mnt/d/airflow/airflow_project/airflow_venv/lib/python3.12/site-packages/airflow/example_dags/example_short_circuit_operator.py
[2026-04-29T09:43:34.964+0300] {processor.py:840} INFO - DAG(s) 'example_short_circuit_operator' retrieved from /mnt/d/airflow/airflow_project/airflow_venv/lib/python3.12/site-packages/airflow/example_dags/example_short_circuit_operator.py
[2026-04-29T09:43:36.629+0300] {logging_mixin.py:188} INFO - [2026-04-29T09:43:36.628+0300] {dag.py:3089} INFO - Sync 1 DAGs
[2026-04-29T09:43:36.660+0300] {logging_mixin.py:188} INFO - [2026-04-29T09:43:36.659+0300] {dag.py:3947} INFO - Setting next_dagrun for example_short_circuit_operator to 2026-04-28 00:00:00+00:00, run_after=2026-04-29 00:00:00+00:00
[2026-04-29T09:43:36.782+0300] {processor.py:183} INFO - Processing /mnt/d/airflow/airflow_project/airflow_venv/lib/python3.12/site-packages/airflow/example_dags/example_short_circuit_operator.py took 1.863 seconds
[2026-04-29T09:46:34.209+0300] {processor.py:161} INFO - Started process (PID=37517) to work on /mnt/d/airflow/airflow_project/airflow_venv/lib/python3.12/site-packages/airflow/example_dags/example_short_circuit_operator.py
[2026-04-29T09:46:34.214+0300] {processor.py:830} INFO - Processing file /mnt/d/airflow/airflow_project/airflow_venv/lib/python3.12/site-packages/airflow/example_dags/example_short_circuit_operator.py for tasks to queue
[2026-04-29T09:46:34.221+0300] {logging_mixin.py:188} INFO - [2026-04-29T09:46:34.218+0300] {dagbag.py:545} INFO - Filling up the DagBag from /mnt/d/airflow/airflow_project/airflow_venv/lib/python3.12/site-packages/airflow/example_dags/example_short_circuit_operator.py
[2026-04-29T09:46:34.283+0300] {processor.py:840} INFO - DAG(s) 'example_short_circuit_operator' retrieved from /mnt/d/airflow/airflow_project/airflow_venv/lib/python3.12/site-packages/airflow/example_dags/example_short_circuit_operator.py
[2026-04-29T09:46:34.352+0300] {logging_mixin.py:188} INFO - [2026-04-29T09:46:34.348+0300] {dag.py:3089} INFO - Sync 1 DAGs
[2026-04-29T09:46:34.411+0300] {logging_mixin.py:188} INFO - [2026-04-29T09:46:34.409+0300] {dag.py:3947} INFO - Setting next_dagrun for example_short_circuit_operator to 2026-04-28 00:00:00+00:00, run_after=2026-04-29 00:00:00+00:00
[2026-04-29T09:46:34.614+0300] {processor.py:183} INFO - Processing /mnt/d/airflow/airflow_project/airflow_venv/lib/python3.12/site-packages/airflow/example_dags/example_short_circuit_operator.py took 0.440 seconds
[2026-04-29T09:48:15.575+0300] {processor.py:161} INFO - Started process (PID=38077) to work on /mnt/d/airflow/airflow_project/airflow_venv/lib/python3.12/site-packages/airflow/example_dags/example_short_circuit_operator.py
[2026-04-29T09:48:15.579+0300] {processor.py:830} INFO - Processing file /mnt/d/airflow/airflow_project/airflow_venv/lib/python3.12/site-packages/airflow/example_dags/example_short_circuit_operator.py for tasks to queue
[2026-04-29T09:48:15.586+0300] {logging_mixin.py:188} INFO - [2026-04-29T09:48:15.584+0300] {dagbag.py:545} INFO - Filling up the DagBag from /mnt/d/airflow/airflow_project/airflow_venv/lib/python3.12/site-packages/airflow/example_dags/example_short_circuit_operator.py
[2026-04-29T09:48:15.636+0300] {processor.py:840} INFO - DAG(s) 'example_short_circuit_operator' retrieved from /mnt/d/airflow/airflow_project/airflow_venv/lib/python3.12/site-packages/airflow/example_dags/example_short_circuit_operator.py
[2026-04-29T09:48:15.707+0300] {logging_mixin.py:188} INFO - [2026-04-29T09:48:15.704+0300] {dag.py:3089} INFO - Sync 1 DAGs
[2026-04-29T09:48:15.760+0300] {logging_mixin.py:188} INFO - [2026-04-29T09:48:15.759+0300] {dag.py:3947} INFO - Setting next_dagrun for example_short_circuit_operator to 2026-04-28 00:00:00+00:00, run_after=2026-04-29 00:00:00+00:00
[2026-04-29T09:48:15.863+0300] {processor.py:183} INFO - Processing /mnt/d/airflow/airflow_project/airflow_venv/lib/python3.12/site-packages/airflow/example_dags/example_short_circuit_operator.py took 0.319 seconds
[2026-04-29T09:49:30.433+0300] {processor.py:161} INFO - Started process (PID=38503) to work on /mnt/d/airflow/airflow_project/airflow_venv/lib/python3.12/site-packages/airflow/example_dags/example_short_circuit_operator.py
[2026-04-29T09:49:30.437+0300] {processor.py:830} INFO - Processing file /mnt/d/airflow/airflow_project/airflow_venv/lib/python3.12/site-packages/airflow/example_dags/example_short_circuit_operator.py for tasks to queue
[2026-04-29T09:49:30.442+0300] {logging_mixin.py:188} INFO - [2026-04-29T09:49:30.441+0300] {dagbag.py:545} INFO - Filling up the DagBag from /mnt/d/airflow/airflow_project/airflow_venv/lib/python3.12/site-packages/airflow/example_dags/example_short_circuit_operator.py
[2026-04-29T09:49:30.481+0300] {processor.py:840} INFO - DAG(s) 'example_short_circuit_operator' retrieved from /mnt/d/airflow/airflow_project/airflow_venv/lib/python3.12/site-packages/airflow/example_dags/example_short_circuit_operator.py
[2026-04-29T09:49:30.534+0300] {logging_mixin.py:188} INFO - [2026-04-29T09:49:30.532+0300] {dag.py:3089} INFO - Sync 1 DAGs
[2026-04-29T09:49:30.581+0300] {logging_mixin.py:188} INFO - [2026-04-29T09:49:30.580+0300] {dag.py:3947} INFO - Setting next_dagrun for example_short_circuit_operator to 2026-04-28 00:00:00+00:00, run_after=2026-04-29 00:00:00+00:00
[2026-04-29T09:49:30.728+0300] {processor.py:183} INFO - Processing /mnt/d/airflow/airflow_project/airflow_venv/lib/python3.12/site-packages/airflow/example_dags/example_short_circuit_operator.py took 0.316 seconds
[2026-04-29T09:50:38.018+0300] {processor.py:161} INFO - Started process (PID=38885) to work on /mnt/d/airflow/airflow_project/airflow_venv/lib/python3.12/site-packages/airflow/example_dags/example_short_circuit_operator.py
[2026-04-29T09:50:38.021+0300] {processor.py:830} INFO - Processing file /mnt/d/airflow/airflow_project/airflow_venv/lib/python3.12/site-packages/airflow/example_dags/example_short_circuit_operator.py for tasks to queue
[2026-04-29T09:50:38.026+0300] {logging_mixin.py:188} INFO - [2026-04-29T09:50:38.024+0300] {dagbag.py:545} INFO - Filling up the DagBag from /mnt/d/airflow/airflow_project/airflow_venv/lib/python3.12/site-packages/airflow/example_dags/example_short_circuit_operator.py
[2026-04-29T09:50:38.071+0300] {processor.py:840} INFO - DAG(s) 'example_short_circuit_operator' retrieved from /mnt/d/airflow/airflow_project/airflow_venv/lib/python3.12/site-packages/airflow/example_dags/example_short_circuit_operator.py
[2026-04-29T09:50:38.122+0300] {logging_mixin.py:188} INFO - [2026-04-29T09:50:38.120+0300] {dag.py:3089} INFO - Sync 1 DAGs
[2026-04-29T09:50:38.157+0300] {logging_mixin.py:188} INFO - [2026-04-29T09:50:38.155+0300] {dag.py:3947} INFO - Setting next_dagrun for example_short_circuit_operator to 2026-04-28 00:00:00+00:00, run_after=2026-04-29 00:00:00+00:00
[2026-04-29T09:50:38.331+0300] {processor.py:183} INFO - Processing /mnt/d/airflow/airflow_project/airflow_venv/lib/python3.12/site-packages/airflow/example_dags/example_short_circuit_operator.py took 0.338 seconds
[2026-04-29T09:51:49.517+0300] {processor.py:161} INFO - Started process (PID=39303) to work on /mnt/d/airflow/airflow_project/airflow_venv/lib/python3.12/site-packages/airflow/example_dags/example_short_circuit_operator.py
[2026-04-29T09:51:49.521+0300] {processor.py:830} INFO - Processing file /mnt/d/airflow/airflow_project/airflow_venv/lib/python3.12/site-packages/airflow/example_dags/example_short_circuit_operator.py for tasks to queue
[2026-04-29T09:51:49.527+0300] {logging_mixin.py:188} INFO - [2026-04-29T09:51:49.525+0300] {dagbag.py:545} INFO - Filling up the DagBag from /mnt/d/airflow/airflow_project/airflow_venv/lib/python3.12/site-packages/airflow/example_dags/example_short_circuit_operator.py
[2026-04-29T09:51:49.573+0300] {processor.py:840} INFO - DAG(s) 'example_short_circuit_operator' retrieved from /mnt/d/airflow/airflow_project/airflow_venv/lib/python3.12/site-packages/airflow/example_dags/example_short_circuit_operator.py
[2026-04-29T09:51:49.625+0300] {logging_mixin.py:188} INFO - [2026-04-29T09:51:49.623+0300] {dag.py:3089} INFO - Sync 1 DAGs
[2026-04-29T09:51:49.668+0300] {logging_mixin.py:188} INFO - [2026-04-29T09:51:49.666+0300] {dag.py:3947} INFO - Setting next_dagrun for example_short_circuit_operator to 2026-04-28 00:00:00+00:00, run_after=2026-04-29 00:00:00+00:00
[2026-04-29T09:51:49.965+0300] {processor.py:183} INFO - Processing /mnt/d/airflow/airflow_project/airflow_venv/lib/python3.12/site-packages/airflow/example_dags/example_short_circuit_operator.py took 0.473 seconds
[2026-04-29T09:56:01.579+0300] {processor.py:161} INFO - Started process (PID=40734) to work on /mnt/d/airflow/airflow_project/airflow_venv/lib/python3.12/site-packages/airflow/example_dags/example_short_circuit_operator.py
[2026-04-29T09:56:01.584+0300] {processor.py:830} INFO - Processing file /mnt/d/airflow/airflow_project/airflow_venv/lib/python3.12/site-packages/airflow/example_dags/example_short_circuit_operator.py for tasks to queue
[2026-04-29T09:56:01.593+0300] {logging_mixin.py:188} INFO - [2026-04-29T09:56:01.590+0300] {dagbag.py:545} INFO - Filling up the DagBag from /mnt/d/airflow/airflow_project/airflow_venv/lib/python3.12/site-packages/airflow/example_dags/example_short_circuit_operator.py
[2026-04-29T09:56:01.666+0300] {processor.py:840} INFO - DAG(s) 'example_short_circuit_operator' retrieved from /mnt/d/airflow/airflow_project/airflow_venv/lib/python3.12/site-packages/airflow/example_dags/example_short_circuit_operator.py
[2026-04-29T09:56:01.737+0300] {logging_mixin.py:188} INFO - [2026-04-29T09:56:01.734+0300] {dag.py:3089} INFO - Sync 1 DAGs
[2026-04-29T09:56:01.786+0300] {logging_mixin.py:188} INFO - [2026-04-29T09:56:01.784+0300] {dag.py:3947} INFO - Setting next_dagrun for example_short_circuit_operator to 2026-04-28 00:00:00+00:00, run_after=2026-04-29 00:00:00+00:00
[2026-04-29T09:56:01.903+0300] {processor.py:183} INFO - Processing /mnt/d/airflow/airflow_project/airflow_venv/lib/python3.12/site-packages/airflow/example_dags/example_short_circuit_operator.py took 0.356 seconds
[2026-04-29T09:58:58.576+0300] {processor.py:161} INFO - Started process (PID=41753) to work on /mnt/d/airflow/airflow_project/airflow_venv/lib/python3.12/site-packages/airflow/example_dags/example_short_circuit_operator.py
[2026-04-29T09:58:58.579+0300] {processor.py:830} INFO - Processing file /mnt/d/airflow/airflow_project/airflow_venv/lib/python3.12/site-packages/airflow/example_dags/example_short_circuit_operator.py for tasks to queue
[2026-04-29T09:58:58.592+0300] {logging_mixin.py:188} INFO - [2026-04-29T09:58:58.585+0300] {dagbag.py:545} INFO - Filling up the DagBag from /mnt/d/airflow/airflow_project/airflow_venv/lib/python3.12/site-packages/airflow/example_dags/example_short_circuit_operator.py
[2026-04-29T09:58:58.684+0300] {processor.py:840} INFO - DAG(s) 'example_short_circuit_operator' retrieved from /mnt/d/airflow/airflow_project/airflow_venv/lib/python3.12/site-packages/airflow/example_dags/example_short_circuit_operator.py
[2026-04-29T09:58:58.757+0300] {logging_mixin.py:188} INFO - [2026-04-29T09:58:58.755+0300] {dag.py:3089} INFO - Sync 1 DAGs
[2026-04-29T09:58:58.818+0300] {logging_mixin.py:188} INFO - [2026-04-29T09:58:58.817+0300] {dag.py:3947} INFO - Setting next_dagrun for example_short_circuit_operator to 2026-04-28 00:00:00+00:00, run_after=2026-04-29 00:00:00+00:00
[2026-04-29T09:58:59.014+0300] {processor.py:183} INFO - Processing /mnt/d/airflow/airflow_project/airflow_venv/lib/python3.12/site-packages/airflow/example_dags/example_short_circuit_operator.py took 0.464 seconds
[2026-04-29T10:00:36.865+0300] {processor.py:161} INFO - Started process (PID=42290) to work on /mnt/d/airflow/airflow_project/airflow_venv/lib/python3.12/site-packages/airflow/example_dags/example_short_circuit_operator.py
[2026-04-29T10:00:36.868+0300] {processor.py:830} INFO - Processing file /mnt/d/airflow/airflow_project/airflow_venv/lib/python3.12/site-packages/airflow/example_dags/example_short_circuit_operator.py for tasks to queue
[2026-04-29T10:00:36.879+0300] {logging_mixin.py:188} INFO - [2026-04-29T10:00:36.878+0300] {dagbag.py:545} INFO - Filling up the DagBag from /mnt/d/airflow/airflow_project/airflow_venv/lib/python3.12/site-packages/airflow/example_dags/example_short_circuit_operator.py
[2026-04-29T10:00:36.931+0300] {processor.py:840} INFO - DAG(s) 'example_short_circuit_operator' retrieved from /mnt/d/airflow/airflow_project/airflow_venv/lib/python3.12/site-packages/airflow/example_dags/example_short_circuit_operator.py
[2026-04-29T10:00:36.979+0300] {logging_mixin.py:188} INFO - [2026-04-29T10:00:36.978+0300] {dag.py:3089} INFO - Sync 1 DAGs
[2026-04-29T10:00:37.122+0300] {logging_mixin.py:188} INFO - [2026-04-29T10:00:37.120+0300] {dag.py:3947} INFO - Setting next_dagrun for example_short_circuit_operator to 2026-04-28 00:00:00+00:00, run_after=2026-04-29 00:00:00+00:00
[2026-04-29T10:00:37.254+0300] {processor.py:183} INFO - Processing /mnt/d/airflow/airflow_project/airflow_venv/lib/python3.12/site-packages/airflow/example_dags/example_short_circuit_operator.py took 0.406 seconds
[2026-04-29T10:02:51.269+0300] {processor.py:161} INFO - Started process (PID=43014) to work on /mnt/d/airflow/airflow_project/airflow_venv/lib/python3.12/site-packages/airflow/example_dags/example_short_circuit_operator.py
[2026-04-29T10:02:51.280+0300] {processor.py:830} INFO - Processing file /mnt/d/airflow/airflow_project/airflow_venv/lib/python3.12/site-packages/airflow/example_dags/example_short_circuit_operator.py for tasks to queue
[2026-04-29T10:02:51.289+0300] {logging_mixin.py:188} INFO - [2026-04-29T10:02:51.286+0300] {dagbag.py:545} INFO - Filling up the DagBag from /mnt/d/airflow/airflow_project/airflow_venv/lib/python3.12/site-packages/airflow/example_dags/example_short_circuit_operator.py
[2026-04-29T10:02:51.359+0300] {processor.py:840} INFO - DAG(s) 'example_short_circuit_operator' retrieved from /mnt/d/airflow/airflow_project/airflow_venv/lib/python3.12/site-packages/airflow/example_dags/example_short_circuit_operator.py
[2026-04-29T10:02:51.425+0300] {logging_mixin.py:188} INFO - [2026-04-29T10:02:51.422+0300] {dag.py:3089} INFO - Sync 1 DAGs
[2026-04-29T10:02:51.468+0300] {logging_mixin.py:188} INFO - [2026-04-29T10:02:51.466+0300] {dag.py:3947} INFO - Setting next_dagrun for example_short_circuit_operator to 2026-04-28 00:00:00+00:00, run_after=2026-04-29 00:00:00+00:00
[2026-04-29T10:02:51.594+0300] {processor.py:183} INFO - Processing /mnt/d/airflow/airflow_project/airflow_venv/lib/python3.12/site-packages/airflow/example_dags/example_short_circuit_operator.py took 0.367 seconds
[2026-04-29T10:04:34.047+0300] {processor.py:161} INFO - Started process (PID=43618) to work on /mnt/d/airflow/airflow_project/airflow_venv/lib/python3.12/site-packages/airflow/example_dags/example_short_circuit_operator.py
[2026-04-29T10:04:34.051+0300] {processor.py:830} INFO - Processing file /mnt/d/airflow/airflow_project/airflow_venv/lib/python3.12/site-packages/airflow/example_dags/example_short_circuit_operator.py for tasks to queue
[2026-04-29T10:04:34.060+0300] {logging_mixin.py:188} INFO - [2026-04-29T10:04:34.056+0300] {dagbag.py:545} INFO - Filling up the DagBag from /mnt/d/airflow/airflow_project/airflow_venv/lib/python3.12/site-packages/airflow/example_dags/example_short_circuit_operator.py
[2026-04-29T10:04:34.123+0300] {processor.py:840} INFO - DAG(s) 'example_short_circuit_operator' retrieved from /mnt/d/airflow/airflow_project/airflow_venv/lib/python3.12/site-packages/airflow/example_dags/example_short_circuit_operator.py
[2026-04-29T10:04:34.190+0300] {logging_mixin.py:188} INFO - [2026-04-29T10:04:34.187+0300] {dag.py:3089} INFO - Sync 1 DAGs
[2026-04-29T10:04:34.384+0300] {logging_mixin.py:188} INFO - [2026-04-29T10:04:34.381+0300] {dag.py:3947} INFO - Setting next_dagrun for example_short_circuit_operator to 2026-04-28 00:00:00+00:00, run_after=2026-04-29 00:00:00+00:00
[2026-04-29T10:04:34.551+0300] {processor.py:183} INFO - Processing /mnt/d/airflow/airflow_project/airflow_venv/lib/python3.12/site-packages/airflow/example_dags/example_short_circuit_operator.py took 0.534 seconds
[2026-04-29T10:06:46.792+0300] {processor.py:161} INFO - Started process (PID=44360) to work on /mnt/d/airflow/airflow_project/airflow_venv/lib/python3.12/site-packages/airflow/example_dags/example_short_circuit_operator.py
[2026-04-29T10:06:46.797+0300] {processor.py:830} INFO - Processing file /mnt/d/airflow/airflow_project/airflow_venv/lib/python3.12/site-packages/airflow/example_dags/example_short_circuit_operator.py for tasks to queue
[2026-04-29T10:06:46.806+0300] {logging_mixin.py:188} INFO - [2026-04-29T10:06:46.803+0300] {dagbag.py:545} INFO - Filling up the DagBag from /mnt/d/airflow/airflow_project/airflow_venv/lib/python3.12/site-packages/airflow/example_dags/example_short_circuit_operator.py
[2026-04-29T10:06:46.881+0300] {processor.py:840} INFO - DAG(s) 'example_short_circuit_operator' retrieved from /mnt/d/airflow/airflow_project/airflow_venv/lib/python3.12/site-packages/airflow/example_dags/example_short_circuit_operator.py
[2026-04-29T10:06:46.952+0300] {logging_mixin.py:188} INFO - [2026-04-29T10:06:46.949+0300] {dag.py:3089} INFO - Sync 1 DAGs
[2026-04-29T10:06:47.024+0300] {logging_mixin.py:188} INFO - [2026-04-29T10:06:47.021+0300] {dag.py:3947} INFO - Setting next_dagrun for example_short_circuit_operator to 2026-04-28 00:00:00+00:00, run_after=2026-04-29 00:00:00+00:00
[2026-04-29T10:06:47.301+0300] {processor.py:183} INFO - Processing /mnt/d/airflow/airflow_project/airflow_venv/lib/python3.12/site-packages/airflow/example_dags/example_short_circuit_operator.py took 0.544 seconds
[2026-04-29T10:07:56.485+0300] {processor.py:161} INFO - Started process (PID=44748) to work on /mnt/d/airflow/airflow_project/airflow_venv/lib/python3.12/site-packages/airflow/example_dags/example_short_circuit_operator.py
[2026-04-29T10:07:56.487+0300] {processor.py:830} INFO - Processing file /mnt/d/airflow/airflow_project/airflow_venv/lib/python3.12/site-packages/airflow/example_dags/example_short_circuit_operator.py for tasks to queue
[2026-04-29T10:07:56.491+0300] {logging_mixin.py:188} INFO - [2026-04-29T10:07:56.490+0300] {dagbag.py:545} INFO - Filling up the DagBag from /mnt/d/airflow/airflow_project/airflow_venv/lib/python3.12/site-packages/airflow/example_dags/example_short_circuit_operator.py
[2026-04-29T10:07:56.531+0300] {processor.py:840} INFO - DAG(s) 'example_short_circuit_operator' retrieved from /mnt/d/airflow/airflow_project/airflow_venv/lib/python3.12/site-packages/airflow/example_dags/example_short_circuit_operator.py
[2026-04-29T10:07:56.666+0300] {logging_mixin.py:188} INFO - [2026-04-29T10:07:56.665+0300] {dag.py:3089} INFO - Sync 1 DAGs
[2026-04-29T10:07:56.702+0300] {logging_mixin.py:188} INFO - [2026-04-29T10:07:56.701+0300] {dag.py:3947} INFO - Setting next_dagrun for example_short_circuit_operator to 2026-04-28 00:00:00+00:00, run_after=2026-04-29 00:00:00+00:00
[2026-04-29T10:07:56.864+0300] {processor.py:183} INFO - Processing /mnt/d/airflow/airflow_project/airflow_venv/lib/python3.12/site-packages/airflow/example_dags/example_short_circuit_operator.py took 0.399 seconds
[2026-04-29T10:09:54.574+0300] {processor.py:161} INFO - Started process (PID=45403) to work on /mnt/d/airflow/airflow_project/airflow_venv/lib/python3.12/site-packages/airflow/example_dags/example_short_circuit_operator.py
[2026-04-29T10:09:54.579+0300] {processor.py:830} INFO - Processing file /mnt/d/airflow/airflow_project/airflow_venv/lib/python3.12/site-packages/airflow/example_dags/example_short_circuit_operator.py for tasks to queue
[2026-04-29T10:09:54.587+0300] {logging_mixin.py:188} INFO - [2026-04-29T10:09:54.584+0300] {dagbag.py:545} INFO - Filling up the DagBag from /mnt/d/airflow/airflow_project/airflow_venv/lib/python3.12/site-packages/airflow/example_dags/example_short_circuit_operator.py
[2026-04-29T10:09:54.665+0300] {processor.py:840} INFO - DAG(s) 'example_short_circuit_operator' retrieved from /mnt/d/airflow/airflow_project/airflow_venv/lib/python3.12/site-packages/airflow/example_dags/example_short_circuit_operator.py
[2026-04-29T10:09:54.737+0300] {logging_mixin.py:188} INFO - [2026-04-29T10:09:54.735+0300] {dag.py:3089} INFO - Sync 1 DAGs
[2026-04-29T10:09:54.803+0300] {logging_mixin.py:188} INFO - [2026-04-29T10:09:54.800+0300] {dag.py:3947} INFO - Setting next_dagrun for example_short_circuit_operator to 2026-04-28 00:00:00+00:00, run_after=2026-04-29 00:00:00+00:00
[2026-04-29T10:09:54.971+0300] {processor.py:183} INFO - Processing /mnt/d/airflow/airflow_project/airflow_venv/lib/python3.12/site-packages/airflow/example_dags/example_short_circuit_operator.py took 0.431 seconds
[2026-04-29T10:11:03.467+0300] {processor.py:161} INFO - Started process (PID=45784) to work on /mnt/d/airflow/airflow_project/airflow_venv/lib/python3.12/site-packages/airflow/example_dags/example_short_circuit_operator.py
[2026-04-29T10:11:03.470+0300] {processor.py:830} INFO - Processing file /mnt/d/airflow/airflow_project/airflow_venv/lib/python3.12/site-packages/airflow/example_dags/example_short_circuit_operator.py for tasks to queue
[2026-04-29T10:11:03.475+0300] {logging_mixin.py:188} INFO - [2026-04-29T10:11:03.474+0300] {dagbag.py:545} INFO - Filling up the DagBag from /mnt/d/airflow/airflow_project/airflow_venv/lib/python3.12/site-packages/airflow/example_dags/example_short_circuit_operator.py
[2026-04-29T10:11:03.514+0300] {processor.py:840} INFO - DAG(s) 'example_short_circuit_operator' retrieved from /mnt/d/airflow/airflow_project/airflow_venv/lib/python3.12/site-packages/airflow/example_dags/example_short_circuit_operator.py
[2026-04-29T10:11:03.565+0300] {logging_mixin.py:188} INFO - [2026-04-29T10:11:03.563+0300] {dag.py:3089} INFO - Sync 1 DAGs
[2026-04-29T10:11:03.608+0300] {logging_mixin.py:188} INFO - [2026-04-29T10:11:03.607+0300] {dag.py:3947} INFO - Setting next_dagrun for example_short_circuit_operator to 2026-04-28 00:00:00+00:00, run_after=2026-04-29 00:00:00+00:00
[2026-04-29T10:11:03.806+0300] {processor.py:183} INFO - Processing /mnt/d/airflow/airflow_project/airflow_venv/lib/python3.12/site-packages/airflow/example_dags/example_short_circuit_operator.py took 0.358 seconds
[2026-04-29T10:12:13.678+0300] {processor.py:161} INFO - Started process (PID=46158) to work on /mnt/d/airflow/airflow_project/airflow_venv/lib/python3.12/site-packages/airflow/example_dags/example_short_circuit_operator.py
[2026-04-29T10:12:13.682+0300] {processor.py:830} INFO - Processing file /mnt/d/airflow/airflow_project/airflow_venv/lib/python3.12/site-packages/airflow/example_dags/example_short_circuit_operator.py for tasks to queue
[2026-04-29T10:12:13.689+0300] {logging_mixin.py:188} INFO - [2026-04-29T10:12:13.687+0300] {dagbag.py:545} INFO - Filling up the DagBag from /mnt/d/airflow/airflow_project/airflow_venv/lib/python3.12/site-packages/airflow/example_dags/example_short_circuit_operator.py
[2026-04-29T10:12:13.751+0300] {processor.py:840} INFO - DAG(s) 'example_short_circuit_operator' retrieved from /mnt/d/airflow/airflow_project/airflow_venv/lib/python3.12/site-packages/airflow/example_dags/example_short_circuit_operator.py
[2026-04-29T10:12:13.812+0300] {logging_mixin.py:188} INFO - [2026-04-29T10:12:13.810+0300] {dag.py:3089} INFO - Sync 1 DAGs
[2026-04-29T10:12:13.858+0300] {logging_mixin.py:188} INFO - [2026-04-29T10:12:13.856+0300] {dag.py:3947} INFO - Setting next_dagrun for example_short_circuit_operator to 2026-04-28 00:00:00+00:00, run_after=2026-04-29 00:00:00+00:00
[2026-04-29T10:12:14.011+0300] {processor.py:183} INFO - Processing /mnt/d/airflow/airflow_project/airflow_venv/lib/python3.12/site-packages/airflow/example_dags/example_short_circuit_operator.py took 0.364 seconds
