[2026-04-29T09:15:44.746+0300] {processor.py:161} INFO - Started process (PID=26706) to work on /mnt/d/airflow/airflow_project/airflow_venv/lib/python3.12/site-packages/airflow/example_dags/example_latest_only_with_trigger.py
[2026-04-29T09:15:44.750+0300] {processor.py:830} INFO - Processing file /mnt/d/airflow/airflow_project/airflow_venv/lib/python3.12/site-packages/airflow/example_dags/example_latest_only_with_trigger.py for tasks to queue
[2026-04-29T09:15:44.759+0300] {logging_mixin.py:188} INFO - [2026-04-29T09:15:44.755+0300] {dagbag.py:545} INFO - Filling up the DagBag from /mnt/d/airflow/airflow_project/airflow_venv/lib/python3.12/site-packages/airflow/example_dags/example_latest_only_with_trigger.py
[2026-04-29T09:15:44.844+0300] {processor.py:840} INFO - DAG(s) 'latest_only_with_trigger' retrieved from /mnt/d/airflow/airflow_project/airflow_venv/lib/python3.12/site-packages/airflow/example_dags/example_latest_only_with_trigger.py
[2026-04-29T09:15:46.492+0300] {logging_mixin.py:188} INFO - [2026-04-29T09:15:46.490+0300] {override.py:1858} INFO - Created Permission View: can edit on DAG:latest_only_with_trigger
[2026-04-29T09:15:46.542+0300] {logging_mixin.py:188} INFO - [2026-04-29T09:15:46.541+0300] {override.py:1858} INFO - Created Permission View: can delete on DAG:latest_only_with_trigger
[2026-04-29T09:15:46.590+0300] {logging_mixin.py:188} INFO - [2026-04-29T09:15:46.589+0300] {override.py:1858} INFO - Created Permission View: can read on DAG:latest_only_with_trigger
[2026-04-29T09:15:46.594+0300] {logging_mixin.py:188} INFO - [2026-04-29T09:15:46.592+0300] {dag.py:3089} INFO - Sync 1 DAGs
[2026-04-29T09:15:46.624+0300] {logging_mixin.py:188} INFO - [2026-04-29T09:15:46.623+0300] {dag.py:3111} INFO - Creating ORM DAG for latest_only_with_trigger
[2026-04-29T09:15:46.654+0300] {logging_mixin.py:188} INFO - [2026-04-29T09:15:46.653+0300] {dag.py:3947} INFO - Setting next_dagrun for latest_only_with_trigger to 2026-04-29 00:00:00+00:00, run_after=2026-04-29 04:00:00+00:00
[2026-04-29T09:15:46.774+0300] {processor.py:183} INFO - Processing /mnt/d/airflow/airflow_project/airflow_venv/lib/python3.12/site-packages/airflow/example_dags/example_latest_only_with_trigger.py took 2.057 seconds
[2026-04-29T09:17:45.538+0300] {processor.py:161} INFO - Started process (PID=27384) to work on /mnt/d/airflow/airflow_project/airflow_venv/lib/python3.12/site-packages/airflow/example_dags/example_latest_only_with_trigger.py
[2026-04-29T09:17:45.543+0300] {processor.py:830} INFO - Processing file /mnt/d/airflow/airflow_project/airflow_venv/lib/python3.12/site-packages/airflow/example_dags/example_latest_only_with_trigger.py for tasks to queue
[2026-04-29T09:17:45.551+0300] {logging_mixin.py:188} INFO - [2026-04-29T09:17:45.548+0300] {dagbag.py:545} INFO - Filling up the DagBag from /mnt/d/airflow/airflow_project/airflow_venv/lib/python3.12/site-packages/airflow/example_dags/example_latest_only_with_trigger.py
[2026-04-29T09:17:45.622+0300] {processor.py:840} INFO - DAG(s) 'latest_only_with_trigger' retrieved from /mnt/d/airflow/airflow_project/airflow_venv/lib/python3.12/site-packages/airflow/example_dags/example_latest_only_with_trigger.py
[2026-04-29T09:17:45.710+0300] {logging_mixin.py:188} INFO - [2026-04-29T09:17:45.708+0300] {dag.py:3089} INFO - Sync 1 DAGs
[2026-04-29T09:17:45.766+0300] {logging_mixin.py:188} INFO - [2026-04-29T09:17:45.764+0300] {dag.py:3947} INFO - Setting next_dagrun for latest_only_with_trigger to 2026-04-29 00:00:00+00:00, run_after=2026-04-29 04:00:00+00:00
[2026-04-29T09:17:45.850+0300] {processor.py:183} INFO - Processing /mnt/d/airflow/airflow_project/airflow_venv/lib/python3.12/site-packages/airflow/example_dags/example_latest_only_with_trigger.py took 0.341 seconds
[2026-04-29T09:19:57.694+0300] {processor.py:161} INFO - Started process (PID=28201) to work on /mnt/d/airflow/airflow_project/airflow_venv/lib/python3.12/site-packages/airflow/example_dags/example_latest_only_with_trigger.py
[2026-04-29T09:19:57.699+0300] {processor.py:830} INFO - Processing file /mnt/d/airflow/airflow_project/airflow_venv/lib/python3.12/site-packages/airflow/example_dags/example_latest_only_with_trigger.py for tasks to queue
[2026-04-29T09:19:57.707+0300] {logging_mixin.py:188} INFO - [2026-04-29T09:19:57.704+0300] {dagbag.py:545} INFO - Filling up the DagBag from /mnt/d/airflow/airflow_project/airflow_venv/lib/python3.12/site-packages/airflow/example_dags/example_latest_only_with_trigger.py
[2026-04-29T09:19:57.802+0300] {processor.py:840} INFO - DAG(s) 'latest_only_with_trigger' retrieved from /mnt/d/airflow/airflow_project/airflow_venv/lib/python3.12/site-packages/airflow/example_dags/example_latest_only_with_trigger.py
[2026-04-29T09:19:57.877+0300] {logging_mixin.py:188} INFO - [2026-04-29T09:19:57.875+0300] {dag.py:3089} INFO - Sync 1 DAGs
[2026-04-29T09:19:57.928+0300] {logging_mixin.py:188} INFO - [2026-04-29T09:19:57.926+0300] {dag.py:3947} INFO - Setting next_dagrun for latest_only_with_trigger to 2026-04-29 00:00:00+00:00, run_after=2026-04-29 04:00:00+00:00
[2026-04-29T09:19:58.080+0300] {processor.py:183} INFO - Processing /mnt/d/airflow/airflow_project/airflow_venv/lib/python3.12/site-packages/airflow/example_dags/example_latest_only_with_trigger.py took 0.427 seconds
[2026-04-29T09:22:10.551+0300] {processor.py:161} INFO - Started process (PID=28955) to work on /mnt/d/airflow/airflow_project/airflow_venv/lib/python3.12/site-packages/airflow/example_dags/example_latest_only_with_trigger.py
[2026-04-29T09:22:10.555+0300] {processor.py:830} INFO - Processing file /mnt/d/airflow/airflow_project/airflow_venv/lib/python3.12/site-packages/airflow/example_dags/example_latest_only_with_trigger.py for tasks to queue
[2026-04-29T09:22:10.562+0300] {logging_mixin.py:188} INFO - [2026-04-29T09:22:10.559+0300] {dagbag.py:545} INFO - Filling up the DagBag from /mnt/d/airflow/airflow_project/airflow_venv/lib/python3.12/site-packages/airflow/example_dags/example_latest_only_with_trigger.py
[2026-04-29T09:22:10.610+0300] {processor.py:840} INFO - DAG(s) 'latest_only_with_trigger' retrieved from /mnt/d/airflow/airflow_project/airflow_venv/lib/python3.12/site-packages/airflow/example_dags/example_latest_only_with_trigger.py
[2026-04-29T09:22:10.655+0300] {logging_mixin.py:188} INFO - [2026-04-29T09:22:10.653+0300] {dag.py:3089} INFO - Sync 1 DAGs
[2026-04-29T09:22:10.698+0300] {logging_mixin.py:188} INFO - [2026-04-29T09:22:10.696+0300] {dag.py:3947} INFO - Setting next_dagrun for latest_only_with_trigger to 2026-04-29 00:00:00+00:00, run_after=2026-04-29 04:00:00+00:00
[2026-04-29T09:22:10.875+0300] {processor.py:183} INFO - Processing /mnt/d/airflow/airflow_project/airflow_venv/lib/python3.12/site-packages/airflow/example_dags/example_latest_only_with_trigger.py took 0.349 seconds
[2026-04-29T09:24:12.131+0300] {processor.py:161} INFO - Started process (PID=29657) to work on /mnt/d/airflow/airflow_project/airflow_venv/lib/python3.12/site-packages/airflow/example_dags/example_latest_only_with_trigger.py
[2026-04-29T09:24:12.135+0300] {processor.py:830} INFO - Processing file /mnt/d/airflow/airflow_project/airflow_venv/lib/python3.12/site-packages/airflow/example_dags/example_latest_only_with_trigger.py for tasks to queue
[2026-04-29T09:24:12.143+0300] {logging_mixin.py:188} INFO - [2026-04-29T09:24:12.139+0300] {dagbag.py:545} INFO - Filling up the DagBag from /mnt/d/airflow/airflow_project/airflow_venv/lib/python3.12/site-packages/airflow/example_dags/example_latest_only_with_trigger.py
[2026-04-29T09:24:12.212+0300] {processor.py:840} INFO - DAG(s) 'latest_only_with_trigger' retrieved from /mnt/d/airflow/airflow_project/airflow_venv/lib/python3.12/site-packages/airflow/example_dags/example_latest_only_with_trigger.py
[2026-04-29T09:24:12.283+0300] {logging_mixin.py:188} INFO - [2026-04-29T09:24:12.280+0300] {dag.py:3089} INFO - Sync 1 DAGs
[2026-04-29T09:24:12.346+0300] {logging_mixin.py:188} INFO - [2026-04-29T09:24:12.344+0300] {dag.py:3947} INFO - Setting next_dagrun for latest_only_with_trigger to 2026-04-29 00:00:00+00:00, run_after=2026-04-29 04:00:00+00:00
[2026-04-29T09:24:12.499+0300] {processor.py:183} INFO - Processing /mnt/d/airflow/airflow_project/airflow_venv/lib/python3.12/site-packages/airflow/example_dags/example_latest_only_with_trigger.py took 0.402 seconds
[2026-04-29T09:26:34.431+0300] {processor.py:161} INFO - Started process (PID=30459) to work on /mnt/d/airflow/airflow_project/airflow_venv/lib/python3.12/site-packages/airflow/example_dags/example_latest_only_with_trigger.py
[2026-04-29T09:26:34.437+0300] {processor.py:830} INFO - Processing file /mnt/d/airflow/airflow_project/airflow_venv/lib/python3.12/site-packages/airflow/example_dags/example_latest_only_with_trigger.py for tasks to queue
[2026-04-29T09:26:34.446+0300] {logging_mixin.py:188} INFO - [2026-04-29T09:26:34.443+0300] {dagbag.py:545} INFO - Filling up the DagBag from /mnt/d/airflow/airflow_project/airflow_venv/lib/python3.12/site-packages/airflow/example_dags/example_latest_only_with_trigger.py
[2026-04-29T09:26:34.521+0300] {processor.py:840} INFO - DAG(s) 'latest_only_with_trigger' retrieved from /mnt/d/airflow/airflow_project/airflow_venv/lib/python3.12/site-packages/airflow/example_dags/example_latest_only_with_trigger.py
[2026-04-29T09:26:34.595+0300] {logging_mixin.py:188} INFO - [2026-04-29T09:26:34.592+0300] {dag.py:3089} INFO - Sync 1 DAGs
[2026-04-29T09:26:34.677+0300] {logging_mixin.py:188} INFO - [2026-04-29T09:26:34.674+0300] {dag.py:3947} INFO - Setting next_dagrun for latest_only_with_trigger to 2026-04-29 00:00:00+00:00, run_after=2026-04-29 04:00:00+00:00
[2026-04-29T09:26:34.846+0300] {processor.py:183} INFO - Processing /mnt/d/airflow/airflow_project/airflow_venv/lib/python3.12/site-packages/airflow/example_dags/example_latest_only_with_trigger.py took 0.448 seconds
[2026-04-29T09:29:06.373+0300] {processor.py:161} INFO - Started process (PID=31315) to work on /mnt/d/airflow/airflow_project/airflow_venv/lib/python3.12/site-packages/airflow/example_dags/example_latest_only_with_trigger.py
[2026-04-29T09:29:06.378+0300] {processor.py:830} INFO - Processing file /mnt/d/airflow/airflow_project/airflow_venv/lib/python3.12/site-packages/airflow/example_dags/example_latest_only_with_trigger.py for tasks to queue
[2026-04-29T09:29:06.386+0300] {logging_mixin.py:188} INFO - [2026-04-29T09:29:06.383+0300] {dagbag.py:545} INFO - Filling up the DagBag from /mnt/d/airflow/airflow_project/airflow_venv/lib/python3.12/site-packages/airflow/example_dags/example_latest_only_with_trigger.py
[2026-04-29T09:29:06.472+0300] {processor.py:840} INFO - DAG(s) 'latest_only_with_trigger' retrieved from /mnt/d/airflow/airflow_project/airflow_venv/lib/python3.12/site-packages/airflow/example_dags/example_latest_only_with_trigger.py
[2026-04-29T09:29:06.549+0300] {logging_mixin.py:188} INFO - [2026-04-29T09:29:06.545+0300] {dag.py:3089} INFO - Sync 1 DAGs
[2026-04-29T09:29:06.630+0300] {logging_mixin.py:188} INFO - [2026-04-29T09:29:06.627+0300] {dag.py:3947} INFO - Setting next_dagrun for latest_only_with_trigger to 2026-04-29 00:00:00+00:00, run_after=2026-04-29 04:00:00+00:00
[2026-04-29T09:29:06.807+0300] {processor.py:183} INFO - Processing /mnt/d/airflow/airflow_project/airflow_venv/lib/python3.12/site-packages/airflow/example_dags/example_latest_only_with_trigger.py took 0.477 seconds
[2026-04-29T09:31:49.771+0300] {processor.py:161} INFO - Started process (PID=32293) to work on /mnt/d/airflow/airflow_project/airflow_venv/lib/python3.12/site-packages/airflow/example_dags/example_latest_only_with_trigger.py
[2026-04-29T09:31:49.774+0300] {processor.py:830} INFO - Processing file /mnt/d/airflow/airflow_project/airflow_venv/lib/python3.12/site-packages/airflow/example_dags/example_latest_only_with_trigger.py for tasks to queue
[2026-04-29T09:31:49.779+0300] {logging_mixin.py:188} INFO - [2026-04-29T09:31:49.777+0300] {dagbag.py:545} INFO - Filling up the DagBag from /mnt/d/airflow/airflow_project/airflow_venv/lib/python3.12/site-packages/airflow/example_dags/example_latest_only_with_trigger.py
[2026-04-29T09:31:49.846+0300] {processor.py:840} INFO - DAG(s) 'latest_only_with_trigger' retrieved from /mnt/d/airflow/airflow_project/airflow_venv/lib/python3.12/site-packages/airflow/example_dags/example_latest_only_with_trigger.py
[2026-04-29T09:31:49.892+0300] {logging_mixin.py:188} INFO - [2026-04-29T09:31:49.890+0300] {dag.py:3089} INFO - Sync 1 DAGs
[2026-04-29T09:31:49.937+0300] {logging_mixin.py:188} INFO - [2026-04-29T09:31:49.936+0300] {dag.py:3947} INFO - Setting next_dagrun for latest_only_with_trigger to 2026-04-29 00:00:00+00:00, run_after=2026-04-29 04:00:00+00:00
[2026-04-29T09:31:50.038+0300] {processor.py:183} INFO - Processing /mnt/d/airflow/airflow_project/airflow_venv/lib/python3.12/site-packages/airflow/example_dags/example_latest_only_with_trigger.py took 0.288 seconds
[2026-04-29T09:34:13.473+0300] {processor.py:161} INFO - Started process (PID=33142) to work on /mnt/d/airflow/airflow_project/airflow_venv/lib/python3.12/site-packages/airflow/example_dags/example_latest_only_with_trigger.py
[2026-04-29T09:34:13.478+0300] {processor.py:830} INFO - Processing file /mnt/d/airflow/airflow_project/airflow_venv/lib/python3.12/site-packages/airflow/example_dags/example_latest_only_with_trigger.py for tasks to queue
[2026-04-29T09:34:13.485+0300] {logging_mixin.py:188} INFO - [2026-04-29T09:34:13.483+0300] {dagbag.py:545} INFO - Filling up the DagBag from /mnt/d/airflow/airflow_project/airflow_venv/lib/python3.12/site-packages/airflow/example_dags/example_latest_only_with_trigger.py
[2026-04-29T09:34:13.538+0300] {processor.py:840} INFO - DAG(s) 'latest_only_with_trigger' retrieved from /mnt/d/airflow/airflow_project/airflow_venv/lib/python3.12/site-packages/airflow/example_dags/example_latest_only_with_trigger.py
[2026-04-29T09:34:13.588+0300] {logging_mixin.py:188} INFO - [2026-04-29T09:34:13.586+0300] {dag.py:3089} INFO - Sync 1 DAGs
[2026-04-29T09:34:13.643+0300] {logging_mixin.py:188} INFO - [2026-04-29T09:34:13.640+0300] {dag.py:3947} INFO - Setting next_dagrun for latest_only_with_trigger to 2026-04-29 00:00:00+00:00, run_after=2026-04-29 04:00:00+00:00
[2026-04-29T09:34:13.765+0300] {processor.py:183} INFO - Processing /mnt/d/airflow/airflow_project/airflow_venv/lib/python3.12/site-packages/airflow/example_dags/example_latest_only_with_trigger.py took 0.325 seconds
[2026-04-29T09:36:22.818+0300] {processor.py:161} INFO - Started process (PID=33919) to work on /mnt/d/airflow/airflow_project/airflow_venv/lib/python3.12/site-packages/airflow/example_dags/example_latest_only_with_trigger.py
[2026-04-29T09:36:22.822+0300] {processor.py:830} INFO - Processing file /mnt/d/airflow/airflow_project/airflow_venv/lib/python3.12/site-packages/airflow/example_dags/example_latest_only_with_trigger.py for tasks to queue
[2026-04-29T09:36:22.826+0300] {logging_mixin.py:188} INFO - [2026-04-29T09:36:22.825+0300] {dagbag.py:545} INFO - Filling up the DagBag from /mnt/d/airflow/airflow_project/airflow_venv/lib/python3.12/site-packages/airflow/example_dags/example_latest_only_with_trigger.py
[2026-04-29T09:36:22.855+0300] {processor.py:840} INFO - DAG(s) 'latest_only_with_trigger' retrieved from /mnt/d/airflow/airflow_project/airflow_venv/lib/python3.12/site-packages/airflow/example_dags/example_latest_only_with_trigger.py
[2026-04-29T09:36:22.898+0300] {logging_mixin.py:188} INFO - [2026-04-29T09:36:22.896+0300] {dag.py:3089} INFO - Sync 1 DAGs
[2026-04-29T09:36:22.932+0300] {logging_mixin.py:188} INFO - [2026-04-29T09:36:22.931+0300] {dag.py:3947} INFO - Setting next_dagrun for latest_only_with_trigger to 2026-04-29 00:00:00+00:00, run_after=2026-04-29 04:00:00+00:00
[2026-04-29T09:36:23.034+0300] {processor.py:183} INFO - Processing /mnt/d/airflow/airflow_project/airflow_venv/lib/python3.12/site-packages/airflow/example_dags/example_latest_only_with_trigger.py took 0.237 seconds
[2026-04-29T09:38:26.061+0300] {processor.py:161} INFO - Started process (PID=34693) to work on /mnt/d/airflow/airflow_project/airflow_venv/lib/python3.12/site-packages/airflow/example_dags/example_latest_only_with_trigger.py
[2026-04-29T09:38:26.064+0300] {processor.py:830} INFO - Processing file /mnt/d/airflow/airflow_project/airflow_venv/lib/python3.12/site-packages/airflow/example_dags/example_latest_only_with_trigger.py for tasks to queue
[2026-04-29T09:38:26.072+0300] {logging_mixin.py:188} INFO - [2026-04-29T09:38:26.069+0300] {dagbag.py:545} INFO - Filling up the DagBag from /mnt/d/airflow/airflow_project/airflow_venv/lib/python3.12/site-packages/airflow/example_dags/example_latest_only_with_trigger.py
[2026-04-29T09:38:26.123+0300] {processor.py:840} INFO - DAG(s) 'latest_only_with_trigger' retrieved from /mnt/d/airflow/airflow_project/airflow_venv/lib/python3.12/site-packages/airflow/example_dags/example_latest_only_with_trigger.py
[2026-04-29T09:38:26.187+0300] {logging_mixin.py:188} INFO - [2026-04-29T09:38:26.183+0300] {dag.py:3089} INFO - Sync 1 DAGs
[2026-04-29T09:38:26.243+0300] {logging_mixin.py:188} INFO - [2026-04-29T09:38:26.241+0300] {dag.py:3947} INFO - Setting next_dagrun for latest_only_with_trigger to 2026-04-29 00:00:00+00:00, run_after=2026-04-29 04:00:00+00:00
[2026-04-29T09:38:26.421+0300] {processor.py:183} INFO - Processing /mnt/d/airflow/airflow_project/airflow_venv/lib/python3.12/site-packages/airflow/example_dags/example_latest_only_with_trigger.py took 0.389 seconds
[2026-04-29T09:40:29.908+0300] {processor.py:161} INFO - Started process (PID=35411) to work on /mnt/d/airflow/airflow_project/airflow_venv/lib/python3.12/site-packages/airflow/example_dags/example_latest_only_with_trigger.py
[2026-04-29T09:40:29.910+0300] {processor.py:830} INFO - Processing file /mnt/d/airflow/airflow_project/airflow_venv/lib/python3.12/site-packages/airflow/example_dags/example_latest_only_with_trigger.py for tasks to queue
[2026-04-29T09:40:29.917+0300] {logging_mixin.py:188} INFO - [2026-04-29T09:40:29.914+0300] {dagbag.py:545} INFO - Filling up the DagBag from /mnt/d/airflow/airflow_project/airflow_venv/lib/python3.12/site-packages/airflow/example_dags/example_latest_only_with_trigger.py
[2026-04-29T09:40:29.957+0300] {processor.py:840} INFO - DAG(s) 'latest_only_with_trigger' retrieved from /mnt/d/airflow/airflow_project/airflow_venv/lib/python3.12/site-packages/airflow/example_dags/example_latest_only_with_trigger.py
[2026-04-29T09:40:30.000+0300] {logging_mixin.py:188} INFO - [2026-04-29T09:40:29.999+0300] {dag.py:3089} INFO - Sync 1 DAGs
[2026-04-29T09:40:30.034+0300] {logging_mixin.py:188} INFO - [2026-04-29T09:40:30.033+0300] {dag.py:3947} INFO - Setting next_dagrun for latest_only_with_trigger to 2026-04-29 00:00:00+00:00, run_after=2026-04-29 04:00:00+00:00
[2026-04-29T09:40:30.190+0300] {processor.py:183} INFO - Processing /mnt/d/airflow/airflow_project/airflow_venv/lib/python3.12/site-packages/airflow/example_dags/example_latest_only_with_trigger.py took 0.305 seconds
[2026-04-29T09:42:38.072+0300] {processor.py:161} INFO - Started process (PID=36137) to work on /mnt/d/airflow/airflow_project/airflow_venv/lib/python3.12/site-packages/airflow/example_dags/example_latest_only_with_trigger.py
[2026-04-29T09:42:38.074+0300] {processor.py:830} INFO - Processing file /mnt/d/airflow/airflow_project/airflow_venv/lib/python3.12/site-packages/airflow/example_dags/example_latest_only_with_trigger.py for tasks to queue
[2026-04-29T09:42:38.079+0300] {logging_mixin.py:188} INFO - [2026-04-29T09:42:38.077+0300] {dagbag.py:545} INFO - Filling up the DagBag from /mnt/d/airflow/airflow_project/airflow_venv/lib/python3.12/site-packages/airflow/example_dags/example_latest_only_with_trigger.py
[2026-04-29T09:42:38.127+0300] {processor.py:840} INFO - DAG(s) 'latest_only_with_trigger' retrieved from /mnt/d/airflow/airflow_project/airflow_venv/lib/python3.12/site-packages/airflow/example_dags/example_latest_only_with_trigger.py
[2026-04-29T09:42:38.180+0300] {logging_mixin.py:188} INFO - [2026-04-29T09:42:38.178+0300] {dag.py:3089} INFO - Sync 1 DAGs
[2026-04-29T09:42:38.242+0300] {logging_mixin.py:188} INFO - [2026-04-29T09:42:38.240+0300] {dag.py:3947} INFO - Setting next_dagrun for latest_only_with_trigger to 2026-04-29 00:00:00+00:00, run_after=2026-04-29 04:00:00+00:00
[2026-04-29T09:42:38.390+0300] {processor.py:183} INFO - Processing /mnt/d/airflow/airflow_project/airflow_venv/lib/python3.12/site-packages/airflow/example_dags/example_latest_only_with_trigger.py took 0.347 seconds
[2026-04-29T09:45:17.100+0300] {processor.py:161} INFO - Started process (PID=37090) to work on /mnt/d/airflow/airflow_project/airflow_venv/lib/python3.12/site-packages/airflow/example_dags/example_latest_only_with_trigger.py
[2026-04-29T09:45:17.104+0300] {processor.py:830} INFO - Processing file /mnt/d/airflow/airflow_project/airflow_venv/lib/python3.12/site-packages/airflow/example_dags/example_latest_only_with_trigger.py for tasks to queue
[2026-04-29T09:45:17.111+0300] {logging_mixin.py:188} INFO - [2026-04-29T09:45:17.108+0300] {dagbag.py:545} INFO - Filling up the DagBag from /mnt/d/airflow/airflow_project/airflow_venv/lib/python3.12/site-packages/airflow/example_dags/example_latest_only_with_trigger.py
[2026-04-29T09:45:17.167+0300] {processor.py:840} INFO - DAG(s) 'latest_only_with_trigger' retrieved from /mnt/d/airflow/airflow_project/airflow_venv/lib/python3.12/site-packages/airflow/example_dags/example_latest_only_with_trigger.py
[2026-04-29T09:45:18.809+0300] {logging_mixin.py:188} INFO - [2026-04-29T09:45:18.808+0300] {dag.py:3089} INFO - Sync 1 DAGs
[2026-04-29T09:45:18.849+0300] {logging_mixin.py:188} INFO - [2026-04-29T09:45:18.848+0300] {dag.py:3947} INFO - Setting next_dagrun for latest_only_with_trigger to 2026-04-29 00:00:00+00:00, run_after=2026-04-29 04:00:00+00:00
[2026-04-29T09:45:19.018+0300] {processor.py:183} INFO - Processing /mnt/d/airflow/airflow_project/airflow_venv/lib/python3.12/site-packages/airflow/example_dags/example_latest_only_with_trigger.py took 1.944 seconds
[2026-04-29T09:47:08.928+0300] {processor.py:161} INFO - Started process (PID=37704) to work on /mnt/d/airflow/airflow_project/airflow_venv/lib/python3.12/site-packages/airflow/example_dags/example_latest_only_with_trigger.py
[2026-04-29T09:47:08.932+0300] {processor.py:830} INFO - Processing file /mnt/d/airflow/airflow_project/airflow_venv/lib/python3.12/site-packages/airflow/example_dags/example_latest_only_with_trigger.py for tasks to queue
[2026-04-29T09:47:08.942+0300] {logging_mixin.py:188} INFO - [2026-04-29T09:47:08.936+0300] {dagbag.py:545} INFO - Filling up the DagBag from /mnt/d/airflow/airflow_project/airflow_venv/lib/python3.12/site-packages/airflow/example_dags/example_latest_only_with_trigger.py
[2026-04-29T09:47:08.989+0300] {processor.py:840} INFO - DAG(s) 'latest_only_with_trigger' retrieved from /mnt/d/airflow/airflow_project/airflow_venv/lib/python3.12/site-packages/airflow/example_dags/example_latest_only_with_trigger.py
[2026-04-29T09:47:09.049+0300] {logging_mixin.py:188} INFO - [2026-04-29T09:47:09.047+0300] {dag.py:3089} INFO - Sync 1 DAGs
[2026-04-29T09:47:09.120+0300] {logging_mixin.py:188} INFO - [2026-04-29T09:47:09.116+0300] {dag.py:3947} INFO - Setting next_dagrun for latest_only_with_trigger to 2026-04-29 00:00:00+00:00, run_after=2026-04-29 04:00:00+00:00
[2026-04-29T09:47:09.321+0300] {processor.py:183} INFO - Processing /mnt/d/airflow/airflow_project/airflow_venv/lib/python3.12/site-packages/airflow/example_dags/example_latest_only_with_trigger.py took 0.432 seconds
[2026-04-29T09:48:38.340+0300] {processor.py:161} INFO - Started process (PID=38207) to work on /mnt/d/airflow/airflow_project/airflow_venv/lib/python3.12/site-packages/airflow/example_dags/example_latest_only_with_trigger.py
[2026-04-29T09:48:38.344+0300] {processor.py:830} INFO - Processing file /mnt/d/airflow/airflow_project/airflow_venv/lib/python3.12/site-packages/airflow/example_dags/example_latest_only_with_trigger.py for tasks to queue
[2026-04-29T09:48:38.351+0300] {logging_mixin.py:188} INFO - [2026-04-29T09:48:38.348+0300] {dagbag.py:545} INFO - Filling up the DagBag from /mnt/d/airflow/airflow_project/airflow_venv/lib/python3.12/site-packages/airflow/example_dags/example_latest_only_with_trigger.py
[2026-04-29T09:48:38.409+0300] {processor.py:840} INFO - DAG(s) 'latest_only_with_trigger' retrieved from /mnt/d/airflow/airflow_project/airflow_venv/lib/python3.12/site-packages/airflow/example_dags/example_latest_only_with_trigger.py
[2026-04-29T09:48:38.463+0300] {logging_mixin.py:188} INFO - [2026-04-29T09:48:38.461+0300] {dag.py:3089} INFO - Sync 1 DAGs
[2026-04-29T09:48:38.527+0300] {logging_mixin.py:188} INFO - [2026-04-29T09:48:38.520+0300] {dag.py:3947} INFO - Setting next_dagrun for latest_only_with_trigger to 2026-04-29 00:00:00+00:00, run_after=2026-04-29 04:00:00+00:00
[2026-04-29T09:48:38.692+0300] {processor.py:183} INFO - Processing /mnt/d/airflow/airflow_project/airflow_venv/lib/python3.12/site-packages/airflow/example_dags/example_latest_only_with_trigger.py took 0.379 seconds
[2026-04-29T09:50:53.616+0300] {processor.py:161} INFO - Started process (PID=38979) to work on /mnt/d/airflow/airflow_project/airflow_venv/lib/python3.12/site-packages/airflow/example_dags/example_latest_only_with_trigger.py
[2026-04-29T09:50:53.627+0300] {processor.py:830} INFO - Processing file /mnt/d/airflow/airflow_project/airflow_venv/lib/python3.12/site-packages/airflow/example_dags/example_latest_only_with_trigger.py for tasks to queue
[2026-04-29T09:50:53.633+0300] {logging_mixin.py:188} INFO - [2026-04-29T09:50:53.631+0300] {dagbag.py:545} INFO - Filling up the DagBag from /mnt/d/airflow/airflow_project/airflow_venv/lib/python3.12/site-packages/airflow/example_dags/example_latest_only_with_trigger.py
[2026-04-29T09:50:53.695+0300] {processor.py:840} INFO - DAG(s) 'latest_only_with_trigger' retrieved from /mnt/d/airflow/airflow_project/airflow_venv/lib/python3.12/site-packages/airflow/example_dags/example_latest_only_with_trigger.py
[2026-04-29T09:50:53.760+0300] {logging_mixin.py:188} INFO - [2026-04-29T09:50:53.757+0300] {dag.py:3089} INFO - Sync 1 DAGs
[2026-04-29T09:50:53.820+0300] {logging_mixin.py:188} INFO - [2026-04-29T09:50:53.816+0300] {dag.py:3947} INFO - Setting next_dagrun for latest_only_with_trigger to 2026-04-29 00:00:00+00:00, run_after=2026-04-29 04:00:00+00:00
[2026-04-29T09:50:54.008+0300] {processor.py:183} INFO - Processing /mnt/d/airflow/airflow_project/airflow_venv/lib/python3.12/site-packages/airflow/example_dags/example_latest_only_with_trigger.py took 0.411 seconds
[2026-04-29T09:54:31.408+0300] {processor.py:161} INFO - Started process (PID=40194) to work on /mnt/d/airflow/airflow_project/airflow_venv/lib/python3.12/site-packages/airflow/example_dags/example_latest_only_with_trigger.py
[2026-04-29T09:54:31.413+0300] {processor.py:830} INFO - Processing file /mnt/d/airflow/airflow_project/airflow_venv/lib/python3.12/site-packages/airflow/example_dags/example_latest_only_with_trigger.py for tasks to queue
[2026-04-29T09:54:31.423+0300] {logging_mixin.py:188} INFO - [2026-04-29T09:54:31.420+0300] {dagbag.py:545} INFO - Filling up the DagBag from /mnt/d/airflow/airflow_project/airflow_venv/lib/python3.12/site-packages/airflow/example_dags/example_latest_only_with_trigger.py
[2026-04-29T09:54:31.502+0300] {processor.py:840} INFO - DAG(s) 'latest_only_with_trigger' retrieved from /mnt/d/airflow/airflow_project/airflow_venv/lib/python3.12/site-packages/airflow/example_dags/example_latest_only_with_trigger.py
[2026-04-29T09:54:31.571+0300] {logging_mixin.py:188} INFO - [2026-04-29T09:54:31.569+0300] {dag.py:3089} INFO - Sync 1 DAGs
[2026-04-29T09:54:31.615+0300] {logging_mixin.py:188} INFO - [2026-04-29T09:54:31.614+0300] {dag.py:3947} INFO - Setting next_dagrun for latest_only_with_trigger to 2026-04-29 00:00:00+00:00, run_after=2026-04-29 04:00:00+00:00
[2026-04-29T09:54:31.775+0300] {processor.py:183} INFO - Processing /mnt/d/airflow/airflow_project/airflow_venv/lib/python3.12/site-packages/airflow/example_dags/example_latest_only_with_trigger.py took 0.400 seconds
[2026-04-29T09:56:49.293+0300] {processor.py:161} INFO - Started process (PID=41010) to work on /mnt/d/airflow/airflow_project/airflow_venv/lib/python3.12/site-packages/airflow/example_dags/example_latest_only_with_trigger.py
[2026-04-29T09:56:49.296+0300] {processor.py:830} INFO - Processing file /mnt/d/airflow/airflow_project/airflow_venv/lib/python3.12/site-packages/airflow/example_dags/example_latest_only_with_trigger.py for tasks to queue
[2026-04-29T09:56:49.303+0300] {logging_mixin.py:188} INFO - [2026-04-29T09:56:49.300+0300] {dagbag.py:545} INFO - Filling up the DagBag from /mnt/d/airflow/airflow_project/airflow_venv/lib/python3.12/site-packages/airflow/example_dags/example_latest_only_with_trigger.py
[2026-04-29T09:56:49.332+0300] {processor.py:840} INFO - DAG(s) 'latest_only_with_trigger' retrieved from /mnt/d/airflow/airflow_project/airflow_venv/lib/python3.12/site-packages/airflow/example_dags/example_latest_only_with_trigger.py
[2026-04-29T09:56:49.368+0300] {logging_mixin.py:188} INFO - [2026-04-29T09:56:49.365+0300] {dag.py:3089} INFO - Sync 1 DAGs
[2026-04-29T09:56:49.406+0300] {logging_mixin.py:188} INFO - [2026-04-29T09:56:49.405+0300] {dag.py:3947} INFO - Setting next_dagrun for latest_only_with_trigger to 2026-04-29 00:00:00+00:00, run_after=2026-04-29 04:00:00+00:00
[2026-04-29T09:56:49.633+0300] {processor.py:183} INFO - Processing /mnt/d/airflow/airflow_project/airflow_venv/lib/python3.12/site-packages/airflow/example_dags/example_latest_only_with_trigger.py took 0.359 seconds
[2026-04-29T09:59:47.388+0300] {processor.py:161} INFO - Started process (PID=42013) to work on /mnt/d/airflow/airflow_project/airflow_venv/lib/python3.12/site-packages/airflow/example_dags/example_latest_only_with_trigger.py
[2026-04-29T09:59:47.395+0300] {processor.py:830} INFO - Processing file /mnt/d/airflow/airflow_project/airflow_venv/lib/python3.12/site-packages/airflow/example_dags/example_latest_only_with_trigger.py for tasks to queue
[2026-04-29T09:59:47.403+0300] {logging_mixin.py:188} INFO - [2026-04-29T09:59:47.399+0300] {dagbag.py:545} INFO - Filling up the DagBag from /mnt/d/airflow/airflow_project/airflow_venv/lib/python3.12/site-packages/airflow/example_dags/example_latest_only_with_trigger.py
[2026-04-29T09:59:47.461+0300] {processor.py:840} INFO - DAG(s) 'latest_only_with_trigger' retrieved from /mnt/d/airflow/airflow_project/airflow_venv/lib/python3.12/site-packages/airflow/example_dags/example_latest_only_with_trigger.py
[2026-04-29T09:59:47.530+0300] {logging_mixin.py:188} INFO - [2026-04-29T09:59:47.528+0300] {dag.py:3089} INFO - Sync 1 DAGs
[2026-04-29T09:59:47.571+0300] {logging_mixin.py:188} INFO - [2026-04-29T09:59:47.570+0300] {dag.py:3947} INFO - Setting next_dagrun for latest_only_with_trigger to 2026-04-29 00:00:00+00:00, run_after=2026-04-29 04:00:00+00:00
[2026-04-29T09:59:47.746+0300] {processor.py:183} INFO - Processing /mnt/d/airflow/airflow_project/airflow_venv/lib/python3.12/site-packages/airflow/example_dags/example_latest_only_with_trigger.py took 0.386 seconds
[2026-04-29T10:03:13.039+0300] {processor.py:161} INFO - Started process (PID=43142) to work on /mnt/d/airflow/airflow_project/airflow_venv/lib/python3.12/site-packages/airflow/example_dags/example_latest_only_with_trigger.py
[2026-04-29T10:03:13.043+0300] {processor.py:830} INFO - Processing file /mnt/d/airflow/airflow_project/airflow_venv/lib/python3.12/site-packages/airflow/example_dags/example_latest_only_with_trigger.py for tasks to queue
[2026-04-29T10:03:13.051+0300] {logging_mixin.py:188} INFO - [2026-04-29T10:03:13.049+0300] {dagbag.py:545} INFO - Filling up the DagBag from /mnt/d/airflow/airflow_project/airflow_venv/lib/python3.12/site-packages/airflow/example_dags/example_latest_only_with_trigger.py
[2026-04-29T10:03:13.099+0300] {processor.py:840} INFO - DAG(s) 'latest_only_with_trigger' retrieved from /mnt/d/airflow/airflow_project/airflow_venv/lib/python3.12/site-packages/airflow/example_dags/example_latest_only_with_trigger.py
[2026-04-29T10:03:13.144+0300] {logging_mixin.py:188} INFO - [2026-04-29T10:03:13.141+0300] {dag.py:3089} INFO - Sync 1 DAGs
[2026-04-29T10:03:13.187+0300] {logging_mixin.py:188} INFO - [2026-04-29T10:03:13.185+0300] {dag.py:3947} INFO - Setting next_dagrun for latest_only_with_trigger to 2026-04-29 00:00:00+00:00, run_after=2026-04-29 04:00:00+00:00
[2026-04-29T10:03:13.350+0300] {processor.py:183} INFO - Processing /mnt/d/airflow/airflow_project/airflow_venv/lib/python3.12/site-packages/airflow/example_dags/example_latest_only_with_trigger.py took 0.347 seconds
[2026-04-29T10:05:54.147+0300] {processor.py:161} INFO - Started process (PID=44074) to work on /mnt/d/airflow/airflow_project/airflow_venv/lib/python3.12/site-packages/airflow/example_dags/example_latest_only_with_trigger.py
[2026-04-29T10:05:54.152+0300] {processor.py:830} INFO - Processing file /mnt/d/airflow/airflow_project/airflow_venv/lib/python3.12/site-packages/airflow/example_dags/example_latest_only_with_trigger.py for tasks to queue
[2026-04-29T10:05:54.160+0300] {logging_mixin.py:188} INFO - [2026-04-29T10:05:54.157+0300] {dagbag.py:545} INFO - Filling up the DagBag from /mnt/d/airflow/airflow_project/airflow_venv/lib/python3.12/site-packages/airflow/example_dags/example_latest_only_with_trigger.py
[2026-04-29T10:05:54.222+0300] {processor.py:840} INFO - DAG(s) 'latest_only_with_trigger' retrieved from /mnt/d/airflow/airflow_project/airflow_venv/lib/python3.12/site-packages/airflow/example_dags/example_latest_only_with_trigger.py
[2026-04-29T10:05:54.276+0300] {logging_mixin.py:188} INFO - [2026-04-29T10:05:54.274+0300] {dag.py:3089} INFO - Sync 1 DAGs
[2026-04-29T10:05:54.330+0300] {logging_mixin.py:188} INFO - [2026-04-29T10:05:54.327+0300] {dag.py:3947} INFO - Setting next_dagrun for latest_only_with_trigger to 2026-04-29 00:00:00+00:00, run_after=2026-04-29 04:00:00+00:00
[2026-04-29T10:05:54.524+0300] {processor.py:183} INFO - Processing /mnt/d/airflow/airflow_project/airflow_venv/lib/python3.12/site-packages/airflow/example_dags/example_latest_only_with_trigger.py took 0.406 seconds
[2026-04-29T10:08:13.087+0300] {processor.py:161} INFO - Started process (PID=44840) to work on /mnt/d/airflow/airflow_project/airflow_venv/lib/python3.12/site-packages/airflow/example_dags/example_latest_only_with_trigger.py
[2026-04-29T10:08:13.089+0300] {processor.py:830} INFO - Processing file /mnt/d/airflow/airflow_project/airflow_venv/lib/python3.12/site-packages/airflow/example_dags/example_latest_only_with_trigger.py for tasks to queue
[2026-04-29T10:08:13.093+0300] {logging_mixin.py:188} INFO - [2026-04-29T10:08:13.092+0300] {dagbag.py:545} INFO - Filling up the DagBag from /mnt/d/airflow/airflow_project/airflow_venv/lib/python3.12/site-packages/airflow/example_dags/example_latest_only_with_trigger.py
[2026-04-29T10:08:13.115+0300] {processor.py:840} INFO - DAG(s) 'latest_only_with_trigger' retrieved from /mnt/d/airflow/airflow_project/airflow_venv/lib/python3.12/site-packages/airflow/example_dags/example_latest_only_with_trigger.py
[2026-04-29T10:08:13.150+0300] {logging_mixin.py:188} INFO - [2026-04-29T10:08:13.150+0300] {dag.py:3089} INFO - Sync 1 DAGs
[2026-04-29T10:08:13.192+0300] {logging_mixin.py:188} INFO - [2026-04-29T10:08:13.191+0300] {dag.py:3947} INFO - Setting next_dagrun for latest_only_with_trigger to 2026-04-29 00:00:00+00:00, run_after=2026-04-29 04:00:00+00:00
[2026-04-29T10:08:13.281+0300] {processor.py:183} INFO - Processing /mnt/d/airflow/airflow_project/airflow_venv/lib/python3.12/site-packages/airflow/example_dags/example_latest_only_with_trigger.py took 0.206 seconds
[2026-04-29T10:10:13.803+0300] {processor.py:161} INFO - Started process (PID=45505) to work on /mnt/d/airflow/airflow_project/airflow_venv/lib/python3.12/site-packages/airflow/example_dags/example_latest_only_with_trigger.py
[2026-04-29T10:10:13.807+0300] {processor.py:830} INFO - Processing file /mnt/d/airflow/airflow_project/airflow_venv/lib/python3.12/site-packages/airflow/example_dags/example_latest_only_with_trigger.py for tasks to queue
[2026-04-29T10:10:13.813+0300] {logging_mixin.py:188} INFO - [2026-04-29T10:10:13.811+0300] {dagbag.py:545} INFO - Filling up the DagBag from /mnt/d/airflow/airflow_project/airflow_venv/lib/python3.12/site-packages/airflow/example_dags/example_latest_only_with_trigger.py
[2026-04-29T10:10:13.867+0300] {processor.py:840} INFO - DAG(s) 'latest_only_with_trigger' retrieved from /mnt/d/airflow/airflow_project/airflow_venv/lib/python3.12/site-packages/airflow/example_dags/example_latest_only_with_trigger.py
[2026-04-29T10:10:13.927+0300] {logging_mixin.py:188} INFO - [2026-04-29T10:10:13.925+0300] {dag.py:3089} INFO - Sync 1 DAGs
[2026-04-29T10:10:13.995+0300] {logging_mixin.py:188} INFO - [2026-04-29T10:10:13.992+0300] {dag.py:3947} INFO - Setting next_dagrun for latest_only_with_trigger to 2026-04-29 00:00:00+00:00, run_after=2026-04-29 04:00:00+00:00
[2026-04-29T10:10:14.195+0300] {processor.py:183} INFO - Processing /mnt/d/airflow/airflow_project/airflow_venv/lib/python3.12/site-packages/airflow/example_dags/example_latest_only_with_trigger.py took 0.423 seconds
[2026-04-29T10:12:30.402+0300] {processor.py:161} INFO - Started process (PID=46263) to work on /mnt/d/airflow/airflow_project/airflow_venv/lib/python3.12/site-packages/airflow/example_dags/example_latest_only_with_trigger.py
[2026-04-29T10:12:30.404+0300] {processor.py:830} INFO - Processing file /mnt/d/airflow/airflow_project/airflow_venv/lib/python3.12/site-packages/airflow/example_dags/example_latest_only_with_trigger.py for tasks to queue
[2026-04-29T10:12:30.411+0300] {logging_mixin.py:188} INFO - [2026-04-29T10:12:30.408+0300] {dagbag.py:545} INFO - Filling up the DagBag from /mnt/d/airflow/airflow_project/airflow_venv/lib/python3.12/site-packages/airflow/example_dags/example_latest_only_with_trigger.py
[2026-04-29T10:12:30.473+0300] {processor.py:840} INFO - DAG(s) 'latest_only_with_trigger' retrieved from /mnt/d/airflow/airflow_project/airflow_venv/lib/python3.12/site-packages/airflow/example_dags/example_latest_only_with_trigger.py
[2026-04-29T10:12:30.521+0300] {logging_mixin.py:188} INFO - [2026-04-29T10:12:30.519+0300] {dag.py:3089} INFO - Sync 1 DAGs
[2026-04-29T10:12:30.586+0300] {logging_mixin.py:188} INFO - [2026-04-29T10:12:30.583+0300] {dag.py:3947} INFO - Setting next_dagrun for latest_only_with_trigger to 2026-04-29 00:00:00+00:00, run_after=2026-04-29 04:00:00+00:00
[2026-04-29T10:12:30.758+0300] {processor.py:183} INFO - Processing /mnt/d/airflow/airflow_project/airflow_venv/lib/python3.12/site-packages/airflow/example_dags/example_latest_only_with_trigger.py took 0.386 seconds
