[2026-04-29T09:15:03.282+0300] {processor.py:161} INFO - Started process (PID=26478) to work on /mnt/d/airflow/airflow_project/airflow_venv/lib/python3.12/site-packages/airflow/example_dags/example_skip_dag.py
[2026-04-29T09:15:03.284+0300] {processor.py:830} INFO - Processing file /mnt/d/airflow/airflow_project/airflow_venv/lib/python3.12/site-packages/airflow/example_dags/example_skip_dag.py for tasks to queue
[2026-04-29T09:15:03.289+0300] {logging_mixin.py:188} INFO - [2026-04-29T09:15:03.288+0300] {dagbag.py:545} INFO - Filling up the DagBag from /mnt/d/airflow/airflow_project/airflow_venv/lib/python3.12/site-packages/airflow/example_dags/example_skip_dag.py
[2026-04-29T09:15:03.317+0300] {processor.py:840} INFO - DAG(s) 'example_skip_dag' retrieved from /mnt/d/airflow/airflow_project/airflow_venv/lib/python3.12/site-packages/airflow/example_dags/example_skip_dag.py
[2026-04-29T09:15:04.876+0300] {logging_mixin.py:188} INFO - [2026-04-29T09:15:04.874+0300] {override.py:1858} INFO - Created Permission View: can edit on DAG:example_skip_dag
[2026-04-29T09:15:04.928+0300] {logging_mixin.py:188} INFO - [2026-04-29T09:15:04.926+0300] {override.py:1858} INFO - Created Permission View: can delete on DAG:example_skip_dag
[2026-04-29T09:15:04.962+0300] {logging_mixin.py:188} INFO - [2026-04-29T09:15:04.960+0300] {override.py:1858} INFO - Created Permission View: can read on DAG:example_skip_dag
[2026-04-29T09:15:04.964+0300] {logging_mixin.py:188} INFO - [2026-04-29T09:15:04.963+0300] {dag.py:3089} INFO - Sync 1 DAGs
[2026-04-29T09:15:04.983+0300] {logging_mixin.py:188} INFO - [2026-04-29T09:15:04.982+0300] {dag.py:3111} INFO - Creating ORM DAG for example_skip_dag
[2026-04-29T09:15:05.001+0300] {logging_mixin.py:188} INFO - [2026-04-29T09:15:05.000+0300] {dag.py:3947} INFO - Setting next_dagrun for example_skip_dag to 2026-04-28 00:00:00+00:00, run_after=2026-04-29 00:00:00+00:00
[2026-04-29T09:15:05.124+0300] {processor.py:183} INFO - Processing /mnt/d/airflow/airflow_project/airflow_venv/lib/python3.12/site-packages/airflow/example_dags/example_skip_dag.py took 1.857 seconds
[2026-04-29T09:17:22.377+0300] {processor.py:161} INFO - Started process (PID=27256) to work on /mnt/d/airflow/airflow_project/airflow_venv/lib/python3.12/site-packages/airflow/example_dags/example_skip_dag.py
[2026-04-29T09:17:22.381+0300] {processor.py:830} INFO - Processing file /mnt/d/airflow/airflow_project/airflow_venv/lib/python3.12/site-packages/airflow/example_dags/example_skip_dag.py for tasks to queue
[2026-04-29T09:17:22.386+0300] {logging_mixin.py:188} INFO - [2026-04-29T09:17:22.384+0300] {dagbag.py:545} INFO - Filling up the DagBag from /mnt/d/airflow/airflow_project/airflow_venv/lib/python3.12/site-packages/airflow/example_dags/example_skip_dag.py
[2026-04-29T09:17:22.445+0300] {processor.py:840} INFO - DAG(s) 'example_skip_dag' retrieved from /mnt/d/airflow/airflow_project/airflow_venv/lib/python3.12/site-packages/airflow/example_dags/example_skip_dag.py
[2026-04-29T09:17:22.520+0300] {logging_mixin.py:188} INFO - [2026-04-29T09:17:22.517+0300] {dag.py:3089} INFO - Sync 1 DAGs
[2026-04-29T09:17:22.594+0300] {logging_mixin.py:188} INFO - [2026-04-29T09:17:22.590+0300] {dag.py:3947} INFO - Setting next_dagrun for example_skip_dag to 2026-04-28 00:00:00+00:00, run_after=2026-04-29 00:00:00+00:00
[2026-04-29T09:17:22.799+0300] {processor.py:183} INFO - Processing /mnt/d/airflow/airflow_project/airflow_venv/lib/python3.12/site-packages/airflow/example_dags/example_skip_dag.py took 0.448 seconds
[2026-04-29T09:18:35.273+0300] {processor.py:161} INFO - Started process (PID=27697) to work on /mnt/d/airflow/airflow_project/airflow_venv/lib/python3.12/site-packages/airflow/example_dags/example_skip_dag.py
[2026-04-29T09:18:35.278+0300] {processor.py:830} INFO - Processing file /mnt/d/airflow/airflow_project/airflow_venv/lib/python3.12/site-packages/airflow/example_dags/example_skip_dag.py for tasks to queue
[2026-04-29T09:18:35.286+0300] {logging_mixin.py:188} INFO - [2026-04-29T09:18:35.283+0300] {dagbag.py:545} INFO - Filling up the DagBag from /mnt/d/airflow/airflow_project/airflow_venv/lib/python3.12/site-packages/airflow/example_dags/example_skip_dag.py
[2026-04-29T09:18:35.378+0300] {processor.py:840} INFO - DAG(s) 'example_skip_dag' retrieved from /mnt/d/airflow/airflow_project/airflow_venv/lib/python3.12/site-packages/airflow/example_dags/example_skip_dag.py
[2026-04-29T09:18:35.456+0300] {logging_mixin.py:188} INFO - [2026-04-29T09:18:35.453+0300] {dag.py:3089} INFO - Sync 1 DAGs
[2026-04-29T09:18:35.547+0300] {logging_mixin.py:188} INFO - [2026-04-29T09:18:35.544+0300] {dag.py:3947} INFO - Setting next_dagrun for example_skip_dag to 2026-04-28 00:00:00+00:00, run_after=2026-04-29 00:00:00+00:00
[2026-04-29T09:18:35.686+0300] {processor.py:183} INFO - Processing /mnt/d/airflow/airflow_project/airflow_venv/lib/python3.12/site-packages/airflow/example_dags/example_skip_dag.py took 0.446 seconds
[2026-04-29T09:19:41.352+0300] {processor.py:161} INFO - Started process (PID=28104) to work on /mnt/d/airflow/airflow_project/airflow_venv/lib/python3.12/site-packages/airflow/example_dags/example_skip_dag.py
[2026-04-29T09:19:41.356+0300] {processor.py:830} INFO - Processing file /mnt/d/airflow/airflow_project/airflow_venv/lib/python3.12/site-packages/airflow/example_dags/example_skip_dag.py for tasks to queue
[2026-04-29T09:19:41.365+0300] {logging_mixin.py:188} INFO - [2026-04-29T09:19:41.362+0300] {dagbag.py:545} INFO - Filling up the DagBag from /mnt/d/airflow/airflow_project/airflow_venv/lib/python3.12/site-packages/airflow/example_dags/example_skip_dag.py
[2026-04-29T09:19:41.439+0300] {processor.py:840} INFO - DAG(s) 'example_skip_dag' retrieved from /mnt/d/airflow/airflow_project/airflow_venv/lib/python3.12/site-packages/airflow/example_dags/example_skip_dag.py
[2026-04-29T09:19:41.512+0300] {logging_mixin.py:188} INFO - [2026-04-29T09:19:41.508+0300] {dag.py:3089} INFO - Sync 1 DAGs
[2026-04-29T09:19:41.593+0300] {logging_mixin.py:188} INFO - [2026-04-29T09:19:41.589+0300] {dag.py:3947} INFO - Setting next_dagrun for example_skip_dag to 2026-04-28 00:00:00+00:00, run_after=2026-04-29 00:00:00+00:00
[2026-04-29T09:19:41.825+0300] {processor.py:183} INFO - Processing /mnt/d/airflow/airflow_project/airflow_venv/lib/python3.12/site-packages/airflow/example_dags/example_skip_dag.py took 0.504 seconds
[2026-04-29T09:20:55.040+0300] {processor.py:161} INFO - Started process (PID=28515) to work on /mnt/d/airflow/airflow_project/airflow_venv/lib/python3.12/site-packages/airflow/example_dags/example_skip_dag.py
[2026-04-29T09:20:55.043+0300] {processor.py:830} INFO - Processing file /mnt/d/airflow/airflow_project/airflow_venv/lib/python3.12/site-packages/airflow/example_dags/example_skip_dag.py for tasks to queue
[2026-04-29T09:20:55.052+0300] {logging_mixin.py:188} INFO - [2026-04-29T09:20:55.048+0300] {dagbag.py:545} INFO - Filling up the DagBag from /mnt/d/airflow/airflow_project/airflow_venv/lib/python3.12/site-packages/airflow/example_dags/example_skip_dag.py
[2026-04-29T09:20:55.122+0300] {processor.py:840} INFO - DAG(s) 'example_skip_dag' retrieved from /mnt/d/airflow/airflow_project/airflow_venv/lib/python3.12/site-packages/airflow/example_dags/example_skip_dag.py
[2026-04-29T09:20:55.194+0300] {logging_mixin.py:188} INFO - [2026-04-29T09:20:55.190+0300] {dag.py:3089} INFO - Sync 1 DAGs
[2026-04-29T09:20:55.263+0300] {logging_mixin.py:188} INFO - [2026-04-29T09:20:55.260+0300] {dag.py:3947} INFO - Setting next_dagrun for example_skip_dag to 2026-04-28 00:00:00+00:00, run_after=2026-04-29 00:00:00+00:00
[2026-04-29T09:20:55.463+0300] {processor.py:183} INFO - Processing /mnt/d/airflow/airflow_project/airflow_venv/lib/python3.12/site-packages/airflow/example_dags/example_skip_dag.py took 0.453 seconds
[2026-04-29T09:21:59.531+0300] {processor.py:161} INFO - Started process (PID=28883) to work on /mnt/d/airflow/airflow_project/airflow_venv/lib/python3.12/site-packages/airflow/example_dags/example_skip_dag.py
[2026-04-29T09:21:59.533+0300] {processor.py:830} INFO - Processing file /mnt/d/airflow/airflow_project/airflow_venv/lib/python3.12/site-packages/airflow/example_dags/example_skip_dag.py for tasks to queue
[2026-04-29T09:21:59.539+0300] {logging_mixin.py:188} INFO - [2026-04-29T09:21:59.537+0300] {dagbag.py:545} INFO - Filling up the DagBag from /mnt/d/airflow/airflow_project/airflow_venv/lib/python3.12/site-packages/airflow/example_dags/example_skip_dag.py
[2026-04-29T09:21:59.574+0300] {processor.py:840} INFO - DAG(s) 'example_skip_dag' retrieved from /mnt/d/airflow/airflow_project/airflow_venv/lib/python3.12/site-packages/airflow/example_dags/example_skip_dag.py
[2026-04-29T09:21:59.612+0300] {logging_mixin.py:188} INFO - [2026-04-29T09:21:59.611+0300] {dag.py:3089} INFO - Sync 1 DAGs
[2026-04-29T09:21:59.646+0300] {logging_mixin.py:188} INFO - [2026-04-29T09:21:59.645+0300] {dag.py:3947} INFO - Setting next_dagrun for example_skip_dag to 2026-04-28 00:00:00+00:00, run_after=2026-04-29 00:00:00+00:00
[2026-04-29T09:21:59.724+0300] {processor.py:183} INFO - Processing /mnt/d/airflow/airflow_project/airflow_venv/lib/python3.12/site-packages/airflow/example_dags/example_skip_dag.py took 0.213 seconds
[2026-04-29T09:23:57.717+0300] {processor.py:161} INFO - Started process (PID=29578) to work on /mnt/d/airflow/airflow_project/airflow_venv/lib/python3.12/site-packages/airflow/example_dags/example_skip_dag.py
[2026-04-29T09:23:57.722+0300] {processor.py:830} INFO - Processing file /mnt/d/airflow/airflow_project/airflow_venv/lib/python3.12/site-packages/airflow/example_dags/example_skip_dag.py for tasks to queue
[2026-04-29T09:23:57.730+0300] {logging_mixin.py:188} INFO - [2026-04-29T09:23:57.728+0300] {dagbag.py:545} INFO - Filling up the DagBag from /mnt/d/airflow/airflow_project/airflow_venv/lib/python3.12/site-packages/airflow/example_dags/example_skip_dag.py
[2026-04-29T09:23:57.793+0300] {processor.py:840} INFO - DAG(s) 'example_skip_dag' retrieved from /mnt/d/airflow/airflow_project/airflow_venv/lib/python3.12/site-packages/airflow/example_dags/example_skip_dag.py
[2026-04-29T09:23:57.853+0300] {logging_mixin.py:188} INFO - [2026-04-29T09:23:57.851+0300] {dag.py:3089} INFO - Sync 1 DAGs
[2026-04-29T09:23:57.897+0300] {logging_mixin.py:188} INFO - [2026-04-29T09:23:57.896+0300] {dag.py:3947} INFO - Setting next_dagrun for example_skip_dag to 2026-04-28 00:00:00+00:00, run_after=2026-04-29 00:00:00+00:00
[2026-04-29T09:23:58.047+0300] {processor.py:183} INFO - Processing /mnt/d/airflow/airflow_project/airflow_venv/lib/python3.12/site-packages/airflow/example_dags/example_skip_dag.py took 0.361 seconds
[2026-04-29T09:25:09.652+0300] {processor.py:161} INFO - Started process (PID=29977) to work on /mnt/d/airflow/airflow_project/airflow_venv/lib/python3.12/site-packages/airflow/example_dags/example_skip_dag.py
[2026-04-29T09:25:09.656+0300] {processor.py:830} INFO - Processing file /mnt/d/airflow/airflow_project/airflow_venv/lib/python3.12/site-packages/airflow/example_dags/example_skip_dag.py for tasks to queue
[2026-04-29T09:25:09.663+0300] {logging_mixin.py:188} INFO - [2026-04-29T09:25:09.660+0300] {dagbag.py:545} INFO - Filling up the DagBag from /mnt/d/airflow/airflow_project/airflow_venv/lib/python3.12/site-packages/airflow/example_dags/example_skip_dag.py
[2026-04-29T09:25:09.717+0300] {processor.py:840} INFO - DAG(s) 'example_skip_dag' retrieved from /mnt/d/airflow/airflow_project/airflow_venv/lib/python3.12/site-packages/airflow/example_dags/example_skip_dag.py
[2026-04-29T09:25:09.776+0300] {logging_mixin.py:188} INFO - [2026-04-29T09:25:09.774+0300] {dag.py:3089} INFO - Sync 1 DAGs
[2026-04-29T09:25:09.825+0300] {logging_mixin.py:188} INFO - [2026-04-29T09:25:09.824+0300] {dag.py:3947} INFO - Setting next_dagrun for example_skip_dag to 2026-04-28 00:00:00+00:00, run_after=2026-04-29 00:00:00+00:00
[2026-04-29T09:25:10.599+0300] {processor.py:183} INFO - Processing /mnt/d/airflow/airflow_project/airflow_venv/lib/python3.12/site-packages/airflow/example_dags/example_skip_dag.py took 0.323 seconds
[2026-04-29T09:26:18.200+0300] {processor.py:161} INFO - Started process (PID=30364) to work on /mnt/d/airflow/airflow_project/airflow_venv/lib/python3.12/site-packages/airflow/example_dags/example_skip_dag.py
[2026-04-29T09:26:18.205+0300] {processor.py:830} INFO - Processing file /mnt/d/airflow/airflow_project/airflow_venv/lib/python3.12/site-packages/airflow/example_dags/example_skip_dag.py for tasks to queue
[2026-04-29T09:26:18.213+0300] {logging_mixin.py:188} INFO - [2026-04-29T09:26:18.210+0300] {dagbag.py:545} INFO - Filling up the DagBag from /mnt/d/airflow/airflow_project/airflow_venv/lib/python3.12/site-packages/airflow/example_dags/example_skip_dag.py
[2026-04-29T09:26:18.285+0300] {processor.py:840} INFO - DAG(s) 'example_skip_dag' retrieved from /mnt/d/airflow/airflow_project/airflow_venv/lib/python3.12/site-packages/airflow/example_dags/example_skip_dag.py
[2026-04-29T09:26:18.366+0300] {logging_mixin.py:188} INFO - [2026-04-29T09:26:18.363+0300] {dag.py:3089} INFO - Sync 1 DAGs
[2026-04-29T09:26:18.432+0300] {logging_mixin.py:188} INFO - [2026-04-29T09:26:18.430+0300] {dag.py:3947} INFO - Setting next_dagrun for example_skip_dag to 2026-04-28 00:00:00+00:00, run_after=2026-04-29 00:00:00+00:00
[2026-04-29T09:26:18.565+0300] {processor.py:183} INFO - Processing /mnt/d/airflow/airflow_project/airflow_venv/lib/python3.12/site-packages/airflow/example_dags/example_skip_dag.py took 0.397 seconds
[2026-04-29T09:27:32.816+0300] {processor.py:161} INFO - Started process (PID=30780) to work on /mnt/d/airflow/airflow_project/airflow_venv/lib/python3.12/site-packages/airflow/example_dags/example_skip_dag.py
[2026-04-29T09:27:32.820+0300] {processor.py:830} INFO - Processing file /mnt/d/airflow/airflow_project/airflow_venv/lib/python3.12/site-packages/airflow/example_dags/example_skip_dag.py for tasks to queue
[2026-04-29T09:27:32.828+0300] {logging_mixin.py:188} INFO - [2026-04-29T09:27:32.825+0300] {dagbag.py:545} INFO - Filling up the DagBag from /mnt/d/airflow/airflow_project/airflow_venv/lib/python3.12/site-packages/airflow/example_dags/example_skip_dag.py
[2026-04-29T09:27:32.911+0300] {processor.py:840} INFO - DAG(s) 'example_skip_dag' retrieved from /mnt/d/airflow/airflow_project/airflow_venv/lib/python3.12/site-packages/airflow/example_dags/example_skip_dag.py
[2026-04-29T09:27:32.992+0300] {logging_mixin.py:188} INFO - [2026-04-29T09:27:32.989+0300] {dag.py:3089} INFO - Sync 1 DAGs
[2026-04-29T09:27:33.061+0300] {logging_mixin.py:188} INFO - [2026-04-29T09:27:33.059+0300] {dag.py:3947} INFO - Setting next_dagrun for example_skip_dag to 2026-04-28 00:00:00+00:00, run_after=2026-04-29 00:00:00+00:00
[2026-04-29T09:27:33.279+0300] {processor.py:183} INFO - Processing /mnt/d/airflow/airflow_project/airflow_venv/lib/python3.12/site-packages/airflow/example_dags/example_skip_dag.py took 0.493 seconds
[2026-04-29T09:28:47.954+0300] {processor.py:161} INFO - Started process (PID=31210) to work on /mnt/d/airflow/airflow_project/airflow_venv/lib/python3.12/site-packages/airflow/example_dags/example_skip_dag.py
[2026-04-29T09:28:47.960+0300] {processor.py:830} INFO - Processing file /mnt/d/airflow/airflow_project/airflow_venv/lib/python3.12/site-packages/airflow/example_dags/example_skip_dag.py for tasks to queue
[2026-04-29T09:28:47.969+0300] {logging_mixin.py:188} INFO - [2026-04-29T09:28:47.966+0300] {dagbag.py:545} INFO - Filling up the DagBag from /mnt/d/airflow/airflow_project/airflow_venv/lib/python3.12/site-packages/airflow/example_dags/example_skip_dag.py
[2026-04-29T09:28:48.020+0300] {processor.py:840} INFO - DAG(s) 'example_skip_dag' retrieved from /mnt/d/airflow/airflow_project/airflow_venv/lib/python3.12/site-packages/airflow/example_dags/example_skip_dag.py
[2026-04-29T09:28:48.089+0300] {logging_mixin.py:188} INFO - [2026-04-29T09:28:48.086+0300] {dag.py:3089} INFO - Sync 1 DAGs
[2026-04-29T09:28:48.150+0300] {logging_mixin.py:188} INFO - [2026-04-29T09:28:48.147+0300] {dag.py:3947} INFO - Setting next_dagrun for example_skip_dag to 2026-04-28 00:00:00+00:00, run_after=2026-04-29 00:00:00+00:00
[2026-04-29T09:28:48.324+0300] {processor.py:183} INFO - Processing /mnt/d/airflow/airflow_project/airflow_venv/lib/python3.12/site-packages/airflow/example_dags/example_skip_dag.py took 0.432 seconds
[2026-04-29T09:30:22.758+0300] {processor.py:161} INFO - Started process (PID=31781) to work on /mnt/d/airflow/airflow_project/airflow_venv/lib/python3.12/site-packages/airflow/example_dags/example_skip_dag.py
[2026-04-29T09:30:22.762+0300] {processor.py:830} INFO - Processing file /mnt/d/airflow/airflow_project/airflow_venv/lib/python3.12/site-packages/airflow/example_dags/example_skip_dag.py for tasks to queue
[2026-04-29T09:30:22.770+0300] {logging_mixin.py:188} INFO - [2026-04-29T09:30:22.766+0300] {dagbag.py:545} INFO - Filling up the DagBag from /mnt/d/airflow/airflow_project/airflow_venv/lib/python3.12/site-packages/airflow/example_dags/example_skip_dag.py
[2026-04-29T09:30:22.889+0300] {processor.py:840} INFO - DAG(s) 'example_skip_dag' retrieved from /mnt/d/airflow/airflow_project/airflow_venv/lib/python3.12/site-packages/airflow/example_dags/example_skip_dag.py
[2026-04-29T09:30:22.953+0300] {logging_mixin.py:188} INFO - [2026-04-29T09:30:22.951+0300] {dag.py:3089} INFO - Sync 1 DAGs
[2026-04-29T09:30:22.993+0300] {logging_mixin.py:188} INFO - [2026-04-29T09:30:22.992+0300] {dag.py:3947} INFO - Setting next_dagrun for example_skip_dag to 2026-04-28 00:00:00+00:00, run_after=2026-04-29 00:00:00+00:00
[2026-04-29T09:30:23.134+0300] {processor.py:183} INFO - Processing /mnt/d/airflow/airflow_project/airflow_venv/lib/python3.12/site-packages/airflow/example_dags/example_skip_dag.py took 0.417 seconds
[2026-04-29T09:31:38.384+0300] {processor.py:161} INFO - Started process (PID=32230) to work on /mnt/d/airflow/airflow_project/airflow_venv/lib/python3.12/site-packages/airflow/example_dags/example_skip_dag.py
[2026-04-29T09:31:38.387+0300] {processor.py:830} INFO - Processing file /mnt/d/airflow/airflow_project/airflow_venv/lib/python3.12/site-packages/airflow/example_dags/example_skip_dag.py for tasks to queue
[2026-04-29T09:31:38.391+0300] {logging_mixin.py:188} INFO - [2026-04-29T09:31:38.389+0300] {dagbag.py:545} INFO - Filling up the DagBag from /mnt/d/airflow/airflow_project/airflow_venv/lib/python3.12/site-packages/airflow/example_dags/example_skip_dag.py
[2026-04-29T09:31:38.412+0300] {processor.py:840} INFO - DAG(s) 'example_skip_dag' retrieved from /mnt/d/airflow/airflow_project/airflow_venv/lib/python3.12/site-packages/airflow/example_dags/example_skip_dag.py
[2026-04-29T09:31:38.474+0300] {logging_mixin.py:188} INFO - [2026-04-29T09:31:38.472+0300] {dag.py:3089} INFO - Sync 1 DAGs
[2026-04-29T09:31:38.513+0300] {logging_mixin.py:188} INFO - [2026-04-29T09:31:38.512+0300] {dag.py:3947} INFO - Setting next_dagrun for example_skip_dag to 2026-04-28 00:00:00+00:00, run_after=2026-04-29 00:00:00+00:00
[2026-04-29T09:31:38.578+0300] {processor.py:183} INFO - Processing /mnt/d/airflow/airflow_project/airflow_venv/lib/python3.12/site-packages/airflow/example_dags/example_skip_dag.py took 0.208 seconds
[2026-04-29T09:32:45.978+0300] {processor.py:161} INFO - Started process (PID=32631) to work on /mnt/d/airflow/airflow_project/airflow_venv/lib/python3.12/site-packages/airflow/example_dags/example_skip_dag.py
[2026-04-29T09:32:45.980+0300] {processor.py:830} INFO - Processing file /mnt/d/airflow/airflow_project/airflow_venv/lib/python3.12/site-packages/airflow/example_dags/example_skip_dag.py for tasks to queue
[2026-04-29T09:32:45.983+0300] {logging_mixin.py:188} INFO - [2026-04-29T09:32:45.982+0300] {dagbag.py:545} INFO - Filling up the DagBag from /mnt/d/airflow/airflow_project/airflow_venv/lib/python3.12/site-packages/airflow/example_dags/example_skip_dag.py
[2026-04-29T09:32:46.011+0300] {processor.py:840} INFO - DAG(s) 'example_skip_dag' retrieved from /mnt/d/airflow/airflow_project/airflow_venv/lib/python3.12/site-packages/airflow/example_dags/example_skip_dag.py
[2026-04-29T09:32:46.047+0300] {logging_mixin.py:188} INFO - [2026-04-29T09:32:46.046+0300] {dag.py:3089} INFO - Sync 1 DAGs
[2026-04-29T09:32:46.079+0300] {logging_mixin.py:188} INFO - [2026-04-29T09:32:46.078+0300] {dag.py:3947} INFO - Setting next_dagrun for example_skip_dag to 2026-04-28 00:00:00+00:00, run_after=2026-04-29 00:00:00+00:00
[2026-04-29T09:32:46.156+0300] {processor.py:183} INFO - Processing /mnt/d/airflow/airflow_project/airflow_venv/lib/python3.12/site-packages/airflow/example_dags/example_skip_dag.py took 0.191 seconds
[2026-04-29T09:33:57.935+0300] {processor.py:161} INFO - Started process (PID=33057) to work on /mnt/d/airflow/airflow_project/airflow_venv/lib/python3.12/site-packages/airflow/example_dags/example_skip_dag.py
[2026-04-29T09:33:57.939+0300] {processor.py:830} INFO - Processing file /mnt/d/airflow/airflow_project/airflow_venv/lib/python3.12/site-packages/airflow/example_dags/example_skip_dag.py for tasks to queue
[2026-04-29T09:33:57.948+0300] {logging_mixin.py:188} INFO - [2026-04-29T09:33:57.945+0300] {dagbag.py:545} INFO - Filling up the DagBag from /mnt/d/airflow/airflow_project/airflow_venv/lib/python3.12/site-packages/airflow/example_dags/example_skip_dag.py
[2026-04-29T09:33:58.017+0300] {processor.py:840} INFO - DAG(s) 'example_skip_dag' retrieved from /mnt/d/airflow/airflow_project/airflow_venv/lib/python3.12/site-packages/airflow/example_dags/example_skip_dag.py
[2026-04-29T09:33:58.078+0300] {logging_mixin.py:188} INFO - [2026-04-29T09:33:58.077+0300] {dag.py:3089} INFO - Sync 1 DAGs
[2026-04-29T09:33:58.116+0300] {logging_mixin.py:188} INFO - [2026-04-29T09:33:58.113+0300] {dag.py:3947} INFO - Setting next_dagrun for example_skip_dag to 2026-04-28 00:00:00+00:00, run_after=2026-04-29 00:00:00+00:00
[2026-04-29T09:33:58.972+0300] {processor.py:183} INFO - Processing /mnt/d/airflow/airflow_project/airflow_venv/lib/python3.12/site-packages/airflow/example_dags/example_skip_dag.py took 0.389 seconds
[2026-04-29T09:35:10.715+0300] {processor.py:161} INFO - Started process (PID=33475) to work on /mnt/d/airflow/airflow_project/airflow_venv/lib/python3.12/site-packages/airflow/example_dags/example_skip_dag.py
[2026-04-29T09:35:10.720+0300] {processor.py:830} INFO - Processing file /mnt/d/airflow/airflow_project/airflow_venv/lib/python3.12/site-packages/airflow/example_dags/example_skip_dag.py for tasks to queue
[2026-04-29T09:35:10.729+0300] {logging_mixin.py:188} INFO - [2026-04-29T09:35:10.726+0300] {dagbag.py:545} INFO - Filling up the DagBag from /mnt/d/airflow/airflow_project/airflow_venv/lib/python3.12/site-packages/airflow/example_dags/example_skip_dag.py
[2026-04-29T09:35:10.814+0300] {processor.py:840} INFO - DAG(s) 'example_skip_dag' retrieved from /mnt/d/airflow/airflow_project/airflow_venv/lib/python3.12/site-packages/airflow/example_dags/example_skip_dag.py
[2026-04-29T09:35:10.885+0300] {logging_mixin.py:188} INFO - [2026-04-29T09:35:10.882+0300] {dag.py:3089} INFO - Sync 1 DAGs
[2026-04-29T09:35:10.935+0300] {logging_mixin.py:188} INFO - [2026-04-29T09:35:10.933+0300] {dag.py:3947} INFO - Setting next_dagrun for example_skip_dag to 2026-04-28 00:00:00+00:00, run_after=2026-04-29 00:00:00+00:00
[2026-04-29T09:35:11.152+0300] {processor.py:183} INFO - Processing /mnt/d/airflow/airflow_project/airflow_venv/lib/python3.12/site-packages/airflow/example_dags/example_skip_dag.py took 0.470 seconds
[2026-04-29T09:36:14.540+0300] {processor.py:161} INFO - Started process (PID=33870) to work on /mnt/d/airflow/airflow_project/airflow_venv/lib/python3.12/site-packages/airflow/example_dags/example_skip_dag.py
[2026-04-29T09:36:14.544+0300] {processor.py:830} INFO - Processing file /mnt/d/airflow/airflow_project/airflow_venv/lib/python3.12/site-packages/airflow/example_dags/example_skip_dag.py for tasks to queue
[2026-04-29T09:36:14.551+0300] {logging_mixin.py:188} INFO - [2026-04-29T09:36:14.549+0300] {dagbag.py:545} INFO - Filling up the DagBag from /mnt/d/airflow/airflow_project/airflow_venv/lib/python3.12/site-packages/airflow/example_dags/example_skip_dag.py
[2026-04-29T09:36:14.586+0300] {processor.py:840} INFO - DAG(s) 'example_skip_dag' retrieved from /mnt/d/airflow/airflow_project/airflow_venv/lib/python3.12/site-packages/airflow/example_dags/example_skip_dag.py
[2026-04-29T09:36:14.651+0300] {logging_mixin.py:188} INFO - [2026-04-29T09:36:14.649+0300] {dag.py:3089} INFO - Sync 1 DAGs
[2026-04-29T09:36:14.707+0300] {logging_mixin.py:188} INFO - [2026-04-29T09:36:14.706+0300] {dag.py:3947} INFO - Setting next_dagrun for example_skip_dag to 2026-04-28 00:00:00+00:00, run_after=2026-04-29 00:00:00+00:00
[2026-04-29T09:36:14.819+0300] {processor.py:183} INFO - Processing /mnt/d/airflow/airflow_project/airflow_venv/lib/python3.12/site-packages/airflow/example_dags/example_skip_dag.py took 0.300 seconds
[2026-04-29T09:38:14.170+0300] {processor.py:161} INFO - Started process (PID=34608) to work on /mnt/d/airflow/airflow_project/airflow_venv/lib/python3.12/site-packages/airflow/example_dags/example_skip_dag.py
[2026-04-29T09:38:14.175+0300] {processor.py:830} INFO - Processing file /mnt/d/airflow/airflow_project/airflow_venv/lib/python3.12/site-packages/airflow/example_dags/example_skip_dag.py for tasks to queue
[2026-04-29T09:38:14.186+0300] {logging_mixin.py:188} INFO - [2026-04-29T09:38:14.183+0300] {dagbag.py:545} INFO - Filling up the DagBag from /mnt/d/airflow/airflow_project/airflow_venv/lib/python3.12/site-packages/airflow/example_dags/example_skip_dag.py
[2026-04-29T09:38:14.266+0300] {processor.py:840} INFO - DAG(s) 'example_skip_dag' retrieved from /mnt/d/airflow/airflow_project/airflow_venv/lib/python3.12/site-packages/airflow/example_dags/example_skip_dag.py
[2026-04-29T09:38:14.350+0300] {logging_mixin.py:188} INFO - [2026-04-29T09:38:14.347+0300] {dag.py:3089} INFO - Sync 1 DAGs
[2026-04-29T09:38:14.404+0300] {logging_mixin.py:188} INFO - [2026-04-29T09:38:14.402+0300] {dag.py:3947} INFO - Setting next_dagrun for example_skip_dag to 2026-04-28 00:00:00+00:00, run_after=2026-04-29 00:00:00+00:00
[2026-04-29T09:38:14.478+0300] {processor.py:183} INFO - Processing /mnt/d/airflow/airflow_project/airflow_venv/lib/python3.12/site-packages/airflow/example_dags/example_skip_dag.py took 0.348 seconds
[2026-04-29T09:39:22.172+0300] {processor.py:161} INFO - Started process (PID=35025) to work on /mnt/d/airflow/airflow_project/airflow_venv/lib/python3.12/site-packages/airflow/example_dags/example_skip_dag.py
[2026-04-29T09:39:22.175+0300] {processor.py:830} INFO - Processing file /mnt/d/airflow/airflow_project/airflow_venv/lib/python3.12/site-packages/airflow/example_dags/example_skip_dag.py for tasks to queue
[2026-04-29T09:39:22.182+0300] {logging_mixin.py:188} INFO - [2026-04-29T09:39:22.180+0300] {dagbag.py:545} INFO - Filling up the DagBag from /mnt/d/airflow/airflow_project/airflow_venv/lib/python3.12/site-packages/airflow/example_dags/example_skip_dag.py
[2026-04-29T09:39:22.249+0300] {processor.py:840} INFO - DAG(s) 'example_skip_dag' retrieved from /mnt/d/airflow/airflow_project/airflow_venv/lib/python3.12/site-packages/airflow/example_dags/example_skip_dag.py
[2026-04-29T09:39:22.299+0300] {logging_mixin.py:188} INFO - [2026-04-29T09:39:22.298+0300] {dag.py:3089} INFO - Sync 1 DAGs
[2026-04-29T09:39:22.359+0300] {logging_mixin.py:188} INFO - [2026-04-29T09:39:22.356+0300] {dag.py:3947} INFO - Setting next_dagrun for example_skip_dag to 2026-04-28 00:00:00+00:00, run_after=2026-04-29 00:00:00+00:00
[2026-04-29T09:39:22.514+0300] {processor.py:183} INFO - Processing /mnt/d/airflow/airflow_project/airflow_venv/lib/python3.12/site-packages/airflow/example_dags/example_skip_dag.py took 0.367 seconds
[2026-04-29T09:40:22.933+0300] {processor.py:161} INFO - Started process (PID=35371) to work on /mnt/d/airflow/airflow_project/airflow_venv/lib/python3.12/site-packages/airflow/example_dags/example_skip_dag.py
[2026-04-29T09:40:22.937+0300] {processor.py:830} INFO - Processing file /mnt/d/airflow/airflow_project/airflow_venv/lib/python3.12/site-packages/airflow/example_dags/example_skip_dag.py for tasks to queue
[2026-04-29T09:40:22.944+0300] {logging_mixin.py:188} INFO - [2026-04-29T09:40:22.941+0300] {dagbag.py:545} INFO - Filling up the DagBag from /mnt/d/airflow/airflow_project/airflow_venv/lib/python3.12/site-packages/airflow/example_dags/example_skip_dag.py
[2026-04-29T09:40:23.000+0300] {processor.py:840} INFO - DAG(s) 'example_skip_dag' retrieved from /mnt/d/airflow/airflow_project/airflow_venv/lib/python3.12/site-packages/airflow/example_dags/example_skip_dag.py
[2026-04-29T09:40:23.050+0300] {logging_mixin.py:188} INFO - [2026-04-29T09:40:23.049+0300] {dag.py:3089} INFO - Sync 1 DAGs
[2026-04-29T09:40:23.106+0300] {logging_mixin.py:188} INFO - [2026-04-29T09:40:23.104+0300] {dag.py:3947} INFO - Setting next_dagrun for example_skip_dag to 2026-04-28 00:00:00+00:00, run_after=2026-04-29 00:00:00+00:00
[2026-04-29T09:40:23.223+0300] {processor.py:183} INFO - Processing /mnt/d/airflow/airflow_project/airflow_venv/lib/python3.12/site-packages/airflow/example_dags/example_skip_dag.py took 0.319 seconds
[2026-04-29T09:42:25.573+0300] {processor.py:161} INFO - Started process (PID=36062) to work on /mnt/d/airflow/airflow_project/airflow_venv/lib/python3.12/site-packages/airflow/example_dags/example_skip_dag.py
[2026-04-29T09:42:25.577+0300] {processor.py:830} INFO - Processing file /mnt/d/airflow/airflow_project/airflow_venv/lib/python3.12/site-packages/airflow/example_dags/example_skip_dag.py for tasks to queue
[2026-04-29T09:42:25.583+0300] {logging_mixin.py:188} INFO - [2026-04-29T09:42:25.581+0300] {dagbag.py:545} INFO - Filling up the DagBag from /mnt/d/airflow/airflow_project/airflow_venv/lib/python3.12/site-packages/airflow/example_dags/example_skip_dag.py
[2026-04-29T09:42:25.635+0300] {processor.py:840} INFO - DAG(s) 'example_skip_dag' retrieved from /mnt/d/airflow/airflow_project/airflow_venv/lib/python3.12/site-packages/airflow/example_dags/example_skip_dag.py
[2026-04-29T09:42:25.693+0300] {logging_mixin.py:188} INFO - [2026-04-29T09:42:25.692+0300] {dag.py:3089} INFO - Sync 1 DAGs
[2026-04-29T09:42:25.744+0300] {logging_mixin.py:188} INFO - [2026-04-29T09:42:25.742+0300] {dag.py:3947} INFO - Setting next_dagrun for example_skip_dag to 2026-04-28 00:00:00+00:00, run_after=2026-04-29 00:00:00+00:00
[2026-04-29T09:42:25.827+0300] {processor.py:183} INFO - Processing /mnt/d/airflow/airflow_project/airflow_venv/lib/python3.12/site-packages/airflow/example_dags/example_skip_dag.py took 0.276 seconds
[2026-04-29T09:43:28.195+0300] {processor.py:161} INFO - Started process (PID=36462) to work on /mnt/d/airflow/airflow_project/airflow_venv/lib/python3.12/site-packages/airflow/example_dags/example_skip_dag.py
[2026-04-29T09:43:28.198+0300] {processor.py:830} INFO - Processing file /mnt/d/airflow/airflow_project/airflow_venv/lib/python3.12/site-packages/airflow/example_dags/example_skip_dag.py for tasks to queue
[2026-04-29T09:43:28.204+0300] {logging_mixin.py:188} INFO - [2026-04-29T09:43:28.202+0300] {dagbag.py:545} INFO - Filling up the DagBag from /mnt/d/airflow/airflow_project/airflow_venv/lib/python3.12/site-packages/airflow/example_dags/example_skip_dag.py
[2026-04-29T09:43:28.259+0300] {processor.py:840} INFO - DAG(s) 'example_skip_dag' retrieved from /mnt/d/airflow/airflow_project/airflow_venv/lib/python3.12/site-packages/airflow/example_dags/example_skip_dag.py
[2026-04-29T09:43:28.308+0300] {logging_mixin.py:188} INFO - [2026-04-29T09:43:28.307+0300] {dag.py:3089} INFO - Sync 1 DAGs
[2026-04-29T09:43:28.351+0300] {logging_mixin.py:188} INFO - [2026-04-29T09:43:28.349+0300] {dag.py:3947} INFO - Setting next_dagrun for example_skip_dag to 2026-04-28 00:00:00+00:00, run_after=2026-04-29 00:00:00+00:00
[2026-04-29T09:43:28.471+0300] {processor.py:183} INFO - Processing /mnt/d/airflow/airflow_project/airflow_venv/lib/python3.12/site-packages/airflow/example_dags/example_skip_dag.py took 0.304 seconds
[2026-04-29T09:45:00.911+0300] {processor.py:161} INFO - Started process (PID=37002) to work on /mnt/d/airflow/airflow_project/airflow_venv/lib/python3.12/site-packages/airflow/example_dags/example_skip_dag.py
[2026-04-29T09:45:00.914+0300] {processor.py:830} INFO - Processing file /mnt/d/airflow/airflow_project/airflow_venv/lib/python3.12/site-packages/airflow/example_dags/example_skip_dag.py for tasks to queue
[2026-04-29T09:45:00.919+0300] {logging_mixin.py:188} INFO - [2026-04-29T09:45:00.917+0300] {dagbag.py:545} INFO - Filling up the DagBag from /mnt/d/airflow/airflow_project/airflow_venv/lib/python3.12/site-packages/airflow/example_dags/example_skip_dag.py
[2026-04-29T09:45:00.946+0300] {processor.py:840} INFO - DAG(s) 'example_skip_dag' retrieved from /mnt/d/airflow/airflow_project/airflow_venv/lib/python3.12/site-packages/airflow/example_dags/example_skip_dag.py
[2026-04-29T09:45:02.653+0300] {logging_mixin.py:188} INFO - [2026-04-29T09:45:02.650+0300] {dag.py:3089} INFO - Sync 1 DAGs
[2026-04-29T09:45:02.722+0300] {logging_mixin.py:188} INFO - [2026-04-29T09:45:02.719+0300] {dag.py:3947} INFO - Setting next_dagrun for example_skip_dag to 2026-04-28 00:00:00+00:00, run_after=2026-04-29 00:00:00+00:00
[2026-04-29T09:45:02.899+0300] {processor.py:183} INFO - Processing /mnt/d/airflow/airflow_project/airflow_venv/lib/python3.12/site-packages/airflow/example_dags/example_skip_dag.py took 2.002 seconds
[2026-04-29T09:46:32.241+0300] {processor.py:161} INFO - Started process (PID=37506) to work on /mnt/d/airflow/airflow_project/airflow_venv/lib/python3.12/site-packages/airflow/example_dags/example_skip_dag.py
[2026-04-29T09:46:32.246+0300] {processor.py:830} INFO - Processing file /mnt/d/airflow/airflow_project/airflow_venv/lib/python3.12/site-packages/airflow/example_dags/example_skip_dag.py for tasks to queue
[2026-04-29T09:46:32.253+0300] {logging_mixin.py:188} INFO - [2026-04-29T09:46:32.250+0300] {dagbag.py:545} INFO - Filling up the DagBag from /mnt/d/airflow/airflow_project/airflow_venv/lib/python3.12/site-packages/airflow/example_dags/example_skip_dag.py
[2026-04-29T09:46:32.318+0300] {processor.py:840} INFO - DAG(s) 'example_skip_dag' retrieved from /mnt/d/airflow/airflow_project/airflow_venv/lib/python3.12/site-packages/airflow/example_dags/example_skip_dag.py
[2026-04-29T09:46:32.367+0300] {logging_mixin.py:188} INFO - [2026-04-29T09:46:32.365+0300] {dag.py:3089} INFO - Sync 1 DAGs
[2026-04-29T09:46:32.420+0300] {logging_mixin.py:188} INFO - [2026-04-29T09:46:32.419+0300] {dag.py:3947} INFO - Setting next_dagrun for example_skip_dag to 2026-04-28 00:00:00+00:00, run_after=2026-04-29 00:00:00+00:00
[2026-04-29T09:46:32.569+0300] {processor.py:183} INFO - Processing /mnt/d/airflow/airflow_project/airflow_venv/lib/python3.12/site-packages/airflow/example_dags/example_skip_dag.py took 0.363 seconds
[2026-04-29T09:48:13.910+0300] {processor.py:161} INFO - Started process (PID=38075) to work on /mnt/d/airflow/airflow_project/airflow_venv/lib/python3.12/site-packages/airflow/example_dags/example_skip_dag.py
[2026-04-29T09:48:13.913+0300] {processor.py:830} INFO - Processing file /mnt/d/airflow/airflow_project/airflow_venv/lib/python3.12/site-packages/airflow/example_dags/example_skip_dag.py for tasks to queue
[2026-04-29T09:48:13.919+0300] {logging_mixin.py:188} INFO - [2026-04-29T09:48:13.918+0300] {dagbag.py:545} INFO - Filling up the DagBag from /mnt/d/airflow/airflow_project/airflow_venv/lib/python3.12/site-packages/airflow/example_dags/example_skip_dag.py
[2026-04-29T09:48:13.958+0300] {processor.py:840} INFO - DAG(s) 'example_skip_dag' retrieved from /mnt/d/airflow/airflow_project/airflow_venv/lib/python3.12/site-packages/airflow/example_dags/example_skip_dag.py
[2026-04-29T09:48:14.022+0300] {logging_mixin.py:188} INFO - [2026-04-29T09:48:14.020+0300] {dag.py:3089} INFO - Sync 1 DAGs
[2026-04-29T09:48:14.080+0300] {logging_mixin.py:188} INFO - [2026-04-29T09:48:14.078+0300] {dag.py:3947} INFO - Setting next_dagrun for example_skip_dag to 2026-04-28 00:00:00+00:00, run_after=2026-04-29 00:00:00+00:00
[2026-04-29T09:48:14.207+0300] {processor.py:183} INFO - Processing /mnt/d/airflow/airflow_project/airflow_venv/lib/python3.12/site-packages/airflow/example_dags/example_skip_dag.py took 0.313 seconds
[2026-04-29T09:49:28.743+0300] {processor.py:161} INFO - Started process (PID=38492) to work on /mnt/d/airflow/airflow_project/airflow_venv/lib/python3.12/site-packages/airflow/example_dags/example_skip_dag.py
[2026-04-29T09:49:28.746+0300] {processor.py:830} INFO - Processing file /mnt/d/airflow/airflow_project/airflow_venv/lib/python3.12/site-packages/airflow/example_dags/example_skip_dag.py for tasks to queue
[2026-04-29T09:49:28.753+0300] {logging_mixin.py:188} INFO - [2026-04-29T09:49:28.750+0300] {dagbag.py:545} INFO - Filling up the DagBag from /mnt/d/airflow/airflow_project/airflow_venv/lib/python3.12/site-packages/airflow/example_dags/example_skip_dag.py
[2026-04-29T09:49:28.835+0300] {processor.py:840} INFO - DAG(s) 'example_skip_dag' retrieved from /mnt/d/airflow/airflow_project/airflow_venv/lib/python3.12/site-packages/airflow/example_dags/example_skip_dag.py
[2026-04-29T09:49:28.917+0300] {logging_mixin.py:188} INFO - [2026-04-29T09:49:28.914+0300] {dag.py:3089} INFO - Sync 1 DAGs
[2026-04-29T09:49:28.988+0300] {logging_mixin.py:188} INFO - [2026-04-29T09:49:28.986+0300] {dag.py:3947} INFO - Setting next_dagrun for example_skip_dag to 2026-04-28 00:00:00+00:00, run_after=2026-04-29 00:00:00+00:00
[2026-04-29T09:49:29.096+0300] {processor.py:183} INFO - Processing /mnt/d/airflow/airflow_project/airflow_venv/lib/python3.12/site-packages/airflow/example_dags/example_skip_dag.py took 0.384 seconds
[2026-04-29T09:50:37.229+0300] {processor.py:161} INFO - Started process (PID=38873) to work on /mnt/d/airflow/airflow_project/airflow_venv/lib/python3.12/site-packages/airflow/example_dags/example_skip_dag.py
[2026-04-29T09:50:37.233+0300] {processor.py:830} INFO - Processing file /mnt/d/airflow/airflow_project/airflow_venv/lib/python3.12/site-packages/airflow/example_dags/example_skip_dag.py for tasks to queue
[2026-04-29T09:50:37.239+0300] {logging_mixin.py:188} INFO - [2026-04-29T09:50:37.237+0300] {dagbag.py:545} INFO - Filling up the DagBag from /mnt/d/airflow/airflow_project/airflow_venv/lib/python3.12/site-packages/airflow/example_dags/example_skip_dag.py
[2026-04-29T09:50:37.272+0300] {processor.py:840} INFO - DAG(s) 'example_skip_dag' retrieved from /mnt/d/airflow/airflow_project/airflow_venv/lib/python3.12/site-packages/airflow/example_dags/example_skip_dag.py
[2026-04-29T09:50:37.317+0300] {logging_mixin.py:188} INFO - [2026-04-29T09:50:37.315+0300] {dag.py:3089} INFO - Sync 1 DAGs
[2026-04-29T09:50:37.362+0300] {logging_mixin.py:188} INFO - [2026-04-29T09:50:37.360+0300] {dag.py:3947} INFO - Setting next_dagrun for example_skip_dag to 2026-04-28 00:00:00+00:00, run_after=2026-04-29 00:00:00+00:00
[2026-04-29T09:50:37.491+0300] {processor.py:183} INFO - Processing /mnt/d/airflow/airflow_project/airflow_venv/lib/python3.12/site-packages/airflow/example_dags/example_skip_dag.py took 0.283 seconds
[2026-04-29T09:51:48.028+0300] {processor.py:161} INFO - Started process (PID=39289) to work on /mnt/d/airflow/airflow_project/airflow_venv/lib/python3.12/site-packages/airflow/example_dags/example_skip_dag.py
[2026-04-29T09:51:48.032+0300] {processor.py:830} INFO - Processing file /mnt/d/airflow/airflow_project/airflow_venv/lib/python3.12/site-packages/airflow/example_dags/example_skip_dag.py for tasks to queue
[2026-04-29T09:51:48.040+0300] {logging_mixin.py:188} INFO - [2026-04-29T09:51:48.038+0300] {dagbag.py:545} INFO - Filling up the DagBag from /mnt/d/airflow/airflow_project/airflow_venv/lib/python3.12/site-packages/airflow/example_dags/example_skip_dag.py
[2026-04-29T09:51:48.126+0300] {processor.py:840} INFO - DAG(s) 'example_skip_dag' retrieved from /mnt/d/airflow/airflow_project/airflow_venv/lib/python3.12/site-packages/airflow/example_dags/example_skip_dag.py
[2026-04-29T09:51:48.199+0300] {logging_mixin.py:188} INFO - [2026-04-29T09:51:48.195+0300] {dag.py:3089} INFO - Sync 1 DAGs
[2026-04-29T09:51:48.255+0300] {logging_mixin.py:188} INFO - [2026-04-29T09:51:48.253+0300] {dag.py:3947} INFO - Setting next_dagrun for example_skip_dag to 2026-04-28 00:00:00+00:00, run_after=2026-04-29 00:00:00+00:00
[2026-04-29T09:51:48.566+0300] {processor.py:183} INFO - Processing /mnt/d/airflow/airflow_project/airflow_venv/lib/python3.12/site-packages/airflow/example_dags/example_skip_dag.py took 0.574 seconds
[2026-04-29T09:55:59.002+0300] {processor.py:161} INFO - Started process (PID=40719) to work on /mnt/d/airflow/airflow_project/airflow_venv/lib/python3.12/site-packages/airflow/example_dags/example_skip_dag.py
[2026-04-29T09:55:59.047+0300] {processor.py:830} INFO - Processing file /mnt/d/airflow/airflow_project/airflow_venv/lib/python3.12/site-packages/airflow/example_dags/example_skip_dag.py for tasks to queue
[2026-04-29T09:55:59.053+0300] {logging_mixin.py:188} INFO - [2026-04-29T09:55:59.051+0300] {dagbag.py:545} INFO - Filling up the DagBag from /mnt/d/airflow/airflow_project/airflow_venv/lib/python3.12/site-packages/airflow/example_dags/example_skip_dag.py
[2026-04-29T09:55:59.118+0300] {processor.py:840} INFO - DAG(s) 'example_skip_dag' retrieved from /mnt/d/airflow/airflow_project/airflow_venv/lib/python3.12/site-packages/airflow/example_dags/example_skip_dag.py
[2026-04-29T09:55:59.172+0300] {logging_mixin.py:188} INFO - [2026-04-29T09:55:59.171+0300] {dag.py:3089} INFO - Sync 1 DAGs
[2026-04-29T09:55:59.254+0300] {logging_mixin.py:188} INFO - [2026-04-29T09:55:59.247+0300] {dag.py:3947} INFO - Setting next_dagrun for example_skip_dag to 2026-04-28 00:00:00+00:00, run_after=2026-04-29 00:00:00+00:00
[2026-04-29T09:55:59.370+0300] {processor.py:183} INFO - Processing /mnt/d/airflow/airflow_project/airflow_venv/lib/python3.12/site-packages/airflow/example_dags/example_skip_dag.py took 0.409 seconds
[2026-04-29T09:58:57.611+0300] {processor.py:161} INFO - Started process (PID=41751) to work on /mnt/d/airflow/airflow_project/airflow_venv/lib/python3.12/site-packages/airflow/example_dags/example_skip_dag.py
[2026-04-29T09:58:57.615+0300] {processor.py:830} INFO - Processing file /mnt/d/airflow/airflow_project/airflow_venv/lib/python3.12/site-packages/airflow/example_dags/example_skip_dag.py for tasks to queue
[2026-04-29T09:58:57.623+0300] {logging_mixin.py:188} INFO - [2026-04-29T09:58:57.621+0300] {dagbag.py:545} INFO - Filling up the DagBag from /mnt/d/airflow/airflow_project/airflow_venv/lib/python3.12/site-packages/airflow/example_dags/example_skip_dag.py
[2026-04-29T09:58:57.681+0300] {processor.py:840} INFO - DAG(s) 'example_skip_dag' retrieved from /mnt/d/airflow/airflow_project/airflow_venv/lib/python3.12/site-packages/airflow/example_dags/example_skip_dag.py
[2026-04-29T09:58:57.775+0300] {logging_mixin.py:188} INFO - [2026-04-29T09:58:57.772+0300] {dag.py:3089} INFO - Sync 1 DAGs
[2026-04-29T09:58:57.836+0300] {logging_mixin.py:188} INFO - [2026-04-29T09:58:57.835+0300] {dag.py:3947} INFO - Setting next_dagrun for example_skip_dag to 2026-04-28 00:00:00+00:00, run_after=2026-04-29 00:00:00+00:00
[2026-04-29T09:58:57.980+0300] {processor.py:183} INFO - Processing /mnt/d/airflow/airflow_project/airflow_venv/lib/python3.12/site-packages/airflow/example_dags/example_skip_dag.py took 0.396 seconds
[2026-04-29T10:00:35.110+0300] {processor.py:161} INFO - Started process (PID=42280) to work on /mnt/d/airflow/airflow_project/airflow_venv/lib/python3.12/site-packages/airflow/example_dags/example_skip_dag.py
[2026-04-29T10:00:35.114+0300] {processor.py:830} INFO - Processing file /mnt/d/airflow/airflow_project/airflow_venv/lib/python3.12/site-packages/airflow/example_dags/example_skip_dag.py for tasks to queue
[2026-04-29T10:00:35.122+0300] {logging_mixin.py:188} INFO - [2026-04-29T10:00:35.119+0300] {dagbag.py:545} INFO - Filling up the DagBag from /mnt/d/airflow/airflow_project/airflow_venv/lib/python3.12/site-packages/airflow/example_dags/example_skip_dag.py
[2026-04-29T10:00:35.183+0300] {processor.py:840} INFO - DAG(s) 'example_skip_dag' retrieved from /mnt/d/airflow/airflow_project/airflow_venv/lib/python3.12/site-packages/airflow/example_dags/example_skip_dag.py
[2026-04-29T10:00:35.241+0300] {logging_mixin.py:188} INFO - [2026-04-29T10:00:35.239+0300] {dag.py:3089} INFO - Sync 1 DAGs
[2026-04-29T10:00:35.383+0300] {logging_mixin.py:188} INFO - [2026-04-29T10:00:35.381+0300] {dag.py:3947} INFO - Setting next_dagrun for example_skip_dag to 2026-04-28 00:00:00+00:00, run_after=2026-04-29 00:00:00+00:00
[2026-04-29T10:00:35.503+0300] {processor.py:183} INFO - Processing /mnt/d/airflow/airflow_project/airflow_venv/lib/python3.12/site-packages/airflow/example_dags/example_skip_dag.py took 0.422 seconds
[2026-04-29T10:02:49.305+0300] {processor.py:161} INFO - Started process (PID=43004) to work on /mnt/d/airflow/airflow_project/airflow_venv/lib/python3.12/site-packages/airflow/example_dags/example_skip_dag.py
[2026-04-29T10:02:49.308+0300] {processor.py:830} INFO - Processing file /mnt/d/airflow/airflow_project/airflow_venv/lib/python3.12/site-packages/airflow/example_dags/example_skip_dag.py for tasks to queue
[2026-04-29T10:02:49.315+0300] {logging_mixin.py:188} INFO - [2026-04-29T10:02:49.313+0300] {dagbag.py:545} INFO - Filling up the DagBag from /mnt/d/airflow/airflow_project/airflow_venv/lib/python3.12/site-packages/airflow/example_dags/example_skip_dag.py
[2026-04-29T10:02:49.363+0300] {processor.py:840} INFO - DAG(s) 'example_skip_dag' retrieved from /mnt/d/airflow/airflow_project/airflow_venv/lib/python3.12/site-packages/airflow/example_dags/example_skip_dag.py
[2026-04-29T10:02:49.417+0300] {logging_mixin.py:188} INFO - [2026-04-29T10:02:49.415+0300] {dag.py:3089} INFO - Sync 1 DAGs
[2026-04-29T10:02:49.476+0300] {logging_mixin.py:188} INFO - [2026-04-29T10:02:49.473+0300] {dag.py:3947} INFO - Setting next_dagrun for example_skip_dag to 2026-04-28 00:00:00+00:00, run_after=2026-04-29 00:00:00+00:00
[2026-04-29T10:02:49.662+0300] {processor.py:183} INFO - Processing /mnt/d/airflow/airflow_project/airflow_venv/lib/python3.12/site-packages/airflow/example_dags/example_skip_dag.py took 0.383 seconds
[2026-04-29T10:04:33.229+0300] {processor.py:161} INFO - Started process (PID=43616) to work on /mnt/d/airflow/airflow_project/airflow_venv/lib/python3.12/site-packages/airflow/example_dags/example_skip_dag.py
[2026-04-29T10:04:33.231+0300] {processor.py:830} INFO - Processing file /mnt/d/airflow/airflow_project/airflow_venv/lib/python3.12/site-packages/airflow/example_dags/example_skip_dag.py for tasks to queue
[2026-04-29T10:04:33.234+0300] {logging_mixin.py:188} INFO - [2026-04-29T10:04:33.233+0300] {dagbag.py:545} INFO - Filling up the DagBag from /mnt/d/airflow/airflow_project/airflow_venv/lib/python3.12/site-packages/airflow/example_dags/example_skip_dag.py
[2026-04-29T10:04:33.257+0300] {processor.py:840} INFO - DAG(s) 'example_skip_dag' retrieved from /mnt/d/airflow/airflow_project/airflow_venv/lib/python3.12/site-packages/airflow/example_dags/example_skip_dag.py
[2026-04-29T10:04:33.289+0300] {logging_mixin.py:188} INFO - [2026-04-29T10:04:33.288+0300] {dag.py:3089} INFO - Sync 1 DAGs
[2026-04-29T10:04:33.438+0300] {logging_mixin.py:188} INFO - [2026-04-29T10:04:33.437+0300] {dag.py:3947} INFO - Setting next_dagrun for example_skip_dag to 2026-04-28 00:00:00+00:00, run_after=2026-04-29 00:00:00+00:00
[2026-04-29T10:04:33.553+0300] {processor.py:183} INFO - Processing /mnt/d/airflow/airflow_project/airflow_venv/lib/python3.12/site-packages/airflow/example_dags/example_skip_dag.py took 0.338 seconds
[2026-04-29T10:06:44.791+0300] {processor.py:161} INFO - Started process (PID=44347) to work on /mnt/d/airflow/airflow_project/airflow_venv/lib/python3.12/site-packages/airflow/example_dags/example_skip_dag.py
[2026-04-29T10:06:44.795+0300] {processor.py:830} INFO - Processing file /mnt/d/airflow/airflow_project/airflow_venv/lib/python3.12/site-packages/airflow/example_dags/example_skip_dag.py for tasks to queue
[2026-04-29T10:06:44.802+0300] {logging_mixin.py:188} INFO - [2026-04-29T10:06:44.800+0300] {dagbag.py:545} INFO - Filling up the DagBag from /mnt/d/airflow/airflow_project/airflow_venv/lib/python3.12/site-packages/airflow/example_dags/example_skip_dag.py
[2026-04-29T10:06:44.859+0300] {processor.py:840} INFO - DAG(s) 'example_skip_dag' retrieved from /mnt/d/airflow/airflow_project/airflow_venv/lib/python3.12/site-packages/airflow/example_dags/example_skip_dag.py
[2026-04-29T10:06:44.916+0300] {logging_mixin.py:188} INFO - [2026-04-29T10:06:44.915+0300] {dag.py:3089} INFO - Sync 1 DAGs
[2026-04-29T10:06:44.971+0300] {logging_mixin.py:188} INFO - [2026-04-29T10:06:44.969+0300] {dag.py:3947} INFO - Setting next_dagrun for example_skip_dag to 2026-04-28 00:00:00+00:00, run_after=2026-04-29 00:00:00+00:00
[2026-04-29T10:06:45.291+0300] {processor.py:183} INFO - Processing /mnt/d/airflow/airflow_project/airflow_venv/lib/python3.12/site-packages/airflow/example_dags/example_skip_dag.py took 0.534 seconds
[2026-04-29T10:07:54.686+0300] {processor.py:161} INFO - Started process (PID=44736) to work on /mnt/d/airflow/airflow_project/airflow_venv/lib/python3.12/site-packages/airflow/example_dags/example_skip_dag.py
[2026-04-29T10:07:54.691+0300] {processor.py:830} INFO - Processing file /mnt/d/airflow/airflow_project/airflow_venv/lib/python3.12/site-packages/airflow/example_dags/example_skip_dag.py for tasks to queue
[2026-04-29T10:07:54.701+0300] {logging_mixin.py:188} INFO - [2026-04-29T10:07:54.697+0300] {dagbag.py:545} INFO - Filling up the DagBag from /mnt/d/airflow/airflow_project/airflow_venv/lib/python3.12/site-packages/airflow/example_dags/example_skip_dag.py
[2026-04-29T10:07:54.777+0300] {processor.py:840} INFO - DAG(s) 'example_skip_dag' retrieved from /mnt/d/airflow/airflow_project/airflow_venv/lib/python3.12/site-packages/airflow/example_dags/example_skip_dag.py
[2026-04-29T10:07:54.958+0300] {logging_mixin.py:188} INFO - [2026-04-29T10:07:54.956+0300] {dag.py:3089} INFO - Sync 1 DAGs
[2026-04-29T10:07:55.011+0300] {logging_mixin.py:188} INFO - [2026-04-29T10:07:55.009+0300] {dag.py:3947} INFO - Setting next_dagrun for example_skip_dag to 2026-04-28 00:00:00+00:00, run_after=2026-04-29 00:00:00+00:00
[2026-04-29T10:07:55.182+0300] {processor.py:183} INFO - Processing /mnt/d/airflow/airflow_project/airflow_venv/lib/python3.12/site-packages/airflow/example_dags/example_skip_dag.py took 0.531 seconds
[2026-04-29T10:09:52.804+0300] {processor.py:161} INFO - Started process (PID=45392) to work on /mnt/d/airflow/airflow_project/airflow_venv/lib/python3.12/site-packages/airflow/example_dags/example_skip_dag.py
[2026-04-29T10:09:52.809+0300] {processor.py:830} INFO - Processing file /mnt/d/airflow/airflow_project/airflow_venv/lib/python3.12/site-packages/airflow/example_dags/example_skip_dag.py for tasks to queue
[2026-04-29T10:09:52.819+0300] {logging_mixin.py:188} INFO - [2026-04-29T10:09:52.815+0300] {dagbag.py:545} INFO - Filling up the DagBag from /mnt/d/airflow/airflow_project/airflow_venv/lib/python3.12/site-packages/airflow/example_dags/example_skip_dag.py
[2026-04-29T10:09:52.886+0300] {processor.py:840} INFO - DAG(s) 'example_skip_dag' retrieved from /mnt/d/airflow/airflow_project/airflow_venv/lib/python3.12/site-packages/airflow/example_dags/example_skip_dag.py
[2026-04-29T10:09:52.958+0300] {logging_mixin.py:188} INFO - [2026-04-29T10:09:52.956+0300] {dag.py:3089} INFO - Sync 1 DAGs
[2026-04-29T10:09:53.015+0300] {logging_mixin.py:188} INFO - [2026-04-29T10:09:53.013+0300] {dag.py:3947} INFO - Setting next_dagrun for example_skip_dag to 2026-04-28 00:00:00+00:00, run_after=2026-04-29 00:00:00+00:00
[2026-04-29T10:09:53.189+0300] {processor.py:183} INFO - Processing /mnt/d/airflow/airflow_project/airflow_venv/lib/python3.12/site-packages/airflow/example_dags/example_skip_dag.py took 0.420 seconds
[2026-04-29T10:11:01.601+0300] {processor.py:161} INFO - Started process (PID=45773) to work on /mnt/d/airflow/airflow_project/airflow_venv/lib/python3.12/site-packages/airflow/example_dags/example_skip_dag.py
[2026-04-29T10:11:01.607+0300] {processor.py:830} INFO - Processing file /mnt/d/airflow/airflow_project/airflow_venv/lib/python3.12/site-packages/airflow/example_dags/example_skip_dag.py for tasks to queue
[2026-04-29T10:11:01.617+0300] {logging_mixin.py:188} INFO - [2026-04-29T10:11:01.614+0300] {dagbag.py:545} INFO - Filling up the DagBag from /mnt/d/airflow/airflow_project/airflow_venv/lib/python3.12/site-packages/airflow/example_dags/example_skip_dag.py
[2026-04-29T10:11:01.698+0300] {processor.py:840} INFO - DAG(s) 'example_skip_dag' retrieved from /mnt/d/airflow/airflow_project/airflow_venv/lib/python3.12/site-packages/airflow/example_dags/example_skip_dag.py
[2026-04-29T10:11:01.776+0300] {logging_mixin.py:188} INFO - [2026-04-29T10:11:01.773+0300] {dag.py:3089} INFO - Sync 1 DAGs
[2026-04-29T10:11:01.850+0300] {logging_mixin.py:188} INFO - [2026-04-29T10:11:01.847+0300] {dag.py:3947} INFO - Setting next_dagrun for example_skip_dag to 2026-04-28 00:00:00+00:00, run_after=2026-04-29 00:00:00+00:00
[2026-04-29T10:11:02.059+0300] {processor.py:183} INFO - Processing /mnt/d/airflow/airflow_project/airflow_venv/lib/python3.12/site-packages/airflow/example_dags/example_skip_dag.py took 0.493 seconds
[2026-04-29T10:12:12.021+0300] {processor.py:161} INFO - Started process (PID=46156) to work on /mnt/d/airflow/airflow_project/airflow_venv/lib/python3.12/site-packages/airflow/example_dags/example_skip_dag.py
[2026-04-29T10:12:12.023+0300] {processor.py:830} INFO - Processing file /mnt/d/airflow/airflow_project/airflow_venv/lib/python3.12/site-packages/airflow/example_dags/example_skip_dag.py for tasks to queue
[2026-04-29T10:12:12.029+0300] {logging_mixin.py:188} INFO - [2026-04-29T10:12:12.028+0300] {dagbag.py:545} INFO - Filling up the DagBag from /mnt/d/airflow/airflow_project/airflow_venv/lib/python3.12/site-packages/airflow/example_dags/example_skip_dag.py
[2026-04-29T10:12:12.065+0300] {processor.py:840} INFO - DAG(s) 'example_skip_dag' retrieved from /mnt/d/airflow/airflow_project/airflow_venv/lib/python3.12/site-packages/airflow/example_dags/example_skip_dag.py
[2026-04-29T10:12:12.109+0300] {logging_mixin.py:188} INFO - [2026-04-29T10:12:12.108+0300] {dag.py:3089} INFO - Sync 1 DAGs
[2026-04-29T10:12:12.148+0300] {logging_mixin.py:188} INFO - [2026-04-29T10:12:12.147+0300] {dag.py:3947} INFO - Setting next_dagrun for example_skip_dag to 2026-04-28 00:00:00+00:00, run_after=2026-04-29 00:00:00+00:00
[2026-04-29T10:12:12.292+0300] {processor.py:183} INFO - Processing /mnt/d/airflow/airflow_project/airflow_venv/lib/python3.12/site-packages/airflow/example_dags/example_skip_dag.py took 0.290 seconds
