[2026-04-29T09:16:29.747+0300] {processor.py:161} INFO - Started process (PID=26954) to work on /mnt/d/airflow/airflow_project/airflow_venv/lib/python3.12/site-packages/airflow/example_dags/example_branch_day_of_week_operator.py
[2026-04-29T09:16:29.749+0300] {processor.py:830} INFO - Processing file /mnt/d/airflow/airflow_project/airflow_venv/lib/python3.12/site-packages/airflow/example_dags/example_branch_day_of_week_operator.py for tasks to queue
[2026-04-29T09:16:29.751+0300] {logging_mixin.py:188} INFO - [2026-04-29T09:16:29.750+0300] {dagbag.py:545} INFO - Filling up the DagBag from /mnt/d/airflow/airflow_project/airflow_venv/lib/python3.12/site-packages/airflow/example_dags/example_branch_day_of_week_operator.py
[2026-04-29T09:16:29.883+0300] {processor.py:840} INFO - DAG(s) 'example_weekday_branch_operator' retrieved from /mnt/d/airflow/airflow_project/airflow_venv/lib/python3.12/site-packages/airflow/example_dags/example_branch_day_of_week_operator.py
[2026-04-29T09:16:31.376+0300] {logging_mixin.py:188} INFO - [2026-04-29T09:16:31.374+0300] {override.py:1858} INFO - Created Permission View: can edit on DAG:example_weekday_branch_operator
[2026-04-29T09:16:31.438+0300] {logging_mixin.py:188} INFO - [2026-04-29T09:16:31.437+0300] {override.py:1858} INFO - Created Permission View: can delete on DAG:example_weekday_branch_operator
[2026-04-29T09:16:31.476+0300] {logging_mixin.py:188} INFO - [2026-04-29T09:16:31.474+0300] {override.py:1858} INFO - Created Permission View: can read on DAG:example_weekday_branch_operator
[2026-04-29T09:16:31.479+0300] {logging_mixin.py:188} INFO - [2026-04-29T09:16:31.477+0300] {dag.py:3089} INFO - Sync 1 DAGs
[2026-04-29T09:16:31.502+0300] {logging_mixin.py:188} INFO - [2026-04-29T09:16:31.501+0300] {dag.py:3111} INFO - Creating ORM DAG for example_weekday_branch_operator
[2026-04-29T09:16:31.518+0300] {logging_mixin.py:188} INFO - [2026-04-29T09:16:31.516+0300] {dag.py:3947} INFO - Setting next_dagrun for example_weekday_branch_operator to 2026-04-28 00:00:00+00:00, run_after=2026-04-29 00:00:00+00:00
[2026-04-29T09:16:31.611+0300] {processor.py:183} INFO - Processing /mnt/d/airflow/airflow_project/airflow_venv/lib/python3.12/site-packages/airflow/example_dags/example_branch_day_of_week_operator.py took 1.873 seconds
[2026-04-29T09:18:51.552+0300] {processor.py:161} INFO - Started process (PID=27791) to work on /mnt/d/airflow/airflow_project/airflow_venv/lib/python3.12/site-packages/airflow/example_dags/example_branch_day_of_week_operator.py
[2026-04-29T09:18:51.556+0300] {processor.py:830} INFO - Processing file /mnt/d/airflow/airflow_project/airflow_venv/lib/python3.12/site-packages/airflow/example_dags/example_branch_day_of_week_operator.py for tasks to queue
[2026-04-29T09:18:51.563+0300] {logging_mixin.py:188} INFO - [2026-04-29T09:18:51.560+0300] {dagbag.py:545} INFO - Filling up the DagBag from /mnt/d/airflow/airflow_project/airflow_venv/lib/python3.12/site-packages/airflow/example_dags/example_branch_day_of_week_operator.py
[2026-04-29T09:18:51.641+0300] {processor.py:840} INFO - DAG(s) 'example_weekday_branch_operator' retrieved from /mnt/d/airflow/airflow_project/airflow_venv/lib/python3.12/site-packages/airflow/example_dags/example_branch_day_of_week_operator.py
[2026-04-29T09:18:51.695+0300] {logging_mixin.py:188} INFO - [2026-04-29T09:18:51.694+0300] {dag.py:3089} INFO - Sync 1 DAGs
[2026-04-29T09:18:51.723+0300] {logging_mixin.py:188} INFO - [2026-04-29T09:18:51.721+0300] {dag.py:3947} INFO - Setting next_dagrun for example_weekday_branch_operator to 2026-04-28 00:00:00+00:00, run_after=2026-04-29 00:00:00+00:00
[2026-04-29T09:18:51.813+0300] {processor.py:183} INFO - Processing /mnt/d/airflow/airflow_project/airflow_venv/lib/python3.12/site-packages/airflow/example_dags/example_branch_day_of_week_operator.py took 0.288 seconds
[2026-04-29T09:21:14.546+0300] {processor.py:161} INFO - Started process (PID=28632) to work on /mnt/d/airflow/airflow_project/airflow_venv/lib/python3.12/site-packages/airflow/example_dags/example_branch_day_of_week_operator.py
[2026-04-29T09:21:14.550+0300] {processor.py:830} INFO - Processing file /mnt/d/airflow/airflow_project/airflow_venv/lib/python3.12/site-packages/airflow/example_dags/example_branch_day_of_week_operator.py for tasks to queue
[2026-04-29T09:21:14.558+0300] {logging_mixin.py:188} INFO - [2026-04-29T09:21:14.556+0300] {dagbag.py:545} INFO - Filling up the DagBag from /mnt/d/airflow/airflow_project/airflow_venv/lib/python3.12/site-packages/airflow/example_dags/example_branch_day_of_week_operator.py
[2026-04-29T09:21:14.642+0300] {processor.py:840} INFO - DAG(s) 'example_weekday_branch_operator' retrieved from /mnt/d/airflow/airflow_project/airflow_venv/lib/python3.12/site-packages/airflow/example_dags/example_branch_day_of_week_operator.py
[2026-04-29T09:21:14.683+0300] {logging_mixin.py:188} INFO - [2026-04-29T09:21:14.681+0300] {dag.py:3089} INFO - Sync 1 DAGs
[2026-04-29T09:21:14.709+0300] {logging_mixin.py:188} INFO - [2026-04-29T09:21:14.708+0300] {dag.py:3947} INFO - Setting next_dagrun for example_weekday_branch_operator to 2026-04-28 00:00:00+00:00, run_after=2026-04-29 00:00:00+00:00
[2026-04-29T09:21:14.771+0300] {processor.py:183} INFO - Processing /mnt/d/airflow/airflow_project/airflow_venv/lib/python3.12/site-packages/airflow/example_dags/example_branch_day_of_week_operator.py took 0.258 seconds
[2026-04-29T09:23:11.553+0300] {processor.py:161} INFO - Started process (PID=29314) to work on /mnt/d/airflow/airflow_project/airflow_venv/lib/python3.12/site-packages/airflow/example_dags/example_branch_day_of_week_operator.py
[2026-04-29T09:23:11.557+0300] {processor.py:830} INFO - Processing file /mnt/d/airflow/airflow_project/airflow_venv/lib/python3.12/site-packages/airflow/example_dags/example_branch_day_of_week_operator.py for tasks to queue
[2026-04-29T09:23:11.566+0300] {logging_mixin.py:188} INFO - [2026-04-29T09:23:11.563+0300] {dagbag.py:545} INFO - Filling up the DagBag from /mnt/d/airflow/airflow_project/airflow_venv/lib/python3.12/site-packages/airflow/example_dags/example_branch_day_of_week_operator.py
[2026-04-29T09:23:11.656+0300] {processor.py:840} INFO - DAG(s) 'example_weekday_branch_operator' retrieved from /mnt/d/airflow/airflow_project/airflow_venv/lib/python3.12/site-packages/airflow/example_dags/example_branch_day_of_week_operator.py
[2026-04-29T09:23:11.715+0300] {logging_mixin.py:188} INFO - [2026-04-29T09:23:11.712+0300] {dag.py:3089} INFO - Sync 1 DAGs
[2026-04-29T09:23:11.749+0300] {logging_mixin.py:188} INFO - [2026-04-29T09:23:11.747+0300] {dag.py:3947} INFO - Setting next_dagrun for example_weekday_branch_operator to 2026-04-28 00:00:00+00:00, run_after=2026-04-29 00:00:00+00:00
[2026-04-29T09:23:11.958+0300] {processor.py:183} INFO - Processing /mnt/d/airflow/airflow_project/airflow_venv/lib/python3.12/site-packages/airflow/example_dags/example_branch_day_of_week_operator.py took 0.437 seconds
[2026-04-29T09:25:30.825+0300] {processor.py:161} INFO - Started process (PID=30097) to work on /mnt/d/airflow/airflow_project/airflow_venv/lib/python3.12/site-packages/airflow/example_dags/example_branch_day_of_week_operator.py
[2026-04-29T09:25:30.827+0300] {processor.py:830} INFO - Processing file /mnt/d/airflow/airflow_project/airflow_venv/lib/python3.12/site-packages/airflow/example_dags/example_branch_day_of_week_operator.py for tasks to queue
[2026-04-29T09:25:30.831+0300] {logging_mixin.py:188} INFO - [2026-04-29T09:25:30.829+0300] {dagbag.py:545} INFO - Filling up the DagBag from /mnt/d/airflow/airflow_project/airflow_venv/lib/python3.12/site-packages/airflow/example_dags/example_branch_day_of_week_operator.py
[2026-04-29T09:25:30.900+0300] {processor.py:840} INFO - DAG(s) 'example_weekday_branch_operator' retrieved from /mnt/d/airflow/airflow_project/airflow_venv/lib/python3.12/site-packages/airflow/example_dags/example_branch_day_of_week_operator.py
[2026-04-29T09:25:30.960+0300] {logging_mixin.py:188} INFO - [2026-04-29T09:25:30.957+0300] {dag.py:3089} INFO - Sync 1 DAGs
[2026-04-29T09:25:31.035+0300] {logging_mixin.py:188} INFO - [2026-04-29T09:25:31.032+0300] {dag.py:3947} INFO - Setting next_dagrun for example_weekday_branch_operator to 2026-04-28 00:00:00+00:00, run_after=2026-04-29 00:00:00+00:00
[2026-04-29T09:25:31.246+0300] {processor.py:183} INFO - Processing /mnt/d/airflow/airflow_project/airflow_venv/lib/python3.12/site-packages/airflow/example_dags/example_branch_day_of_week_operator.py took 0.438 seconds
[2026-04-29T09:27:56.589+0300] {processor.py:161} INFO - Started process (PID=30910) to work on /mnt/d/airflow/airflow_project/airflow_venv/lib/python3.12/site-packages/airflow/example_dags/example_branch_day_of_week_operator.py
[2026-04-29T09:27:56.593+0300] {processor.py:830} INFO - Processing file /mnt/d/airflow/airflow_project/airflow_venv/lib/python3.12/site-packages/airflow/example_dags/example_branch_day_of_week_operator.py for tasks to queue
[2026-04-29T09:27:56.599+0300] {logging_mixin.py:188} INFO - [2026-04-29T09:27:56.597+0300] {dagbag.py:545} INFO - Filling up the DagBag from /mnt/d/airflow/airflow_project/airflow_venv/lib/python3.12/site-packages/airflow/example_dags/example_branch_day_of_week_operator.py
[2026-04-29T09:27:56.678+0300] {processor.py:840} INFO - DAG(s) 'example_weekday_branch_operator' retrieved from /mnt/d/airflow/airflow_project/airflow_venv/lib/python3.12/site-packages/airflow/example_dags/example_branch_day_of_week_operator.py
[2026-04-29T09:27:56.738+0300] {logging_mixin.py:188} INFO - [2026-04-29T09:27:56.737+0300] {dag.py:3089} INFO - Sync 1 DAGs
[2026-04-29T09:27:56.766+0300] {logging_mixin.py:188} INFO - [2026-04-29T09:27:56.764+0300] {dag.py:3947} INFO - Setting next_dagrun for example_weekday_branch_operator to 2026-04-28 00:00:00+00:00, run_after=2026-04-29 00:00:00+00:00
[2026-04-29T09:27:56.875+0300] {processor.py:183} INFO - Processing /mnt/d/airflow/airflow_project/airflow_venv/lib/python3.12/site-packages/airflow/example_dags/example_branch_day_of_week_operator.py took 0.316 seconds
[2026-04-29T09:30:50.947+0300] {processor.py:161} INFO - Started process (PID=31951) to work on /mnt/d/airflow/airflow_project/airflow_venv/lib/python3.12/site-packages/airflow/example_dags/example_branch_day_of_week_operator.py
[2026-04-29T09:30:50.952+0300] {processor.py:830} INFO - Processing file /mnt/d/airflow/airflow_project/airflow_venv/lib/python3.12/site-packages/airflow/example_dags/example_branch_day_of_week_operator.py for tasks to queue
[2026-04-29T09:30:50.958+0300] {logging_mixin.py:188} INFO - [2026-04-29T09:30:50.956+0300] {dagbag.py:545} INFO - Filling up the DagBag from /mnt/d/airflow/airflow_project/airflow_venv/lib/python3.12/site-packages/airflow/example_dags/example_branch_day_of_week_operator.py
[2026-04-29T09:30:51.132+0300] {processor.py:840} INFO - DAG(s) 'example_weekday_branch_operator' retrieved from /mnt/d/airflow/airflow_project/airflow_venv/lib/python3.12/site-packages/airflow/example_dags/example_branch_day_of_week_operator.py
[2026-04-29T09:30:51.257+0300] {logging_mixin.py:188} INFO - [2026-04-29T09:30:51.255+0300] {dag.py:3089} INFO - Sync 1 DAGs
[2026-04-29T09:30:51.344+0300] {logging_mixin.py:188} INFO - [2026-04-29T09:30:51.329+0300] {dag.py:3947} INFO - Setting next_dagrun for example_weekday_branch_operator to 2026-04-28 00:00:00+00:00, run_after=2026-04-29 00:00:00+00:00
[2026-04-29T09:30:51.607+0300] {processor.py:183} INFO - Processing /mnt/d/airflow/airflow_project/airflow_venv/lib/python3.12/site-packages/airflow/example_dags/example_branch_day_of_week_operator.py took 0.683 seconds
[2026-04-29T09:33:08.422+0300] {processor.py:161} INFO - Started process (PID=32752) to work on /mnt/d/airflow/airflow_project/airflow_venv/lib/python3.12/site-packages/airflow/example_dags/example_branch_day_of_week_operator.py
[2026-04-29T09:33:08.426+0300] {processor.py:830} INFO - Processing file /mnt/d/airflow/airflow_project/airflow_venv/lib/python3.12/site-packages/airflow/example_dags/example_branch_day_of_week_operator.py for tasks to queue
[2026-04-29T09:33:08.433+0300] {logging_mixin.py:188} INFO - [2026-04-29T09:33:08.430+0300] {dagbag.py:545} INFO - Filling up the DagBag from /mnt/d/airflow/airflow_project/airflow_venv/lib/python3.12/site-packages/airflow/example_dags/example_branch_day_of_week_operator.py
[2026-04-29T09:33:08.561+0300] {processor.py:840} INFO - DAG(s) 'example_weekday_branch_operator' retrieved from /mnt/d/airflow/airflow_project/airflow_venv/lib/python3.12/site-packages/airflow/example_dags/example_branch_day_of_week_operator.py
[2026-04-29T09:33:08.624+0300] {logging_mixin.py:188} INFO - [2026-04-29T09:33:08.622+0300] {dag.py:3089} INFO - Sync 1 DAGs
[2026-04-29T09:33:08.668+0300] {logging_mixin.py:188} INFO - [2026-04-29T09:33:08.666+0300] {dag.py:3947} INFO - Setting next_dagrun for example_weekday_branch_operator to 2026-04-28 00:00:00+00:00, run_after=2026-04-29 00:00:00+00:00
[2026-04-29T09:33:08.853+0300] {processor.py:183} INFO - Processing /mnt/d/airflow/airflow_project/airflow_venv/lib/python3.12/site-packages/airflow/example_dags/example_branch_day_of_week_operator.py took 0.465 seconds
[2026-04-29T09:35:28.316+0300] {processor.py:161} INFO - Started process (PID=33591) to work on /mnt/d/airflow/airflow_project/airflow_venv/lib/python3.12/site-packages/airflow/example_dags/example_branch_day_of_week_operator.py
[2026-04-29T09:35:28.318+0300] {processor.py:830} INFO - Processing file /mnt/d/airflow/airflow_project/airflow_venv/lib/python3.12/site-packages/airflow/example_dags/example_branch_day_of_week_operator.py for tasks to queue
[2026-04-29T09:35:28.321+0300] {logging_mixin.py:188} INFO - [2026-04-29T09:35:28.320+0300] {dagbag.py:545} INFO - Filling up the DagBag from /mnt/d/airflow/airflow_project/airflow_venv/lib/python3.12/site-packages/airflow/example_dags/example_branch_day_of_week_operator.py
[2026-04-29T09:35:28.361+0300] {processor.py:840} INFO - DAG(s) 'example_weekday_branch_operator' retrieved from /mnt/d/airflow/airflow_project/airflow_venv/lib/python3.12/site-packages/airflow/example_dags/example_branch_day_of_week_operator.py
[2026-04-29T09:35:28.386+0300] {logging_mixin.py:188} INFO - [2026-04-29T09:35:28.384+0300] {dag.py:3089} INFO - Sync 1 DAGs
[2026-04-29T09:35:28.405+0300] {logging_mixin.py:188} INFO - [2026-04-29T09:35:28.404+0300] {dag.py:3947} INFO - Setting next_dagrun for example_weekday_branch_operator to 2026-04-28 00:00:00+00:00, run_after=2026-04-29 00:00:00+00:00
[2026-04-29T09:35:28.467+0300] {processor.py:183} INFO - Processing /mnt/d/airflow/airflow_project/airflow_venv/lib/python3.12/site-packages/airflow/example_dags/example_branch_day_of_week_operator.py took 0.168 seconds
[2026-04-29T09:37:26.541+0300] {processor.py:161} INFO - Started process (PID=34303) to work on /mnt/d/airflow/airflow_project/airflow_venv/lib/python3.12/site-packages/airflow/example_dags/example_branch_day_of_week_operator.py
[2026-04-29T09:37:26.545+0300] {processor.py:830} INFO - Processing file /mnt/d/airflow/airflow_project/airflow_venv/lib/python3.12/site-packages/airflow/example_dags/example_branch_day_of_week_operator.py for tasks to queue
[2026-04-29T09:37:26.552+0300] {logging_mixin.py:188} INFO - [2026-04-29T09:37:26.550+0300] {dagbag.py:545} INFO - Filling up the DagBag from /mnt/d/airflow/airflow_project/airflow_venv/lib/python3.12/site-packages/airflow/example_dags/example_branch_day_of_week_operator.py
[2026-04-29T09:37:26.597+0300] {processor.py:840} INFO - DAG(s) 'example_weekday_branch_operator' retrieved from /mnt/d/airflow/airflow_project/airflow_venv/lib/python3.12/site-packages/airflow/example_dags/example_branch_day_of_week_operator.py
[2026-04-29T09:37:26.638+0300] {logging_mixin.py:188} INFO - [2026-04-29T09:37:26.636+0300] {dag.py:3089} INFO - Sync 1 DAGs
[2026-04-29T09:37:26.680+0300] {logging_mixin.py:188} INFO - [2026-04-29T09:37:26.677+0300] {dag.py:3947} INFO - Setting next_dagrun for example_weekday_branch_operator to 2026-04-28 00:00:00+00:00, run_after=2026-04-29 00:00:00+00:00
[2026-04-29T09:37:26.809+0300] {processor.py:183} INFO - Processing /mnt/d/airflow/airflow_project/airflow_venv/lib/python3.12/site-packages/airflow/example_dags/example_branch_day_of_week_operator.py took 0.308 seconds
[2026-04-29T09:39:41.732+0300] {processor.py:161} INFO - Started process (PID=35132) to work on /mnt/d/airflow/airflow_project/airflow_venv/lib/python3.12/site-packages/airflow/example_dags/example_branch_day_of_week_operator.py
[2026-04-29T09:39:41.734+0300] {processor.py:830} INFO - Processing file /mnt/d/airflow/airflow_project/airflow_venv/lib/python3.12/site-packages/airflow/example_dags/example_branch_day_of_week_operator.py for tasks to queue
[2026-04-29T09:39:41.739+0300] {logging_mixin.py:188} INFO - [2026-04-29T09:39:41.738+0300] {dagbag.py:545} INFO - Filling up the DagBag from /mnt/d/airflow/airflow_project/airflow_venv/lib/python3.12/site-packages/airflow/example_dags/example_branch_day_of_week_operator.py
[2026-04-29T09:39:41.783+0300] {processor.py:840} INFO - DAG(s) 'example_weekday_branch_operator' retrieved from /mnt/d/airflow/airflow_project/airflow_venv/lib/python3.12/site-packages/airflow/example_dags/example_branch_day_of_week_operator.py
[2026-04-29T09:39:41.826+0300] {logging_mixin.py:188} INFO - [2026-04-29T09:39:41.822+0300] {dag.py:3089} INFO - Sync 1 DAGs
[2026-04-29T09:39:41.859+0300] {logging_mixin.py:188} INFO - [2026-04-29T09:39:41.858+0300] {dag.py:3947} INFO - Setting next_dagrun for example_weekday_branch_operator to 2026-04-28 00:00:00+00:00, run_after=2026-04-29 00:00:00+00:00
[2026-04-29T09:39:42.055+0300] {processor.py:183} INFO - Processing /mnt/d/airflow/airflow_project/airflow_venv/lib/python3.12/site-packages/airflow/example_dags/example_branch_day_of_week_operator.py took 0.336 seconds
[2026-04-29T09:41:35.954+0300] {processor.py:161} INFO - Started process (PID=35788) to work on /mnt/d/airflow/airflow_project/airflow_venv/lib/python3.12/site-packages/airflow/example_dags/example_branch_day_of_week_operator.py
[2026-04-29T09:41:35.958+0300] {processor.py:830} INFO - Processing file /mnt/d/airflow/airflow_project/airflow_venv/lib/python3.12/site-packages/airflow/example_dags/example_branch_day_of_week_operator.py for tasks to queue
[2026-04-29T09:41:35.968+0300] {logging_mixin.py:188} INFO - [2026-04-29T09:41:35.964+0300] {dagbag.py:545} INFO - Filling up the DagBag from /mnt/d/airflow/airflow_project/airflow_venv/lib/python3.12/site-packages/airflow/example_dags/example_branch_day_of_week_operator.py
[2026-04-29T09:41:36.083+0300] {processor.py:840} INFO - DAG(s) 'example_weekday_branch_operator' retrieved from /mnt/d/airflow/airflow_project/airflow_venv/lib/python3.12/site-packages/airflow/example_dags/example_branch_day_of_week_operator.py
[2026-04-29T09:41:36.152+0300] {logging_mixin.py:188} INFO - [2026-04-29T09:41:36.150+0300] {dag.py:3089} INFO - Sync 1 DAGs
[2026-04-29T09:41:36.198+0300] {logging_mixin.py:188} INFO - [2026-04-29T09:41:36.196+0300] {dag.py:3947} INFO - Setting next_dagrun for example_weekday_branch_operator to 2026-04-28 00:00:00+00:00, run_after=2026-04-29 00:00:00+00:00
[2026-04-29T09:41:36.310+0300] {processor.py:183} INFO - Processing /mnt/d/airflow/airflow_project/airflow_venv/lib/python3.12/site-packages/airflow/example_dags/example_branch_day_of_week_operator.py took 0.392 seconds
[2026-04-29T09:43:53.757+0300] {processor.py:161} INFO - Started process (PID=36607) to work on /mnt/d/airflow/airflow_project/airflow_venv/lib/python3.12/site-packages/airflow/example_dags/example_branch_day_of_week_operator.py
[2026-04-29T09:43:53.762+0300] {processor.py:830} INFO - Processing file /mnt/d/airflow/airflow_project/airflow_venv/lib/python3.12/site-packages/airflow/example_dags/example_branch_day_of_week_operator.py for tasks to queue
[2026-04-29T09:43:53.770+0300] {logging_mixin.py:188} INFO - [2026-04-29T09:43:53.767+0300] {dagbag.py:545} INFO - Filling up the DagBag from /mnt/d/airflow/airflow_project/airflow_venv/lib/python3.12/site-packages/airflow/example_dags/example_branch_day_of_week_operator.py
[2026-04-29T09:43:53.884+0300] {processor.py:840} INFO - DAG(s) 'example_weekday_branch_operator' retrieved from /mnt/d/airflow/airflow_project/airflow_venv/lib/python3.12/site-packages/airflow/example_dags/example_branch_day_of_week_operator.py
[2026-04-29T09:43:53.918+0300] {logging_mixin.py:188} INFO - [2026-04-29T09:43:53.916+0300] {dag.py:3089} INFO - Sync 1 DAGs
[2026-04-29T09:43:53.961+0300] {logging_mixin.py:188} INFO - [2026-04-29T09:43:53.958+0300] {dag.py:3947} INFO - Setting next_dagrun for example_weekday_branch_operator to 2026-04-28 00:00:00+00:00, run_after=2026-04-29 00:00:00+00:00
[2026-04-29T09:43:54.797+0300] {processor.py:183} INFO - Processing /mnt/d/airflow/airflow_project/airflow_venv/lib/python3.12/site-packages/airflow/example_dags/example_branch_day_of_week_operator.py took 0.403 seconds
[2026-04-29T09:47:21.404+0300] {processor.py:161} INFO - Started process (PID=37772) to work on /mnt/d/airflow/airflow_project/airflow_venv/lib/python3.12/site-packages/airflow/example_dags/example_branch_day_of_week_operator.py
[2026-04-29T09:47:21.408+0300] {processor.py:830} INFO - Processing file /mnt/d/airflow/airflow_project/airflow_venv/lib/python3.12/site-packages/airflow/example_dags/example_branch_day_of_week_operator.py for tasks to queue
[2026-04-29T09:47:21.415+0300] {logging_mixin.py:188} INFO - [2026-04-29T09:47:21.412+0300] {dagbag.py:545} INFO - Filling up the DagBag from /mnt/d/airflow/airflow_project/airflow_venv/lib/python3.12/site-packages/airflow/example_dags/example_branch_day_of_week_operator.py
[2026-04-29T09:47:21.503+0300] {processor.py:840} INFO - DAG(s) 'example_weekday_branch_operator' retrieved from /mnt/d/airflow/airflow_project/airflow_venv/lib/python3.12/site-packages/airflow/example_dags/example_branch_day_of_week_operator.py
[2026-04-29T09:47:22.960+0300] {logging_mixin.py:188} INFO - [2026-04-29T09:47:22.959+0300] {dag.py:3089} INFO - Sync 1 DAGs
[2026-04-29T09:47:23.140+0300] {logging_mixin.py:188} INFO - [2026-04-29T09:47:23.135+0300] {dag.py:3947} INFO - Setting next_dagrun for example_weekday_branch_operator to 2026-04-28 00:00:00+00:00, run_after=2026-04-29 00:00:00+00:00
[2026-04-29T09:47:23.289+0300] {processor.py:183} INFO - Processing /mnt/d/airflow/airflow_project/airflow_venv/lib/python3.12/site-packages/airflow/example_dags/example_branch_day_of_week_operator.py took 1.915 seconds
[2026-04-29T09:49:49.986+0300] {processor.py:161} INFO - Started process (PID=38619) to work on /mnt/d/airflow/airflow_project/airflow_venv/lib/python3.12/site-packages/airflow/example_dags/example_branch_day_of_week_operator.py
[2026-04-29T09:49:49.990+0300] {processor.py:830} INFO - Processing file /mnt/d/airflow/airflow_project/airflow_venv/lib/python3.12/site-packages/airflow/example_dags/example_branch_day_of_week_operator.py for tasks to queue
[2026-04-29T09:49:49.997+0300] {logging_mixin.py:188} INFO - [2026-04-29T09:49:49.994+0300] {dagbag.py:545} INFO - Filling up the DagBag from /mnt/d/airflow/airflow_project/airflow_venv/lib/python3.12/site-packages/airflow/example_dags/example_branch_day_of_week_operator.py
[2026-04-29T09:49:50.084+0300] {processor.py:840} INFO - DAG(s) 'example_weekday_branch_operator' retrieved from /mnt/d/airflow/airflow_project/airflow_venv/lib/python3.12/site-packages/airflow/example_dags/example_branch_day_of_week_operator.py
[2026-04-29T09:49:50.130+0300] {logging_mixin.py:188} INFO - [2026-04-29T09:49:50.129+0300] {dag.py:3089} INFO - Sync 1 DAGs
[2026-04-29T09:49:50.166+0300] {logging_mixin.py:188} INFO - [2026-04-29T09:49:50.165+0300] {dag.py:3947} INFO - Setting next_dagrun for example_weekday_branch_operator to 2026-04-28 00:00:00+00:00, run_after=2026-04-29 00:00:00+00:00
[2026-04-29T09:49:50.260+0300] {processor.py:183} INFO - Processing /mnt/d/airflow/airflow_project/airflow_venv/lib/python3.12/site-packages/airflow/example_dags/example_branch_day_of_week_operator.py took 0.302 seconds
[2026-04-29T09:52:05.799+0300] {processor.py:161} INFO - Started process (PID=39394) to work on /mnt/d/airflow/airflow_project/airflow_venv/lib/python3.12/site-packages/airflow/example_dags/example_branch_day_of_week_operator.py
[2026-04-29T09:52:05.803+0300] {processor.py:830} INFO - Processing file /mnt/d/airflow/airflow_project/airflow_venv/lib/python3.12/site-packages/airflow/example_dags/example_branch_day_of_week_operator.py for tasks to queue
[2026-04-29T09:52:05.812+0300] {logging_mixin.py:188} INFO - [2026-04-29T09:52:05.809+0300] {dagbag.py:545} INFO - Filling up the DagBag from /mnt/d/airflow/airflow_project/airflow_venv/lib/python3.12/site-packages/airflow/example_dags/example_branch_day_of_week_operator.py
[2026-04-29T09:52:05.894+0300] {processor.py:840} INFO - DAG(s) 'example_weekday_branch_operator' retrieved from /mnt/d/airflow/airflow_project/airflow_venv/lib/python3.12/site-packages/airflow/example_dags/example_branch_day_of_week_operator.py
[2026-04-29T09:52:05.951+0300] {logging_mixin.py:188} INFO - [2026-04-29T09:52:05.948+0300] {dag.py:3089} INFO - Sync 1 DAGs
[2026-04-29T09:52:05.988+0300] {logging_mixin.py:188} INFO - [2026-04-29T09:52:05.987+0300] {dag.py:3947} INFO - Setting next_dagrun for example_weekday_branch_operator to 2026-04-28 00:00:00+00:00, run_after=2026-04-29 00:00:00+00:00
[2026-04-29T09:52:06.274+0300] {processor.py:183} INFO - Processing /mnt/d/airflow/airflow_project/airflow_venv/lib/python3.12/site-packages/airflow/example_dags/example_branch_day_of_week_operator.py took 0.512 seconds
[2026-04-29T09:57:13.664+0300] {processor.py:161} INFO - Started process (PID=41158) to work on /mnt/d/airflow/airflow_project/airflow_venv/lib/python3.12/site-packages/airflow/example_dags/example_branch_day_of_week_operator.py
[2026-04-29T09:57:13.669+0300] {processor.py:830} INFO - Processing file /mnt/d/airflow/airflow_project/airflow_venv/lib/python3.12/site-packages/airflow/example_dags/example_branch_day_of_week_operator.py for tasks to queue
[2026-04-29T09:57:13.676+0300] {logging_mixin.py:188} INFO - [2026-04-29T09:57:13.675+0300] {dagbag.py:545} INFO - Filling up the DagBag from /mnt/d/airflow/airflow_project/airflow_venv/lib/python3.12/site-packages/airflow/example_dags/example_branch_day_of_week_operator.py
[2026-04-29T09:57:13.757+0300] {processor.py:840} INFO - DAG(s) 'example_weekday_branch_operator' retrieved from /mnt/d/airflow/airflow_project/airflow_venv/lib/python3.12/site-packages/airflow/example_dags/example_branch_day_of_week_operator.py
[2026-04-29T09:57:13.846+0300] {logging_mixin.py:188} INFO - [2026-04-29T09:57:13.842+0300] {dag.py:3089} INFO - Sync 1 DAGs
[2026-04-29T09:57:13.908+0300] {logging_mixin.py:188} INFO - [2026-04-29T09:57:13.905+0300] {dag.py:3947} INFO - Setting next_dagrun for example_weekday_branch_operator to 2026-04-28 00:00:00+00:00, run_after=2026-04-29 00:00:00+00:00
[2026-04-29T09:57:14.141+0300] {processor.py:183} INFO - Processing /mnt/d/airflow/airflow_project/airflow_venv/lib/python3.12/site-packages/airflow/example_dags/example_branch_day_of_week_operator.py took 0.514 seconds
[2026-04-29T10:01:28.485+0300] {processor.py:161} INFO - Started process (PID=42568) to work on /mnt/d/airflow/airflow_project/airflow_venv/lib/python3.12/site-packages/airflow/example_dags/example_branch_day_of_week_operator.py
[2026-04-29T10:01:28.489+0300] {processor.py:830} INFO - Processing file /mnt/d/airflow/airflow_project/airflow_venv/lib/python3.12/site-packages/airflow/example_dags/example_branch_day_of_week_operator.py for tasks to queue
[2026-04-29T10:01:28.494+0300] {logging_mixin.py:188} INFO - [2026-04-29T10:01:28.492+0300] {dagbag.py:545} INFO - Filling up the DagBag from /mnt/d/airflow/airflow_project/airflow_venv/lib/python3.12/site-packages/airflow/example_dags/example_branch_day_of_week_operator.py
[2026-04-29T10:01:28.564+0300] {processor.py:840} INFO - DAG(s) 'example_weekday_branch_operator' retrieved from /mnt/d/airflow/airflow_project/airflow_venv/lib/python3.12/site-packages/airflow/example_dags/example_branch_day_of_week_operator.py
[2026-04-29T10:01:28.625+0300] {logging_mixin.py:188} INFO - [2026-04-29T10:01:28.623+0300] {dag.py:3089} INFO - Sync 1 DAGs
[2026-04-29T10:01:28.666+0300] {logging_mixin.py:188} INFO - [2026-04-29T10:01:28.664+0300] {dag.py:3947} INFO - Setting next_dagrun for example_weekday_branch_operator to 2026-04-28 00:00:00+00:00, run_after=2026-04-29 00:00:00+00:00
[2026-04-29T10:01:28.836+0300] {processor.py:183} INFO - Processing /mnt/d/airflow/airflow_project/airflow_venv/lib/python3.12/site-packages/airflow/example_dags/example_branch_day_of_week_operator.py took 0.369 seconds
[2026-04-29T10:04:53.070+0300] {processor.py:161} INFO - Started process (PID=43723) to work on /mnt/d/airflow/airflow_project/airflow_venv/lib/python3.12/site-packages/airflow/example_dags/example_branch_day_of_week_operator.py
[2026-04-29T10:04:53.075+0300] {processor.py:830} INFO - Processing file /mnt/d/airflow/airflow_project/airflow_venv/lib/python3.12/site-packages/airflow/example_dags/example_branch_day_of_week_operator.py for tasks to queue
[2026-04-29T10:04:53.082+0300] {logging_mixin.py:188} INFO - [2026-04-29T10:04:53.079+0300] {dagbag.py:545} INFO - Filling up the DagBag from /mnt/d/airflow/airflow_project/airflow_venv/lib/python3.12/site-packages/airflow/example_dags/example_branch_day_of_week_operator.py
[2026-04-29T10:04:53.147+0300] {processor.py:840} INFO - DAG(s) 'example_weekday_branch_operator' retrieved from /mnt/d/airflow/airflow_project/airflow_venv/lib/python3.12/site-packages/airflow/example_dags/example_branch_day_of_week_operator.py
[2026-04-29T10:04:53.189+0300] {logging_mixin.py:188} INFO - [2026-04-29T10:04:53.188+0300] {dag.py:3089} INFO - Sync 1 DAGs
[2026-04-29T10:04:53.225+0300] {logging_mixin.py:188} INFO - [2026-04-29T10:04:53.224+0300] {dag.py:3947} INFO - Setting next_dagrun for example_weekday_branch_operator to 2026-04-28 00:00:00+00:00, run_after=2026-04-29 00:00:00+00:00
[2026-04-29T10:04:53.333+0300] {processor.py:183} INFO - Processing /mnt/d/airflow/airflow_project/airflow_venv/lib/python3.12/site-packages/airflow/example_dags/example_branch_day_of_week_operator.py took 0.292 seconds
[2026-04-29T10:07:07.465+0300] {processor.py:161} INFO - Started process (PID=44468) to work on /mnt/d/airflow/airflow_project/airflow_venv/lib/python3.12/site-packages/airflow/example_dags/example_branch_day_of_week_operator.py
[2026-04-29T10:07:07.468+0300] {processor.py:830} INFO - Processing file /mnt/d/airflow/airflow_project/airflow_venv/lib/python3.12/site-packages/airflow/example_dags/example_branch_day_of_week_operator.py for tasks to queue
[2026-04-29T10:07:07.473+0300] {logging_mixin.py:188} INFO - [2026-04-29T10:07:07.471+0300] {dagbag.py:545} INFO - Filling up the DagBag from /mnt/d/airflow/airflow_project/airflow_venv/lib/python3.12/site-packages/airflow/example_dags/example_branch_day_of_week_operator.py
[2026-04-29T10:07:07.527+0300] {processor.py:840} INFO - DAG(s) 'example_weekday_branch_operator' retrieved from /mnt/d/airflow/airflow_project/airflow_venv/lib/python3.12/site-packages/airflow/example_dags/example_branch_day_of_week_operator.py
[2026-04-29T10:07:07.570+0300] {logging_mixin.py:188} INFO - [2026-04-29T10:07:07.568+0300] {dag.py:3089} INFO - Sync 1 DAGs
[2026-04-29T10:07:07.729+0300] {logging_mixin.py:188} INFO - [2026-04-29T10:07:07.726+0300] {dag.py:3947} INFO - Setting next_dagrun for example_weekday_branch_operator to 2026-04-28 00:00:00+00:00, run_after=2026-04-29 00:00:00+00:00
[2026-04-29T10:07:07.883+0300] {processor.py:183} INFO - Processing /mnt/d/airflow/airflow_project/airflow_venv/lib/python3.12/site-packages/airflow/example_dags/example_branch_day_of_week_operator.py took 0.437 seconds
[2026-04-29T10:09:08.527+0300] {processor.py:161} INFO - Started process (PID=45154) to work on /mnt/d/airflow/airflow_project/airflow_venv/lib/python3.12/site-packages/airflow/example_dags/example_branch_day_of_week_operator.py
[2026-04-29T10:09:08.530+0300] {processor.py:830} INFO - Processing file /mnt/d/airflow/airflow_project/airflow_venv/lib/python3.12/site-packages/airflow/example_dags/example_branch_day_of_week_operator.py for tasks to queue
[2026-04-29T10:09:08.536+0300] {logging_mixin.py:188} INFO - [2026-04-29T10:09:08.535+0300] {dagbag.py:545} INFO - Filling up the DagBag from /mnt/d/airflow/airflow_project/airflow_venv/lib/python3.12/site-packages/airflow/example_dags/example_branch_day_of_week_operator.py
[2026-04-29T10:09:08.573+0300] {processor.py:840} INFO - DAG(s) 'example_weekday_branch_operator' retrieved from /mnt/d/airflow/airflow_project/airflow_venv/lib/python3.12/site-packages/airflow/example_dags/example_branch_day_of_week_operator.py
[2026-04-29T10:09:08.613+0300] {logging_mixin.py:188} INFO - [2026-04-29T10:09:08.612+0300] {dag.py:3089} INFO - Sync 1 DAGs
[2026-04-29T10:09:08.642+0300] {logging_mixin.py:188} INFO - [2026-04-29T10:09:08.641+0300] {dag.py:3947} INFO - Setting next_dagrun for example_weekday_branch_operator to 2026-04-28 00:00:00+00:00, run_after=2026-04-29 00:00:00+00:00
[2026-04-29T10:09:08.734+0300] {processor.py:183} INFO - Processing /mnt/d/airflow/airflow_project/airflow_venv/lib/python3.12/site-packages/airflow/example_dags/example_branch_day_of_week_operator.py took 0.237 seconds
[2026-04-29T10:11:23.041+0300] {processor.py:161} INFO - Started process (PID=45886) to work on /mnt/d/airflow/airflow_project/airflow_venv/lib/python3.12/site-packages/airflow/example_dags/example_branch_day_of_week_operator.py
[2026-04-29T10:11:23.044+0300] {processor.py:830} INFO - Processing file /mnt/d/airflow/airflow_project/airflow_venv/lib/python3.12/site-packages/airflow/example_dags/example_branch_day_of_week_operator.py for tasks to queue
[2026-04-29T10:11:23.047+0300] {logging_mixin.py:188} INFO - [2026-04-29T10:11:23.046+0300] {dagbag.py:545} INFO - Filling up the DagBag from /mnt/d/airflow/airflow_project/airflow_venv/lib/python3.12/site-packages/airflow/example_dags/example_branch_day_of_week_operator.py
[2026-04-29T10:11:23.124+0300] {processor.py:840} INFO - DAG(s) 'example_weekday_branch_operator' retrieved from /mnt/d/airflow/airflow_project/airflow_venv/lib/python3.12/site-packages/airflow/example_dags/example_branch_day_of_week_operator.py
[2026-04-29T10:11:23.189+0300] {logging_mixin.py:188} INFO - [2026-04-29T10:11:23.188+0300] {dag.py:3089} INFO - Sync 1 DAGs
[2026-04-29T10:11:23.224+0300] {logging_mixin.py:188} INFO - [2026-04-29T10:11:23.223+0300] {dag.py:3947} INFO - Setting next_dagrun for example_weekday_branch_operator to 2026-04-28 00:00:00+00:00, run_after=2026-04-29 00:00:00+00:00
[2026-04-29T10:11:23.357+0300] {processor.py:183} INFO - Processing /mnt/d/airflow/airflow_project/airflow_venv/lib/python3.12/site-packages/airflow/example_dags/example_branch_day_of_week_operator.py took 0.334 seconds
[2026-04-29T10:13:26.560+0300] {processor.py:161} INFO - Started process (PID=46586) to work on /mnt/d/airflow/airflow_project/airflow_venv/lib/python3.12/site-packages/airflow/example_dags/example_branch_day_of_week_operator.py
[2026-04-29T10:13:26.563+0300] {processor.py:830} INFO - Processing file /mnt/d/airflow/airflow_project/airflow_venv/lib/python3.12/site-packages/airflow/example_dags/example_branch_day_of_week_operator.py for tasks to queue
[2026-04-29T10:13:26.569+0300] {logging_mixin.py:188} INFO - [2026-04-29T10:13:26.567+0300] {dagbag.py:545} INFO - Filling up the DagBag from /mnt/d/airflow/airflow_project/airflow_venv/lib/python3.12/site-packages/airflow/example_dags/example_branch_day_of_week_operator.py
[2026-04-29T10:13:26.623+0300] {processor.py:840} INFO - DAG(s) 'example_weekday_branch_operator' retrieved from /mnt/d/airflow/airflow_project/airflow_venv/lib/python3.12/site-packages/airflow/example_dags/example_branch_day_of_week_operator.py
[2026-04-29T10:13:26.666+0300] {logging_mixin.py:188} INFO - [2026-04-29T10:13:26.664+0300] {dag.py:3089} INFO - Sync 1 DAGs
[2026-04-29T10:13:26.702+0300] {logging_mixin.py:188} INFO - [2026-04-29T10:13:26.701+0300] {dag.py:3947} INFO - Setting next_dagrun for example_weekday_branch_operator to 2026-04-28 00:00:00+00:00, run_after=2026-04-29 00:00:00+00:00
[2026-04-29T10:13:26.842+0300] {processor.py:183} INFO - Processing /mnt/d/airflow/airflow_project/airflow_venv/lib/python3.12/site-packages/airflow/example_dags/example_branch_day_of_week_operator.py took 0.303 seconds
