[2026-04-29T09:15:48.293+0300] {processor.py:161} INFO - Started process (PID=26732) to work on /mnt/d/airflow/airflow_project/airflow_venv/lib/python3.12/site-packages/airflow/example_dags/example_latest_only.py
[2026-04-29T09:15:48.297+0300] {processor.py:830} INFO - Processing file /mnt/d/airflow/airflow_project/airflow_venv/lib/python3.12/site-packages/airflow/example_dags/example_latest_only.py for tasks to queue
[2026-04-29T09:15:48.302+0300] {logging_mixin.py:188} INFO - [2026-04-29T09:15:48.300+0300] {dagbag.py:545} INFO - Filling up the DagBag from /mnt/d/airflow/airflow_project/airflow_venv/lib/python3.12/site-packages/airflow/example_dags/example_latest_only.py
[2026-04-29T09:15:48.357+0300] {processor.py:840} INFO - DAG(s) 'latest_only' retrieved from /mnt/d/airflow/airflow_project/airflow_venv/lib/python3.12/site-packages/airflow/example_dags/example_latest_only.py
[2026-04-29T09:15:50.025+0300] {logging_mixin.py:188} INFO - [2026-04-29T09:15:50.024+0300] {override.py:1858} INFO - Created Permission View: can edit on DAG:latest_only
[2026-04-29T09:15:50.049+0300] {logging_mixin.py:188} INFO - [2026-04-29T09:15:50.048+0300] {override.py:1858} INFO - Created Permission View: can delete on DAG:latest_only
[2026-04-29T09:15:50.072+0300] {logging_mixin.py:188} INFO - [2026-04-29T09:15:50.071+0300] {override.py:1858} INFO - Created Permission View: can read on DAG:latest_only
[2026-04-29T09:15:50.073+0300] {logging_mixin.py:188} INFO - [2026-04-29T09:15:50.072+0300] {dag.py:3089} INFO - Sync 1 DAGs
[2026-04-29T09:15:50.087+0300] {logging_mixin.py:188} INFO - [2026-04-29T09:15:50.086+0300] {dag.py:3111} INFO - Creating ORM DAG for latest_only
[2026-04-29T09:15:50.098+0300] {logging_mixin.py:188} INFO - [2026-04-29T09:15:50.098+0300] {dag.py:3947} INFO - Setting next_dagrun for latest_only to 2026-04-29 00:00:00+00:00, run_after=2026-04-29 04:00:00+00:00
[2026-04-29T09:15:50.173+0300] {processor.py:183} INFO - Processing /mnt/d/airflow/airflow_project/airflow_venv/lib/python3.12/site-packages/airflow/example_dags/example_latest_only.py took 1.271 seconds
[2026-04-29T09:17:46.689+0300] {processor.py:161} INFO - Started process (PID=27394) to work on /mnt/d/airflow/airflow_project/airflow_venv/lib/python3.12/site-packages/airflow/example_dags/example_latest_only.py
[2026-04-29T09:17:46.692+0300] {processor.py:830} INFO - Processing file /mnt/d/airflow/airflow_project/airflow_venv/lib/python3.12/site-packages/airflow/example_dags/example_latest_only.py for tasks to queue
[2026-04-29T09:17:46.699+0300] {logging_mixin.py:188} INFO - [2026-04-29T09:17:46.697+0300] {dagbag.py:545} INFO - Filling up the DagBag from /mnt/d/airflow/airflow_project/airflow_venv/lib/python3.12/site-packages/airflow/example_dags/example_latest_only.py
[2026-04-29T09:17:46.737+0300] {processor.py:840} INFO - DAG(s) 'latest_only' retrieved from /mnt/d/airflow/airflow_project/airflow_venv/lib/python3.12/site-packages/airflow/example_dags/example_latest_only.py
[2026-04-29T09:17:46.787+0300] {logging_mixin.py:188} INFO - [2026-04-29T09:17:46.785+0300] {dag.py:3089} INFO - Sync 1 DAGs
[2026-04-29T09:17:46.835+0300] {logging_mixin.py:188} INFO - [2026-04-29T09:17:46.834+0300] {dag.py:3947} INFO - Setting next_dagrun for latest_only to 2026-04-29 00:00:00+00:00, run_after=2026-04-29 04:00:00+00:00
[2026-04-29T09:17:47.051+0300] {processor.py:183} INFO - Processing /mnt/d/airflow/airflow_project/airflow_venv/lib/python3.12/site-packages/airflow/example_dags/example_latest_only.py took 0.385 seconds
[2026-04-29T09:19:59.605+0300] {processor.py:161} INFO - Started process (PID=28213) to work on /mnt/d/airflow/airflow_project/airflow_venv/lib/python3.12/site-packages/airflow/example_dags/example_latest_only.py
[2026-04-29T09:19:59.609+0300] {processor.py:830} INFO - Processing file /mnt/d/airflow/airflow_project/airflow_venv/lib/python3.12/site-packages/airflow/example_dags/example_latest_only.py for tasks to queue
[2026-04-29T09:19:59.616+0300] {logging_mixin.py:188} INFO - [2026-04-29T09:19:59.614+0300] {dagbag.py:545} INFO - Filling up the DagBag from /mnt/d/airflow/airflow_project/airflow_venv/lib/python3.12/site-packages/airflow/example_dags/example_latest_only.py
[2026-04-29T09:19:59.688+0300] {processor.py:840} INFO - DAG(s) 'latest_only' retrieved from /mnt/d/airflow/airflow_project/airflow_venv/lib/python3.12/site-packages/airflow/example_dags/example_latest_only.py
[2026-04-29T09:19:59.753+0300] {logging_mixin.py:188} INFO - [2026-04-29T09:19:59.749+0300] {dag.py:3089} INFO - Sync 1 DAGs
[2026-04-29T09:19:59.802+0300] {logging_mixin.py:188} INFO - [2026-04-29T09:19:59.800+0300] {dag.py:3947} INFO - Setting next_dagrun for latest_only to 2026-04-29 00:00:00+00:00, run_after=2026-04-29 04:00:00+00:00
[2026-04-29T09:19:59.990+0300] {processor.py:183} INFO - Processing /mnt/d/airflow/airflow_project/airflow_venv/lib/python3.12/site-packages/airflow/example_dags/example_latest_only.py took 0.415 seconds
[2026-04-29T09:22:12.098+0300] {processor.py:161} INFO - Started process (PID=28968) to work on /mnt/d/airflow/airflow_project/airflow_venv/lib/python3.12/site-packages/airflow/example_dags/example_latest_only.py
[2026-04-29T09:22:12.102+0300] {processor.py:830} INFO - Processing file /mnt/d/airflow/airflow_project/airflow_venv/lib/python3.12/site-packages/airflow/example_dags/example_latest_only.py for tasks to queue
[2026-04-29T09:22:12.106+0300] {logging_mixin.py:188} INFO - [2026-04-29T09:22:12.104+0300] {dagbag.py:545} INFO - Filling up the DagBag from /mnt/d/airflow/airflow_project/airflow_venv/lib/python3.12/site-packages/airflow/example_dags/example_latest_only.py
[2026-04-29T09:22:12.135+0300] {processor.py:840} INFO - DAG(s) 'latest_only' retrieved from /mnt/d/airflow/airflow_project/airflow_venv/lib/python3.12/site-packages/airflow/example_dags/example_latest_only.py
[2026-04-29T09:22:12.168+0300] {logging_mixin.py:188} INFO - [2026-04-29T09:22:12.166+0300] {dag.py:3089} INFO - Sync 1 DAGs
[2026-04-29T09:22:12.222+0300] {logging_mixin.py:188} INFO - [2026-04-29T09:22:12.219+0300] {dag.py:3947} INFO - Setting next_dagrun for latest_only to 2026-04-29 00:00:00+00:00, run_after=2026-04-29 04:00:00+00:00
[2026-04-29T09:22:12.328+0300] {processor.py:183} INFO - Processing /mnt/d/airflow/airflow_project/airflow_venv/lib/python3.12/site-packages/airflow/example_dags/example_latest_only.py took 0.248 seconds
[2026-04-29T09:24:13.013+0300] {processor.py:161} INFO - Started process (PID=29668) to work on /mnt/d/airflow/airflow_project/airflow_venv/lib/python3.12/site-packages/airflow/example_dags/example_latest_only.py
[2026-04-29T09:24:13.018+0300] {processor.py:830} INFO - Processing file /mnt/d/airflow/airflow_project/airflow_venv/lib/python3.12/site-packages/airflow/example_dags/example_latest_only.py for tasks to queue
[2026-04-29T09:24:13.025+0300] {logging_mixin.py:188} INFO - [2026-04-29T09:24:13.022+0300] {dagbag.py:545} INFO - Filling up the DagBag from /mnt/d/airflow/airflow_project/airflow_venv/lib/python3.12/site-packages/airflow/example_dags/example_latest_only.py
[2026-04-29T09:24:13.093+0300] {processor.py:840} INFO - DAG(s) 'latest_only' retrieved from /mnt/d/airflow/airflow_project/airflow_venv/lib/python3.12/site-packages/airflow/example_dags/example_latest_only.py
[2026-04-29T09:24:13.167+0300] {logging_mixin.py:188} INFO - [2026-04-29T09:24:13.164+0300] {dag.py:3089} INFO - Sync 1 DAGs
[2026-04-29T09:24:13.233+0300] {logging_mixin.py:188} INFO - [2026-04-29T09:24:13.230+0300] {dag.py:3947} INFO - Setting next_dagrun for latest_only to 2026-04-29 00:00:00+00:00, run_after=2026-04-29 04:00:00+00:00
[2026-04-29T09:24:13.459+0300] {processor.py:183} INFO - Processing /mnt/d/airflow/airflow_project/airflow_venv/lib/python3.12/site-packages/airflow/example_dags/example_latest_only.py took 0.478 seconds
[2026-04-29T09:26:36.200+0300] {processor.py:161} INFO - Started process (PID=30469) to work on /mnt/d/airflow/airflow_project/airflow_venv/lib/python3.12/site-packages/airflow/example_dags/example_latest_only.py
[2026-04-29T09:26:36.204+0300] {processor.py:830} INFO - Processing file /mnt/d/airflow/airflow_project/airflow_venv/lib/python3.12/site-packages/airflow/example_dags/example_latest_only.py for tasks to queue
[2026-04-29T09:26:36.210+0300] {logging_mixin.py:188} INFO - [2026-04-29T09:26:36.208+0300] {dagbag.py:545} INFO - Filling up the DagBag from /mnt/d/airflow/airflow_project/airflow_venv/lib/python3.12/site-packages/airflow/example_dags/example_latest_only.py
[2026-04-29T09:26:36.256+0300] {processor.py:840} INFO - DAG(s) 'latest_only' retrieved from /mnt/d/airflow/airflow_project/airflow_venv/lib/python3.12/site-packages/airflow/example_dags/example_latest_only.py
[2026-04-29T09:26:36.332+0300] {logging_mixin.py:188} INFO - [2026-04-29T09:26:36.329+0300] {dag.py:3089} INFO - Sync 1 DAGs
[2026-04-29T09:26:36.394+0300] {logging_mixin.py:188} INFO - [2026-04-29T09:26:36.391+0300] {dag.py:3947} INFO - Setting next_dagrun for latest_only to 2026-04-29 00:00:00+00:00, run_after=2026-04-29 04:00:00+00:00
[2026-04-29T09:26:36.627+0300] {processor.py:183} INFO - Processing /mnt/d/airflow/airflow_project/airflow_venv/lib/python3.12/site-packages/airflow/example_dags/example_latest_only.py took 0.451 seconds
[2026-04-29T09:29:10.410+0300] {processor.py:161} INFO - Started process (PID=31337) to work on /mnt/d/airflow/airflow_project/airflow_venv/lib/python3.12/site-packages/airflow/example_dags/example_latest_only.py
[2026-04-29T09:29:10.412+0300] {processor.py:830} INFO - Processing file /mnt/d/airflow/airflow_project/airflow_venv/lib/python3.12/site-packages/airflow/example_dags/example_latest_only.py for tasks to queue
[2026-04-29T09:29:10.414+0300] {logging_mixin.py:188} INFO - [2026-04-29T09:29:10.413+0300] {dagbag.py:545} INFO - Filling up the DagBag from /mnt/d/airflow/airflow_project/airflow_venv/lib/python3.12/site-packages/airflow/example_dags/example_latest_only.py
[2026-04-29T09:29:10.440+0300] {processor.py:840} INFO - DAG(s) 'latest_only' retrieved from /mnt/d/airflow/airflow_project/airflow_venv/lib/python3.12/site-packages/airflow/example_dags/example_latest_only.py
[2026-04-29T09:29:10.494+0300] {logging_mixin.py:188} INFO - [2026-04-29T09:29:10.492+0300] {dag.py:3089} INFO - Sync 1 DAGs
[2026-04-29T09:29:10.541+0300] {logging_mixin.py:188} INFO - [2026-04-29T09:29:10.540+0300] {dag.py:3947} INFO - Setting next_dagrun for latest_only to 2026-04-29 00:00:00+00:00, run_after=2026-04-29 04:00:00+00:00
[2026-04-29T09:29:10.855+0300] {processor.py:183} INFO - Processing /mnt/d/airflow/airflow_project/airflow_venv/lib/python3.12/site-packages/airflow/example_dags/example_latest_only.py took 0.457 seconds
[2026-04-29T09:31:51.309+0300] {processor.py:161} INFO - Started process (PID=32304) to work on /mnt/d/airflow/airflow_project/airflow_venv/lib/python3.12/site-packages/airflow/example_dags/example_latest_only.py
[2026-04-29T09:31:51.311+0300] {processor.py:830} INFO - Processing file /mnt/d/airflow/airflow_project/airflow_venv/lib/python3.12/site-packages/airflow/example_dags/example_latest_only.py for tasks to queue
[2026-04-29T09:31:51.318+0300] {logging_mixin.py:188} INFO - [2026-04-29T09:31:51.316+0300] {dagbag.py:545} INFO - Filling up the DagBag from /mnt/d/airflow/airflow_project/airflow_venv/lib/python3.12/site-packages/airflow/example_dags/example_latest_only.py
[2026-04-29T09:31:51.378+0300] {processor.py:840} INFO - DAG(s) 'latest_only' retrieved from /mnt/d/airflow/airflow_project/airflow_venv/lib/python3.12/site-packages/airflow/example_dags/example_latest_only.py
[2026-04-29T09:31:51.433+0300] {logging_mixin.py:188} INFO - [2026-04-29T09:31:51.431+0300] {dag.py:3089} INFO - Sync 1 DAGs
[2026-04-29T09:31:51.484+0300] {logging_mixin.py:188} INFO - [2026-04-29T09:31:51.482+0300] {dag.py:3947} INFO - Setting next_dagrun for latest_only to 2026-04-29 00:00:00+00:00, run_after=2026-04-29 04:00:00+00:00
[2026-04-29T09:31:51.624+0300] {processor.py:183} INFO - Processing /mnt/d/airflow/airflow_project/airflow_venv/lib/python3.12/site-packages/airflow/example_dags/example_latest_only.py took 0.334 seconds
[2026-04-29T09:34:15.160+0300] {processor.py:161} INFO - Started process (PID=33153) to work on /mnt/d/airflow/airflow_project/airflow_venv/lib/python3.12/site-packages/airflow/example_dags/example_latest_only.py
[2026-04-29T09:34:15.164+0300] {processor.py:830} INFO - Processing file /mnt/d/airflow/airflow_project/airflow_venv/lib/python3.12/site-packages/airflow/example_dags/example_latest_only.py for tasks to queue
[2026-04-29T09:34:15.169+0300] {logging_mixin.py:188} INFO - [2026-04-29T09:34:15.167+0300] {dagbag.py:545} INFO - Filling up the DagBag from /mnt/d/airflow/airflow_project/airflow_venv/lib/python3.12/site-packages/airflow/example_dags/example_latest_only.py
[2026-04-29T09:34:15.231+0300] {processor.py:840} INFO - DAG(s) 'latest_only' retrieved from /mnt/d/airflow/airflow_project/airflow_venv/lib/python3.12/site-packages/airflow/example_dags/example_latest_only.py
[2026-04-29T09:34:15.288+0300] {logging_mixin.py:188} INFO - [2026-04-29T09:34:15.285+0300] {dag.py:3089} INFO - Sync 1 DAGs
[2026-04-29T09:34:15.346+0300] {logging_mixin.py:188} INFO - [2026-04-29T09:34:15.344+0300] {dag.py:3947} INFO - Setting next_dagrun for latest_only to 2026-04-29 00:00:00+00:00, run_after=2026-04-29 04:00:00+00:00
[2026-04-29T09:34:15.511+0300] {processor.py:183} INFO - Processing /mnt/d/airflow/airflow_project/airflow_venv/lib/python3.12/site-packages/airflow/example_dags/example_latest_only.py took 0.378 seconds
[2026-04-29T09:36:23.948+0300] {processor.py:161} INFO - Started process (PID=33930) to work on /mnt/d/airflow/airflow_project/airflow_venv/lib/python3.12/site-packages/airflow/example_dags/example_latest_only.py
[2026-04-29T09:36:23.953+0300] {processor.py:830} INFO - Processing file /mnt/d/airflow/airflow_project/airflow_venv/lib/python3.12/site-packages/airflow/example_dags/example_latest_only.py for tasks to queue
[2026-04-29T09:36:23.964+0300] {logging_mixin.py:188} INFO - [2026-04-29T09:36:23.961+0300] {dagbag.py:545} INFO - Filling up the DagBag from /mnt/d/airflow/airflow_project/airflow_venv/lib/python3.12/site-packages/airflow/example_dags/example_latest_only.py
[2026-04-29T09:36:24.027+0300] {processor.py:840} INFO - DAG(s) 'latest_only' retrieved from /mnt/d/airflow/airflow_project/airflow_venv/lib/python3.12/site-packages/airflow/example_dags/example_latest_only.py
[2026-04-29T09:36:24.101+0300] {logging_mixin.py:188} INFO - [2026-04-29T09:36:24.097+0300] {dag.py:3089} INFO - Sync 1 DAGs
[2026-04-29T09:36:24.190+0300] {logging_mixin.py:188} INFO - [2026-04-29T09:36:24.187+0300] {dag.py:3947} INFO - Setting next_dagrun for latest_only to 2026-04-29 00:00:00+00:00, run_after=2026-04-29 04:00:00+00:00
[2026-04-29T09:36:24.399+0300] {processor.py:183} INFO - Processing /mnt/d/airflow/airflow_project/airflow_venv/lib/python3.12/site-packages/airflow/example_dags/example_latest_only.py took 0.489 seconds
[2026-04-29T09:38:27.009+0300] {processor.py:161} INFO - Started process (PID=34695) to work on /mnt/d/airflow/airflow_project/airflow_venv/lib/python3.12/site-packages/airflow/example_dags/example_latest_only.py
[2026-04-29T09:38:27.014+0300] {processor.py:830} INFO - Processing file /mnt/d/airflow/airflow_project/airflow_venv/lib/python3.12/site-packages/airflow/example_dags/example_latest_only.py for tasks to queue
[2026-04-29T09:38:27.023+0300] {logging_mixin.py:188} INFO - [2026-04-29T09:38:27.020+0300] {dagbag.py:545} INFO - Filling up the DagBag from /mnt/d/airflow/airflow_project/airflow_venv/lib/python3.12/site-packages/airflow/example_dags/example_latest_only.py
[2026-04-29T09:38:27.101+0300] {processor.py:840} INFO - DAG(s) 'latest_only' retrieved from /mnt/d/airflow/airflow_project/airflow_venv/lib/python3.12/site-packages/airflow/example_dags/example_latest_only.py
[2026-04-29T09:38:27.164+0300] {logging_mixin.py:188} INFO - [2026-04-29T09:38:27.162+0300] {dag.py:3089} INFO - Sync 1 DAGs
[2026-04-29T09:38:27.224+0300] {logging_mixin.py:188} INFO - [2026-04-29T09:38:27.222+0300] {dag.py:3947} INFO - Setting next_dagrun for latest_only to 2026-04-29 00:00:00+00:00, run_after=2026-04-29 04:00:00+00:00
[2026-04-29T09:38:27.439+0300] {processor.py:183} INFO - Processing /mnt/d/airflow/airflow_project/airflow_venv/lib/python3.12/site-packages/airflow/example_dags/example_latest_only.py took 0.464 seconds
[2026-04-29T09:40:31.567+0300] {processor.py:161} INFO - Started process (PID=35424) to work on /mnt/d/airflow/airflow_project/airflow_venv/lib/python3.12/site-packages/airflow/example_dags/example_latest_only.py
[2026-04-29T09:40:31.570+0300] {processor.py:830} INFO - Processing file /mnt/d/airflow/airflow_project/airflow_venv/lib/python3.12/site-packages/airflow/example_dags/example_latest_only.py for tasks to queue
[2026-04-29T09:40:31.574+0300] {logging_mixin.py:188} INFO - [2026-04-29T09:40:31.573+0300] {dagbag.py:545} INFO - Filling up the DagBag from /mnt/d/airflow/airflow_project/airflow_venv/lib/python3.12/site-packages/airflow/example_dags/example_latest_only.py
[2026-04-29T09:40:31.598+0300] {processor.py:840} INFO - DAG(s) 'latest_only' retrieved from /mnt/d/airflow/airflow_project/airflow_venv/lib/python3.12/site-packages/airflow/example_dags/example_latest_only.py
[2026-04-29T09:40:31.645+0300] {logging_mixin.py:188} INFO - [2026-04-29T09:40:31.644+0300] {dag.py:3089} INFO - Sync 1 DAGs
[2026-04-29T09:40:31.677+0300] {logging_mixin.py:188} INFO - [2026-04-29T09:40:31.676+0300] {dag.py:3947} INFO - Setting next_dagrun for latest_only to 2026-04-29 00:00:00+00:00, run_after=2026-04-29 04:00:00+00:00
[2026-04-29T09:40:31.738+0300] {processor.py:183} INFO - Processing /mnt/d/airflow/airflow_project/airflow_venv/lib/python3.12/site-packages/airflow/example_dags/example_latest_only.py took 0.184 seconds
[2026-04-29T09:42:39.072+0300] {processor.py:161} INFO - Started process (PID=36139) to work on /mnt/d/airflow/airflow_project/airflow_venv/lib/python3.12/site-packages/airflow/example_dags/example_latest_only.py
[2026-04-29T09:42:39.077+0300] {processor.py:830} INFO - Processing file /mnt/d/airflow/airflow_project/airflow_venv/lib/python3.12/site-packages/airflow/example_dags/example_latest_only.py for tasks to queue
[2026-04-29T09:42:39.087+0300] {logging_mixin.py:188} INFO - [2026-04-29T09:42:39.083+0300] {dagbag.py:545} INFO - Filling up the DagBag from /mnt/d/airflow/airflow_project/airflow_venv/lib/python3.12/site-packages/airflow/example_dags/example_latest_only.py
[2026-04-29T09:42:39.146+0300] {processor.py:840} INFO - DAG(s) 'latest_only' retrieved from /mnt/d/airflow/airflow_project/airflow_venv/lib/python3.12/site-packages/airflow/example_dags/example_latest_only.py
[2026-04-29T09:42:39.204+0300] {logging_mixin.py:188} INFO - [2026-04-29T09:42:39.203+0300] {dag.py:3089} INFO - Sync 1 DAGs
[2026-04-29T09:42:39.251+0300] {logging_mixin.py:188} INFO - [2026-04-29T09:42:39.250+0300] {dag.py:3947} INFO - Setting next_dagrun for latest_only to 2026-04-29 00:00:00+00:00, run_after=2026-04-29 04:00:00+00:00
[2026-04-29T09:42:39.379+0300] {processor.py:183} INFO - Processing /mnt/d/airflow/airflow_project/airflow_venv/lib/python3.12/site-packages/airflow/example_dags/example_latest_only.py took 0.343 seconds
[2026-04-29T09:45:20.365+0300] {processor.py:161} INFO - Started process (PID=37103) to work on /mnt/d/airflow/airflow_project/airflow_venv/lib/python3.12/site-packages/airflow/example_dags/example_latest_only.py
[2026-04-29T09:45:20.373+0300] {processor.py:830} INFO - Processing file /mnt/d/airflow/airflow_project/airflow_venv/lib/python3.12/site-packages/airflow/example_dags/example_latest_only.py for tasks to queue
[2026-04-29T09:45:20.380+0300] {logging_mixin.py:188} INFO - [2026-04-29T09:45:20.377+0300] {dagbag.py:545} INFO - Filling up the DagBag from /mnt/d/airflow/airflow_project/airflow_venv/lib/python3.12/site-packages/airflow/example_dags/example_latest_only.py
[2026-04-29T09:45:20.439+0300] {processor.py:840} INFO - DAG(s) 'latest_only' retrieved from /mnt/d/airflow/airflow_project/airflow_venv/lib/python3.12/site-packages/airflow/example_dags/example_latest_only.py
[2026-04-29T09:45:21.775+0300] {logging_mixin.py:188} INFO - [2026-04-29T09:45:21.773+0300] {dag.py:3089} INFO - Sync 1 DAGs
[2026-04-29T09:45:21.814+0300] {logging_mixin.py:188} INFO - [2026-04-29T09:45:21.812+0300] {dag.py:3947} INFO - Setting next_dagrun for latest_only to 2026-04-29 00:00:00+00:00, run_after=2026-04-29 04:00:00+00:00
[2026-04-29T09:45:21.916+0300] {processor.py:183} INFO - Processing /mnt/d/airflow/airflow_project/airflow_venv/lib/python3.12/site-packages/airflow/example_dags/example_latest_only.py took 1.583 seconds
[2026-04-29T09:47:10.183+0300] {processor.py:161} INFO - Started process (PID=37715) to work on /mnt/d/airflow/airflow_project/airflow_venv/lib/python3.12/site-packages/airflow/example_dags/example_latest_only.py
[2026-04-29T09:47:10.185+0300] {processor.py:830} INFO - Processing file /mnt/d/airflow/airflow_project/airflow_venv/lib/python3.12/site-packages/airflow/example_dags/example_latest_only.py for tasks to queue
[2026-04-29T09:47:10.189+0300] {logging_mixin.py:188} INFO - [2026-04-29T09:47:10.188+0300] {dagbag.py:545} INFO - Filling up the DagBag from /mnt/d/airflow/airflow_project/airflow_venv/lib/python3.12/site-packages/airflow/example_dags/example_latest_only.py
[2026-04-29T09:47:10.224+0300] {processor.py:840} INFO - DAG(s) 'latest_only' retrieved from /mnt/d/airflow/airflow_project/airflow_venv/lib/python3.12/site-packages/airflow/example_dags/example_latest_only.py
[2026-04-29T09:47:10.265+0300] {logging_mixin.py:188} INFO - [2026-04-29T09:47:10.264+0300] {dag.py:3089} INFO - Sync 1 DAGs
[2026-04-29T09:47:10.302+0300] {logging_mixin.py:188} INFO - [2026-04-29T09:47:10.301+0300] {dag.py:3947} INFO - Setting next_dagrun for latest_only to 2026-04-29 00:00:00+00:00, run_after=2026-04-29 04:00:00+00:00
[2026-04-29T09:47:10.418+0300] {processor.py:183} INFO - Processing /mnt/d/airflow/airflow_project/airflow_venv/lib/python3.12/site-packages/airflow/example_dags/example_latest_only.py took 0.254 seconds
[2026-04-29T09:48:40.054+0300] {processor.py:161} INFO - Started process (PID=38218) to work on /mnt/d/airflow/airflow_project/airflow_venv/lib/python3.12/site-packages/airflow/example_dags/example_latest_only.py
[2026-04-29T09:48:40.058+0300] {processor.py:830} INFO - Processing file /mnt/d/airflow/airflow_project/airflow_venv/lib/python3.12/site-packages/airflow/example_dags/example_latest_only.py for tasks to queue
[2026-04-29T09:48:40.065+0300] {logging_mixin.py:188} INFO - [2026-04-29T09:48:40.062+0300] {dagbag.py:545} INFO - Filling up the DagBag from /mnt/d/airflow/airflow_project/airflow_venv/lib/python3.12/site-packages/airflow/example_dags/example_latest_only.py
[2026-04-29T09:48:40.121+0300] {processor.py:840} INFO - DAG(s) 'latest_only' retrieved from /mnt/d/airflow/airflow_project/airflow_venv/lib/python3.12/site-packages/airflow/example_dags/example_latest_only.py
[2026-04-29T09:48:40.169+0300] {logging_mixin.py:188} INFO - [2026-04-29T09:48:40.168+0300] {dag.py:3089} INFO - Sync 1 DAGs
[2026-04-29T09:48:40.211+0300] {logging_mixin.py:188} INFO - [2026-04-29T09:48:40.210+0300] {dag.py:3947} INFO - Setting next_dagrun for latest_only to 2026-04-29 00:00:00+00:00, run_after=2026-04-29 04:00:00+00:00
[2026-04-29T09:48:40.359+0300] {processor.py:183} INFO - Processing /mnt/d/airflow/airflow_project/airflow_venv/lib/python3.12/site-packages/airflow/example_dags/example_latest_only.py took 0.334 seconds
[2026-04-29T09:50:55.447+0300] {processor.py:161} INFO - Started process (PID=38989) to work on /mnt/d/airflow/airflow_project/airflow_venv/lib/python3.12/site-packages/airflow/example_dags/example_latest_only.py
[2026-04-29T09:50:55.453+0300] {processor.py:830} INFO - Processing file /mnt/d/airflow/airflow_project/airflow_venv/lib/python3.12/site-packages/airflow/example_dags/example_latest_only.py for tasks to queue
[2026-04-29T09:50:55.461+0300] {logging_mixin.py:188} INFO - [2026-04-29T09:50:55.458+0300] {dagbag.py:545} INFO - Filling up the DagBag from /mnt/d/airflow/airflow_project/airflow_venv/lib/python3.12/site-packages/airflow/example_dags/example_latest_only.py
[2026-04-29T09:50:55.571+0300] {processor.py:840} INFO - DAG(s) 'latest_only' retrieved from /mnt/d/airflow/airflow_project/airflow_venv/lib/python3.12/site-packages/airflow/example_dags/example_latest_only.py
[2026-04-29T09:50:55.625+0300] {logging_mixin.py:188} INFO - [2026-04-29T09:50:55.623+0300] {dag.py:3089} INFO - Sync 1 DAGs
[2026-04-29T09:50:55.683+0300] {logging_mixin.py:188} INFO - [2026-04-29T09:50:55.681+0300] {dag.py:3947} INFO - Setting next_dagrun for latest_only to 2026-04-29 00:00:00+00:00, run_after=2026-04-29 04:00:00+00:00
[2026-04-29T09:50:55.799+0300] {processor.py:183} INFO - Processing /mnt/d/airflow/airflow_project/airflow_venv/lib/python3.12/site-packages/airflow/example_dags/example_latest_only.py took 0.379 seconds
[2026-04-29T09:54:33.514+0300] {processor.py:161} INFO - Started process (PID=40209) to work on /mnt/d/airflow/airflow_project/airflow_venv/lib/python3.12/site-packages/airflow/example_dags/example_latest_only.py
[2026-04-29T09:54:33.520+0300] {processor.py:830} INFO - Processing file /mnt/d/airflow/airflow_project/airflow_venv/lib/python3.12/site-packages/airflow/example_dags/example_latest_only.py for tasks to queue
[2026-04-29T09:54:33.528+0300] {logging_mixin.py:188} INFO - [2026-04-29T09:54:33.524+0300] {dagbag.py:545} INFO - Filling up the DagBag from /mnt/d/airflow/airflow_project/airflow_venv/lib/python3.12/site-packages/airflow/example_dags/example_latest_only.py
[2026-04-29T09:54:33.610+0300] {processor.py:840} INFO - DAG(s) 'latest_only' retrieved from /mnt/d/airflow/airflow_project/airflow_venv/lib/python3.12/site-packages/airflow/example_dags/example_latest_only.py
[2026-04-29T09:54:33.696+0300] {logging_mixin.py:188} INFO - [2026-04-29T09:54:33.692+0300] {dag.py:3089} INFO - Sync 1 DAGs
[2026-04-29T09:54:33.759+0300] {logging_mixin.py:188} INFO - [2026-04-29T09:54:33.757+0300] {dag.py:3947} INFO - Setting next_dagrun for latest_only to 2026-04-29 00:00:00+00:00, run_after=2026-04-29 04:00:00+00:00
[2026-04-29T09:54:33.951+0300] {processor.py:183} INFO - Processing /mnt/d/airflow/airflow_project/airflow_venv/lib/python3.12/site-packages/airflow/example_dags/example_latest_only.py took 0.471 seconds
[2026-04-29T09:56:50.393+0300] {processor.py:161} INFO - Started process (PID=41012) to work on /mnt/d/airflow/airflow_project/airflow_venv/lib/python3.12/site-packages/airflow/example_dags/example_latest_only.py
[2026-04-29T09:56:50.398+0300] {processor.py:830} INFO - Processing file /mnt/d/airflow/airflow_project/airflow_venv/lib/python3.12/site-packages/airflow/example_dags/example_latest_only.py for tasks to queue
[2026-04-29T09:56:50.405+0300] {logging_mixin.py:188} INFO - [2026-04-29T09:56:50.402+0300] {dagbag.py:545} INFO - Filling up the DagBag from /mnt/d/airflow/airflow_project/airflow_venv/lib/python3.12/site-packages/airflow/example_dags/example_latest_only.py
[2026-04-29T09:56:50.463+0300] {processor.py:840} INFO - DAG(s) 'latest_only' retrieved from /mnt/d/airflow/airflow_project/airflow_venv/lib/python3.12/site-packages/airflow/example_dags/example_latest_only.py
[2026-04-29T09:56:50.521+0300] {logging_mixin.py:188} INFO - [2026-04-29T09:56:50.519+0300] {dag.py:3089} INFO - Sync 1 DAGs
[2026-04-29T09:56:50.573+0300] {logging_mixin.py:188} INFO - [2026-04-29T09:56:50.572+0300] {dag.py:3947} INFO - Setting next_dagrun for latest_only to 2026-04-29 00:00:00+00:00, run_after=2026-04-29 04:00:00+00:00
[2026-04-29T09:56:50.831+0300] {processor.py:183} INFO - Processing /mnt/d/airflow/airflow_project/airflow_venv/lib/python3.12/site-packages/airflow/example_dags/example_latest_only.py took 0.468 seconds
[2026-04-29T09:59:49.485+0300] {processor.py:161} INFO - Started process (PID=42026) to work on /mnt/d/airflow/airflow_project/airflow_venv/lib/python3.12/site-packages/airflow/example_dags/example_latest_only.py
[2026-04-29T09:59:49.490+0300] {processor.py:830} INFO - Processing file /mnt/d/airflow/airflow_project/airflow_venv/lib/python3.12/site-packages/airflow/example_dags/example_latest_only.py for tasks to queue
[2026-04-29T09:59:49.498+0300] {logging_mixin.py:188} INFO - [2026-04-29T09:59:49.495+0300] {dagbag.py:545} INFO - Filling up the DagBag from /mnt/d/airflow/airflow_project/airflow_venv/lib/python3.12/site-packages/airflow/example_dags/example_latest_only.py
[2026-04-29T09:59:49.574+0300] {processor.py:840} INFO - DAG(s) 'latest_only' retrieved from /mnt/d/airflow/airflow_project/airflow_venv/lib/python3.12/site-packages/airflow/example_dags/example_latest_only.py
[2026-04-29T09:59:49.660+0300] {logging_mixin.py:188} INFO - [2026-04-29T09:59:49.648+0300] {dag.py:3089} INFO - Sync 1 DAGs
[2026-04-29T09:59:49.741+0300] {logging_mixin.py:188} INFO - [2026-04-29T09:59:49.739+0300] {dag.py:3947} INFO - Setting next_dagrun for latest_only to 2026-04-29 00:00:00+00:00, run_after=2026-04-29 04:00:00+00:00
[2026-04-29T09:59:49.835+0300] {processor.py:183} INFO - Processing /mnt/d/airflow/airflow_project/airflow_venv/lib/python3.12/site-packages/airflow/example_dags/example_latest_only.py took 0.389 seconds
[2026-04-29T10:03:14.639+0300] {processor.py:161} INFO - Started process (PID=43145) to work on /mnt/d/airflow/airflow_project/airflow_venv/lib/python3.12/site-packages/airflow/example_dags/example_latest_only.py
[2026-04-29T10:03:14.646+0300] {processor.py:830} INFO - Processing file /mnt/d/airflow/airflow_project/airflow_venv/lib/python3.12/site-packages/airflow/example_dags/example_latest_only.py for tasks to queue
[2026-04-29T10:03:14.657+0300] {logging_mixin.py:188} INFO - [2026-04-29T10:03:14.653+0300] {dagbag.py:545} INFO - Filling up the DagBag from /mnt/d/airflow/airflow_project/airflow_venv/lib/python3.12/site-packages/airflow/example_dags/example_latest_only.py
[2026-04-29T10:03:14.741+0300] {processor.py:840} INFO - DAG(s) 'latest_only' retrieved from /mnt/d/airflow/airflow_project/airflow_venv/lib/python3.12/site-packages/airflow/example_dags/example_latest_only.py
[2026-04-29T10:03:14.805+0300] {logging_mixin.py:188} INFO - [2026-04-29T10:03:14.802+0300] {dag.py:3089} INFO - Sync 1 DAGs
[2026-04-29T10:03:14.865+0300] {logging_mixin.py:188} INFO - [2026-04-29T10:03:14.863+0300] {dag.py:3947} INFO - Setting next_dagrun for latest_only to 2026-04-29 00:00:00+00:00, run_after=2026-04-29 04:00:00+00:00
[2026-04-29T10:03:14.976+0300] {processor.py:183} INFO - Processing /mnt/d/airflow/airflow_project/airflow_venv/lib/python3.12/site-packages/airflow/example_dags/example_latest_only.py took 0.425 seconds
[2026-04-29T10:05:56.060+0300] {processor.py:161} INFO - Started process (PID=44076) to work on /mnt/d/airflow/airflow_project/airflow_venv/lib/python3.12/site-packages/airflow/example_dags/example_latest_only.py
[2026-04-29T10:05:56.068+0300] {processor.py:830} INFO - Processing file /mnt/d/airflow/airflow_project/airflow_venv/lib/python3.12/site-packages/airflow/example_dags/example_latest_only.py for tasks to queue
[2026-04-29T10:05:56.073+0300] {logging_mixin.py:188} INFO - [2026-04-29T10:05:56.071+0300] {dagbag.py:545} INFO - Filling up the DagBag from /mnt/d/airflow/airflow_project/airflow_venv/lib/python3.12/site-packages/airflow/example_dags/example_latest_only.py
[2026-04-29T10:05:56.115+0300] {processor.py:840} INFO - DAG(s) 'latest_only' retrieved from /mnt/d/airflow/airflow_project/airflow_venv/lib/python3.12/site-packages/airflow/example_dags/example_latest_only.py
[2026-04-29T10:05:56.168+0300] {logging_mixin.py:188} INFO - [2026-04-29T10:05:56.166+0300] {dag.py:3089} INFO - Sync 1 DAGs
[2026-04-29T10:05:56.215+0300] {logging_mixin.py:188} INFO - [2026-04-29T10:05:56.213+0300] {dag.py:3947} INFO - Setting next_dagrun for latest_only to 2026-04-29 00:00:00+00:00, run_after=2026-04-29 04:00:00+00:00
[2026-04-29T10:05:57.090+0300] {processor.py:183} INFO - Processing /mnt/d/airflow/airflow_project/airflow_venv/lib/python3.12/site-packages/airflow/example_dags/example_latest_only.py took 0.342 seconds
[2026-04-29T10:08:14.711+0300] {processor.py:161} INFO - Started process (PID=44850) to work on /mnt/d/airflow/airflow_project/airflow_venv/lib/python3.12/site-packages/airflow/example_dags/example_latest_only.py
[2026-04-29T10:08:14.716+0300] {processor.py:830} INFO - Processing file /mnt/d/airflow/airflow_project/airflow_venv/lib/python3.12/site-packages/airflow/example_dags/example_latest_only.py for tasks to queue
[2026-04-29T10:08:14.723+0300] {logging_mixin.py:188} INFO - [2026-04-29T10:08:14.720+0300] {dagbag.py:545} INFO - Filling up the DagBag from /mnt/d/airflow/airflow_project/airflow_venv/lib/python3.12/site-packages/airflow/example_dags/example_latest_only.py
[2026-04-29T10:08:14.774+0300] {processor.py:840} INFO - DAG(s) 'latest_only' retrieved from /mnt/d/airflow/airflow_project/airflow_venv/lib/python3.12/site-packages/airflow/example_dags/example_latest_only.py
[2026-04-29T10:08:14.833+0300] {logging_mixin.py:188} INFO - [2026-04-29T10:08:14.831+0300] {dag.py:3089} INFO - Sync 1 DAGs
[2026-04-29T10:08:14.880+0300] {logging_mixin.py:188} INFO - [2026-04-29T10:08:14.878+0300] {dag.py:3947} INFO - Setting next_dagrun for latest_only to 2026-04-29 00:00:00+00:00, run_after=2026-04-29 04:00:00+00:00
[2026-04-29T10:08:15.024+0300] {processor.py:183} INFO - Processing /mnt/d/airflow/airflow_project/airflow_venv/lib/python3.12/site-packages/airflow/example_dags/example_latest_only.py took 0.339 seconds
[2026-04-29T10:10:15.526+0300] {processor.py:161} INFO - Started process (PID=45516) to work on /mnt/d/airflow/airflow_project/airflow_venv/lib/python3.12/site-packages/airflow/example_dags/example_latest_only.py
[2026-04-29T10:10:15.531+0300] {processor.py:830} INFO - Processing file /mnt/d/airflow/airflow_project/airflow_venv/lib/python3.12/site-packages/airflow/example_dags/example_latest_only.py for tasks to queue
[2026-04-29T10:10:15.561+0300] {logging_mixin.py:188} INFO - [2026-04-29T10:10:15.558+0300] {dagbag.py:545} INFO - Filling up the DagBag from /mnt/d/airflow/airflow_project/airflow_venv/lib/python3.12/site-packages/airflow/example_dags/example_latest_only.py
[2026-04-29T10:10:15.639+0300] {processor.py:840} INFO - DAG(s) 'latest_only' retrieved from /mnt/d/airflow/airflow_project/airflow_venv/lib/python3.12/site-packages/airflow/example_dags/example_latest_only.py
[2026-04-29T10:10:15.711+0300] {logging_mixin.py:188} INFO - [2026-04-29T10:10:15.703+0300] {dag.py:3089} INFO - Sync 1 DAGs
[2026-04-29T10:10:15.777+0300] {logging_mixin.py:188} INFO - [2026-04-29T10:10:15.774+0300] {dag.py:3947} INFO - Setting next_dagrun for latest_only to 2026-04-29 00:00:00+00:00, run_after=2026-04-29 04:00:00+00:00
[2026-04-29T10:10:15.977+0300] {processor.py:183} INFO - Processing /mnt/d/airflow/airflow_project/airflow_venv/lib/python3.12/site-packages/airflow/example_dags/example_latest_only.py took 0.486 seconds
[2026-04-29T10:12:32.119+0300] {processor.py:161} INFO - Started process (PID=46266) to work on /mnt/d/airflow/airflow_project/airflow_venv/lib/python3.12/site-packages/airflow/example_dags/example_latest_only.py
[2026-04-29T10:12:32.122+0300] {processor.py:830} INFO - Processing file /mnt/d/airflow/airflow_project/airflow_venv/lib/python3.12/site-packages/airflow/example_dags/example_latest_only.py for tasks to queue
[2026-04-29T10:12:32.129+0300] {logging_mixin.py:188} INFO - [2026-04-29T10:12:32.128+0300] {dagbag.py:545} INFO - Filling up the DagBag from /mnt/d/airflow/airflow_project/airflow_venv/lib/python3.12/site-packages/airflow/example_dags/example_latest_only.py
[2026-04-29T10:12:32.165+0300] {processor.py:840} INFO - DAG(s) 'latest_only' retrieved from /mnt/d/airflow/airflow_project/airflow_venv/lib/python3.12/site-packages/airflow/example_dags/example_latest_only.py
[2026-04-29T10:12:32.205+0300] {logging_mixin.py:188} INFO - [2026-04-29T10:12:32.204+0300] {dag.py:3089} INFO - Sync 1 DAGs
[2026-04-29T10:12:32.235+0300] {logging_mixin.py:188} INFO - [2026-04-29T10:12:32.234+0300] {dag.py:3947} INFO - Setting next_dagrun for latest_only to 2026-04-29 00:00:00+00:00, run_after=2026-04-29 04:00:00+00:00
[2026-04-29T10:12:32.327+0300] {processor.py:183} INFO - Processing /mnt/d/airflow/airflow_project/airflow_venv/lib/python3.12/site-packages/airflow/example_dags/example_latest_only.py took 0.236 seconds
