[2026-04-29T09:14:40.217+0300] {processor.py:161} INFO - Started process (PID=26354) to work on /mnt/d/airflow/airflow_project/airflow_venv/lib/python3.12/site-packages/airflow/example_dags/example_trigger_target_dag.py
[2026-04-29T09:14:40.219+0300] {processor.py:830} INFO - Processing file /mnt/d/airflow/airflow_project/airflow_venv/lib/python3.12/site-packages/airflow/example_dags/example_trigger_target_dag.py for tasks to queue
[2026-04-29T09:14:40.222+0300] {logging_mixin.py:188} INFO - [2026-04-29T09:14:40.221+0300] {dagbag.py:545} INFO - Filling up the DagBag from /mnt/d/airflow/airflow_project/airflow_venv/lib/python3.12/site-packages/airflow/example_dags/example_trigger_target_dag.py
[2026-04-29T09:14:40.481+0300] {processor.py:840} INFO - DAG(s) 'example_trigger_target_dag' retrieved from /mnt/d/airflow/airflow_project/airflow_venv/lib/python3.12/site-packages/airflow/example_dags/example_trigger_target_dag.py
[2026-04-29T09:14:41.944+0300] {logging_mixin.py:188} INFO - [2026-04-29T09:14:41.941+0300] {override.py:1858} INFO - Created Permission View: can edit on DAG:example_trigger_target_dag
[2026-04-29T09:14:42.009+0300] {logging_mixin.py:188} INFO - [2026-04-29T09:14:42.006+0300] {override.py:1858} INFO - Created Permission View: can delete on DAG:example_trigger_target_dag
[2026-04-29T09:14:42.087+0300] {logging_mixin.py:188} INFO - [2026-04-29T09:14:42.086+0300] {override.py:1858} INFO - Created Permission View: can read on DAG:example_trigger_target_dag
[2026-04-29T09:14:42.090+0300] {logging_mixin.py:188} INFO - [2026-04-29T09:14:42.088+0300] {dag.py:3089} INFO - Sync 1 DAGs
[2026-04-29T09:14:42.118+0300] {logging_mixin.py:188} INFO - [2026-04-29T09:14:42.117+0300] {dag.py:3111} INFO - Creating ORM DAG for example_trigger_target_dag
[2026-04-29T09:14:42.121+0300] {logging_mixin.py:188} INFO - [2026-04-29T09:14:42.120+0300] {dag.py:3947} INFO - Setting next_dagrun for example_trigger_target_dag to None, run_after=None
[2026-04-29T09:14:42.234+0300] {processor.py:183} INFO - Processing /mnt/d/airflow/airflow_project/airflow_venv/lib/python3.12/site-packages/airflow/example_dags/example_trigger_target_dag.py took 2.028 seconds
[2026-04-29T09:17:10.449+0300] {processor.py:161} INFO - Started process (PID=27187) to work on /mnt/d/airflow/airflow_project/airflow_venv/lib/python3.12/site-packages/airflow/example_dags/example_trigger_target_dag.py
[2026-04-29T09:17:10.453+0300] {processor.py:830} INFO - Processing file /mnt/d/airflow/airflow_project/airflow_venv/lib/python3.12/site-packages/airflow/example_dags/example_trigger_target_dag.py for tasks to queue
[2026-04-29T09:17:10.459+0300] {logging_mixin.py:188} INFO - [2026-04-29T09:17:10.457+0300] {dagbag.py:545} INFO - Filling up the DagBag from /mnt/d/airflow/airflow_project/airflow_venv/lib/python3.12/site-packages/airflow/example_dags/example_trigger_target_dag.py
[2026-04-29T09:17:10.581+0300] {processor.py:840} INFO - DAG(s) 'example_trigger_target_dag' retrieved from /mnt/d/airflow/airflow_project/airflow_venv/lib/python3.12/site-packages/airflow/example_dags/example_trigger_target_dag.py
[2026-04-29T09:17:10.616+0300] {logging_mixin.py:188} INFO - [2026-04-29T09:17:10.614+0300] {dag.py:3089} INFO - Sync 1 DAGs
[2026-04-29T09:17:10.632+0300] {logging_mixin.py:188} INFO - [2026-04-29T09:17:10.630+0300] {dag.py:3947} INFO - Setting next_dagrun for example_trigger_target_dag to None, run_after=None
[2026-04-29T09:17:10.758+0300] {processor.py:183} INFO - Processing /mnt/d/airflow/airflow_project/airflow_venv/lib/python3.12/site-packages/airflow/example_dags/example_trigger_target_dag.py took 0.329 seconds
[2026-04-29T09:18:22.017+0300] {processor.py:161} INFO - Started process (PID=27627) to work on /mnt/d/airflow/airflow_project/airflow_venv/lib/python3.12/site-packages/airflow/example_dags/example_trigger_target_dag.py
[2026-04-29T09:18:22.022+0300] {processor.py:830} INFO - Processing file /mnt/d/airflow/airflow_project/airflow_venv/lib/python3.12/site-packages/airflow/example_dags/example_trigger_target_dag.py for tasks to queue
[2026-04-29T09:18:22.030+0300] {logging_mixin.py:188} INFO - [2026-04-29T09:18:22.027+0300] {dagbag.py:545} INFO - Filling up the DagBag from /mnt/d/airflow/airflow_project/airflow_venv/lib/python3.12/site-packages/airflow/example_dags/example_trigger_target_dag.py
[2026-04-29T09:18:22.090+0300] {processor.py:840} INFO - DAG(s) 'example_trigger_target_dag' retrieved from /mnt/d/airflow/airflow_project/airflow_venv/lib/python3.12/site-packages/airflow/example_dags/example_trigger_target_dag.py
[2026-04-29T09:18:22.143+0300] {logging_mixin.py:188} INFO - [2026-04-29T09:18:22.141+0300] {dag.py:3089} INFO - Sync 1 DAGs
[2026-04-29T09:18:22.156+0300] {logging_mixin.py:188} INFO - [2026-04-29T09:18:22.155+0300] {dag.py:3947} INFO - Setting next_dagrun for example_trigger_target_dag to None, run_after=None
[2026-04-29T09:18:22.387+0300] {processor.py:183} INFO - Processing /mnt/d/airflow/airflow_project/airflow_venv/lib/python3.12/site-packages/airflow/example_dags/example_trigger_target_dag.py took 0.404 seconds
[2026-04-29T09:19:28.270+0300] {processor.py:161} INFO - Started process (PID=28027) to work on /mnt/d/airflow/airflow_project/airflow_venv/lib/python3.12/site-packages/airflow/example_dags/example_trigger_target_dag.py
[2026-04-29T09:19:28.275+0300] {processor.py:830} INFO - Processing file /mnt/d/airflow/airflow_project/airflow_venv/lib/python3.12/site-packages/airflow/example_dags/example_trigger_target_dag.py for tasks to queue
[2026-04-29T09:19:28.282+0300] {logging_mixin.py:188} INFO - [2026-04-29T09:19:28.279+0300] {dagbag.py:545} INFO - Filling up the DagBag from /mnt/d/airflow/airflow_project/airflow_venv/lib/python3.12/site-packages/airflow/example_dags/example_trigger_target_dag.py
[2026-04-29T09:19:28.353+0300] {processor.py:840} INFO - DAG(s) 'example_trigger_target_dag' retrieved from /mnt/d/airflow/airflow_project/airflow_venv/lib/python3.12/site-packages/airflow/example_dags/example_trigger_target_dag.py
[2026-04-29T09:19:28.417+0300] {logging_mixin.py:188} INFO - [2026-04-29T09:19:28.414+0300] {dag.py:3089} INFO - Sync 1 DAGs
[2026-04-29T09:19:28.452+0300] {logging_mixin.py:188} INFO - [2026-04-29T09:19:28.451+0300] {dag.py:3947} INFO - Setting next_dagrun for example_trigger_target_dag to None, run_after=None
[2026-04-29T09:19:28.641+0300] {processor.py:183} INFO - Processing /mnt/d/airflow/airflow_project/airflow_venv/lib/python3.12/site-packages/airflow/example_dags/example_trigger_target_dag.py took 0.406 seconds
[2026-04-29T09:20:42.464+0300] {processor.py:161} INFO - Started process (PID=28455) to work on /mnt/d/airflow/airflow_project/airflow_venv/lib/python3.12/site-packages/airflow/example_dags/example_trigger_target_dag.py
[2026-04-29T09:20:42.468+0300] {processor.py:830} INFO - Processing file /mnt/d/airflow/airflow_project/airflow_venv/lib/python3.12/site-packages/airflow/example_dags/example_trigger_target_dag.py for tasks to queue
[2026-04-29T09:20:42.476+0300] {logging_mixin.py:188} INFO - [2026-04-29T09:20:42.473+0300] {dagbag.py:545} INFO - Filling up the DagBag from /mnt/d/airflow/airflow_project/airflow_venv/lib/python3.12/site-packages/airflow/example_dags/example_trigger_target_dag.py
[2026-04-29T09:20:42.558+0300] {processor.py:840} INFO - DAG(s) 'example_trigger_target_dag' retrieved from /mnt/d/airflow/airflow_project/airflow_venv/lib/python3.12/site-packages/airflow/example_dags/example_trigger_target_dag.py
[2026-04-29T09:20:42.643+0300] {logging_mixin.py:188} INFO - [2026-04-29T09:20:42.641+0300] {dag.py:3089} INFO - Sync 1 DAGs
[2026-04-29T09:20:42.669+0300] {logging_mixin.py:188} INFO - [2026-04-29T09:20:42.667+0300] {dag.py:3947} INFO - Setting next_dagrun for example_trigger_target_dag to None, run_after=None
[2026-04-29T09:20:42.865+0300] {processor.py:183} INFO - Processing /mnt/d/airflow/airflow_project/airflow_venv/lib/python3.12/site-packages/airflow/example_dags/example_trigger_target_dag.py took 0.428 seconds
[2026-04-29T09:21:48.629+0300] {processor.py:161} INFO - Started process (PID=28824) to work on /mnt/d/airflow/airflow_project/airflow_venv/lib/python3.12/site-packages/airflow/example_dags/example_trigger_target_dag.py
[2026-04-29T09:21:48.634+0300] {processor.py:830} INFO - Processing file /mnt/d/airflow/airflow_project/airflow_venv/lib/python3.12/site-packages/airflow/example_dags/example_trigger_target_dag.py for tasks to queue
[2026-04-29T09:21:48.641+0300] {logging_mixin.py:188} INFO - [2026-04-29T09:21:48.638+0300] {dagbag.py:545} INFO - Filling up the DagBag from /mnt/d/airflow/airflow_project/airflow_venv/lib/python3.12/site-packages/airflow/example_dags/example_trigger_target_dag.py
[2026-04-29T09:21:48.706+0300] {processor.py:840} INFO - DAG(s) 'example_trigger_target_dag' retrieved from /mnt/d/airflow/airflow_project/airflow_venv/lib/python3.12/site-packages/airflow/example_dags/example_trigger_target_dag.py
[2026-04-29T09:21:48.758+0300] {logging_mixin.py:188} INFO - [2026-04-29T09:21:48.757+0300] {dag.py:3089} INFO - Sync 1 DAGs
[2026-04-29T09:21:48.780+0300] {logging_mixin.py:188} INFO - [2026-04-29T09:21:48.778+0300] {dag.py:3947} INFO - Setting next_dagrun for example_trigger_target_dag to None, run_after=None
[2026-04-29T09:21:48.938+0300] {processor.py:183} INFO - Processing /mnt/d/airflow/airflow_project/airflow_venv/lib/python3.12/site-packages/airflow/example_dags/example_trigger_target_dag.py took 0.340 seconds
[2026-04-29T09:22:46.272+0300] {processor.py:161} INFO - Started process (PID=29171) to work on /mnt/d/airflow/airflow_project/airflow_venv/lib/python3.12/site-packages/airflow/example_dags/example_trigger_target_dag.py
[2026-04-29T09:22:46.276+0300] {processor.py:830} INFO - Processing file /mnt/d/airflow/airflow_project/airflow_venv/lib/python3.12/site-packages/airflow/example_dags/example_trigger_target_dag.py for tasks to queue
[2026-04-29T09:22:46.284+0300] {logging_mixin.py:188} INFO - [2026-04-29T09:22:46.281+0300] {dagbag.py:545} INFO - Filling up the DagBag from /mnt/d/airflow/airflow_project/airflow_venv/lib/python3.12/site-packages/airflow/example_dags/example_trigger_target_dag.py
[2026-04-29T09:22:46.339+0300] {processor.py:840} INFO - DAG(s) 'example_trigger_target_dag' retrieved from /mnt/d/airflow/airflow_project/airflow_venv/lib/python3.12/site-packages/airflow/example_dags/example_trigger_target_dag.py
[2026-04-29T09:22:46.397+0300] {logging_mixin.py:188} INFO - [2026-04-29T09:22:46.395+0300] {dag.py:3089} INFO - Sync 1 DAGs
[2026-04-29T09:22:46.421+0300] {logging_mixin.py:188} INFO - [2026-04-29T09:22:46.418+0300] {dag.py:3947} INFO - Setting next_dagrun for example_trigger_target_dag to None, run_after=None
[2026-04-29T09:22:46.598+0300] {processor.py:183} INFO - Processing /mnt/d/airflow/airflow_project/airflow_venv/lib/python3.12/site-packages/airflow/example_dags/example_trigger_target_dag.py took 0.353 seconds
[2026-04-29T09:23:45.046+0300] {processor.py:161} INFO - Started process (PID=29505) to work on /mnt/d/airflow/airflow_project/airflow_venv/lib/python3.12/site-packages/airflow/example_dags/example_trigger_target_dag.py
[2026-04-29T09:23:45.050+0300] {processor.py:830} INFO - Processing file /mnt/d/airflow/airflow_project/airflow_venv/lib/python3.12/site-packages/airflow/example_dags/example_trigger_target_dag.py for tasks to queue
[2026-04-29T09:23:45.058+0300] {logging_mixin.py:188} INFO - [2026-04-29T09:23:45.055+0300] {dagbag.py:545} INFO - Filling up the DagBag from /mnt/d/airflow/airflow_project/airflow_venv/lib/python3.12/site-packages/airflow/example_dags/example_trigger_target_dag.py
[2026-04-29T09:23:45.136+0300] {processor.py:840} INFO - DAG(s) 'example_trigger_target_dag' retrieved from /mnt/d/airflow/airflow_project/airflow_venv/lib/python3.12/site-packages/airflow/example_dags/example_trigger_target_dag.py
[2026-04-29T09:23:45.203+0300] {logging_mixin.py:188} INFO - [2026-04-29T09:23:45.199+0300] {dag.py:3089} INFO - Sync 1 DAGs
[2026-04-29T09:23:45.227+0300] {logging_mixin.py:188} INFO - [2026-04-29T09:23:45.225+0300] {dag.py:3947} INFO - Setting next_dagrun for example_trigger_target_dag to None, run_after=None
[2026-04-29T09:23:45.354+0300] {processor.py:183} INFO - Processing /mnt/d/airflow/airflow_project/airflow_venv/lib/python3.12/site-packages/airflow/example_dags/example_trigger_target_dag.py took 0.340 seconds
[2026-04-29T09:24:56.410+0300] {processor.py:161} INFO - Started process (PID=29908) to work on /mnt/d/airflow/airflow_project/airflow_venv/lib/python3.12/site-packages/airflow/example_dags/example_trigger_target_dag.py
[2026-04-29T09:24:56.415+0300] {processor.py:830} INFO - Processing file /mnt/d/airflow/airflow_project/airflow_venv/lib/python3.12/site-packages/airflow/example_dags/example_trigger_target_dag.py for tasks to queue
[2026-04-29T09:24:56.421+0300] {logging_mixin.py:188} INFO - [2026-04-29T09:24:56.419+0300] {dagbag.py:545} INFO - Filling up the DagBag from /mnt/d/airflow/airflow_project/airflow_venv/lib/python3.12/site-packages/airflow/example_dags/example_trigger_target_dag.py
[2026-04-29T09:24:56.480+0300] {processor.py:840} INFO - DAG(s) 'example_trigger_target_dag' retrieved from /mnt/d/airflow/airflow_project/airflow_venv/lib/python3.12/site-packages/airflow/example_dags/example_trigger_target_dag.py
[2026-04-29T09:24:56.522+0300] {logging_mixin.py:188} INFO - [2026-04-29T09:24:56.521+0300] {dag.py:3089} INFO - Sync 1 DAGs
[2026-04-29T09:24:56.537+0300] {logging_mixin.py:188} INFO - [2026-04-29T09:24:56.535+0300] {dag.py:3947} INFO - Setting next_dagrun for example_trigger_target_dag to None, run_after=None
[2026-04-29T09:24:56.603+0300] {processor.py:183} INFO - Processing /mnt/d/airflow/airflow_project/airflow_venv/lib/python3.12/site-packages/airflow/example_dags/example_trigger_target_dag.py took 0.227 seconds
[2026-04-29T09:26:06.711+0300] {processor.py:161} INFO - Started process (PID=30303) to work on /mnt/d/airflow/airflow_project/airflow_venv/lib/python3.12/site-packages/airflow/example_dags/example_trigger_target_dag.py
[2026-04-29T09:26:06.716+0300] {processor.py:830} INFO - Processing file /mnt/d/airflow/airflow_project/airflow_venv/lib/python3.12/site-packages/airflow/example_dags/example_trigger_target_dag.py for tasks to queue
[2026-04-29T09:26:06.722+0300] {logging_mixin.py:188} INFO - [2026-04-29T09:26:06.720+0300] {dagbag.py:545} INFO - Filling up the DagBag from /mnt/d/airflow/airflow_project/airflow_venv/lib/python3.12/site-packages/airflow/example_dags/example_trigger_target_dag.py
[2026-04-29T09:26:06.808+0300] {processor.py:840} INFO - DAG(s) 'example_trigger_target_dag' retrieved from /mnt/d/airflow/airflow_project/airflow_venv/lib/python3.12/site-packages/airflow/example_dags/example_trigger_target_dag.py
[2026-04-29T09:26:06.883+0300] {logging_mixin.py:188} INFO - [2026-04-29T09:26:06.880+0300] {dag.py:3089} INFO - Sync 1 DAGs
[2026-04-29T09:26:06.907+0300] {logging_mixin.py:188} INFO - [2026-04-29T09:26:06.905+0300] {dag.py:3947} INFO - Setting next_dagrun for example_trigger_target_dag to None, run_after=None
[2026-04-29T09:26:07.055+0300] {processor.py:183} INFO - Processing /mnt/d/airflow/airflow_project/airflow_venv/lib/python3.12/site-packages/airflow/example_dags/example_trigger_target_dag.py took 0.377 seconds
[2026-04-29T09:27:19.082+0300] {processor.py:161} INFO - Started process (PID=30703) to work on /mnt/d/airflow/airflow_project/airflow_venv/lib/python3.12/site-packages/airflow/example_dags/example_trigger_target_dag.py
[2026-04-29T09:27:19.086+0300] {processor.py:830} INFO - Processing file /mnt/d/airflow/airflow_project/airflow_venv/lib/python3.12/site-packages/airflow/example_dags/example_trigger_target_dag.py for tasks to queue
[2026-04-29T09:27:19.094+0300] {logging_mixin.py:188} INFO - [2026-04-29T09:27:19.091+0300] {dagbag.py:545} INFO - Filling up the DagBag from /mnt/d/airflow/airflow_project/airflow_venv/lib/python3.12/site-packages/airflow/example_dags/example_trigger_target_dag.py
[2026-04-29T09:27:19.155+0300] {processor.py:840} INFO - DAG(s) 'example_trigger_target_dag' retrieved from /mnt/d/airflow/airflow_project/airflow_venv/lib/python3.12/site-packages/airflow/example_dags/example_trigger_target_dag.py
[2026-04-29T09:27:19.207+0300] {logging_mixin.py:188} INFO - [2026-04-29T09:27:19.205+0300] {dag.py:3089} INFO - Sync 1 DAGs
[2026-04-29T09:27:19.227+0300] {logging_mixin.py:188} INFO - [2026-04-29T09:27:19.226+0300] {dag.py:3947} INFO - Setting next_dagrun for example_trigger_target_dag to None, run_after=None
[2026-04-29T09:27:19.452+0300] {processor.py:183} INFO - Processing /mnt/d/airflow/airflow_project/airflow_venv/lib/python3.12/site-packages/airflow/example_dags/example_trigger_target_dag.py took 0.400 seconds
[2026-04-29T09:28:35.112+0300] {processor.py:161} INFO - Started process (PID=31141) to work on /mnt/d/airflow/airflow_project/airflow_venv/lib/python3.12/site-packages/airflow/example_dags/example_trigger_target_dag.py
[2026-04-29T09:28:35.116+0300] {processor.py:830} INFO - Processing file /mnt/d/airflow/airflow_project/airflow_venv/lib/python3.12/site-packages/airflow/example_dags/example_trigger_target_dag.py for tasks to queue
[2026-04-29T09:28:35.124+0300] {logging_mixin.py:188} INFO - [2026-04-29T09:28:35.121+0300] {dagbag.py:545} INFO - Filling up the DagBag from /mnt/d/airflow/airflow_project/airflow_venv/lib/python3.12/site-packages/airflow/example_dags/example_trigger_target_dag.py
[2026-04-29T09:28:35.196+0300] {processor.py:840} INFO - DAG(s) 'example_trigger_target_dag' retrieved from /mnt/d/airflow/airflow_project/airflow_venv/lib/python3.12/site-packages/airflow/example_dags/example_trigger_target_dag.py
[2026-04-29T09:28:35.265+0300] {logging_mixin.py:188} INFO - [2026-04-29T09:28:35.263+0300] {dag.py:3089} INFO - Sync 1 DAGs
[2026-04-29T09:28:35.295+0300] {logging_mixin.py:188} INFO - [2026-04-29T09:28:35.292+0300] {dag.py:3947} INFO - Setting next_dagrun for example_trigger_target_dag to None, run_after=None
[2026-04-29T09:28:35.509+0300] {processor.py:183} INFO - Processing /mnt/d/airflow/airflow_project/airflow_venv/lib/python3.12/site-packages/airflow/example_dags/example_trigger_target_dag.py took 0.508 seconds
[2026-04-29T09:29:55.539+0300] {processor.py:161} INFO - Started process (PID=31616) to work on /mnt/d/airflow/airflow_project/airflow_venv/lib/python3.12/site-packages/airflow/example_dags/example_trigger_target_dag.py
[2026-04-29T09:29:55.543+0300] {processor.py:830} INFO - Processing file /mnt/d/airflow/airflow_project/airflow_venv/lib/python3.12/site-packages/airflow/example_dags/example_trigger_target_dag.py for tasks to queue
[2026-04-29T09:29:55.549+0300] {logging_mixin.py:188} INFO - [2026-04-29T09:29:55.547+0300] {dagbag.py:545} INFO - Filling up the DagBag from /mnt/d/airflow/airflow_project/airflow_venv/lib/python3.12/site-packages/airflow/example_dags/example_trigger_target_dag.py
[2026-04-29T09:29:55.648+0300] {processor.py:840} INFO - DAG(s) 'example_trigger_target_dag' retrieved from /mnt/d/airflow/airflow_project/airflow_venv/lib/python3.12/site-packages/airflow/example_dags/example_trigger_target_dag.py
[2026-04-29T09:29:55.985+0300] {logging_mixin.py:188} INFO - [2026-04-29T09:29:55.743+0300] {dag.py:3089} INFO - Sync 1 DAGs
[2026-04-29T09:29:56.392+0300] {logging_mixin.py:188} INFO - [2026-04-29T09:29:56.390+0300] {dag.py:3947} INFO - Setting next_dagrun for example_trigger_target_dag to None, run_after=None
[2026-04-29T09:30:00.991+0300] {processor.py:183} INFO - Processing /mnt/d/airflow/airflow_project/airflow_venv/lib/python3.12/site-packages/airflow/example_dags/example_trigger_target_dag.py took 5.481 seconds
[2026-04-29T09:31:27.557+0300] {processor.py:161} INFO - Started process (PID=32169) to work on /mnt/d/airflow/airflow_project/airflow_venv/lib/python3.12/site-packages/airflow/example_dags/example_trigger_target_dag.py
[2026-04-29T09:31:27.559+0300] {processor.py:830} INFO - Processing file /mnt/d/airflow/airflow_project/airflow_venv/lib/python3.12/site-packages/airflow/example_dags/example_trigger_target_dag.py for tasks to queue
[2026-04-29T09:31:27.565+0300] {logging_mixin.py:188} INFO - [2026-04-29T09:31:27.563+0300] {dagbag.py:545} INFO - Filling up the DagBag from /mnt/d/airflow/airflow_project/airflow_venv/lib/python3.12/site-packages/airflow/example_dags/example_trigger_target_dag.py
[2026-04-29T09:31:27.605+0300] {processor.py:840} INFO - DAG(s) 'example_trigger_target_dag' retrieved from /mnt/d/airflow/airflow_project/airflow_venv/lib/python3.12/site-packages/airflow/example_dags/example_trigger_target_dag.py
[2026-04-29T09:31:27.643+0300] {logging_mixin.py:188} INFO - [2026-04-29T09:31:27.642+0300] {dag.py:3089} INFO - Sync 1 DAGs
[2026-04-29T09:31:27.657+0300] {logging_mixin.py:188} INFO - [2026-04-29T09:31:27.656+0300] {dag.py:3947} INFO - Setting next_dagrun for example_trigger_target_dag to None, run_after=None
[2026-04-29T09:31:27.774+0300] {processor.py:183} INFO - Processing /mnt/d/airflow/airflow_project/airflow_venv/lib/python3.12/site-packages/airflow/example_dags/example_trigger_target_dag.py took 0.232 seconds
[2026-04-29T09:32:34.769+0300] {processor.py:161} INFO - Started process (PID=32563) to work on /mnt/d/airflow/airflow_project/airflow_venv/lib/python3.12/site-packages/airflow/example_dags/example_trigger_target_dag.py
[2026-04-29T09:32:34.773+0300] {processor.py:830} INFO - Processing file /mnt/d/airflow/airflow_project/airflow_venv/lib/python3.12/site-packages/airflow/example_dags/example_trigger_target_dag.py for tasks to queue
[2026-04-29T09:32:34.781+0300] {logging_mixin.py:188} INFO - [2026-04-29T09:32:34.779+0300] {dagbag.py:545} INFO - Filling up the DagBag from /mnt/d/airflow/airflow_project/airflow_venv/lib/python3.12/site-packages/airflow/example_dags/example_trigger_target_dag.py
[2026-04-29T09:32:34.846+0300] {processor.py:840} INFO - DAG(s) 'example_trigger_target_dag' retrieved from /mnt/d/airflow/airflow_project/airflow_venv/lib/python3.12/site-packages/airflow/example_dags/example_trigger_target_dag.py
[2026-04-29T09:32:34.906+0300] {logging_mixin.py:188} INFO - [2026-04-29T09:32:34.903+0300] {dag.py:3089} INFO - Sync 1 DAGs
[2026-04-29T09:32:34.926+0300] {logging_mixin.py:188} INFO - [2026-04-29T09:32:34.923+0300] {dag.py:3947} INFO - Setting next_dagrun for example_trigger_target_dag to None, run_after=None
[2026-04-29T09:32:35.105+0300] {processor.py:183} INFO - Processing /mnt/d/airflow/airflow_project/airflow_venv/lib/python3.12/site-packages/airflow/example_dags/example_trigger_target_dag.py took 0.364 seconds
[2026-04-29T09:33:45.004+0300] {processor.py:161} INFO - Started process (PID=32986) to work on /mnt/d/airflow/airflow_project/airflow_venv/lib/python3.12/site-packages/airflow/example_dags/example_trigger_target_dag.py
[2026-04-29T09:33:45.008+0300] {processor.py:830} INFO - Processing file /mnt/d/airflow/airflow_project/airflow_venv/lib/python3.12/site-packages/airflow/example_dags/example_trigger_target_dag.py for tasks to queue
[2026-04-29T09:33:45.016+0300] {logging_mixin.py:188} INFO - [2026-04-29T09:33:45.014+0300] {dagbag.py:545} INFO - Filling up the DagBag from /mnt/d/airflow/airflow_project/airflow_venv/lib/python3.12/site-packages/airflow/example_dags/example_trigger_target_dag.py
[2026-04-29T09:33:45.079+0300] {processor.py:840} INFO - DAG(s) 'example_trigger_target_dag' retrieved from /mnt/d/airflow/airflow_project/airflow_venv/lib/python3.12/site-packages/airflow/example_dags/example_trigger_target_dag.py
[2026-04-29T09:33:45.144+0300] {logging_mixin.py:188} INFO - [2026-04-29T09:33:45.140+0300] {dag.py:3089} INFO - Sync 1 DAGs
[2026-04-29T09:33:45.169+0300] {logging_mixin.py:188} INFO - [2026-04-29T09:33:45.167+0300] {dag.py:3947} INFO - Setting next_dagrun for example_trigger_target_dag to None, run_after=None
[2026-04-29T09:33:45.373+0300] {processor.py:183} INFO - Processing /mnt/d/airflow/airflow_project/airflow_venv/lib/python3.12/site-packages/airflow/example_dags/example_trigger_target_dag.py took 0.398 seconds
[2026-04-29T09:34:57.809+0300] {processor.py:161} INFO - Started process (PID=33405) to work on /mnt/d/airflow/airflow_project/airflow_venv/lib/python3.12/site-packages/airflow/example_dags/example_trigger_target_dag.py
[2026-04-29T09:34:57.813+0300] {processor.py:830} INFO - Processing file /mnt/d/airflow/airflow_project/airflow_venv/lib/python3.12/site-packages/airflow/example_dags/example_trigger_target_dag.py for tasks to queue
[2026-04-29T09:34:57.821+0300] {logging_mixin.py:188} INFO - [2026-04-29T09:34:57.818+0300] {dagbag.py:545} INFO - Filling up the DagBag from /mnt/d/airflow/airflow_project/airflow_venv/lib/python3.12/site-packages/airflow/example_dags/example_trigger_target_dag.py
[2026-04-29T09:34:57.893+0300] {processor.py:840} INFO - DAG(s) 'example_trigger_target_dag' retrieved from /mnt/d/airflow/airflow_project/airflow_venv/lib/python3.12/site-packages/airflow/example_dags/example_trigger_target_dag.py
[2026-04-29T09:34:57.957+0300] {logging_mixin.py:188} INFO - [2026-04-29T09:34:57.952+0300] {dag.py:3089} INFO - Sync 1 DAGs
[2026-04-29T09:34:57.987+0300] {logging_mixin.py:188} INFO - [2026-04-29T09:34:57.985+0300] {dag.py:3947} INFO - Setting next_dagrun for example_trigger_target_dag to None, run_after=None
[2026-04-29T09:34:58.208+0300] {processor.py:183} INFO - Processing /mnt/d/airflow/airflow_project/airflow_venv/lib/python3.12/site-packages/airflow/example_dags/example_trigger_target_dag.py took 0.429 seconds
[2026-04-29T09:36:02.203+0300] {processor.py:161} INFO - Started process (PID=33809) to work on /mnt/d/airflow/airflow_project/airflow_venv/lib/python3.12/site-packages/airflow/example_dags/example_trigger_target_dag.py
[2026-04-29T09:36:02.206+0300] {processor.py:830} INFO - Processing file /mnt/d/airflow/airflow_project/airflow_venv/lib/python3.12/site-packages/airflow/example_dags/example_trigger_target_dag.py for tasks to queue
[2026-04-29T09:36:02.213+0300] {logging_mixin.py:188} INFO - [2026-04-29T09:36:02.211+0300] {dagbag.py:545} INFO - Filling up the DagBag from /mnt/d/airflow/airflow_project/airflow_venv/lib/python3.12/site-packages/airflow/example_dags/example_trigger_target_dag.py
[2026-04-29T09:36:02.247+0300] {processor.py:840} INFO - DAG(s) 'example_trigger_target_dag' retrieved from /mnt/d/airflow/airflow_project/airflow_venv/lib/python3.12/site-packages/airflow/example_dags/example_trigger_target_dag.py
[2026-04-29T09:36:02.286+0300] {logging_mixin.py:188} INFO - [2026-04-29T09:36:02.285+0300] {dag.py:3089} INFO - Sync 1 DAGs
[2026-04-29T09:36:02.307+0300] {logging_mixin.py:188} INFO - [2026-04-29T09:36:02.304+0300] {dag.py:3947} INFO - Setting next_dagrun for example_trigger_target_dag to None, run_after=None
[2026-04-29T09:36:02.490+0300] {processor.py:183} INFO - Processing /mnt/d/airflow/airflow_project/airflow_venv/lib/python3.12/site-packages/airflow/example_dags/example_trigger_target_dag.py took 0.306 seconds
[2026-04-29T09:37:02.069+0300] {processor.py:161} INFO - Started process (PID=34146) to work on /mnt/d/airflow/airflow_project/airflow_venv/lib/python3.12/site-packages/airflow/example_dags/example_trigger_target_dag.py
[2026-04-29T09:37:02.073+0300] {processor.py:830} INFO - Processing file /mnt/d/airflow/airflow_project/airflow_venv/lib/python3.12/site-packages/airflow/example_dags/example_trigger_target_dag.py for tasks to queue
[2026-04-29T09:37:02.081+0300] {logging_mixin.py:188} INFO - [2026-04-29T09:37:02.078+0300] {dagbag.py:545} INFO - Filling up the DagBag from /mnt/d/airflow/airflow_project/airflow_venv/lib/python3.12/site-packages/airflow/example_dags/example_trigger_target_dag.py
[2026-04-29T09:37:02.134+0300] {processor.py:840} INFO - DAG(s) 'example_trigger_target_dag' retrieved from /mnt/d/airflow/airflow_project/airflow_venv/lib/python3.12/site-packages/airflow/example_dags/example_trigger_target_dag.py
[2026-04-29T09:37:02.197+0300] {logging_mixin.py:188} INFO - [2026-04-29T09:37:02.196+0300] {dag.py:3089} INFO - Sync 1 DAGs
[2026-04-29T09:37:02.225+0300] {logging_mixin.py:188} INFO - [2026-04-29T09:37:02.224+0300] {dag.py:3947} INFO - Setting next_dagrun for example_trigger_target_dag to None, run_after=None
[2026-04-29T09:37:02.352+0300] {processor.py:183} INFO - Processing /mnt/d/airflow/airflow_project/airflow_venv/lib/python3.12/site-packages/airflow/example_dags/example_trigger_target_dag.py took 0.313 seconds
[2026-04-29T09:38:01.468+0300] {processor.py:161} INFO - Started process (PID=34534) to work on /mnt/d/airflow/airflow_project/airflow_venv/lib/python3.12/site-packages/airflow/example_dags/example_trigger_target_dag.py
[2026-04-29T09:38:01.471+0300] {processor.py:830} INFO - Processing file /mnt/d/airflow/airflow_project/airflow_venv/lib/python3.12/site-packages/airflow/example_dags/example_trigger_target_dag.py for tasks to queue
[2026-04-29T09:38:01.476+0300] {logging_mixin.py:188} INFO - [2026-04-29T09:38:01.474+0300] {dagbag.py:545} INFO - Filling up the DagBag from /mnt/d/airflow/airflow_project/airflow_venv/lib/python3.12/site-packages/airflow/example_dags/example_trigger_target_dag.py
[2026-04-29T09:38:01.512+0300] {processor.py:840} INFO - DAG(s) 'example_trigger_target_dag' retrieved from /mnt/d/airflow/airflow_project/airflow_venv/lib/python3.12/site-packages/airflow/example_dags/example_trigger_target_dag.py
[2026-04-29T09:38:01.562+0300] {logging_mixin.py:188} INFO - [2026-04-29T09:38:01.559+0300] {dag.py:3089} INFO - Sync 1 DAGs
[2026-04-29T09:38:01.597+0300] {logging_mixin.py:188} INFO - [2026-04-29T09:38:01.593+0300] {dag.py:3947} INFO - Setting next_dagrun for example_trigger_target_dag to None, run_after=None
[2026-04-29T09:38:01.785+0300] {processor.py:183} INFO - Processing /mnt/d/airflow/airflow_project/airflow_venv/lib/python3.12/site-packages/airflow/example_dags/example_trigger_target_dag.py took 0.344 seconds
[2026-04-29T09:39:08.584+0300] {processor.py:161} INFO - Started process (PID=34945) to work on /mnt/d/airflow/airflow_project/airflow_venv/lib/python3.12/site-packages/airflow/example_dags/example_trigger_target_dag.py
[2026-04-29T09:39:08.589+0300] {processor.py:830} INFO - Processing file /mnt/d/airflow/airflow_project/airflow_venv/lib/python3.12/site-packages/airflow/example_dags/example_trigger_target_dag.py for tasks to queue
[2026-04-29T09:39:08.597+0300] {logging_mixin.py:188} INFO - [2026-04-29T09:39:08.594+0300] {dagbag.py:545} INFO - Filling up the DagBag from /mnt/d/airflow/airflow_project/airflow_venv/lib/python3.12/site-packages/airflow/example_dags/example_trigger_target_dag.py
[2026-04-29T09:39:08.650+0300] {processor.py:840} INFO - DAG(s) 'example_trigger_target_dag' retrieved from /mnt/d/airflow/airflow_project/airflow_venv/lib/python3.12/site-packages/airflow/example_dags/example_trigger_target_dag.py
[2026-04-29T09:39:08.695+0300] {logging_mixin.py:188} INFO - [2026-04-29T09:39:08.693+0300] {dag.py:3089} INFO - Sync 1 DAGs
[2026-04-29T09:39:08.721+0300] {logging_mixin.py:188} INFO - [2026-04-29T09:39:08.719+0300] {dag.py:3947} INFO - Setting next_dagrun for example_trigger_target_dag to None, run_after=None
[2026-04-29T09:39:08.853+0300] {processor.py:183} INFO - Processing /mnt/d/airflow/airflow_project/airflow_venv/lib/python3.12/site-packages/airflow/example_dags/example_trigger_target_dag.py took 0.302 seconds
[2026-04-29T09:40:11.656+0300] {processor.py:161} INFO - Started process (PID=35305) to work on /mnt/d/airflow/airflow_project/airflow_venv/lib/python3.12/site-packages/airflow/example_dags/example_trigger_target_dag.py
[2026-04-29T09:40:11.659+0300] {processor.py:830} INFO - Processing file /mnt/d/airflow/airflow_project/airflow_venv/lib/python3.12/site-packages/airflow/example_dags/example_trigger_target_dag.py for tasks to queue
[2026-04-29T09:40:11.665+0300] {logging_mixin.py:188} INFO - [2026-04-29T09:40:11.662+0300] {dagbag.py:545} INFO - Filling up the DagBag from /mnt/d/airflow/airflow_project/airflow_venv/lib/python3.12/site-packages/airflow/example_dags/example_trigger_target_dag.py
[2026-04-29T09:40:11.690+0300] {processor.py:840} INFO - DAG(s) 'example_trigger_target_dag' retrieved from /mnt/d/airflow/airflow_project/airflow_venv/lib/python3.12/site-packages/airflow/example_dags/example_trigger_target_dag.py
[2026-04-29T09:40:11.729+0300] {logging_mixin.py:188} INFO - [2026-04-29T09:40:11.727+0300] {dag.py:3089} INFO - Sync 1 DAGs
[2026-04-29T09:40:11.751+0300] {logging_mixin.py:188} INFO - [2026-04-29T09:40:11.750+0300] {dag.py:3947} INFO - Setting next_dagrun for example_trigger_target_dag to None, run_after=None
[2026-04-29T09:40:11.878+0300] {processor.py:183} INFO - Processing /mnt/d/airflow/airflow_project/airflow_venv/lib/python3.12/site-packages/airflow/example_dags/example_trigger_target_dag.py took 0.243 seconds
[2026-04-29T09:41:08.360+0300] {processor.py:161} INFO - Started process (PID=35637) to work on /mnt/d/airflow/airflow_project/airflow_venv/lib/python3.12/site-packages/airflow/example_dags/example_trigger_target_dag.py
[2026-04-29T09:41:08.363+0300] {processor.py:830} INFO - Processing file /mnt/d/airflow/airflow_project/airflow_venv/lib/python3.12/site-packages/airflow/example_dags/example_trigger_target_dag.py for tasks to queue
[2026-04-29T09:41:08.368+0300] {logging_mixin.py:188} INFO - [2026-04-29T09:41:08.367+0300] {dagbag.py:545} INFO - Filling up the DagBag from /mnt/d/airflow/airflow_project/airflow_venv/lib/python3.12/site-packages/airflow/example_dags/example_trigger_target_dag.py
[2026-04-29T09:41:08.396+0300] {processor.py:840} INFO - DAG(s) 'example_trigger_target_dag' retrieved from /mnt/d/airflow/airflow_project/airflow_venv/lib/python3.12/site-packages/airflow/example_dags/example_trigger_target_dag.py
[2026-04-29T09:41:08.431+0300] {logging_mixin.py:188} INFO - [2026-04-29T09:41:08.429+0300] {dag.py:3089} INFO - Sync 1 DAGs
[2026-04-29T09:41:08.449+0300] {logging_mixin.py:188} INFO - [2026-04-29T09:41:08.448+0300] {dag.py:3947} INFO - Setting next_dagrun for example_trigger_target_dag to None, run_after=None
[2026-04-29T09:41:09.325+0300] {processor.py:183} INFO - Processing /mnt/d/airflow/airflow_project/airflow_venv/lib/python3.12/site-packages/airflow/example_dags/example_trigger_target_dag.py took 0.234 seconds
[2026-04-29T09:42:12.465+0300] {processor.py:161} INFO - Started process (PID=35994) to work on /mnt/d/airflow/airflow_project/airflow_venv/lib/python3.12/site-packages/airflow/example_dags/example_trigger_target_dag.py
[2026-04-29T09:42:12.471+0300] {processor.py:830} INFO - Processing file /mnt/d/airflow/airflow_project/airflow_venv/lib/python3.12/site-packages/airflow/example_dags/example_trigger_target_dag.py for tasks to queue
[2026-04-29T09:42:12.478+0300] {logging_mixin.py:188} INFO - [2026-04-29T09:42:12.476+0300] {dagbag.py:545} INFO - Filling up the DagBag from /mnt/d/airflow/airflow_project/airflow_venv/lib/python3.12/site-packages/airflow/example_dags/example_trigger_target_dag.py
[2026-04-29T09:42:12.545+0300] {processor.py:840} INFO - DAG(s) 'example_trigger_target_dag' retrieved from /mnt/d/airflow/airflow_project/airflow_venv/lib/python3.12/site-packages/airflow/example_dags/example_trigger_target_dag.py
[2026-04-29T09:42:12.595+0300] {logging_mixin.py:188} INFO - [2026-04-29T09:42:12.594+0300] {dag.py:3089} INFO - Sync 1 DAGs
[2026-04-29T09:42:12.612+0300] {logging_mixin.py:188} INFO - [2026-04-29T09:42:12.611+0300] {dag.py:3947} INFO - Setting next_dagrun for example_trigger_target_dag to None, run_after=None
[2026-04-29T09:42:12.704+0300] {processor.py:183} INFO - Processing /mnt/d/airflow/airflow_project/airflow_venv/lib/python3.12/site-packages/airflow/example_dags/example_trigger_target_dag.py took 0.266 seconds
[2026-04-29T09:43:17.870+0300] {processor.py:161} INFO - Started process (PID=36403) to work on /mnt/d/airflow/airflow_project/airflow_venv/lib/python3.12/site-packages/airflow/example_dags/example_trigger_target_dag.py
[2026-04-29T09:43:17.872+0300] {processor.py:830} INFO - Processing file /mnt/d/airflow/airflow_project/airflow_venv/lib/python3.12/site-packages/airflow/example_dags/example_trigger_target_dag.py for tasks to queue
[2026-04-29T09:43:17.877+0300] {logging_mixin.py:188} INFO - [2026-04-29T09:43:17.876+0300] {dagbag.py:545} INFO - Filling up the DagBag from /mnt/d/airflow/airflow_project/airflow_venv/lib/python3.12/site-packages/airflow/example_dags/example_trigger_target_dag.py
[2026-04-29T09:43:17.900+0300] {processor.py:840} INFO - DAG(s) 'example_trigger_target_dag' retrieved from /mnt/d/airflow/airflow_project/airflow_venv/lib/python3.12/site-packages/airflow/example_dags/example_trigger_target_dag.py
[2026-04-29T09:43:17.937+0300] {logging_mixin.py:188} INFO - [2026-04-29T09:43:17.936+0300] {dag.py:3089} INFO - Sync 1 DAGs
[2026-04-29T09:43:17.955+0300] {logging_mixin.py:188} INFO - [2026-04-29T09:43:17.954+0300] {dag.py:3947} INFO - Setting next_dagrun for example_trigger_target_dag to None, run_after=None
[2026-04-29T09:43:18.056+0300] {processor.py:183} INFO - Processing /mnt/d/airflow/airflow_project/airflow_venv/lib/python3.12/site-packages/airflow/example_dags/example_trigger_target_dag.py took 0.200 seconds
[2026-04-29T09:44:39.923+0300] {processor.py:161} INFO - Started process (PID=36886) to work on /mnt/d/airflow/airflow_project/airflow_venv/lib/python3.12/site-packages/airflow/example_dags/example_trigger_target_dag.py
[2026-04-29T09:44:39.925+0300] {processor.py:830} INFO - Processing file /mnt/d/airflow/airflow_project/airflow_venv/lib/python3.12/site-packages/airflow/example_dags/example_trigger_target_dag.py for tasks to queue
[2026-04-29T09:44:39.930+0300] {logging_mixin.py:188} INFO - [2026-04-29T09:44:39.928+0300] {dagbag.py:545} INFO - Filling up the DagBag from /mnt/d/airflow/airflow_project/airflow_venv/lib/python3.12/site-packages/airflow/example_dags/example_trigger_target_dag.py
[2026-04-29T09:44:39.956+0300] {processor.py:840} INFO - DAG(s) 'example_trigger_target_dag' retrieved from /mnt/d/airflow/airflow_project/airflow_venv/lib/python3.12/site-packages/airflow/example_dags/example_trigger_target_dag.py
[2026-04-29T09:44:41.555+0300] {logging_mixin.py:188} INFO - [2026-04-29T09:44:41.553+0300] {dag.py:3089} INFO - Sync 1 DAGs
[2026-04-29T09:44:41.573+0300] {logging_mixin.py:188} INFO - [2026-04-29T09:44:41.571+0300] {dag.py:3947} INFO - Setting next_dagrun for example_trigger_target_dag to None, run_after=None
[2026-04-29T09:44:41.655+0300] {processor.py:183} INFO - Processing /mnt/d/airflow/airflow_project/airflow_venv/lib/python3.12/site-packages/airflow/example_dags/example_trigger_target_dag.py took 1.754 seconds
[2026-04-29T09:46:20.831+0300] {processor.py:161} INFO - Started process (PID=37428) to work on /mnt/d/airflow/airflow_project/airflow_venv/lib/python3.12/site-packages/airflow/example_dags/example_trigger_target_dag.py
[2026-04-29T09:46:20.834+0300] {processor.py:830} INFO - Processing file /mnt/d/airflow/airflow_project/airflow_venv/lib/python3.12/site-packages/airflow/example_dags/example_trigger_target_dag.py for tasks to queue
[2026-04-29T09:46:20.840+0300] {logging_mixin.py:188} INFO - [2026-04-29T09:46:20.837+0300] {dagbag.py:545} INFO - Filling up the DagBag from /mnt/d/airflow/airflow_project/airflow_venv/lib/python3.12/site-packages/airflow/example_dags/example_trigger_target_dag.py
[2026-04-29T09:46:20.888+0300] {processor.py:840} INFO - DAG(s) 'example_trigger_target_dag' retrieved from /mnt/d/airflow/airflow_project/airflow_venv/lib/python3.12/site-packages/airflow/example_dags/example_trigger_target_dag.py
[2026-04-29T09:46:20.966+0300] {logging_mixin.py:188} INFO - [2026-04-29T09:46:20.964+0300] {dag.py:3089} INFO - Sync 1 DAGs
[2026-04-29T09:46:20.983+0300] {logging_mixin.py:188} INFO - [2026-04-29T09:46:20.982+0300] {dag.py:3947} INFO - Setting next_dagrun for example_trigger_target_dag to None, run_after=None
[2026-04-29T09:46:21.087+0300] {processor.py:183} INFO - Processing /mnt/d/airflow/airflow_project/airflow_venv/lib/python3.12/site-packages/airflow/example_dags/example_trigger_target_dag.py took 0.281 seconds
[2026-04-29T09:48:03.430+0300] {processor.py:161} INFO - Started process (PID=38016) to work on /mnt/d/airflow/airflow_project/airflow_venv/lib/python3.12/site-packages/airflow/example_dags/example_trigger_target_dag.py
[2026-04-29T09:48:03.433+0300] {processor.py:830} INFO - Processing file /mnt/d/airflow/airflow_project/airflow_venv/lib/python3.12/site-packages/airflow/example_dags/example_trigger_target_dag.py for tasks to queue
[2026-04-29T09:48:03.441+0300] {logging_mixin.py:188} INFO - [2026-04-29T09:48:03.438+0300] {dagbag.py:545} INFO - Filling up the DagBag from /mnt/d/airflow/airflow_project/airflow_venv/lib/python3.12/site-packages/airflow/example_dags/example_trigger_target_dag.py
[2026-04-29T09:48:03.491+0300] {processor.py:840} INFO - DAG(s) 'example_trigger_target_dag' retrieved from /mnt/d/airflow/airflow_project/airflow_venv/lib/python3.12/site-packages/airflow/example_dags/example_trigger_target_dag.py
[2026-04-29T09:48:03.545+0300] {logging_mixin.py:188} INFO - [2026-04-29T09:48:03.543+0300] {dag.py:3089} INFO - Sync 1 DAGs
[2026-04-29T09:48:03.566+0300] {logging_mixin.py:188} INFO - [2026-04-29T09:48:03.565+0300] {dag.py:3947} INFO - Setting next_dagrun for example_trigger_target_dag to None, run_after=None
[2026-04-29T09:48:03.679+0300] {processor.py:183} INFO - Processing /mnt/d/airflow/airflow_project/airflow_venv/lib/python3.12/site-packages/airflow/example_dags/example_trigger_target_dag.py took 0.275 seconds
[2026-04-29T09:49:16.840+0300] {processor.py:161} INFO - Started process (PID=38431) to work on /mnt/d/airflow/airflow_project/airflow_venv/lib/python3.12/site-packages/airflow/example_dags/example_trigger_target_dag.py
[2026-04-29T09:49:16.843+0300] {processor.py:830} INFO - Processing file /mnt/d/airflow/airflow_project/airflow_venv/lib/python3.12/site-packages/airflow/example_dags/example_trigger_target_dag.py for tasks to queue
[2026-04-29T09:49:16.848+0300] {logging_mixin.py:188} INFO - [2026-04-29T09:49:16.846+0300] {dagbag.py:545} INFO - Filling up the DagBag from /mnt/d/airflow/airflow_project/airflow_venv/lib/python3.12/site-packages/airflow/example_dags/example_trigger_target_dag.py
[2026-04-29T09:49:16.882+0300] {processor.py:840} INFO - DAG(s) 'example_trigger_target_dag' retrieved from /mnt/d/airflow/airflow_project/airflow_venv/lib/python3.12/site-packages/airflow/example_dags/example_trigger_target_dag.py
[2026-04-29T09:49:16.924+0300] {logging_mixin.py:188} INFO - [2026-04-29T09:49:16.922+0300] {dag.py:3089} INFO - Sync 1 DAGs
[2026-04-29T09:49:16.944+0300] {logging_mixin.py:188} INFO - [2026-04-29T09:49:16.943+0300] {dag.py:3947} INFO - Setting next_dagrun for example_trigger_target_dag to None, run_after=None
[2026-04-29T09:49:17.026+0300] {processor.py:183} INFO - Processing /mnt/d/airflow/airflow_project/airflow_venv/lib/python3.12/site-packages/airflow/example_dags/example_trigger_target_dag.py took 0.208 seconds
[2026-04-29T09:50:26.650+0300] {processor.py:161} INFO - Started process (PID=38812) to work on /mnt/d/airflow/airflow_project/airflow_venv/lib/python3.12/site-packages/airflow/example_dags/example_trigger_target_dag.py
[2026-04-29T09:50:26.653+0300] {processor.py:830} INFO - Processing file /mnt/d/airflow/airflow_project/airflow_venv/lib/python3.12/site-packages/airflow/example_dags/example_trigger_target_dag.py for tasks to queue
[2026-04-29T09:50:26.659+0300] {logging_mixin.py:188} INFO - [2026-04-29T09:50:26.657+0300] {dagbag.py:545} INFO - Filling up the DagBag from /mnt/d/airflow/airflow_project/airflow_venv/lib/python3.12/site-packages/airflow/example_dags/example_trigger_target_dag.py
[2026-04-29T09:50:26.726+0300] {processor.py:840} INFO - DAG(s) 'example_trigger_target_dag' retrieved from /mnt/d/airflow/airflow_project/airflow_venv/lib/python3.12/site-packages/airflow/example_dags/example_trigger_target_dag.py
[2026-04-29T09:50:26.774+0300] {logging_mixin.py:188} INFO - [2026-04-29T09:50:26.773+0300] {dag.py:3089} INFO - Sync 1 DAGs
[2026-04-29T09:50:26.799+0300] {logging_mixin.py:188} INFO - [2026-04-29T09:50:26.797+0300] {dag.py:3947} INFO - Setting next_dagrun for example_trigger_target_dag to None, run_after=None
[2026-04-29T09:50:26.887+0300] {processor.py:183} INFO - Processing /mnt/d/airflow/airflow_project/airflow_venv/lib/python3.12/site-packages/airflow/example_dags/example_trigger_target_dag.py took 0.258 seconds
[2026-04-29T09:51:35.744+0300] {processor.py:161} INFO - Started process (PID=39227) to work on /mnt/d/airflow/airflow_project/airflow_venv/lib/python3.12/site-packages/airflow/example_dags/example_trigger_target_dag.py
[2026-04-29T09:51:35.747+0300] {processor.py:830} INFO - Processing file /mnt/d/airflow/airflow_project/airflow_venv/lib/python3.12/site-packages/airflow/example_dags/example_trigger_target_dag.py for tasks to queue
[2026-04-29T09:51:35.752+0300] {logging_mixin.py:188} INFO - [2026-04-29T09:51:35.750+0300] {dagbag.py:545} INFO - Filling up the DagBag from /mnt/d/airflow/airflow_project/airflow_venv/lib/python3.12/site-packages/airflow/example_dags/example_trigger_target_dag.py
[2026-04-29T09:51:35.785+0300] {processor.py:840} INFO - DAG(s) 'example_trigger_target_dag' retrieved from /mnt/d/airflow/airflow_project/airflow_venv/lib/python3.12/site-packages/airflow/example_dags/example_trigger_target_dag.py
[2026-04-29T09:51:35.834+0300] {logging_mixin.py:188} INFO - [2026-04-29T09:51:35.832+0300] {dag.py:3089} INFO - Sync 1 DAGs
[2026-04-29T09:51:35.860+0300] {logging_mixin.py:188} INFO - [2026-04-29T09:51:35.858+0300] {dag.py:3947} INFO - Setting next_dagrun for example_trigger_target_dag to None, run_after=None
[2026-04-29T09:51:35.981+0300] {processor.py:183} INFO - Processing /mnt/d/airflow/airflow_project/airflow_venv/lib/python3.12/site-packages/airflow/example_dags/example_trigger_target_dag.py took 0.255 seconds
[2026-04-29T09:54:04.323+0300] {processor.py:161} INFO - Started process (PID=40037) to work on /mnt/d/airflow/airflow_project/airflow_venv/lib/python3.12/site-packages/airflow/example_dags/example_trigger_target_dag.py
[2026-04-29T09:54:04.329+0300] {processor.py:830} INFO - Processing file /mnt/d/airflow/airflow_project/airflow_venv/lib/python3.12/site-packages/airflow/example_dags/example_trigger_target_dag.py for tasks to queue
[2026-04-29T09:54:04.340+0300] {logging_mixin.py:188} INFO - [2026-04-29T09:54:04.336+0300] {dagbag.py:545} INFO - Filling up the DagBag from /mnt/d/airflow/airflow_project/airflow_venv/lib/python3.12/site-packages/airflow/example_dags/example_trigger_target_dag.py
[2026-04-29T09:54:04.424+0300] {processor.py:840} INFO - DAG(s) 'example_trigger_target_dag' retrieved from /mnt/d/airflow/airflow_project/airflow_venv/lib/python3.12/site-packages/airflow/example_dags/example_trigger_target_dag.py
[2026-04-29T09:54:04.514+0300] {logging_mixin.py:188} INFO - [2026-04-29T09:54:04.511+0300] {dag.py:3089} INFO - Sync 1 DAGs
[2026-04-29T09:54:04.544+0300] {logging_mixin.py:188} INFO - [2026-04-29T09:54:04.542+0300] {dag.py:3947} INFO - Setting next_dagrun for example_trigger_target_dag to None, run_after=None
[2026-04-29T09:54:04.660+0300] {processor.py:183} INFO - Processing /mnt/d/airflow/airflow_project/airflow_venv/lib/python3.12/site-packages/airflow/example_dags/example_trigger_target_dag.py took 0.377 seconds
[2026-04-29T09:55:47.477+0300] {processor.py:161} INFO - Started process (PID=40644) to work on /mnt/d/airflow/airflow_project/airflow_venv/lib/python3.12/site-packages/airflow/example_dags/example_trigger_target_dag.py
[2026-04-29T09:55:47.483+0300] {processor.py:830} INFO - Processing file /mnt/d/airflow/airflow_project/airflow_venv/lib/python3.12/site-packages/airflow/example_dags/example_trigger_target_dag.py for tasks to queue
[2026-04-29T09:55:47.492+0300] {logging_mixin.py:188} INFO - [2026-04-29T09:55:47.488+0300] {dagbag.py:545} INFO - Filling up the DagBag from /mnt/d/airflow/airflow_project/airflow_venv/lib/python3.12/site-packages/airflow/example_dags/example_trigger_target_dag.py
[2026-04-29T09:55:47.574+0300] {processor.py:840} INFO - DAG(s) 'example_trigger_target_dag' retrieved from /mnt/d/airflow/airflow_project/airflow_venv/lib/python3.12/site-packages/airflow/example_dags/example_trigger_target_dag.py
[2026-04-29T09:55:47.652+0300] {logging_mixin.py:188} INFO - [2026-04-29T09:55:47.649+0300] {dag.py:3089} INFO - Sync 1 DAGs
[2026-04-29T09:55:47.679+0300] {logging_mixin.py:188} INFO - [2026-04-29T09:55:47.676+0300] {dag.py:3947} INFO - Setting next_dagrun for example_trigger_target_dag to None, run_after=None
[2026-04-29T09:55:47.881+0300] {processor.py:183} INFO - Processing /mnt/d/airflow/airflow_project/airflow_venv/lib/python3.12/site-packages/airflow/example_dags/example_trigger_target_dag.py took 0.442 seconds
[2026-04-29T09:58:45.807+0300] {processor.py:161} INFO - Started process (PID=41680) to work on /mnt/d/airflow/airflow_project/airflow_venv/lib/python3.12/site-packages/airflow/example_dags/example_trigger_target_dag.py
[2026-04-29T09:58:45.811+0300] {processor.py:830} INFO - Processing file /mnt/d/airflow/airflow_project/airflow_venv/lib/python3.12/site-packages/airflow/example_dags/example_trigger_target_dag.py for tasks to queue
[2026-04-29T09:58:45.820+0300] {logging_mixin.py:188} INFO - [2026-04-29T09:58:45.817+0300] {dagbag.py:545} INFO - Filling up the DagBag from /mnt/d/airflow/airflow_project/airflow_venv/lib/python3.12/site-packages/airflow/example_dags/example_trigger_target_dag.py
[2026-04-29T09:58:45.900+0300] {processor.py:840} INFO - DAG(s) 'example_trigger_target_dag' retrieved from /mnt/d/airflow/airflow_project/airflow_venv/lib/python3.12/site-packages/airflow/example_dags/example_trigger_target_dag.py
[2026-04-29T09:58:45.976+0300] {logging_mixin.py:188} INFO - [2026-04-29T09:58:45.973+0300] {dag.py:3089} INFO - Sync 1 DAGs
[2026-04-29T09:58:46.005+0300] {logging_mixin.py:188} INFO - [2026-04-29T09:58:46.002+0300] {dag.py:3947} INFO - Setting next_dagrun for example_trigger_target_dag to None, run_after=None
[2026-04-29T09:58:46.880+0300] {processor.py:183} INFO - Processing /mnt/d/airflow/airflow_project/airflow_venv/lib/python3.12/site-packages/airflow/example_dags/example_trigger_target_dag.py took 0.432 seconds
[2026-04-29T10:00:23.352+0300] {processor.py:161} INFO - Started process (PID=42212) to work on /mnt/d/airflow/airflow_project/airflow_venv/lib/python3.12/site-packages/airflow/example_dags/example_trigger_target_dag.py
[2026-04-29T10:00:23.354+0300] {processor.py:830} INFO - Processing file /mnt/d/airflow/airflow_project/airflow_venv/lib/python3.12/site-packages/airflow/example_dags/example_trigger_target_dag.py for tasks to queue
[2026-04-29T10:00:23.359+0300] {logging_mixin.py:188} INFO - [2026-04-29T10:00:23.357+0300] {dagbag.py:545} INFO - Filling up the DagBag from /mnt/d/airflow/airflow_project/airflow_venv/lib/python3.12/site-packages/airflow/example_dags/example_trigger_target_dag.py
[2026-04-29T10:00:23.388+0300] {processor.py:840} INFO - DAG(s) 'example_trigger_target_dag' retrieved from /mnt/d/airflow/airflow_project/airflow_venv/lib/python3.12/site-packages/airflow/example_dags/example_trigger_target_dag.py
[2026-04-29T10:00:23.419+0300] {logging_mixin.py:188} INFO - [2026-04-29T10:00:23.418+0300] {dag.py:3089} INFO - Sync 1 DAGs
[2026-04-29T10:00:23.436+0300] {logging_mixin.py:188} INFO - [2026-04-29T10:00:23.435+0300] {dag.py:3947} INFO - Setting next_dagrun for example_trigger_target_dag to None, run_after=None
[2026-04-29T10:00:23.606+0300] {processor.py:183} INFO - Processing /mnt/d/airflow/airflow_project/airflow_venv/lib/python3.12/site-packages/airflow/example_dags/example_trigger_target_dag.py took 0.269 seconds
[2026-04-29T10:02:37.232+0300] {processor.py:161} INFO - Started process (PID=42945) to work on /mnt/d/airflow/airflow_project/airflow_venv/lib/python3.12/site-packages/airflow/example_dags/example_trigger_target_dag.py
[2026-04-29T10:02:37.237+0300] {processor.py:830} INFO - Processing file /mnt/d/airflow/airflow_project/airflow_venv/lib/python3.12/site-packages/airflow/example_dags/example_trigger_target_dag.py for tasks to queue
[2026-04-29T10:02:37.246+0300] {logging_mixin.py:188} INFO - [2026-04-29T10:02:37.242+0300] {dagbag.py:545} INFO - Filling up the DagBag from /mnt/d/airflow/airflow_project/airflow_venv/lib/python3.12/site-packages/airflow/example_dags/example_trigger_target_dag.py
[2026-04-29T10:02:37.323+0300] {processor.py:840} INFO - DAG(s) 'example_trigger_target_dag' retrieved from /mnt/d/airflow/airflow_project/airflow_venv/lib/python3.12/site-packages/airflow/example_dags/example_trigger_target_dag.py
[2026-04-29T10:02:37.398+0300] {logging_mixin.py:188} INFO - [2026-04-29T10:02:37.396+0300] {dag.py:3089} INFO - Sync 1 DAGs
[2026-04-29T10:02:37.424+0300] {logging_mixin.py:188} INFO - [2026-04-29T10:02:37.422+0300] {dag.py:3947} INFO - Setting next_dagrun for example_trigger_target_dag to None, run_after=None
[2026-04-29T10:02:37.593+0300] {processor.py:183} INFO - Processing /mnt/d/airflow/airflow_project/airflow_venv/lib/python3.12/site-packages/airflow/example_dags/example_trigger_target_dag.py took 0.398 seconds
[2026-04-29T10:04:20.748+0300] {processor.py:161} INFO - Started process (PID=43534) to work on /mnt/d/airflow/airflow_project/airflow_venv/lib/python3.12/site-packages/airflow/example_dags/example_trigger_target_dag.py
[2026-04-29T10:04:20.751+0300] {processor.py:830} INFO - Processing file /mnt/d/airflow/airflow_project/airflow_venv/lib/python3.12/site-packages/airflow/example_dags/example_trigger_target_dag.py for tasks to queue
[2026-04-29T10:04:20.757+0300] {logging_mixin.py:188} INFO - [2026-04-29T10:04:20.755+0300] {dagbag.py:545} INFO - Filling up the DagBag from /mnt/d/airflow/airflow_project/airflow_venv/lib/python3.12/site-packages/airflow/example_dags/example_trigger_target_dag.py
[2026-04-29T10:04:20.791+0300] {processor.py:840} INFO - DAG(s) 'example_trigger_target_dag' retrieved from /mnt/d/airflow/airflow_project/airflow_venv/lib/python3.12/site-packages/airflow/example_dags/example_trigger_target_dag.py
[2026-04-29T10:04:20.843+0300] {logging_mixin.py:188} INFO - [2026-04-29T10:04:20.840+0300] {dag.py:3089} INFO - Sync 1 DAGs
[2026-04-29T10:04:20.869+0300] {logging_mixin.py:188} INFO - [2026-04-29T10:04:20.868+0300] {dag.py:3947} INFO - Setting next_dagrun for example_trigger_target_dag to None, run_after=None
[2026-04-29T10:04:21.156+0300] {processor.py:183} INFO - Processing /mnt/d/airflow/airflow_project/airflow_venv/lib/python3.12/site-packages/airflow/example_dags/example_trigger_target_dag.py took 0.431 seconds
[2026-04-29T10:05:26.646+0300] {processor.py:161} INFO - Started process (PID=43906) to work on /mnt/d/airflow/airflow_project/airflow_venv/lib/python3.12/site-packages/airflow/example_dags/example_trigger_target_dag.py
[2026-04-29T10:05:26.649+0300] {processor.py:830} INFO - Processing file /mnt/d/airflow/airflow_project/airflow_venv/lib/python3.12/site-packages/airflow/example_dags/example_trigger_target_dag.py for tasks to queue
[2026-04-29T10:05:26.655+0300] {logging_mixin.py:188} INFO - [2026-04-29T10:05:26.653+0300] {dagbag.py:545} INFO - Filling up the DagBag from /mnt/d/airflow/airflow_project/airflow_venv/lib/python3.12/site-packages/airflow/example_dags/example_trigger_target_dag.py
[2026-04-29T10:05:26.719+0300] {processor.py:840} INFO - DAG(s) 'example_trigger_target_dag' retrieved from /mnt/d/airflow/airflow_project/airflow_venv/lib/python3.12/site-packages/airflow/example_dags/example_trigger_target_dag.py
[2026-04-29T10:05:26.771+0300] {logging_mixin.py:188} INFO - [2026-04-29T10:05:26.769+0300] {dag.py:3089} INFO - Sync 1 DAGs
[2026-04-29T10:05:26.795+0300] {logging_mixin.py:188} INFO - [2026-04-29T10:05:26.794+0300] {dag.py:3947} INFO - Setting next_dagrun for example_trigger_target_dag to None, run_after=None
[2026-04-29T10:05:26.909+0300] {processor.py:183} INFO - Processing /mnt/d/airflow/airflow_project/airflow_venv/lib/python3.12/site-packages/airflow/example_dags/example_trigger_target_dag.py took 0.289 seconds
[2026-04-29T10:06:32.106+0300] {processor.py:161} INFO - Started process (PID=44271) to work on /mnt/d/airflow/airflow_project/airflow_venv/lib/python3.12/site-packages/airflow/example_dags/example_trigger_target_dag.py
[2026-04-29T10:06:32.110+0300] {processor.py:830} INFO - Processing file /mnt/d/airflow/airflow_project/airflow_venv/lib/python3.12/site-packages/airflow/example_dags/example_trigger_target_dag.py for tasks to queue
[2026-04-29T10:06:32.118+0300] {logging_mixin.py:188} INFO - [2026-04-29T10:06:32.115+0300] {dagbag.py:545} INFO - Filling up the DagBag from /mnt/d/airflow/airflow_project/airflow_venv/lib/python3.12/site-packages/airflow/example_dags/example_trigger_target_dag.py
[2026-04-29T10:06:32.184+0300] {processor.py:840} INFO - DAG(s) 'example_trigger_target_dag' retrieved from /mnt/d/airflow/airflow_project/airflow_venv/lib/python3.12/site-packages/airflow/example_dags/example_trigger_target_dag.py
[2026-04-29T10:06:32.233+0300] {logging_mixin.py:188} INFO - [2026-04-29T10:06:32.231+0300] {dag.py:3089} INFO - Sync 1 DAGs
[2026-04-29T10:06:32.252+0300] {logging_mixin.py:188} INFO - [2026-04-29T10:06:32.250+0300] {dag.py:3947} INFO - Setting next_dagrun for example_trigger_target_dag to None, run_after=None
[2026-04-29T10:06:32.455+0300] {processor.py:183} INFO - Processing /mnt/d/airflow/airflow_project/airflow_venv/lib/python3.12/site-packages/airflow/example_dags/example_trigger_target_dag.py took 0.382 seconds
[2026-04-29T10:07:41.585+0300] {processor.py:161} INFO - Started process (PID=44667) to work on /mnt/d/airflow/airflow_project/airflow_venv/lib/python3.12/site-packages/airflow/example_dags/example_trigger_target_dag.py
[2026-04-29T10:07:41.590+0300] {processor.py:830} INFO - Processing file /mnt/d/airflow/airflow_project/airflow_venv/lib/python3.12/site-packages/airflow/example_dags/example_trigger_target_dag.py for tasks to queue
[2026-04-29T10:07:41.600+0300] {logging_mixin.py:188} INFO - [2026-04-29T10:07:41.597+0300] {dagbag.py:545} INFO - Filling up the DagBag from /mnt/d/airflow/airflow_project/airflow_venv/lib/python3.12/site-packages/airflow/example_dags/example_trigger_target_dag.py
[2026-04-29T10:07:41.662+0300] {processor.py:840} INFO - DAG(s) 'example_trigger_target_dag' retrieved from /mnt/d/airflow/airflow_project/airflow_venv/lib/python3.12/site-packages/airflow/example_dags/example_trigger_target_dag.py
[2026-04-29T10:07:41.839+0300] {logging_mixin.py:188} INFO - [2026-04-29T10:07:41.836+0300] {dag.py:3089} INFO - Sync 1 DAGs
[2026-04-29T10:07:41.852+0300] {logging_mixin.py:188} INFO - [2026-04-29T10:07:41.850+0300] {dag.py:3947} INFO - Setting next_dagrun for example_trigger_target_dag to None, run_after=None
[2026-04-29T10:07:42.019+0300] {processor.py:183} INFO - Processing /mnt/d/airflow/airflow_project/airflow_venv/lib/python3.12/site-packages/airflow/example_dags/example_trigger_target_dag.py took 0.470 seconds
[2026-04-29T10:08:44.840+0300] {processor.py:161} INFO - Started process (PID=45015) to work on /mnt/d/airflow/airflow_project/airflow_venv/lib/python3.12/site-packages/airflow/example_dags/example_trigger_target_dag.py
[2026-04-29T10:08:44.844+0300] {processor.py:830} INFO - Processing file /mnt/d/airflow/airflow_project/airflow_venv/lib/python3.12/site-packages/airflow/example_dags/example_trigger_target_dag.py for tasks to queue
[2026-04-29T10:08:44.852+0300] {logging_mixin.py:188} INFO - [2026-04-29T10:08:44.849+0300] {dagbag.py:545} INFO - Filling up the DagBag from /mnt/d/airflow/airflow_project/airflow_venv/lib/python3.12/site-packages/airflow/example_dags/example_trigger_target_dag.py
[2026-04-29T10:08:44.916+0300] {processor.py:840} INFO - DAG(s) 'example_trigger_target_dag' retrieved from /mnt/d/airflow/airflow_project/airflow_venv/lib/python3.12/site-packages/airflow/example_dags/example_trigger_target_dag.py
[2026-04-29T10:08:44.975+0300] {logging_mixin.py:188} INFO - [2026-04-29T10:08:44.973+0300] {dag.py:3089} INFO - Sync 1 DAGs
[2026-04-29T10:08:45.002+0300] {logging_mixin.py:188} INFO - [2026-04-29T10:08:44.999+0300] {dag.py:3947} INFO - Setting next_dagrun for example_trigger_target_dag to None, run_after=None
[2026-04-29T10:08:45.199+0300] {processor.py:183} INFO - Processing /mnt/d/airflow/airflow_project/airflow_venv/lib/python3.12/site-packages/airflow/example_dags/example_trigger_target_dag.py took 0.389 seconds
[2026-04-29T10:09:44.175+0300] {processor.py:161} INFO - Started process (PID=45345) to work on /mnt/d/airflow/airflow_project/airflow_venv/lib/python3.12/site-packages/airflow/example_dags/example_trigger_target_dag.py
[2026-04-29T10:09:44.178+0300] {processor.py:830} INFO - Processing file /mnt/d/airflow/airflow_project/airflow_venv/lib/python3.12/site-packages/airflow/example_dags/example_trigger_target_dag.py for tasks to queue
[2026-04-29T10:09:44.185+0300] {logging_mixin.py:188} INFO - [2026-04-29T10:09:44.183+0300] {dagbag.py:545} INFO - Filling up the DagBag from /mnt/d/airflow/airflow_project/airflow_venv/lib/python3.12/site-packages/airflow/example_dags/example_trigger_target_dag.py
[2026-04-29T10:09:44.256+0300] {processor.py:840} INFO - DAG(s) 'example_trigger_target_dag' retrieved from /mnt/d/airflow/airflow_project/airflow_venv/lib/python3.12/site-packages/airflow/example_dags/example_trigger_target_dag.py
[2026-04-29T10:09:44.343+0300] {logging_mixin.py:188} INFO - [2026-04-29T10:09:44.339+0300] {dag.py:3089} INFO - Sync 1 DAGs
[2026-04-29T10:09:44.372+0300] {logging_mixin.py:188} INFO - [2026-04-29T10:09:44.370+0300] {dag.py:3947} INFO - Setting next_dagrun for example_trigger_target_dag to None, run_after=None
[2026-04-29T10:09:44.495+0300] {processor.py:183} INFO - Processing /mnt/d/airflow/airflow_project/airflow_venv/lib/python3.12/site-packages/airflow/example_dags/example_trigger_target_dag.py took 0.355 seconds
[2026-04-29T10:10:48.478+0300] {processor.py:161} INFO - Started process (PID=45706) to work on /mnt/d/airflow/airflow_project/airflow_venv/lib/python3.12/site-packages/airflow/example_dags/example_trigger_target_dag.py
[2026-04-29T10:10:48.482+0300] {processor.py:830} INFO - Processing file /mnt/d/airflow/airflow_project/airflow_venv/lib/python3.12/site-packages/airflow/example_dags/example_trigger_target_dag.py for tasks to queue
[2026-04-29T10:10:48.489+0300] {logging_mixin.py:188} INFO - [2026-04-29T10:10:48.486+0300] {dagbag.py:545} INFO - Filling up the DagBag from /mnt/d/airflow/airflow_project/airflow_venv/lib/python3.12/site-packages/airflow/example_dags/example_trigger_target_dag.py
[2026-04-29T10:10:48.549+0300] {processor.py:840} INFO - DAG(s) 'example_trigger_target_dag' retrieved from /mnt/d/airflow/airflow_project/airflow_venv/lib/python3.12/site-packages/airflow/example_dags/example_trigger_target_dag.py
[2026-04-29T10:10:48.614+0300] {logging_mixin.py:188} INFO - [2026-04-29T10:10:48.611+0300] {dag.py:3089} INFO - Sync 1 DAGs
[2026-04-29T10:10:48.642+0300] {logging_mixin.py:188} INFO - [2026-04-29T10:10:48.639+0300] {dag.py:3947} INFO - Setting next_dagrun for example_trigger_target_dag to None, run_after=None
[2026-04-29T10:10:48.840+0300] {processor.py:183} INFO - Processing /mnt/d/airflow/airflow_project/airflow_venv/lib/python3.12/site-packages/airflow/example_dags/example_trigger_target_dag.py took 0.389 seconds
[2026-04-29T10:12:00.204+0300] {processor.py:161} INFO - Started process (PID=46089) to work on /mnt/d/airflow/airflow_project/airflow_venv/lib/python3.12/site-packages/airflow/example_dags/example_trigger_target_dag.py
[2026-04-29T10:12:00.210+0300] {processor.py:830} INFO - Processing file /mnt/d/airflow/airflow_project/airflow_venv/lib/python3.12/site-packages/airflow/example_dags/example_trigger_target_dag.py for tasks to queue
[2026-04-29T10:12:00.219+0300] {logging_mixin.py:188} INFO - [2026-04-29T10:12:00.215+0300] {dagbag.py:545} INFO - Filling up the DagBag from /mnt/d/airflow/airflow_project/airflow_venv/lib/python3.12/site-packages/airflow/example_dags/example_trigger_target_dag.py
[2026-04-29T10:12:00.296+0300] {processor.py:840} INFO - DAG(s) 'example_trigger_target_dag' retrieved from /mnt/d/airflow/airflow_project/airflow_venv/lib/python3.12/site-packages/airflow/example_dags/example_trigger_target_dag.py
[2026-04-29T10:12:01.033+0300] {logging_mixin.py:188} INFO - [2026-04-29T10:12:01.029+0300] {dag.py:3089} INFO - Sync 1 DAGs
[2026-04-29T10:12:01.071+0300] {logging_mixin.py:188} INFO - [2026-04-29T10:12:01.068+0300] {dag.py:3947} INFO - Setting next_dagrun for example_trigger_target_dag to None, run_after=None
[2026-04-29T10:12:01.245+0300] {processor.py:183} INFO - Processing /mnt/d/airflow/airflow_project/airflow_venv/lib/python3.12/site-packages/airflow/example_dags/example_trigger_target_dag.py took 0.424 seconds
[2026-04-29T10:13:01.503+0300] {processor.py:161} INFO - Started process (PID=46445) to work on /mnt/d/airflow/airflow_project/airflow_venv/lib/python3.12/site-packages/airflow/example_dags/example_trigger_target_dag.py
[2026-04-29T10:13:01.505+0300] {processor.py:830} INFO - Processing file /mnt/d/airflow/airflow_project/airflow_venv/lib/python3.12/site-packages/airflow/example_dags/example_trigger_target_dag.py for tasks to queue
[2026-04-29T10:13:01.509+0300] {logging_mixin.py:188} INFO - [2026-04-29T10:13:01.507+0300] {dagbag.py:545} INFO - Filling up the DagBag from /mnt/d/airflow/airflow_project/airflow_venv/lib/python3.12/site-packages/airflow/example_dags/example_trigger_target_dag.py
[2026-04-29T10:13:01.533+0300] {processor.py:840} INFO - DAG(s) 'example_trigger_target_dag' retrieved from /mnt/d/airflow/airflow_project/airflow_venv/lib/python3.12/site-packages/airflow/example_dags/example_trigger_target_dag.py
[2026-04-29T10:13:01.570+0300] {logging_mixin.py:188} INFO - [2026-04-29T10:13:01.568+0300] {dag.py:3089} INFO - Sync 1 DAGs
[2026-04-29T10:13:01.587+0300] {logging_mixin.py:188} INFO - [2026-04-29T10:13:01.585+0300] {dag.py:3947} INFO - Setting next_dagrun for example_trigger_target_dag to None, run_after=None
[2026-04-29T10:13:01.764+0300] {processor.py:183} INFO - Processing /mnt/d/airflow/airflow_project/airflow_venv/lib/python3.12/site-packages/airflow/example_dags/example_trigger_target_dag.py took 0.274 seconds
