[2026-04-29T09:14:32.479+0300] {processor.py:161} INFO - Started process (PID=26304) to work on /mnt/d/airflow/airflow_project/airflow_venv/lib/python3.12/site-packages/airflow/example_dags/example_xcomargs.py
[2026-04-29T09:14:32.483+0300] {processor.py:830} INFO - Processing file /mnt/d/airflow/airflow_project/airflow_venv/lib/python3.12/site-packages/airflow/example_dags/example_xcomargs.py for tasks to queue
[2026-04-29T09:14:32.488+0300] {logging_mixin.py:188} INFO - [2026-04-29T09:14:32.487+0300] {dagbag.py:545} INFO - Filling up the DagBag from /mnt/d/airflow/airflow_project/airflow_venv/lib/python3.12/site-packages/airflow/example_dags/example_xcomargs.py
[2026-04-29T09:14:32.678+0300] {processor.py:840} INFO - DAG(s) 'example_xcom_args', 'example_xcom_args_with_operators' retrieved from /mnt/d/airflow/airflow_project/airflow_venv/lib/python3.12/site-packages/airflow/example_dags/example_xcomargs.py
[2026-04-29T09:14:36.047+0300] {logging_mixin.py:188} INFO - [2026-04-29T09:14:36.042+0300] {override.py:1858} INFO - Created Permission View: can edit on DAG:example_xcom_args
[2026-04-29T09:14:36.098+0300] {logging_mixin.py:188} INFO - [2026-04-29T09:14:36.097+0300] {override.py:1858} INFO - Created Permission View: can delete on DAG:example_xcom_args
[2026-04-29T09:14:36.166+0300] {logging_mixin.py:188} INFO - [2026-04-29T09:14:36.165+0300] {override.py:1858} INFO - Created Permission View: can read on DAG:example_xcom_args
[2026-04-29T09:14:36.247+0300] {logging_mixin.py:188} INFO - [2026-04-29T09:14:36.237+0300] {override.py:1858} INFO - Created Permission View: can edit on DAG:example_xcom_args_with_operators
[2026-04-29T09:14:36.290+0300] {logging_mixin.py:188} INFO - [2026-04-29T09:14:36.288+0300] {override.py:1858} INFO - Created Permission View: can delete on DAG:example_xcom_args_with_operators
[2026-04-29T09:14:36.328+0300] {logging_mixin.py:188} INFO - [2026-04-29T09:14:36.327+0300] {override.py:1858} INFO - Created Permission View: can read on DAG:example_xcom_args_with_operators
[2026-04-29T09:14:36.330+0300] {logging_mixin.py:188} INFO - [2026-04-29T09:14:36.329+0300] {dag.py:3089} INFO - Sync 2 DAGs
[2026-04-29T09:14:36.347+0300] {logging_mixin.py:188} INFO - [2026-04-29T09:14:36.346+0300] {dag.py:3111} INFO - Creating ORM DAG for example_xcom_args_with_operators
[2026-04-29T09:14:36.349+0300] {logging_mixin.py:188} INFO - [2026-04-29T09:14:36.348+0300] {dag.py:3111} INFO - Creating ORM DAG for example_xcom_args
[2026-04-29T09:14:36.351+0300] {logging_mixin.py:188} INFO - [2026-04-29T09:14:36.351+0300] {dag.py:3947} INFO - Setting next_dagrun for example_xcom_args to None, run_after=None
[2026-04-29T09:14:36.354+0300] {logging_mixin.py:188} INFO - [2026-04-29T09:14:36.353+0300] {dag.py:3947} INFO - Setting next_dagrun for example_xcom_args_with_operators to None, run_after=None
[2026-04-29T09:14:36.505+0300] {processor.py:183} INFO - Processing /mnt/d/airflow/airflow_project/airflow_venv/lib/python3.12/site-packages/airflow/example_dags/example_xcomargs.py took 4.035 seconds
[2026-04-29T09:17:06.611+0300] {processor.py:161} INFO - Started process (PID=27165) to work on /mnt/d/airflow/airflow_project/airflow_venv/lib/python3.12/site-packages/airflow/example_dags/example_xcomargs.py
[2026-04-29T09:17:06.618+0300] {processor.py:830} INFO - Processing file /mnt/d/airflow/airflow_project/airflow_venv/lib/python3.12/site-packages/airflow/example_dags/example_xcomargs.py for tasks to queue
[2026-04-29T09:17:06.628+0300] {logging_mixin.py:188} INFO - [2026-04-29T09:17:06.624+0300] {dagbag.py:545} INFO - Filling up the DagBag from /mnt/d/airflow/airflow_project/airflow_venv/lib/python3.12/site-packages/airflow/example_dags/example_xcomargs.py
[2026-04-29T09:17:06.714+0300] {processor.py:840} INFO - DAG(s) 'example_xcom_args', 'example_xcom_args_with_operators' retrieved from /mnt/d/airflow/airflow_project/airflow_venv/lib/python3.12/site-packages/airflow/example_dags/example_xcomargs.py
[2026-04-29T09:17:06.794+0300] {logging_mixin.py:188} INFO - [2026-04-29T09:17:06.790+0300] {dag.py:3089} INFO - Sync 2 DAGs
[2026-04-29T09:17:06.825+0300] {logging_mixin.py:188} INFO - [2026-04-29T09:17:06.820+0300] {dag.py:3947} INFO - Setting next_dagrun for example_xcom_args to None, run_after=None
[2026-04-29T09:17:06.840+0300] {logging_mixin.py:188} INFO - [2026-04-29T09:17:06.837+0300] {dag.py:3947} INFO - Setting next_dagrun for example_xcom_args_with_operators to None, run_after=None
[2026-04-29T09:17:07.051+0300] {processor.py:183} INFO - Processing /mnt/d/airflow/airflow_project/airflow_venv/lib/python3.12/site-packages/airflow/example_dags/example_xcomargs.py took 0.480 seconds
[2026-04-29T09:18:18.621+0300] {processor.py:161} INFO - Started process (PID=27602) to work on /mnt/d/airflow/airflow_project/airflow_venv/lib/python3.12/site-packages/airflow/example_dags/example_xcomargs.py
[2026-04-29T09:18:18.626+0300] {processor.py:830} INFO - Processing file /mnt/d/airflow/airflow_project/airflow_venv/lib/python3.12/site-packages/airflow/example_dags/example_xcomargs.py for tasks to queue
[2026-04-29T09:18:18.634+0300] {logging_mixin.py:188} INFO - [2026-04-29T09:18:18.631+0300] {dagbag.py:545} INFO - Filling up the DagBag from /mnt/d/airflow/airflow_project/airflow_venv/lib/python3.12/site-packages/airflow/example_dags/example_xcomargs.py
[2026-04-29T09:18:18.706+0300] {processor.py:840} INFO - DAG(s) 'example_xcom_args_with_operators', 'example_xcom_args' retrieved from /mnt/d/airflow/airflow_project/airflow_venv/lib/python3.12/site-packages/airflow/example_dags/example_xcomargs.py
[2026-04-29T09:18:18.787+0300] {logging_mixin.py:188} INFO - [2026-04-29T09:18:18.786+0300] {dag.py:3089} INFO - Sync 2 DAGs
[2026-04-29T09:18:18.822+0300] {logging_mixin.py:188} INFO - [2026-04-29T09:18:18.820+0300] {dag.py:3947} INFO - Setting next_dagrun for example_xcom_args to None, run_after=None
[2026-04-29T09:18:18.834+0300] {logging_mixin.py:188} INFO - [2026-04-29T09:18:18.831+0300] {dag.py:3947} INFO - Setting next_dagrun for example_xcom_args_with_operators to None, run_after=None
[2026-04-29T09:18:18.977+0300] {processor.py:183} INFO - Processing /mnt/d/airflow/airflow_project/airflow_venv/lib/python3.12/site-packages/airflow/example_dags/example_xcomargs.py took 0.387 seconds
[2026-04-29T09:19:24.508+0300] {processor.py:161} INFO - Started process (PID=27989) to work on /mnt/d/airflow/airflow_project/airflow_venv/lib/python3.12/site-packages/airflow/example_dags/example_xcomargs.py
[2026-04-29T09:19:24.512+0300] {processor.py:830} INFO - Processing file /mnt/d/airflow/airflow_project/airflow_venv/lib/python3.12/site-packages/airflow/example_dags/example_xcomargs.py for tasks to queue
[2026-04-29T09:19:24.523+0300] {logging_mixin.py:188} INFO - [2026-04-29T09:19:24.519+0300] {dagbag.py:545} INFO - Filling up the DagBag from /mnt/d/airflow/airflow_project/airflow_venv/lib/python3.12/site-packages/airflow/example_dags/example_xcomargs.py
[2026-04-29T09:19:24.615+0300] {processor.py:840} INFO - DAG(s) 'example_xcom_args', 'example_xcom_args_with_operators' retrieved from /mnt/d/airflow/airflow_project/airflow_venv/lib/python3.12/site-packages/airflow/example_dags/example_xcomargs.py
[2026-04-29T09:19:24.706+0300] {logging_mixin.py:188} INFO - [2026-04-29T09:19:24.702+0300] {dag.py:3089} INFO - Sync 2 DAGs
[2026-04-29T09:19:24.732+0300] {logging_mixin.py:188} INFO - [2026-04-29T09:19:24.730+0300] {dag.py:3947} INFO - Setting next_dagrun for example_xcom_args to None, run_after=None
[2026-04-29T09:19:24.745+0300] {logging_mixin.py:188} INFO - [2026-04-29T09:19:24.743+0300] {dag.py:3947} INFO - Setting next_dagrun for example_xcom_args_with_operators to None, run_after=None
[2026-04-29T09:19:24.937+0300] {processor.py:183} INFO - Processing /mnt/d/airflow/airflow_project/airflow_venv/lib/python3.12/site-packages/airflow/example_dags/example_xcomargs.py took 0.459 seconds
[2026-04-29T09:20:38.603+0300] {processor.py:161} INFO - Started process (PID=28432) to work on /mnt/d/airflow/airflow_project/airflow_venv/lib/python3.12/site-packages/airflow/example_dags/example_xcomargs.py
[2026-04-29T09:20:38.608+0300] {processor.py:830} INFO - Processing file /mnt/d/airflow/airflow_project/airflow_venv/lib/python3.12/site-packages/airflow/example_dags/example_xcomargs.py for tasks to queue
[2026-04-29T09:20:38.617+0300] {logging_mixin.py:188} INFO - [2026-04-29T09:20:38.613+0300] {dagbag.py:545} INFO - Filling up the DagBag from /mnt/d/airflow/airflow_project/airflow_venv/lib/python3.12/site-packages/airflow/example_dags/example_xcomargs.py
[2026-04-29T09:20:38.697+0300] {processor.py:840} INFO - DAG(s) 'example_xcom_args', 'example_xcom_args_with_operators' retrieved from /mnt/d/airflow/airflow_project/airflow_venv/lib/python3.12/site-packages/airflow/example_dags/example_xcomargs.py
[2026-04-29T09:20:38.781+0300] {logging_mixin.py:188} INFO - [2026-04-29T09:20:38.780+0300] {dag.py:3089} INFO - Sync 2 DAGs
[2026-04-29T09:20:38.812+0300] {logging_mixin.py:188} INFO - [2026-04-29T09:20:38.804+0300] {dag.py:3947} INFO - Setting next_dagrun for example_xcom_args to None, run_after=None
[2026-04-29T09:20:38.835+0300] {logging_mixin.py:188} INFO - [2026-04-29T09:20:38.832+0300] {dag.py:3947} INFO - Setting next_dagrun for example_xcom_args_with_operators to None, run_after=None
[2026-04-29T09:20:39.004+0300] {processor.py:183} INFO - Processing /mnt/d/airflow/airflow_project/airflow_venv/lib/python3.12/site-packages/airflow/example_dags/example_xcomargs.py took 0.433 seconds
[2026-04-29T09:21:44.958+0300] {processor.py:161} INFO - Started process (PID=28799) to work on /mnt/d/airflow/airflow_project/airflow_venv/lib/python3.12/site-packages/airflow/example_dags/example_xcomargs.py
[2026-04-29T09:21:44.962+0300] {processor.py:830} INFO - Processing file /mnt/d/airflow/airflow_project/airflow_venv/lib/python3.12/site-packages/airflow/example_dags/example_xcomargs.py for tasks to queue
[2026-04-29T09:21:44.970+0300] {logging_mixin.py:188} INFO - [2026-04-29T09:21:44.966+0300] {dagbag.py:545} INFO - Filling up the DagBag from /mnt/d/airflow/airflow_project/airflow_venv/lib/python3.12/site-packages/airflow/example_dags/example_xcomargs.py
[2026-04-29T09:21:45.044+0300] {processor.py:840} INFO - DAG(s) 'example_xcom_args_with_operators', 'example_xcom_args' retrieved from /mnt/d/airflow/airflow_project/airflow_venv/lib/python3.12/site-packages/airflow/example_dags/example_xcomargs.py
[2026-04-29T09:21:45.107+0300] {logging_mixin.py:188} INFO - [2026-04-29T09:21:45.104+0300] {dag.py:3089} INFO - Sync 2 DAGs
[2026-04-29T09:21:45.133+0300] {logging_mixin.py:188} INFO - [2026-04-29T09:21:45.131+0300] {dag.py:3947} INFO - Setting next_dagrun for example_xcom_args to None, run_after=None
[2026-04-29T09:21:45.152+0300] {logging_mixin.py:188} INFO - [2026-04-29T09:21:45.148+0300] {dag.py:3947} INFO - Setting next_dagrun for example_xcom_args_with_operators to None, run_after=None
[2026-04-29T09:21:45.384+0300] {processor.py:183} INFO - Processing /mnt/d/airflow/airflow_project/airflow_venv/lib/python3.12/site-packages/airflow/example_dags/example_xcomargs.py took 0.457 seconds
[2026-04-29T09:22:43.166+0300] {processor.py:161} INFO - Started process (PID=29155) to work on /mnt/d/airflow/airflow_project/airflow_venv/lib/python3.12/site-packages/airflow/example_dags/example_xcomargs.py
[2026-04-29T09:22:43.169+0300] {processor.py:830} INFO - Processing file /mnt/d/airflow/airflow_project/airflow_venv/lib/python3.12/site-packages/airflow/example_dags/example_xcomargs.py for tasks to queue
[2026-04-29T09:22:43.179+0300] {logging_mixin.py:188} INFO - [2026-04-29T09:22:43.175+0300] {dagbag.py:545} INFO - Filling up the DagBag from /mnt/d/airflow/airflow_project/airflow_venv/lib/python3.12/site-packages/airflow/example_dags/example_xcomargs.py
[2026-04-29T09:22:43.216+0300] {processor.py:840} INFO - DAG(s) 'example_xcom_args_with_operators', 'example_xcom_args' retrieved from /mnt/d/airflow/airflow_project/airflow_venv/lib/python3.12/site-packages/airflow/example_dags/example_xcomargs.py
[2026-04-29T09:22:43.303+0300] {logging_mixin.py:188} INFO - [2026-04-29T09:22:43.301+0300] {dag.py:3089} INFO - Sync 2 DAGs
[2026-04-29T09:22:43.326+0300] {logging_mixin.py:188} INFO - [2026-04-29T09:22:43.324+0300] {dag.py:3947} INFO - Setting next_dagrun for example_xcom_args to None, run_after=None
[2026-04-29T09:22:43.339+0300] {logging_mixin.py:188} INFO - [2026-04-29T09:22:43.336+0300] {dag.py:3947} INFO - Setting next_dagrun for example_xcom_args_with_operators to None, run_after=None
[2026-04-29T09:22:43.570+0300] {processor.py:183} INFO - Processing /mnt/d/airflow/airflow_project/airflow_venv/lib/python3.12/site-packages/airflow/example_dags/example_xcomargs.py took 0.426 seconds
[2026-04-29T09:23:41.859+0300] {processor.py:161} INFO - Started process (PID=29490) to work on /mnt/d/airflow/airflow_project/airflow_venv/lib/python3.12/site-packages/airflow/example_dags/example_xcomargs.py
[2026-04-29T09:23:41.864+0300] {processor.py:830} INFO - Processing file /mnt/d/airflow/airflow_project/airflow_venv/lib/python3.12/site-packages/airflow/example_dags/example_xcomargs.py for tasks to queue
[2026-04-29T09:23:41.874+0300] {logging_mixin.py:188} INFO - [2026-04-29T09:23:41.871+0300] {dagbag.py:545} INFO - Filling up the DagBag from /mnt/d/airflow/airflow_project/airflow_venv/lib/python3.12/site-packages/airflow/example_dags/example_xcomargs.py
[2026-04-29T09:23:41.969+0300] {processor.py:840} INFO - DAG(s) 'example_xcom_args', 'example_xcom_args_with_operators' retrieved from /mnt/d/airflow/airflow_project/airflow_venv/lib/python3.12/site-packages/airflow/example_dags/example_xcomargs.py
[2026-04-29T09:23:42.071+0300] {logging_mixin.py:188} INFO - [2026-04-29T09:23:42.068+0300] {dag.py:3089} INFO - Sync 2 DAGs
[2026-04-29T09:23:42.104+0300] {logging_mixin.py:188} INFO - [2026-04-29T09:23:42.101+0300] {dag.py:3947} INFO - Setting next_dagrun for example_xcom_args to None, run_after=None
[2026-04-29T09:23:42.120+0300] {logging_mixin.py:188} INFO - [2026-04-29T09:23:42.117+0300] {dag.py:3947} INFO - Setting next_dagrun for example_xcom_args_with_operators to None, run_after=None
[2026-04-29T09:23:42.301+0300] {processor.py:183} INFO - Processing /mnt/d/airflow/airflow_project/airflow_venv/lib/python3.12/site-packages/airflow/example_dags/example_xcomargs.py took 0.489 seconds
[2026-04-29T09:24:52.965+0300] {processor.py:161} INFO - Started process (PID=29886) to work on /mnt/d/airflow/airflow_project/airflow_venv/lib/python3.12/site-packages/airflow/example_dags/example_xcomargs.py
[2026-04-29T09:24:52.969+0300] {processor.py:830} INFO - Processing file /mnt/d/airflow/airflow_project/airflow_venv/lib/python3.12/site-packages/airflow/example_dags/example_xcomargs.py for tasks to queue
[2026-04-29T09:24:52.976+0300] {logging_mixin.py:188} INFO - [2026-04-29T09:24:52.973+0300] {dagbag.py:545} INFO - Filling up the DagBag from /mnt/d/airflow/airflow_project/airflow_venv/lib/python3.12/site-packages/airflow/example_dags/example_xcomargs.py
[2026-04-29T09:24:53.056+0300] {processor.py:840} INFO - DAG(s) 'example_xcom_args', 'example_xcom_args_with_operators' retrieved from /mnt/d/airflow/airflow_project/airflow_venv/lib/python3.12/site-packages/airflow/example_dags/example_xcomargs.py
[2026-04-29T09:24:53.136+0300] {logging_mixin.py:188} INFO - [2026-04-29T09:24:53.135+0300] {dag.py:3089} INFO - Sync 2 DAGs
[2026-04-29T09:24:53.162+0300] {logging_mixin.py:188} INFO - [2026-04-29T09:24:53.160+0300] {dag.py:3947} INFO - Setting next_dagrun for example_xcom_args to None, run_after=None
[2026-04-29T09:24:53.179+0300] {logging_mixin.py:188} INFO - [2026-04-29T09:24:53.175+0300] {dag.py:3947} INFO - Setting next_dagrun for example_xcom_args_with_operators to None, run_after=None
[2026-04-29T09:24:53.381+0300] {processor.py:183} INFO - Processing /mnt/d/airflow/airflow_project/airflow_venv/lib/python3.12/site-packages/airflow/example_dags/example_xcomargs.py took 0.441 seconds
[2026-04-29T09:26:04.045+0300] {processor.py:161} INFO - Started process (PID=30281) to work on /mnt/d/airflow/airflow_project/airflow_venv/lib/python3.12/site-packages/airflow/example_dags/example_xcomargs.py
[2026-04-29T09:26:04.048+0300] {processor.py:830} INFO - Processing file /mnt/d/airflow/airflow_project/airflow_venv/lib/python3.12/site-packages/airflow/example_dags/example_xcomargs.py for tasks to queue
[2026-04-29T09:26:04.052+0300] {logging_mixin.py:188} INFO - [2026-04-29T09:26:04.051+0300] {dagbag.py:545} INFO - Filling up the DagBag from /mnt/d/airflow/airflow_project/airflow_venv/lib/python3.12/site-packages/airflow/example_dags/example_xcomargs.py
[2026-04-29T09:26:04.089+0300] {processor.py:840} INFO - DAG(s) 'example_xcom_args', 'example_xcom_args_with_operators' retrieved from /mnt/d/airflow/airflow_project/airflow_venv/lib/python3.12/site-packages/airflow/example_dags/example_xcomargs.py
[2026-04-29T09:26:04.144+0300] {logging_mixin.py:188} INFO - [2026-04-29T09:26:04.141+0300] {dag.py:3089} INFO - Sync 2 DAGs
[2026-04-29T09:26:04.165+0300] {logging_mixin.py:188} INFO - [2026-04-29T09:26:04.163+0300] {dag.py:3947} INFO - Setting next_dagrun for example_xcom_args to None, run_after=None
[2026-04-29T09:26:04.178+0300] {logging_mixin.py:188} INFO - [2026-04-29T09:26:04.175+0300] {dag.py:3947} INFO - Setting next_dagrun for example_xcom_args_with_operators to None, run_after=None
[2026-04-29T09:26:04.359+0300] {processor.py:183} INFO - Processing /mnt/d/airflow/airflow_project/airflow_venv/lib/python3.12/site-packages/airflow/example_dags/example_xcomargs.py took 0.336 seconds
[2026-04-29T09:27:15.239+0300] {processor.py:161} INFO - Started process (PID=30690) to work on /mnt/d/airflow/airflow_project/airflow_venv/lib/python3.12/site-packages/airflow/example_dags/example_xcomargs.py
[2026-04-29T09:27:15.243+0300] {processor.py:830} INFO - Processing file /mnt/d/airflow/airflow_project/airflow_venv/lib/python3.12/site-packages/airflow/example_dags/example_xcomargs.py for tasks to queue
[2026-04-29T09:27:15.248+0300] {logging_mixin.py:188} INFO - [2026-04-29T09:27:15.246+0300] {dagbag.py:545} INFO - Filling up the DagBag from /mnt/d/airflow/airflow_project/airflow_venv/lib/python3.12/site-packages/airflow/example_dags/example_xcomargs.py
[2026-04-29T09:27:15.314+0300] {processor.py:840} INFO - DAG(s) 'example_xcom_args_with_operators', 'example_xcom_args' retrieved from /mnt/d/airflow/airflow_project/airflow_venv/lib/python3.12/site-packages/airflow/example_dags/example_xcomargs.py
[2026-04-29T09:27:15.394+0300] {logging_mixin.py:188} INFO - [2026-04-29T09:27:15.393+0300] {dag.py:3089} INFO - Sync 2 DAGs
[2026-04-29T09:27:15.421+0300] {logging_mixin.py:188} INFO - [2026-04-29T09:27:15.418+0300] {dag.py:3947} INFO - Setting next_dagrun for example_xcom_args to None, run_after=None
[2026-04-29T09:27:15.433+0300] {logging_mixin.py:188} INFO - [2026-04-29T09:27:15.431+0300] {dag.py:3947} INFO - Setting next_dagrun for example_xcom_args_with_operators to None, run_after=None
[2026-04-29T09:27:15.720+0300] {processor.py:183} INFO - Processing /mnt/d/airflow/airflow_project/airflow_venv/lib/python3.12/site-packages/airflow/example_dags/example_xcomargs.py took 0.519 seconds
[2026-04-29T09:28:31.922+0300] {processor.py:161} INFO - Started process (PID=31116) to work on /mnt/d/airflow/airflow_project/airflow_venv/lib/python3.12/site-packages/airflow/example_dags/example_xcomargs.py
[2026-04-29T09:28:31.924+0300] {processor.py:830} INFO - Processing file /mnt/d/airflow/airflow_project/airflow_venv/lib/python3.12/site-packages/airflow/example_dags/example_xcomargs.py for tasks to queue
[2026-04-29T09:28:31.929+0300] {logging_mixin.py:188} INFO - [2026-04-29T09:28:31.928+0300] {dagbag.py:545} INFO - Filling up the DagBag from /mnt/d/airflow/airflow_project/airflow_venv/lib/python3.12/site-packages/airflow/example_dags/example_xcomargs.py
[2026-04-29T09:28:31.967+0300] {processor.py:840} INFO - DAG(s) 'example_xcom_args_with_operators', 'example_xcom_args' retrieved from /mnt/d/airflow/airflow_project/airflow_venv/lib/python3.12/site-packages/airflow/example_dags/example_xcomargs.py
[2026-04-29T09:28:32.003+0300] {logging_mixin.py:188} INFO - [2026-04-29T09:28:32.002+0300] {dag.py:3089} INFO - Sync 2 DAGs
[2026-04-29T09:28:32.017+0300] {logging_mixin.py:188} INFO - [2026-04-29T09:28:32.016+0300] {dag.py:3947} INFO - Setting next_dagrun for example_xcom_args to None, run_after=None
[2026-04-29T09:28:32.022+0300] {logging_mixin.py:188} INFO - [2026-04-29T09:28:32.022+0300] {dag.py:3947} INFO - Setting next_dagrun for example_xcom_args_with_operators to None, run_after=None
[2026-04-29T09:28:32.114+0300] {processor.py:183} INFO - Processing /mnt/d/airflow/airflow_project/airflow_venv/lib/python3.12/site-packages/airflow/example_dags/example_xcomargs.py took 0.209 seconds
[2026-04-29T09:29:51.083+0300] {processor.py:161} INFO - Started process (PID=31592) to work on /mnt/d/airflow/airflow_project/airflow_venv/lib/python3.12/site-packages/airflow/example_dags/example_xcomargs.py
[2026-04-29T09:29:51.088+0300] {processor.py:830} INFO - Processing file /mnt/d/airflow/airflow_project/airflow_venv/lib/python3.12/site-packages/airflow/example_dags/example_xcomargs.py for tasks to queue
[2026-04-29T09:29:51.094+0300] {logging_mixin.py:188} INFO - [2026-04-29T09:29:51.092+0300] {dagbag.py:545} INFO - Filling up the DagBag from /mnt/d/airflow/airflow_project/airflow_venv/lib/python3.12/site-packages/airflow/example_dags/example_xcomargs.py
[2026-04-29T09:29:51.177+0300] {processor.py:840} INFO - DAG(s) 'example_xcom_args_with_operators', 'example_xcom_args' retrieved from /mnt/d/airflow/airflow_project/airflow_venv/lib/python3.12/site-packages/airflow/example_dags/example_xcomargs.py
[2026-04-29T09:29:51.258+0300] {logging_mixin.py:188} INFO - [2026-04-29T09:29:51.255+0300] {dag.py:3089} INFO - Sync 2 DAGs
[2026-04-29T09:29:51.283+0300] {logging_mixin.py:188} INFO - [2026-04-29T09:29:51.280+0300] {dag.py:3947} INFO - Setting next_dagrun for example_xcom_args to None, run_after=None
[2026-04-29T09:29:51.296+0300] {logging_mixin.py:188} INFO - [2026-04-29T09:29:51.293+0300] {dag.py:3947} INFO - Setting next_dagrun for example_xcom_args_with_operators to None, run_after=None
[2026-04-29T09:29:51.694+0300] {processor.py:183} INFO - Processing /mnt/d/airflow/airflow_project/airflow_venv/lib/python3.12/site-packages/airflow/example_dags/example_xcomargs.py took 0.666 seconds
[2026-04-29T09:31:25.060+0300] {processor.py:161} INFO - Started process (PID=32149) to work on /mnt/d/airflow/airflow_project/airflow_venv/lib/python3.12/site-packages/airflow/example_dags/example_xcomargs.py
[2026-04-29T09:31:25.063+0300] {processor.py:830} INFO - Processing file /mnt/d/airflow/airflow_project/airflow_venv/lib/python3.12/site-packages/airflow/example_dags/example_xcomargs.py for tasks to queue
[2026-04-29T09:31:25.068+0300] {logging_mixin.py:188} INFO - [2026-04-29T09:31:25.066+0300] {dagbag.py:545} INFO - Filling up the DagBag from /mnt/d/airflow/airflow_project/airflow_venv/lib/python3.12/site-packages/airflow/example_dags/example_xcomargs.py
[2026-04-29T09:31:25.109+0300] {processor.py:840} INFO - DAG(s) 'example_xcom_args_with_operators', 'example_xcom_args' retrieved from /mnt/d/airflow/airflow_project/airflow_venv/lib/python3.12/site-packages/airflow/example_dags/example_xcomargs.py
[2026-04-29T09:31:25.160+0300] {logging_mixin.py:188} INFO - [2026-04-29T09:31:25.157+0300] {dag.py:3089} INFO - Sync 2 DAGs
[2026-04-29T09:31:25.176+0300] {logging_mixin.py:188} INFO - [2026-04-29T09:31:25.173+0300] {dag.py:3947} INFO - Setting next_dagrun for example_xcom_args to None, run_after=None
[2026-04-29T09:31:25.184+0300] {logging_mixin.py:188} INFO - [2026-04-29T09:31:25.182+0300] {dag.py:3947} INFO - Setting next_dagrun for example_xcom_args_with_operators to None, run_after=None
[2026-04-29T09:31:25.319+0300] {processor.py:183} INFO - Processing /mnt/d/airflow/airflow_project/airflow_venv/lib/python3.12/site-packages/airflow/example_dags/example_xcomargs.py took 0.288 seconds
[2026-04-29T09:32:31.154+0300] {processor.py:161} INFO - Started process (PID=32540) to work on /mnt/d/airflow/airflow_project/airflow_venv/lib/python3.12/site-packages/airflow/example_dags/example_xcomargs.py
[2026-04-29T09:32:31.159+0300] {processor.py:830} INFO - Processing file /mnt/d/airflow/airflow_project/airflow_venv/lib/python3.12/site-packages/airflow/example_dags/example_xcomargs.py for tasks to queue
[2026-04-29T09:32:31.167+0300] {logging_mixin.py:188} INFO - [2026-04-29T09:32:31.163+0300] {dagbag.py:545} INFO - Filling up the DagBag from /mnt/d/airflow/airflow_project/airflow_venv/lib/python3.12/site-packages/airflow/example_dags/example_xcomargs.py
[2026-04-29T09:32:31.264+0300] {processor.py:840} INFO - DAG(s) 'example_xcom_args_with_operators', 'example_xcom_args' retrieved from /mnt/d/airflow/airflow_project/airflow_venv/lib/python3.12/site-packages/airflow/example_dags/example_xcomargs.py
[2026-04-29T09:32:31.346+0300] {logging_mixin.py:188} INFO - [2026-04-29T09:32:31.343+0300] {dag.py:3089} INFO - Sync 2 DAGs
[2026-04-29T09:32:31.371+0300] {logging_mixin.py:188} INFO - [2026-04-29T09:32:31.368+0300] {dag.py:3947} INFO - Setting next_dagrun for example_xcom_args to None, run_after=None
[2026-04-29T09:32:31.384+0300] {logging_mixin.py:188} INFO - [2026-04-29T09:32:31.382+0300] {dag.py:3947} INFO - Setting next_dagrun for example_xcom_args_with_operators to None, run_after=None
[2026-04-29T09:32:31.570+0300] {processor.py:183} INFO - Processing /mnt/d/airflow/airflow_project/airflow_venv/lib/python3.12/site-packages/airflow/example_dags/example_xcomargs.py took 0.451 seconds
[2026-04-29T09:33:41.665+0300] {processor.py:161} INFO - Started process (PID=32965) to work on /mnt/d/airflow/airflow_project/airflow_venv/lib/python3.12/site-packages/airflow/example_dags/example_xcomargs.py
[2026-04-29T09:33:41.668+0300] {processor.py:830} INFO - Processing file /mnt/d/airflow/airflow_project/airflow_venv/lib/python3.12/site-packages/airflow/example_dags/example_xcomargs.py for tasks to queue
[2026-04-29T09:33:41.674+0300] {logging_mixin.py:188} INFO - [2026-04-29T09:33:41.672+0300] {dagbag.py:545} INFO - Filling up the DagBag from /mnt/d/airflow/airflow_project/airflow_venv/lib/python3.12/site-packages/airflow/example_dags/example_xcomargs.py
[2026-04-29T09:33:41.736+0300] {processor.py:840} INFO - DAG(s) 'example_xcom_args_with_operators', 'example_xcom_args' retrieved from /mnt/d/airflow/airflow_project/airflow_venv/lib/python3.12/site-packages/airflow/example_dags/example_xcomargs.py
[2026-04-29T09:33:41.806+0300] {logging_mixin.py:188} INFO - [2026-04-29T09:33:41.803+0300] {dag.py:3089} INFO - Sync 2 DAGs
[2026-04-29T09:33:41.828+0300] {logging_mixin.py:188} INFO - [2026-04-29T09:33:41.825+0300] {dag.py:3947} INFO - Setting next_dagrun for example_xcom_args to None, run_after=None
[2026-04-29T09:33:41.839+0300] {logging_mixin.py:188} INFO - [2026-04-29T09:33:41.837+0300] {dag.py:3947} INFO - Setting next_dagrun for example_xcom_args_with_operators to None, run_after=None
[2026-04-29T09:33:41.976+0300] {processor.py:183} INFO - Processing /mnt/d/airflow/airflow_project/airflow_venv/lib/python3.12/site-packages/airflow/example_dags/example_xcomargs.py took 0.331 seconds
[2026-04-29T09:34:54.294+0300] {processor.py:161} INFO - Started process (PID=33382) to work on /mnt/d/airflow/airflow_project/airflow_venv/lib/python3.12/site-packages/airflow/example_dags/example_xcomargs.py
[2026-04-29T09:34:54.297+0300] {processor.py:830} INFO - Processing file /mnt/d/airflow/airflow_project/airflow_venv/lib/python3.12/site-packages/airflow/example_dags/example_xcomargs.py for tasks to queue
[2026-04-29T09:34:54.308+0300] {logging_mixin.py:188} INFO - [2026-04-29T09:34:54.303+0300] {dagbag.py:545} INFO - Filling up the DagBag from /mnt/d/airflow/airflow_project/airflow_venv/lib/python3.12/site-packages/airflow/example_dags/example_xcomargs.py
[2026-04-29T09:34:54.450+0300] {processor.py:840} INFO - DAG(s) 'example_xcom_args_with_operators', 'example_xcom_args' retrieved from /mnt/d/airflow/airflow_project/airflow_venv/lib/python3.12/site-packages/airflow/example_dags/example_xcomargs.py
[2026-04-29T09:34:54.507+0300] {logging_mixin.py:188} INFO - [2026-04-29T09:34:54.505+0300] {dag.py:3089} INFO - Sync 2 DAGs
[2026-04-29T09:34:54.526+0300] {logging_mixin.py:188} INFO - [2026-04-29T09:34:54.524+0300] {dag.py:3947} INFO - Setting next_dagrun for example_xcom_args to None, run_after=None
[2026-04-29T09:34:54.536+0300] {logging_mixin.py:188} INFO - [2026-04-29T09:34:54.535+0300] {dag.py:3947} INFO - Setting next_dagrun for example_xcom_args_with_operators to None, run_after=None
[2026-04-29T09:34:54.712+0300] {processor.py:183} INFO - Processing /mnt/d/airflow/airflow_project/airflow_venv/lib/python3.12/site-packages/airflow/example_dags/example_xcomargs.py took 0.437 seconds
[2026-04-29T09:35:58.708+0300] {processor.py:161} INFO - Started process (PID=33787) to work on /mnt/d/airflow/airflow_project/airflow_venv/lib/python3.12/site-packages/airflow/example_dags/example_xcomargs.py
[2026-04-29T09:35:58.713+0300] {processor.py:830} INFO - Processing file /mnt/d/airflow/airflow_project/airflow_venv/lib/python3.12/site-packages/airflow/example_dags/example_xcomargs.py for tasks to queue
[2026-04-29T09:35:58.722+0300] {logging_mixin.py:188} INFO - [2026-04-29T09:35:58.719+0300] {dagbag.py:545} INFO - Filling up the DagBag from /mnt/d/airflow/airflow_project/airflow_venv/lib/python3.12/site-packages/airflow/example_dags/example_xcomargs.py
[2026-04-29T09:35:58.788+0300] {processor.py:840} INFO - DAG(s) 'example_xcom_args_with_operators', 'example_xcom_args' retrieved from /mnt/d/airflow/airflow_project/airflow_venv/lib/python3.12/site-packages/airflow/example_dags/example_xcomargs.py
[2026-04-29T09:35:58.868+0300] {logging_mixin.py:188} INFO - [2026-04-29T09:35:58.866+0300] {dag.py:3089} INFO - Sync 2 DAGs
[2026-04-29T09:35:58.896+0300] {logging_mixin.py:188} INFO - [2026-04-29T09:35:58.893+0300] {dag.py:3947} INFO - Setting next_dagrun for example_xcom_args to None, run_after=None
[2026-04-29T09:35:58.913+0300] {logging_mixin.py:188} INFO - [2026-04-29T09:35:58.910+0300] {dag.py:3947} INFO - Setting next_dagrun for example_xcom_args_with_operators to None, run_after=None
[2026-04-29T09:35:59.044+0300] {processor.py:183} INFO - Processing /mnt/d/airflow/airflow_project/airflow_venv/lib/python3.12/site-packages/airflow/example_dags/example_xcomargs.py took 0.370 seconds
[2026-04-29T09:36:59.022+0300] {processor.py:161} INFO - Started process (PID=34132) to work on /mnt/d/airflow/airflow_project/airflow_venv/lib/python3.12/site-packages/airflow/example_dags/example_xcomargs.py
[2026-04-29T09:36:59.027+0300] {processor.py:830} INFO - Processing file /mnt/d/airflow/airflow_project/airflow_venv/lib/python3.12/site-packages/airflow/example_dags/example_xcomargs.py for tasks to queue
[2026-04-29T09:36:59.035+0300] {logging_mixin.py:188} INFO - [2026-04-29T09:36:59.032+0300] {dagbag.py:545} INFO - Filling up the DagBag from /mnt/d/airflow/airflow_project/airflow_venv/lib/python3.12/site-packages/airflow/example_dags/example_xcomargs.py
[2026-04-29T09:36:59.101+0300] {processor.py:840} INFO - DAG(s) 'example_xcom_args', 'example_xcom_args_with_operators' retrieved from /mnt/d/airflow/airflow_project/airflow_venv/lib/python3.12/site-packages/airflow/example_dags/example_xcomargs.py
[2026-04-29T09:36:59.166+0300] {logging_mixin.py:188} INFO - [2026-04-29T09:36:59.164+0300] {dag.py:3089} INFO - Sync 2 DAGs
[2026-04-29T09:36:59.190+0300] {logging_mixin.py:188} INFO - [2026-04-29T09:36:59.188+0300] {dag.py:3947} INFO - Setting next_dagrun for example_xcom_args to None, run_after=None
[2026-04-29T09:36:59.202+0300] {logging_mixin.py:188} INFO - [2026-04-29T09:36:59.200+0300] {dag.py:3947} INFO - Setting next_dagrun for example_xcom_args_with_operators to None, run_after=None
[2026-04-29T09:36:59.356+0300] {processor.py:183} INFO - Processing /mnt/d/airflow/airflow_project/airflow_venv/lib/python3.12/site-packages/airflow/example_dags/example_xcomargs.py took 0.364 seconds
[2026-04-29T09:37:57.878+0300] {processor.py:161} INFO - Started process (PID=34513) to work on /mnt/d/airflow/airflow_project/airflow_venv/lib/python3.12/site-packages/airflow/example_dags/example_xcomargs.py
[2026-04-29T09:37:57.881+0300] {processor.py:830} INFO - Processing file /mnt/d/airflow/airflow_project/airflow_venv/lib/python3.12/site-packages/airflow/example_dags/example_xcomargs.py for tasks to queue
[2026-04-29T09:37:57.887+0300] {logging_mixin.py:188} INFO - [2026-04-29T09:37:57.885+0300] {dagbag.py:545} INFO - Filling up the DagBag from /mnt/d/airflow/airflow_project/airflow_venv/lib/python3.12/site-packages/airflow/example_dags/example_xcomargs.py
[2026-04-29T09:37:57.938+0300] {processor.py:840} INFO - DAG(s) 'example_xcom_args', 'example_xcom_args_with_operators' retrieved from /mnt/d/airflow/airflow_project/airflow_venv/lib/python3.12/site-packages/airflow/example_dags/example_xcomargs.py
[2026-04-29T09:37:58.000+0300] {logging_mixin.py:188} INFO - [2026-04-29T09:37:57.998+0300] {dag.py:3089} INFO - Sync 2 DAGs
[2026-04-29T09:37:58.031+0300] {logging_mixin.py:188} INFO - [2026-04-29T09:37:58.029+0300] {dag.py:3947} INFO - Setting next_dagrun for example_xcom_args to None, run_after=None
[2026-04-29T09:37:58.044+0300] {logging_mixin.py:188} INFO - [2026-04-29T09:37:58.042+0300] {dag.py:3947} INFO - Setting next_dagrun for example_xcom_args_with_operators to None, run_after=None
[2026-04-29T09:37:58.255+0300] {processor.py:183} INFO - Processing /mnt/d/airflow/airflow_project/airflow_venv/lib/python3.12/site-packages/airflow/example_dags/example_xcomargs.py took 0.398 seconds
[2026-04-29T09:39:05.018+0300] {processor.py:161} INFO - Started process (PID=34922) to work on /mnt/d/airflow/airflow_project/airflow_venv/lib/python3.12/site-packages/airflow/example_dags/example_xcomargs.py
[2026-04-29T09:39:05.023+0300] {processor.py:830} INFO - Processing file /mnt/d/airflow/airflow_project/airflow_venv/lib/python3.12/site-packages/airflow/example_dags/example_xcomargs.py for tasks to queue
[2026-04-29T09:39:05.031+0300] {logging_mixin.py:188} INFO - [2026-04-29T09:39:05.028+0300] {dagbag.py:545} INFO - Filling up the DagBag from /mnt/d/airflow/airflow_project/airflow_venv/lib/python3.12/site-packages/airflow/example_dags/example_xcomargs.py
[2026-04-29T09:39:05.091+0300] {processor.py:840} INFO - DAG(s) 'example_xcom_args_with_operators', 'example_xcom_args' retrieved from /mnt/d/airflow/airflow_project/airflow_venv/lib/python3.12/site-packages/airflow/example_dags/example_xcomargs.py
[2026-04-29T09:39:05.163+0300] {logging_mixin.py:188} INFO - [2026-04-29T09:39:05.162+0300] {dag.py:3089} INFO - Sync 2 DAGs
[2026-04-29T09:39:05.181+0300] {logging_mixin.py:188} INFO - [2026-04-29T09:39:05.180+0300] {dag.py:3947} INFO - Setting next_dagrun for example_xcom_args to None, run_after=None
[2026-04-29T09:39:05.195+0300] {logging_mixin.py:188} INFO - [2026-04-29T09:39:05.194+0300] {dag.py:3947} INFO - Setting next_dagrun for example_xcom_args_with_operators to None, run_after=None
[2026-04-29T09:39:05.352+0300] {processor.py:183} INFO - Processing /mnt/d/airflow/airflow_project/airflow_venv/lib/python3.12/site-packages/airflow/example_dags/example_xcomargs.py took 0.356 seconds
[2026-04-29T09:40:08.337+0300] {processor.py:161} INFO - Started process (PID=35289) to work on /mnt/d/airflow/airflow_project/airflow_venv/lib/python3.12/site-packages/airflow/example_dags/example_xcomargs.py
[2026-04-29T09:40:08.339+0300] {processor.py:830} INFO - Processing file /mnt/d/airflow/airflow_project/airflow_venv/lib/python3.12/site-packages/airflow/example_dags/example_xcomargs.py for tasks to queue
[2026-04-29T09:40:08.344+0300] {logging_mixin.py:188} INFO - [2026-04-29T09:40:08.342+0300] {dagbag.py:545} INFO - Filling up the DagBag from /mnt/d/airflow/airflow_project/airflow_venv/lib/python3.12/site-packages/airflow/example_dags/example_xcomargs.py
[2026-04-29T09:40:08.384+0300] {processor.py:840} INFO - DAG(s) 'example_xcom_args', 'example_xcom_args_with_operators' retrieved from /mnt/d/airflow/airflow_project/airflow_venv/lib/python3.12/site-packages/airflow/example_dags/example_xcomargs.py
[2026-04-29T09:40:08.436+0300] {logging_mixin.py:188} INFO - [2026-04-29T09:40:08.435+0300] {dag.py:3089} INFO - Sync 2 DAGs
[2026-04-29T09:40:08.454+0300] {logging_mixin.py:188} INFO - [2026-04-29T09:40:08.452+0300] {dag.py:3947} INFO - Setting next_dagrun for example_xcom_args to None, run_after=None
[2026-04-29T09:40:08.461+0300] {logging_mixin.py:188} INFO - [2026-04-29T09:40:08.460+0300] {dag.py:3947} INFO - Setting next_dagrun for example_xcom_args_with_operators to None, run_after=None
[2026-04-29T09:40:08.594+0300] {processor.py:183} INFO - Processing /mnt/d/airflow/airflow_project/airflow_venv/lib/python3.12/site-packages/airflow/example_dags/example_xcomargs.py took 0.275 seconds
[2026-04-29T09:41:05.853+0300] {processor.py:161} INFO - Started process (PID=35625) to work on /mnt/d/airflow/airflow_project/airflow_venv/lib/python3.12/site-packages/airflow/example_dags/example_xcomargs.py
[2026-04-29T09:41:05.855+0300] {processor.py:830} INFO - Processing file /mnt/d/airflow/airflow_project/airflow_venv/lib/python3.12/site-packages/airflow/example_dags/example_xcomargs.py for tasks to queue
[2026-04-29T09:41:05.861+0300] {logging_mixin.py:188} INFO - [2026-04-29T09:41:05.858+0300] {dagbag.py:545} INFO - Filling up the DagBag from /mnt/d/airflow/airflow_project/airflow_venv/lib/python3.12/site-packages/airflow/example_dags/example_xcomargs.py
[2026-04-29T09:41:05.900+0300] {processor.py:840} INFO - DAG(s) 'example_xcom_args_with_operators', 'example_xcom_args' retrieved from /mnt/d/airflow/airflow_project/airflow_venv/lib/python3.12/site-packages/airflow/example_dags/example_xcomargs.py
[2026-04-29T09:41:05.966+0300] {logging_mixin.py:188} INFO - [2026-04-29T09:41:05.964+0300] {dag.py:3089} INFO - Sync 2 DAGs
[2026-04-29T09:41:05.989+0300] {logging_mixin.py:188} INFO - [2026-04-29T09:41:05.987+0300] {dag.py:3947} INFO - Setting next_dagrun for example_xcom_args to None, run_after=None
[2026-04-29T09:41:06.000+0300] {logging_mixin.py:188} INFO - [2026-04-29T09:41:05.998+0300] {dag.py:3947} INFO - Setting next_dagrun for example_xcom_args_with_operators to None, run_after=None
[2026-04-29T09:41:06.085+0300] {processor.py:183} INFO - Processing /mnt/d/airflow/airflow_project/airflow_venv/lib/python3.12/site-packages/airflow/example_dags/example_xcomargs.py took 0.252 seconds
[2026-04-29T09:42:08.785+0300] {processor.py:161} INFO - Started process (PID=35972) to work on /mnt/d/airflow/airflow_project/airflow_venv/lib/python3.12/site-packages/airflow/example_dags/example_xcomargs.py
[2026-04-29T09:42:08.789+0300] {processor.py:830} INFO - Processing file /mnt/d/airflow/airflow_project/airflow_venv/lib/python3.12/site-packages/airflow/example_dags/example_xcomargs.py for tasks to queue
[2026-04-29T09:42:08.794+0300] {logging_mixin.py:188} INFO - [2026-04-29T09:42:08.792+0300] {dagbag.py:545} INFO - Filling up the DagBag from /mnt/d/airflow/airflow_project/airflow_venv/lib/python3.12/site-packages/airflow/example_dags/example_xcomargs.py
[2026-04-29T09:42:08.854+0300] {processor.py:840} INFO - DAG(s) 'example_xcom_args', 'example_xcom_args_with_operators' retrieved from /mnt/d/airflow/airflow_project/airflow_venv/lib/python3.12/site-packages/airflow/example_dags/example_xcomargs.py
[2026-04-29T09:42:08.922+0300] {logging_mixin.py:188} INFO - [2026-04-29T09:42:08.919+0300] {dag.py:3089} INFO - Sync 2 DAGs
[2026-04-29T09:42:08.954+0300] {logging_mixin.py:188} INFO - [2026-04-29T09:42:08.951+0300] {dag.py:3947} INFO - Setting next_dagrun for example_xcom_args to None, run_after=None
[2026-04-29T09:42:08.968+0300] {logging_mixin.py:188} INFO - [2026-04-29T09:42:08.966+0300] {dag.py:3947} INFO - Setting next_dagrun for example_xcom_args_with_operators to None, run_after=None
[2026-04-29T09:42:09.134+0300] {processor.py:183} INFO - Processing /mnt/d/airflow/airflow_project/airflow_venv/lib/python3.12/site-packages/airflow/example_dags/example_xcomargs.py took 0.380 seconds
[2026-04-29T09:43:15.192+0300] {processor.py:161} INFO - Started process (PID=36390) to work on /mnt/d/airflow/airflow_project/airflow_venv/lib/python3.12/site-packages/airflow/example_dags/example_xcomargs.py
[2026-04-29T09:43:15.194+0300] {processor.py:830} INFO - Processing file /mnt/d/airflow/airflow_project/airflow_venv/lib/python3.12/site-packages/airflow/example_dags/example_xcomargs.py for tasks to queue
[2026-04-29T09:43:15.200+0300] {logging_mixin.py:188} INFO - [2026-04-29T09:43:15.198+0300] {dagbag.py:545} INFO - Filling up the DagBag from /mnt/d/airflow/airflow_project/airflow_venv/lib/python3.12/site-packages/airflow/example_dags/example_xcomargs.py
[2026-04-29T09:43:15.243+0300] {processor.py:840} INFO - DAG(s) 'example_xcom_args', 'example_xcom_args_with_operators' retrieved from /mnt/d/airflow/airflow_project/airflow_venv/lib/python3.12/site-packages/airflow/example_dags/example_xcomargs.py
[2026-04-29T09:43:15.291+0300] {logging_mixin.py:188} INFO - [2026-04-29T09:43:15.290+0300] {dag.py:3089} INFO - Sync 2 DAGs
[2026-04-29T09:43:15.311+0300] {logging_mixin.py:188} INFO - [2026-04-29T09:43:15.310+0300] {dag.py:3947} INFO - Setting next_dagrun for example_xcom_args to None, run_after=None
[2026-04-29T09:43:15.318+0300] {logging_mixin.py:188} INFO - [2026-04-29T09:43:15.317+0300] {dag.py:3947} INFO - Setting next_dagrun for example_xcom_args_with_operators to None, run_after=None
[2026-04-29T09:43:15.391+0300] {processor.py:183} INFO - Processing /mnt/d/airflow/airflow_project/airflow_venv/lib/python3.12/site-packages/airflow/example_dags/example_xcomargs.py took 0.220 seconds
[2026-04-29T09:44:33.950+0300] {processor.py:161} INFO - Started process (PID=36854) to work on /mnt/d/airflow/airflow_project/airflow_venv/lib/python3.12/site-packages/airflow/example_dags/example_xcomargs.py
[2026-04-29T09:44:33.953+0300] {processor.py:830} INFO - Processing file /mnt/d/airflow/airflow_project/airflow_venv/lib/python3.12/site-packages/airflow/example_dags/example_xcomargs.py for tasks to queue
[2026-04-29T09:44:33.962+0300] {logging_mixin.py:188} INFO - [2026-04-29T09:44:33.961+0300] {dagbag.py:545} INFO - Filling up the DagBag from /mnt/d/airflow/airflow_project/airflow_venv/lib/python3.12/site-packages/airflow/example_dags/example_xcomargs.py
[2026-04-29T09:44:34.000+0300] {processor.py:840} INFO - DAG(s) 'example_xcom_args_with_operators', 'example_xcom_args' retrieved from /mnt/d/airflow/airflow_project/airflow_venv/lib/python3.12/site-packages/airflow/example_dags/example_xcomargs.py
[2026-04-29T09:44:35.463+0300] {logging_mixin.py:188} INFO - [2026-04-29T09:44:35.462+0300] {dag.py:3089} INFO - Sync 2 DAGs
[2026-04-29T09:44:35.477+0300] {logging_mixin.py:188} INFO - [2026-04-29T09:44:35.476+0300] {dag.py:3947} INFO - Setting next_dagrun for example_xcom_args to None, run_after=None
[2026-04-29T09:44:35.483+0300] {logging_mixin.py:188} INFO - [2026-04-29T09:44:35.482+0300] {dag.py:3947} INFO - Setting next_dagrun for example_xcom_args_with_operators to None, run_after=None
[2026-04-29T09:44:35.575+0300] {processor.py:183} INFO - Processing /mnt/d/airflow/airflow_project/airflow_venv/lib/python3.12/site-packages/airflow/example_dags/example_xcomargs.py took 1.642 seconds
[2026-04-29T09:46:17.261+0300] {processor.py:161} INFO - Started process (PID=37405) to work on /mnt/d/airflow/airflow_project/airflow_venv/lib/python3.12/site-packages/airflow/example_dags/example_xcomargs.py
[2026-04-29T09:46:17.264+0300] {processor.py:830} INFO - Processing file /mnt/d/airflow/airflow_project/airflow_venv/lib/python3.12/site-packages/airflow/example_dags/example_xcomargs.py for tasks to queue
[2026-04-29T09:46:17.271+0300] {logging_mixin.py:188} INFO - [2026-04-29T09:46:17.269+0300] {dagbag.py:545} INFO - Filling up the DagBag from /mnt/d/airflow/airflow_project/airflow_venv/lib/python3.12/site-packages/airflow/example_dags/example_xcomargs.py
[2026-04-29T09:46:17.338+0300] {processor.py:840} INFO - DAG(s) 'example_xcom_args_with_operators', 'example_xcom_args' retrieved from /mnt/d/airflow/airflow_project/airflow_venv/lib/python3.12/site-packages/airflow/example_dags/example_xcomargs.py
[2026-04-29T09:46:17.401+0300] {logging_mixin.py:188} INFO - [2026-04-29T09:46:17.398+0300] {dag.py:3089} INFO - Sync 2 DAGs
[2026-04-29T09:46:17.433+0300] {logging_mixin.py:188} INFO - [2026-04-29T09:46:17.429+0300] {dag.py:3947} INFO - Setting next_dagrun for example_xcom_args to None, run_after=None
[2026-04-29T09:46:17.449+0300] {logging_mixin.py:188} INFO - [2026-04-29T09:46:17.446+0300] {dag.py:3947} INFO - Setting next_dagrun for example_xcom_args_with_operators to None, run_after=None
[2026-04-29T09:46:17.612+0300] {processor.py:183} INFO - Processing /mnt/d/airflow/airflow_project/airflow_venv/lib/python3.12/site-packages/airflow/example_dags/example_xcomargs.py took 0.374 seconds
[2026-04-29T09:47:59.933+0300] {processor.py:161} INFO - Started process (PID=37993) to work on /mnt/d/airflow/airflow_project/airflow_venv/lib/python3.12/site-packages/airflow/example_dags/example_xcomargs.py
[2026-04-29T09:47:59.935+0300] {processor.py:830} INFO - Processing file /mnt/d/airflow/airflow_project/airflow_venv/lib/python3.12/site-packages/airflow/example_dags/example_xcomargs.py for tasks to queue
[2026-04-29T09:47:59.940+0300] {logging_mixin.py:188} INFO - [2026-04-29T09:47:59.939+0300] {dagbag.py:545} INFO - Filling up the DagBag from /mnt/d/airflow/airflow_project/airflow_venv/lib/python3.12/site-packages/airflow/example_dags/example_xcomargs.py
[2026-04-29T09:47:59.983+0300] {processor.py:840} INFO - DAG(s) 'example_xcom_args', 'example_xcom_args_with_operators' retrieved from /mnt/d/airflow/airflow_project/airflow_venv/lib/python3.12/site-packages/airflow/example_dags/example_xcomargs.py
[2026-04-29T09:48:00.034+0300] {logging_mixin.py:188} INFO - [2026-04-29T09:48:00.033+0300] {dag.py:3089} INFO - Sync 2 DAGs
[2026-04-29T09:48:00.053+0300] {logging_mixin.py:188} INFO - [2026-04-29T09:48:00.052+0300] {dag.py:3947} INFO - Setting next_dagrun for example_xcom_args to None, run_after=None
[2026-04-29T09:48:00.062+0300] {logging_mixin.py:188} INFO - [2026-04-29T09:48:00.061+0300] {dag.py:3947} INFO - Setting next_dagrun for example_xcom_args_with_operators to None, run_after=None
[2026-04-29T09:48:00.248+0300] {processor.py:183} INFO - Processing /mnt/d/airflow/airflow_project/airflow_venv/lib/python3.12/site-packages/airflow/example_dags/example_xcomargs.py took 0.333 seconds
[2026-04-29T09:49:14.062+0300] {processor.py:161} INFO - Started process (PID=38417) to work on /mnt/d/airflow/airflow_project/airflow_venv/lib/python3.12/site-packages/airflow/example_dags/example_xcomargs.py
[2026-04-29T09:49:14.064+0300] {processor.py:830} INFO - Processing file /mnt/d/airflow/airflow_project/airflow_venv/lib/python3.12/site-packages/airflow/example_dags/example_xcomargs.py for tasks to queue
[2026-04-29T09:49:14.067+0300] {logging_mixin.py:188} INFO - [2026-04-29T09:49:14.066+0300] {dagbag.py:545} INFO - Filling up the DagBag from /mnt/d/airflow/airflow_project/airflow_venv/lib/python3.12/site-packages/airflow/example_dags/example_xcomargs.py
[2026-04-29T09:49:14.092+0300] {processor.py:840} INFO - DAG(s) 'example_xcom_args_with_operators', 'example_xcom_args' retrieved from /mnt/d/airflow/airflow_project/airflow_venv/lib/python3.12/site-packages/airflow/example_dags/example_xcomargs.py
[2026-04-29T09:49:14.142+0300] {logging_mixin.py:188} INFO - [2026-04-29T09:49:14.140+0300] {dag.py:3089} INFO - Sync 2 DAGs
[2026-04-29T09:49:14.166+0300] {logging_mixin.py:188} INFO - [2026-04-29T09:49:14.165+0300] {dag.py:3947} INFO - Setting next_dagrun for example_xcom_args to None, run_after=None
[2026-04-29T09:49:14.176+0300] {logging_mixin.py:188} INFO - [2026-04-29T09:49:14.174+0300] {dag.py:3947} INFO - Setting next_dagrun for example_xcom_args_with_operators to None, run_after=None
[2026-04-29T09:49:14.306+0300] {processor.py:183} INFO - Processing /mnt/d/airflow/airflow_project/airflow_venv/lib/python3.12/site-packages/airflow/example_dags/example_xcomargs.py took 0.256 seconds
[2026-04-29T09:50:23.338+0300] {processor.py:161} INFO - Started process (PID=38798) to work on /mnt/d/airflow/airflow_project/airflow_venv/lib/python3.12/site-packages/airflow/example_dags/example_xcomargs.py
[2026-04-29T09:50:23.343+0300] {processor.py:830} INFO - Processing file /mnt/d/airflow/airflow_project/airflow_venv/lib/python3.12/site-packages/airflow/example_dags/example_xcomargs.py for tasks to queue
[2026-04-29T09:50:23.350+0300] {logging_mixin.py:188} INFO - [2026-04-29T09:50:23.347+0300] {dagbag.py:545} INFO - Filling up the DagBag from /mnt/d/airflow/airflow_project/airflow_venv/lib/python3.12/site-packages/airflow/example_dags/example_xcomargs.py
[2026-04-29T09:50:23.427+0300] {processor.py:840} INFO - DAG(s) 'example_xcom_args', 'example_xcom_args_with_operators' retrieved from /mnt/d/airflow/airflow_project/airflow_venv/lib/python3.12/site-packages/airflow/example_dags/example_xcomargs.py
[2026-04-29T09:50:23.502+0300] {logging_mixin.py:188} INFO - [2026-04-29T09:50:23.500+0300] {dag.py:3089} INFO - Sync 2 DAGs
[2026-04-29T09:50:23.526+0300] {logging_mixin.py:188} INFO - [2026-04-29T09:50:23.525+0300] {dag.py:3947} INFO - Setting next_dagrun for example_xcom_args to None, run_after=None
[2026-04-29T09:50:23.534+0300] {logging_mixin.py:188} INFO - [2026-04-29T09:50:23.533+0300] {dag.py:3947} INFO - Setting next_dagrun for example_xcom_args_with_operators to None, run_after=None
[2026-04-29T09:50:23.645+0300] {processor.py:183} INFO - Processing /mnt/d/airflow/airflow_project/airflow_venv/lib/python3.12/site-packages/airflow/example_dags/example_xcomargs.py took 0.339 seconds
[2026-04-29T09:51:32.547+0300] {processor.py:161} INFO - Started process (PID=39205) to work on /mnt/d/airflow/airflow_project/airflow_venv/lib/python3.12/site-packages/airflow/example_dags/example_xcomargs.py
[2026-04-29T09:51:32.550+0300] {processor.py:830} INFO - Processing file /mnt/d/airflow/airflow_project/airflow_venv/lib/python3.12/site-packages/airflow/example_dags/example_xcomargs.py for tasks to queue
[2026-04-29T09:51:32.556+0300] {logging_mixin.py:188} INFO - [2026-04-29T09:51:32.554+0300] {dagbag.py:545} INFO - Filling up the DagBag from /mnt/d/airflow/airflow_project/airflow_venv/lib/python3.12/site-packages/airflow/example_dags/example_xcomargs.py
[2026-04-29T09:51:32.593+0300] {processor.py:840} INFO - DAG(s) 'example_xcom_args', 'example_xcom_args_with_operators' retrieved from /mnt/d/airflow/airflow_project/airflow_venv/lib/python3.12/site-packages/airflow/example_dags/example_xcomargs.py
[2026-04-29T09:51:32.633+0300] {logging_mixin.py:188} INFO - [2026-04-29T09:51:32.632+0300] {dag.py:3089} INFO - Sync 2 DAGs
[2026-04-29T09:51:32.652+0300] {logging_mixin.py:188} INFO - [2026-04-29T09:51:32.651+0300] {dag.py:3947} INFO - Setting next_dagrun for example_xcom_args to None, run_after=None
[2026-04-29T09:51:32.659+0300] {logging_mixin.py:188} INFO - [2026-04-29T09:51:32.658+0300] {dag.py:3947} INFO - Setting next_dagrun for example_xcom_args_with_operators to None, run_after=None
[2026-04-29T09:51:32.768+0300] {processor.py:183} INFO - Processing /mnt/d/airflow/airflow_project/airflow_venv/lib/python3.12/site-packages/airflow/example_dags/example_xcomargs.py took 0.247 seconds
[2026-04-29T09:54:00.862+0300] {processor.py:161} INFO - Started process (PID=40023) to work on /mnt/d/airflow/airflow_project/airflow_venv/lib/python3.12/site-packages/airflow/example_dags/example_xcomargs.py
[2026-04-29T09:54:00.866+0300] {processor.py:830} INFO - Processing file /mnt/d/airflow/airflow_project/airflow_venv/lib/python3.12/site-packages/airflow/example_dags/example_xcomargs.py for tasks to queue
[2026-04-29T09:54:00.872+0300] {logging_mixin.py:188} INFO - [2026-04-29T09:54:00.870+0300] {dagbag.py:545} INFO - Filling up the DagBag from /mnt/d/airflow/airflow_project/airflow_venv/lib/python3.12/site-packages/airflow/example_dags/example_xcomargs.py
[2026-04-29T09:54:00.933+0300] {processor.py:840} INFO - DAG(s) 'example_xcom_args_with_operators', 'example_xcom_args' retrieved from /mnt/d/airflow/airflow_project/airflow_venv/lib/python3.12/site-packages/airflow/example_dags/example_xcomargs.py
[2026-04-29T09:54:00.980+0300] {logging_mixin.py:188} INFO - [2026-04-29T09:54:00.979+0300] {dag.py:3089} INFO - Sync 2 DAGs
[2026-04-29T09:54:00.999+0300] {logging_mixin.py:188} INFO - [2026-04-29T09:54:00.997+0300] {dag.py:3947} INFO - Setting next_dagrun for example_xcom_args to None, run_after=None
[2026-04-29T09:54:01.006+0300] {logging_mixin.py:188} INFO - [2026-04-29T09:54:01.005+0300] {dag.py:3947} INFO - Setting next_dagrun for example_xcom_args_with_operators to None, run_after=None
[2026-04-29T09:54:01.160+0300] {processor.py:183} INFO - Processing /mnt/d/airflow/airflow_project/airflow_venv/lib/python3.12/site-packages/airflow/example_dags/example_xcomargs.py took 0.322 seconds
[2026-04-29T09:55:43.986+0300] {processor.py:161} INFO - Started process (PID=40619) to work on /mnt/d/airflow/airflow_project/airflow_venv/lib/python3.12/site-packages/airflow/example_dags/example_xcomargs.py
[2026-04-29T09:55:43.989+0300] {processor.py:830} INFO - Processing file /mnt/d/airflow/airflow_project/airflow_venv/lib/python3.12/site-packages/airflow/example_dags/example_xcomargs.py for tasks to queue
[2026-04-29T09:55:44.001+0300] {logging_mixin.py:188} INFO - [2026-04-29T09:55:44.000+0300] {dagbag.py:545} INFO - Filling up the DagBag from /mnt/d/airflow/airflow_project/airflow_venv/lib/python3.12/site-packages/airflow/example_dags/example_xcomargs.py
[2026-04-29T09:55:44.049+0300] {processor.py:840} INFO - DAG(s) 'example_xcom_args_with_operators', 'example_xcom_args' retrieved from /mnt/d/airflow/airflow_project/airflow_venv/lib/python3.12/site-packages/airflow/example_dags/example_xcomargs.py
[2026-04-29T09:55:44.124+0300] {logging_mixin.py:188} INFO - [2026-04-29T09:55:44.123+0300] {dag.py:3089} INFO - Sync 2 DAGs
[2026-04-29T09:55:44.150+0300] {logging_mixin.py:188} INFO - [2026-04-29T09:55:44.148+0300] {dag.py:3947} INFO - Setting next_dagrun for example_xcom_args to None, run_after=None
[2026-04-29T09:55:44.159+0300] {logging_mixin.py:188} INFO - [2026-04-29T09:55:44.158+0300] {dag.py:3947} INFO - Setting next_dagrun for example_xcom_args_with_operators to None, run_after=None
[2026-04-29T09:55:44.301+0300] {processor.py:183} INFO - Processing /mnt/d/airflow/airflow_project/airflow_venv/lib/python3.12/site-packages/airflow/example_dags/example_xcomargs.py took 0.339 seconds
[2026-04-29T09:58:41.876+0300] {processor.py:161} INFO - Started process (PID=41656) to work on /mnt/d/airflow/airflow_project/airflow_venv/lib/python3.12/site-packages/airflow/example_dags/example_xcomargs.py
[2026-04-29T09:58:41.879+0300] {processor.py:830} INFO - Processing file /mnt/d/airflow/airflow_project/airflow_venv/lib/python3.12/site-packages/airflow/example_dags/example_xcomargs.py for tasks to queue
[2026-04-29T09:58:41.885+0300] {logging_mixin.py:188} INFO - [2026-04-29T09:58:41.883+0300] {dagbag.py:545} INFO - Filling up the DagBag from /mnt/d/airflow/airflow_project/airflow_venv/lib/python3.12/site-packages/airflow/example_dags/example_xcomargs.py
[2026-04-29T09:58:41.942+0300] {processor.py:840} INFO - DAG(s) 'example_xcom_args_with_operators', 'example_xcom_args' retrieved from /mnt/d/airflow/airflow_project/airflow_venv/lib/python3.12/site-packages/airflow/example_dags/example_xcomargs.py
[2026-04-29T09:58:42.028+0300] {logging_mixin.py:188} INFO - [2026-04-29T09:58:42.026+0300] {dag.py:3089} INFO - Sync 2 DAGs
[2026-04-29T09:58:42.056+0300] {logging_mixin.py:188} INFO - [2026-04-29T09:58:42.052+0300] {dag.py:3947} INFO - Setting next_dagrun for example_xcom_args to None, run_after=None
[2026-04-29T09:58:42.065+0300] {logging_mixin.py:188} INFO - [2026-04-29T09:58:42.063+0300] {dag.py:3947} INFO - Setting next_dagrun for example_xcom_args_with_operators to None, run_after=None
[2026-04-29T09:58:42.246+0300] {processor.py:183} INFO - Processing /mnt/d/airflow/airflow_project/airflow_venv/lib/python3.12/site-packages/airflow/example_dags/example_xcomargs.py took 0.393 seconds
[2026-04-29T10:00:19.804+0300] {processor.py:161} INFO - Started process (PID=42197) to work on /mnt/d/airflow/airflow_project/airflow_venv/lib/python3.12/site-packages/airflow/example_dags/example_xcomargs.py
[2026-04-29T10:00:19.807+0300] {processor.py:830} INFO - Processing file /mnt/d/airflow/airflow_project/airflow_venv/lib/python3.12/site-packages/airflow/example_dags/example_xcomargs.py for tasks to queue
[2026-04-29T10:00:19.813+0300] {logging_mixin.py:188} INFO - [2026-04-29T10:00:19.811+0300] {dagbag.py:545} INFO - Filling up the DagBag from /mnt/d/airflow/airflow_project/airflow_venv/lib/python3.12/site-packages/airflow/example_dags/example_xcomargs.py
[2026-04-29T10:00:19.845+0300] {processor.py:840} INFO - DAG(s) 'example_xcom_args_with_operators', 'example_xcom_args' retrieved from /mnt/d/airflow/airflow_project/airflow_venv/lib/python3.12/site-packages/airflow/example_dags/example_xcomargs.py
[2026-04-29T10:00:19.882+0300] {logging_mixin.py:188} INFO - [2026-04-29T10:00:19.881+0300] {dag.py:3089} INFO - Sync 2 DAGs
[2026-04-29T10:00:19.904+0300] {logging_mixin.py:188} INFO - [2026-04-29T10:00:19.902+0300] {dag.py:3947} INFO - Setting next_dagrun for example_xcom_args to None, run_after=None
[2026-04-29T10:00:19.910+0300] {logging_mixin.py:188} INFO - [2026-04-29T10:00:19.909+0300] {dag.py:3947} INFO - Setting next_dagrun for example_xcom_args_with_operators to None, run_after=None
[2026-04-29T10:00:20.146+0300] {processor.py:183} INFO - Processing /mnt/d/airflow/airflow_project/airflow_venv/lib/python3.12/site-packages/airflow/example_dags/example_xcomargs.py took 0.360 seconds
[2026-04-29T10:02:33.949+0300] {processor.py:161} INFO - Started process (PID=42923) to work on /mnt/d/airflow/airflow_project/airflow_venv/lib/python3.12/site-packages/airflow/example_dags/example_xcomargs.py
[2026-04-29T10:02:33.953+0300] {processor.py:830} INFO - Processing file /mnt/d/airflow/airflow_project/airflow_venv/lib/python3.12/site-packages/airflow/example_dags/example_xcomargs.py for tasks to queue
[2026-04-29T10:02:33.963+0300] {logging_mixin.py:188} INFO - [2026-04-29T10:02:33.960+0300] {dagbag.py:545} INFO - Filling up the DagBag from /mnt/d/airflow/airflow_project/airflow_venv/lib/python3.12/site-packages/airflow/example_dags/example_xcomargs.py
[2026-04-29T10:02:34.027+0300] {processor.py:840} INFO - DAG(s) 'example_xcom_args', 'example_xcom_args_with_operators' retrieved from /mnt/d/airflow/airflow_project/airflow_venv/lib/python3.12/site-packages/airflow/example_dags/example_xcomargs.py
[2026-04-29T10:02:34.110+0300] {logging_mixin.py:188} INFO - [2026-04-29T10:02:34.108+0300] {dag.py:3089} INFO - Sync 2 DAGs
[2026-04-29T10:02:34.142+0300] {logging_mixin.py:188} INFO - [2026-04-29T10:02:34.140+0300] {dag.py:3947} INFO - Setting next_dagrun for example_xcom_args to None, run_after=None
[2026-04-29T10:02:34.157+0300] {logging_mixin.py:188} INFO - [2026-04-29T10:02:34.155+0300] {dag.py:3947} INFO - Setting next_dagrun for example_xcom_args_with_operators to None, run_after=None
[2026-04-29T10:02:34.335+0300] {processor.py:183} INFO - Processing /mnt/d/airflow/airflow_project/airflow_venv/lib/python3.12/site-packages/airflow/example_dags/example_xcomargs.py took 0.416 seconds
[2026-04-29T10:04:18.256+0300] {processor.py:161} INFO - Started process (PID=43518) to work on /mnt/d/airflow/airflow_project/airflow_venv/lib/python3.12/site-packages/airflow/example_dags/example_xcomargs.py
[2026-04-29T10:04:18.259+0300] {processor.py:830} INFO - Processing file /mnt/d/airflow/airflow_project/airflow_venv/lib/python3.12/site-packages/airflow/example_dags/example_xcomargs.py for tasks to queue
[2026-04-29T10:04:18.265+0300] {logging_mixin.py:188} INFO - [2026-04-29T10:04:18.263+0300] {dagbag.py:545} INFO - Filling up the DagBag from /mnt/d/airflow/airflow_project/airflow_venv/lib/python3.12/site-packages/airflow/example_dags/example_xcomargs.py
[2026-04-29T10:04:18.310+0300] {processor.py:840} INFO - DAG(s) 'example_xcom_args', 'example_xcom_args_with_operators' retrieved from /mnt/d/airflow/airflow_project/airflow_venv/lib/python3.12/site-packages/airflow/example_dags/example_xcomargs.py
[2026-04-29T10:04:18.374+0300] {logging_mixin.py:188} INFO - [2026-04-29T10:04:18.371+0300] {dag.py:3089} INFO - Sync 2 DAGs
[2026-04-29T10:04:18.396+0300] {logging_mixin.py:188} INFO - [2026-04-29T10:04:18.394+0300] {dag.py:3947} INFO - Setting next_dagrun for example_xcom_args to None, run_after=None
[2026-04-29T10:04:18.405+0300] {logging_mixin.py:188} INFO - [2026-04-29T10:04:18.404+0300] {dag.py:3947} INFO - Setting next_dagrun for example_xcom_args_with_operators to None, run_after=None
[2026-04-29T10:04:18.657+0300] {processor.py:183} INFO - Processing /mnt/d/airflow/airflow_project/airflow_venv/lib/python3.12/site-packages/airflow/example_dags/example_xcomargs.py took 0.427 seconds
[2026-04-29T10:05:22.374+0300] {processor.py:161} INFO - Started process (PID=43886) to work on /mnt/d/airflow/airflow_project/airflow_venv/lib/python3.12/site-packages/airflow/example_dags/example_xcomargs.py
[2026-04-29T10:05:22.378+0300] {processor.py:830} INFO - Processing file /mnt/d/airflow/airflow_project/airflow_venv/lib/python3.12/site-packages/airflow/example_dags/example_xcomargs.py for tasks to queue
[2026-04-29T10:05:22.382+0300] {logging_mixin.py:188} INFO - [2026-04-29T10:05:22.380+0300] {dagbag.py:545} INFO - Filling up the DagBag from /mnt/d/airflow/airflow_project/airflow_venv/lib/python3.12/site-packages/airflow/example_dags/example_xcomargs.py
[2026-04-29T10:05:22.435+0300] {processor.py:840} INFO - DAG(s) 'example_xcom_args', 'example_xcom_args_with_operators' retrieved from /mnt/d/airflow/airflow_project/airflow_venv/lib/python3.12/site-packages/airflow/example_dags/example_xcomargs.py
[2026-04-29T10:05:22.495+0300] {logging_mixin.py:188} INFO - [2026-04-29T10:05:22.494+0300] {dag.py:3089} INFO - Sync 2 DAGs
[2026-04-29T10:05:22.516+0300] {logging_mixin.py:188} INFO - [2026-04-29T10:05:22.514+0300] {dag.py:3947} INFO - Setting next_dagrun for example_xcom_args to None, run_after=None
[2026-04-29T10:05:22.528+0300] {logging_mixin.py:188} INFO - [2026-04-29T10:05:22.527+0300] {dag.py:3947} INFO - Setting next_dagrun for example_xcom_args_with_operators to None, run_after=None
[2026-04-29T10:05:22.661+0300] {processor.py:183} INFO - Processing /mnt/d/airflow/airflow_project/airflow_venv/lib/python3.12/site-packages/airflow/example_dags/example_xcomargs.py took 0.311 seconds
[2026-04-29T10:06:28.234+0300] {processor.py:161} INFO - Started process (PID=44256) to work on /mnt/d/airflow/airflow_project/airflow_venv/lib/python3.12/site-packages/airflow/example_dags/example_xcomargs.py
[2026-04-29T10:06:28.244+0300] {processor.py:830} INFO - Processing file /mnt/d/airflow/airflow_project/airflow_venv/lib/python3.12/site-packages/airflow/example_dags/example_xcomargs.py for tasks to queue
[2026-04-29T10:06:28.250+0300] {logging_mixin.py:188} INFO - [2026-04-29T10:06:28.248+0300] {dagbag.py:545} INFO - Filling up the DagBag from /mnt/d/airflow/airflow_project/airflow_venv/lib/python3.12/site-packages/airflow/example_dags/example_xcomargs.py
[2026-04-29T10:06:28.332+0300] {processor.py:840} INFO - DAG(s) 'example_xcom_args', 'example_xcom_args_with_operators' retrieved from /mnt/d/airflow/airflow_project/airflow_venv/lib/python3.12/site-packages/airflow/example_dags/example_xcomargs.py
[2026-04-29T10:06:28.419+0300] {logging_mixin.py:188} INFO - [2026-04-29T10:06:28.416+0300] {dag.py:3089} INFO - Sync 2 DAGs
[2026-04-29T10:06:28.452+0300] {logging_mixin.py:188} INFO - [2026-04-29T10:06:28.449+0300] {dag.py:3947} INFO - Setting next_dagrun for example_xcom_args to None, run_after=None
[2026-04-29T10:06:28.465+0300] {logging_mixin.py:188} INFO - [2026-04-29T10:06:28.463+0300] {dag.py:3947} INFO - Setting next_dagrun for example_xcom_args_with_operators to None, run_after=None
[2026-04-29T10:06:28.617+0300] {processor.py:183} INFO - Processing /mnt/d/airflow/airflow_project/airflow_venv/lib/python3.12/site-packages/airflow/example_dags/example_xcomargs.py took 0.415 seconds
[2026-04-29T10:07:37.860+0300] {processor.py:161} INFO - Started process (PID=44642) to work on /mnt/d/airflow/airflow_project/airflow_venv/lib/python3.12/site-packages/airflow/example_dags/example_xcomargs.py
[2026-04-29T10:07:37.865+0300] {processor.py:830} INFO - Processing file /mnt/d/airflow/airflow_project/airflow_venv/lib/python3.12/site-packages/airflow/example_dags/example_xcomargs.py for tasks to queue
[2026-04-29T10:07:37.873+0300] {logging_mixin.py:188} INFO - [2026-04-29T10:07:37.870+0300] {dagbag.py:545} INFO - Filling up the DagBag from /mnt/d/airflow/airflow_project/airflow_venv/lib/python3.12/site-packages/airflow/example_dags/example_xcomargs.py
[2026-04-29T10:07:37.950+0300] {processor.py:840} INFO - DAG(s) 'example_xcom_args_with_operators', 'example_xcom_args' retrieved from /mnt/d/airflow/airflow_project/airflow_venv/lib/python3.12/site-packages/airflow/example_dags/example_xcomargs.py
[2026-04-29T10:07:38.145+0300] {logging_mixin.py:188} INFO - [2026-04-29T10:07:38.143+0300] {dag.py:3089} INFO - Sync 2 DAGs
[2026-04-29T10:07:38.175+0300] {logging_mixin.py:188} INFO - [2026-04-29T10:07:38.174+0300] {dag.py:3947} INFO - Setting next_dagrun for example_xcom_args to None, run_after=None
[2026-04-29T10:07:38.187+0300] {logging_mixin.py:188} INFO - [2026-04-29T10:07:38.186+0300] {dag.py:3947} INFO - Setting next_dagrun for example_xcom_args_with_operators to None, run_after=None
[2026-04-29T10:07:38.316+0300] {processor.py:183} INFO - Processing /mnt/d/airflow/airflow_project/airflow_venv/lib/python3.12/site-packages/airflow/example_dags/example_xcomargs.py took 0.492 seconds
[2026-04-29T10:08:41.506+0300] {processor.py:161} INFO - Started process (PID=45002) to work on /mnt/d/airflow/airflow_project/airflow_venv/lib/python3.12/site-packages/airflow/example_dags/example_xcomargs.py
[2026-04-29T10:08:41.510+0300] {processor.py:830} INFO - Processing file /mnt/d/airflow/airflow_project/airflow_venv/lib/python3.12/site-packages/airflow/example_dags/example_xcomargs.py for tasks to queue
[2026-04-29T10:08:41.519+0300] {logging_mixin.py:188} INFO - [2026-04-29T10:08:41.516+0300] {dagbag.py:545} INFO - Filling up the DagBag from /mnt/d/airflow/airflow_project/airflow_venv/lib/python3.12/site-packages/airflow/example_dags/example_xcomargs.py
[2026-04-29T10:08:41.583+0300] {processor.py:840} INFO - DAG(s) 'example_xcom_args_with_operators', 'example_xcom_args' retrieved from /mnt/d/airflow/airflow_project/airflow_venv/lib/python3.12/site-packages/airflow/example_dags/example_xcomargs.py
[2026-04-29T10:08:41.662+0300] {logging_mixin.py:188} INFO - [2026-04-29T10:08:41.660+0300] {dag.py:3089} INFO - Sync 2 DAGs
[2026-04-29T10:08:41.691+0300] {logging_mixin.py:188} INFO - [2026-04-29T10:08:41.688+0300] {dag.py:3947} INFO - Setting next_dagrun for example_xcom_args to None, run_after=None
[2026-04-29T10:08:41.702+0300] {logging_mixin.py:188} INFO - [2026-04-29T10:08:41.700+0300] {dag.py:3947} INFO - Setting next_dagrun for example_xcom_args_with_operators to None, run_after=None
[2026-04-29T10:08:41.847+0300] {processor.py:183} INFO - Processing /mnt/d/airflow/airflow_project/airflow_venv/lib/python3.12/site-packages/airflow/example_dags/example_xcomargs.py took 0.371 seconds
[2026-04-29T10:09:40.436+0300] {processor.py:161} INFO - Started process (PID=45321) to work on /mnt/d/airflow/airflow_project/airflow_venv/lib/python3.12/site-packages/airflow/example_dags/example_xcomargs.py
[2026-04-29T10:09:40.438+0300] {processor.py:830} INFO - Processing file /mnt/d/airflow/airflow_project/airflow_venv/lib/python3.12/site-packages/airflow/example_dags/example_xcomargs.py for tasks to queue
[2026-04-29T10:09:40.442+0300] {logging_mixin.py:188} INFO - [2026-04-29T10:09:40.440+0300] {dagbag.py:545} INFO - Filling up the DagBag from /mnt/d/airflow/airflow_project/airflow_venv/lib/python3.12/site-packages/airflow/example_dags/example_xcomargs.py
[2026-04-29T10:09:40.491+0300] {processor.py:840} INFO - DAG(s) 'example_xcom_args', 'example_xcom_args_with_operators' retrieved from /mnt/d/airflow/airflow_project/airflow_venv/lib/python3.12/site-packages/airflow/example_dags/example_xcomargs.py
[2026-04-29T10:09:40.539+0300] {logging_mixin.py:188} INFO - [2026-04-29T10:09:40.538+0300] {dag.py:3089} INFO - Sync 2 DAGs
[2026-04-29T10:09:40.560+0300] {logging_mixin.py:188} INFO - [2026-04-29T10:09:40.558+0300] {dag.py:3947} INFO - Setting next_dagrun for example_xcom_args to None, run_after=None
[2026-04-29T10:09:40.570+0300] {logging_mixin.py:188} INFO - [2026-04-29T10:09:40.568+0300] {dag.py:3947} INFO - Setting next_dagrun for example_xcom_args_with_operators to None, run_after=None
[2026-04-29T10:09:40.650+0300] {processor.py:183} INFO - Processing /mnt/d/airflow/airflow_project/airflow_venv/lib/python3.12/site-packages/airflow/example_dags/example_xcomargs.py took 0.228 seconds
[2026-04-29T10:10:44.572+0300] {processor.py:161} INFO - Started process (PID=45681) to work on /mnt/d/airflow/airflow_project/airflow_venv/lib/python3.12/site-packages/airflow/example_dags/example_xcomargs.py
[2026-04-29T10:10:44.576+0300] {processor.py:830} INFO - Processing file /mnt/d/airflow/airflow_project/airflow_venv/lib/python3.12/site-packages/airflow/example_dags/example_xcomargs.py for tasks to queue
[2026-04-29T10:10:44.583+0300] {logging_mixin.py:188} INFO - [2026-04-29T10:10:44.581+0300] {dagbag.py:545} INFO - Filling up the DagBag from /mnt/d/airflow/airflow_project/airflow_venv/lib/python3.12/site-packages/airflow/example_dags/example_xcomargs.py
[2026-04-29T10:10:44.647+0300] {processor.py:840} INFO - DAG(s) 'example_xcom_args_with_operators', 'example_xcom_args' retrieved from /mnt/d/airflow/airflow_project/airflow_venv/lib/python3.12/site-packages/airflow/example_dags/example_xcomargs.py
[2026-04-29T10:10:44.723+0300] {logging_mixin.py:188} INFO - [2026-04-29T10:10:44.722+0300] {dag.py:3089} INFO - Sync 2 DAGs
[2026-04-29T10:10:44.751+0300] {logging_mixin.py:188} INFO - [2026-04-29T10:10:44.748+0300] {dag.py:3947} INFO - Setting next_dagrun for example_xcom_args to None, run_after=None
[2026-04-29T10:10:44.765+0300] {logging_mixin.py:188} INFO - [2026-04-29T10:10:44.763+0300] {dag.py:3947} INFO - Setting next_dagrun for example_xcom_args_with_operators to None, run_after=None
[2026-04-29T10:10:44.916+0300] {processor.py:183} INFO - Processing /mnt/d/airflow/airflow_project/airflow_venv/lib/python3.12/site-packages/airflow/example_dags/example_xcomargs.py took 0.373 seconds
[2026-04-29T10:11:56.391+0300] {processor.py:161} INFO - Started process (PID=46067) to work on /mnt/d/airflow/airflow_project/airflow_venv/lib/python3.12/site-packages/airflow/example_dags/example_xcomargs.py
[2026-04-29T10:11:56.394+0300] {processor.py:830} INFO - Processing file /mnt/d/airflow/airflow_project/airflow_venv/lib/python3.12/site-packages/airflow/example_dags/example_xcomargs.py for tasks to queue
[2026-04-29T10:11:56.399+0300] {logging_mixin.py:188} INFO - [2026-04-29T10:11:56.398+0300] {dagbag.py:545} INFO - Filling up the DagBag from /mnt/d/airflow/airflow_project/airflow_venv/lib/python3.12/site-packages/airflow/example_dags/example_xcomargs.py
[2026-04-29T10:11:56.431+0300] {processor.py:840} INFO - DAG(s) 'example_xcom_args_with_operators', 'example_xcom_args' retrieved from /mnt/d/airflow/airflow_project/airflow_venv/lib/python3.12/site-packages/airflow/example_dags/example_xcomargs.py
[2026-04-29T10:11:56.488+0300] {logging_mixin.py:188} INFO - [2026-04-29T10:11:56.486+0300] {dag.py:3089} INFO - Sync 2 DAGs
[2026-04-29T10:11:56.512+0300] {logging_mixin.py:188} INFO - [2026-04-29T10:11:56.510+0300] {dag.py:3947} INFO - Setting next_dagrun for example_xcom_args to None, run_after=None
[2026-04-29T10:11:56.520+0300] {logging_mixin.py:188} INFO - [2026-04-29T10:11:56.519+0300] {dag.py:3947} INFO - Setting next_dagrun for example_xcom_args_with_operators to None, run_after=None
[2026-04-29T10:11:56.626+0300] {processor.py:183} INFO - Processing /mnt/d/airflow/airflow_project/airflow_venv/lib/python3.12/site-packages/airflow/example_dags/example_xcomargs.py took 0.265 seconds
[2026-04-29T10:12:58.889+0300] {processor.py:161} INFO - Started process (PID=46424) to work on /mnt/d/airflow/airflow_project/airflow_venv/lib/python3.12/site-packages/airflow/example_dags/example_xcomargs.py
[2026-04-29T10:12:58.893+0300] {processor.py:830} INFO - Processing file /mnt/d/airflow/airflow_project/airflow_venv/lib/python3.12/site-packages/airflow/example_dags/example_xcomargs.py for tasks to queue
[2026-04-29T10:12:58.901+0300] {logging_mixin.py:188} INFO - [2026-04-29T10:12:58.898+0300] {dagbag.py:545} INFO - Filling up the DagBag from /mnt/d/airflow/airflow_project/airflow_venv/lib/python3.12/site-packages/airflow/example_dags/example_xcomargs.py
[2026-04-29T10:12:58.971+0300] {processor.py:840} INFO - DAG(s) 'example_xcom_args_with_operators', 'example_xcom_args' retrieved from /mnt/d/airflow/airflow_project/airflow_venv/lib/python3.12/site-packages/airflow/example_dags/example_xcomargs.py
[2026-04-29T10:12:59.041+0300] {logging_mixin.py:188} INFO - [2026-04-29T10:12:59.040+0300] {dag.py:3089} INFO - Sync 2 DAGs
[2026-04-29T10:12:59.061+0300] {logging_mixin.py:188} INFO - [2026-04-29T10:12:59.059+0300] {dag.py:3947} INFO - Setting next_dagrun for example_xcom_args to None, run_after=None
[2026-04-29T10:12:59.071+0300] {logging_mixin.py:188} INFO - [2026-04-29T10:12:59.069+0300] {dag.py:3947} INFO - Setting next_dagrun for example_xcom_args_with_operators to None, run_after=None
[2026-04-29T10:12:59.144+0300] {processor.py:183} INFO - Processing /mnt/d/airflow/airflow_project/airflow_venv/lib/python3.12/site-packages/airflow/example_dags/example_xcomargs.py took 0.284 seconds
