[2026-04-29T09:15:22.511+0300] {processor.py:161} INFO - Started process (PID=26582) to work on /mnt/d/airflow/airflow_project/airflow_venv/lib/python3.12/site-packages/airflow/example_dags/example_sensor_decorator.py
[2026-04-29T09:15:22.516+0300] {processor.py:830} INFO - Processing file /mnt/d/airflow/airflow_project/airflow_venv/lib/python3.12/site-packages/airflow/example_dags/example_sensor_decorator.py for tasks to queue
[2026-04-29T09:15:22.522+0300] {logging_mixin.py:188} INFO - [2026-04-29T09:15:22.520+0300] {dagbag.py:545} INFO - Filling up the DagBag from /mnt/d/airflow/airflow_project/airflow_venv/lib/python3.12/site-packages/airflow/example_dags/example_sensor_decorator.py
[2026-04-29T09:15:22.599+0300] {processor.py:840} INFO - DAG(s) 'example_sensor_decorator' retrieved from /mnt/d/airflow/airflow_project/airflow_venv/lib/python3.12/site-packages/airflow/example_dags/example_sensor_decorator.py
[2026-04-29T09:15:24.367+0300] {logging_mixin.py:188} INFO - [2026-04-29T09:15:24.362+0300] {override.py:1858} INFO - Created Permission View: can edit on DAG:example_sensor_decorator
[2026-04-29T09:15:24.441+0300] {logging_mixin.py:188} INFO - [2026-04-29T09:15:24.439+0300] {override.py:1858} INFO - Created Permission View: can delete on DAG:example_sensor_decorator
[2026-04-29T09:15:24.495+0300] {logging_mixin.py:188} INFO - [2026-04-29T09:15:24.493+0300] {override.py:1858} INFO - Created Permission View: can read on DAG:example_sensor_decorator
[2026-04-29T09:15:24.499+0300] {logging_mixin.py:188} INFO - [2026-04-29T09:15:24.497+0300] {dag.py:3089} INFO - Sync 1 DAGs
[2026-04-29T09:15:24.524+0300] {logging_mixin.py:188} INFO - [2026-04-29T09:15:24.523+0300] {dag.py:3111} INFO - Creating ORM DAG for example_sensor_decorator
[2026-04-29T09:15:24.528+0300] {logging_mixin.py:188} INFO - [2026-04-29T09:15:24.526+0300] {dag.py:3947} INFO - Setting next_dagrun for example_sensor_decorator to None, run_after=None
[2026-04-29T09:15:24.670+0300] {processor.py:183} INFO - Processing /mnt/d/airflow/airflow_project/airflow_venv/lib/python3.12/site-packages/airflow/example_dags/example_sensor_decorator.py took 2.183 seconds
[2026-04-29T09:17:33.415+0300] {processor.py:161} INFO - Started process (PID=27313) to work on /mnt/d/airflow/airflow_project/airflow_venv/lib/python3.12/site-packages/airflow/example_dags/example_sensor_decorator.py
[2026-04-29T09:17:33.420+0300] {processor.py:830} INFO - Processing file /mnt/d/airflow/airflow_project/airflow_venv/lib/python3.12/site-packages/airflow/example_dags/example_sensor_decorator.py for tasks to queue
[2026-04-29T09:17:33.430+0300] {logging_mixin.py:188} INFO - [2026-04-29T09:17:33.427+0300] {dagbag.py:545} INFO - Filling up the DagBag from /mnt/d/airflow/airflow_project/airflow_venv/lib/python3.12/site-packages/airflow/example_dags/example_sensor_decorator.py
[2026-04-29T09:17:33.526+0300] {processor.py:840} INFO - DAG(s) 'example_sensor_decorator' retrieved from /mnt/d/airflow/airflow_project/airflow_venv/lib/python3.12/site-packages/airflow/example_dags/example_sensor_decorator.py
[2026-04-29T09:17:33.592+0300] {logging_mixin.py:188} INFO - [2026-04-29T09:17:33.590+0300] {dag.py:3089} INFO - Sync 1 DAGs
[2026-04-29T09:17:33.619+0300] {logging_mixin.py:188} INFO - [2026-04-29T09:17:33.616+0300] {dag.py:3947} INFO - Setting next_dagrun for example_sensor_decorator to None, run_after=None
[2026-04-29T09:17:33.855+0300] {processor.py:183} INFO - Processing /mnt/d/airflow/airflow_project/airflow_venv/lib/python3.12/site-packages/airflow/example_dags/example_sensor_decorator.py took 0.481 seconds
[2026-04-29T09:18:46.134+0300] {processor.py:161} INFO - Started process (PID=27763) to work on /mnt/d/airflow/airflow_project/airflow_venv/lib/python3.12/site-packages/airflow/example_dags/example_sensor_decorator.py
[2026-04-29T09:18:46.137+0300] {processor.py:830} INFO - Processing file /mnt/d/airflow/airflow_project/airflow_venv/lib/python3.12/site-packages/airflow/example_dags/example_sensor_decorator.py for tasks to queue
[2026-04-29T09:18:46.141+0300] {logging_mixin.py:188} INFO - [2026-04-29T09:18:46.139+0300] {dagbag.py:545} INFO - Filling up the DagBag from /mnt/d/airflow/airflow_project/airflow_venv/lib/python3.12/site-packages/airflow/example_dags/example_sensor_decorator.py
[2026-04-29T09:18:46.221+0300] {processor.py:840} INFO - DAG(s) 'example_sensor_decorator' retrieved from /mnt/d/airflow/airflow_project/airflow_venv/lib/python3.12/site-packages/airflow/example_dags/example_sensor_decorator.py
[2026-04-29T09:18:46.289+0300] {logging_mixin.py:188} INFO - [2026-04-29T09:18:46.287+0300] {dag.py:3089} INFO - Sync 1 DAGs
[2026-04-29T09:18:46.319+0300] {logging_mixin.py:188} INFO - [2026-04-29T09:18:46.315+0300] {dag.py:3947} INFO - Setting next_dagrun for example_sensor_decorator to None, run_after=None
[2026-04-29T09:18:46.536+0300] {processor.py:183} INFO - Processing /mnt/d/airflow/airflow_project/airflow_venv/lib/python3.12/site-packages/airflow/example_dags/example_sensor_decorator.py took 0.431 seconds
[2026-04-29T09:21:03.936+0300] {processor.py:161} INFO - Started process (PID=28572) to work on /mnt/d/airflow/airflow_project/airflow_venv/lib/python3.12/site-packages/airflow/example_dags/example_sensor_decorator.py
[2026-04-29T09:21:03.941+0300] {processor.py:830} INFO - Processing file /mnt/d/airflow/airflow_project/airflow_venv/lib/python3.12/site-packages/airflow/example_dags/example_sensor_decorator.py for tasks to queue
[2026-04-29T09:21:03.949+0300] {logging_mixin.py:188} INFO - [2026-04-29T09:21:03.946+0300] {dagbag.py:545} INFO - Filling up the DagBag from /mnt/d/airflow/airflow_project/airflow_venv/lib/python3.12/site-packages/airflow/example_dags/example_sensor_decorator.py
[2026-04-29T09:21:04.029+0300] {processor.py:840} INFO - DAG(s) 'example_sensor_decorator' retrieved from /mnt/d/airflow/airflow_project/airflow_venv/lib/python3.12/site-packages/airflow/example_dags/example_sensor_decorator.py
[2026-04-29T09:21:04.106+0300] {logging_mixin.py:188} INFO - [2026-04-29T09:21:04.103+0300] {dag.py:3089} INFO - Sync 1 DAGs
[2026-04-29T09:21:04.136+0300] {logging_mixin.py:188} INFO - [2026-04-29T09:21:04.131+0300] {dag.py:3947} INFO - Setting next_dagrun for example_sensor_decorator to None, run_after=None
[2026-04-29T09:21:04.367+0300] {processor.py:183} INFO - Processing /mnt/d/airflow/airflow_project/airflow_venv/lib/python3.12/site-packages/airflow/example_dags/example_sensor_decorator.py took 0.467 seconds
[2026-04-29T09:23:00.871+0300] {processor.py:161} INFO - Started process (PID=29257) to work on /mnt/d/airflow/airflow_project/airflow_venv/lib/python3.12/site-packages/airflow/example_dags/example_sensor_decorator.py
[2026-04-29T09:23:00.875+0300] {processor.py:830} INFO - Processing file /mnt/d/airflow/airflow_project/airflow_venv/lib/python3.12/site-packages/airflow/example_dags/example_sensor_decorator.py for tasks to queue
[2026-04-29T09:23:00.883+0300] {logging_mixin.py:188} INFO - [2026-04-29T09:23:00.880+0300] {dagbag.py:545} INFO - Filling up the DagBag from /mnt/d/airflow/airflow_project/airflow_venv/lib/python3.12/site-packages/airflow/example_dags/example_sensor_decorator.py
[2026-04-29T09:23:00.947+0300] {processor.py:840} INFO - DAG(s) 'example_sensor_decorator' retrieved from /mnt/d/airflow/airflow_project/airflow_venv/lib/python3.12/site-packages/airflow/example_dags/example_sensor_decorator.py
[2026-04-29T09:23:01.010+0300] {logging_mixin.py:188} INFO - [2026-04-29T09:23:01.007+0300] {dag.py:3089} INFO - Sync 1 DAGs
[2026-04-29T09:23:01.032+0300] {logging_mixin.py:188} INFO - [2026-04-29T09:23:01.030+0300] {dag.py:3947} INFO - Setting next_dagrun for example_sensor_decorator to None, run_after=None
[2026-04-29T09:23:01.226+0300] {processor.py:183} INFO - Processing /mnt/d/airflow/airflow_project/airflow_venv/lib/python3.12/site-packages/airflow/example_dags/example_sensor_decorator.py took 0.383 seconds
[2026-04-29T09:25:19.789+0300] {processor.py:161} INFO - Started process (PID=30035) to work on /mnt/d/airflow/airflow_project/airflow_venv/lib/python3.12/site-packages/airflow/example_dags/example_sensor_decorator.py
[2026-04-29T09:25:19.794+0300] {processor.py:830} INFO - Processing file /mnt/d/airflow/airflow_project/airflow_venv/lib/python3.12/site-packages/airflow/example_dags/example_sensor_decorator.py for tasks to queue
[2026-04-29T09:25:19.802+0300] {logging_mixin.py:188} INFO - [2026-04-29T09:25:19.799+0300] {dagbag.py:545} INFO - Filling up the DagBag from /mnt/d/airflow/airflow_project/airflow_venv/lib/python3.12/site-packages/airflow/example_dags/example_sensor_decorator.py
[2026-04-29T09:25:19.872+0300] {processor.py:840} INFO - DAG(s) 'example_sensor_decorator' retrieved from /mnt/d/airflow/airflow_project/airflow_venv/lib/python3.12/site-packages/airflow/example_dags/example_sensor_decorator.py
[2026-04-29T09:25:19.940+0300] {logging_mixin.py:188} INFO - [2026-04-29T09:25:19.936+0300] {dag.py:3089} INFO - Sync 1 DAGs
[2026-04-29T09:25:19.967+0300] {logging_mixin.py:188} INFO - [2026-04-29T09:25:19.964+0300] {dag.py:3947} INFO - Setting next_dagrun for example_sensor_decorator to None, run_after=None
[2026-04-29T09:25:20.157+0300] {processor.py:183} INFO - Processing /mnt/d/airflow/airflow_project/airflow_venv/lib/python3.12/site-packages/airflow/example_dags/example_sensor_decorator.py took 0.398 seconds
[2026-04-29T09:27:42.493+0300] {processor.py:161} INFO - Started process (PID=30838) to work on /mnt/d/airflow/airflow_project/airflow_venv/lib/python3.12/site-packages/airflow/example_dags/example_sensor_decorator.py
[2026-04-29T09:27:42.496+0300] {processor.py:830} INFO - Processing file /mnt/d/airflow/airflow_project/airflow_venv/lib/python3.12/site-packages/airflow/example_dags/example_sensor_decorator.py for tasks to queue
[2026-04-29T09:27:42.503+0300] {logging_mixin.py:188} INFO - [2026-04-29T09:27:42.500+0300] {dagbag.py:545} INFO - Filling up the DagBag from /mnt/d/airflow/airflow_project/airflow_venv/lib/python3.12/site-packages/airflow/example_dags/example_sensor_decorator.py
[2026-04-29T09:27:42.567+0300] {processor.py:840} INFO - DAG(s) 'example_sensor_decorator' retrieved from /mnt/d/airflow/airflow_project/airflow_venv/lib/python3.12/site-packages/airflow/example_dags/example_sensor_decorator.py
[2026-04-29T09:27:42.632+0300] {logging_mixin.py:188} INFO - [2026-04-29T09:27:42.629+0300] {dag.py:3089} INFO - Sync 1 DAGs
[2026-04-29T09:27:42.663+0300] {logging_mixin.py:188} INFO - [2026-04-29T09:27:42.659+0300] {dag.py:3947} INFO - Setting next_dagrun for example_sensor_decorator to None, run_after=None
[2026-04-29T09:27:42.882+0300] {processor.py:183} INFO - Processing /mnt/d/airflow/airflow_project/airflow_venv/lib/python3.12/site-packages/airflow/example_dags/example_sensor_decorator.py took 0.410 seconds
[2026-04-29T09:28:57.199+0300] {processor.py:161} INFO - Started process (PID=31270) to work on /mnt/d/airflow/airflow_project/airflow_venv/lib/python3.12/site-packages/airflow/example_dags/example_sensor_decorator.py
[2026-04-29T09:28:57.203+0300] {processor.py:830} INFO - Processing file /mnt/d/airflow/airflow_project/airflow_venv/lib/python3.12/site-packages/airflow/example_dags/example_sensor_decorator.py for tasks to queue
[2026-04-29T09:28:57.211+0300] {logging_mixin.py:188} INFO - [2026-04-29T09:28:57.208+0300] {dagbag.py:545} INFO - Filling up the DagBag from /mnt/d/airflow/airflow_project/airflow_venv/lib/python3.12/site-packages/airflow/example_dags/example_sensor_decorator.py
[2026-04-29T09:28:57.278+0300] {processor.py:840} INFO - DAG(s) 'example_sensor_decorator' retrieved from /mnt/d/airflow/airflow_project/airflow_venv/lib/python3.12/site-packages/airflow/example_dags/example_sensor_decorator.py
[2026-04-29T09:28:57.348+0300] {logging_mixin.py:188} INFO - [2026-04-29T09:28:57.345+0300] {dag.py:3089} INFO - Sync 1 DAGs
[2026-04-29T09:28:57.379+0300] {logging_mixin.py:188} INFO - [2026-04-29T09:28:57.376+0300] {dag.py:3947} INFO - Setting next_dagrun for example_sensor_decorator to None, run_after=None
[2026-04-29T09:28:57.585+0300] {processor.py:183} INFO - Processing /mnt/d/airflow/airflow_project/airflow_venv/lib/python3.12/site-packages/airflow/example_dags/example_sensor_decorator.py took 0.422 seconds
[2026-04-29T09:30:32.158+0300] {processor.py:161} INFO - Started process (PID=31837) to work on /mnt/d/airflow/airflow_project/airflow_venv/lib/python3.12/site-packages/airflow/example_dags/example_sensor_decorator.py
[2026-04-29T09:30:32.162+0300] {processor.py:830} INFO - Processing file /mnt/d/airflow/airflow_project/airflow_venv/lib/python3.12/site-packages/airflow/example_dags/example_sensor_decorator.py for tasks to queue
[2026-04-29T09:30:32.171+0300] {logging_mixin.py:188} INFO - [2026-04-29T09:30:32.167+0300] {dagbag.py:545} INFO - Filling up the DagBag from /mnt/d/airflow/airflow_project/airflow_venv/lib/python3.12/site-packages/airflow/example_dags/example_sensor_decorator.py
[2026-04-29T09:30:32.232+0300] {processor.py:840} INFO - DAG(s) 'example_sensor_decorator' retrieved from /mnt/d/airflow/airflow_project/airflow_venv/lib/python3.12/site-packages/airflow/example_dags/example_sensor_decorator.py
[2026-04-29T09:30:32.269+0300] {logging_mixin.py:188} INFO - [2026-04-29T09:30:32.268+0300] {dag.py:3089} INFO - Sync 1 DAGs
[2026-04-29T09:30:32.288+0300] {logging_mixin.py:188} INFO - [2026-04-29T09:30:32.281+0300] {dag.py:3947} INFO - Setting next_dagrun for example_sensor_decorator to None, run_after=None
[2026-04-29T09:30:32.470+0300] {processor.py:183} INFO - Processing /mnt/d/airflow/airflow_project/airflow_venv/lib/python3.12/site-packages/airflow/example_dags/example_sensor_decorator.py took 0.342 seconds
[2026-04-29T09:31:45.094+0300] {processor.py:161} INFO - Started process (PID=32268) to work on /mnt/d/airflow/airflow_project/airflow_venv/lib/python3.12/site-packages/airflow/example_dags/example_sensor_decorator.py
[2026-04-29T09:31:45.096+0300] {processor.py:830} INFO - Processing file /mnt/d/airflow/airflow_project/airflow_venv/lib/python3.12/site-packages/airflow/example_dags/example_sensor_decorator.py for tasks to queue
[2026-04-29T09:31:45.098+0300] {logging_mixin.py:188} INFO - [2026-04-29T09:31:45.097+0300] {dagbag.py:545} INFO - Filling up the DagBag from /mnt/d/airflow/airflow_project/airflow_venv/lib/python3.12/site-packages/airflow/example_dags/example_sensor_decorator.py
[2026-04-29T09:31:45.133+0300] {processor.py:840} INFO - DAG(s) 'example_sensor_decorator' retrieved from /mnt/d/airflow/airflow_project/airflow_venv/lib/python3.12/site-packages/airflow/example_dags/example_sensor_decorator.py
[2026-04-29T09:31:45.166+0300] {logging_mixin.py:188} INFO - [2026-04-29T09:31:45.165+0300] {dag.py:3089} INFO - Sync 1 DAGs
[2026-04-29T09:31:45.177+0300] {logging_mixin.py:188} INFO - [2026-04-29T09:31:45.176+0300] {dag.py:3947} INFO - Setting next_dagrun for example_sensor_decorator to None, run_after=None
[2026-04-29T09:31:45.239+0300] {processor.py:183} INFO - Processing /mnt/d/airflow/airflow_project/airflow_venv/lib/python3.12/site-packages/airflow/example_dags/example_sensor_decorator.py took 0.155 seconds
[2026-04-29T09:34:06.481+0300] {processor.py:161} INFO - Started process (PID=33108) to work on /mnt/d/airflow/airflow_project/airflow_venv/lib/python3.12/site-packages/airflow/example_dags/example_sensor_decorator.py
[2026-04-29T09:34:06.485+0300] {processor.py:830} INFO - Processing file /mnt/d/airflow/airflow_project/airflow_venv/lib/python3.12/site-packages/airflow/example_dags/example_sensor_decorator.py for tasks to queue
[2026-04-29T09:34:06.491+0300] {logging_mixin.py:188} INFO - [2026-04-29T09:34:06.488+0300] {dagbag.py:545} INFO - Filling up the DagBag from /mnt/d/airflow/airflow_project/airflow_venv/lib/python3.12/site-packages/airflow/example_dags/example_sensor_decorator.py
[2026-04-29T09:34:06.556+0300] {processor.py:840} INFO - DAG(s) 'example_sensor_decorator' retrieved from /mnt/d/airflow/airflow_project/airflow_venv/lib/python3.12/site-packages/airflow/example_dags/example_sensor_decorator.py
[2026-04-29T09:34:06.621+0300] {logging_mixin.py:188} INFO - [2026-04-29T09:34:06.619+0300] {dag.py:3089} INFO - Sync 1 DAGs
[2026-04-29T09:34:06.649+0300] {logging_mixin.py:188} INFO - [2026-04-29T09:34:06.647+0300] {dag.py:3947} INFO - Setting next_dagrun for example_sensor_decorator to None, run_after=None
[2026-04-29T09:34:06.783+0300] {processor.py:183} INFO - Processing /mnt/d/airflow/airflow_project/airflow_venv/lib/python3.12/site-packages/airflow/example_dags/example_sensor_decorator.py took 0.332 seconds
[2026-04-29T09:36:18.674+0300] {processor.py:161} INFO - Started process (PID=33892) to work on /mnt/d/airflow/airflow_project/airflow_venv/lib/python3.12/site-packages/airflow/example_dags/example_sensor_decorator.py
[2026-04-29T09:36:18.677+0300] {processor.py:830} INFO - Processing file /mnt/d/airflow/airflow_project/airflow_venv/lib/python3.12/site-packages/airflow/example_dags/example_sensor_decorator.py for tasks to queue
[2026-04-29T09:36:18.683+0300] {logging_mixin.py:188} INFO - [2026-04-29T09:36:18.681+0300] {dagbag.py:545} INFO - Filling up the DagBag from /mnt/d/airflow/airflow_project/airflow_venv/lib/python3.12/site-packages/airflow/example_dags/example_sensor_decorator.py
[2026-04-29T09:36:18.731+0300] {processor.py:840} INFO - DAG(s) 'example_sensor_decorator' retrieved from /mnt/d/airflow/airflow_project/airflow_venv/lib/python3.12/site-packages/airflow/example_dags/example_sensor_decorator.py
[2026-04-29T09:36:18.775+0300] {logging_mixin.py:188} INFO - [2026-04-29T09:36:18.774+0300] {dag.py:3089} INFO - Sync 1 DAGs
[2026-04-29T09:36:18.795+0300] {logging_mixin.py:188} INFO - [2026-04-29T09:36:18.794+0300] {dag.py:3947} INFO - Setting next_dagrun for example_sensor_decorator to None, run_after=None
[2026-04-29T09:36:18.877+0300] {processor.py:183} INFO - Processing /mnt/d/airflow/airflow_project/airflow_venv/lib/python3.12/site-packages/airflow/example_dags/example_sensor_decorator.py took 0.231 seconds
[2026-04-29T09:38:19.978+0300] {processor.py:161} INFO - Started process (PID=34655) to work on /mnt/d/airflow/airflow_project/airflow_venv/lib/python3.12/site-packages/airflow/example_dags/example_sensor_decorator.py
[2026-04-29T09:38:19.981+0300] {processor.py:830} INFO - Processing file /mnt/d/airflow/airflow_project/airflow_venv/lib/python3.12/site-packages/airflow/example_dags/example_sensor_decorator.py for tasks to queue
[2026-04-29T09:38:19.989+0300] {logging_mixin.py:188} INFO - [2026-04-29T09:38:19.987+0300] {dagbag.py:545} INFO - Filling up the DagBag from /mnt/d/airflow/airflow_project/airflow_venv/lib/python3.12/site-packages/airflow/example_dags/example_sensor_decorator.py
[2026-04-29T09:38:20.043+0300] {processor.py:840} INFO - DAG(s) 'example_sensor_decorator' retrieved from /mnt/d/airflow/airflow_project/airflow_venv/lib/python3.12/site-packages/airflow/example_dags/example_sensor_decorator.py
[2026-04-29T09:38:20.094+0300] {logging_mixin.py:188} INFO - [2026-04-29T09:38:20.092+0300] {dag.py:3089} INFO - Sync 1 DAGs
[2026-04-29T09:38:20.115+0300] {logging_mixin.py:188} INFO - [2026-04-29T09:38:20.114+0300] {dag.py:3947} INFO - Setting next_dagrun for example_sensor_decorator to None, run_after=None
[2026-04-29T09:38:20.347+0300] {processor.py:183} INFO - Processing /mnt/d/airflow/airflow_project/airflow_venv/lib/python3.12/site-packages/airflow/example_dags/example_sensor_decorator.py took 0.398 seconds
[2026-04-29T09:40:25.906+0300] {processor.py:161} INFO - Started process (PID=35385) to work on /mnt/d/airflow/airflow_project/airflow_venv/lib/python3.12/site-packages/airflow/example_dags/example_sensor_decorator.py
[2026-04-29T09:40:25.911+0300] {processor.py:830} INFO - Processing file /mnt/d/airflow/airflow_project/airflow_venv/lib/python3.12/site-packages/airflow/example_dags/example_sensor_decorator.py for tasks to queue
[2026-04-29T09:40:25.919+0300] {logging_mixin.py:188} INFO - [2026-04-29T09:40:25.916+0300] {dagbag.py:545} INFO - Filling up the DagBag from /mnt/d/airflow/airflow_project/airflow_venv/lib/python3.12/site-packages/airflow/example_dags/example_sensor_decorator.py
[2026-04-29T09:40:25.988+0300] {processor.py:840} INFO - DAG(s) 'example_sensor_decorator' retrieved from /mnt/d/airflow/airflow_project/airflow_venv/lib/python3.12/site-packages/airflow/example_dags/example_sensor_decorator.py
[2026-04-29T09:40:26.060+0300] {logging_mixin.py:188} INFO - [2026-04-29T09:40:26.057+0300] {dag.py:3089} INFO - Sync 1 DAGs
[2026-04-29T09:40:26.080+0300] {logging_mixin.py:188} INFO - [2026-04-29T09:40:26.078+0300] {dag.py:3947} INFO - Setting next_dagrun for example_sensor_decorator to None, run_after=None
[2026-04-29T09:40:26.238+0300] {processor.py:183} INFO - Processing /mnt/d/airflow/airflow_project/airflow_venv/lib/python3.12/site-packages/airflow/example_dags/example_sensor_decorator.py took 0.362 seconds
[2026-04-29T09:42:33.301+0300] {processor.py:161} INFO - Started process (PID=36102) to work on /mnt/d/airflow/airflow_project/airflow_venv/lib/python3.12/site-packages/airflow/example_dags/example_sensor_decorator.py
[2026-04-29T09:42:33.305+0300] {processor.py:830} INFO - Processing file /mnt/d/airflow/airflow_project/airflow_venv/lib/python3.12/site-packages/airflow/example_dags/example_sensor_decorator.py for tasks to queue
[2026-04-29T09:42:33.312+0300] {logging_mixin.py:188} INFO - [2026-04-29T09:42:33.309+0300] {dagbag.py:545} INFO - Filling up the DagBag from /mnt/d/airflow/airflow_project/airflow_venv/lib/python3.12/site-packages/airflow/example_dags/example_sensor_decorator.py
[2026-04-29T09:42:33.372+0300] {processor.py:840} INFO - DAG(s) 'example_sensor_decorator' retrieved from /mnt/d/airflow/airflow_project/airflow_venv/lib/python3.12/site-packages/airflow/example_dags/example_sensor_decorator.py
[2026-04-29T09:42:33.442+0300] {logging_mixin.py:188} INFO - [2026-04-29T09:42:33.438+0300] {dag.py:3089} INFO - Sync 1 DAGs
[2026-04-29T09:42:33.485+0300] {logging_mixin.py:188} INFO - [2026-04-29T09:42:33.481+0300] {dag.py:3947} INFO - Setting next_dagrun for example_sensor_decorator to None, run_after=None
[2026-04-29T09:42:33.697+0300] {processor.py:183} INFO - Processing /mnt/d/airflow/airflow_project/airflow_venv/lib/python3.12/site-packages/airflow/example_dags/example_sensor_decorator.py took 0.434 seconds
[2026-04-29T09:45:07.202+0300] {processor.py:161} INFO - Started process (PID=37035) to work on /mnt/d/airflow/airflow_project/airflow_venv/lib/python3.12/site-packages/airflow/example_dags/example_sensor_decorator.py
[2026-04-29T09:45:07.204+0300] {processor.py:830} INFO - Processing file /mnt/d/airflow/airflow_project/airflow_venv/lib/python3.12/site-packages/airflow/example_dags/example_sensor_decorator.py for tasks to queue
[2026-04-29T09:45:07.209+0300] {logging_mixin.py:188} INFO - [2026-04-29T09:45:07.208+0300] {dagbag.py:545} INFO - Filling up the DagBag from /mnt/d/airflow/airflow_project/airflow_venv/lib/python3.12/site-packages/airflow/example_dags/example_sensor_decorator.py
[2026-04-29T09:45:07.243+0300] {processor.py:840} INFO - DAG(s) 'example_sensor_decorator' retrieved from /mnt/d/airflow/airflow_project/airflow_venv/lib/python3.12/site-packages/airflow/example_dags/example_sensor_decorator.py
[2026-04-29T09:45:08.744+0300] {logging_mixin.py:188} INFO - [2026-04-29T09:45:08.742+0300] {dag.py:3089} INFO - Sync 1 DAGs
[2026-04-29T09:45:08.758+0300] {logging_mixin.py:188} INFO - [2026-04-29T09:45:08.757+0300] {dag.py:3947} INFO - Setting next_dagrun for example_sensor_decorator to None, run_after=None
[2026-04-29T09:45:08.840+0300] {processor.py:183} INFO - Processing /mnt/d/airflow/airflow_project/airflow_venv/lib/python3.12/site-packages/airflow/example_dags/example_sensor_decorator.py took 1.656 seconds
[2026-04-29T09:46:47.646+0300] {processor.py:161} INFO - Started process (PID=37586) to work on /mnt/d/airflow/airflow_project/airflow_venv/lib/python3.12/site-packages/airflow/example_dags/example_sensor_decorator.py
[2026-04-29T09:46:47.652+0300] {processor.py:830} INFO - Processing file /mnt/d/airflow/airflow_project/airflow_venv/lib/python3.12/site-packages/airflow/example_dags/example_sensor_decorator.py for tasks to queue
[2026-04-29T09:46:47.663+0300] {logging_mixin.py:188} INFO - [2026-04-29T09:46:47.659+0300] {dagbag.py:545} INFO - Filling up the DagBag from /mnt/d/airflow/airflow_project/airflow_venv/lib/python3.12/site-packages/airflow/example_dags/example_sensor_decorator.py
[2026-04-29T09:46:47.758+0300] {processor.py:840} INFO - DAG(s) 'example_sensor_decorator' retrieved from /mnt/d/airflow/airflow_project/airflow_venv/lib/python3.12/site-packages/airflow/example_dags/example_sensor_decorator.py
[2026-04-29T09:46:47.838+0300] {logging_mixin.py:188} INFO - [2026-04-29T09:46:47.835+0300] {dag.py:3089} INFO - Sync 1 DAGs
[2026-04-29T09:46:47.865+0300] {logging_mixin.py:188} INFO - [2026-04-29T09:46:47.863+0300] {dag.py:3947} INFO - Setting next_dagrun for example_sensor_decorator to None, run_after=None
[2026-04-29T09:46:47.998+0300] {processor.py:183} INFO - Processing /mnt/d/airflow/airflow_project/airflow_venv/lib/python3.12/site-packages/airflow/example_dags/example_sensor_decorator.py took 0.394 seconds
[2026-04-29T09:48:24.651+0300] {processor.py:161} INFO - Started process (PID=38131) to work on /mnt/d/airflow/airflow_project/airflow_venv/lib/python3.12/site-packages/airflow/example_dags/example_sensor_decorator.py
[2026-04-29T09:48:24.657+0300] {processor.py:830} INFO - Processing file /mnt/d/airflow/airflow_project/airflow_venv/lib/python3.12/site-packages/airflow/example_dags/example_sensor_decorator.py for tasks to queue
[2026-04-29T09:48:24.667+0300] {logging_mixin.py:188} INFO - [2026-04-29T09:48:24.664+0300] {dagbag.py:545} INFO - Filling up the DagBag from /mnt/d/airflow/airflow_project/airflow_venv/lib/python3.12/site-packages/airflow/example_dags/example_sensor_decorator.py
[2026-04-29T09:48:24.741+0300] {processor.py:840} INFO - DAG(s) 'example_sensor_decorator' retrieved from /mnt/d/airflow/airflow_project/airflow_venv/lib/python3.12/site-packages/airflow/example_dags/example_sensor_decorator.py
[2026-04-29T09:48:24.807+0300] {logging_mixin.py:188} INFO - [2026-04-29T09:48:24.805+0300] {dag.py:3089} INFO - Sync 1 DAGs
[2026-04-29T09:48:24.829+0300] {logging_mixin.py:188} INFO - [2026-04-29T09:48:24.827+0300] {dag.py:3947} INFO - Setting next_dagrun for example_sensor_decorator to None, run_after=None
[2026-04-29T09:48:25.005+0300] {processor.py:183} INFO - Processing /mnt/d/airflow/airflow_project/airflow_venv/lib/python3.12/site-packages/airflow/example_dags/example_sensor_decorator.py took 0.390 seconds
[2026-04-29T09:49:39.606+0300] {processor.py:161} INFO - Started process (PID=38560) to work on /mnt/d/airflow/airflow_project/airflow_venv/lib/python3.12/site-packages/airflow/example_dags/example_sensor_decorator.py
[2026-04-29T09:49:39.610+0300] {processor.py:830} INFO - Processing file /mnt/d/airflow/airflow_project/airflow_venv/lib/python3.12/site-packages/airflow/example_dags/example_sensor_decorator.py for tasks to queue
[2026-04-29T09:49:39.619+0300] {logging_mixin.py:188} INFO - [2026-04-29T09:49:39.616+0300] {dagbag.py:545} INFO - Filling up the DagBag from /mnt/d/airflow/airflow_project/airflow_venv/lib/python3.12/site-packages/airflow/example_dags/example_sensor_decorator.py
[2026-04-29T09:49:39.681+0300] {processor.py:840} INFO - DAG(s) 'example_sensor_decorator' retrieved from /mnt/d/airflow/airflow_project/airflow_venv/lib/python3.12/site-packages/airflow/example_dags/example_sensor_decorator.py
[2026-04-29T09:49:39.745+0300] {logging_mixin.py:188} INFO - [2026-04-29T09:49:39.743+0300] {dag.py:3089} INFO - Sync 1 DAGs
[2026-04-29T09:49:39.766+0300] {logging_mixin.py:188} INFO - [2026-04-29T09:49:39.765+0300] {dag.py:3947} INFO - Setting next_dagrun for example_sensor_decorator to None, run_after=None
[2026-04-29T09:49:39.957+0300] {processor.py:183} INFO - Processing /mnt/d/airflow/airflow_project/airflow_venv/lib/python3.12/site-packages/airflow/example_dags/example_sensor_decorator.py took 0.383 seconds
[2026-04-29T09:51:55.869+0300] {processor.py:161} INFO - Started process (PID=39339) to work on /mnt/d/airflow/airflow_project/airflow_venv/lib/python3.12/site-packages/airflow/example_dags/example_sensor_decorator.py
[2026-04-29T09:51:55.873+0300] {processor.py:830} INFO - Processing file /mnt/d/airflow/airflow_project/airflow_venv/lib/python3.12/site-packages/airflow/example_dags/example_sensor_decorator.py for tasks to queue
[2026-04-29T09:51:55.881+0300] {logging_mixin.py:188} INFO - [2026-04-29T09:51:55.878+0300] {dagbag.py:545} INFO - Filling up the DagBag from /mnt/d/airflow/airflow_project/airflow_venv/lib/python3.12/site-packages/airflow/example_dags/example_sensor_decorator.py
[2026-04-29T09:51:55.946+0300] {processor.py:840} INFO - DAG(s) 'example_sensor_decorator' retrieved from /mnt/d/airflow/airflow_project/airflow_venv/lib/python3.12/site-packages/airflow/example_dags/example_sensor_decorator.py
[2026-04-29T09:51:55.989+0300] {logging_mixin.py:188} INFO - [2026-04-29T09:51:55.988+0300] {dag.py:3089} INFO - Sync 1 DAGs
[2026-04-29T09:51:56.008+0300] {logging_mixin.py:188} INFO - [2026-04-29T09:51:56.007+0300] {dag.py:3947} INFO - Setting next_dagrun for example_sensor_decorator to None, run_after=None
[2026-04-29T09:51:56.185+0300] {processor.py:183} INFO - Processing /mnt/d/airflow/airflow_project/airflow_venv/lib/python3.12/site-packages/airflow/example_dags/example_sensor_decorator.py took 0.343 seconds
[2026-04-29T09:56:10.760+0300] {processor.py:161} INFO - Started process (PID=40788) to work on /mnt/d/airflow/airflow_project/airflow_venv/lib/python3.12/site-packages/airflow/example_dags/example_sensor_decorator.py
[2026-04-29T09:56:10.763+0300] {processor.py:830} INFO - Processing file /mnt/d/airflow/airflow_project/airflow_venv/lib/python3.12/site-packages/airflow/example_dags/example_sensor_decorator.py for tasks to queue
[2026-04-29T09:56:10.768+0300] {logging_mixin.py:188} INFO - [2026-04-29T09:56:10.766+0300] {dagbag.py:545} INFO - Filling up the DagBag from /mnt/d/airflow/airflow_project/airflow_venv/lib/python3.12/site-packages/airflow/example_dags/example_sensor_decorator.py
[2026-04-29T09:56:10.799+0300] {processor.py:840} INFO - DAG(s) 'example_sensor_decorator' retrieved from /mnt/d/airflow/airflow_project/airflow_venv/lib/python3.12/site-packages/airflow/example_dags/example_sensor_decorator.py
[2026-04-29T09:56:10.851+0300] {logging_mixin.py:188} INFO - [2026-04-29T09:56:10.849+0300] {dag.py:3089} INFO - Sync 1 DAGs
[2026-04-29T09:56:10.873+0300] {logging_mixin.py:188} INFO - [2026-04-29T09:56:10.872+0300] {dag.py:3947} INFO - Setting next_dagrun for example_sensor_decorator to None, run_after=None
[2026-04-29T09:56:10.979+0300] {processor.py:183} INFO - Processing /mnt/d/airflow/airflow_project/airflow_venv/lib/python3.12/site-packages/airflow/example_dags/example_sensor_decorator.py took 0.240 seconds
[2026-04-29T09:59:07.483+0300] {processor.py:161} INFO - Started process (PID=41808) to work on /mnt/d/airflow/airflow_project/airflow_venv/lib/python3.12/site-packages/airflow/example_dags/example_sensor_decorator.py
[2026-04-29T09:59:07.489+0300] {processor.py:830} INFO - Processing file /mnt/d/airflow/airflow_project/airflow_venv/lib/python3.12/site-packages/airflow/example_dags/example_sensor_decorator.py for tasks to queue
[2026-04-29T09:59:07.497+0300] {logging_mixin.py:188} INFO - [2026-04-29T09:59:07.494+0300] {dagbag.py:545} INFO - Filling up the DagBag from /mnt/d/airflow/airflow_project/airflow_venv/lib/python3.12/site-packages/airflow/example_dags/example_sensor_decorator.py
[2026-04-29T09:59:07.539+0300] {processor.py:840} INFO - DAG(s) 'example_sensor_decorator' retrieved from /mnt/d/airflow/airflow_project/airflow_venv/lib/python3.12/site-packages/airflow/example_dags/example_sensor_decorator.py
[2026-04-29T09:59:07.582+0300] {logging_mixin.py:188} INFO - [2026-04-29T09:59:07.580+0300] {dag.py:3089} INFO - Sync 1 DAGs
[2026-04-29T09:59:07.610+0300] {logging_mixin.py:188} INFO - [2026-04-29T09:59:07.607+0300] {dag.py:3947} INFO - Setting next_dagrun for example_sensor_decorator to None, run_after=None
[2026-04-29T09:59:07.719+0300] {processor.py:183} INFO - Processing /mnt/d/airflow/airflow_project/airflow_venv/lib/python3.12/site-packages/airflow/example_dags/example_sensor_decorator.py took 0.272 seconds
[2026-04-29T10:01:06.529+0300] {processor.py:161} INFO - Started process (PID=42445) to work on /mnt/d/airflow/airflow_project/airflow_venv/lib/python3.12/site-packages/airflow/example_dags/example_sensor_decorator.py
[2026-04-29T10:01:06.531+0300] {processor.py:830} INFO - Processing file /mnt/d/airflow/airflow_project/airflow_venv/lib/python3.12/site-packages/airflow/example_dags/example_sensor_decorator.py for tasks to queue
[2026-04-29T10:01:06.535+0300] {logging_mixin.py:188} INFO - [2026-04-29T10:01:06.534+0300] {dagbag.py:545} INFO - Filling up the DagBag from /mnt/d/airflow/airflow_project/airflow_venv/lib/python3.12/site-packages/airflow/example_dags/example_sensor_decorator.py
[2026-04-29T10:01:06.562+0300] {processor.py:840} INFO - DAG(s) 'example_sensor_decorator' retrieved from /mnt/d/airflow/airflow_project/airflow_venv/lib/python3.12/site-packages/airflow/example_dags/example_sensor_decorator.py
[2026-04-29T10:01:06.593+0300] {logging_mixin.py:188} INFO - [2026-04-29T10:01:06.592+0300] {dag.py:3089} INFO - Sync 1 DAGs
[2026-04-29T10:01:06.609+0300] {logging_mixin.py:188} INFO - [2026-04-29T10:01:06.608+0300] {dag.py:3947} INFO - Setting next_dagrun for example_sensor_decorator to None, run_after=None
[2026-04-29T10:01:06.816+0300] {processor.py:183} INFO - Processing /mnt/d/airflow/airflow_project/airflow_venv/lib/python3.12/site-packages/airflow/example_dags/example_sensor_decorator.py took 0.304 seconds
[2026-04-29T10:02:58.924+0300] {processor.py:161} INFO - Started process (PID=43061) to work on /mnt/d/airflow/airflow_project/airflow_venv/lib/python3.12/site-packages/airflow/example_dags/example_sensor_decorator.py
[2026-04-29T10:02:58.926+0300] {processor.py:830} INFO - Processing file /mnt/d/airflow/airflow_project/airflow_venv/lib/python3.12/site-packages/airflow/example_dags/example_sensor_decorator.py for tasks to queue
[2026-04-29T10:02:58.941+0300] {logging_mixin.py:188} INFO - [2026-04-29T10:02:58.938+0300] {dagbag.py:545} INFO - Filling up the DagBag from /mnt/d/airflow/airflow_project/airflow_venv/lib/python3.12/site-packages/airflow/example_dags/example_sensor_decorator.py
[2026-04-29T10:02:59.031+0300] {processor.py:840} INFO - DAG(s) 'example_sensor_decorator' retrieved from /mnt/d/airflow/airflow_project/airflow_venv/lib/python3.12/site-packages/airflow/example_dags/example_sensor_decorator.py
[2026-04-29T10:02:59.102+0300] {logging_mixin.py:188} INFO - [2026-04-29T10:02:59.100+0300] {dag.py:3089} INFO - Sync 1 DAGs
[2026-04-29T10:02:59.138+0300] {logging_mixin.py:188} INFO - [2026-04-29T10:02:59.134+0300] {dag.py:3947} INFO - Setting next_dagrun for example_sensor_decorator to None, run_after=None
[2026-04-29T10:02:59.340+0300] {processor.py:183} INFO - Processing /mnt/d/airflow/airflow_project/airflow_venv/lib/python3.12/site-packages/airflow/example_dags/example_sensor_decorator.py took 0.443 seconds
[2026-04-29T10:05:40.155+0300] {processor.py:161} INFO - Started process (PID=43986) to work on /mnt/d/airflow/airflow_project/airflow_venv/lib/python3.12/site-packages/airflow/example_dags/example_sensor_decorator.py
[2026-04-29T10:05:40.159+0300] {processor.py:830} INFO - Processing file /mnt/d/airflow/airflow_project/airflow_venv/lib/python3.12/site-packages/airflow/example_dags/example_sensor_decorator.py for tasks to queue
[2026-04-29T10:05:40.165+0300] {logging_mixin.py:188} INFO - [2026-04-29T10:05:40.163+0300] {dagbag.py:545} INFO - Filling up the DagBag from /mnt/d/airflow/airflow_project/airflow_venv/lib/python3.12/site-packages/airflow/example_dags/example_sensor_decorator.py
[2026-04-29T10:05:40.204+0300] {processor.py:840} INFO - DAG(s) 'example_sensor_decorator' retrieved from /mnt/d/airflow/airflow_project/airflow_venv/lib/python3.12/site-packages/airflow/example_dags/example_sensor_decorator.py
[2026-04-29T10:05:40.249+0300] {logging_mixin.py:188} INFO - [2026-04-29T10:05:40.248+0300] {dag.py:3089} INFO - Sync 1 DAGs
[2026-04-29T10:05:40.270+0300] {logging_mixin.py:188} INFO - [2026-04-29T10:05:40.268+0300] {dag.py:3947} INFO - Setting next_dagrun for example_sensor_decorator to None, run_after=None
[2026-04-29T10:05:40.483+0300] {processor.py:183} INFO - Processing /mnt/d/airflow/airflow_project/airflow_venv/lib/python3.12/site-packages/airflow/example_dags/example_sensor_decorator.py took 0.357 seconds
[2026-04-29T10:08:00.437+0300] {processor.py:161} INFO - Started process (PID=44771) to work on /mnt/d/airflow/airflow_project/airflow_venv/lib/python3.12/site-packages/airflow/example_dags/example_sensor_decorator.py
[2026-04-29T10:08:00.443+0300] {processor.py:830} INFO - Processing file /mnt/d/airflow/airflow_project/airflow_venv/lib/python3.12/site-packages/airflow/example_dags/example_sensor_decorator.py for tasks to queue
[2026-04-29T10:08:00.450+0300] {logging_mixin.py:188} INFO - [2026-04-29T10:08:00.448+0300] {dagbag.py:545} INFO - Filling up the DagBag from /mnt/d/airflow/airflow_project/airflow_venv/lib/python3.12/site-packages/airflow/example_dags/example_sensor_decorator.py
[2026-04-29T10:08:00.494+0300] {processor.py:840} INFO - DAG(s) 'example_sensor_decorator' retrieved from /mnt/d/airflow/airflow_project/airflow_venv/lib/python3.12/site-packages/airflow/example_dags/example_sensor_decorator.py
[2026-04-29T10:08:00.670+0300] {logging_mixin.py:188} INFO - [2026-04-29T10:08:00.669+0300] {dag.py:3089} INFO - Sync 1 DAGs
[2026-04-29T10:08:00.689+0300] {logging_mixin.py:188} INFO - [2026-04-29T10:08:00.687+0300] {dag.py:3947} INFO - Setting next_dagrun for example_sensor_decorator to None, run_after=None
[2026-04-29T10:08:00.786+0300] {processor.py:183} INFO - Processing /mnt/d/airflow/airflow_project/airflow_venv/lib/python3.12/site-packages/airflow/example_dags/example_sensor_decorator.py took 0.373 seconds
[2026-04-29T10:09:59.939+0300] {processor.py:161} INFO - Started process (PID=45426) to work on /mnt/d/airflow/airflow_project/airflow_venv/lib/python3.12/site-packages/airflow/example_dags/example_sensor_decorator.py
[2026-04-29T10:09:59.943+0300] {processor.py:830} INFO - Processing file /mnt/d/airflow/airflow_project/airflow_venv/lib/python3.12/site-packages/airflow/example_dags/example_sensor_decorator.py for tasks to queue
[2026-04-29T10:09:59.951+0300] {logging_mixin.py:188} INFO - [2026-04-29T10:09:59.948+0300] {dagbag.py:545} INFO - Filling up the DagBag from /mnt/d/airflow/airflow_project/airflow_venv/lib/python3.12/site-packages/airflow/example_dags/example_sensor_decorator.py
[2026-04-29T10:10:00.025+0300] {processor.py:840} INFO - DAG(s) 'example_sensor_decorator' retrieved from /mnt/d/airflow/airflow_project/airflow_venv/lib/python3.12/site-packages/airflow/example_dags/example_sensor_decorator.py
[2026-04-29T10:10:00.097+0300] {logging_mixin.py:188} INFO - [2026-04-29T10:10:00.094+0300] {dag.py:3089} INFO - Sync 1 DAGs
[2026-04-29T10:10:00.128+0300] {logging_mixin.py:188} INFO - [2026-04-29T10:10:00.125+0300] {dag.py:3947} INFO - Setting next_dagrun for example_sensor_decorator to None, run_after=None
[2026-04-29T10:10:00.358+0300] {processor.py:183} INFO - Processing /mnt/d/airflow/airflow_project/airflow_venv/lib/python3.12/site-packages/airflow/example_dags/example_sensor_decorator.py took 0.452 seconds
[2026-04-29T10:12:18.192+0300] {processor.py:161} INFO - Started process (PID=46194) to work on /mnt/d/airflow/airflow_project/airflow_venv/lib/python3.12/site-packages/airflow/example_dags/example_sensor_decorator.py
[2026-04-29T10:12:18.196+0300] {processor.py:830} INFO - Processing file /mnt/d/airflow/airflow_project/airflow_venv/lib/python3.12/site-packages/airflow/example_dags/example_sensor_decorator.py for tasks to queue
[2026-04-29T10:12:18.201+0300] {logging_mixin.py:188} INFO - [2026-04-29T10:12:18.199+0300] {dagbag.py:545} INFO - Filling up the DagBag from /mnt/d/airflow/airflow_project/airflow_venv/lib/python3.12/site-packages/airflow/example_dags/example_sensor_decorator.py
[2026-04-29T10:12:18.247+0300] {processor.py:840} INFO - DAG(s) 'example_sensor_decorator' retrieved from /mnt/d/airflow/airflow_project/airflow_venv/lib/python3.12/site-packages/airflow/example_dags/example_sensor_decorator.py
[2026-04-29T10:12:18.282+0300] {logging_mixin.py:188} INFO - [2026-04-29T10:12:18.281+0300] {dag.py:3089} INFO - Sync 1 DAGs
[2026-04-29T10:12:18.299+0300] {logging_mixin.py:188} INFO - [2026-04-29T10:12:18.298+0300] {dag.py:3947} INFO - Setting next_dagrun for example_sensor_decorator to None, run_after=None
[2026-04-29T10:12:18.389+0300] {processor.py:183} INFO - Processing /mnt/d/airflow/airflow_project/airflow_venv/lib/python3.12/site-packages/airflow/example_dags/example_sensor_decorator.py took 0.222 seconds
