[2026-04-29T09:16:39.228+0300] {processor.py:161} INFO - Started process (PID=27001) to work on /mnt/d/airflow/airflow_project/airflow_venv/lib/python3.12/site-packages/airflow/example_dags/example_bash_decorator.py
[2026-04-29T09:16:39.231+0300] {processor.py:830} INFO - Processing file /mnt/d/airflow/airflow_project/airflow_venv/lib/python3.12/site-packages/airflow/example_dags/example_bash_decorator.py for tasks to queue
[2026-04-29T09:16:39.236+0300] {logging_mixin.py:188} INFO - [2026-04-29T09:16:39.234+0300] {dagbag.py:545} INFO - Filling up the DagBag from /mnt/d/airflow/airflow_project/airflow_venv/lib/python3.12/site-packages/airflow/example_dags/example_bash_decorator.py
[2026-04-29T09:16:39.349+0300] {processor.py:840} INFO - DAG(s) 'example_bash_decorator' retrieved from /mnt/d/airflow/airflow_project/airflow_venv/lib/python3.12/site-packages/airflow/example_dags/example_bash_decorator.py
[2026-04-29T09:16:40.647+0300] {logging_mixin.py:188} INFO - [2026-04-29T09:16:40.646+0300] {override.py:1858} INFO - Created Permission View: can edit on DAG:example_bash_decorator
[2026-04-29T09:16:40.688+0300] {logging_mixin.py:188} INFO - [2026-04-29T09:16:40.687+0300] {override.py:1858} INFO - Created Permission View: can delete on DAG:example_bash_decorator
[2026-04-29T09:16:40.723+0300] {logging_mixin.py:188} INFO - [2026-04-29T09:16:40.722+0300] {override.py:1858} INFO - Created Permission View: can read on DAG:example_bash_decorator
[2026-04-29T09:16:40.724+0300] {logging_mixin.py:188} INFO - [2026-04-29T09:16:40.724+0300] {dag.py:3089} INFO - Sync 1 DAGs
[2026-04-29T09:16:40.743+0300] {logging_mixin.py:188} INFO - [2026-04-29T09:16:40.742+0300] {dag.py:3111} INFO - Creating ORM DAG for example_bash_decorator
[2026-04-29T09:16:40.745+0300] {logging_mixin.py:188} INFO - [2026-04-29T09:16:40.744+0300] {dag.py:3947} INFO - Setting next_dagrun for example_bash_decorator to None, run_after=None
[2026-04-29T09:16:40.798+0300] {processor.py:183} INFO - Processing /mnt/d/airflow/airflow_project/airflow_venv/lib/python3.12/site-packages/airflow/example_dags/example_bash_decorator.py took 1.594 seconds
[2026-04-29T09:18:57.088+0300] {processor.py:161} INFO - Started process (PID=27826) to work on /mnt/d/airflow/airflow_project/airflow_venv/lib/python3.12/site-packages/airflow/example_dags/example_bash_decorator.py
[2026-04-29T09:18:57.092+0300] {processor.py:830} INFO - Processing file /mnt/d/airflow/airflow_project/airflow_venv/lib/python3.12/site-packages/airflow/example_dags/example_bash_decorator.py for tasks to queue
[2026-04-29T09:18:57.099+0300] {logging_mixin.py:188} INFO - [2026-04-29T09:18:57.096+0300] {dagbag.py:545} INFO - Filling up the DagBag from /mnt/d/airflow/airflow_project/airflow_venv/lib/python3.12/site-packages/airflow/example_dags/example_bash_decorator.py
[2026-04-29T09:18:57.190+0300] {processor.py:840} INFO - DAG(s) 'example_bash_decorator' retrieved from /mnt/d/airflow/airflow_project/airflow_venv/lib/python3.12/site-packages/airflow/example_dags/example_bash_decorator.py
[2026-04-29T09:18:57.277+0300] {logging_mixin.py:188} INFO - [2026-04-29T09:18:57.273+0300] {dag.py:3089} INFO - Sync 1 DAGs
[2026-04-29T09:18:57.309+0300] {logging_mixin.py:188} INFO - [2026-04-29T09:18:57.306+0300] {dag.py:3947} INFO - Setting next_dagrun for example_bash_decorator to None, run_after=None
[2026-04-29T09:18:57.509+0300] {processor.py:183} INFO - Processing /mnt/d/airflow/airflow_project/airflow_venv/lib/python3.12/site-packages/airflow/example_dags/example_bash_decorator.py took 0.448 seconds
[2026-04-29T09:21:18.703+0300] {processor.py:161} INFO - Started process (PID=28657) to work on /mnt/d/airflow/airflow_project/airflow_venv/lib/python3.12/site-packages/airflow/example_dags/example_bash_decorator.py
[2026-04-29T09:21:18.706+0300] {processor.py:830} INFO - Processing file /mnt/d/airflow/airflow_project/airflow_venv/lib/python3.12/site-packages/airflow/example_dags/example_bash_decorator.py for tasks to queue
[2026-04-29T09:21:18.712+0300] {logging_mixin.py:188} INFO - [2026-04-29T09:21:18.710+0300] {dagbag.py:545} INFO - Filling up the DagBag from /mnt/d/airflow/airflow_project/airflow_venv/lib/python3.12/site-packages/airflow/example_dags/example_bash_decorator.py
[2026-04-29T09:21:18.792+0300] {processor.py:840} INFO - DAG(s) 'example_bash_decorator' retrieved from /mnt/d/airflow/airflow_project/airflow_venv/lib/python3.12/site-packages/airflow/example_dags/example_bash_decorator.py
[2026-04-29T09:21:19.517+0300] {logging_mixin.py:188} INFO - [2026-04-29T09:21:19.513+0300] {dag.py:3089} INFO - Sync 1 DAGs
[2026-04-29T09:21:19.567+0300] {logging_mixin.py:188} INFO - [2026-04-29T09:21:19.561+0300] {dag.py:3947} INFO - Setting next_dagrun for example_bash_decorator to None, run_after=None
[2026-04-29T09:21:19.773+0300] {processor.py:183} INFO - Processing /mnt/d/airflow/airflow_project/airflow_venv/lib/python3.12/site-packages/airflow/example_dags/example_bash_decorator.py took 0.438 seconds
[2026-04-29T09:23:17.174+0300] {processor.py:161} INFO - Started process (PID=29348) to work on /mnt/d/airflow/airflow_project/airflow_venv/lib/python3.12/site-packages/airflow/example_dags/example_bash_decorator.py
[2026-04-29T09:23:17.178+0300] {processor.py:830} INFO - Processing file /mnt/d/airflow/airflow_project/airflow_venv/lib/python3.12/site-packages/airflow/example_dags/example_bash_decorator.py for tasks to queue
[2026-04-29T09:23:17.186+0300] {logging_mixin.py:188} INFO - [2026-04-29T09:23:17.183+0300] {dagbag.py:545} INFO - Filling up the DagBag from /mnt/d/airflow/airflow_project/airflow_venv/lib/python3.12/site-packages/airflow/example_dags/example_bash_decorator.py
[2026-04-29T09:23:17.295+0300] {processor.py:840} INFO - DAG(s) 'example_bash_decorator' retrieved from /mnt/d/airflow/airflow_project/airflow_venv/lib/python3.12/site-packages/airflow/example_dags/example_bash_decorator.py
[2026-04-29T09:23:17.381+0300] {logging_mixin.py:188} INFO - [2026-04-29T09:23:17.378+0300] {dag.py:3089} INFO - Sync 1 DAGs
[2026-04-29T09:23:17.408+0300] {logging_mixin.py:188} INFO - [2026-04-29T09:23:17.406+0300] {dag.py:3947} INFO - Setting next_dagrun for example_bash_decorator to None, run_after=None
[2026-04-29T09:23:17.626+0300] {processor.py:183} INFO - Processing /mnt/d/airflow/airflow_project/airflow_venv/lib/python3.12/site-packages/airflow/example_dags/example_bash_decorator.py took 0.484 seconds
[2026-04-29T09:25:36.464+0300] {processor.py:161} INFO - Started process (PID=30128) to work on /mnt/d/airflow/airflow_project/airflow_venv/lib/python3.12/site-packages/airflow/example_dags/example_bash_decorator.py
[2026-04-29T09:25:36.469+0300] {processor.py:830} INFO - Processing file /mnt/d/airflow/airflow_project/airflow_venv/lib/python3.12/site-packages/airflow/example_dags/example_bash_decorator.py for tasks to queue
[2026-04-29T09:25:36.478+0300] {logging_mixin.py:188} INFO - [2026-04-29T09:25:36.475+0300] {dagbag.py:545} INFO - Filling up the DagBag from /mnt/d/airflow/airflow_project/airflow_venv/lib/python3.12/site-packages/airflow/example_dags/example_bash_decorator.py
[2026-04-29T09:25:36.598+0300] {processor.py:840} INFO - DAG(s) 'example_bash_decorator' retrieved from /mnt/d/airflow/airflow_project/airflow_venv/lib/python3.12/site-packages/airflow/example_dags/example_bash_decorator.py
[2026-04-29T09:25:36.670+0300] {logging_mixin.py:188} INFO - [2026-04-29T09:25:36.667+0300] {dag.py:3089} INFO - Sync 1 DAGs
[2026-04-29T09:25:36.697+0300] {logging_mixin.py:188} INFO - [2026-04-29T09:25:36.695+0300] {dag.py:3947} INFO - Setting next_dagrun for example_bash_decorator to None, run_after=None
[2026-04-29T09:25:36.870+0300] {processor.py:183} INFO - Processing /mnt/d/airflow/airflow_project/airflow_venv/lib/python3.12/site-packages/airflow/example_dags/example_bash_decorator.py took 0.446 seconds
[2026-04-29T09:28:01.447+0300] {processor.py:161} INFO - Started process (PID=30941) to work on /mnt/d/airflow/airflow_project/airflow_venv/lib/python3.12/site-packages/airflow/example_dags/example_bash_decorator.py
[2026-04-29T09:28:01.451+0300] {processor.py:830} INFO - Processing file /mnt/d/airflow/airflow_project/airflow_venv/lib/python3.12/site-packages/airflow/example_dags/example_bash_decorator.py for tasks to queue
[2026-04-29T09:28:01.460+0300] {logging_mixin.py:188} INFO - [2026-04-29T09:28:01.455+0300] {dagbag.py:545} INFO - Filling up the DagBag from /mnt/d/airflow/airflow_project/airflow_venv/lib/python3.12/site-packages/airflow/example_dags/example_bash_decorator.py
[2026-04-29T09:28:02.311+0300] {processor.py:840} INFO - DAG(s) 'example_bash_decorator' retrieved from /mnt/d/airflow/airflow_project/airflow_venv/lib/python3.12/site-packages/airflow/example_dags/example_bash_decorator.py
[2026-04-29T09:28:02.565+0300] {logging_mixin.py:188} INFO - [2026-04-29T09:28:02.563+0300] {dag.py:3089} INFO - Sync 1 DAGs
[2026-04-29T09:28:02.616+0300] {logging_mixin.py:188} INFO - [2026-04-29T09:28:02.612+0300] {dag.py:3947} INFO - Setting next_dagrun for example_bash_decorator to None, run_after=None
[2026-04-29T09:28:02.809+0300] {processor.py:183} INFO - Processing /mnt/d/airflow/airflow_project/airflow_venv/lib/python3.12/site-packages/airflow/example_dags/example_bash_decorator.py took 1.386 seconds
[2026-04-29T09:30:56.981+0300] {processor.py:161} INFO - Started process (PID=31987) to work on /mnt/d/airflow/airflow_project/airflow_venv/lib/python3.12/site-packages/airflow/example_dags/example_bash_decorator.py
[2026-04-29T09:30:56.984+0300] {processor.py:830} INFO - Processing file /mnt/d/airflow/airflow_project/airflow_venv/lib/python3.12/site-packages/airflow/example_dags/example_bash_decorator.py for tasks to queue
[2026-04-29T09:30:56.994+0300] {logging_mixin.py:188} INFO - [2026-04-29T09:30:56.990+0300] {dagbag.py:545} INFO - Filling up the DagBag from /mnt/d/airflow/airflow_project/airflow_venv/lib/python3.12/site-packages/airflow/example_dags/example_bash_decorator.py
[2026-04-29T09:30:57.140+0300] {processor.py:840} INFO - DAG(s) 'example_bash_decorator' retrieved from /mnt/d/airflow/airflow_project/airflow_venv/lib/python3.12/site-packages/airflow/example_dags/example_bash_decorator.py
[2026-04-29T09:30:57.225+0300] {logging_mixin.py:188} INFO - [2026-04-29T09:30:57.223+0300] {dag.py:3089} INFO - Sync 1 DAGs
[2026-04-29T09:30:57.248+0300] {logging_mixin.py:188} INFO - [2026-04-29T09:30:57.245+0300] {dag.py:3947} INFO - Setting next_dagrun for example_bash_decorator to None, run_after=None
[2026-04-29T09:30:57.416+0300] {processor.py:183} INFO - Processing /mnt/d/airflow/airflow_project/airflow_venv/lib/python3.12/site-packages/airflow/example_dags/example_bash_decorator.py took 0.466 seconds
[2026-04-29T09:33:13.173+0300] {processor.py:161} INFO - Started process (PID=32785) to work on /mnt/d/airflow/airflow_project/airflow_venv/lib/python3.12/site-packages/airflow/example_dags/example_bash_decorator.py
[2026-04-29T09:33:13.177+0300] {processor.py:830} INFO - Processing file /mnt/d/airflow/airflow_project/airflow_venv/lib/python3.12/site-packages/airflow/example_dags/example_bash_decorator.py for tasks to queue
[2026-04-29T09:33:13.187+0300] {logging_mixin.py:188} INFO - [2026-04-29T09:33:13.183+0300] {dagbag.py:545} INFO - Filling up the DagBag from /mnt/d/airflow/airflow_project/airflow_venv/lib/python3.12/site-packages/airflow/example_dags/example_bash_decorator.py
[2026-04-29T09:33:13.278+0300] {processor.py:840} INFO - DAG(s) 'example_bash_decorator' retrieved from /mnt/d/airflow/airflow_project/airflow_venv/lib/python3.12/site-packages/airflow/example_dags/example_bash_decorator.py
[2026-04-29T09:33:13.359+0300] {logging_mixin.py:188} INFO - [2026-04-29T09:33:13.356+0300] {dag.py:3089} INFO - Sync 1 DAGs
[2026-04-29T09:33:13.385+0300] {logging_mixin.py:188} INFO - [2026-04-29T09:33:13.383+0300] {dag.py:3947} INFO - Setting next_dagrun for example_bash_decorator to None, run_after=None
[2026-04-29T09:33:13.497+0300] {processor.py:183} INFO - Processing /mnt/d/airflow/airflow_project/airflow_venv/lib/python3.12/site-packages/airflow/example_dags/example_bash_decorator.py took 0.364 seconds
[2026-04-29T09:35:33.102+0300] {processor.py:161} INFO - Started process (PID=33622) to work on /mnt/d/airflow/airflow_project/airflow_venv/lib/python3.12/site-packages/airflow/example_dags/example_bash_decorator.py
[2026-04-29T09:35:33.106+0300] {processor.py:830} INFO - Processing file /mnt/d/airflow/airflow_project/airflow_venv/lib/python3.12/site-packages/airflow/example_dags/example_bash_decorator.py for tasks to queue
[2026-04-29T09:35:33.114+0300] {logging_mixin.py:188} INFO - [2026-04-29T09:35:33.111+0300] {dagbag.py:545} INFO - Filling up the DagBag from /mnt/d/airflow/airflow_project/airflow_venv/lib/python3.12/site-packages/airflow/example_dags/example_bash_decorator.py
[2026-04-29T09:35:33.209+0300] {processor.py:840} INFO - DAG(s) 'example_bash_decorator' retrieved from /mnt/d/airflow/airflow_project/airflow_venv/lib/python3.12/site-packages/airflow/example_dags/example_bash_decorator.py
[2026-04-29T09:35:33.273+0300] {logging_mixin.py:188} INFO - [2026-04-29T09:35:33.270+0300] {dag.py:3089} INFO - Sync 1 DAGs
[2026-04-29T09:35:33.302+0300] {logging_mixin.py:188} INFO - [2026-04-29T09:35:33.299+0300] {dag.py:3947} INFO - Setting next_dagrun for example_bash_decorator to None, run_after=None
[2026-04-29T09:35:33.494+0300] {processor.py:183} INFO - Processing /mnt/d/airflow/airflow_project/airflow_venv/lib/python3.12/site-packages/airflow/example_dags/example_bash_decorator.py took 0.423 seconds
[2026-04-29T09:37:31.217+0300] {processor.py:161} INFO - Started process (PID=34328) to work on /mnt/d/airflow/airflow_project/airflow_venv/lib/python3.12/site-packages/airflow/example_dags/example_bash_decorator.py
[2026-04-29T09:37:31.221+0300] {processor.py:830} INFO - Processing file /mnt/d/airflow/airflow_project/airflow_venv/lib/python3.12/site-packages/airflow/example_dags/example_bash_decorator.py for tasks to queue
[2026-04-29T09:37:31.227+0300] {logging_mixin.py:188} INFO - [2026-04-29T09:37:31.226+0300] {dagbag.py:545} INFO - Filling up the DagBag from /mnt/d/airflow/airflow_project/airflow_venv/lib/python3.12/site-packages/airflow/example_dags/example_bash_decorator.py
[2026-04-29T09:37:31.301+0300] {processor.py:840} INFO - DAG(s) 'example_bash_decorator' retrieved from /mnt/d/airflow/airflow_project/airflow_venv/lib/python3.12/site-packages/airflow/example_dags/example_bash_decorator.py
[2026-04-29T09:37:31.354+0300] {logging_mixin.py:188} INFO - [2026-04-29T09:37:31.353+0300] {dag.py:3089} INFO - Sync 1 DAGs
[2026-04-29T09:37:31.377+0300] {logging_mixin.py:188} INFO - [2026-04-29T09:37:31.376+0300] {dag.py:3947} INFO - Setting next_dagrun for example_bash_decorator to None, run_after=None
[2026-04-29T09:37:31.453+0300] {processor.py:183} INFO - Processing /mnt/d/airflow/airflow_project/airflow_venv/lib/python3.12/site-packages/airflow/example_dags/example_bash_decorator.py took 0.272 seconds
[2026-04-29T09:39:45.640+0300] {processor.py:161} INFO - Started process (PID=35155) to work on /mnt/d/airflow/airflow_project/airflow_venv/lib/python3.12/site-packages/airflow/example_dags/example_bash_decorator.py
[2026-04-29T09:39:45.645+0300] {processor.py:830} INFO - Processing file /mnt/d/airflow/airflow_project/airflow_venv/lib/python3.12/site-packages/airflow/example_dags/example_bash_decorator.py for tasks to queue
[2026-04-29T09:39:45.653+0300] {logging_mixin.py:188} INFO - [2026-04-29T09:39:45.650+0300] {dagbag.py:545} INFO - Filling up the DagBag from /mnt/d/airflow/airflow_project/airflow_venv/lib/python3.12/site-packages/airflow/example_dags/example_bash_decorator.py
[2026-04-29T09:39:45.742+0300] {processor.py:840} INFO - DAG(s) 'example_bash_decorator' retrieved from /mnt/d/airflow/airflow_project/airflow_venv/lib/python3.12/site-packages/airflow/example_dags/example_bash_decorator.py
[2026-04-29T09:39:45.804+0300] {logging_mixin.py:188} INFO - [2026-04-29T09:39:45.802+0300] {dag.py:3089} INFO - Sync 1 DAGs
[2026-04-29T09:39:45.830+0300] {logging_mixin.py:188} INFO - [2026-04-29T09:39:45.829+0300] {dag.py:3947} INFO - Setting next_dagrun for example_bash_decorator to None, run_after=None
[2026-04-29T09:39:45.921+0300] {processor.py:183} INFO - Processing /mnt/d/airflow/airflow_project/airflow_venv/lib/python3.12/site-packages/airflow/example_dags/example_bash_decorator.py took 0.315 seconds
[2026-04-29T09:41:42.514+0300] {processor.py:161} INFO - Started process (PID=35822) to work on /mnt/d/airflow/airflow_project/airflow_venv/lib/python3.12/site-packages/airflow/example_dags/example_bash_decorator.py
[2026-04-29T09:41:42.521+0300] {processor.py:830} INFO - Processing file /mnt/d/airflow/airflow_project/airflow_venv/lib/python3.12/site-packages/airflow/example_dags/example_bash_decorator.py for tasks to queue
[2026-04-29T09:41:42.530+0300] {logging_mixin.py:188} INFO - [2026-04-29T09:41:42.528+0300] {dagbag.py:545} INFO - Filling up the DagBag from /mnt/d/airflow/airflow_project/airflow_venv/lib/python3.12/site-packages/airflow/example_dags/example_bash_decorator.py
[2026-04-29T09:41:42.611+0300] {processor.py:840} INFO - DAG(s) 'example_bash_decorator' retrieved from /mnt/d/airflow/airflow_project/airflow_venv/lib/python3.12/site-packages/airflow/example_dags/example_bash_decorator.py
[2026-04-29T09:41:42.673+0300] {logging_mixin.py:188} INFO - [2026-04-29T09:41:42.671+0300] {dag.py:3089} INFO - Sync 1 DAGs
[2026-04-29T09:41:42.701+0300] {logging_mixin.py:188} INFO - [2026-04-29T09:41:42.698+0300] {dag.py:3947} INFO - Setting next_dagrun for example_bash_decorator to None, run_after=None
[2026-04-29T09:41:42.906+0300] {processor.py:183} INFO - Processing /mnt/d/airflow/airflow_project/airflow_venv/lib/python3.12/site-packages/airflow/example_dags/example_bash_decorator.py took 0.430 seconds
[2026-04-29T09:43:59.553+0300] {processor.py:161} INFO - Started process (PID=36642) to work on /mnt/d/airflow/airflow_project/airflow_venv/lib/python3.12/site-packages/airflow/example_dags/example_bash_decorator.py
[2026-04-29T09:43:59.557+0300] {processor.py:830} INFO - Processing file /mnt/d/airflow/airflow_project/airflow_venv/lib/python3.12/site-packages/airflow/example_dags/example_bash_decorator.py for tasks to queue
[2026-04-29T09:43:59.562+0300] {logging_mixin.py:188} INFO - [2026-04-29T09:43:59.560+0300] {dagbag.py:545} INFO - Filling up the DagBag from /mnt/d/airflow/airflow_project/airflow_venv/lib/python3.12/site-packages/airflow/example_dags/example_bash_decorator.py
[2026-04-29T09:43:59.645+0300] {processor.py:840} INFO - DAG(s) 'example_bash_decorator' retrieved from /mnt/d/airflow/airflow_project/airflow_venv/lib/python3.12/site-packages/airflow/example_dags/example_bash_decorator.py
[2026-04-29T09:43:59.683+0300] {logging_mixin.py:188} INFO - [2026-04-29T09:43:59.682+0300] {dag.py:3089} INFO - Sync 1 DAGs
[2026-04-29T09:43:59.707+0300] {logging_mixin.py:188} INFO - [2026-04-29T09:43:59.705+0300] {dag.py:3947} INFO - Setting next_dagrun for example_bash_decorator to None, run_after=None
[2026-04-29T09:43:59.859+0300] {processor.py:183} INFO - Processing /mnt/d/airflow/airflow_project/airflow_venv/lib/python3.12/site-packages/airflow/example_dags/example_bash_decorator.py took 0.327 seconds
[2026-04-29T09:47:31.859+0300] {processor.py:161} INFO - Started process (PID=37831) to work on /mnt/d/airflow/airflow_project/airflow_venv/lib/python3.12/site-packages/airflow/example_dags/example_bash_decorator.py
[2026-04-29T09:47:31.862+0300] {processor.py:830} INFO - Processing file /mnt/d/airflow/airflow_project/airflow_venv/lib/python3.12/site-packages/airflow/example_dags/example_bash_decorator.py for tasks to queue
[2026-04-29T09:47:31.869+0300] {logging_mixin.py:188} INFO - [2026-04-29T09:47:31.867+0300] {dagbag.py:545} INFO - Filling up the DagBag from /mnt/d/airflow/airflow_project/airflow_venv/lib/python3.12/site-packages/airflow/example_dags/example_bash_decorator.py
[2026-04-29T09:47:31.962+0300] {processor.py:840} INFO - DAG(s) 'example_bash_decorator' retrieved from /mnt/d/airflow/airflow_project/airflow_venv/lib/python3.12/site-packages/airflow/example_dags/example_bash_decorator.py
[2026-04-29T09:47:33.563+0300] {logging_mixin.py:188} INFO - [2026-04-29T09:47:33.561+0300] {dag.py:3089} INFO - Sync 1 DAGs
[2026-04-29T09:47:33.578+0300] {logging_mixin.py:188} INFO - [2026-04-29T09:47:33.576+0300] {dag.py:3947} INFO - Setting next_dagrun for example_bash_decorator to None, run_after=None
[2026-04-29T09:47:33.754+0300] {processor.py:183} INFO - Processing /mnt/d/airflow/airflow_project/airflow_venv/lib/python3.12/site-packages/airflow/example_dags/example_bash_decorator.py took 1.926 seconds
[2026-04-29T09:49:55.699+0300] {processor.py:161} INFO - Started process (PID=38650) to work on /mnt/d/airflow/airflow_project/airflow_venv/lib/python3.12/site-packages/airflow/example_dags/example_bash_decorator.py
[2026-04-29T09:49:55.703+0300] {processor.py:830} INFO - Processing file /mnt/d/airflow/airflow_project/airflow_venv/lib/python3.12/site-packages/airflow/example_dags/example_bash_decorator.py for tasks to queue
[2026-04-29T09:49:55.708+0300] {logging_mixin.py:188} INFO - [2026-04-29T09:49:55.706+0300] {dagbag.py:545} INFO - Filling up the DagBag from /mnt/d/airflow/airflow_project/airflow_venv/lib/python3.12/site-packages/airflow/example_dags/example_bash_decorator.py
[2026-04-29T09:49:55.826+0300] {processor.py:840} INFO - DAG(s) 'example_bash_decorator' retrieved from /mnt/d/airflow/airflow_project/airflow_venv/lib/python3.12/site-packages/airflow/example_dags/example_bash_decorator.py
[2026-04-29T09:49:55.935+0300] {logging_mixin.py:188} INFO - [2026-04-29T09:49:55.931+0300] {dag.py:3089} INFO - Sync 1 DAGs
[2026-04-29T09:49:55.971+0300] {logging_mixin.py:188} INFO - [2026-04-29T09:49:55.968+0300] {dag.py:3947} INFO - Setting next_dagrun for example_bash_decorator to None, run_after=None
[2026-04-29T09:49:56.183+0300] {processor.py:183} INFO - Processing /mnt/d/airflow/airflow_project/airflow_venv/lib/python3.12/site-packages/airflow/example_dags/example_bash_decorator.py took 0.524 seconds
[2026-04-29T09:52:11.561+0300] {processor.py:161} INFO - Started process (PID=39428) to work on /mnt/d/airflow/airflow_project/airflow_venv/lib/python3.12/site-packages/airflow/example_dags/example_bash_decorator.py
[2026-04-29T09:52:11.565+0300] {processor.py:830} INFO - Processing file /mnt/d/airflow/airflow_project/airflow_venv/lib/python3.12/site-packages/airflow/example_dags/example_bash_decorator.py for tasks to queue
[2026-04-29T09:52:11.572+0300] {logging_mixin.py:188} INFO - [2026-04-29T09:52:11.569+0300] {dagbag.py:545} INFO - Filling up the DagBag from /mnt/d/airflow/airflow_project/airflow_venv/lib/python3.12/site-packages/airflow/example_dags/example_bash_decorator.py
[2026-04-29T09:52:11.638+0300] {processor.py:840} INFO - DAG(s) 'example_bash_decorator' retrieved from /mnt/d/airflow/airflow_project/airflow_venv/lib/python3.12/site-packages/airflow/example_dags/example_bash_decorator.py
[2026-04-29T09:52:11.700+0300] {logging_mixin.py:188} INFO - [2026-04-29T09:52:11.699+0300] {dag.py:3089} INFO - Sync 1 DAGs
[2026-04-29T09:52:11.723+0300] {logging_mixin.py:188} INFO - [2026-04-29T09:52:11.722+0300] {dag.py:3947} INFO - Setting next_dagrun for example_bash_decorator to None, run_after=None
[2026-04-29T09:52:12.003+0300] {processor.py:183} INFO - Processing /mnt/d/airflow/airflow_project/airflow_venv/lib/python3.12/site-packages/airflow/example_dags/example_bash_decorator.py took 0.461 seconds
[2026-04-29T09:57:19.114+0300] {processor.py:161} INFO - Started process (PID=41185) to work on /mnt/d/airflow/airflow_project/airflow_venv/lib/python3.12/site-packages/airflow/example_dags/example_bash_decorator.py
[2026-04-29T09:57:19.118+0300] {processor.py:830} INFO - Processing file /mnt/d/airflow/airflow_project/airflow_venv/lib/python3.12/site-packages/airflow/example_dags/example_bash_decorator.py for tasks to queue
[2026-04-29T09:57:19.124+0300] {logging_mixin.py:188} INFO - [2026-04-29T09:57:19.122+0300] {dagbag.py:545} INFO - Filling up the DagBag from /mnt/d/airflow/airflow_project/airflow_venv/lib/python3.12/site-packages/airflow/example_dags/example_bash_decorator.py
[2026-04-29T09:57:19.230+0300] {processor.py:840} INFO - DAG(s) 'example_bash_decorator' retrieved from /mnt/d/airflow/airflow_project/airflow_venv/lib/python3.12/site-packages/airflow/example_dags/example_bash_decorator.py
[2026-04-29T09:57:19.316+0300] {logging_mixin.py:188} INFO - [2026-04-29T09:57:19.313+0300] {dag.py:3089} INFO - Sync 1 DAGs
[2026-04-29T09:57:19.345+0300] {logging_mixin.py:188} INFO - [2026-04-29T09:57:19.342+0300] {dag.py:3947} INFO - Setting next_dagrun for example_bash_decorator to None, run_after=None
[2026-04-29T09:57:19.532+0300] {processor.py:183} INFO - Processing /mnt/d/airflow/airflow_project/airflow_venv/lib/python3.12/site-packages/airflow/example_dags/example_bash_decorator.py took 0.444 seconds
[2026-04-29T10:01:35.429+0300] {processor.py:161} INFO - Started process (PID=42601) to work on /mnt/d/airflow/airflow_project/airflow_venv/lib/python3.12/site-packages/airflow/example_dags/example_bash_decorator.py
[2026-04-29T10:01:35.434+0300] {processor.py:830} INFO - Processing file /mnt/d/airflow/airflow_project/airflow_venv/lib/python3.12/site-packages/airflow/example_dags/example_bash_decorator.py for tasks to queue
[2026-04-29T10:01:35.444+0300] {logging_mixin.py:188} INFO - [2026-04-29T10:01:35.440+0300] {dagbag.py:545} INFO - Filling up the DagBag from /mnt/d/airflow/airflow_project/airflow_venv/lib/python3.12/site-packages/airflow/example_dags/example_bash_decorator.py
[2026-04-29T10:01:35.565+0300] {processor.py:840} INFO - DAG(s) 'example_bash_decorator' retrieved from /mnt/d/airflow/airflow_project/airflow_venv/lib/python3.12/site-packages/airflow/example_dags/example_bash_decorator.py
[2026-04-29T10:01:35.653+0300] {logging_mixin.py:188} INFO - [2026-04-29T10:01:35.649+0300] {dag.py:3089} INFO - Sync 1 DAGs
[2026-04-29T10:01:35.685+0300] {logging_mixin.py:188} INFO - [2026-04-29T10:01:35.681+0300] {dag.py:3947} INFO - Setting next_dagrun for example_bash_decorator to None, run_after=None
[2026-04-29T10:01:35.869+0300] {processor.py:183} INFO - Processing /mnt/d/airflow/airflow_project/airflow_venv/lib/python3.12/site-packages/airflow/example_dags/example_bash_decorator.py took 0.478 seconds
[2026-04-29T10:04:57.971+0300] {processor.py:161} INFO - Started process (PID=43745) to work on /mnt/d/airflow/airflow_project/airflow_venv/lib/python3.12/site-packages/airflow/example_dags/example_bash_decorator.py
[2026-04-29T10:04:57.976+0300] {processor.py:830} INFO - Processing file /mnt/d/airflow/airflow_project/airflow_venv/lib/python3.12/site-packages/airflow/example_dags/example_bash_decorator.py for tasks to queue
[2026-04-29T10:04:57.984+0300] {logging_mixin.py:188} INFO - [2026-04-29T10:04:57.981+0300] {dagbag.py:545} INFO - Filling up the DagBag from /mnt/d/airflow/airflow_project/airflow_venv/lib/python3.12/site-packages/airflow/example_dags/example_bash_decorator.py
[2026-04-29T10:04:58.074+0300] {processor.py:840} INFO - DAG(s) 'example_bash_decorator' retrieved from /mnt/d/airflow/airflow_project/airflow_venv/lib/python3.12/site-packages/airflow/example_dags/example_bash_decorator.py
[2026-04-29T10:04:58.138+0300] {logging_mixin.py:188} INFO - [2026-04-29T10:04:58.136+0300] {dag.py:3089} INFO - Sync 1 DAGs
[2026-04-29T10:04:58.164+0300] {logging_mixin.py:188} INFO - [2026-04-29T10:04:58.162+0300] {dag.py:3947} INFO - Setting next_dagrun for example_bash_decorator to None, run_after=None
[2026-04-29T10:04:58.363+0300] {processor.py:183} INFO - Processing /mnt/d/airflow/airflow_project/airflow_venv/lib/python3.12/site-packages/airflow/example_dags/example_bash_decorator.py took 0.420 seconds
[2026-04-29T10:07:11.955+0300] {processor.py:161} INFO - Started process (PID=44501) to work on /mnt/d/airflow/airflow_project/airflow_venv/lib/python3.12/site-packages/airflow/example_dags/example_bash_decorator.py
[2026-04-29T10:07:11.958+0300] {processor.py:830} INFO - Processing file /mnt/d/airflow/airflow_project/airflow_venv/lib/python3.12/site-packages/airflow/example_dags/example_bash_decorator.py for tasks to queue
[2026-04-29T10:07:11.962+0300] {logging_mixin.py:188} INFO - [2026-04-29T10:07:11.961+0300] {dagbag.py:545} INFO - Filling up the DagBag from /mnt/d/airflow/airflow_project/airflow_venv/lib/python3.12/site-packages/airflow/example_dags/example_bash_decorator.py
[2026-04-29T10:07:12.021+0300] {processor.py:840} INFO - DAG(s) 'example_bash_decorator' retrieved from /mnt/d/airflow/airflow_project/airflow_venv/lib/python3.12/site-packages/airflow/example_dags/example_bash_decorator.py
[2026-04-29T10:07:12.084+0300] {logging_mixin.py:188} INFO - [2026-04-29T10:07:12.081+0300] {dag.py:3089} INFO - Sync 1 DAGs
[2026-04-29T10:07:12.271+0300] {logging_mixin.py:188} INFO - [2026-04-29T10:07:12.270+0300] {dag.py:3947} INFO - Setting next_dagrun for example_bash_decorator to None, run_after=None
[2026-04-29T10:07:12.457+0300] {processor.py:183} INFO - Processing /mnt/d/airflow/airflow_project/airflow_venv/lib/python3.12/site-packages/airflow/example_dags/example_bash_decorator.py took 0.532 seconds
[2026-04-29T10:09:13.708+0300] {processor.py:161} INFO - Started process (PID=45178) to work on /mnt/d/airflow/airflow_project/airflow_venv/lib/python3.12/site-packages/airflow/example_dags/example_bash_decorator.py
[2026-04-29T10:09:13.713+0300] {processor.py:830} INFO - Processing file /mnt/d/airflow/airflow_project/airflow_venv/lib/python3.12/site-packages/airflow/example_dags/example_bash_decorator.py for tasks to queue
[2026-04-29T10:09:13.722+0300] {logging_mixin.py:188} INFO - [2026-04-29T10:09:13.718+0300] {dagbag.py:545} INFO - Filling up the DagBag from /mnt/d/airflow/airflow_project/airflow_venv/lib/python3.12/site-packages/airflow/example_dags/example_bash_decorator.py
[2026-04-29T10:09:13.827+0300] {processor.py:840} INFO - DAG(s) 'example_bash_decorator' retrieved from /mnt/d/airflow/airflow_project/airflow_venv/lib/python3.12/site-packages/airflow/example_dags/example_bash_decorator.py
[2026-04-29T10:09:13.904+0300] {logging_mixin.py:188} INFO - [2026-04-29T10:09:13.900+0300] {dag.py:3089} INFO - Sync 1 DAGs
[2026-04-29T10:09:13.935+0300] {logging_mixin.py:188} INFO - [2026-04-29T10:09:13.932+0300] {dag.py:3947} INFO - Setting next_dagrun for example_bash_decorator to None, run_after=None
[2026-04-29T10:09:14.049+0300] {processor.py:183} INFO - Processing /mnt/d/airflow/airflow_project/airflow_venv/lib/python3.12/site-packages/airflow/example_dags/example_bash_decorator.py took 0.376 seconds
[2026-04-29T10:11:29.080+0300] {processor.py:161} INFO - Started process (PID=45918) to work on /mnt/d/airflow/airflow_project/airflow_venv/lib/python3.12/site-packages/airflow/example_dags/example_bash_decorator.py
[2026-04-29T10:11:29.086+0300] {processor.py:830} INFO - Processing file /mnt/d/airflow/airflow_project/airflow_venv/lib/python3.12/site-packages/airflow/example_dags/example_bash_decorator.py for tasks to queue
[2026-04-29T10:11:29.096+0300] {logging_mixin.py:188} INFO - [2026-04-29T10:11:29.092+0300] {dagbag.py:545} INFO - Filling up the DagBag from /mnt/d/airflow/airflow_project/airflow_venv/lib/python3.12/site-packages/airflow/example_dags/example_bash_decorator.py
[2026-04-29T10:11:29.213+0300] {processor.py:840} INFO - DAG(s) 'example_bash_decorator' retrieved from /mnt/d/airflow/airflow_project/airflow_venv/lib/python3.12/site-packages/airflow/example_dags/example_bash_decorator.py
[2026-04-29T10:11:29.286+0300] {logging_mixin.py:188} INFO - [2026-04-29T10:11:29.283+0300] {dag.py:3089} INFO - Sync 1 DAGs
[2026-04-29T10:11:29.319+0300] {logging_mixin.py:188} INFO - [2026-04-29T10:11:29.316+0300] {dag.py:3947} INFO - Setting next_dagrun for example_bash_decorator to None, run_after=None
[2026-04-29T10:11:29.541+0300] {processor.py:183} INFO - Processing /mnt/d/airflow/airflow_project/airflow_venv/lib/python3.12/site-packages/airflow/example_dags/example_bash_decorator.py took 0.498 seconds
