[2026-04-29T09:16:03.753+0300] {processor.py:161} INFO - Started process (PID=26815) to work on /mnt/d/airflow/airflow_project/airflow_venv/lib/python3.12/site-packages/airflow/example_dags/example_datasets.py
[2026-04-29T09:16:03.757+0300] {processor.py:830} INFO - Processing file /mnt/d/airflow/airflow_project/airflow_venv/lib/python3.12/site-packages/airflow/example_dags/example_datasets.py for tasks to queue
[2026-04-29T09:16:03.763+0300] {logging_mixin.py:188} INFO - [2026-04-29T09:16:03.761+0300] {dagbag.py:545} INFO - Filling up the DagBag from /mnt/d/airflow/airflow_project/airflow_venv/lib/python3.12/site-packages/airflow/example_dags/example_datasets.py
[2026-04-29T09:16:03.814+0300] {processor.py:840} INFO - DAG(s) 'dataset_consumes_unknown_never_scheduled', 'dataset_produces_2', 'dataset_produces_1', 'consume_1_or_both_2_and_3_with_dataset_expressions', 'dataset_consumes_1_never_scheduled', 'conditional_dataset_and_time_based_timetable', 'dataset_consumes_1', 'consume_1_and_2_with_dataset_expressions', 'dataset_consumes_1_and_2', 'consume_1_or_2_with_dataset_expressions' retrieved from /mnt/d/airflow/airflow_project/airflow_venv/lib/python3.12/site-packages/airflow/example_dags/example_datasets.py
[2026-04-29T09:16:05.112+0300] {logging_mixin.py:188} INFO - [2026-04-29T09:16:05.108+0300] {override.py:1858} INFO - Created Permission View: can edit on DAG:dataset_consumes_unknown_never_scheduled
[2026-04-29T09:16:05.142+0300] {logging_mixin.py:188} INFO - [2026-04-29T09:16:05.141+0300] {override.py:1858} INFO - Created Permission View: can delete on DAG:dataset_consumes_unknown_never_scheduled
[2026-04-29T09:16:05.169+0300] {logging_mixin.py:188} INFO - [2026-04-29T09:16:05.168+0300] {override.py:1858} INFO - Created Permission View: can read on DAG:dataset_consumes_unknown_never_scheduled
[2026-04-29T09:16:05.217+0300] {logging_mixin.py:188} INFO - [2026-04-29T09:16:05.216+0300] {override.py:1858} INFO - Created Permission View: can edit on DAG:dataset_produces_2
[2026-04-29T09:16:05.238+0300] {logging_mixin.py:188} INFO - [2026-04-29T09:16:05.237+0300] {override.py:1858} INFO - Created Permission View: can delete on DAG:dataset_produces_2
[2026-04-29T09:16:05.262+0300] {logging_mixin.py:188} INFO - [2026-04-29T09:16:05.261+0300] {override.py:1858} INFO - Created Permission View: can read on DAG:dataset_produces_2
[2026-04-29T09:16:05.304+0300] {logging_mixin.py:188} INFO - [2026-04-29T09:16:05.304+0300] {override.py:1858} INFO - Created Permission View: can edit on DAG:dataset_produces_1
[2026-04-29T09:16:05.363+0300] {logging_mixin.py:188} INFO - [2026-04-29T09:16:05.361+0300] {override.py:1858} INFO - Created Permission View: can delete on DAG:dataset_produces_1
[2026-04-29T09:16:05.419+0300] {logging_mixin.py:188} INFO - [2026-04-29T09:16:05.417+0300] {override.py:1858} INFO - Created Permission View: can read on DAG:dataset_produces_1
[2026-04-29T09:16:05.479+0300] {logging_mixin.py:188} INFO - [2026-04-29T09:16:05.478+0300] {override.py:1858} INFO - Created Permission View: can edit on DAG:consume_1_or_both_2_and_3_with_dataset_expressions
[2026-04-29T09:16:05.524+0300] {logging_mixin.py:188} INFO - [2026-04-29T09:16:05.523+0300] {override.py:1858} INFO - Created Permission View: can delete on DAG:consume_1_or_both_2_and_3_with_dataset_expressions
[2026-04-29T09:16:05.582+0300] {logging_mixin.py:188} INFO - [2026-04-29T09:16:05.580+0300] {override.py:1858} INFO - Created Permission View: can read on DAG:consume_1_or_both_2_and_3_with_dataset_expressions
[2026-04-29T09:16:05.691+0300] {logging_mixin.py:188} INFO - [2026-04-29T09:16:05.690+0300] {override.py:1858} INFO - Created Permission View: can edit on DAG:dataset_consumes_1_never_scheduled
[2026-04-29T09:16:05.762+0300] {logging_mixin.py:188} INFO - [2026-04-29T09:16:05.759+0300] {override.py:1858} INFO - Created Permission View: can delete on DAG:dataset_consumes_1_never_scheduled
[2026-04-29T09:16:05.825+0300] {logging_mixin.py:188} INFO - [2026-04-29T09:16:05.823+0300] {override.py:1858} INFO - Created Permission View: can read on DAG:dataset_consumes_1_never_scheduled
[2026-04-29T09:16:05.941+0300] {logging_mixin.py:188} INFO - [2026-04-29T09:16:05.939+0300] {override.py:1858} INFO - Created Permission View: can edit on DAG:conditional_dataset_and_time_based_timetable
[2026-04-29T09:16:06.018+0300] {logging_mixin.py:188} INFO - [2026-04-29T09:16:06.017+0300] {override.py:1858} INFO - Created Permission View: can delete on DAG:conditional_dataset_and_time_based_timetable
[2026-04-29T09:16:06.051+0300] {logging_mixin.py:188} INFO - [2026-04-29T09:16:06.049+0300] {override.py:1858} INFO - Created Permission View: can read on DAG:conditional_dataset_and_time_based_timetable
[2026-04-29T09:16:06.136+0300] {logging_mixin.py:188} INFO - [2026-04-29T09:16:06.134+0300] {override.py:1858} INFO - Created Permission View: can edit on DAG:dataset_consumes_1
[2026-04-29T09:16:06.168+0300] {logging_mixin.py:188} INFO - [2026-04-29T09:16:06.165+0300] {override.py:1858} INFO - Created Permission View: can delete on DAG:dataset_consumes_1
[2026-04-29T09:16:06.210+0300] {logging_mixin.py:188} INFO - [2026-04-29T09:16:06.208+0300] {override.py:1858} INFO - Created Permission View: can read on DAG:dataset_consumes_1
[2026-04-29T09:16:06.313+0300] {logging_mixin.py:188} INFO - [2026-04-29T09:16:06.312+0300] {override.py:1858} INFO - Created Permission View: can edit on DAG:consume_1_and_2_with_dataset_expressions
[2026-04-29T09:16:06.364+0300] {logging_mixin.py:188} INFO - [2026-04-29T09:16:06.362+0300] {override.py:1858} INFO - Created Permission View: can delete on DAG:consume_1_and_2_with_dataset_expressions
[2026-04-29T09:16:06.424+0300] {logging_mixin.py:188} INFO - [2026-04-29T09:16:06.422+0300] {override.py:1858} INFO - Created Permission View: can read on DAG:consume_1_and_2_with_dataset_expressions
[2026-04-29T09:16:06.526+0300] {logging_mixin.py:188} INFO - [2026-04-29T09:16:06.525+0300] {override.py:1858} INFO - Created Permission View: can edit on DAG:dataset_consumes_1_and_2
[2026-04-29T09:16:06.584+0300] {logging_mixin.py:188} INFO - [2026-04-29T09:16:06.583+0300] {override.py:1858} INFO - Created Permission View: can delete on DAG:dataset_consumes_1_and_2
[2026-04-29T09:16:06.648+0300] {logging_mixin.py:188} INFO - [2026-04-29T09:16:06.644+0300] {override.py:1858} INFO - Created Permission View: can read on DAG:dataset_consumes_1_and_2
[2026-04-29T09:16:06.736+0300] {logging_mixin.py:188} INFO - [2026-04-29T09:16:06.734+0300] {override.py:1858} INFO - Created Permission View: can edit on DAG:consume_1_or_2_with_dataset_expressions
[2026-04-29T09:16:06.790+0300] {logging_mixin.py:188} INFO - [2026-04-29T09:16:06.788+0300] {override.py:1858} INFO - Created Permission View: can delete on DAG:consume_1_or_2_with_dataset_expressions
[2026-04-29T09:16:06.852+0300] {logging_mixin.py:188} INFO - [2026-04-29T09:16:06.851+0300] {override.py:1858} INFO - Created Permission View: can read on DAG:consume_1_or_2_with_dataset_expressions
[2026-04-29T09:16:06.855+0300] {logging_mixin.py:188} INFO - [2026-04-29T09:16:06.854+0300] {dag.py:3089} INFO - Sync 10 DAGs
[2026-04-29T09:16:06.880+0300] {logging_mixin.py:188} INFO - [2026-04-29T09:16:06.878+0300] {dag.py:3111} INFO - Creating ORM DAG for dataset_consumes_1
[2026-04-29T09:16:06.883+0300] {logging_mixin.py:188} INFO - [2026-04-29T09:16:06.882+0300] {dag.py:3111} INFO - Creating ORM DAG for conditional_dataset_and_time_based_timetable
[2026-04-29T09:16:06.887+0300] {logging_mixin.py:188} INFO - [2026-04-29T09:16:06.885+0300] {dag.py:3111} INFO - Creating ORM DAG for consume_1_or_both_2_and_3_with_dataset_expressions
[2026-04-29T09:16:06.891+0300] {logging_mixin.py:188} INFO - [2026-04-29T09:16:06.889+0300] {dag.py:3111} INFO - Creating ORM DAG for dataset_produces_2
[2026-04-29T09:16:06.894+0300] {logging_mixin.py:188} INFO - [2026-04-29T09:16:06.893+0300] {dag.py:3111} INFO - Creating ORM DAG for consume_1_or_2_with_dataset_expressions
[2026-04-29T09:16:06.897+0300] {logging_mixin.py:188} INFO - [2026-04-29T09:16:06.895+0300] {dag.py:3111} INFO - Creating ORM DAG for consume_1_and_2_with_dataset_expressions
[2026-04-29T09:16:06.900+0300] {logging_mixin.py:188} INFO - [2026-04-29T09:16:06.899+0300] {dag.py:3111} INFO - Creating ORM DAG for dataset_consumes_unknown_never_scheduled
[2026-04-29T09:16:06.902+0300] {logging_mixin.py:188} INFO - [2026-04-29T09:16:06.901+0300] {dag.py:3111} INFO - Creating ORM DAG for dataset_consumes_1_never_scheduled
[2026-04-29T09:16:06.904+0300] {logging_mixin.py:188} INFO - [2026-04-29T09:16:06.903+0300] {dag.py:3111} INFO - Creating ORM DAG for dataset_consumes_1_and_2
[2026-04-29T09:16:06.906+0300] {logging_mixin.py:188} INFO - [2026-04-29T09:16:06.905+0300] {dag.py:3111} INFO - Creating ORM DAG for dataset_produces_1
[2026-04-29T09:16:06.921+0300] {logging_mixin.py:188} INFO - [2026-04-29T09:16:06.919+0300] {dag.py:3947} INFO - Setting next_dagrun for conditional_dataset_and_time_based_timetable to 2026-04-29 01:00:00+00:00, run_after=2026-04-29 01:00:00+00:00
[2026-04-29T09:16:06.925+0300] {logging_mixin.py:188} INFO - [2026-04-29T09:16:06.923+0300] {dag.py:3947} INFO - Setting next_dagrun for consume_1_and_2_with_dataset_expressions to None, run_after=None
[2026-04-29T09:16:06.928+0300] {logging_mixin.py:188} INFO - [2026-04-29T09:16:06.926+0300] {dag.py:3947} INFO - Setting next_dagrun for consume_1_or_2_with_dataset_expressions to None, run_after=None
[2026-04-29T09:16:06.931+0300] {logging_mixin.py:188} INFO - [2026-04-29T09:16:06.929+0300] {dag.py:3947} INFO - Setting next_dagrun for consume_1_or_both_2_and_3_with_dataset_expressions to None, run_after=None
[2026-04-29T09:16:06.934+0300] {logging_mixin.py:188} INFO - [2026-04-29T09:16:06.933+0300] {dag.py:3947} INFO - Setting next_dagrun for dataset_consumes_1 to None, run_after=None
[2026-04-29T09:16:06.936+0300] {logging_mixin.py:188} INFO - [2026-04-29T09:16:06.935+0300] {dag.py:3947} INFO - Setting next_dagrun for dataset_consumes_1_and_2 to None, run_after=None
[2026-04-29T09:16:06.938+0300] {logging_mixin.py:188} INFO - [2026-04-29T09:16:06.937+0300] {dag.py:3947} INFO - Setting next_dagrun for dataset_consumes_1_never_scheduled to None, run_after=None
[2026-04-29T09:16:06.941+0300] {logging_mixin.py:188} INFO - [2026-04-29T09:16:06.940+0300] {dag.py:3947} INFO - Setting next_dagrun for dataset_consumes_unknown_never_scheduled to None, run_after=None
[2026-04-29T09:16:06.945+0300] {logging_mixin.py:188} INFO - [2026-04-29T09:16:06.944+0300] {dag.py:3947} INFO - Setting next_dagrun for dataset_produces_1 to 2026-04-28 00:00:00+00:00, run_after=2026-04-29 00:00:00+00:00
[2026-04-29T09:16:06.947+0300] {logging_mixin.py:188} INFO - [2026-04-29T09:16:06.946+0300] {dag.py:3947} INFO - Setting next_dagrun for dataset_produces_2 to None, run_after=None
[2026-04-29T09:16:07.068+0300] {processor.py:183} INFO - Processing /mnt/d/airflow/airflow_project/airflow_venv/lib/python3.12/site-packages/airflow/example_dags/example_datasets.py took 3.348 seconds
[2026-04-29T09:17:55.665+0300] {processor.py:161} INFO - Started process (PID=27451) to work on /mnt/d/airflow/airflow_project/airflow_venv/lib/python3.12/site-packages/airflow/example_dags/example_datasets.py
[2026-04-29T09:17:55.667+0300] {processor.py:830} INFO - Processing file /mnt/d/airflow/airflow_project/airflow_venv/lib/python3.12/site-packages/airflow/example_dags/example_datasets.py for tasks to queue
[2026-04-29T09:17:55.671+0300] {logging_mixin.py:188} INFO - [2026-04-29T09:17:55.670+0300] {dagbag.py:545} INFO - Filling up the DagBag from /mnt/d/airflow/airflow_project/airflow_venv/lib/python3.12/site-packages/airflow/example_dags/example_datasets.py
[2026-04-29T09:17:55.731+0300] {processor.py:840} INFO - DAG(s) 'consume_1_or_both_2_and_3_with_dataset_expressions', 'dataset_produces_2', 'dataset_consumes_1_and_2', 'dataset_consumes_1_never_scheduled', 'consume_1_and_2_with_dataset_expressions', 'consume_1_or_2_with_dataset_expressions', 'dataset_consumes_unknown_never_scheduled', 'dataset_produces_1', 'dataset_consumes_1', 'conditional_dataset_and_time_based_timetable' retrieved from /mnt/d/airflow/airflow_project/airflow_venv/lib/python3.12/site-packages/airflow/example_dags/example_datasets.py
[2026-04-29T09:17:55.820+0300] {logging_mixin.py:188} INFO - [2026-04-29T09:17:55.818+0300] {dag.py:3089} INFO - Sync 10 DAGs
[2026-04-29T09:17:55.846+0300] {logging_mixin.py:188} INFO - [2026-04-29T09:17:55.844+0300] {dag.py:3947} INFO - Setting next_dagrun for conditional_dataset_and_time_based_timetable to 2026-04-29 01:00:00+00:00, run_after=2026-04-29 01:00:00+00:00
[2026-04-29T09:17:55.852+0300] {logging_mixin.py:188} INFO - [2026-04-29T09:17:55.851+0300] {dag.py:3947} INFO - Setting next_dagrun for consume_1_and_2_with_dataset_expressions to None, run_after=None
[2026-04-29T09:17:55.859+0300] {logging_mixin.py:188} INFO - [2026-04-29T09:17:55.856+0300] {dag.py:3947} INFO - Setting next_dagrun for consume_1_or_2_with_dataset_expressions to None, run_after=None
[2026-04-29T09:17:55.864+0300] {logging_mixin.py:188} INFO - [2026-04-29T09:17:55.863+0300] {dag.py:3947} INFO - Setting next_dagrun for consume_1_or_both_2_and_3_with_dataset_expressions to None, run_after=None
[2026-04-29T09:17:55.869+0300] {logging_mixin.py:188} INFO - [2026-04-29T09:17:55.868+0300] {dag.py:3947} INFO - Setting next_dagrun for dataset_consumes_1 to None, run_after=None
[2026-04-29T09:17:55.874+0300] {logging_mixin.py:188} INFO - [2026-04-29T09:17:55.873+0300] {dag.py:3947} INFO - Setting next_dagrun for dataset_consumes_1_and_2 to None, run_after=None
[2026-04-29T09:17:55.879+0300] {logging_mixin.py:188} INFO - [2026-04-29T09:17:55.878+0300] {dag.py:3947} INFO - Setting next_dagrun for dataset_consumes_1_never_scheduled to None, run_after=None
[2026-04-29T09:17:55.885+0300] {logging_mixin.py:188} INFO - [2026-04-29T09:17:55.883+0300] {dag.py:3947} INFO - Setting next_dagrun for dataset_consumes_unknown_never_scheduled to None, run_after=None
[2026-04-29T09:17:55.891+0300] {logging_mixin.py:188} INFO - [2026-04-29T09:17:55.888+0300] {dag.py:3947} INFO - Setting next_dagrun for dataset_produces_1 to 2026-04-28 00:00:00+00:00, run_after=2026-04-29 00:00:00+00:00
[2026-04-29T09:17:55.896+0300] {logging_mixin.py:188} INFO - [2026-04-29T09:17:55.895+0300] {dag.py:3947} INFO - Setting next_dagrun for dataset_produces_2 to None, run_after=None
[2026-04-29T09:17:56.044+0300] {processor.py:183} INFO - Processing /mnt/d/airflow/airflow_project/airflow_venv/lib/python3.12/site-packages/airflow/example_dags/example_datasets.py took 0.397 seconds
[2026-04-29T09:20:08.286+0300] {processor.py:161} INFO - Started process (PID=28260) to work on /mnt/d/airflow/airflow_project/airflow_venv/lib/python3.12/site-packages/airflow/example_dags/example_datasets.py
[2026-04-29T09:20:08.289+0300] {processor.py:830} INFO - Processing file /mnt/d/airflow/airflow_project/airflow_venv/lib/python3.12/site-packages/airflow/example_dags/example_datasets.py for tasks to queue
[2026-04-29T09:20:08.296+0300] {logging_mixin.py:188} INFO - [2026-04-29T09:20:08.293+0300] {dagbag.py:545} INFO - Filling up the DagBag from /mnt/d/airflow/airflow_project/airflow_venv/lib/python3.12/site-packages/airflow/example_dags/example_datasets.py
[2026-04-29T09:20:08.398+0300] {processor.py:840} INFO - DAG(s) 'consume_1_or_2_with_dataset_expressions', 'conditional_dataset_and_time_based_timetable', 'consume_1_and_2_with_dataset_expressions', 'dataset_produces_1', 'consume_1_or_both_2_and_3_with_dataset_expressions', 'dataset_consumes_unknown_never_scheduled', 'dataset_produces_2', 'dataset_consumes_1', 'dataset_consumes_1_and_2', 'dataset_consumes_1_never_scheduled' retrieved from /mnt/d/airflow/airflow_project/airflow_venv/lib/python3.12/site-packages/airflow/example_dags/example_datasets.py
[2026-04-29T09:20:08.533+0300] {logging_mixin.py:188} INFO - [2026-04-29T09:20:08.531+0300] {dag.py:3089} INFO - Sync 10 DAGs
[2026-04-29T09:20:08.576+0300] {logging_mixin.py:188} INFO - [2026-04-29T09:20:08.574+0300] {dag.py:3947} INFO - Setting next_dagrun for conditional_dataset_and_time_based_timetable to 2026-04-29 01:00:00+00:00, run_after=2026-04-29 01:00:00+00:00
[2026-04-29T09:20:08.586+0300] {logging_mixin.py:188} INFO - [2026-04-29T09:20:08.584+0300] {dag.py:3947} INFO - Setting next_dagrun for consume_1_and_2_with_dataset_expressions to None, run_after=None
[2026-04-29T09:20:08.595+0300] {logging_mixin.py:188} INFO - [2026-04-29T09:20:08.593+0300] {dag.py:3947} INFO - Setting next_dagrun for consume_1_or_2_with_dataset_expressions to None, run_after=None
[2026-04-29T09:20:08.604+0300] {logging_mixin.py:188} INFO - [2026-04-29T09:20:08.602+0300] {dag.py:3947} INFO - Setting next_dagrun for consume_1_or_both_2_and_3_with_dataset_expressions to None, run_after=None
[2026-04-29T09:20:08.613+0300] {logging_mixin.py:188} INFO - [2026-04-29T09:20:08.611+0300] {dag.py:3947} INFO - Setting next_dagrun for dataset_consumes_1 to None, run_after=None
[2026-04-29T09:20:08.622+0300] {logging_mixin.py:188} INFO - [2026-04-29T09:20:08.620+0300] {dag.py:3947} INFO - Setting next_dagrun for dataset_consumes_1_and_2 to None, run_after=None
[2026-04-29T09:20:08.629+0300] {logging_mixin.py:188} INFO - [2026-04-29T09:20:08.627+0300] {dag.py:3947} INFO - Setting next_dagrun for dataset_consumes_1_never_scheduled to None, run_after=None
[2026-04-29T09:20:08.636+0300] {logging_mixin.py:188} INFO - [2026-04-29T09:20:08.634+0300] {dag.py:3947} INFO - Setting next_dagrun for dataset_consumes_unknown_never_scheduled to None, run_after=None
[2026-04-29T09:20:08.646+0300] {logging_mixin.py:188} INFO - [2026-04-29T09:20:08.645+0300] {dag.py:3947} INFO - Setting next_dagrun for dataset_produces_1 to 2026-04-28 00:00:00+00:00, run_after=2026-04-29 00:00:00+00:00
[2026-04-29T09:20:08.652+0300] {logging_mixin.py:188} INFO - [2026-04-29T09:20:08.651+0300] {dag.py:3947} INFO - Setting next_dagrun for dataset_produces_2 to None, run_after=None
[2026-04-29T09:20:08.911+0300] {processor.py:183} INFO - Processing /mnt/d/airflow/airflow_project/airflow_venv/lib/python3.12/site-packages/airflow/example_dags/example_datasets.py took 0.656 seconds
[2026-04-29T09:22:18.571+0300] {processor.py:161} INFO - Started process (PID=29004) to work on /mnt/d/airflow/airflow_project/airflow_venv/lib/python3.12/site-packages/airflow/example_dags/example_datasets.py
[2026-04-29T09:22:18.574+0300] {processor.py:830} INFO - Processing file /mnt/d/airflow/airflow_project/airflow_venv/lib/python3.12/site-packages/airflow/example_dags/example_datasets.py for tasks to queue
[2026-04-29T09:22:18.580+0300] {logging_mixin.py:188} INFO - [2026-04-29T09:22:18.578+0300] {dagbag.py:545} INFO - Filling up the DagBag from /mnt/d/airflow/airflow_project/airflow_venv/lib/python3.12/site-packages/airflow/example_dags/example_datasets.py
[2026-04-29T09:22:18.663+0300] {processor.py:840} INFO - DAG(s) 'dataset_consumes_1_and_2', 'consume_1_or_both_2_and_3_with_dataset_expressions', 'dataset_consumes_unknown_never_scheduled', 'dataset_consumes_1', 'conditional_dataset_and_time_based_timetable', 'dataset_produces_2', 'consume_1_and_2_with_dataset_expressions', 'dataset_consumes_1_never_scheduled', 'consume_1_or_2_with_dataset_expressions', 'dataset_produces_1' retrieved from /mnt/d/airflow/airflow_project/airflow_venv/lib/python3.12/site-packages/airflow/example_dags/example_datasets.py
[2026-04-29T09:22:18.784+0300] {logging_mixin.py:188} INFO - [2026-04-29T09:22:18.782+0300] {dag.py:3089} INFO - Sync 10 DAGs
[2026-04-29T09:22:18.819+0300] {logging_mixin.py:188} INFO - [2026-04-29T09:22:18.818+0300] {dag.py:3947} INFO - Setting next_dagrun for conditional_dataset_and_time_based_timetable to 2026-04-29 01:00:00+00:00, run_after=2026-04-29 01:00:00+00:00
[2026-04-29T09:22:18.826+0300] {logging_mixin.py:188} INFO - [2026-04-29T09:22:18.825+0300] {dag.py:3947} INFO - Setting next_dagrun for consume_1_and_2_with_dataset_expressions to None, run_after=None
[2026-04-29T09:22:18.842+0300] {logging_mixin.py:188} INFO - [2026-04-29T09:22:18.841+0300] {dag.py:3947} INFO - Setting next_dagrun for consume_1_or_2_with_dataset_expressions to None, run_after=None
[2026-04-29T09:22:18.848+0300] {logging_mixin.py:188} INFO - [2026-04-29T09:22:18.846+0300] {dag.py:3947} INFO - Setting next_dagrun for consume_1_or_both_2_and_3_with_dataset_expressions to None, run_after=None
[2026-04-29T09:22:18.854+0300] {logging_mixin.py:188} INFO - [2026-04-29T09:22:18.853+0300] {dag.py:3947} INFO - Setting next_dagrun for dataset_consumes_1 to None, run_after=None
[2026-04-29T09:22:18.861+0300] {logging_mixin.py:188} INFO - [2026-04-29T09:22:18.860+0300] {dag.py:3947} INFO - Setting next_dagrun for dataset_consumes_1_and_2 to None, run_after=None
[2026-04-29T09:22:18.866+0300] {logging_mixin.py:188} INFO - [2026-04-29T09:22:18.864+0300] {dag.py:3947} INFO - Setting next_dagrun for dataset_consumes_1_never_scheduled to None, run_after=None
[2026-04-29T09:22:18.873+0300] {logging_mixin.py:188} INFO - [2026-04-29T09:22:18.871+0300] {dag.py:3947} INFO - Setting next_dagrun for dataset_consumes_unknown_never_scheduled to None, run_after=None
[2026-04-29T09:22:18.882+0300] {logging_mixin.py:188} INFO - [2026-04-29T09:22:18.881+0300] {dag.py:3947} INFO - Setting next_dagrun for dataset_produces_1 to 2026-04-28 00:00:00+00:00, run_after=2026-04-29 00:00:00+00:00
[2026-04-29T09:22:18.889+0300] {logging_mixin.py:188} INFO - [2026-04-29T09:22:18.887+0300] {dag.py:3947} INFO - Setting next_dagrun for dataset_produces_2 to None, run_after=None
[2026-04-29T09:22:19.065+0300] {processor.py:183} INFO - Processing /mnt/d/airflow/airflow_project/airflow_venv/lib/python3.12/site-packages/airflow/example_dags/example_datasets.py took 0.524 seconds
[2026-04-29T09:24:22.059+0300] {processor.py:161} INFO - Started process (PID=29716) to work on /mnt/d/airflow/airflow_project/airflow_venv/lib/python3.12/site-packages/airflow/example_dags/example_datasets.py
[2026-04-29T09:24:22.061+0300] {processor.py:830} INFO - Processing file /mnt/d/airflow/airflow_project/airflow_venv/lib/python3.12/site-packages/airflow/example_dags/example_datasets.py for tasks to queue
[2026-04-29T09:24:22.069+0300] {logging_mixin.py:188} INFO - [2026-04-29T09:24:22.065+0300] {dagbag.py:545} INFO - Filling up the DagBag from /mnt/d/airflow/airflow_project/airflow_venv/lib/python3.12/site-packages/airflow/example_dags/example_datasets.py
[2026-04-29T09:24:22.153+0300] {processor.py:840} INFO - DAG(s) 'dataset_produces_2', 'dataset_consumes_1_and_2', 'dataset_consumes_1_never_scheduled', 'dataset_consumes_unknown_never_scheduled', 'dataset_consumes_1', 'consume_1_and_2_with_dataset_expressions', 'consume_1_or_2_with_dataset_expressions', 'dataset_produces_1', 'conditional_dataset_and_time_based_timetable', 'consume_1_or_both_2_and_3_with_dataset_expressions' retrieved from /mnt/d/airflow/airflow_project/airflow_venv/lib/python3.12/site-packages/airflow/example_dags/example_datasets.py
[2026-04-29T09:24:22.300+0300] {logging_mixin.py:188} INFO - [2026-04-29T09:24:22.297+0300] {dag.py:3089} INFO - Sync 10 DAGs
[2026-04-29T09:24:22.352+0300] {logging_mixin.py:188} INFO - [2026-04-29T09:24:22.348+0300] {dag.py:3947} INFO - Setting next_dagrun for conditional_dataset_and_time_based_timetable to 2026-04-29 01:00:00+00:00, run_after=2026-04-29 01:00:00+00:00
[2026-04-29T09:24:22.372+0300] {logging_mixin.py:188} INFO - [2026-04-29T09:24:22.369+0300] {dag.py:3947} INFO - Setting next_dagrun for consume_1_and_2_with_dataset_expressions to None, run_after=None
[2026-04-29T09:24:22.386+0300] {logging_mixin.py:188} INFO - [2026-04-29T09:24:22.383+0300] {dag.py:3947} INFO - Setting next_dagrun for consume_1_or_2_with_dataset_expressions to None, run_after=None
[2026-04-29T09:24:22.398+0300] {logging_mixin.py:188} INFO - [2026-04-29T09:24:22.395+0300] {dag.py:3947} INFO - Setting next_dagrun for consume_1_or_both_2_and_3_with_dataset_expressions to None, run_after=None
[2026-04-29T09:24:22.408+0300] {logging_mixin.py:188} INFO - [2026-04-29T09:24:22.405+0300] {dag.py:3947} INFO - Setting next_dagrun for dataset_consumes_1 to None, run_after=None
[2026-04-29T09:24:22.414+0300] {logging_mixin.py:188} INFO - [2026-04-29T09:24:22.412+0300] {dag.py:3947} INFO - Setting next_dagrun for dataset_consumes_1_and_2 to None, run_after=None
[2026-04-29T09:24:22.426+0300] {logging_mixin.py:188} INFO - [2026-04-29T09:24:22.423+0300] {dag.py:3947} INFO - Setting next_dagrun for dataset_consumes_1_never_scheduled to None, run_after=None
[2026-04-29T09:24:22.435+0300] {logging_mixin.py:188} INFO - [2026-04-29T09:24:22.433+0300] {dag.py:3947} INFO - Setting next_dagrun for dataset_consumes_unknown_never_scheduled to None, run_after=None
[2026-04-29T09:24:22.444+0300] {logging_mixin.py:188} INFO - [2026-04-29T09:24:22.442+0300] {dag.py:3947} INFO - Setting next_dagrun for dataset_produces_1 to 2026-04-28 00:00:00+00:00, run_after=2026-04-29 00:00:00+00:00
[2026-04-29T09:24:22.453+0300] {logging_mixin.py:188} INFO - [2026-04-29T09:24:22.450+0300] {dag.py:3947} INFO - Setting next_dagrun for dataset_produces_2 to None, run_after=None
[2026-04-29T09:24:22.714+0300] {processor.py:183} INFO - Processing /mnt/d/airflow/airflow_project/airflow_venv/lib/python3.12/site-packages/airflow/example_dags/example_datasets.py took 0.683 seconds
[2026-04-29T09:26:46.800+0300] {processor.py:161} INFO - Started process (PID=30530) to work on /mnt/d/airflow/airflow_project/airflow_venv/lib/python3.12/site-packages/airflow/example_dags/example_datasets.py
[2026-04-29T09:26:46.805+0300] {processor.py:830} INFO - Processing file /mnt/d/airflow/airflow_project/airflow_venv/lib/python3.12/site-packages/airflow/example_dags/example_datasets.py for tasks to queue
[2026-04-29T09:26:46.814+0300] {logging_mixin.py:188} INFO - [2026-04-29T09:26:46.811+0300] {dagbag.py:545} INFO - Filling up the DagBag from /mnt/d/airflow/airflow_project/airflow_venv/lib/python3.12/site-packages/airflow/example_dags/example_datasets.py
[2026-04-29T09:26:46.940+0300] {processor.py:840} INFO - DAG(s) 'dataset_consumes_1_and_2', 'dataset_consumes_1', 'consume_1_or_both_2_and_3_with_dataset_expressions', 'dataset_produces_1', 'dataset_produces_2', 'consume_1_or_2_with_dataset_expressions', 'dataset_consumes_1_never_scheduled', 'dataset_consumes_unknown_never_scheduled', 'conditional_dataset_and_time_based_timetable', 'consume_1_and_2_with_dataset_expressions' retrieved from /mnt/d/airflow/airflow_project/airflow_venv/lib/python3.12/site-packages/airflow/example_dags/example_datasets.py
[2026-04-29T09:26:47.126+0300] {logging_mixin.py:188} INFO - [2026-04-29T09:26:47.123+0300] {dag.py:3089} INFO - Sync 10 DAGs
[2026-04-29T09:26:47.178+0300] {logging_mixin.py:188} INFO - [2026-04-29T09:26:47.175+0300] {dag.py:3947} INFO - Setting next_dagrun for conditional_dataset_and_time_based_timetable to 2026-04-29 01:00:00+00:00, run_after=2026-04-29 01:00:00+00:00
[2026-04-29T09:26:47.192+0300] {logging_mixin.py:188} INFO - [2026-04-29T09:26:47.190+0300] {dag.py:3947} INFO - Setting next_dagrun for consume_1_and_2_with_dataset_expressions to None, run_after=None
[2026-04-29T09:26:47.205+0300] {logging_mixin.py:188} INFO - [2026-04-29T09:26:47.202+0300] {dag.py:3947} INFO - Setting next_dagrun for consume_1_or_2_with_dataset_expressions to None, run_after=None
[2026-04-29T09:26:47.216+0300] {logging_mixin.py:188} INFO - [2026-04-29T09:26:47.214+0300] {dag.py:3947} INFO - Setting next_dagrun for consume_1_or_both_2_and_3_with_dataset_expressions to None, run_after=None
[2026-04-29T09:26:47.229+0300] {logging_mixin.py:188} INFO - [2026-04-29T09:26:47.226+0300] {dag.py:3947} INFO - Setting next_dagrun for dataset_consumes_1 to None, run_after=None
[2026-04-29T09:26:47.240+0300] {logging_mixin.py:188} INFO - [2026-04-29T09:26:47.238+0300] {dag.py:3947} INFO - Setting next_dagrun for dataset_consumes_1_and_2 to None, run_after=None
[2026-04-29T09:26:47.252+0300] {logging_mixin.py:188} INFO - [2026-04-29T09:26:47.249+0300] {dag.py:3947} INFO - Setting next_dagrun for dataset_consumes_1_never_scheduled to None, run_after=None
[2026-04-29T09:26:47.264+0300] {logging_mixin.py:188} INFO - [2026-04-29T09:26:47.262+0300] {dag.py:3947} INFO - Setting next_dagrun for dataset_consumes_unknown_never_scheduled to None, run_after=None
[2026-04-29T09:26:47.274+0300] {logging_mixin.py:188} INFO - [2026-04-29T09:26:47.272+0300] {dag.py:3947} INFO - Setting next_dagrun for dataset_produces_1 to 2026-04-28 00:00:00+00:00, run_after=2026-04-29 00:00:00+00:00
[2026-04-29T09:26:47.282+0300] {logging_mixin.py:188} INFO - [2026-04-29T09:26:47.279+0300] {dag.py:3947} INFO - Setting next_dagrun for dataset_produces_2 to None, run_after=None
[2026-04-29T09:26:47.552+0300] {processor.py:183} INFO - Processing /mnt/d/airflow/airflow_project/airflow_venv/lib/python3.12/site-packages/airflow/example_dags/example_datasets.py took 0.789 seconds
[2026-04-29T09:29:20.885+0300] {processor.py:161} INFO - Started process (PID=31413) to work on /mnt/d/airflow/airflow_project/airflow_venv/lib/python3.12/site-packages/airflow/example_dags/example_datasets.py
[2026-04-29T09:29:20.890+0300] {processor.py:830} INFO - Processing file /mnt/d/airflow/airflow_project/airflow_venv/lib/python3.12/site-packages/airflow/example_dags/example_datasets.py for tasks to queue
[2026-04-29T09:29:20.898+0300] {logging_mixin.py:188} INFO - [2026-04-29T09:29:20.896+0300] {dagbag.py:545} INFO - Filling up the DagBag from /mnt/d/airflow/airflow_project/airflow_venv/lib/python3.12/site-packages/airflow/example_dags/example_datasets.py
[2026-04-29T09:29:20.998+0300] {processor.py:840} INFO - DAG(s) 'dataset_consumes_1_never_scheduled', 'consume_1_and_2_with_dataset_expressions', 'dataset_produces_2', 'conditional_dataset_and_time_based_timetable', 'dataset_consumes_1', 'dataset_consumes_1_and_2', 'dataset_produces_1', 'consume_1_or_both_2_and_3_with_dataset_expressions', 'consume_1_or_2_with_dataset_expressions', 'dataset_consumes_unknown_never_scheduled' retrieved from /mnt/d/airflow/airflow_project/airflow_venv/lib/python3.12/site-packages/airflow/example_dags/example_datasets.py
[2026-04-29T09:29:21.135+0300] {logging_mixin.py:188} INFO - [2026-04-29T09:29:21.133+0300] {dag.py:3089} INFO - Sync 10 DAGs
[2026-04-29T09:29:21.176+0300] {logging_mixin.py:188} INFO - [2026-04-29T09:29:21.173+0300] {dag.py:3947} INFO - Setting next_dagrun for conditional_dataset_and_time_based_timetable to 2026-04-29 01:00:00+00:00, run_after=2026-04-29 01:00:00+00:00
[2026-04-29T09:29:21.192+0300] {logging_mixin.py:188} INFO - [2026-04-29T09:29:21.189+0300] {dag.py:3947} INFO - Setting next_dagrun for consume_1_and_2_with_dataset_expressions to None, run_after=None
[2026-04-29T09:29:21.204+0300] {logging_mixin.py:188} INFO - [2026-04-29T09:29:21.201+0300] {dag.py:3947} INFO - Setting next_dagrun for consume_1_or_2_with_dataset_expressions to None, run_after=None
[2026-04-29T09:29:21.214+0300] {logging_mixin.py:188} INFO - [2026-04-29T09:29:21.212+0300] {dag.py:3947} INFO - Setting next_dagrun for consume_1_or_both_2_and_3_with_dataset_expressions to None, run_after=None
[2026-04-29T09:29:21.222+0300] {logging_mixin.py:188} INFO - [2026-04-29T09:29:21.221+0300] {dag.py:3947} INFO - Setting next_dagrun for dataset_consumes_1 to None, run_after=None
[2026-04-29T09:29:21.232+0300] {logging_mixin.py:188} INFO - [2026-04-29T09:29:21.230+0300] {dag.py:3947} INFO - Setting next_dagrun for dataset_consumes_1_and_2 to None, run_after=None
[2026-04-29T09:29:21.245+0300] {logging_mixin.py:188} INFO - [2026-04-29T09:29:21.240+0300] {dag.py:3947} INFO - Setting next_dagrun for dataset_consumes_1_never_scheduled to None, run_after=None
[2026-04-29T09:29:21.317+0300] {logging_mixin.py:188} INFO - [2026-04-29T09:29:21.313+0300] {dag.py:3947} INFO - Setting next_dagrun for dataset_consumes_unknown_never_scheduled to None, run_after=None
[2026-04-29T09:29:21.337+0300] {logging_mixin.py:188} INFO - [2026-04-29T09:29:21.335+0300] {dag.py:3947} INFO - Setting next_dagrun for dataset_produces_1 to 2026-04-28 00:00:00+00:00, run_after=2026-04-29 00:00:00+00:00
[2026-04-29T09:29:21.349+0300] {logging_mixin.py:188} INFO - [2026-04-29T09:29:21.347+0300] {dag.py:3947} INFO - Setting next_dagrun for dataset_produces_2 to None, run_after=None
[2026-04-29T09:29:21.605+0300] {processor.py:183} INFO - Processing /mnt/d/airflow/airflow_project/airflow_venv/lib/python3.12/site-packages/airflow/example_dags/example_datasets.py took 0.754 seconds
[2026-04-29T09:31:59.305+0300] {processor.py:161} INFO - Started process (PID=32350) to work on /mnt/d/airflow/airflow_project/airflow_venv/lib/python3.12/site-packages/airflow/example_dags/example_datasets.py
[2026-04-29T09:31:59.308+0300] {processor.py:830} INFO - Processing file /mnt/d/airflow/airflow_project/airflow_venv/lib/python3.12/site-packages/airflow/example_dags/example_datasets.py for tasks to queue
[2026-04-29T09:31:59.312+0300] {logging_mixin.py:188} INFO - [2026-04-29T09:31:59.311+0300] {dagbag.py:545} INFO - Filling up the DagBag from /mnt/d/airflow/airflow_project/airflow_venv/lib/python3.12/site-packages/airflow/example_dags/example_datasets.py
[2026-04-29T09:31:59.415+0300] {processor.py:840} INFO - DAG(s) 'dataset_produces_1', 'dataset_consumes_unknown_never_scheduled', 'dataset_consumes_1_and_2', 'dataset_produces_2', 'consume_1_and_2_with_dataset_expressions', 'consume_1_or_both_2_and_3_with_dataset_expressions', 'dataset_consumes_1_never_scheduled', 'conditional_dataset_and_time_based_timetable', 'consume_1_or_2_with_dataset_expressions', 'dataset_consumes_1' retrieved from /mnt/d/airflow/airflow_project/airflow_venv/lib/python3.12/site-packages/airflow/example_dags/example_datasets.py
[2026-04-29T09:31:59.552+0300] {logging_mixin.py:188} INFO - [2026-04-29T09:31:59.550+0300] {dag.py:3089} INFO - Sync 10 DAGs
[2026-04-29T09:31:59.587+0300] {logging_mixin.py:188} INFO - [2026-04-29T09:31:59.585+0300] {dag.py:3947} INFO - Setting next_dagrun for conditional_dataset_and_time_based_timetable to 2026-04-29 01:00:00+00:00, run_after=2026-04-29 01:00:00+00:00
[2026-04-29T09:31:59.604+0300] {logging_mixin.py:188} INFO - [2026-04-29T09:31:59.601+0300] {dag.py:3947} INFO - Setting next_dagrun for consume_1_and_2_with_dataset_expressions to None, run_after=None
[2026-04-29T09:31:59.636+0300] {logging_mixin.py:188} INFO - [2026-04-29T09:31:59.632+0300] {dag.py:3947} INFO - Setting next_dagrun for consume_1_or_2_with_dataset_expressions to None, run_after=None
[2026-04-29T09:31:59.657+0300] {logging_mixin.py:188} INFO - [2026-04-29T09:31:59.654+0300] {dag.py:3947} INFO - Setting next_dagrun for consume_1_or_both_2_and_3_with_dataset_expressions to None, run_after=None
[2026-04-29T09:31:59.667+0300] {logging_mixin.py:188} INFO - [2026-04-29T09:31:59.665+0300] {dag.py:3947} INFO - Setting next_dagrun for dataset_consumes_1 to None, run_after=None
[2026-04-29T09:31:59.677+0300] {logging_mixin.py:188} INFO - [2026-04-29T09:31:59.676+0300] {dag.py:3947} INFO - Setting next_dagrun for dataset_consumes_1_and_2 to None, run_after=None
[2026-04-29T09:31:59.687+0300] {logging_mixin.py:188} INFO - [2026-04-29T09:31:59.685+0300] {dag.py:3947} INFO - Setting next_dagrun for dataset_consumes_1_never_scheduled to None, run_after=None
[2026-04-29T09:31:59.694+0300] {logging_mixin.py:188} INFO - [2026-04-29T09:31:59.693+0300] {dag.py:3947} INFO - Setting next_dagrun for dataset_consumes_unknown_never_scheduled to None, run_after=None
[2026-04-29T09:31:59.704+0300] {logging_mixin.py:188} INFO - [2026-04-29T09:31:59.702+0300] {dag.py:3947} INFO - Setting next_dagrun for dataset_produces_1 to 2026-04-28 00:00:00+00:00, run_after=2026-04-29 00:00:00+00:00
[2026-04-29T09:31:59.736+0300] {logging_mixin.py:188} INFO - [2026-04-29T09:31:59.734+0300] {dag.py:3947} INFO - Setting next_dagrun for dataset_produces_2 to None, run_after=None
[2026-04-29T09:31:59.881+0300] {processor.py:183} INFO - Processing /mnt/d/airflow/airflow_project/airflow_venv/lib/python3.12/site-packages/airflow/example_dags/example_datasets.py took 0.608 seconds
[2026-04-29T09:34:24.875+0300] {processor.py:161} INFO - Started process (PID=33209) to work on /mnt/d/airflow/airflow_project/airflow_venv/lib/python3.12/site-packages/airflow/example_dags/example_datasets.py
[2026-04-29T09:34:24.877+0300] {processor.py:830} INFO - Processing file /mnt/d/airflow/airflow_project/airflow_venv/lib/python3.12/site-packages/airflow/example_dags/example_datasets.py for tasks to queue
[2026-04-29T09:34:24.881+0300] {logging_mixin.py:188} INFO - [2026-04-29T09:34:24.880+0300] {dagbag.py:545} INFO - Filling up the DagBag from /mnt/d/airflow/airflow_project/airflow_venv/lib/python3.12/site-packages/airflow/example_dags/example_datasets.py
[2026-04-29T09:34:24.948+0300] {processor.py:840} INFO - DAG(s) 'dataset_produces_2', 'dataset_consumes_1_and_2', 'consume_1_or_both_2_and_3_with_dataset_expressions', 'dataset_produces_1', 'dataset_consumes_unknown_never_scheduled', 'dataset_consumes_1', 'consume_1_or_2_with_dataset_expressions', 'conditional_dataset_and_time_based_timetable', 'dataset_consumes_1_never_scheduled', 'consume_1_and_2_with_dataset_expressions' retrieved from /mnt/d/airflow/airflow_project/airflow_venv/lib/python3.12/site-packages/airflow/example_dags/example_datasets.py
[2026-04-29T09:34:25.022+0300] {logging_mixin.py:188} INFO - [2026-04-29T09:34:25.021+0300] {dag.py:3089} INFO - Sync 10 DAGs
[2026-04-29T09:34:25.048+0300] {logging_mixin.py:188} INFO - [2026-04-29T09:34:25.046+0300] {dag.py:3947} INFO - Setting next_dagrun for conditional_dataset_and_time_based_timetable to 2026-04-29 01:00:00+00:00, run_after=2026-04-29 01:00:00+00:00
[2026-04-29T09:34:25.055+0300] {logging_mixin.py:188} INFO - [2026-04-29T09:34:25.054+0300] {dag.py:3947} INFO - Setting next_dagrun for consume_1_and_2_with_dataset_expressions to None, run_after=None
[2026-04-29T09:34:25.059+0300] {logging_mixin.py:188} INFO - [2026-04-29T09:34:25.058+0300] {dag.py:3947} INFO - Setting next_dagrun for consume_1_or_2_with_dataset_expressions to None, run_after=None
[2026-04-29T09:34:25.064+0300] {logging_mixin.py:188} INFO - [2026-04-29T09:34:25.063+0300] {dag.py:3947} INFO - Setting next_dagrun for consume_1_or_both_2_and_3_with_dataset_expressions to None, run_after=None
[2026-04-29T09:34:25.069+0300] {logging_mixin.py:188} INFO - [2026-04-29T09:34:25.067+0300] {dag.py:3947} INFO - Setting next_dagrun for dataset_consumes_1 to None, run_after=None
[2026-04-29T09:34:25.077+0300] {logging_mixin.py:188} INFO - [2026-04-29T09:34:25.074+0300] {dag.py:3947} INFO - Setting next_dagrun for dataset_consumes_1_and_2 to None, run_after=None
[2026-04-29T09:34:25.087+0300] {logging_mixin.py:188} INFO - [2026-04-29T09:34:25.084+0300] {dag.py:3947} INFO - Setting next_dagrun for dataset_consumes_1_never_scheduled to None, run_after=None
[2026-04-29T09:34:25.097+0300] {logging_mixin.py:188} INFO - [2026-04-29T09:34:25.094+0300] {dag.py:3947} INFO - Setting next_dagrun for dataset_consumes_unknown_never_scheduled to None, run_after=None
[2026-04-29T09:34:25.111+0300] {logging_mixin.py:188} INFO - [2026-04-29T09:34:25.108+0300] {dag.py:3947} INFO - Setting next_dagrun for dataset_produces_1 to 2026-04-28 00:00:00+00:00, run_after=2026-04-29 00:00:00+00:00
[2026-04-29T09:34:25.123+0300] {logging_mixin.py:188} INFO - [2026-04-29T09:34:25.120+0300] {dag.py:3947} INFO - Setting next_dagrun for dataset_produces_2 to None, run_after=None
[2026-04-29T09:34:25.375+0300] {processor.py:183} INFO - Processing /mnt/d/airflow/airflow_project/airflow_venv/lib/python3.12/site-packages/airflow/example_dags/example_datasets.py took 0.524 seconds
[2026-04-29T09:36:32.430+0300] {processor.py:161} INFO - Started process (PID=33980) to work on /mnt/d/airflow/airflow_project/airflow_venv/lib/python3.12/site-packages/airflow/example_dags/example_datasets.py
[2026-04-29T09:36:32.433+0300] {processor.py:830} INFO - Processing file /mnt/d/airflow/airflow_project/airflow_venv/lib/python3.12/site-packages/airflow/example_dags/example_datasets.py for tasks to queue
[2026-04-29T09:36:32.438+0300] {logging_mixin.py:188} INFO - [2026-04-29T09:36:32.436+0300] {dagbag.py:545} INFO - Filling up the DagBag from /mnt/d/airflow/airflow_project/airflow_venv/lib/python3.12/site-packages/airflow/example_dags/example_datasets.py
[2026-04-29T09:36:32.486+0300] {processor.py:840} INFO - DAG(s) 'consume_1_or_both_2_and_3_with_dataset_expressions', 'dataset_consumes_unknown_never_scheduled', 'dataset_consumes_1', 'consume_1_or_2_with_dataset_expressions', 'conditional_dataset_and_time_based_timetable', 'dataset_produces_1', 'dataset_produces_2', 'dataset_consumes_1_never_scheduled', 'consume_1_and_2_with_dataset_expressions', 'dataset_consumes_1_and_2' retrieved from /mnt/d/airflow/airflow_project/airflow_venv/lib/python3.12/site-packages/airflow/example_dags/example_datasets.py
[2026-04-29T09:36:32.562+0300] {logging_mixin.py:188} INFO - [2026-04-29T09:36:32.561+0300] {dag.py:3089} INFO - Sync 10 DAGs
[2026-04-29T09:36:32.596+0300] {logging_mixin.py:188} INFO - [2026-04-29T09:36:32.595+0300] {dag.py:3947} INFO - Setting next_dagrun for conditional_dataset_and_time_based_timetable to 2026-04-29 01:00:00+00:00, run_after=2026-04-29 01:00:00+00:00
[2026-04-29T09:36:32.605+0300] {logging_mixin.py:188} INFO - [2026-04-29T09:36:32.603+0300] {dag.py:3947} INFO - Setting next_dagrun for consume_1_and_2_with_dataset_expressions to None, run_after=None
[2026-04-29T09:36:32.609+0300] {logging_mixin.py:188} INFO - [2026-04-29T09:36:32.608+0300] {dag.py:3947} INFO - Setting next_dagrun for consume_1_or_2_with_dataset_expressions to None, run_after=None
[2026-04-29T09:36:32.616+0300] {logging_mixin.py:188} INFO - [2026-04-29T09:36:32.615+0300] {dag.py:3947} INFO - Setting next_dagrun for consume_1_or_both_2_and_3_with_dataset_expressions to None, run_after=None
[2026-04-29T09:36:32.621+0300] {logging_mixin.py:188} INFO - [2026-04-29T09:36:32.620+0300] {dag.py:3947} INFO - Setting next_dagrun for dataset_consumes_1 to None, run_after=None
[2026-04-29T09:36:32.628+0300] {logging_mixin.py:188} INFO - [2026-04-29T09:36:32.627+0300] {dag.py:3947} INFO - Setting next_dagrun for dataset_consumes_1_and_2 to None, run_after=None
[2026-04-29T09:36:32.632+0300] {logging_mixin.py:188} INFO - [2026-04-29T09:36:32.631+0300] {dag.py:3947} INFO - Setting next_dagrun for dataset_consumes_1_never_scheduled to None, run_after=None
[2026-04-29T09:36:32.637+0300] {logging_mixin.py:188} INFO - [2026-04-29T09:36:32.636+0300] {dag.py:3947} INFO - Setting next_dagrun for dataset_consumes_unknown_never_scheduled to None, run_after=None
[2026-04-29T09:36:32.642+0300] {logging_mixin.py:188} INFO - [2026-04-29T09:36:32.641+0300] {dag.py:3947} INFO - Setting next_dagrun for dataset_produces_1 to 2026-04-28 00:00:00+00:00, run_after=2026-04-29 00:00:00+00:00
[2026-04-29T09:36:32.645+0300] {logging_mixin.py:188} INFO - [2026-04-29T09:36:32.645+0300] {dag.py:3947} INFO - Setting next_dagrun for dataset_produces_2 to None, run_after=None
[2026-04-29T09:36:32.793+0300] {processor.py:183} INFO - Processing /mnt/d/airflow/airflow_project/airflow_venv/lib/python3.12/site-packages/airflow/example_dags/example_datasets.py took 0.380 seconds
[2026-04-29T09:38:37.630+0300] {processor.py:161} INFO - Started process (PID=34754) to work on /mnt/d/airflow/airflow_project/airflow_venv/lib/python3.12/site-packages/airflow/example_dags/example_datasets.py
[2026-04-29T09:38:37.635+0300] {processor.py:830} INFO - Processing file /mnt/d/airflow/airflow_project/airflow_venv/lib/python3.12/site-packages/airflow/example_dags/example_datasets.py for tasks to queue
[2026-04-29T09:38:37.645+0300] {logging_mixin.py:188} INFO - [2026-04-29T09:38:37.641+0300] {dagbag.py:545} INFO - Filling up the DagBag from /mnt/d/airflow/airflow_project/airflow_venv/lib/python3.12/site-packages/airflow/example_dags/example_datasets.py
[2026-04-29T09:38:37.781+0300] {processor.py:840} INFO - DAG(s) 'dataset_produces_2', 'consume_1_or_both_2_and_3_with_dataset_expressions', 'consume_1_and_2_with_dataset_expressions', 'dataset_consumes_1_and_2', 'conditional_dataset_and_time_based_timetable', 'dataset_produces_1', 'dataset_consumes_1', 'consume_1_or_2_with_dataset_expressions', 'dataset_consumes_1_never_scheduled', 'dataset_consumes_unknown_never_scheduled' retrieved from /mnt/d/airflow/airflow_project/airflow_venv/lib/python3.12/site-packages/airflow/example_dags/example_datasets.py
[2026-04-29T09:38:37.952+0300] {logging_mixin.py:188} INFO - [2026-04-29T09:38:37.948+0300] {dag.py:3089} INFO - Sync 10 DAGs
[2026-04-29T09:38:38.015+0300] {logging_mixin.py:188} INFO - [2026-04-29T09:38:38.013+0300] {dag.py:3947} INFO - Setting next_dagrun for conditional_dataset_and_time_based_timetable to 2026-04-29 01:00:00+00:00, run_after=2026-04-29 01:00:00+00:00
[2026-04-29T09:38:38.032+0300] {logging_mixin.py:188} INFO - [2026-04-29T09:38:38.030+0300] {dag.py:3947} INFO - Setting next_dagrun for consume_1_and_2_with_dataset_expressions to None, run_after=None
[2026-04-29T09:38:38.043+0300] {logging_mixin.py:188} INFO - [2026-04-29T09:38:38.041+0300] {dag.py:3947} INFO - Setting next_dagrun for consume_1_or_2_with_dataset_expressions to None, run_after=None
[2026-04-29T09:38:38.054+0300] {logging_mixin.py:188} INFO - [2026-04-29T09:38:38.051+0300] {dag.py:3947} INFO - Setting next_dagrun for consume_1_or_both_2_and_3_with_dataset_expressions to None, run_after=None
[2026-04-29T09:38:38.064+0300] {logging_mixin.py:188} INFO - [2026-04-29T09:38:38.062+0300] {dag.py:3947} INFO - Setting next_dagrun for dataset_consumes_1 to None, run_after=None
[2026-04-29T09:38:38.073+0300] {logging_mixin.py:188} INFO - [2026-04-29T09:38:38.071+0300] {dag.py:3947} INFO - Setting next_dagrun for dataset_consumes_1_and_2 to None, run_after=None
[2026-04-29T09:38:38.083+0300] {logging_mixin.py:188} INFO - [2026-04-29T09:38:38.081+0300] {dag.py:3947} INFO - Setting next_dagrun for dataset_consumes_1_never_scheduled to None, run_after=None
[2026-04-29T09:38:38.093+0300] {logging_mixin.py:188} INFO - [2026-04-29T09:38:38.090+0300] {dag.py:3947} INFO - Setting next_dagrun for dataset_consumes_unknown_never_scheduled to None, run_after=None
[2026-04-29T09:38:38.105+0300] {logging_mixin.py:188} INFO - [2026-04-29T09:38:38.103+0300] {dag.py:3947} INFO - Setting next_dagrun for dataset_produces_1 to 2026-04-28 00:00:00+00:00, run_after=2026-04-29 00:00:00+00:00
[2026-04-29T09:38:38.115+0300] {logging_mixin.py:188} INFO - [2026-04-29T09:38:38.113+0300] {dag.py:3947} INFO - Setting next_dagrun for dataset_produces_2 to None, run_after=None
[2026-04-29T09:38:38.311+0300] {processor.py:183} INFO - Processing /mnt/d/airflow/airflow_project/airflow_venv/lib/python3.12/site-packages/airflow/example_dags/example_datasets.py took 0.717 seconds
[2026-04-29T09:40:40.338+0300] {processor.py:161} INFO - Started process (PID=35471) to work on /mnt/d/airflow/airflow_project/airflow_venv/lib/python3.12/site-packages/airflow/example_dags/example_datasets.py
[2026-04-29T09:40:40.342+0300] {processor.py:830} INFO - Processing file /mnt/d/airflow/airflow_project/airflow_venv/lib/python3.12/site-packages/airflow/example_dags/example_datasets.py for tasks to queue
[2026-04-29T09:40:40.348+0300] {logging_mixin.py:188} INFO - [2026-04-29T09:40:40.346+0300] {dagbag.py:545} INFO - Filling up the DagBag from /mnt/d/airflow/airflow_project/airflow_venv/lib/python3.12/site-packages/airflow/example_dags/example_datasets.py
[2026-04-29T09:40:40.421+0300] {processor.py:840} INFO - DAG(s) 'dataset_produces_2', 'consume_1_or_both_2_and_3_with_dataset_expressions', 'dataset_consumes_1', 'consume_1_and_2_with_dataset_expressions', 'dataset_produces_1', 'consume_1_or_2_with_dataset_expressions', 'dataset_consumes_1_never_scheduled', 'dataset_consumes_1_and_2', 'conditional_dataset_and_time_based_timetable', 'dataset_consumes_unknown_never_scheduled' retrieved from /mnt/d/airflow/airflow_project/airflow_venv/lib/python3.12/site-packages/airflow/example_dags/example_datasets.py
[2026-04-29T09:40:40.525+0300] {logging_mixin.py:188} INFO - [2026-04-29T09:40:40.523+0300] {dag.py:3089} INFO - Sync 10 DAGs
[2026-04-29T09:40:40.565+0300] {logging_mixin.py:188} INFO - [2026-04-29T09:40:40.563+0300] {dag.py:3947} INFO - Setting next_dagrun for conditional_dataset_and_time_based_timetable to 2026-04-29 01:00:00+00:00, run_after=2026-04-29 01:00:00+00:00
[2026-04-29T09:40:40.575+0300] {logging_mixin.py:188} INFO - [2026-04-29T09:40:40.573+0300] {dag.py:3947} INFO - Setting next_dagrun for consume_1_and_2_with_dataset_expressions to None, run_after=None
[2026-04-29T09:40:40.582+0300] {logging_mixin.py:188} INFO - [2026-04-29T09:40:40.580+0300] {dag.py:3947} INFO - Setting next_dagrun for consume_1_or_2_with_dataset_expressions to None, run_after=None
[2026-04-29T09:40:40.589+0300] {logging_mixin.py:188} INFO - [2026-04-29T09:40:40.587+0300] {dag.py:3947} INFO - Setting next_dagrun for consume_1_or_both_2_and_3_with_dataset_expressions to None, run_after=None
[2026-04-29T09:40:40.596+0300] {logging_mixin.py:188} INFO - [2026-04-29T09:40:40.594+0300] {dag.py:3947} INFO - Setting next_dagrun for dataset_consumes_1 to None, run_after=None
[2026-04-29T09:40:40.600+0300] {logging_mixin.py:188} INFO - [2026-04-29T09:40:40.599+0300] {dag.py:3947} INFO - Setting next_dagrun for dataset_consumes_1_and_2 to None, run_after=None
[2026-04-29T09:40:40.605+0300] {logging_mixin.py:188} INFO - [2026-04-29T09:40:40.604+0300] {dag.py:3947} INFO - Setting next_dagrun for dataset_consumes_1_never_scheduled to None, run_after=None
[2026-04-29T09:40:40.611+0300] {logging_mixin.py:188} INFO - [2026-04-29T09:40:40.610+0300] {dag.py:3947} INFO - Setting next_dagrun for dataset_consumes_unknown_never_scheduled to None, run_after=None
[2026-04-29T09:40:40.619+0300] {logging_mixin.py:188} INFO - [2026-04-29T09:40:40.617+0300] {dag.py:3947} INFO - Setting next_dagrun for dataset_produces_1 to 2026-04-28 00:00:00+00:00, run_after=2026-04-29 00:00:00+00:00
[2026-04-29T09:40:40.625+0300] {logging_mixin.py:188} INFO - [2026-04-29T09:40:40.624+0300] {dag.py:3947} INFO - Setting next_dagrun for dataset_produces_2 to None, run_after=None
[2026-04-29T09:40:40.738+0300] {processor.py:183} INFO - Processing /mnt/d/airflow/airflow_project/airflow_venv/lib/python3.12/site-packages/airflow/example_dags/example_datasets.py took 0.422 seconds
[2026-04-29T09:42:49.003+0300] {processor.py:161} INFO - Started process (PID=36211) to work on /mnt/d/airflow/airflow_project/airflow_venv/lib/python3.12/site-packages/airflow/example_dags/example_datasets.py
[2026-04-29T09:42:49.008+0300] {processor.py:830} INFO - Processing file /mnt/d/airflow/airflow_project/airflow_venv/lib/python3.12/site-packages/airflow/example_dags/example_datasets.py for tasks to queue
[2026-04-29T09:42:49.016+0300] {logging_mixin.py:188} INFO - [2026-04-29T09:42:49.013+0300] {dagbag.py:545} INFO - Filling up the DagBag from /mnt/d/airflow/airflow_project/airflow_venv/lib/python3.12/site-packages/airflow/example_dags/example_datasets.py
[2026-04-29T09:42:49.119+0300] {processor.py:840} INFO - DAG(s) 'dataset_consumes_unknown_never_scheduled', 'consume_1_or_2_with_dataset_expressions', 'dataset_produces_1', 'dataset_consumes_1_never_scheduled', 'consume_1_or_both_2_and_3_with_dataset_expressions', 'dataset_consumes_1_and_2', 'consume_1_and_2_with_dataset_expressions', 'conditional_dataset_and_time_based_timetable', 'dataset_consumes_1', 'dataset_produces_2' retrieved from /mnt/d/airflow/airflow_project/airflow_venv/lib/python3.12/site-packages/airflow/example_dags/example_datasets.py
[2026-04-29T09:42:49.335+0300] {logging_mixin.py:188} INFO - [2026-04-29T09:42:49.333+0300] {dag.py:3089} INFO - Sync 10 DAGs
[2026-04-29T09:42:49.387+0300] {logging_mixin.py:188} INFO - [2026-04-29T09:42:49.384+0300] {dag.py:3947} INFO - Setting next_dagrun for conditional_dataset_and_time_based_timetable to 2026-04-29 01:00:00+00:00, run_after=2026-04-29 01:00:00+00:00
[2026-04-29T09:42:49.401+0300] {logging_mixin.py:188} INFO - [2026-04-29T09:42:49.400+0300] {dag.py:3947} INFO - Setting next_dagrun for consume_1_and_2_with_dataset_expressions to None, run_after=None
[2026-04-29T09:42:49.409+0300] {logging_mixin.py:188} INFO - [2026-04-29T09:42:49.406+0300] {dag.py:3947} INFO - Setting next_dagrun for consume_1_or_2_with_dataset_expressions to None, run_after=None
[2026-04-29T09:42:49.429+0300] {logging_mixin.py:188} INFO - [2026-04-29T09:42:49.428+0300] {dag.py:3947} INFO - Setting next_dagrun for consume_1_or_both_2_and_3_with_dataset_expressions to None, run_after=None
[2026-04-29T09:42:49.437+0300] {logging_mixin.py:188} INFO - [2026-04-29T09:42:49.436+0300] {dag.py:3947} INFO - Setting next_dagrun for dataset_consumes_1 to None, run_after=None
[2026-04-29T09:42:49.450+0300] {logging_mixin.py:188} INFO - [2026-04-29T09:42:49.447+0300] {dag.py:3947} INFO - Setting next_dagrun for dataset_consumes_1_and_2 to None, run_after=None
[2026-04-29T09:42:49.461+0300] {logging_mixin.py:188} INFO - [2026-04-29T09:42:49.459+0300] {dag.py:3947} INFO - Setting next_dagrun for dataset_consumes_1_never_scheduled to None, run_after=None
[2026-04-29T09:42:49.476+0300] {logging_mixin.py:188} INFO - [2026-04-29T09:42:49.470+0300] {dag.py:3947} INFO - Setting next_dagrun for dataset_consumes_unknown_never_scheduled to None, run_after=None
[2026-04-29T09:42:49.490+0300] {logging_mixin.py:188} INFO - [2026-04-29T09:42:49.487+0300] {dag.py:3947} INFO - Setting next_dagrun for dataset_produces_1 to 2026-04-28 00:00:00+00:00, run_after=2026-04-29 00:00:00+00:00
[2026-04-29T09:42:49.500+0300] {logging_mixin.py:188} INFO - [2026-04-29T09:42:49.497+0300] {dag.py:3947} INFO - Setting next_dagrun for dataset_produces_2 to None, run_after=None
[2026-04-29T09:42:49.774+0300] {processor.py:183} INFO - Processing /mnt/d/airflow/airflow_project/airflow_venv/lib/python3.12/site-packages/airflow/example_dags/example_datasets.py took 0.802 seconds
[2026-04-29T09:45:37.922+0300] {processor.py:161} INFO - Started process (PID=37189) to work on /mnt/d/airflow/airflow_project/airflow_venv/lib/python3.12/site-packages/airflow/example_dags/example_datasets.py
[2026-04-29T09:45:37.928+0300] {processor.py:830} INFO - Processing file /mnt/d/airflow/airflow_project/airflow_venv/lib/python3.12/site-packages/airflow/example_dags/example_datasets.py for tasks to queue
[2026-04-29T09:45:37.939+0300] {logging_mixin.py:188} INFO - [2026-04-29T09:45:37.934+0300] {dagbag.py:545} INFO - Filling up the DagBag from /mnt/d/airflow/airflow_project/airflow_venv/lib/python3.12/site-packages/airflow/example_dags/example_datasets.py
[2026-04-29T09:45:38.026+0300] {processor.py:840} INFO - DAG(s) 'dataset_consumes_1', 'dataset_consumes_1_and_2', 'dataset_produces_1', 'consume_1_and_2_with_dataset_expressions', 'conditional_dataset_and_time_based_timetable', 'dataset_consumes_unknown_never_scheduled', 'dataset_consumes_1_never_scheduled', 'consume_1_or_2_with_dataset_expressions', 'consume_1_or_both_2_and_3_with_dataset_expressions', 'dataset_produces_2' retrieved from /mnt/d/airflow/airflow_project/airflow_venv/lib/python3.12/site-packages/airflow/example_dags/example_datasets.py
[2026-04-29T09:45:40.298+0300] {logging_mixin.py:188} INFO - [2026-04-29T09:45:40.297+0300] {dag.py:3089} INFO - Sync 10 DAGs
[2026-04-29T09:45:40.337+0300] {logging_mixin.py:188} INFO - [2026-04-29T09:45:40.335+0300] {dag.py:3947} INFO - Setting next_dagrun for conditional_dataset_and_time_based_timetable to 2026-04-29 01:00:00+00:00, run_after=2026-04-29 01:00:00+00:00
[2026-04-29T09:45:40.347+0300] {logging_mixin.py:188} INFO - [2026-04-29T09:45:40.345+0300] {dag.py:3947} INFO - Setting next_dagrun for consume_1_and_2_with_dataset_expressions to None, run_after=None
[2026-04-29T09:45:40.354+0300] {logging_mixin.py:188} INFO - [2026-04-29T09:45:40.353+0300] {dag.py:3947} INFO - Setting next_dagrun for consume_1_or_2_with_dataset_expressions to None, run_after=None
[2026-04-29T09:45:40.358+0300] {logging_mixin.py:188} INFO - [2026-04-29T09:45:40.357+0300] {dag.py:3947} INFO - Setting next_dagrun for consume_1_or_both_2_and_3_with_dataset_expressions to None, run_after=None
[2026-04-29T09:45:40.363+0300] {logging_mixin.py:188} INFO - [2026-04-29T09:45:40.362+0300] {dag.py:3947} INFO - Setting next_dagrun for dataset_consumes_1 to None, run_after=None
[2026-04-29T09:45:40.367+0300] {logging_mixin.py:188} INFO - [2026-04-29T09:45:40.366+0300] {dag.py:3947} INFO - Setting next_dagrun for dataset_consumes_1_and_2 to None, run_after=None
[2026-04-29T09:45:40.371+0300] {logging_mixin.py:188} INFO - [2026-04-29T09:45:40.370+0300] {dag.py:3947} INFO - Setting next_dagrun for dataset_consumes_1_never_scheduled to None, run_after=None
[2026-04-29T09:45:40.375+0300] {logging_mixin.py:188} INFO - [2026-04-29T09:45:40.374+0300] {dag.py:3947} INFO - Setting next_dagrun for dataset_consumes_unknown_never_scheduled to None, run_after=None
[2026-04-29T09:45:40.384+0300] {logging_mixin.py:188} INFO - [2026-04-29T09:45:40.383+0300] {dag.py:3947} INFO - Setting next_dagrun for dataset_produces_1 to 2026-04-28 00:00:00+00:00, run_after=2026-04-29 00:00:00+00:00
[2026-04-29T09:45:40.388+0300] {logging_mixin.py:188} INFO - [2026-04-29T09:45:40.387+0300] {dag.py:3947} INFO - Setting next_dagrun for dataset_produces_2 to None, run_after=None
[2026-04-29T09:45:40.512+0300] {processor.py:183} INFO - Processing /mnt/d/airflow/airflow_project/airflow_venv/lib/python3.12/site-packages/airflow/example_dags/example_datasets.py took 2.624 seconds
[2026-04-29T09:48:45.801+0300] {processor.py:161} INFO - Started process (PID=38252) to work on /mnt/d/airflow/airflow_project/airflow_venv/lib/python3.12/site-packages/airflow/example_dags/example_datasets.py
[2026-04-29T09:48:45.807+0300] {processor.py:830} INFO - Processing file /mnt/d/airflow/airflow_project/airflow_venv/lib/python3.12/site-packages/airflow/example_dags/example_datasets.py for tasks to queue
[2026-04-29T09:48:45.816+0300] {logging_mixin.py:188} INFO - [2026-04-29T09:48:45.813+0300] {dagbag.py:545} INFO - Filling up the DagBag from /mnt/d/airflow/airflow_project/airflow_venv/lib/python3.12/site-packages/airflow/example_dags/example_datasets.py
[2026-04-29T09:48:45.976+0300] {processor.py:840} INFO - DAG(s) 'dataset_produces_2', 'dataset_consumes_1_never_scheduled', 'dataset_consumes_unknown_never_scheduled', 'consume_1_or_2_with_dataset_expressions', 'conditional_dataset_and_time_based_timetable', 'dataset_consumes_1', 'dataset_produces_1', 'consume_1_or_both_2_and_3_with_dataset_expressions', 'dataset_consumes_1_and_2', 'consume_1_and_2_with_dataset_expressions' retrieved from /mnt/d/airflow/airflow_project/airflow_venv/lib/python3.12/site-packages/airflow/example_dags/example_datasets.py
[2026-04-29T09:48:46.122+0300] {logging_mixin.py:188} INFO - [2026-04-29T09:48:46.119+0300] {dag.py:3089} INFO - Sync 10 DAGs
[2026-04-29T09:48:46.171+0300] {logging_mixin.py:188} INFO - [2026-04-29T09:48:46.168+0300] {dag.py:3947} INFO - Setting next_dagrun for conditional_dataset_and_time_based_timetable to 2026-04-29 01:00:00+00:00, run_after=2026-04-29 01:00:00+00:00
[2026-04-29T09:48:46.190+0300] {logging_mixin.py:188} INFO - [2026-04-29T09:48:46.186+0300] {dag.py:3947} INFO - Setting next_dagrun for consume_1_and_2_with_dataset_expressions to None, run_after=None
[2026-04-29T09:48:46.202+0300] {logging_mixin.py:188} INFO - [2026-04-29T09:48:46.200+0300] {dag.py:3947} INFO - Setting next_dagrun for consume_1_or_2_with_dataset_expressions to None, run_after=None
[2026-04-29T09:48:46.215+0300] {logging_mixin.py:188} INFO - [2026-04-29T09:48:46.212+0300] {dag.py:3947} INFO - Setting next_dagrun for consume_1_or_both_2_and_3_with_dataset_expressions to None, run_after=None
[2026-04-29T09:48:46.230+0300] {logging_mixin.py:188} INFO - [2026-04-29T09:48:46.227+0300] {dag.py:3947} INFO - Setting next_dagrun for dataset_consumes_1 to None, run_after=None
[2026-04-29T09:48:46.242+0300] {logging_mixin.py:188} INFO - [2026-04-29T09:48:46.240+0300] {dag.py:3947} INFO - Setting next_dagrun for dataset_consumes_1_and_2 to None, run_after=None
[2026-04-29T09:48:46.254+0300] {logging_mixin.py:188} INFO - [2026-04-29T09:48:46.251+0300] {dag.py:3947} INFO - Setting next_dagrun for dataset_consumes_1_never_scheduled to None, run_after=None
[2026-04-29T09:48:46.268+0300] {logging_mixin.py:188} INFO - [2026-04-29T09:48:46.265+0300] {dag.py:3947} INFO - Setting next_dagrun for dataset_consumes_unknown_never_scheduled to None, run_after=None
[2026-04-29T09:48:46.281+0300] {logging_mixin.py:188} INFO - [2026-04-29T09:48:46.279+0300] {dag.py:3947} INFO - Setting next_dagrun for dataset_produces_1 to 2026-04-28 00:00:00+00:00, run_after=2026-04-29 00:00:00+00:00
[2026-04-29T09:48:46.294+0300] {logging_mixin.py:188} INFO - [2026-04-29T09:48:46.291+0300] {dag.py:3947} INFO - Setting next_dagrun for dataset_produces_2 to None, run_after=None
[2026-04-29T09:48:46.737+0300] {processor.py:183} INFO - Processing /mnt/d/airflow/airflow_project/airflow_venv/lib/python3.12/site-packages/airflow/example_dags/example_datasets.py took 0.979 seconds
[2026-04-29T09:51:00.931+0300] {processor.py:161} INFO - Started process (PID=39029) to work on /mnt/d/airflow/airflow_project/airflow_venv/lib/python3.12/site-packages/airflow/example_dags/example_datasets.py
[2026-04-29T09:51:00.934+0300] {processor.py:830} INFO - Processing file /mnt/d/airflow/airflow_project/airflow_venv/lib/python3.12/site-packages/airflow/example_dags/example_datasets.py for tasks to queue
[2026-04-29T09:51:00.942+0300] {logging_mixin.py:188} INFO - [2026-04-29T09:51:00.939+0300] {dagbag.py:545} INFO - Filling up the DagBag from /mnt/d/airflow/airflow_project/airflow_venv/lib/python3.12/site-packages/airflow/example_dags/example_datasets.py
[2026-04-29T09:51:01.022+0300] {processor.py:840} INFO - DAG(s) 'dataset_produces_2', 'consume_1_or_both_2_and_3_with_dataset_expressions', 'dataset_consumes_1_never_scheduled', 'consume_1_and_2_with_dataset_expressions', 'dataset_consumes_unknown_never_scheduled', 'dataset_consumes_1', 'conditional_dataset_and_time_based_timetable', 'dataset_produces_1', 'dataset_consumes_1_and_2', 'consume_1_or_2_with_dataset_expressions' retrieved from /mnt/d/airflow/airflow_project/airflow_venv/lib/python3.12/site-packages/airflow/example_dags/example_datasets.py
[2026-04-29T09:51:01.131+0300] {logging_mixin.py:188} INFO - [2026-04-29T09:51:01.129+0300] {dag.py:3089} INFO - Sync 10 DAGs
[2026-04-29T09:51:01.181+0300] {logging_mixin.py:188} INFO - [2026-04-29T09:51:01.179+0300] {dag.py:3947} INFO - Setting next_dagrun for conditional_dataset_and_time_based_timetable to 2026-04-29 01:00:00+00:00, run_after=2026-04-29 01:00:00+00:00
[2026-04-29T09:51:01.191+0300] {logging_mixin.py:188} INFO - [2026-04-29T09:51:01.190+0300] {dag.py:3947} INFO - Setting next_dagrun for consume_1_and_2_with_dataset_expressions to None, run_after=None
[2026-04-29T09:51:01.197+0300] {logging_mixin.py:188} INFO - [2026-04-29T09:51:01.196+0300] {dag.py:3947} INFO - Setting next_dagrun for consume_1_or_2_with_dataset_expressions to None, run_after=None
[2026-04-29T09:51:01.204+0300] {logging_mixin.py:188} INFO - [2026-04-29T09:51:01.202+0300] {dag.py:3947} INFO - Setting next_dagrun for consume_1_or_both_2_and_3_with_dataset_expressions to None, run_after=None
[2026-04-29T09:51:01.210+0300] {logging_mixin.py:188} INFO - [2026-04-29T09:51:01.209+0300] {dag.py:3947} INFO - Setting next_dagrun for dataset_consumes_1 to None, run_after=None
[2026-04-29T09:51:01.215+0300] {logging_mixin.py:188} INFO - [2026-04-29T09:51:01.214+0300] {dag.py:3947} INFO - Setting next_dagrun for dataset_consumes_1_and_2 to None, run_after=None
[2026-04-29T09:51:01.221+0300] {logging_mixin.py:188} INFO - [2026-04-29T09:51:01.220+0300] {dag.py:3947} INFO - Setting next_dagrun for dataset_consumes_1_never_scheduled to None, run_after=None
[2026-04-29T09:51:01.225+0300] {logging_mixin.py:188} INFO - [2026-04-29T09:51:01.224+0300] {dag.py:3947} INFO - Setting next_dagrun for dataset_consumes_unknown_never_scheduled to None, run_after=None
[2026-04-29T09:51:01.232+0300] {logging_mixin.py:188} INFO - [2026-04-29T09:51:01.231+0300] {dag.py:3947} INFO - Setting next_dagrun for dataset_produces_1 to 2026-04-28 00:00:00+00:00, run_after=2026-04-29 00:00:00+00:00
[2026-04-29T09:51:01.239+0300] {logging_mixin.py:188} INFO - [2026-04-29T09:51:01.238+0300] {dag.py:3947} INFO - Setting next_dagrun for dataset_produces_2 to None, run_after=None
[2026-04-29T09:51:01.551+0300] {processor.py:183} INFO - Processing /mnt/d/airflow/airflow_project/airflow_venv/lib/python3.12/site-packages/airflow/example_dags/example_datasets.py took 0.646 seconds
[2026-04-29T09:54:40.173+0300] {processor.py:161} INFO - Started process (PID=40258) to work on /mnt/d/airflow/airflow_project/airflow_venv/lib/python3.12/site-packages/airflow/example_dags/example_datasets.py
[2026-04-29T09:54:40.177+0300] {processor.py:830} INFO - Processing file /mnt/d/airflow/airflow_project/airflow_venv/lib/python3.12/site-packages/airflow/example_dags/example_datasets.py for tasks to queue
[2026-04-29T09:54:40.185+0300] {logging_mixin.py:188} INFO - [2026-04-29T09:54:40.181+0300] {dagbag.py:545} INFO - Filling up the DagBag from /mnt/d/airflow/airflow_project/airflow_venv/lib/python3.12/site-packages/airflow/example_dags/example_datasets.py
[2026-04-29T09:54:40.317+0300] {processor.py:840} INFO - DAG(s) 'dataset_produces_2', 'consume_1_and_2_with_dataset_expressions', 'consume_1_or_2_with_dataset_expressions', 'dataset_consumes_unknown_never_scheduled', 'dataset_consumes_1', 'dataset_consumes_1_and_2', 'dataset_produces_1', 'dataset_consumes_1_never_scheduled', 'consume_1_or_both_2_and_3_with_dataset_expressions', 'conditional_dataset_and_time_based_timetable' retrieved from /mnt/d/airflow/airflow_project/airflow_venv/lib/python3.12/site-packages/airflow/example_dags/example_datasets.py
[2026-04-29T09:54:40.517+0300] {logging_mixin.py:188} INFO - [2026-04-29T09:54:40.514+0300] {dag.py:3089} INFO - Sync 10 DAGs
[2026-04-29T09:54:40.582+0300] {logging_mixin.py:188} INFO - [2026-04-29T09:54:40.579+0300] {dag.py:3947} INFO - Setting next_dagrun for conditional_dataset_and_time_based_timetable to 2026-04-29 01:00:00+00:00, run_after=2026-04-29 01:00:00+00:00
[2026-04-29T09:54:40.599+0300] {logging_mixin.py:188} INFO - [2026-04-29T09:54:40.597+0300] {dag.py:3947} INFO - Setting next_dagrun for consume_1_and_2_with_dataset_expressions to None, run_after=None
[2026-04-29T09:54:40.610+0300] {logging_mixin.py:188} INFO - [2026-04-29T09:54:40.608+0300] {dag.py:3947} INFO - Setting next_dagrun for consume_1_or_2_with_dataset_expressions to None, run_after=None
[2026-04-29T09:54:40.620+0300] {logging_mixin.py:188} INFO - [2026-04-29T09:54:40.617+0300] {dag.py:3947} INFO - Setting next_dagrun for consume_1_or_both_2_and_3_with_dataset_expressions to None, run_after=None
[2026-04-29T09:54:40.631+0300] {logging_mixin.py:188} INFO - [2026-04-29T09:54:40.629+0300] {dag.py:3947} INFO - Setting next_dagrun for dataset_consumes_1 to None, run_after=None
[2026-04-29T09:54:40.641+0300] {logging_mixin.py:188} INFO - [2026-04-29T09:54:40.638+0300] {dag.py:3947} INFO - Setting next_dagrun for dataset_consumes_1_and_2 to None, run_after=None
[2026-04-29T09:54:40.649+0300] {logging_mixin.py:188} INFO - [2026-04-29T09:54:40.647+0300] {dag.py:3947} INFO - Setting next_dagrun for dataset_consumes_1_never_scheduled to None, run_after=None
[2026-04-29T09:54:40.658+0300] {logging_mixin.py:188} INFO - [2026-04-29T09:54:40.656+0300] {dag.py:3947} INFO - Setting next_dagrun for dataset_consumes_unknown_never_scheduled to None, run_after=None
[2026-04-29T09:54:40.666+0300] {logging_mixin.py:188} INFO - [2026-04-29T09:54:40.665+0300] {dag.py:3947} INFO - Setting next_dagrun for dataset_produces_1 to 2026-04-28 00:00:00+00:00, run_after=2026-04-29 00:00:00+00:00
[2026-04-29T09:54:40.676+0300] {logging_mixin.py:188} INFO - [2026-04-29T09:54:40.674+0300] {dag.py:3947} INFO - Setting next_dagrun for dataset_produces_2 to None, run_after=None
[2026-04-29T09:54:40.890+0300] {processor.py:183} INFO - Processing /mnt/d/airflow/airflow_project/airflow_venv/lib/python3.12/site-packages/airflow/example_dags/example_datasets.py took 0.747 seconds
[2026-04-29T09:57:00.184+0300] {processor.py:161} INFO - Started process (PID=41073) to work on /mnt/d/airflow/airflow_project/airflow_venv/lib/python3.12/site-packages/airflow/example_dags/example_datasets.py
[2026-04-29T09:57:00.188+0300] {processor.py:830} INFO - Processing file /mnt/d/airflow/airflow_project/airflow_venv/lib/python3.12/site-packages/airflow/example_dags/example_datasets.py for tasks to queue
[2026-04-29T09:57:00.196+0300] {logging_mixin.py:188} INFO - [2026-04-29T09:57:00.194+0300] {dagbag.py:545} INFO - Filling up the DagBag from /mnt/d/airflow/airflow_project/airflow_venv/lib/python3.12/site-packages/airflow/example_dags/example_datasets.py
[2026-04-29T09:57:00.267+0300] {processor.py:840} INFO - DAG(s) 'consume_1_or_both_2_and_3_with_dataset_expressions', 'dataset_consumes_1_never_scheduled', 'conditional_dataset_and_time_based_timetable', 'dataset_produces_1', 'dataset_consumes_1', 'consume_1_or_2_with_dataset_expressions', 'consume_1_and_2_with_dataset_expressions', 'dataset_consumes_1_and_2', 'dataset_produces_2', 'dataset_consumes_unknown_never_scheduled' retrieved from /mnt/d/airflow/airflow_project/airflow_venv/lib/python3.12/site-packages/airflow/example_dags/example_datasets.py
[2026-04-29T09:57:00.502+0300] {logging_mixin.py:188} INFO - [2026-04-29T09:57:00.500+0300] {dag.py:3089} INFO - Sync 10 DAGs
[2026-04-29T09:57:00.532+0300] {logging_mixin.py:188} INFO - [2026-04-29T09:57:00.531+0300] {dag.py:3947} INFO - Setting next_dagrun for conditional_dataset_and_time_based_timetable to 2026-04-29 01:00:00+00:00, run_after=2026-04-29 01:00:00+00:00
[2026-04-29T09:57:00.539+0300] {logging_mixin.py:188} INFO - [2026-04-29T09:57:00.538+0300] {dag.py:3947} INFO - Setting next_dagrun for consume_1_and_2_with_dataset_expressions to None, run_after=None
[2026-04-29T09:57:00.546+0300] {logging_mixin.py:188} INFO - [2026-04-29T09:57:00.542+0300] {dag.py:3947} INFO - Setting next_dagrun for consume_1_or_2_with_dataset_expressions to None, run_after=None
[2026-04-29T09:57:00.552+0300] {logging_mixin.py:188} INFO - [2026-04-29T09:57:00.551+0300] {dag.py:3947} INFO - Setting next_dagrun for consume_1_or_both_2_and_3_with_dataset_expressions to None, run_after=None
[2026-04-29T09:57:00.556+0300] {logging_mixin.py:188} INFO - [2026-04-29T09:57:00.555+0300] {dag.py:3947} INFO - Setting next_dagrun for dataset_consumes_1 to None, run_after=None
[2026-04-29T09:57:00.560+0300] {logging_mixin.py:188} INFO - [2026-04-29T09:57:00.559+0300] {dag.py:3947} INFO - Setting next_dagrun for dataset_consumes_1_and_2 to None, run_after=None
[2026-04-29T09:57:00.569+0300] {logging_mixin.py:188} INFO - [2026-04-29T09:57:00.567+0300] {dag.py:3947} INFO - Setting next_dagrun for dataset_consumes_1_never_scheduled to None, run_after=None
[2026-04-29T09:57:00.577+0300] {logging_mixin.py:188} INFO - [2026-04-29T09:57:00.575+0300] {dag.py:3947} INFO - Setting next_dagrun for dataset_consumes_unknown_never_scheduled to None, run_after=None
[2026-04-29T09:57:00.587+0300] {logging_mixin.py:188} INFO - [2026-04-29T09:57:00.585+0300] {dag.py:3947} INFO - Setting next_dagrun for dataset_produces_1 to 2026-04-28 00:00:00+00:00, run_after=2026-04-29 00:00:00+00:00
[2026-04-29T09:57:00.594+0300] {logging_mixin.py:188} INFO - [2026-04-29T09:57:00.593+0300] {dag.py:3947} INFO - Setting next_dagrun for dataset_produces_2 to None, run_after=None
[2026-04-29T09:57:00.713+0300] {processor.py:183} INFO - Processing /mnt/d/airflow/airflow_project/airflow_venv/lib/python3.12/site-packages/airflow/example_dags/example_datasets.py took 0.561 seconds
[2026-04-29T10:01:14.696+0300] {processor.py:161} INFO - Started process (PID=42490) to work on /mnt/d/airflow/airflow_project/airflow_venv/lib/python3.12/site-packages/airflow/example_dags/example_datasets.py
[2026-04-29T10:01:14.700+0300] {processor.py:830} INFO - Processing file /mnt/d/airflow/airflow_project/airflow_venv/lib/python3.12/site-packages/airflow/example_dags/example_datasets.py for tasks to queue
[2026-04-29T10:01:14.706+0300] {logging_mixin.py:188} INFO - [2026-04-29T10:01:14.704+0300] {dagbag.py:545} INFO - Filling up the DagBag from /mnt/d/airflow/airflow_project/airflow_venv/lib/python3.12/site-packages/airflow/example_dags/example_datasets.py
[2026-04-29T10:01:14.800+0300] {processor.py:840} INFO - DAG(s) 'dataset_consumes_1_and_2', 'dataset_produces_2', 'consume_1_and_2_with_dataset_expressions', 'consume_1_or_2_with_dataset_expressions', 'dataset_consumes_unknown_never_scheduled', 'dataset_consumes_1', 'conditional_dataset_and_time_based_timetable', 'consume_1_or_both_2_and_3_with_dataset_expressions', 'dataset_produces_1', 'dataset_consumes_1_never_scheduled' retrieved from /mnt/d/airflow/airflow_project/airflow_venv/lib/python3.12/site-packages/airflow/example_dags/example_datasets.py
[2026-04-29T10:01:14.955+0300] {logging_mixin.py:188} INFO - [2026-04-29T10:01:14.952+0300] {dag.py:3089} INFO - Sync 10 DAGs
[2026-04-29T10:01:15.001+0300] {logging_mixin.py:188} INFO - [2026-04-29T10:01:14.999+0300] {dag.py:3947} INFO - Setting next_dagrun for conditional_dataset_and_time_based_timetable to 2026-04-29 01:00:00+00:00, run_after=2026-04-29 01:00:00+00:00
[2026-04-29T10:01:15.011+0300] {logging_mixin.py:188} INFO - [2026-04-29T10:01:15.009+0300] {dag.py:3947} INFO - Setting next_dagrun for consume_1_and_2_with_dataset_expressions to None, run_after=None
[2026-04-29T10:01:15.020+0300] {logging_mixin.py:188} INFO - [2026-04-29T10:01:15.018+0300] {dag.py:3947} INFO - Setting next_dagrun for consume_1_or_2_with_dataset_expressions to None, run_after=None
[2026-04-29T10:01:15.028+0300] {logging_mixin.py:188} INFO - [2026-04-29T10:01:15.026+0300] {dag.py:3947} INFO - Setting next_dagrun for consume_1_or_both_2_and_3_with_dataset_expressions to None, run_after=None
[2026-04-29T10:01:15.037+0300] {logging_mixin.py:188} INFO - [2026-04-29T10:01:15.035+0300] {dag.py:3947} INFO - Setting next_dagrun for dataset_consumes_1 to None, run_after=None
[2026-04-29T10:01:15.045+0300] {logging_mixin.py:188} INFO - [2026-04-29T10:01:15.043+0300] {dag.py:3947} INFO - Setting next_dagrun for dataset_consumes_1_and_2 to None, run_after=None
[2026-04-29T10:01:15.053+0300] {logging_mixin.py:188} INFO - [2026-04-29T10:01:15.051+0300] {dag.py:3947} INFO - Setting next_dagrun for dataset_consumes_1_never_scheduled to None, run_after=None
[2026-04-29T10:01:15.062+0300] {logging_mixin.py:188} INFO - [2026-04-29T10:01:15.060+0300] {dag.py:3947} INFO - Setting next_dagrun for dataset_consumes_unknown_never_scheduled to None, run_after=None
[2026-04-29T10:01:15.072+0300] {logging_mixin.py:188} INFO - [2026-04-29T10:01:15.069+0300] {dag.py:3947} INFO - Setting next_dagrun for dataset_produces_1 to 2026-04-28 00:00:00+00:00, run_after=2026-04-29 00:00:00+00:00
[2026-04-29T10:01:15.083+0300] {logging_mixin.py:188} INFO - [2026-04-29T10:01:15.080+0300] {dag.py:3947} INFO - Setting next_dagrun for dataset_produces_2 to None, run_after=None
[2026-04-29T10:01:15.383+0300] {processor.py:183} INFO - Processing /mnt/d/airflow/airflow_project/airflow_venv/lib/python3.12/site-packages/airflow/example_dags/example_datasets.py took 0.711 seconds
[2026-04-29T10:04:40.779+0300] {processor.py:161} INFO - Started process (PID=43654) to work on /mnt/d/airflow/airflow_project/airflow_venv/lib/python3.12/site-packages/airflow/example_dags/example_datasets.py
[2026-04-29T10:04:40.781+0300] {processor.py:830} INFO - Processing file /mnt/d/airflow/airflow_project/airflow_venv/lib/python3.12/site-packages/airflow/example_dags/example_datasets.py for tasks to queue
[2026-04-29T10:04:40.785+0300] {logging_mixin.py:188} INFO - [2026-04-29T10:04:40.783+0300] {dagbag.py:545} INFO - Filling up the DagBag from /mnt/d/airflow/airflow_project/airflow_venv/lib/python3.12/site-packages/airflow/example_dags/example_datasets.py
[2026-04-29T10:04:40.835+0300] {processor.py:840} INFO - DAG(s) 'dataset_consumes_1_and_2', 'dataset_consumes_unknown_never_scheduled', 'dataset_consumes_1_never_scheduled', 'consume_1_and_2_with_dataset_expressions', 'dataset_produces_2', 'dataset_consumes_1', 'conditional_dataset_and_time_based_timetable', 'dataset_produces_1', 'consume_1_or_both_2_and_3_with_dataset_expressions', 'consume_1_or_2_with_dataset_expressions' retrieved from /mnt/d/airflow/airflow_project/airflow_venv/lib/python3.12/site-packages/airflow/example_dags/example_datasets.py
[2026-04-29T10:04:41.118+0300] {logging_mixin.py:188} INFO - [2026-04-29T10:04:41.114+0300] {dag.py:3089} INFO - Sync 10 DAGs
[2026-04-29T10:04:41.174+0300] {logging_mixin.py:188} INFO - [2026-04-29T10:04:41.173+0300] {dag.py:3947} INFO - Setting next_dagrun for conditional_dataset_and_time_based_timetable to 2026-04-29 01:00:00+00:00, run_after=2026-04-29 01:00:00+00:00
[2026-04-29T10:04:41.189+0300] {logging_mixin.py:188} INFO - [2026-04-29T10:04:41.181+0300] {dag.py:3947} INFO - Setting next_dagrun for consume_1_and_2_with_dataset_expressions to None, run_after=None
[2026-04-29T10:04:41.197+0300] {logging_mixin.py:188} INFO - [2026-04-29T10:04:41.195+0300] {dag.py:3947} INFO - Setting next_dagrun for consume_1_or_2_with_dataset_expressions to None, run_after=None
[2026-04-29T10:04:41.204+0300] {logging_mixin.py:188} INFO - [2026-04-29T10:04:41.202+0300] {dag.py:3947} INFO - Setting next_dagrun for consume_1_or_both_2_and_3_with_dataset_expressions to None, run_after=None
[2026-04-29T10:04:41.210+0300] {logging_mixin.py:188} INFO - [2026-04-29T10:04:41.209+0300] {dag.py:3947} INFO - Setting next_dagrun for dataset_consumes_1 to None, run_after=None
[2026-04-29T10:04:41.216+0300] {logging_mixin.py:188} INFO - [2026-04-29T10:04:41.215+0300] {dag.py:3947} INFO - Setting next_dagrun for dataset_consumes_1_and_2 to None, run_after=None
[2026-04-29T10:04:41.222+0300] {logging_mixin.py:188} INFO - [2026-04-29T10:04:41.220+0300] {dag.py:3947} INFO - Setting next_dagrun for dataset_consumes_1_never_scheduled to None, run_after=None
[2026-04-29T10:04:41.229+0300] {logging_mixin.py:188} INFO - [2026-04-29T10:04:41.227+0300] {dag.py:3947} INFO - Setting next_dagrun for dataset_consumes_unknown_never_scheduled to None, run_after=None
[2026-04-29T10:04:41.235+0300] {logging_mixin.py:188} INFO - [2026-04-29T10:04:41.234+0300] {dag.py:3947} INFO - Setting next_dagrun for dataset_produces_1 to 2026-04-28 00:00:00+00:00, run_after=2026-04-29 00:00:00+00:00
[2026-04-29T10:04:41.241+0300] {logging_mixin.py:188} INFO - [2026-04-29T10:04:41.240+0300] {dag.py:3947} INFO - Setting next_dagrun for dataset_produces_2 to None, run_after=None
[2026-04-29T10:04:41.342+0300] {processor.py:183} INFO - Processing /mnt/d/airflow/airflow_project/airflow_venv/lib/python3.12/site-packages/airflow/example_dags/example_datasets.py took 0.584 seconds
[2026-04-29T10:06:53.831+0300] {processor.py:161} INFO - Started process (PID=44395) to work on /mnt/d/airflow/airflow_project/airflow_venv/lib/python3.12/site-packages/airflow/example_dags/example_datasets.py
[2026-04-29T10:06:53.834+0300] {processor.py:830} INFO - Processing file /mnt/d/airflow/airflow_project/airflow_venv/lib/python3.12/site-packages/airflow/example_dags/example_datasets.py for tasks to queue
[2026-04-29T10:06:53.840+0300] {logging_mixin.py:188} INFO - [2026-04-29T10:06:53.837+0300] {dagbag.py:545} INFO - Filling up the DagBag from /mnt/d/airflow/airflow_project/airflow_venv/lib/python3.12/site-packages/airflow/example_dags/example_datasets.py
[2026-04-29T10:06:53.923+0300] {processor.py:840} INFO - DAG(s) 'consume_1_or_both_2_and_3_with_dataset_expressions', 'dataset_consumes_unknown_never_scheduled', 'dataset_produces_2', 'dataset_consumes_1', 'consume_1_and_2_with_dataset_expressions', 'dataset_produces_1', 'dataset_consumes_1_and_2', 'conditional_dataset_and_time_based_timetable', 'dataset_consumes_1_never_scheduled', 'consume_1_or_2_with_dataset_expressions' retrieved from /mnt/d/airflow/airflow_project/airflow_venv/lib/python3.12/site-packages/airflow/example_dags/example_datasets.py
[2026-04-29T10:06:54.100+0300] {logging_mixin.py:188} INFO - [2026-04-29T10:06:54.097+0300] {dag.py:3089} INFO - Sync 10 DAGs
[2026-04-29T10:06:54.250+0300] {logging_mixin.py:188} INFO - [2026-04-29T10:06:54.247+0300] {dag.py:3947} INFO - Setting next_dagrun for conditional_dataset_and_time_based_timetable to 2026-04-29 01:00:00+00:00, run_after=2026-04-29 01:00:00+00:00
[2026-04-29T10:06:54.264+0300] {logging_mixin.py:188} INFO - [2026-04-29T10:06:54.262+0300] {dag.py:3947} INFO - Setting next_dagrun for consume_1_and_2_with_dataset_expressions to None, run_after=None
[2026-04-29T10:06:54.276+0300] {logging_mixin.py:188} INFO - [2026-04-29T10:06:54.273+0300] {dag.py:3947} INFO - Setting next_dagrun for consume_1_or_2_with_dataset_expressions to None, run_after=None
[2026-04-29T10:06:54.290+0300] {logging_mixin.py:188} INFO - [2026-04-29T10:06:54.287+0300] {dag.py:3947} INFO - Setting next_dagrun for consume_1_or_both_2_and_3_with_dataset_expressions to None, run_after=None
[2026-04-29T10:06:54.302+0300] {logging_mixin.py:188} INFO - [2026-04-29T10:06:54.299+0300] {dag.py:3947} INFO - Setting next_dagrun for dataset_consumes_1 to None, run_after=None
[2026-04-29T10:06:54.310+0300] {logging_mixin.py:188} INFO - [2026-04-29T10:06:54.309+0300] {dag.py:3947} INFO - Setting next_dagrun for dataset_consumes_1_and_2 to None, run_after=None
[2026-04-29T10:06:54.319+0300] {logging_mixin.py:188} INFO - [2026-04-29T10:06:54.317+0300] {dag.py:3947} INFO - Setting next_dagrun for dataset_consumes_1_never_scheduled to None, run_after=None
[2026-04-29T10:06:54.328+0300] {logging_mixin.py:188} INFO - [2026-04-29T10:06:54.325+0300] {dag.py:3947} INFO - Setting next_dagrun for dataset_consumes_unknown_never_scheduled to None, run_after=None
[2026-04-29T10:06:54.337+0300] {logging_mixin.py:188} INFO - [2026-04-29T10:06:54.335+0300] {dag.py:3947} INFO - Setting next_dagrun for dataset_produces_1 to 2026-04-28 00:00:00+00:00, run_after=2026-04-29 00:00:00+00:00
[2026-04-29T10:06:54.347+0300] {logging_mixin.py:188} INFO - [2026-04-29T10:06:54.345+0300] {dag.py:3947} INFO - Setting next_dagrun for dataset_produces_2 to None, run_after=None
[2026-04-29T10:06:54.606+0300] {processor.py:183} INFO - Processing /mnt/d/airflow/airflow_project/airflow_venv/lib/python3.12/site-packages/airflow/example_dags/example_datasets.py took 0.799 seconds
[2026-04-29T10:08:57.543+0300] {processor.py:161} INFO - Started process (PID=45087) to work on /mnt/d/airflow/airflow_project/airflow_venv/lib/python3.12/site-packages/airflow/example_dags/example_datasets.py
[2026-04-29T10:08:57.546+0300] {processor.py:830} INFO - Processing file /mnt/d/airflow/airflow_project/airflow_venv/lib/python3.12/site-packages/airflow/example_dags/example_datasets.py for tasks to queue
[2026-04-29T10:08:57.552+0300] {logging_mixin.py:188} INFO - [2026-04-29T10:08:57.550+0300] {dagbag.py:545} INFO - Filling up the DagBag from /mnt/d/airflow/airflow_project/airflow_venv/lib/python3.12/site-packages/airflow/example_dags/example_datasets.py
[2026-04-29T10:08:57.619+0300] {processor.py:840} INFO - DAG(s) 'dataset_consumes_1_and_2', 'consume_1_and_2_with_dataset_expressions', 'dataset_produces_2', 'dataset_consumes_unknown_never_scheduled', 'dataset_consumes_1_never_scheduled', 'consume_1_or_both_2_and_3_with_dataset_expressions', 'dataset_consumes_1', 'consume_1_or_2_with_dataset_expressions', 'conditional_dataset_and_time_based_timetable', 'dataset_produces_1' retrieved from /mnt/d/airflow/airflow_project/airflow_venv/lib/python3.12/site-packages/airflow/example_dags/example_datasets.py
[2026-04-29T10:08:57.726+0300] {logging_mixin.py:188} INFO - [2026-04-29T10:08:57.725+0300] {dag.py:3089} INFO - Sync 10 DAGs
[2026-04-29T10:08:57.763+0300] {logging_mixin.py:188} INFO - [2026-04-29T10:08:57.762+0300] {dag.py:3947} INFO - Setting next_dagrun for conditional_dataset_and_time_based_timetable to 2026-04-29 01:00:00+00:00, run_after=2026-04-29 01:00:00+00:00
[2026-04-29T10:08:57.770+0300] {logging_mixin.py:188} INFO - [2026-04-29T10:08:57.769+0300] {dag.py:3947} INFO - Setting next_dagrun for consume_1_and_2_with_dataset_expressions to None, run_after=None
[2026-04-29T10:08:57.775+0300] {logging_mixin.py:188} INFO - [2026-04-29T10:08:57.774+0300] {dag.py:3947} INFO - Setting next_dagrun for consume_1_or_2_with_dataset_expressions to None, run_after=None
[2026-04-29T10:08:57.781+0300] {logging_mixin.py:188} INFO - [2026-04-29T10:08:57.779+0300] {dag.py:3947} INFO - Setting next_dagrun for consume_1_or_both_2_and_3_with_dataset_expressions to None, run_after=None
[2026-04-29T10:08:57.787+0300] {logging_mixin.py:188} INFO - [2026-04-29T10:08:57.785+0300] {dag.py:3947} INFO - Setting next_dagrun for dataset_consumes_1 to None, run_after=None
[2026-04-29T10:08:57.793+0300] {logging_mixin.py:188} INFO - [2026-04-29T10:08:57.791+0300] {dag.py:3947} INFO - Setting next_dagrun for dataset_consumes_1_and_2 to None, run_after=None
[2026-04-29T10:08:57.798+0300] {logging_mixin.py:188} INFO - [2026-04-29T10:08:57.797+0300] {dag.py:3947} INFO - Setting next_dagrun for dataset_consumes_1_never_scheduled to None, run_after=None
[2026-04-29T10:08:57.802+0300] {logging_mixin.py:188} INFO - [2026-04-29T10:08:57.801+0300] {dag.py:3947} INFO - Setting next_dagrun for dataset_consumes_unknown_never_scheduled to None, run_after=None
[2026-04-29T10:08:57.809+0300] {logging_mixin.py:188} INFO - [2026-04-29T10:08:57.808+0300] {dag.py:3947} INFO - Setting next_dagrun for dataset_produces_1 to 2026-04-28 00:00:00+00:00, run_after=2026-04-29 00:00:00+00:00
[2026-04-29T10:08:57.814+0300] {logging_mixin.py:188} INFO - [2026-04-29T10:08:57.813+0300] {dag.py:3947} INFO - Setting next_dagrun for dataset_produces_2 to None, run_after=None
[2026-04-29T10:08:57.965+0300] {processor.py:183} INFO - Processing /mnt/d/airflow/airflow_project/airflow_venv/lib/python3.12/site-packages/airflow/example_dags/example_datasets.py took 0.442 seconds
[2026-04-29T10:11:10.387+0300] {processor.py:161} INFO - Started process (PID=45819) to work on /mnt/d/airflow/airflow_project/airflow_venv/lib/python3.12/site-packages/airflow/example_dags/example_datasets.py
[2026-04-29T10:11:10.391+0300] {processor.py:830} INFO - Processing file /mnt/d/airflow/airflow_project/airflow_venv/lib/python3.12/site-packages/airflow/example_dags/example_datasets.py for tasks to queue
[2026-04-29T10:11:10.398+0300] {logging_mixin.py:188} INFO - [2026-04-29T10:11:10.395+0300] {dagbag.py:545} INFO - Filling up the DagBag from /mnt/d/airflow/airflow_project/airflow_venv/lib/python3.12/site-packages/airflow/example_dags/example_datasets.py
[2026-04-29T10:11:10.467+0300] {processor.py:840} INFO - DAG(s) 'consume_1_and_2_with_dataset_expressions', 'dataset_consumes_1', 'dataset_produces_2', 'dataset_consumes_1_never_scheduled', 'consume_1_or_2_with_dataset_expressions', 'dataset_consumes_unknown_never_scheduled', 'consume_1_or_both_2_and_3_with_dataset_expressions', 'dataset_produces_1', 'conditional_dataset_and_time_based_timetable', 'dataset_consumes_1_and_2' retrieved from /mnt/d/airflow/airflow_project/airflow_venv/lib/python3.12/site-packages/airflow/example_dags/example_datasets.py
[2026-04-29T10:11:10.569+0300] {logging_mixin.py:188} INFO - [2026-04-29T10:11:10.567+0300] {dag.py:3089} INFO - Sync 10 DAGs
[2026-04-29T10:11:10.615+0300] {logging_mixin.py:188} INFO - [2026-04-29T10:11:10.613+0300] {dag.py:3947} INFO - Setting next_dagrun for conditional_dataset_and_time_based_timetable to 2026-04-29 01:00:00+00:00, run_after=2026-04-29 01:00:00+00:00
[2026-04-29T10:11:10.624+0300] {logging_mixin.py:188} INFO - [2026-04-29T10:11:10.623+0300] {dag.py:3947} INFO - Setting next_dagrun for consume_1_and_2_with_dataset_expressions to None, run_after=None
[2026-04-29T10:11:10.631+0300] {logging_mixin.py:188} INFO - [2026-04-29T10:11:10.629+0300] {dag.py:3947} INFO - Setting next_dagrun for consume_1_or_2_with_dataset_expressions to None, run_after=None
[2026-04-29T10:11:10.639+0300] {logging_mixin.py:188} INFO - [2026-04-29T10:11:10.636+0300] {dag.py:3947} INFO - Setting next_dagrun for consume_1_or_both_2_and_3_with_dataset_expressions to None, run_after=None
[2026-04-29T10:11:10.646+0300] {logging_mixin.py:188} INFO - [2026-04-29T10:11:10.644+0300] {dag.py:3947} INFO - Setting next_dagrun for dataset_consumes_1 to None, run_after=None
[2026-04-29T10:11:10.652+0300] {logging_mixin.py:188} INFO - [2026-04-29T10:11:10.650+0300] {dag.py:3947} INFO - Setting next_dagrun for dataset_consumes_1_and_2 to None, run_after=None
[2026-04-29T10:11:10.658+0300] {logging_mixin.py:188} INFO - [2026-04-29T10:11:10.656+0300] {dag.py:3947} INFO - Setting next_dagrun for dataset_consumes_1_never_scheduled to None, run_after=None
[2026-04-29T10:11:10.663+0300] {logging_mixin.py:188} INFO - [2026-04-29T10:11:10.662+0300] {dag.py:3947} INFO - Setting next_dagrun for dataset_consumes_unknown_never_scheduled to None, run_after=None
[2026-04-29T10:11:10.669+0300] {logging_mixin.py:188} INFO - [2026-04-29T10:11:10.667+0300] {dag.py:3947} INFO - Setting next_dagrun for dataset_produces_1 to 2026-04-28 00:00:00+00:00, run_after=2026-04-29 00:00:00+00:00
[2026-04-29T10:11:10.677+0300] {logging_mixin.py:188} INFO - [2026-04-29T10:11:10.674+0300] {dag.py:3947} INFO - Setting next_dagrun for dataset_produces_2 to None, run_after=None
[2026-04-29T10:11:10.872+0300] {processor.py:183} INFO - Processing /mnt/d/airflow/airflow_project/airflow_venv/lib/python3.12/site-packages/airflow/example_dags/example_datasets.py took 0.502 seconds
[2026-04-29T10:13:12.830+0300] {processor.py:161} INFO - Started process (PID=46506) to work on /mnt/d/airflow/airflow_project/airflow_venv/lib/python3.12/site-packages/airflow/example_dags/example_datasets.py
[2026-04-29T10:13:12.834+0300] {processor.py:830} INFO - Processing file /mnt/d/airflow/airflow_project/airflow_venv/lib/python3.12/site-packages/airflow/example_dags/example_datasets.py for tasks to queue
[2026-04-29T10:13:12.840+0300] {logging_mixin.py:188} INFO - [2026-04-29T10:13:12.838+0300] {dagbag.py:545} INFO - Filling up the DagBag from /mnt/d/airflow/airflow_project/airflow_venv/lib/python3.12/site-packages/airflow/example_dags/example_datasets.py
[2026-04-29T10:13:12.917+0300] {processor.py:840} INFO - DAG(s) 'dataset_produces_2', 'dataset_produces_1', 'consume_1_or_both_2_and_3_with_dataset_expressions', 'dataset_consumes_1_and_2', 'dataset_consumes_1', 'consume_1_and_2_with_dataset_expressions', 'consume_1_or_2_with_dataset_expressions', 'dataset_consumes_unknown_never_scheduled', 'dataset_consumes_1_never_scheduled', 'conditional_dataset_and_time_based_timetable' retrieved from /mnt/d/airflow/airflow_project/airflow_venv/lib/python3.12/site-packages/airflow/example_dags/example_datasets.py
[2026-04-29T10:13:13.068+0300] {logging_mixin.py:188} INFO - [2026-04-29T10:13:13.066+0300] {dag.py:3089} INFO - Sync 10 DAGs
[2026-04-29T10:13:13.114+0300] {logging_mixin.py:188} INFO - [2026-04-29T10:13:13.112+0300] {dag.py:3947} INFO - Setting next_dagrun for conditional_dataset_and_time_based_timetable to 2026-04-29 01:00:00+00:00, run_after=2026-04-29 01:00:00+00:00
[2026-04-29T10:13:13.126+0300] {logging_mixin.py:188} INFO - [2026-04-29T10:13:13.124+0300] {dag.py:3947} INFO - Setting next_dagrun for consume_1_and_2_with_dataset_expressions to None, run_after=None
[2026-04-29T10:13:13.134+0300] {logging_mixin.py:188} INFO - [2026-04-29T10:13:13.133+0300] {dag.py:3947} INFO - Setting next_dagrun for consume_1_or_2_with_dataset_expressions to None, run_after=None
[2026-04-29T10:13:13.141+0300] {logging_mixin.py:188} INFO - [2026-04-29T10:13:13.139+0300] {dag.py:3947} INFO - Setting next_dagrun for consume_1_or_both_2_and_3_with_dataset_expressions to None, run_after=None
[2026-04-29T10:13:13.146+0300] {logging_mixin.py:188} INFO - [2026-04-29T10:13:13.145+0300] {dag.py:3947} INFO - Setting next_dagrun for dataset_consumes_1 to None, run_after=None
[2026-04-29T10:13:13.153+0300] {logging_mixin.py:188} INFO - [2026-04-29T10:13:13.152+0300] {dag.py:3947} INFO - Setting next_dagrun for dataset_consumes_1_and_2 to None, run_after=None
[2026-04-29T10:13:13.159+0300] {logging_mixin.py:188} INFO - [2026-04-29T10:13:13.158+0300] {dag.py:3947} INFO - Setting next_dagrun for dataset_consumes_1_never_scheduled to None, run_after=None
[2026-04-29T10:13:13.170+0300] {logging_mixin.py:188} INFO - [2026-04-29T10:13:13.167+0300] {dag.py:3947} INFO - Setting next_dagrun for dataset_consumes_unknown_never_scheduled to None, run_after=None
[2026-04-29T10:13:13.181+0300] {logging_mixin.py:188} INFO - [2026-04-29T10:13:13.179+0300] {dag.py:3947} INFO - Setting next_dagrun for dataset_produces_1 to 2026-04-28 00:00:00+00:00, run_after=2026-04-29 00:00:00+00:00
[2026-04-29T10:13:13.191+0300] {logging_mixin.py:188} INFO - [2026-04-29T10:13:13.189+0300] {dag.py:3947} INFO - Setting next_dagrun for dataset_produces_2 to None, run_after=None
[2026-04-29T10:13:13.369+0300] {processor.py:183} INFO - Processing /mnt/d/airflow/airflow_project/airflow_venv/lib/python3.12/site-packages/airflow/example_dags/example_datasets.py took 0.565 seconds
