[2026-04-29T09:15:43.262+0300] {processor.py:161} INFO - Started process (PID=26695) to work on /mnt/d/airflow/airflow_project/airflow_venv/lib/python3.12/site-packages/airflow/example_dags/example_local_kubernetes_executor.py
[2026-04-29T09:15:43.268+0300] {processor.py:830} INFO - Processing file /mnt/d/airflow/airflow_project/airflow_venv/lib/python3.12/site-packages/airflow/example_dags/example_local_kubernetes_executor.py for tasks to queue
[2026-04-29T09:15:43.277+0300] {logging_mixin.py:188} INFO - [2026-04-29T09:15:43.273+0300] {dagbag.py:545} INFO - Filling up the DagBag from /mnt/d/airflow/airflow_project/airflow_venv/lib/python3.12/site-packages/airflow/example_dags/example_local_kubernetes_executor.py
[2026-04-29T09:15:43.364+0300] {logging_mixin.py:188} INFO - [2026-04-29T09:15:43.347+0300] {example_local_kubernetes_executor.py:40} WARNING - Could not import DAGs in example_local_kubernetes_executor.py
Traceback (most recent call last):
  File "/mnt/d/airflow/airflow_project/airflow_venv/lib/python3.12/site-packages/airflow/example_dags/example_local_kubernetes_executor.py", line 38, in <module>
    from kubernetes.client import models as k8s
ModuleNotFoundError: No module named 'kubernetes'
[2026-04-29T09:15:43.370+0300] {logging_mixin.py:188} INFO - [2026-04-29T09:15:43.367+0300] {example_local_kubernetes_executor.py:41} WARNING - Install Kubernetes dependencies with: pip install apache-airflow[cncf.kubernetes]
[2026-04-29T09:15:43.373+0300] {processor.py:842} WARNING - No viable dags retrieved from /mnt/d/airflow/airflow_project/airflow_venv/lib/python3.12/site-packages/airflow/example_dags/example_local_kubernetes_executor.py
[2026-04-29T09:15:43.425+0300] {processor.py:183} INFO - Processing /mnt/d/airflow/airflow_project/airflow_venv/lib/python3.12/site-packages/airflow/example_dags/example_local_kubernetes_executor.py took 0.198 seconds
[2026-04-29T09:17:43.928+0300] {processor.py:161} INFO - Started process (PID=27374) to work on /mnt/d/airflow/airflow_project/airflow_venv/lib/python3.12/site-packages/airflow/example_dags/example_local_kubernetes_executor.py
[2026-04-29T09:17:43.931+0300] {processor.py:830} INFO - Processing file /mnt/d/airflow/airflow_project/airflow_venv/lib/python3.12/site-packages/airflow/example_dags/example_local_kubernetes_executor.py for tasks to queue
[2026-04-29T09:17:43.938+0300] {logging_mixin.py:188} INFO - [2026-04-29T09:17:43.935+0300] {dagbag.py:545} INFO - Filling up the DagBag from /mnt/d/airflow/airflow_project/airflow_venv/lib/python3.12/site-packages/airflow/example_dags/example_local_kubernetes_executor.py
[2026-04-29T09:17:44.015+0300] {logging_mixin.py:188} INFO - [2026-04-29T09:17:43.998+0300] {example_local_kubernetes_executor.py:40} WARNING - Could not import DAGs in example_local_kubernetes_executor.py
Traceback (most recent call last):
  File "/mnt/d/airflow/airflow_project/airflow_venv/lib/python3.12/site-packages/airflow/example_dags/example_local_kubernetes_executor.py", line 38, in <module>
    from kubernetes.client import models as k8s
ModuleNotFoundError: No module named 'kubernetes'
[2026-04-29T09:17:44.023+0300] {logging_mixin.py:188} INFO - [2026-04-29T09:17:44.018+0300] {example_local_kubernetes_executor.py:41} WARNING - Install Kubernetes dependencies with: pip install apache-airflow[cncf.kubernetes]
[2026-04-29T09:17:44.025+0300] {processor.py:842} WARNING - No viable dags retrieved from /mnt/d/airflow/airflow_project/airflow_venv/lib/python3.12/site-packages/airflow/example_dags/example_local_kubernetes_executor.py
[2026-04-29T09:17:44.062+0300] {processor.py:183} INFO - Processing /mnt/d/airflow/airflow_project/airflow_venv/lib/python3.12/site-packages/airflow/example_dags/example_local_kubernetes_executor.py took 0.178 seconds
[2026-04-29T09:19:56.006+0300] {processor.py:161} INFO - Started process (PID=28190) to work on /mnt/d/airflow/airflow_project/airflow_venv/lib/python3.12/site-packages/airflow/example_dags/example_local_kubernetes_executor.py
[2026-04-29T09:19:56.009+0300] {processor.py:830} INFO - Processing file /mnt/d/airflow/airflow_project/airflow_venv/lib/python3.12/site-packages/airflow/example_dags/example_local_kubernetes_executor.py for tasks to queue
[2026-04-29T09:19:56.013+0300] {logging_mixin.py:188} INFO - [2026-04-29T09:19:56.012+0300] {dagbag.py:545} INFO - Filling up the DagBag from /mnt/d/airflow/airflow_project/airflow_venv/lib/python3.12/site-packages/airflow/example_dags/example_local_kubernetes_executor.py
[2026-04-29T09:19:56.205+0300] {logging_mixin.py:188} INFO - [2026-04-29T09:19:56.188+0300] {example_local_kubernetes_executor.py:40} WARNING - Could not import DAGs in example_local_kubernetes_executor.py
Traceback (most recent call last):
  File "/mnt/d/airflow/airflow_project/airflow_venv/lib/python3.12/site-packages/airflow/example_dags/example_local_kubernetes_executor.py", line 38, in <module>
    from kubernetes.client import models as k8s
ModuleNotFoundError: No module named 'kubernetes'
[2026-04-29T09:19:56.211+0300] {logging_mixin.py:188} INFO - [2026-04-29T09:19:56.208+0300] {example_local_kubernetes_executor.py:41} WARNING - Install Kubernetes dependencies with: pip install apache-airflow[cncf.kubernetes]
[2026-04-29T09:19:56.218+0300] {processor.py:842} WARNING - No viable dags retrieved from /mnt/d/airflow/airflow_project/airflow_venv/lib/python3.12/site-packages/airflow/example_dags/example_local_kubernetes_executor.py
[2026-04-29T09:19:56.255+0300] {processor.py:183} INFO - Processing /mnt/d/airflow/airflow_project/airflow_venv/lib/python3.12/site-packages/airflow/example_dags/example_local_kubernetes_executor.py took 0.280 seconds
[2026-04-29T09:22:09.220+0300] {processor.py:161} INFO - Started process (PID=28943) to work on /mnt/d/airflow/airflow_project/airflow_venv/lib/python3.12/site-packages/airflow/example_dags/example_local_kubernetes_executor.py
[2026-04-29T09:22:09.222+0300] {processor.py:830} INFO - Processing file /mnt/d/airflow/airflow_project/airflow_venv/lib/python3.12/site-packages/airflow/example_dags/example_local_kubernetes_executor.py for tasks to queue
[2026-04-29T09:22:09.226+0300] {logging_mixin.py:188} INFO - [2026-04-29T09:22:09.225+0300] {dagbag.py:545} INFO - Filling up the DagBag from /mnt/d/airflow/airflow_project/airflow_venv/lib/python3.12/site-packages/airflow/example_dags/example_local_kubernetes_executor.py
[2026-04-29T09:22:09.261+0300] {logging_mixin.py:188} INFO - [2026-04-29T09:22:09.255+0300] {example_local_kubernetes_executor.py:40} WARNING - Could not import DAGs in example_local_kubernetes_executor.py
Traceback (most recent call last):
  File "/mnt/d/airflow/airflow_project/airflow_venv/lib/python3.12/site-packages/airflow/example_dags/example_local_kubernetes_executor.py", line 38, in <module>
    from kubernetes.client import models as k8s
ModuleNotFoundError: No module named 'kubernetes'
[2026-04-29T09:22:09.264+0300] {logging_mixin.py:188} INFO - [2026-04-29T09:22:09.263+0300] {example_local_kubernetes_executor.py:41} WARNING - Install Kubernetes dependencies with: pip install apache-airflow[cncf.kubernetes]
[2026-04-29T09:22:09.265+0300] {processor.py:842} WARNING - No viable dags retrieved from /mnt/d/airflow/airflow_project/airflow_venv/lib/python3.12/site-packages/airflow/example_dags/example_local_kubernetes_executor.py
[2026-04-29T09:22:09.289+0300] {processor.py:183} INFO - Processing /mnt/d/airflow/airflow_project/airflow_venv/lib/python3.12/site-packages/airflow/example_dags/example_local_kubernetes_executor.py took 0.085 seconds
[2026-04-29T09:24:10.534+0300] {processor.py:161} INFO - Started process (PID=29647) to work on /mnt/d/airflow/airflow_project/airflow_venv/lib/python3.12/site-packages/airflow/example_dags/example_local_kubernetes_executor.py
[2026-04-29T09:24:10.538+0300] {processor.py:830} INFO - Processing file /mnt/d/airflow/airflow_project/airflow_venv/lib/python3.12/site-packages/airflow/example_dags/example_local_kubernetes_executor.py for tasks to queue
[2026-04-29T09:24:10.546+0300] {logging_mixin.py:188} INFO - [2026-04-29T09:24:10.543+0300] {dagbag.py:545} INFO - Filling up the DagBag from /mnt/d/airflow/airflow_project/airflow_venv/lib/python3.12/site-packages/airflow/example_dags/example_local_kubernetes_executor.py
[2026-04-29T09:24:10.648+0300] {logging_mixin.py:188} INFO - [2026-04-29T09:24:10.629+0300] {example_local_kubernetes_executor.py:40} WARNING - Could not import DAGs in example_local_kubernetes_executor.py
Traceback (most recent call last):
  File "/mnt/d/airflow/airflow_project/airflow_venv/lib/python3.12/site-packages/airflow/example_dags/example_local_kubernetes_executor.py", line 38, in <module>
    from kubernetes.client import models as k8s
ModuleNotFoundError: No module named 'kubernetes'
[2026-04-29T09:24:10.654+0300] {logging_mixin.py:188} INFO - [2026-04-29T09:24:10.651+0300] {example_local_kubernetes_executor.py:41} WARNING - Install Kubernetes dependencies with: pip install apache-airflow[cncf.kubernetes]
[2026-04-29T09:24:10.658+0300] {processor.py:842} WARNING - No viable dags retrieved from /mnt/d/airflow/airflow_project/airflow_venv/lib/python3.12/site-packages/airflow/example_dags/example_local_kubernetes_executor.py
[2026-04-29T09:24:10.714+0300] {processor.py:183} INFO - Processing /mnt/d/airflow/airflow_project/airflow_venv/lib/python3.12/site-packages/airflow/example_dags/example_local_kubernetes_executor.py took 0.205 seconds
[2026-04-29T09:26:32.829+0300] {processor.py:161} INFO - Started process (PID=30447) to work on /mnt/d/airflow/airflow_project/airflow_venv/lib/python3.12/site-packages/airflow/example_dags/example_local_kubernetes_executor.py
[2026-04-29T09:26:32.833+0300] {processor.py:830} INFO - Processing file /mnt/d/airflow/airflow_project/airflow_venv/lib/python3.12/site-packages/airflow/example_dags/example_local_kubernetes_executor.py for tasks to queue
[2026-04-29T09:26:32.841+0300] {logging_mixin.py:188} INFO - [2026-04-29T09:26:32.838+0300] {dagbag.py:545} INFO - Filling up the DagBag from /mnt/d/airflow/airflow_project/airflow_venv/lib/python3.12/site-packages/airflow/example_dags/example_local_kubernetes_executor.py
[2026-04-29T09:26:32.935+0300] {logging_mixin.py:188} INFO - [2026-04-29T09:26:32.915+0300] {example_local_kubernetes_executor.py:40} WARNING - Could not import DAGs in example_local_kubernetes_executor.py
Traceback (most recent call last):
  File "/mnt/d/airflow/airflow_project/airflow_venv/lib/python3.12/site-packages/airflow/example_dags/example_local_kubernetes_executor.py", line 38, in <module>
    from kubernetes.client import models as k8s
ModuleNotFoundError: No module named 'kubernetes'
[2026-04-29T09:26:32.942+0300] {logging_mixin.py:188} INFO - [2026-04-29T09:26:32.939+0300] {example_local_kubernetes_executor.py:41} WARNING - Install Kubernetes dependencies with: pip install apache-airflow[cncf.kubernetes]
[2026-04-29T09:26:32.946+0300] {processor.py:842} WARNING - No viable dags retrieved from /mnt/d/airflow/airflow_project/airflow_venv/lib/python3.12/site-packages/airflow/example_dags/example_local_kubernetes_executor.py
[2026-04-29T09:26:33.002+0300] {processor.py:183} INFO - Processing /mnt/d/airflow/airflow_project/airflow_venv/lib/python3.12/site-packages/airflow/example_dags/example_local_kubernetes_executor.py took 0.205 seconds
[2026-04-29T09:29:04.737+0300] {processor.py:161} INFO - Started process (PID=31305) to work on /mnt/d/airflow/airflow_project/airflow_venv/lib/python3.12/site-packages/airflow/example_dags/example_local_kubernetes_executor.py
[2026-04-29T09:29:04.741+0300] {processor.py:830} INFO - Processing file /mnt/d/airflow/airflow_project/airflow_venv/lib/python3.12/site-packages/airflow/example_dags/example_local_kubernetes_executor.py for tasks to queue
[2026-04-29T09:29:04.749+0300] {logging_mixin.py:188} INFO - [2026-04-29T09:29:04.746+0300] {dagbag.py:545} INFO - Filling up the DagBag from /mnt/d/airflow/airflow_project/airflow_venv/lib/python3.12/site-packages/airflow/example_dags/example_local_kubernetes_executor.py
[2026-04-29T09:29:04.882+0300] {logging_mixin.py:188} INFO - [2026-04-29T09:29:04.864+0300] {example_local_kubernetes_executor.py:40} WARNING - Could not import DAGs in example_local_kubernetes_executor.py
Traceback (most recent call last):
  File "/mnt/d/airflow/airflow_project/airflow_venv/lib/python3.12/site-packages/airflow/example_dags/example_local_kubernetes_executor.py", line 38, in <module>
    from kubernetes.client import models as k8s
ModuleNotFoundError: No module named 'kubernetes'
[2026-04-29T09:29:04.889+0300] {logging_mixin.py:188} INFO - [2026-04-29T09:29:04.887+0300] {example_local_kubernetes_executor.py:41} WARNING - Install Kubernetes dependencies with: pip install apache-airflow[cncf.kubernetes]
[2026-04-29T09:29:04.893+0300] {processor.py:842} WARNING - No viable dags retrieved from /mnt/d/airflow/airflow_project/airflow_venv/lib/python3.12/site-packages/airflow/example_dags/example_local_kubernetes_executor.py
[2026-04-29T09:29:04.948+0300] {processor.py:183} INFO - Processing /mnt/d/airflow/airflow_project/airflow_venv/lib/python3.12/site-packages/airflow/example_dags/example_local_kubernetes_executor.py took 0.240 seconds
[2026-04-29T09:30:46.980+0300] {processor.py:161} INFO - Started process (PID=31927) to work on /mnt/d/airflow/airflow_project/airflow_venv/lib/python3.12/site-packages/airflow/example_dags/example_local_kubernetes_executor.py
[2026-04-29T09:30:46.984+0300] {processor.py:830} INFO - Processing file /mnt/d/airflow/airflow_project/airflow_venv/lib/python3.12/site-packages/airflow/example_dags/example_local_kubernetes_executor.py for tasks to queue
[2026-04-29T09:30:47.003+0300] {logging_mixin.py:188} INFO - [2026-04-29T09:30:47.001+0300] {dagbag.py:545} INFO - Filling up the DagBag from /mnt/d/airflow/airflow_project/airflow_venv/lib/python3.12/site-packages/airflow/example_dags/example_local_kubernetes_executor.py
[2026-04-29T09:30:47.100+0300] {logging_mixin.py:188} INFO - [2026-04-29T09:30:47.088+0300] {example_local_kubernetes_executor.py:40} WARNING - Could not import DAGs in example_local_kubernetes_executor.py
Traceback (most recent call last):
  File "/mnt/d/airflow/airflow_project/airflow_venv/lib/python3.12/site-packages/airflow/example_dags/example_local_kubernetes_executor.py", line 38, in <module>
    from kubernetes.client import models as k8s
ModuleNotFoundError: No module named 'kubernetes'
[2026-04-29T09:30:47.103+0300] {logging_mixin.py:188} INFO - [2026-04-29T09:30:47.102+0300] {example_local_kubernetes_executor.py:41} WARNING - Install Kubernetes dependencies with: pip install apache-airflow[cncf.kubernetes]
[2026-04-29T09:30:47.105+0300] {processor.py:842} WARNING - No viable dags retrieved from /mnt/d/airflow/airflow_project/airflow_venv/lib/python3.12/site-packages/airflow/example_dags/example_local_kubernetes_executor.py
[2026-04-29T09:30:47.144+0300] {processor.py:183} INFO - Processing /mnt/d/airflow/airflow_project/airflow_venv/lib/python3.12/site-packages/airflow/example_dags/example_local_kubernetes_executor.py took 0.209 seconds
[2026-04-29T09:33:02.888+0300] {processor.py:161} INFO - Started process (PID=32716) to work on /mnt/d/airflow/airflow_project/airflow_venv/lib/python3.12/site-packages/airflow/example_dags/example_local_kubernetes_executor.py
[2026-04-29T09:33:02.892+0300] {processor.py:830} INFO - Processing file /mnt/d/airflow/airflow_project/airflow_venv/lib/python3.12/site-packages/airflow/example_dags/example_local_kubernetes_executor.py for tasks to queue
[2026-04-29T09:33:02.901+0300] {logging_mixin.py:188} INFO - [2026-04-29T09:33:02.897+0300] {dagbag.py:545} INFO - Filling up the DagBag from /mnt/d/airflow/airflow_project/airflow_venv/lib/python3.12/site-packages/airflow/example_dags/example_local_kubernetes_executor.py
[2026-04-29T09:33:02.969+0300] {logging_mixin.py:188} INFO - [2026-04-29T09:33:02.960+0300] {example_local_kubernetes_executor.py:40} WARNING - Could not import DAGs in example_local_kubernetes_executor.py
Traceback (most recent call last):
  File "/mnt/d/airflow/airflow_project/airflow_venv/lib/python3.12/site-packages/airflow/example_dags/example_local_kubernetes_executor.py", line 38, in <module>
    from kubernetes.client import models as k8s
ModuleNotFoundError: No module named 'kubernetes'
[2026-04-29T09:33:02.972+0300] {logging_mixin.py:188} INFO - [2026-04-29T09:33:02.971+0300] {example_local_kubernetes_executor.py:41} WARNING - Install Kubernetes dependencies with: pip install apache-airflow[cncf.kubernetes]
[2026-04-29T09:33:02.974+0300] {processor.py:842} WARNING - No viable dags retrieved from /mnt/d/airflow/airflow_project/airflow_venv/lib/python3.12/site-packages/airflow/example_dags/example_local_kubernetes_executor.py
[2026-04-29T09:33:03.008+0300] {processor.py:183} INFO - Processing /mnt/d/airflow/airflow_project/airflow_venv/lib/python3.12/site-packages/airflow/example_dags/example_local_kubernetes_executor.py took 0.156 seconds
[2026-04-29T09:35:24.306+0300] {processor.py:161} INFO - Started process (PID=33566) to work on /mnt/d/airflow/airflow_project/airflow_venv/lib/python3.12/site-packages/airflow/example_dags/example_local_kubernetes_executor.py
[2026-04-29T09:35:24.308+0300] {processor.py:830} INFO - Processing file /mnt/d/airflow/airflow_project/airflow_venv/lib/python3.12/site-packages/airflow/example_dags/example_local_kubernetes_executor.py for tasks to queue
[2026-04-29T09:35:24.317+0300] {logging_mixin.py:188} INFO - [2026-04-29T09:35:24.310+0300] {dagbag.py:545} INFO - Filling up the DagBag from /mnt/d/airflow/airflow_project/airflow_venv/lib/python3.12/site-packages/airflow/example_dags/example_local_kubernetes_executor.py
[2026-04-29T09:35:24.344+0300] {logging_mixin.py:188} INFO - [2026-04-29T09:35:24.338+0300] {example_local_kubernetes_executor.py:40} WARNING - Could not import DAGs in example_local_kubernetes_executor.py
Traceback (most recent call last):
  File "/mnt/d/airflow/airflow_project/airflow_venv/lib/python3.12/site-packages/airflow/example_dags/example_local_kubernetes_executor.py", line 38, in <module>
    from kubernetes.client import models as k8s
ModuleNotFoundError: No module named 'kubernetes'
[2026-04-29T09:35:24.346+0300] {logging_mixin.py:188} INFO - [2026-04-29T09:35:24.345+0300] {example_local_kubernetes_executor.py:41} WARNING - Install Kubernetes dependencies with: pip install apache-airflow[cncf.kubernetes]
[2026-04-29T09:35:24.347+0300] {processor.py:842} WARNING - No viable dags retrieved from /mnt/d/airflow/airflow_project/airflow_venv/lib/python3.12/site-packages/airflow/example_dags/example_local_kubernetes_executor.py
[2026-04-29T09:35:24.366+0300] {processor.py:183} INFO - Processing /mnt/d/airflow/airflow_project/airflow_venv/lib/python3.12/site-packages/airflow/example_dags/example_local_kubernetes_executor.py took 0.073 seconds
[2026-04-29T09:37:21.808+0300] {processor.py:161} INFO - Started process (PID=34279) to work on /mnt/d/airflow/airflow_project/airflow_venv/lib/python3.12/site-packages/airflow/example_dags/example_local_kubernetes_executor.py
[2026-04-29T09:37:21.812+0300] {processor.py:830} INFO - Processing file /mnt/d/airflow/airflow_project/airflow_venv/lib/python3.12/site-packages/airflow/example_dags/example_local_kubernetes_executor.py for tasks to queue
[2026-04-29T09:37:21.819+0300] {logging_mixin.py:188} INFO - [2026-04-29T09:37:21.816+0300] {dagbag.py:545} INFO - Filling up the DagBag from /mnt/d/airflow/airflow_project/airflow_venv/lib/python3.12/site-packages/airflow/example_dags/example_local_kubernetes_executor.py
[2026-04-29T09:37:21.882+0300] {logging_mixin.py:188} INFO - [2026-04-29T09:37:21.872+0300] {example_local_kubernetes_executor.py:40} WARNING - Could not import DAGs in example_local_kubernetes_executor.py
Traceback (most recent call last):
  File "/mnt/d/airflow/airflow_project/airflow_venv/lib/python3.12/site-packages/airflow/example_dags/example_local_kubernetes_executor.py", line 38, in <module>
    from kubernetes.client import models as k8s
ModuleNotFoundError: No module named 'kubernetes'
[2026-04-29T09:37:21.887+0300] {logging_mixin.py:188} INFO - [2026-04-29T09:37:21.884+0300] {example_local_kubernetes_executor.py:41} WARNING - Install Kubernetes dependencies with: pip install apache-airflow[cncf.kubernetes]
[2026-04-29T09:37:21.891+0300] {processor.py:842} WARNING - No viable dags retrieved from /mnt/d/airflow/airflow_project/airflow_venv/lib/python3.12/site-packages/airflow/example_dags/example_local_kubernetes_executor.py
[2026-04-29T09:37:21.932+0300] {processor.py:183} INFO - Processing /mnt/d/airflow/airflow_project/airflow_venv/lib/python3.12/site-packages/airflow/example_dags/example_local_kubernetes_executor.py took 0.154 seconds
[2026-04-29T09:39:36.859+0300] {processor.py:161} INFO - Started process (PID=35107) to work on /mnt/d/airflow/airflow_project/airflow_venv/lib/python3.12/site-packages/airflow/example_dags/example_local_kubernetes_executor.py
[2026-04-29T09:39:36.862+0300] {processor.py:830} INFO - Processing file /mnt/d/airflow/airflow_project/airflow_venv/lib/python3.12/site-packages/airflow/example_dags/example_local_kubernetes_executor.py for tasks to queue
[2026-04-29T09:39:36.870+0300] {logging_mixin.py:188} INFO - [2026-04-29T09:39:36.865+0300] {dagbag.py:545} INFO - Filling up the DagBag from /mnt/d/airflow/airflow_project/airflow_venv/lib/python3.12/site-packages/airflow/example_dags/example_local_kubernetes_executor.py
[2026-04-29T09:39:36.948+0300] {logging_mixin.py:188} INFO - [2026-04-29T09:39:36.928+0300] {example_local_kubernetes_executor.py:40} WARNING - Could not import DAGs in example_local_kubernetes_executor.py
Traceback (most recent call last):
  File "/mnt/d/airflow/airflow_project/airflow_venv/lib/python3.12/site-packages/airflow/example_dags/example_local_kubernetes_executor.py", line 38, in <module>
    from kubernetes.client import models as k8s
ModuleNotFoundError: No module named 'kubernetes'
[2026-04-29T09:39:36.953+0300] {logging_mixin.py:188} INFO - [2026-04-29T09:39:36.951+0300] {example_local_kubernetes_executor.py:41} WARNING - Install Kubernetes dependencies with: pip install apache-airflow[cncf.kubernetes]
[2026-04-29T09:39:36.956+0300] {processor.py:842} WARNING - No viable dags retrieved from /mnt/d/airflow/airflow_project/airflow_venv/lib/python3.12/site-packages/airflow/example_dags/example_local_kubernetes_executor.py
[2026-04-29T09:39:36.986+0300] {processor.py:183} INFO - Processing /mnt/d/airflow/airflow_project/airflow_venv/lib/python3.12/site-packages/airflow/example_dags/example_local_kubernetes_executor.py took 0.156 seconds
[2026-04-29T09:41:31.399+0300] {processor.py:161} INFO - Started process (PID=35764) to work on /mnt/d/airflow/airflow_project/airflow_venv/lib/python3.12/site-packages/airflow/example_dags/example_local_kubernetes_executor.py
[2026-04-29T09:41:31.403+0300] {processor.py:830} INFO - Processing file /mnt/d/airflow/airflow_project/airflow_venv/lib/python3.12/site-packages/airflow/example_dags/example_local_kubernetes_executor.py for tasks to queue
[2026-04-29T09:41:31.408+0300] {logging_mixin.py:188} INFO - [2026-04-29T09:41:31.406+0300] {dagbag.py:545} INFO - Filling up the DagBag from /mnt/d/airflow/airflow_project/airflow_venv/lib/python3.12/site-packages/airflow/example_dags/example_local_kubernetes_executor.py
[2026-04-29T09:41:31.459+0300] {logging_mixin.py:188} INFO - [2026-04-29T09:41:31.448+0300] {example_local_kubernetes_executor.py:40} WARNING - Could not import DAGs in example_local_kubernetes_executor.py
Traceback (most recent call last):
  File "/mnt/d/airflow/airflow_project/airflow_venv/lib/python3.12/site-packages/airflow/example_dags/example_local_kubernetes_executor.py", line 38, in <module>
    from kubernetes.client import models as k8s
ModuleNotFoundError: No module named 'kubernetes'
[2026-04-29T09:41:31.462+0300] {logging_mixin.py:188} INFO - [2026-04-29T09:41:31.461+0300] {example_local_kubernetes_executor.py:41} WARNING - Install Kubernetes dependencies with: pip install apache-airflow[cncf.kubernetes]
[2026-04-29T09:41:31.464+0300] {processor.py:842} WARNING - No viable dags retrieved from /mnt/d/airflow/airflow_project/airflow_venv/lib/python3.12/site-packages/airflow/example_dags/example_local_kubernetes_executor.py
[2026-04-29T09:41:31.501+0300] {processor.py:183} INFO - Processing /mnt/d/airflow/airflow_project/airflow_venv/lib/python3.12/site-packages/airflow/example_dags/example_local_kubernetes_executor.py took 0.127 seconds
[2026-04-29T09:43:49.661+0300] {processor.py:161} INFO - Started process (PID=36583) to work on /mnt/d/airflow/airflow_project/airflow_venv/lib/python3.12/site-packages/airflow/example_dags/example_local_kubernetes_executor.py
[2026-04-29T09:43:49.664+0300] {processor.py:830} INFO - Processing file /mnt/d/airflow/airflow_project/airflow_venv/lib/python3.12/site-packages/airflow/example_dags/example_local_kubernetes_executor.py for tasks to queue
[2026-04-29T09:43:49.668+0300] {logging_mixin.py:188} INFO - [2026-04-29T09:43:49.667+0300] {dagbag.py:545} INFO - Filling up the DagBag from /mnt/d/airflow/airflow_project/airflow_venv/lib/python3.12/site-packages/airflow/example_dags/example_local_kubernetes_executor.py
[2026-04-29T09:43:49.709+0300] {logging_mixin.py:188} INFO - [2026-04-29T09:43:49.701+0300] {example_local_kubernetes_executor.py:40} WARNING - Could not import DAGs in example_local_kubernetes_executor.py
Traceback (most recent call last):
  File "/mnt/d/airflow/airflow_project/airflow_venv/lib/python3.12/site-packages/airflow/example_dags/example_local_kubernetes_executor.py", line 38, in <module>
    from kubernetes.client import models as k8s
ModuleNotFoundError: No module named 'kubernetes'
[2026-04-29T09:43:49.713+0300] {logging_mixin.py:188} INFO - [2026-04-29T09:43:49.711+0300] {example_local_kubernetes_executor.py:41} WARNING - Install Kubernetes dependencies with: pip install apache-airflow[cncf.kubernetes]
[2026-04-29T09:43:49.716+0300] {processor.py:842} WARNING - No viable dags retrieved from /mnt/d/airflow/airflow_project/airflow_venv/lib/python3.12/site-packages/airflow/example_dags/example_local_kubernetes_executor.py
[2026-04-29T09:43:49.764+0300] {processor.py:183} INFO - Processing /mnt/d/airflow/airflow_project/airflow_venv/lib/python3.12/site-packages/airflow/example_dags/example_local_kubernetes_executor.py took 0.124 seconds
[2026-04-29T09:47:08.170+0300] {processor.py:161} INFO - Started process (PID=37702) to work on /mnt/d/airflow/airflow_project/airflow_venv/lib/python3.12/site-packages/airflow/example_dags/example_local_kubernetes_executor.py
[2026-04-29T09:47:08.174+0300] {processor.py:830} INFO - Processing file /mnt/d/airflow/airflow_project/airflow_venv/lib/python3.12/site-packages/airflow/example_dags/example_local_kubernetes_executor.py for tasks to queue
[2026-04-29T09:47:08.182+0300] {logging_mixin.py:188} INFO - [2026-04-29T09:47:08.179+0300] {dagbag.py:545} INFO - Filling up the DagBag from /mnt/d/airflow/airflow_project/airflow_venv/lib/python3.12/site-packages/airflow/example_dags/example_local_kubernetes_executor.py
[2026-04-29T09:47:08.261+0300] {logging_mixin.py:188} INFO - [2026-04-29T09:47:08.246+0300] {example_local_kubernetes_executor.py:40} WARNING - Could not import DAGs in example_local_kubernetes_executor.py
Traceback (most recent call last):
  File "/mnt/d/airflow/airflow_project/airflow_venv/lib/python3.12/site-packages/airflow/example_dags/example_local_kubernetes_executor.py", line 38, in <module>
    from kubernetes.client import models as k8s
ModuleNotFoundError: No module named 'kubernetes'
[2026-04-29T09:47:08.266+0300] {logging_mixin.py:188} INFO - [2026-04-29T09:47:08.264+0300] {example_local_kubernetes_executor.py:41} WARNING - Install Kubernetes dependencies with: pip install apache-airflow[cncf.kubernetes]
[2026-04-29T09:47:08.269+0300] {processor.py:842} WARNING - No viable dags retrieved from /mnt/d/airflow/airflow_project/airflow_venv/lib/python3.12/site-packages/airflow/example_dags/example_local_kubernetes_executor.py
[2026-04-29T09:47:08.326+0300] {processor.py:183} INFO - Processing /mnt/d/airflow/airflow_project/airflow_venv/lib/python3.12/site-packages/airflow/example_dags/example_local_kubernetes_executor.py took 0.185 seconds
[2026-04-29T09:48:36.894+0300] {processor.py:161} INFO - Started process (PID=38204) to work on /mnt/d/airflow/airflow_project/airflow_venv/lib/python3.12/site-packages/airflow/example_dags/example_local_kubernetes_executor.py
[2026-04-29T09:48:36.897+0300] {processor.py:830} INFO - Processing file /mnt/d/airflow/airflow_project/airflow_venv/lib/python3.12/site-packages/airflow/example_dags/example_local_kubernetes_executor.py for tasks to queue
[2026-04-29T09:48:36.902+0300] {logging_mixin.py:188} INFO - [2026-04-29T09:48:36.900+0300] {dagbag.py:545} INFO - Filling up the DagBag from /mnt/d/airflow/airflow_project/airflow_venv/lib/python3.12/site-packages/airflow/example_dags/example_local_kubernetes_executor.py
[2026-04-29T09:48:36.970+0300] {logging_mixin.py:188} INFO - [2026-04-29T09:48:36.954+0300] {example_local_kubernetes_executor.py:40} WARNING - Could not import DAGs in example_local_kubernetes_executor.py
Traceback (most recent call last):
  File "/mnt/d/airflow/airflow_project/airflow_venv/lib/python3.12/site-packages/airflow/example_dags/example_local_kubernetes_executor.py", line 38, in <module>
    from kubernetes.client import models as k8s
ModuleNotFoundError: No module named 'kubernetes'
[2026-04-29T09:48:36.976+0300] {logging_mixin.py:188} INFO - [2026-04-29T09:48:36.973+0300] {example_local_kubernetes_executor.py:41} WARNING - Install Kubernetes dependencies with: pip install apache-airflow[cncf.kubernetes]
[2026-04-29T09:48:36.978+0300] {processor.py:842} WARNING - No viable dags retrieved from /mnt/d/airflow/airflow_project/airflow_venv/lib/python3.12/site-packages/airflow/example_dags/example_local_kubernetes_executor.py
[2026-04-29T09:48:37.025+0300] {processor.py:183} INFO - Processing /mnt/d/airflow/airflow_project/airflow_venv/lib/python3.12/site-packages/airflow/example_dags/example_local_kubernetes_executor.py took 0.157 seconds
[2026-04-29T09:50:52.256+0300] {processor.py:161} INFO - Started process (PID=38977) to work on /mnt/d/airflow/airflow_project/airflow_venv/lib/python3.12/site-packages/airflow/example_dags/example_local_kubernetes_executor.py
[2026-04-29T09:50:52.260+0300] {processor.py:830} INFO - Processing file /mnt/d/airflow/airflow_project/airflow_venv/lib/python3.12/site-packages/airflow/example_dags/example_local_kubernetes_executor.py for tasks to queue
[2026-04-29T09:50:52.266+0300] {logging_mixin.py:188} INFO - [2026-04-29T09:50:52.264+0300] {dagbag.py:545} INFO - Filling up the DagBag from /mnt/d/airflow/airflow_project/airflow_venv/lib/python3.12/site-packages/airflow/example_dags/example_local_kubernetes_executor.py
[2026-04-29T09:50:52.352+0300] {logging_mixin.py:188} INFO - [2026-04-29T09:50:52.338+0300] {example_local_kubernetes_executor.py:40} WARNING - Could not import DAGs in example_local_kubernetes_executor.py
Traceback (most recent call last):
  File "/mnt/d/airflow/airflow_project/airflow_venv/lib/python3.12/site-packages/airflow/example_dags/example_local_kubernetes_executor.py", line 38, in <module>
    from kubernetes.client import models as k8s
ModuleNotFoundError: No module named 'kubernetes'
[2026-04-29T09:50:52.357+0300] {logging_mixin.py:188} INFO - [2026-04-29T09:50:52.355+0300] {example_local_kubernetes_executor.py:41} WARNING - Install Kubernetes dependencies with: pip install apache-airflow[cncf.kubernetes]
[2026-04-29T09:50:52.360+0300] {processor.py:842} WARNING - No viable dags retrieved from /mnt/d/airflow/airflow_project/airflow_venv/lib/python3.12/site-packages/airflow/example_dags/example_local_kubernetes_executor.py
[2026-04-29T09:50:52.416+0300] {processor.py:183} INFO - Processing /mnt/d/airflow/airflow_project/airflow_venv/lib/python3.12/site-packages/airflow/example_dags/example_local_kubernetes_executor.py took 0.188 seconds
[2026-04-29T09:54:29.660+0300] {processor.py:161} INFO - Started process (PID=40183) to work on /mnt/d/airflow/airflow_project/airflow_venv/lib/python3.12/site-packages/airflow/example_dags/example_local_kubernetes_executor.py
[2026-04-29T09:54:29.667+0300] {processor.py:830} INFO - Processing file /mnt/d/airflow/airflow_project/airflow_venv/lib/python3.12/site-packages/airflow/example_dags/example_local_kubernetes_executor.py for tasks to queue
[2026-04-29T09:54:29.676+0300] {logging_mixin.py:188} INFO - [2026-04-29T09:54:29.673+0300] {dagbag.py:545} INFO - Filling up the DagBag from /mnt/d/airflow/airflow_project/airflow_venv/lib/python3.12/site-packages/airflow/example_dags/example_local_kubernetes_executor.py
[2026-04-29T09:54:29.758+0300] {logging_mixin.py:188} INFO - [2026-04-29T09:54:29.744+0300] {example_local_kubernetes_executor.py:40} WARNING - Could not import DAGs in example_local_kubernetes_executor.py
Traceback (most recent call last):
  File "/mnt/d/airflow/airflow_project/airflow_venv/lib/python3.12/site-packages/airflow/example_dags/example_local_kubernetes_executor.py", line 38, in <module>
    from kubernetes.client import models as k8s
ModuleNotFoundError: No module named 'kubernetes'
[2026-04-29T09:54:29.762+0300] {logging_mixin.py:188} INFO - [2026-04-29T09:54:29.760+0300] {example_local_kubernetes_executor.py:41} WARNING - Install Kubernetes dependencies with: pip install apache-airflow[cncf.kubernetes]
[2026-04-29T09:54:29.770+0300] {processor.py:842} WARNING - No viable dags retrieved from /mnt/d/airflow/airflow_project/airflow_venv/lib/python3.12/site-packages/airflow/example_dags/example_local_kubernetes_executor.py
[2026-04-29T09:54:29.809+0300] {processor.py:183} INFO - Processing /mnt/d/airflow/airflow_project/airflow_venv/lib/python3.12/site-packages/airflow/example_dags/example_local_kubernetes_executor.py took 0.196 seconds
[2026-04-29T09:56:47.564+0300] {processor.py:161} INFO - Started process (PID=40999) to work on /mnt/d/airflow/airflow_project/airflow_venv/lib/python3.12/site-packages/airflow/example_dags/example_local_kubernetes_executor.py
[2026-04-29T09:56:47.569+0300] {processor.py:830} INFO - Processing file /mnt/d/airflow/airflow_project/airflow_venv/lib/python3.12/site-packages/airflow/example_dags/example_local_kubernetes_executor.py for tasks to queue
[2026-04-29T09:56:47.577+0300] {logging_mixin.py:188} INFO - [2026-04-29T09:56:47.574+0300] {dagbag.py:545} INFO - Filling up the DagBag from /mnt/d/airflow/airflow_project/airflow_venv/lib/python3.12/site-packages/airflow/example_dags/example_local_kubernetes_executor.py
[2026-04-29T09:56:47.666+0300] {logging_mixin.py:188} INFO - [2026-04-29T09:56:47.651+0300] {example_local_kubernetes_executor.py:40} WARNING - Could not import DAGs in example_local_kubernetes_executor.py
Traceback (most recent call last):
  File "/mnt/d/airflow/airflow_project/airflow_venv/lib/python3.12/site-packages/airflow/example_dags/example_local_kubernetes_executor.py", line 38, in <module>
    from kubernetes.client import models as k8s
ModuleNotFoundError: No module named 'kubernetes'
[2026-04-29T09:56:47.674+0300] {logging_mixin.py:188} INFO - [2026-04-29T09:56:47.672+0300] {example_local_kubernetes_executor.py:41} WARNING - Install Kubernetes dependencies with: pip install apache-airflow[cncf.kubernetes]
[2026-04-29T09:56:47.677+0300] {processor.py:842} WARNING - No viable dags retrieved from /mnt/d/airflow/airflow_project/airflow_venv/lib/python3.12/site-packages/airflow/example_dags/example_local_kubernetes_executor.py
[2026-04-29T09:56:47.712+0300] {processor.py:183} INFO - Processing /mnt/d/airflow/airflow_project/airflow_venv/lib/python3.12/site-packages/airflow/example_dags/example_local_kubernetes_executor.py took 0.179 seconds
[2026-04-29T09:59:45.929+0300] {processor.py:161} INFO - Started process (PID=42003) to work on /mnt/d/airflow/airflow_project/airflow_venv/lib/python3.12/site-packages/airflow/example_dags/example_local_kubernetes_executor.py
[2026-04-29T09:59:45.932+0300] {processor.py:830} INFO - Processing file /mnt/d/airflow/airflow_project/airflow_venv/lib/python3.12/site-packages/airflow/example_dags/example_local_kubernetes_executor.py for tasks to queue
[2026-04-29T09:59:45.937+0300] {logging_mixin.py:188} INFO - [2026-04-29T09:59:45.935+0300] {dagbag.py:545} INFO - Filling up the DagBag from /mnt/d/airflow/airflow_project/airflow_venv/lib/python3.12/site-packages/airflow/example_dags/example_local_kubernetes_executor.py
[2026-04-29T09:59:45.986+0300] {logging_mixin.py:188} INFO - [2026-04-29T09:59:45.977+0300] {example_local_kubernetes_executor.py:40} WARNING - Could not import DAGs in example_local_kubernetes_executor.py
Traceback (most recent call last):
  File "/mnt/d/airflow/airflow_project/airflow_venv/lib/python3.12/site-packages/airflow/example_dags/example_local_kubernetes_executor.py", line 38, in <module>
    from kubernetes.client import models as k8s
ModuleNotFoundError: No module named 'kubernetes'
[2026-04-29T09:59:45.989+0300] {logging_mixin.py:188} INFO - [2026-04-29T09:59:45.988+0300] {example_local_kubernetes_executor.py:41} WARNING - Install Kubernetes dependencies with: pip install apache-airflow[cncf.kubernetes]
[2026-04-29T09:59:45.991+0300] {processor.py:842} WARNING - No viable dags retrieved from /mnt/d/airflow/airflow_project/airflow_venv/lib/python3.12/site-packages/airflow/example_dags/example_local_kubernetes_executor.py
[2026-04-29T09:59:46.020+0300] {processor.py:183} INFO - Processing /mnt/d/airflow/airflow_project/airflow_venv/lib/python3.12/site-packages/airflow/example_dags/example_local_kubernetes_executor.py took 0.112 seconds
[2026-04-29T10:03:10.638+0300] {processor.py:161} INFO - Started process (PID=43132) to work on /mnt/d/airflow/airflow_project/airflow_venv/lib/python3.12/site-packages/airflow/example_dags/example_local_kubernetes_executor.py
[2026-04-29T10:03:10.642+0300] {processor.py:830} INFO - Processing file /mnt/d/airflow/airflow_project/airflow_venv/lib/python3.12/site-packages/airflow/example_dags/example_local_kubernetes_executor.py for tasks to queue
[2026-04-29T10:03:10.646+0300] {logging_mixin.py:188} INFO - [2026-04-29T10:03:10.645+0300] {dagbag.py:545} INFO - Filling up the DagBag from /mnt/d/airflow/airflow_project/airflow_venv/lib/python3.12/site-packages/airflow/example_dags/example_local_kubernetes_executor.py
[2026-04-29T10:03:10.681+0300] {logging_mixin.py:188} INFO - [2026-04-29T10:03:10.675+0300] {example_local_kubernetes_executor.py:40} WARNING - Could not import DAGs in example_local_kubernetes_executor.py
Traceback (most recent call last):
  File "/mnt/d/airflow/airflow_project/airflow_venv/lib/python3.12/site-packages/airflow/example_dags/example_local_kubernetes_executor.py", line 38, in <module>
    from kubernetes.client import models as k8s
ModuleNotFoundError: No module named 'kubernetes'
[2026-04-29T10:03:10.683+0300] {logging_mixin.py:188} INFO - [2026-04-29T10:03:10.683+0300] {example_local_kubernetes_executor.py:41} WARNING - Install Kubernetes dependencies with: pip install apache-airflow[cncf.kubernetes]
[2026-04-29T10:03:10.685+0300] {processor.py:842} WARNING - No viable dags retrieved from /mnt/d/airflow/airflow_project/airflow_venv/lib/python3.12/site-packages/airflow/example_dags/example_local_kubernetes_executor.py
[2026-04-29T10:03:10.724+0300] {processor.py:183} INFO - Processing /mnt/d/airflow/airflow_project/airflow_venv/lib/python3.12/site-packages/airflow/example_dags/example_local_kubernetes_executor.py took 0.110 seconds
[2026-04-29T10:05:52.553+0300] {processor.py:161} INFO - Started process (PID=44062) to work on /mnt/d/airflow/airflow_project/airflow_venv/lib/python3.12/site-packages/airflow/example_dags/example_local_kubernetes_executor.py
[2026-04-29T10:05:52.558+0300] {processor.py:830} INFO - Processing file /mnt/d/airflow/airflow_project/airflow_venv/lib/python3.12/site-packages/airflow/example_dags/example_local_kubernetes_executor.py for tasks to queue
[2026-04-29T10:05:52.566+0300] {logging_mixin.py:188} INFO - [2026-04-29T10:05:52.564+0300] {dagbag.py:545} INFO - Filling up the DagBag from /mnt/d/airflow/airflow_project/airflow_venv/lib/python3.12/site-packages/airflow/example_dags/example_local_kubernetes_executor.py
[2026-04-29T10:05:52.655+0300] {logging_mixin.py:188} INFO - [2026-04-29T10:05:52.640+0300] {example_local_kubernetes_executor.py:40} WARNING - Could not import DAGs in example_local_kubernetes_executor.py
Traceback (most recent call last):
  File "/mnt/d/airflow/airflow_project/airflow_venv/lib/python3.12/site-packages/airflow/example_dags/example_local_kubernetes_executor.py", line 38, in <module>
    from kubernetes.client import models as k8s
ModuleNotFoundError: No module named 'kubernetes'
[2026-04-29T10:05:52.659+0300] {logging_mixin.py:188} INFO - [2026-04-29T10:05:52.657+0300] {example_local_kubernetes_executor.py:41} WARNING - Install Kubernetes dependencies with: pip install apache-airflow[cncf.kubernetes]
[2026-04-29T10:05:52.662+0300] {processor.py:842} WARNING - No viable dags retrieved from /mnt/d/airflow/airflow_project/airflow_venv/lib/python3.12/site-packages/airflow/example_dags/example_local_kubernetes_executor.py
[2026-04-29T10:05:52.708+0300] {processor.py:183} INFO - Processing /mnt/d/airflow/airflow_project/airflow_venv/lib/python3.12/site-packages/airflow/example_dags/example_local_kubernetes_executor.py took 0.190 seconds
[2026-04-29T10:08:12.763+0300] {processor.py:161} INFO - Started process (PID=44838) to work on /mnt/d/airflow/airflow_project/airflow_venv/lib/python3.12/site-packages/airflow/example_dags/example_local_kubernetes_executor.py
[2026-04-29T10:08:12.768+0300] {processor.py:830} INFO - Processing file /mnt/d/airflow/airflow_project/airflow_venv/lib/python3.12/site-packages/airflow/example_dags/example_local_kubernetes_executor.py for tasks to queue
[2026-04-29T10:08:12.777+0300] {logging_mixin.py:188} INFO - [2026-04-29T10:08:12.774+0300] {dagbag.py:545} INFO - Filling up the DagBag from /mnt/d/airflow/airflow_project/airflow_venv/lib/python3.12/site-packages/airflow/example_dags/example_local_kubernetes_executor.py
[2026-04-29T10:08:12.832+0300] {logging_mixin.py:188} INFO - [2026-04-29T10:08:12.825+0300] {example_local_kubernetes_executor.py:40} WARNING - Could not import DAGs in example_local_kubernetes_executor.py
Traceback (most recent call last):
  File "/mnt/d/airflow/airflow_project/airflow_venv/lib/python3.12/site-packages/airflow/example_dags/example_local_kubernetes_executor.py", line 38, in <module>
    from kubernetes.client import models as k8s
ModuleNotFoundError: No module named 'kubernetes'
[2026-04-29T10:08:12.837+0300] {logging_mixin.py:188} INFO - [2026-04-29T10:08:12.834+0300] {example_local_kubernetes_executor.py:41} WARNING - Install Kubernetes dependencies with: pip install apache-airflow[cncf.kubernetes]
[2026-04-29T10:08:12.840+0300] {processor.py:842} WARNING - No viable dags retrieved from /mnt/d/airflow/airflow_project/airflow_venv/lib/python3.12/site-packages/airflow/example_dags/example_local_kubernetes_executor.py
[2026-04-29T10:08:12.874+0300] {processor.py:183} INFO - Processing /mnt/d/airflow/airflow_project/airflow_venv/lib/python3.12/site-packages/airflow/example_dags/example_local_kubernetes_executor.py took 0.141 seconds
[2026-04-29T10:10:12.196+0300] {processor.py:161} INFO - Started process (PID=45493) to work on /mnt/d/airflow/airflow_project/airflow_venv/lib/python3.12/site-packages/airflow/example_dags/example_local_kubernetes_executor.py
[2026-04-29T10:10:12.200+0300] {processor.py:830} INFO - Processing file /mnt/d/airflow/airflow_project/airflow_venv/lib/python3.12/site-packages/airflow/example_dags/example_local_kubernetes_executor.py for tasks to queue
[2026-04-29T10:10:12.209+0300] {logging_mixin.py:188} INFO - [2026-04-29T10:10:12.206+0300] {dagbag.py:545} INFO - Filling up the DagBag from /mnt/d/airflow/airflow_project/airflow_venv/lib/python3.12/site-packages/airflow/example_dags/example_local_kubernetes_executor.py
[2026-04-29T10:10:12.314+0300] {logging_mixin.py:188} INFO - [2026-04-29T10:10:12.294+0300] {example_local_kubernetes_executor.py:40} WARNING - Could not import DAGs in example_local_kubernetes_executor.py
Traceback (most recent call last):
  File "/mnt/d/airflow/airflow_project/airflow_venv/lib/python3.12/site-packages/airflow/example_dags/example_local_kubernetes_executor.py", line 38, in <module>
    from kubernetes.client import models as k8s
ModuleNotFoundError: No module named 'kubernetes'
[2026-04-29T10:10:12.320+0300] {logging_mixin.py:188} INFO - [2026-04-29T10:10:12.317+0300] {example_local_kubernetes_executor.py:41} WARNING - Install Kubernetes dependencies with: pip install apache-airflow[cncf.kubernetes]
[2026-04-29T10:10:12.324+0300] {processor.py:842} WARNING - No viable dags retrieved from /mnt/d/airflow/airflow_project/airflow_venv/lib/python3.12/site-packages/airflow/example_dags/example_local_kubernetes_executor.py
[2026-04-29T10:10:12.378+0300] {processor.py:183} INFO - Processing /mnt/d/airflow/airflow_project/airflow_venv/lib/python3.12/site-packages/airflow/example_dags/example_local_kubernetes_executor.py took 0.215 seconds
[2026-04-29T10:12:28.797+0300] {processor.py:161} INFO - Started process (PID=46254) to work on /mnt/d/airflow/airflow_project/airflow_venv/lib/python3.12/site-packages/airflow/example_dags/example_local_kubernetes_executor.py
[2026-04-29T10:12:28.801+0300] {processor.py:830} INFO - Processing file /mnt/d/airflow/airflow_project/airflow_venv/lib/python3.12/site-packages/airflow/example_dags/example_local_kubernetes_executor.py for tasks to queue
[2026-04-29T10:12:28.808+0300] {logging_mixin.py:188} INFO - [2026-04-29T10:12:28.806+0300] {dagbag.py:545} INFO - Filling up the DagBag from /mnt/d/airflow/airflow_project/airflow_venv/lib/python3.12/site-packages/airflow/example_dags/example_local_kubernetes_executor.py
[2026-04-29T10:12:28.890+0300] {logging_mixin.py:188} INFO - [2026-04-29T10:12:28.873+0300] {example_local_kubernetes_executor.py:40} WARNING - Could not import DAGs in example_local_kubernetes_executor.py
Traceback (most recent call last):
  File "/mnt/d/airflow/airflow_project/airflow_venv/lib/python3.12/site-packages/airflow/example_dags/example_local_kubernetes_executor.py", line 38, in <module>
    from kubernetes.client import models as k8s
ModuleNotFoundError: No module named 'kubernetes'
[2026-04-29T10:12:28.896+0300] {logging_mixin.py:188} INFO - [2026-04-29T10:12:28.893+0300] {example_local_kubernetes_executor.py:41} WARNING - Install Kubernetes dependencies with: pip install apache-airflow[cncf.kubernetes]
[2026-04-29T10:12:28.899+0300] {processor.py:842} WARNING - No viable dags retrieved from /mnt/d/airflow/airflow_project/airflow_venv/lib/python3.12/site-packages/airflow/example_dags/example_local_kubernetes_executor.py
[2026-04-29T10:12:28.947+0300] {processor.py:183} INFO - Processing /mnt/d/airflow/airflow_project/airflow_venv/lib/python3.12/site-packages/airflow/example_dags/example_local_kubernetes_executor.py took 0.176 seconds
