[2026-04-29T09:16:14.604+0300] {processor.py:161} INFO - Started process (PID=26869) to work on /mnt/d/airflow/airflow_project/airflow_venv/lib/python3.12/site-packages/airflow/example_dags/example_branch_python_dop_operator_3.py
[2026-04-29T09:16:14.607+0300] {processor.py:830} INFO - Processing file /mnt/d/airflow/airflow_project/airflow_venv/lib/python3.12/site-packages/airflow/example_dags/example_branch_python_dop_operator_3.py for tasks to queue
[2026-04-29T09:16:14.613+0300] {logging_mixin.py:188} INFO - [2026-04-29T09:16:14.611+0300] {dagbag.py:545} INFO - Filling up the DagBag from /mnt/d/airflow/airflow_project/airflow_venv/lib/python3.12/site-packages/airflow/example_dags/example_branch_python_dop_operator_3.py
[2026-04-29T09:16:14.706+0300] {processor.py:840} INFO - DAG(s) 'example_branch_dop_operator_v3' retrieved from /mnt/d/airflow/airflow_project/airflow_venv/lib/python3.12/site-packages/airflow/example_dags/example_branch_python_dop_operator_3.py
[2026-04-29T09:16:15.796+0300] {logging_mixin.py:188} INFO - [2026-04-29T09:16:15.794+0300] {override.py:1858} INFO - Created Permission View: can edit on DAG:example_branch_dop_operator_v3
[2026-04-29T09:16:15.838+0300] {logging_mixin.py:188} INFO - [2026-04-29T09:16:15.837+0300] {override.py:1858} INFO - Created Permission View: can delete on DAG:example_branch_dop_operator_v3
[2026-04-29T09:16:15.882+0300] {logging_mixin.py:188} INFO - [2026-04-29T09:16:15.881+0300] {override.py:1858} INFO - Created Permission View: can read on DAG:example_branch_dop_operator_v3
[2026-04-29T09:16:15.883+0300] {logging_mixin.py:188} INFO - [2026-04-29T09:16:15.883+0300] {dag.py:3089} INFO - Sync 1 DAGs
[2026-04-29T09:16:15.901+0300] {logging_mixin.py:188} INFO - [2026-04-29T09:16:15.901+0300] {dag.py:3111} INFO - Creating ORM DAG for example_branch_dop_operator_v3
[2026-04-29T09:16:15.924+0300] {logging_mixin.py:188} INFO - [2026-04-29T09:16:15.923+0300] {dag.py:3947} INFO - Setting next_dagrun for example_branch_dop_operator_v3 to 2026-04-29 06:15:00+00:00, run_after=2026-04-29 06:16:00+00:00
[2026-04-29T09:16:15.983+0300] {processor.py:183} INFO - Processing /mnt/d/airflow/airflow_project/airflow_venv/lib/python3.12/site-packages/airflow/example_dags/example_branch_python_dop_operator_3.py took 1.405 seconds
[2026-04-29T09:18:03.316+0300] {processor.py:161} INFO - Started process (PID=27496) to work on /mnt/d/airflow/airflow_project/airflow_venv/lib/python3.12/site-packages/airflow/example_dags/example_branch_python_dop_operator_3.py
[2026-04-29T09:18:03.323+0300] {processor.py:830} INFO - Processing file /mnt/d/airflow/airflow_project/airflow_venv/lib/python3.12/site-packages/airflow/example_dags/example_branch_python_dop_operator_3.py for tasks to queue
[2026-04-29T09:18:03.326+0300] {logging_mixin.py:188} INFO - [2026-04-29T09:18:03.325+0300] {dagbag.py:545} INFO - Filling up the DagBag from /mnt/d/airflow/airflow_project/airflow_venv/lib/python3.12/site-packages/airflow/example_dags/example_branch_python_dop_operator_3.py
[2026-04-29T09:18:03.376+0300] {processor.py:840} INFO - DAG(s) 'example_branch_dop_operator_v3' retrieved from /mnt/d/airflow/airflow_project/airflow_venv/lib/python3.12/site-packages/airflow/example_dags/example_branch_python_dop_operator_3.py
[2026-04-29T09:18:03.414+0300] {logging_mixin.py:188} INFO - [2026-04-29T09:18:03.413+0300] {dag.py:3089} INFO - Sync 1 DAGs
[2026-04-29T09:18:03.482+0300] {logging_mixin.py:188} INFO - [2026-04-29T09:18:03.480+0300] {dag.py:3947} INFO - Setting next_dagrun for example_branch_dop_operator_v3 to 2026-04-29 06:17:00+00:00, run_after=2026-04-29 06:18:00+00:00
[2026-04-29T09:18:03.619+0300] {processor.py:183} INFO - Processing /mnt/d/airflow/airflow_project/airflow_venv/lib/python3.12/site-packages/airflow/example_dags/example_branch_python_dop_operator_3.py took 0.320 seconds
[2026-04-29T09:20:17.302+0300] {processor.py:161} INFO - Started process (PID=28305) to work on /mnt/d/airflow/airflow_project/airflow_venv/lib/python3.12/site-packages/airflow/example_dags/example_branch_python_dop_operator_3.py
[2026-04-29T09:20:17.306+0300] {processor.py:830} INFO - Processing file /mnt/d/airflow/airflow_project/airflow_venv/lib/python3.12/site-packages/airflow/example_dags/example_branch_python_dop_operator_3.py for tasks to queue
[2026-04-29T09:20:17.315+0300] {logging_mixin.py:188} INFO - [2026-04-29T09:20:17.312+0300] {dagbag.py:545} INFO - Filling up the DagBag from /mnt/d/airflow/airflow_project/airflow_venv/lib/python3.12/site-packages/airflow/example_dags/example_branch_python_dop_operator_3.py
[2026-04-29T09:20:17.383+0300] {processor.py:840} INFO - DAG(s) 'example_branch_dop_operator_v3' retrieved from /mnt/d/airflow/airflow_project/airflow_venv/lib/python3.12/site-packages/airflow/example_dags/example_branch_python_dop_operator_3.py
[2026-04-29T09:20:17.449+0300] {logging_mixin.py:188} INFO - [2026-04-29T09:20:17.446+0300] {dag.py:3089} INFO - Sync 1 DAGs
[2026-04-29T09:20:17.543+0300] {logging_mixin.py:188} INFO - [2026-04-29T09:20:17.541+0300] {dag.py:3947} INFO - Setting next_dagrun for example_branch_dop_operator_v3 to 2026-04-29 06:19:00+00:00, run_after=2026-04-29 06:20:00+00:00
[2026-04-29T09:20:17.716+0300] {processor.py:183} INFO - Processing /mnt/d/airflow/airflow_project/airflow_venv/lib/python3.12/site-packages/airflow/example_dags/example_branch_python_dop_operator_3.py took 0.447 seconds
[2026-04-29T09:22:24.374+0300] {processor.py:161} INFO - Started process (PID=29038) to work on /mnt/d/airflow/airflow_project/airflow_venv/lib/python3.12/site-packages/airflow/example_dags/example_branch_python_dop_operator_3.py
[2026-04-29T09:22:24.376+0300] {processor.py:830} INFO - Processing file /mnt/d/airflow/airflow_project/airflow_venv/lib/python3.12/site-packages/airflow/example_dags/example_branch_python_dop_operator_3.py for tasks to queue
[2026-04-29T09:22:24.380+0300] {logging_mixin.py:188} INFO - [2026-04-29T09:22:24.378+0300] {dagbag.py:545} INFO - Filling up the DagBag from /mnt/d/airflow/airflow_project/airflow_venv/lib/python3.12/site-packages/airflow/example_dags/example_branch_python_dop_operator_3.py
[2026-04-29T09:22:24.412+0300] {processor.py:840} INFO - DAG(s) 'example_branch_dop_operator_v3' retrieved from /mnt/d/airflow/airflow_project/airflow_venv/lib/python3.12/site-packages/airflow/example_dags/example_branch_python_dop_operator_3.py
[2026-04-29T09:22:24.440+0300] {logging_mixin.py:188} INFO - [2026-04-29T09:22:24.439+0300] {dag.py:3089} INFO - Sync 1 DAGs
[2026-04-29T09:22:24.479+0300] {logging_mixin.py:188} INFO - [2026-04-29T09:22:24.478+0300] {dag.py:3947} INFO - Setting next_dagrun for example_branch_dop_operator_v3 to 2026-04-29 06:21:00+00:00, run_after=2026-04-29 06:22:00+00:00
[2026-04-29T09:22:24.610+0300] {processor.py:183} INFO - Processing /mnt/d/airflow/airflow_project/airflow_venv/lib/python3.12/site-packages/airflow/example_dags/example_branch_python_dop_operator_3.py took 0.252 seconds
[2026-04-29T09:24:30.758+0300] {processor.py:161} INFO - Started process (PID=29761) to work on /mnt/d/airflow/airflow_project/airflow_venv/lib/python3.12/site-packages/airflow/example_dags/example_branch_python_dop_operator_3.py
[2026-04-29T09:24:30.761+0300] {processor.py:830} INFO - Processing file /mnt/d/airflow/airflow_project/airflow_venv/lib/python3.12/site-packages/airflow/example_dags/example_branch_python_dop_operator_3.py for tasks to queue
[2026-04-29T09:24:30.767+0300] {logging_mixin.py:188} INFO - [2026-04-29T09:24:30.765+0300] {dagbag.py:545} INFO - Filling up the DagBag from /mnt/d/airflow/airflow_project/airflow_venv/lib/python3.12/site-packages/airflow/example_dags/example_branch_python_dop_operator_3.py
[2026-04-29T09:24:30.860+0300] {processor.py:840} INFO - DAG(s) 'example_branch_dop_operator_v3' retrieved from /mnt/d/airflow/airflow_project/airflow_venv/lib/python3.12/site-packages/airflow/example_dags/example_branch_python_dop_operator_3.py
[2026-04-29T09:24:30.940+0300] {logging_mixin.py:188} INFO - [2026-04-29T09:24:30.937+0300] {dag.py:3089} INFO - Sync 1 DAGs
[2026-04-29T09:24:31.032+0300] {logging_mixin.py:188} INFO - [2026-04-29T09:24:31.029+0300] {dag.py:3947} INFO - Setting next_dagrun for example_branch_dop_operator_v3 to 2026-04-29 06:23:00+00:00, run_after=2026-04-29 06:24:00+00:00
[2026-04-29T09:24:31.231+0300] {processor.py:183} INFO - Processing /mnt/d/airflow/airflow_project/airflow_venv/lib/python3.12/site-packages/airflow/example_dags/example_branch_python_dop_operator_3.py took 0.512 seconds
[2026-04-29T09:26:55.543+0300] {processor.py:161} INFO - Started process (PID=30575) to work on /mnt/d/airflow/airflow_project/airflow_venv/lib/python3.12/site-packages/airflow/example_dags/example_branch_python_dop_operator_3.py
[2026-04-29T09:26:55.548+0300] {processor.py:830} INFO - Processing file /mnt/d/airflow/airflow_project/airflow_venv/lib/python3.12/site-packages/airflow/example_dags/example_branch_python_dop_operator_3.py for tasks to queue
[2026-04-29T09:26:55.556+0300] {logging_mixin.py:188} INFO - [2026-04-29T09:26:55.553+0300] {dagbag.py:545} INFO - Filling up the DagBag from /mnt/d/airflow/airflow_project/airflow_venv/lib/python3.12/site-packages/airflow/example_dags/example_branch_python_dop_operator_3.py
[2026-04-29T09:26:55.659+0300] {processor.py:840} INFO - DAG(s) 'example_branch_dop_operator_v3' retrieved from /mnt/d/airflow/airflow_project/airflow_venv/lib/python3.12/site-packages/airflow/example_dags/example_branch_python_dop_operator_3.py
[2026-04-29T09:26:55.727+0300] {logging_mixin.py:188} INFO - [2026-04-29T09:26:55.724+0300] {dag.py:3089} INFO - Sync 1 DAGs
[2026-04-29T09:26:55.816+0300] {logging_mixin.py:188} INFO - [2026-04-29T09:26:55.813+0300] {dag.py:3947} INFO - Setting next_dagrun for example_branch_dop_operator_v3 to 2026-04-29 06:25:00+00:00, run_after=2026-04-29 06:26:00+00:00
[2026-04-29T09:26:56.001+0300] {processor.py:183} INFO - Processing /mnt/d/airflow/airflow_project/airflow_venv/lib/python3.12/site-packages/airflow/example_dags/example_branch_python_dop_operator_3.py took 0.492 seconds
[2026-04-29T09:29:30.798+0300] {processor.py:161} INFO - Started process (PID=31476) to work on /mnt/d/airflow/airflow_project/airflow_venv/lib/python3.12/site-packages/airflow/example_dags/example_branch_python_dop_operator_3.py
[2026-04-29T09:29:30.802+0300] {processor.py:830} INFO - Processing file /mnt/d/airflow/airflow_project/airflow_venv/lib/python3.12/site-packages/airflow/example_dags/example_branch_python_dop_operator_3.py for tasks to queue
[2026-04-29T09:29:30.810+0300] {logging_mixin.py:188} INFO - [2026-04-29T09:29:30.807+0300] {dagbag.py:545} INFO - Filling up the DagBag from /mnt/d/airflow/airflow_project/airflow_venv/lib/python3.12/site-packages/airflow/example_dags/example_branch_python_dop_operator_3.py
[2026-04-29T09:29:30.899+0300] {processor.py:840} INFO - DAG(s) 'example_branch_dop_operator_v3' retrieved from /mnt/d/airflow/airflow_project/airflow_venv/lib/python3.12/site-packages/airflow/example_dags/example_branch_python_dop_operator_3.py
[2026-04-29T09:29:30.973+0300] {logging_mixin.py:188} INFO - [2026-04-29T09:29:30.970+0300] {dag.py:3089} INFO - Sync 1 DAGs
[2026-04-29T09:29:31.061+0300] {logging_mixin.py:188} INFO - [2026-04-29T09:29:31.058+0300] {dag.py:3947} INFO - Setting next_dagrun for example_branch_dop_operator_v3 to 2026-04-29 06:28:00+00:00, run_after=2026-04-29 06:29:00+00:00
[2026-04-29T09:29:31.330+0300] {processor.py:183} INFO - Processing /mnt/d/airflow/airflow_project/airflow_venv/lib/python3.12/site-packages/airflow/example_dags/example_branch_python_dop_operator_3.py took 0.582 seconds
[2026-04-29T09:32:09.864+0300] {processor.py:161} INFO - Started process (PID=32411) to work on /mnt/d/airflow/airflow_project/airflow_venv/lib/python3.12/site-packages/airflow/example_dags/example_branch_python_dop_operator_3.py
[2026-04-29T09:32:09.867+0300] {processor.py:830} INFO - Processing file /mnt/d/airflow/airflow_project/airflow_venv/lib/python3.12/site-packages/airflow/example_dags/example_branch_python_dop_operator_3.py for tasks to queue
[2026-04-29T09:32:09.886+0300] {logging_mixin.py:188} INFO - [2026-04-29T09:32:09.870+0300] {dagbag.py:545} INFO - Filling up the DagBag from /mnt/d/airflow/airflow_project/airflow_venv/lib/python3.12/site-packages/airflow/example_dags/example_branch_python_dop_operator_3.py
[2026-04-29T09:32:09.970+0300] {processor.py:840} INFO - DAG(s) 'example_branch_dop_operator_v3' retrieved from /mnt/d/airflow/airflow_project/airflow_venv/lib/python3.12/site-packages/airflow/example_dags/example_branch_python_dop_operator_3.py
[2026-04-29T09:32:10.012+0300] {logging_mixin.py:188} INFO - [2026-04-29T09:32:10.011+0300] {dag.py:3089} INFO - Sync 1 DAGs
[2026-04-29T09:32:10.076+0300] {logging_mixin.py:188} INFO - [2026-04-29T09:32:10.075+0300] {dag.py:3947} INFO - Setting next_dagrun for example_branch_dop_operator_v3 to 2026-04-29 06:31:00+00:00, run_after=2026-04-29 06:32:00+00:00
[2026-04-29T09:32:10.214+0300] {processor.py:183} INFO - Processing /mnt/d/airflow/airflow_project/airflow_venv/lib/python3.12/site-packages/airflow/example_dags/example_branch_python_dop_operator_3.py took 0.372 seconds
[2026-04-29T09:34:32.981+0300] {processor.py:161} INFO - Started process (PID=33257) to work on /mnt/d/airflow/airflow_project/airflow_venv/lib/python3.12/site-packages/airflow/example_dags/example_branch_python_dop_operator_3.py
[2026-04-29T09:34:32.985+0300] {processor.py:830} INFO - Processing file /mnt/d/airflow/airflow_project/airflow_venv/lib/python3.12/site-packages/airflow/example_dags/example_branch_python_dop_operator_3.py for tasks to queue
[2026-04-29T09:34:33.071+0300] {logging_mixin.py:188} INFO - [2026-04-29T09:34:33.069+0300] {dagbag.py:545} INFO - Filling up the DagBag from /mnt/d/airflow/airflow_project/airflow_venv/lib/python3.12/site-packages/airflow/example_dags/example_branch_python_dop_operator_3.py
[2026-04-29T09:34:33.152+0300] {processor.py:840} INFO - DAG(s) 'example_branch_dop_operator_v3' retrieved from /mnt/d/airflow/airflow_project/airflow_venv/lib/python3.12/site-packages/airflow/example_dags/example_branch_python_dop_operator_3.py
[2026-04-29T09:34:33.245+0300] {logging_mixin.py:188} INFO - [2026-04-29T09:34:33.240+0300] {dag.py:3089} INFO - Sync 1 DAGs
[2026-04-29T09:34:33.324+0300] {logging_mixin.py:188} INFO - [2026-04-29T09:34:33.322+0300] {dag.py:3947} INFO - Setting next_dagrun for example_branch_dop_operator_v3 to 2026-04-29 06:33:00+00:00, run_after=2026-04-29 06:34:00+00:00
[2026-04-29T09:34:33.502+0300] {processor.py:183} INFO - Processing /mnt/d/airflow/airflow_project/airflow_venv/lib/python3.12/site-packages/airflow/example_dags/example_branch_python_dop_operator_3.py took 0.556 seconds
[2026-04-29T09:36:39.556+0300] {processor.py:161} INFO - Started process (PID=34023) to work on /mnt/d/airflow/airflow_project/airflow_venv/lib/python3.12/site-packages/airflow/example_dags/example_branch_python_dop_operator_3.py
[2026-04-29T09:36:39.561+0300] {processor.py:830} INFO - Processing file /mnt/d/airflow/airflow_project/airflow_venv/lib/python3.12/site-packages/airflow/example_dags/example_branch_python_dop_operator_3.py for tasks to queue
[2026-04-29T09:36:39.570+0300] {logging_mixin.py:188} INFO - [2026-04-29T09:36:39.567+0300] {dagbag.py:545} INFO - Filling up the DagBag from /mnt/d/airflow/airflow_project/airflow_venv/lib/python3.12/site-packages/airflow/example_dags/example_branch_python_dop_operator_3.py
[2026-04-29T09:36:39.663+0300] {processor.py:840} INFO - DAG(s) 'example_branch_dop_operator_v3' retrieved from /mnt/d/airflow/airflow_project/airflow_venv/lib/python3.12/site-packages/airflow/example_dags/example_branch_python_dop_operator_3.py
[2026-04-29T09:36:39.734+0300] {logging_mixin.py:188} INFO - [2026-04-29T09:36:39.732+0300] {dag.py:3089} INFO - Sync 1 DAGs
[2026-04-29T09:36:39.838+0300] {logging_mixin.py:188} INFO - [2026-04-29T09:36:39.834+0300] {dag.py:3947} INFO - Setting next_dagrun for example_branch_dop_operator_v3 to 2026-04-29 06:35:00+00:00, run_after=2026-04-29 06:36:00+00:00
[2026-04-29T09:36:40.027+0300] {processor.py:183} INFO - Processing /mnt/d/airflow/airflow_project/airflow_venv/lib/python3.12/site-packages/airflow/example_dags/example_branch_python_dop_operator_3.py took 0.504 seconds
[2026-04-29T09:38:46.081+0300] {processor.py:161} INFO - Started process (PID=34802) to work on /mnt/d/airflow/airflow_project/airflow_venv/lib/python3.12/site-packages/airflow/example_dags/example_branch_python_dop_operator_3.py
[2026-04-29T09:38:46.084+0300] {processor.py:830} INFO - Processing file /mnt/d/airflow/airflow_project/airflow_venv/lib/python3.12/site-packages/airflow/example_dags/example_branch_python_dop_operator_3.py for tasks to queue
[2026-04-29T09:38:46.089+0300] {logging_mixin.py:188} INFO - [2026-04-29T09:38:46.087+0300] {dagbag.py:545} INFO - Filling up the DagBag from /mnt/d/airflow/airflow_project/airflow_venv/lib/python3.12/site-packages/airflow/example_dags/example_branch_python_dop_operator_3.py
[2026-04-29T09:38:46.145+0300] {processor.py:840} INFO - DAG(s) 'example_branch_dop_operator_v3' retrieved from /mnt/d/airflow/airflow_project/airflow_venv/lib/python3.12/site-packages/airflow/example_dags/example_branch_python_dop_operator_3.py
[2026-04-29T09:38:46.195+0300] {logging_mixin.py:188} INFO - [2026-04-29T09:38:46.193+0300] {dag.py:3089} INFO - Sync 1 DAGs
[2026-04-29T09:38:46.276+0300] {logging_mixin.py:188} INFO - [2026-04-29T09:38:46.274+0300] {dag.py:3947} INFO - Setting next_dagrun for example_branch_dop_operator_v3 to 2026-04-29 06:37:00+00:00, run_after=2026-04-29 06:38:00+00:00
[2026-04-29T09:38:46.392+0300] {processor.py:183} INFO - Processing /mnt/d/airflow/airflow_project/airflow_venv/lib/python3.12/site-packages/airflow/example_dags/example_branch_python_dop_operator_3.py took 0.339 seconds
[2026-04-29T09:40:47.739+0300] {processor.py:161} INFO - Started process (PID=35515) to work on /mnt/d/airflow/airflow_project/airflow_venv/lib/python3.12/site-packages/airflow/example_dags/example_branch_python_dop_operator_3.py
[2026-04-29T09:40:47.744+0300] {processor.py:830} INFO - Processing file /mnt/d/airflow/airflow_project/airflow_venv/lib/python3.12/site-packages/airflow/example_dags/example_branch_python_dop_operator_3.py for tasks to queue
[2026-04-29T09:40:47.754+0300] {logging_mixin.py:188} INFO - [2026-04-29T09:40:47.749+0300] {dagbag.py:545} INFO - Filling up the DagBag from /mnt/d/airflow/airflow_project/airflow_venv/lib/python3.12/site-packages/airflow/example_dags/example_branch_python_dop_operator_3.py
[2026-04-29T09:40:47.838+0300] {processor.py:840} INFO - DAG(s) 'example_branch_dop_operator_v3' retrieved from /mnt/d/airflow/airflow_project/airflow_venv/lib/python3.12/site-packages/airflow/example_dags/example_branch_python_dop_operator_3.py
[2026-04-29T09:40:47.906+0300] {logging_mixin.py:188} INFO - [2026-04-29T09:40:47.903+0300] {dag.py:3089} INFO - Sync 1 DAGs
[2026-04-29T09:40:48.002+0300] {logging_mixin.py:188} INFO - [2026-04-29T09:40:48.000+0300] {dag.py:3947} INFO - Setting next_dagrun for example_branch_dop_operator_v3 to 2026-04-29 06:39:00+00:00, run_after=2026-04-29 06:40:00+00:00
[2026-04-29T09:40:48.111+0300] {processor.py:183} INFO - Processing /mnt/d/airflow/airflow_project/airflow_venv/lib/python3.12/site-packages/airflow/example_dags/example_branch_python_dop_operator_3.py took 0.401 seconds
[2026-04-29T09:42:57.995+0300] {processor.py:161} INFO - Started process (PID=36274) to work on /mnt/d/airflow/airflow_project/airflow_venv/lib/python3.12/site-packages/airflow/example_dags/example_branch_python_dop_operator_3.py
[2026-04-29T09:42:57.999+0300] {processor.py:830} INFO - Processing file /mnt/d/airflow/airflow_project/airflow_venv/lib/python3.12/site-packages/airflow/example_dags/example_branch_python_dop_operator_3.py for tasks to queue
[2026-04-29T09:42:58.006+0300] {logging_mixin.py:188} INFO - [2026-04-29T09:42:58.004+0300] {dagbag.py:545} INFO - Filling up the DagBag from /mnt/d/airflow/airflow_project/airflow_venv/lib/python3.12/site-packages/airflow/example_dags/example_branch_python_dop_operator_3.py
[2026-04-29T09:42:58.067+0300] {processor.py:840} INFO - DAG(s) 'example_branch_dop_operator_v3' retrieved from /mnt/d/airflow/airflow_project/airflow_venv/lib/python3.12/site-packages/airflow/example_dags/example_branch_python_dop_operator_3.py
[2026-04-29T09:42:58.109+0300] {logging_mixin.py:188} INFO - [2026-04-29T09:42:58.108+0300] {dag.py:3089} INFO - Sync 1 DAGs
[2026-04-29T09:42:58.160+0300] {logging_mixin.py:188} INFO - [2026-04-29T09:42:58.156+0300] {dag.py:3947} INFO - Setting next_dagrun for example_branch_dop_operator_v3 to 2026-04-29 06:41:00+00:00, run_after=2026-04-29 06:42:00+00:00
[2026-04-29T09:42:58.305+0300] {processor.py:183} INFO - Processing /mnt/d/airflow/airflow_project/airflow_venv/lib/python3.12/site-packages/airflow/example_dags/example_branch_python_dop_operator_3.py took 0.331 seconds
[2026-04-29T09:45:50.808+0300] {processor.py:161} INFO - Started process (PID=37265) to work on /mnt/d/airflow/airflow_project/airflow_venv/lib/python3.12/site-packages/airflow/example_dags/example_branch_python_dop_operator_3.py
[2026-04-29T09:45:50.813+0300] {processor.py:830} INFO - Processing file /mnt/d/airflow/airflow_project/airflow_venv/lib/python3.12/site-packages/airflow/example_dags/example_branch_python_dop_operator_3.py for tasks to queue
[2026-04-29T09:45:50.825+0300] {logging_mixin.py:188} INFO - [2026-04-29T09:45:50.821+0300] {dagbag.py:545} INFO - Filling up the DagBag from /mnt/d/airflow/airflow_project/airflow_venv/lib/python3.12/site-packages/airflow/example_dags/example_branch_python_dop_operator_3.py
[2026-04-29T09:45:50.919+0300] {processor.py:840} INFO - DAG(s) 'example_branch_dop_operator_v3' retrieved from /mnt/d/airflow/airflow_project/airflow_venv/lib/python3.12/site-packages/airflow/example_dags/example_branch_python_dop_operator_3.py
[2026-04-29T09:45:52.487+0300] {logging_mixin.py:188} INFO - [2026-04-29T09:45:52.485+0300] {dag.py:3089} INFO - Sync 1 DAGs
[2026-04-29T09:45:52.533+0300] {logging_mixin.py:188} INFO - [2026-04-29T09:45:52.532+0300] {dag.py:3947} INFO - Setting next_dagrun for example_branch_dop_operator_v3 to 2026-04-29 06:44:00+00:00, run_after=2026-04-29 06:45:00+00:00
[2026-04-29T09:45:52.642+0300] {processor.py:183} INFO - Processing /mnt/d/airflow/airflow_project/airflow_venv/lib/python3.12/site-packages/airflow/example_dags/example_branch_python_dop_operator_3.py took 1.882 seconds
[2026-04-29T09:48:54.615+0300] {processor.py:161} INFO - Started process (PID=38299) to work on /mnt/d/airflow/airflow_project/airflow_venv/lib/python3.12/site-packages/airflow/example_dags/example_branch_python_dop_operator_3.py
[2026-04-29T09:48:54.618+0300] {processor.py:830} INFO - Processing file /mnt/d/airflow/airflow_project/airflow_venv/lib/python3.12/site-packages/airflow/example_dags/example_branch_python_dop_operator_3.py for tasks to queue
[2026-04-29T09:48:54.624+0300] {logging_mixin.py:188} INFO - [2026-04-29T09:48:54.622+0300] {dagbag.py:545} INFO - Filling up the DagBag from /mnt/d/airflow/airflow_project/airflow_venv/lib/python3.12/site-packages/airflow/example_dags/example_branch_python_dop_operator_3.py
[2026-04-29T09:48:54.689+0300] {processor.py:840} INFO - DAG(s) 'example_branch_dop_operator_v3' retrieved from /mnt/d/airflow/airflow_project/airflow_venv/lib/python3.12/site-packages/airflow/example_dags/example_branch_python_dop_operator_3.py
[2026-04-29T09:48:54.756+0300] {logging_mixin.py:188} INFO - [2026-04-29T09:48:54.753+0300] {dag.py:3089} INFO - Sync 1 DAGs
[2026-04-29T09:48:54.819+0300] {logging_mixin.py:188} INFO - [2026-04-29T09:48:54.817+0300] {dag.py:3947} INFO - Setting next_dagrun for example_branch_dop_operator_v3 to 2026-04-29 06:47:00+00:00, run_after=2026-04-29 06:48:00+00:00
[2026-04-29T09:48:54.959+0300] {processor.py:183} INFO - Processing /mnt/d/airflow/airflow_project/airflow_venv/lib/python3.12/site-packages/airflow/example_dags/example_branch_python_dop_operator_3.py took 0.367 seconds
[2026-04-29T09:51:09.402+0300] {processor.py:161} INFO - Started process (PID=39073) to work on /mnt/d/airflow/airflow_project/airflow_venv/lib/python3.12/site-packages/airflow/example_dags/example_branch_python_dop_operator_3.py
[2026-04-29T09:51:09.408+0300] {processor.py:830} INFO - Processing file /mnt/d/airflow/airflow_project/airflow_venv/lib/python3.12/site-packages/airflow/example_dags/example_branch_python_dop_operator_3.py for tasks to queue
[2026-04-29T09:51:09.416+0300] {logging_mixin.py:188} INFO - [2026-04-29T09:51:09.413+0300] {dagbag.py:545} INFO - Filling up the DagBag from /mnt/d/airflow/airflow_project/airflow_venv/lib/python3.12/site-packages/airflow/example_dags/example_branch_python_dop_operator_3.py
[2026-04-29T09:51:09.523+0300] {processor.py:840} INFO - DAG(s) 'example_branch_dop_operator_v3' retrieved from /mnt/d/airflow/airflow_project/airflow_venv/lib/python3.12/site-packages/airflow/example_dags/example_branch_python_dop_operator_3.py
[2026-04-29T09:51:09.604+0300] {logging_mixin.py:188} INFO - [2026-04-29T09:51:09.601+0300] {dag.py:3089} INFO - Sync 1 DAGs
[2026-04-29T09:51:09.706+0300] {logging_mixin.py:188} INFO - [2026-04-29T09:51:09.705+0300] {dag.py:3947} INFO - Setting next_dagrun for example_branch_dop_operator_v3 to 2026-04-29 06:50:00+00:00, run_after=2026-04-29 06:51:00+00:00
[2026-04-29T09:51:09.787+0300] {processor.py:183} INFO - Processing /mnt/d/airflow/airflow_project/airflow_venv/lib/python3.12/site-packages/airflow/example_dags/example_branch_python_dop_operator_3.py took 0.427 seconds
[2026-04-29T09:54:49.624+0300] {processor.py:161} INFO - Started process (PID=40306) to work on /mnt/d/airflow/airflow_project/airflow_venv/lib/python3.12/site-packages/airflow/example_dags/example_branch_python_dop_operator_3.py
[2026-04-29T09:54:49.629+0300] {processor.py:830} INFO - Processing file /mnt/d/airflow/airflow_project/airflow_venv/lib/python3.12/site-packages/airflow/example_dags/example_branch_python_dop_operator_3.py for tasks to queue
[2026-04-29T09:54:49.636+0300] {logging_mixin.py:188} INFO - [2026-04-29T09:54:49.634+0300] {dagbag.py:545} INFO - Filling up the DagBag from /mnt/d/airflow/airflow_project/airflow_venv/lib/python3.12/site-packages/airflow/example_dags/example_branch_python_dop_operator_3.py
[2026-04-29T09:54:49.746+0300] {processor.py:840} INFO - DAG(s) 'example_branch_dop_operator_v3' retrieved from /mnt/d/airflow/airflow_project/airflow_venv/lib/python3.12/site-packages/airflow/example_dags/example_branch_python_dop_operator_3.py
[2026-04-29T09:54:49.806+0300] {logging_mixin.py:188} INFO - [2026-04-29T09:54:49.804+0300] {dag.py:3089} INFO - Sync 1 DAGs
[2026-04-29T09:54:49.878+0300] {logging_mixin.py:188} INFO - [2026-04-29T09:54:49.875+0300] {dag.py:3947} INFO - Setting next_dagrun for example_branch_dop_operator_v3 to 2026-04-29 06:53:00+00:00, run_after=2026-04-29 06:54:00+00:00
[2026-04-29T09:54:50.081+0300] {processor.py:183} INFO - Processing /mnt/d/airflow/airflow_project/airflow_venv/lib/python3.12/site-packages/airflow/example_dags/example_branch_python_dop_operator_3.py took 0.483 seconds
[2026-04-29T09:57:08.864+0300] {processor.py:161} INFO - Started process (PID=41123) to work on /mnt/d/airflow/airflow_project/airflow_venv/lib/python3.12/site-packages/airflow/example_dags/example_branch_python_dop_operator_3.py
[2026-04-29T09:57:08.867+0300] {processor.py:830} INFO - Processing file /mnt/d/airflow/airflow_project/airflow_venv/lib/python3.12/site-packages/airflow/example_dags/example_branch_python_dop_operator_3.py for tasks to queue
[2026-04-29T09:57:08.877+0300] {logging_mixin.py:188} INFO - [2026-04-29T09:57:08.870+0300] {dagbag.py:545} INFO - Filling up the DagBag from /mnt/d/airflow/airflow_project/airflow_venv/lib/python3.12/site-packages/airflow/example_dags/example_branch_python_dop_operator_3.py
[2026-04-29T09:57:08.922+0300] {processor.py:840} INFO - DAG(s) 'example_branch_dop_operator_v3' retrieved from /mnt/d/airflow/airflow_project/airflow_venv/lib/python3.12/site-packages/airflow/example_dags/example_branch_python_dop_operator_3.py
[2026-04-29T09:57:08.965+0300] {logging_mixin.py:188} INFO - [2026-04-29T09:57:08.964+0300] {dag.py:3089} INFO - Sync 1 DAGs
[2026-04-29T09:57:09.013+0300] {logging_mixin.py:188} INFO - [2026-04-29T09:57:09.012+0300] {dag.py:3947} INFO - Setting next_dagrun for example_branch_dop_operator_v3 to 2026-04-29 06:56:00+00:00, run_after=2026-04-29 06:57:00+00:00
[2026-04-29T09:57:09.117+0300] {processor.py:183} INFO - Processing /mnt/d/airflow/airflow_project/airflow_venv/lib/python3.12/site-packages/airflow/example_dags/example_branch_python_dop_operator_3.py took 0.271 seconds
[2026-04-29T10:01:22.389+0300] {processor.py:161} INFO - Started process (PID=42534) to work on /mnt/d/airflow/airflow_project/airflow_venv/lib/python3.12/site-packages/airflow/example_dags/example_branch_python_dop_operator_3.py
[2026-04-29T10:01:22.392+0300] {processor.py:830} INFO - Processing file /mnt/d/airflow/airflow_project/airflow_venv/lib/python3.12/site-packages/airflow/example_dags/example_branch_python_dop_operator_3.py for tasks to queue
[2026-04-29T10:01:22.400+0300] {logging_mixin.py:188} INFO - [2026-04-29T10:01:22.397+0300] {dagbag.py:545} INFO - Filling up the DagBag from /mnt/d/airflow/airflow_project/airflow_venv/lib/python3.12/site-packages/airflow/example_dags/example_branch_python_dop_operator_3.py
[2026-04-29T10:01:22.495+0300] {processor.py:840} INFO - DAG(s) 'example_branch_dop_operator_v3' retrieved from /mnt/d/airflow/airflow_project/airflow_venv/lib/python3.12/site-packages/airflow/example_dags/example_branch_python_dop_operator_3.py
[2026-04-29T10:01:22.569+0300] {logging_mixin.py:188} INFO - [2026-04-29T10:01:22.566+0300] {dag.py:3089} INFO - Sync 1 DAGs
[2026-04-29T10:01:22.657+0300] {logging_mixin.py:188} INFO - [2026-04-29T10:01:22.654+0300] {dag.py:3947} INFO - Setting next_dagrun for example_branch_dop_operator_v3 to 2026-04-29 07:00:00+00:00, run_after=2026-04-29 07:01:00+00:00
[2026-04-29T10:01:22.826+0300] {processor.py:183} INFO - Processing /mnt/d/airflow/airflow_project/airflow_venv/lib/python3.12/site-packages/airflow/example_dags/example_branch_python_dop_operator_3.py took 0.476 seconds
[2026-04-29T10:04:48.448+0300] {processor.py:161} INFO - Started process (PID=43699) to work on /mnt/d/airflow/airflow_project/airflow_venv/lib/python3.12/site-packages/airflow/example_dags/example_branch_python_dop_operator_3.py
[2026-04-29T10:04:48.452+0300] {processor.py:830} INFO - Processing file /mnt/d/airflow/airflow_project/airflow_venv/lib/python3.12/site-packages/airflow/example_dags/example_branch_python_dop_operator_3.py for tasks to queue
[2026-04-29T10:04:48.459+0300] {logging_mixin.py:188} INFO - [2026-04-29T10:04:48.457+0300] {dagbag.py:545} INFO - Filling up the DagBag from /mnt/d/airflow/airflow_project/airflow_venv/lib/python3.12/site-packages/airflow/example_dags/example_branch_python_dop_operator_3.py
[2026-04-29T10:04:48.523+0300] {processor.py:840} INFO - DAG(s) 'example_branch_dop_operator_v3' retrieved from /mnt/d/airflow/airflow_project/airflow_venv/lib/python3.12/site-packages/airflow/example_dags/example_branch_python_dop_operator_3.py
[2026-04-29T10:04:48.573+0300] {logging_mixin.py:188} INFO - [2026-04-29T10:04:48.571+0300] {dag.py:3089} INFO - Sync 1 DAGs
[2026-04-29T10:04:48.638+0300] {logging_mixin.py:188} INFO - [2026-04-29T10:04:48.636+0300] {dag.py:3947} INFO - Setting next_dagrun for example_branch_dop_operator_v3 to 2026-04-29 07:03:00+00:00, run_after=2026-04-29 07:04:00+00:00
[2026-04-29T10:04:48.756+0300] {processor.py:183} INFO - Processing /mnt/d/airflow/airflow_project/airflow_venv/lib/python3.12/site-packages/airflow/example_dags/example_branch_python_dop_operator_3.py took 0.340 seconds
[2026-04-29T10:07:01.846+0300] {processor.py:161} INFO - Started process (PID=44443) to work on /mnt/d/airflow/airflow_project/airflow_venv/lib/python3.12/site-packages/airflow/example_dags/example_branch_python_dop_operator_3.py
[2026-04-29T10:07:01.849+0300] {processor.py:830} INFO - Processing file /mnt/d/airflow/airflow_project/airflow_venv/lib/python3.12/site-packages/airflow/example_dags/example_branch_python_dop_operator_3.py for tasks to queue
[2026-04-29T10:07:01.854+0300] {logging_mixin.py:188} INFO - [2026-04-29T10:07:01.852+0300] {dagbag.py:545} INFO - Filling up the DagBag from /mnt/d/airflow/airflow_project/airflow_venv/lib/python3.12/site-packages/airflow/example_dags/example_branch_python_dop_operator_3.py
[2026-04-29T10:07:01.912+0300] {processor.py:840} INFO - DAG(s) 'example_branch_dop_operator_v3' retrieved from /mnt/d/airflow/airflow_project/airflow_venv/lib/python3.12/site-packages/airflow/example_dags/example_branch_python_dop_operator_3.py
[2026-04-29T10:07:01.960+0300] {logging_mixin.py:188} INFO - [2026-04-29T10:07:01.958+0300] {dag.py:3089} INFO - Sync 1 DAGs
[2026-04-29T10:07:02.110+0300] {logging_mixin.py:188} INFO - [2026-04-29T10:07:02.109+0300] {dag.py:3947} INFO - Setting next_dagrun for example_branch_dop_operator_v3 to 2026-04-29 07:06:00+00:00, run_after=2026-04-29 07:07:00+00:00
[2026-04-29T10:07:02.218+0300] {processor.py:183} INFO - Processing /mnt/d/airflow/airflow_project/airflow_venv/lib/python3.12/site-packages/airflow/example_dags/example_branch_python_dop_operator_3.py took 0.395 seconds
[2026-04-29T10:09:04.108+0300] {processor.py:161} INFO - Started process (PID=45131) to work on /mnt/d/airflow/airflow_project/airflow_venv/lib/python3.12/site-packages/airflow/example_dags/example_branch_python_dop_operator_3.py
[2026-04-29T10:09:04.111+0300] {processor.py:830} INFO - Processing file /mnt/d/airflow/airflow_project/airflow_venv/lib/python3.12/site-packages/airflow/example_dags/example_branch_python_dop_operator_3.py for tasks to queue
[2026-04-29T10:09:04.115+0300] {logging_mixin.py:188} INFO - [2026-04-29T10:09:04.113+0300] {dagbag.py:545} INFO - Filling up the DagBag from /mnt/d/airflow/airflow_project/airflow_venv/lib/python3.12/site-packages/airflow/example_dags/example_branch_python_dop_operator_3.py
[2026-04-29T10:09:04.146+0300] {processor.py:840} INFO - DAG(s) 'example_branch_dop_operator_v3' retrieved from /mnt/d/airflow/airflow_project/airflow_venv/lib/python3.12/site-packages/airflow/example_dags/example_branch_python_dop_operator_3.py
[2026-04-29T10:09:04.189+0300] {logging_mixin.py:188} INFO - [2026-04-29T10:09:04.187+0300] {dag.py:3089} INFO - Sync 1 DAGs
[2026-04-29T10:09:04.240+0300] {logging_mixin.py:188} INFO - [2026-04-29T10:09:04.239+0300] {dag.py:3947} INFO - Setting next_dagrun for example_branch_dop_operator_v3 to 2026-04-29 07:08:00+00:00, run_after=2026-04-29 07:09:00+00:00
[2026-04-29T10:09:04.311+0300] {processor.py:183} INFO - Processing /mnt/d/airflow/airflow_project/airflow_venv/lib/python3.12/site-packages/airflow/example_dags/example_branch_python_dop_operator_3.py took 0.220 seconds
[2026-04-29T10:11:17.940+0300] {processor.py:161} INFO - Started process (PID=45862) to work on /mnt/d/airflow/airflow_project/airflow_venv/lib/python3.12/site-packages/airflow/example_dags/example_branch_python_dop_operator_3.py
[2026-04-29T10:11:17.944+0300] {processor.py:830} INFO - Processing file /mnt/d/airflow/airflow_project/airflow_venv/lib/python3.12/site-packages/airflow/example_dags/example_branch_python_dop_operator_3.py for tasks to queue
[2026-04-29T10:11:17.955+0300] {logging_mixin.py:188} INFO - [2026-04-29T10:11:17.951+0300] {dagbag.py:545} INFO - Filling up the DagBag from /mnt/d/airflow/airflow_project/airflow_venv/lib/python3.12/site-packages/airflow/example_dags/example_branch_python_dop_operator_3.py
[2026-04-29T10:11:18.018+0300] {processor.py:840} INFO - DAG(s) 'example_branch_dop_operator_v3' retrieved from /mnt/d/airflow/airflow_project/airflow_venv/lib/python3.12/site-packages/airflow/example_dags/example_branch_python_dop_operator_3.py
[2026-04-29T10:11:18.078+0300] {logging_mixin.py:188} INFO - [2026-04-29T10:11:18.076+0300] {dag.py:3089} INFO - Sync 1 DAGs
[2026-04-29T10:11:18.131+0300] {logging_mixin.py:188} INFO - [2026-04-29T10:11:18.129+0300] {dag.py:3947} INFO - Setting next_dagrun for example_branch_dop_operator_v3 to 2026-04-29 07:10:00+00:00, run_after=2026-04-29 07:11:00+00:00
[2026-04-29T10:11:18.264+0300] {processor.py:183} INFO - Processing /mnt/d/airflow/airflow_project/airflow_venv/lib/python3.12/site-packages/airflow/example_dags/example_branch_python_dop_operator_3.py took 0.353 seconds
[2026-04-29T10:13:21.437+0300] {processor.py:161} INFO - Started process (PID=46554) to work on /mnt/d/airflow/airflow_project/airflow_venv/lib/python3.12/site-packages/airflow/example_dags/example_branch_python_dop_operator_3.py
[2026-04-29T10:13:21.443+0300] {processor.py:830} INFO - Processing file /mnt/d/airflow/airflow_project/airflow_venv/lib/python3.12/site-packages/airflow/example_dags/example_branch_python_dop_operator_3.py for tasks to queue
[2026-04-29T10:13:21.452+0300] {logging_mixin.py:188} INFO - [2026-04-29T10:13:21.448+0300] {dagbag.py:545} INFO - Filling up the DagBag from /mnt/d/airflow/airflow_project/airflow_venv/lib/python3.12/site-packages/airflow/example_dags/example_branch_python_dop_operator_3.py
[2026-04-29T10:13:21.553+0300] {processor.py:840} INFO - DAG(s) 'example_branch_dop_operator_v3' retrieved from /mnt/d/airflow/airflow_project/airflow_venv/lib/python3.12/site-packages/airflow/example_dags/example_branch_python_dop_operator_3.py
[2026-04-29T10:13:21.632+0300] {logging_mixin.py:188} INFO - [2026-04-29T10:13:21.630+0300] {dag.py:3089} INFO - Sync 1 DAGs
[2026-04-29T10:13:21.702+0300] {logging_mixin.py:188} INFO - [2026-04-29T10:13:21.700+0300] {dag.py:3947} INFO - Setting next_dagrun for example_branch_dop_operator_v3 to 2026-04-29 07:12:00+00:00, run_after=2026-04-29 07:13:00+00:00
[2026-04-29T10:13:21.842+0300] {processor.py:183} INFO - Processing /mnt/d/airflow/airflow_project/airflow_venv/lib/python3.12/site-packages/airflow/example_dags/example_branch_python_dop_operator_3.py took 0.435 seconds
