[2026-04-29T09:16:17.290+0300] {processor.py:161} INFO - Started process (PID=26888) to work on /mnt/d/airflow/airflow_project/airflow_venv/lib/python3.12/site-packages/airflow/example_dags/example_branch_operator_decorator.py
[2026-04-29T09:16:17.294+0300] {processor.py:830} INFO - Processing file /mnt/d/airflow/airflow_project/airflow_venv/lib/python3.12/site-packages/airflow/example_dags/example_branch_operator_decorator.py for tasks to queue
[2026-04-29T09:16:17.306+0300] {logging_mixin.py:188} INFO - [2026-04-29T09:16:17.304+0300] {dagbag.py:545} INFO - Filling up the DagBag from /mnt/d/airflow/airflow_project/airflow_venv/lib/python3.12/site-packages/airflow/example_dags/example_branch_operator_decorator.py
[2026-04-29T09:16:17.440+0300] {processor.py:840} INFO - DAG(s) 'example_branch_python_operator_decorator' retrieved from /mnt/d/airflow/airflow_project/airflow_venv/lib/python3.12/site-packages/airflow/example_dags/example_branch_operator_decorator.py
[2026-04-29T09:16:19.363+0300] {logging_mixin.py:188} INFO - [2026-04-29T09:16:19.362+0300] {override.py:1858} INFO - Created Permission View: can edit on DAG:example_branch_python_operator_decorator
[2026-04-29T09:16:19.412+0300] {logging_mixin.py:188} INFO - [2026-04-29T09:16:19.411+0300] {override.py:1858} INFO - Created Permission View: can delete on DAG:example_branch_python_operator_decorator
[2026-04-29T09:16:19.458+0300] {logging_mixin.py:188} INFO - [2026-04-29T09:16:19.455+0300] {override.py:1858} INFO - Created Permission View: can read on DAG:example_branch_python_operator_decorator
[2026-04-29T09:16:19.462+0300] {logging_mixin.py:188} INFO - [2026-04-29T09:16:19.460+0300] {dag.py:3089} INFO - Sync 1 DAGs
[2026-04-29T09:16:19.496+0300] {logging_mixin.py:188} INFO - [2026-04-29T09:16:19.494+0300] {dag.py:3111} INFO - Creating ORM DAG for example_branch_python_operator_decorator
[2026-04-29T09:16:19.517+0300] {logging_mixin.py:188} INFO - [2026-04-29T09:16:19.515+0300] {dag.py:3947} INFO - Setting next_dagrun for example_branch_python_operator_decorator to 2026-04-28 00:00:00+00:00, run_after=2026-04-29 00:00:00+00:00
[2026-04-29T09:16:19.660+0300] {processor.py:183} INFO - Processing /mnt/d/airflow/airflow_project/airflow_venv/lib/python3.12/site-packages/airflow/example_dags/example_branch_operator_decorator.py took 2.407 seconds
[2026-04-29T09:18:04.948+0300] {processor.py:161} INFO - Started process (PID=27507) to work on /mnt/d/airflow/airflow_project/airflow_venv/lib/python3.12/site-packages/airflow/example_dags/example_branch_operator_decorator.py
[2026-04-29T09:18:04.950+0300] {processor.py:830} INFO - Processing file /mnt/d/airflow/airflow_project/airflow_venv/lib/python3.12/site-packages/airflow/example_dags/example_branch_operator_decorator.py for tasks to queue
[2026-04-29T09:18:04.956+0300] {logging_mixin.py:188} INFO - [2026-04-29T09:18:04.954+0300] {dagbag.py:545} INFO - Filling up the DagBag from /mnt/d/airflow/airflow_project/airflow_venv/lib/python3.12/site-packages/airflow/example_dags/example_branch_operator_decorator.py
[2026-04-29T09:18:05.074+0300] {processor.py:840} INFO - DAG(s) 'example_branch_python_operator_decorator' retrieved from /mnt/d/airflow/airflow_project/airflow_venv/lib/python3.12/site-packages/airflow/example_dags/example_branch_operator_decorator.py
[2026-04-29T09:18:05.134+0300] {logging_mixin.py:188} INFO - [2026-04-29T09:18:05.133+0300] {dag.py:3089} INFO - Sync 1 DAGs
[2026-04-29T09:18:05.170+0300] {logging_mixin.py:188} INFO - [2026-04-29T09:18:05.168+0300] {dag.py:3947} INFO - Setting next_dagrun for example_branch_python_operator_decorator to 2026-04-28 00:00:00+00:00, run_after=2026-04-29 00:00:00+00:00
[2026-04-29T09:18:05.330+0300] {processor.py:183} INFO - Processing /mnt/d/airflow/airflow_project/airflow_venv/lib/python3.12/site-packages/airflow/example_dags/example_branch_operator_decorator.py took 0.405 seconds
[2026-04-29T09:20:19.045+0300] {processor.py:161} INFO - Started process (PID=28317) to work on /mnt/d/airflow/airflow_project/airflow_venv/lib/python3.12/site-packages/airflow/example_dags/example_branch_operator_decorator.py
[2026-04-29T09:20:19.048+0300] {processor.py:830} INFO - Processing file /mnt/d/airflow/airflow_project/airflow_venv/lib/python3.12/site-packages/airflow/example_dags/example_branch_operator_decorator.py for tasks to queue
[2026-04-29T09:20:19.057+0300] {logging_mixin.py:188} INFO - [2026-04-29T09:20:19.055+0300] {dagbag.py:545} INFO - Filling up the DagBag from /mnt/d/airflow/airflow_project/airflow_venv/lib/python3.12/site-packages/airflow/example_dags/example_branch_operator_decorator.py
[2026-04-29T09:20:19.133+0300] {processor.py:840} INFO - DAG(s) 'example_branch_python_operator_decorator' retrieved from /mnt/d/airflow/airflow_project/airflow_venv/lib/python3.12/site-packages/airflow/example_dags/example_branch_operator_decorator.py
[2026-04-29T09:20:19.176+0300] {logging_mixin.py:188} INFO - [2026-04-29T09:20:19.175+0300] {dag.py:3089} INFO - Sync 1 DAGs
[2026-04-29T09:20:19.213+0300] {logging_mixin.py:188} INFO - [2026-04-29T09:20:19.211+0300] {dag.py:3947} INFO - Setting next_dagrun for example_branch_python_operator_decorator to 2026-04-28 00:00:00+00:00, run_after=2026-04-29 00:00:00+00:00
[2026-04-29T09:20:19.317+0300] {processor.py:183} INFO - Processing /mnt/d/airflow/airflow_project/airflow_venv/lib/python3.12/site-packages/airflow/example_dags/example_branch_operator_decorator.py took 0.292 seconds
[2026-04-29T09:22:26.715+0300] {processor.py:161} INFO - Started process (PID=29040) to work on /mnt/d/airflow/airflow_project/airflow_venv/lib/python3.12/site-packages/airflow/example_dags/example_branch_operator_decorator.py
[2026-04-29T09:22:26.717+0300] {processor.py:830} INFO - Processing file /mnt/d/airflow/airflow_project/airflow_venv/lib/python3.12/site-packages/airflow/example_dags/example_branch_operator_decorator.py for tasks to queue
[2026-04-29T09:22:26.722+0300] {logging_mixin.py:188} INFO - [2026-04-29T09:22:26.721+0300] {dagbag.py:545} INFO - Filling up the DagBag from /mnt/d/airflow/airflow_project/airflow_venv/lib/python3.12/site-packages/airflow/example_dags/example_branch_operator_decorator.py
[2026-04-29T09:22:26.780+0300] {processor.py:840} INFO - DAG(s) 'example_branch_python_operator_decorator' retrieved from /mnt/d/airflow/airflow_project/airflow_venv/lib/python3.12/site-packages/airflow/example_dags/example_branch_operator_decorator.py
[2026-04-29T09:22:26.890+0300] {logging_mixin.py:188} INFO - [2026-04-29T09:22:26.889+0300] {dag.py:3089} INFO - Sync 1 DAGs
[2026-04-29T09:22:26.915+0300] {logging_mixin.py:188} INFO - [2026-04-29T09:22:26.913+0300] {dag.py:3947} INFO - Setting next_dagrun for example_branch_python_operator_decorator to 2026-04-28 00:00:00+00:00, run_after=2026-04-29 00:00:00+00:00
[2026-04-29T09:22:27.019+0300] {processor.py:183} INFO - Processing /mnt/d/airflow/airflow_project/airflow_venv/lib/python3.12/site-packages/airflow/example_dags/example_branch_operator_decorator.py took 0.358 seconds
[2026-04-29T09:24:32.561+0300] {processor.py:161} INFO - Started process (PID=29772) to work on /mnt/d/airflow/airflow_project/airflow_venv/lib/python3.12/site-packages/airflow/example_dags/example_branch_operator_decorator.py
[2026-04-29T09:24:32.565+0300] {processor.py:830} INFO - Processing file /mnt/d/airflow/airflow_project/airflow_venv/lib/python3.12/site-packages/airflow/example_dags/example_branch_operator_decorator.py for tasks to queue
[2026-04-29T09:24:32.572+0300] {logging_mixin.py:188} INFO - [2026-04-29T09:24:32.570+0300] {dagbag.py:545} INFO - Filling up the DagBag from /mnt/d/airflow/airflow_project/airflow_venv/lib/python3.12/site-packages/airflow/example_dags/example_branch_operator_decorator.py
[2026-04-29T09:24:32.729+0300] {processor.py:840} INFO - DAG(s) 'example_branch_python_operator_decorator' retrieved from /mnt/d/airflow/airflow_project/airflow_venv/lib/python3.12/site-packages/airflow/example_dags/example_branch_operator_decorator.py
[2026-04-29T09:24:32.790+0300] {logging_mixin.py:188} INFO - [2026-04-29T09:24:32.788+0300] {dag.py:3089} INFO - Sync 1 DAGs
[2026-04-29T09:24:32.841+0300] {logging_mixin.py:188} INFO - [2026-04-29T09:24:32.839+0300] {dag.py:3947} INFO - Setting next_dagrun for example_branch_python_operator_decorator to 2026-04-28 00:00:00+00:00, run_after=2026-04-29 00:00:00+00:00
[2026-04-29T09:24:33.010+0300] {processor.py:183} INFO - Processing /mnt/d/airflow/airflow_project/airflow_venv/lib/python3.12/site-packages/airflow/example_dags/example_branch_operator_decorator.py took 0.478 seconds
[2026-04-29T09:26:57.398+0300] {processor.py:161} INFO - Started process (PID=30586) to work on /mnt/d/airflow/airflow_project/airflow_venv/lib/python3.12/site-packages/airflow/example_dags/example_branch_operator_decorator.py
[2026-04-29T09:26:57.403+0300] {processor.py:830} INFO - Processing file /mnt/d/airflow/airflow_project/airflow_venv/lib/python3.12/site-packages/airflow/example_dags/example_branch_operator_decorator.py for tasks to queue
[2026-04-29T09:26:57.410+0300] {logging_mixin.py:188} INFO - [2026-04-29T09:26:57.407+0300] {dagbag.py:545} INFO - Filling up the DagBag from /mnt/d/airflow/airflow_project/airflow_venv/lib/python3.12/site-packages/airflow/example_dags/example_branch_operator_decorator.py
[2026-04-29T09:26:57.596+0300] {processor.py:840} INFO - DAG(s) 'example_branch_python_operator_decorator' retrieved from /mnt/d/airflow/airflow_project/airflow_venv/lib/python3.12/site-packages/airflow/example_dags/example_branch_operator_decorator.py
[2026-04-29T09:26:57.656+0300] {logging_mixin.py:188} INFO - [2026-04-29T09:26:57.653+0300] {dag.py:3089} INFO - Sync 1 DAGs
[2026-04-29T09:26:57.699+0300] {logging_mixin.py:188} INFO - [2026-04-29T09:26:57.696+0300] {dag.py:3947} INFO - Setting next_dagrun for example_branch_python_operator_decorator to 2026-04-28 00:00:00+00:00, run_after=2026-04-29 00:00:00+00:00
[2026-04-29T09:26:57.899+0300] {processor.py:183} INFO - Processing /mnt/d/airflow/airflow_project/airflow_venv/lib/python3.12/site-packages/airflow/example_dags/example_branch_operator_decorator.py took 0.534 seconds
[2026-04-29T09:29:32.746+0300] {processor.py:161} INFO - Started process (PID=31487) to work on /mnt/d/airflow/airflow_project/airflow_venv/lib/python3.12/site-packages/airflow/example_dags/example_branch_operator_decorator.py
[2026-04-29T09:29:32.752+0300] {processor.py:830} INFO - Processing file /mnt/d/airflow/airflow_project/airflow_venv/lib/python3.12/site-packages/airflow/example_dags/example_branch_operator_decorator.py for tasks to queue
[2026-04-29T09:29:32.762+0300] {logging_mixin.py:188} INFO - [2026-04-29T09:29:32.757+0300] {dagbag.py:545} INFO - Filling up the DagBag from /mnt/d/airflow/airflow_project/airflow_venv/lib/python3.12/site-packages/airflow/example_dags/example_branch_operator_decorator.py
[2026-04-29T09:29:32.950+0300] {processor.py:840} INFO - DAG(s) 'example_branch_python_operator_decorator' retrieved from /mnt/d/airflow/airflow_project/airflow_venv/lib/python3.12/site-packages/airflow/example_dags/example_branch_operator_decorator.py
[2026-04-29T09:29:33.029+0300] {logging_mixin.py:188} INFO - [2026-04-29T09:29:33.027+0300] {dag.py:3089} INFO - Sync 1 DAGs
[2026-04-29T09:29:33.078+0300] {logging_mixin.py:188} INFO - [2026-04-29T09:29:33.075+0300] {dag.py:3947} INFO - Setting next_dagrun for example_branch_python_operator_decorator to 2026-04-28 00:00:00+00:00, run_after=2026-04-29 00:00:00+00:00
[2026-04-29T09:29:33.299+0300] {processor.py:183} INFO - Processing /mnt/d/airflow/airflow_project/airflow_venv/lib/python3.12/site-packages/airflow/example_dags/example_branch_operator_decorator.py took 0.595 seconds
[2026-04-29T09:32:11.677+0300] {processor.py:161} INFO - Started process (PID=32423) to work on /mnt/d/airflow/airflow_project/airflow_venv/lib/python3.12/site-packages/airflow/example_dags/example_branch_operator_decorator.py
[2026-04-29T09:32:11.681+0300] {processor.py:830} INFO - Processing file /mnt/d/airflow/airflow_project/airflow_venv/lib/python3.12/site-packages/airflow/example_dags/example_branch_operator_decorator.py for tasks to queue
[2026-04-29T09:32:11.686+0300] {logging_mixin.py:188} INFO - [2026-04-29T09:32:11.685+0300] {dagbag.py:545} INFO - Filling up the DagBag from /mnt/d/airflow/airflow_project/airflow_venv/lib/python3.12/site-packages/airflow/example_dags/example_branch_operator_decorator.py
[2026-04-29T09:32:11.781+0300] {processor.py:840} INFO - DAG(s) 'example_branch_python_operator_decorator' retrieved from /mnt/d/airflow/airflow_project/airflow_venv/lib/python3.12/site-packages/airflow/example_dags/example_branch_operator_decorator.py
[2026-04-29T09:32:11.815+0300] {logging_mixin.py:188} INFO - [2026-04-29T09:32:11.814+0300] {dag.py:3089} INFO - Sync 1 DAGs
[2026-04-29T09:32:11.841+0300] {logging_mixin.py:188} INFO - [2026-04-29T09:32:11.840+0300] {dag.py:3947} INFO - Setting next_dagrun for example_branch_python_operator_decorator to 2026-04-28 00:00:00+00:00, run_after=2026-04-29 00:00:00+00:00
[2026-04-29T09:32:11.966+0300] {processor.py:183} INFO - Processing /mnt/d/airflow/airflow_project/airflow_venv/lib/python3.12/site-packages/airflow/example_dags/example_branch_operator_decorator.py took 0.331 seconds
[2026-04-29T09:34:34.935+0300] {processor.py:161} INFO - Started process (PID=33261) to work on /mnt/d/airflow/airflow_project/airflow_venv/lib/python3.12/site-packages/airflow/example_dags/example_branch_operator_decorator.py
[2026-04-29T09:34:34.939+0300] {processor.py:830} INFO - Processing file /mnt/d/airflow/airflow_project/airflow_venv/lib/python3.12/site-packages/airflow/example_dags/example_branch_operator_decorator.py for tasks to queue
[2026-04-29T09:34:34.946+0300] {logging_mixin.py:188} INFO - [2026-04-29T09:34:34.944+0300] {dagbag.py:545} INFO - Filling up the DagBag from /mnt/d/airflow/airflow_project/airflow_venv/lib/python3.12/site-packages/airflow/example_dags/example_branch_operator_decorator.py
[2026-04-29T09:34:35.141+0300] {processor.py:840} INFO - DAG(s) 'example_branch_python_operator_decorator' retrieved from /mnt/d/airflow/airflow_project/airflow_venv/lib/python3.12/site-packages/airflow/example_dags/example_branch_operator_decorator.py
[2026-04-29T09:34:35.237+0300] {logging_mixin.py:188} INFO - [2026-04-29T09:34:35.234+0300] {dag.py:3089} INFO - Sync 1 DAGs
[2026-04-29T09:34:35.292+0300] {logging_mixin.py:188} INFO - [2026-04-29T09:34:35.289+0300] {dag.py:3947} INFO - Setting next_dagrun for example_branch_python_operator_decorator to 2026-04-28 00:00:00+00:00, run_after=2026-04-29 00:00:00+00:00
[2026-04-29T09:34:35.508+0300] {processor.py:183} INFO - Processing /mnt/d/airflow/airflow_project/airflow_venv/lib/python3.12/site-packages/airflow/example_dags/example_branch_operator_decorator.py took 0.597 seconds
[2026-04-29T09:36:41.458+0300] {processor.py:161} INFO - Started process (PID=34036) to work on /mnt/d/airflow/airflow_project/airflow_venv/lib/python3.12/site-packages/airflow/example_dags/example_branch_operator_decorator.py
[2026-04-29T09:36:41.464+0300] {processor.py:830} INFO - Processing file /mnt/d/airflow/airflow_project/airflow_venv/lib/python3.12/site-packages/airflow/example_dags/example_branch_operator_decorator.py for tasks to queue
[2026-04-29T09:36:41.468+0300] {logging_mixin.py:188} INFO - [2026-04-29T09:36:41.466+0300] {dagbag.py:545} INFO - Filling up the DagBag from /mnt/d/airflow/airflow_project/airflow_venv/lib/python3.12/site-packages/airflow/example_dags/example_branch_operator_decorator.py
[2026-04-29T09:36:41.557+0300] {processor.py:840} INFO - DAG(s) 'example_branch_python_operator_decorator' retrieved from /mnt/d/airflow/airflow_project/airflow_venv/lib/python3.12/site-packages/airflow/example_dags/example_branch_operator_decorator.py
[2026-04-29T09:36:41.619+0300] {logging_mixin.py:188} INFO - [2026-04-29T09:36:41.618+0300] {dag.py:3089} INFO - Sync 1 DAGs
[2026-04-29T09:36:41.657+0300] {logging_mixin.py:188} INFO - [2026-04-29T09:36:41.655+0300] {dag.py:3947} INFO - Setting next_dagrun for example_branch_python_operator_decorator to 2026-04-28 00:00:00+00:00, run_after=2026-04-29 00:00:00+00:00
[2026-04-29T09:36:41.774+0300] {processor.py:183} INFO - Processing /mnt/d/airflow/airflow_project/airflow_venv/lib/python3.12/site-packages/airflow/example_dags/example_branch_operator_decorator.py took 0.334 seconds
[2026-04-29T09:38:47.645+0300] {processor.py:161} INFO - Started process (PID=34816) to work on /mnt/d/airflow/airflow_project/airflow_venv/lib/python3.12/site-packages/airflow/example_dags/example_branch_operator_decorator.py
[2026-04-29T09:38:47.649+0300] {processor.py:830} INFO - Processing file /mnt/d/airflow/airflow_project/airflow_venv/lib/python3.12/site-packages/airflow/example_dags/example_branch_operator_decorator.py for tasks to queue
[2026-04-29T09:38:47.654+0300] {logging_mixin.py:188} INFO - [2026-04-29T09:38:47.652+0300] {dagbag.py:545} INFO - Filling up the DagBag from /mnt/d/airflow/airflow_project/airflow_venv/lib/python3.12/site-packages/airflow/example_dags/example_branch_operator_decorator.py
[2026-04-29T09:38:47.755+0300] {processor.py:840} INFO - DAG(s) 'example_branch_python_operator_decorator' retrieved from /mnt/d/airflow/airflow_project/airflow_venv/lib/python3.12/site-packages/airflow/example_dags/example_branch_operator_decorator.py
[2026-04-29T09:38:47.802+0300] {logging_mixin.py:188} INFO - [2026-04-29T09:38:47.801+0300] {dag.py:3089} INFO - Sync 1 DAGs
[2026-04-29T09:38:47.839+0300] {logging_mixin.py:188} INFO - [2026-04-29T09:38:47.837+0300] {dag.py:3947} INFO - Setting next_dagrun for example_branch_python_operator_decorator to 2026-04-28 00:00:00+00:00, run_after=2026-04-29 00:00:00+00:00
[2026-04-29T09:38:47.947+0300] {processor.py:183} INFO - Processing /mnt/d/airflow/airflow_project/airflow_venv/lib/python3.12/site-packages/airflow/example_dags/example_branch_operator_decorator.py took 0.325 seconds
[2026-04-29T09:40:49.356+0300] {processor.py:161} INFO - Started process (PID=35519) to work on /mnt/d/airflow/airflow_project/airflow_venv/lib/python3.12/site-packages/airflow/example_dags/example_branch_operator_decorator.py
[2026-04-29T09:40:49.360+0300] {processor.py:830} INFO - Processing file /mnt/d/airflow/airflow_project/airflow_venv/lib/python3.12/site-packages/airflow/example_dags/example_branch_operator_decorator.py for tasks to queue
[2026-04-29T09:40:49.364+0300] {logging_mixin.py:188} INFO - [2026-04-29T09:40:49.362+0300] {dagbag.py:545} INFO - Filling up the DagBag from /mnt/d/airflow/airflow_project/airflow_venv/lib/python3.12/site-packages/airflow/example_dags/example_branch_operator_decorator.py
[2026-04-29T09:40:49.453+0300] {processor.py:840} INFO - DAG(s) 'example_branch_python_operator_decorator' retrieved from /mnt/d/airflow/airflow_project/airflow_venv/lib/python3.12/site-packages/airflow/example_dags/example_branch_operator_decorator.py
[2026-04-29T09:40:49.489+0300] {logging_mixin.py:188} INFO - [2026-04-29T09:40:49.488+0300] {dag.py:3089} INFO - Sync 1 DAGs
[2026-04-29T09:40:49.515+0300] {logging_mixin.py:188} INFO - [2026-04-29T09:40:49.513+0300] {dag.py:3947} INFO - Setting next_dagrun for example_branch_python_operator_decorator to 2026-04-28 00:00:00+00:00, run_after=2026-04-29 00:00:00+00:00
[2026-04-29T09:40:49.635+0300] {processor.py:183} INFO - Processing /mnt/d/airflow/airflow_project/airflow_venv/lib/python3.12/site-packages/airflow/example_dags/example_branch_operator_decorator.py took 0.310 seconds
[2026-04-29T09:42:59.674+0300] {processor.py:161} INFO - Started process (PID=36284) to work on /mnt/d/airflow/airflow_project/airflow_venv/lib/python3.12/site-packages/airflow/example_dags/example_branch_operator_decorator.py
[2026-04-29T09:42:59.678+0300] {processor.py:830} INFO - Processing file /mnt/d/airflow/airflow_project/airflow_venv/lib/python3.12/site-packages/airflow/example_dags/example_branch_operator_decorator.py for tasks to queue
[2026-04-29T09:42:59.684+0300] {logging_mixin.py:188} INFO - [2026-04-29T09:42:59.682+0300] {dagbag.py:545} INFO - Filling up the DagBag from /mnt/d/airflow/airflow_project/airflow_venv/lib/python3.12/site-packages/airflow/example_dags/example_branch_operator_decorator.py
[2026-04-29T09:42:59.844+0300] {processor.py:840} INFO - DAG(s) 'example_branch_python_operator_decorator' retrieved from /mnt/d/airflow/airflow_project/airflow_venv/lib/python3.12/site-packages/airflow/example_dags/example_branch_operator_decorator.py
[2026-04-29T09:42:59.926+0300] {logging_mixin.py:188} INFO - [2026-04-29T09:42:59.924+0300] {dag.py:3089} INFO - Sync 1 DAGs
[2026-04-29T09:42:59.972+0300] {logging_mixin.py:188} INFO - [2026-04-29T09:42:59.970+0300] {dag.py:3947} INFO - Setting next_dagrun for example_branch_python_operator_decorator to 2026-04-28 00:00:00+00:00, run_after=2026-04-29 00:00:00+00:00
[2026-04-29T09:43:00.108+0300] {processor.py:183} INFO - Processing /mnt/d/airflow/airflow_project/airflow_venv/lib/python3.12/site-packages/airflow/example_dags/example_branch_operator_decorator.py took 0.470 seconds
[2026-04-29T09:45:54.087+0300] {processor.py:161} INFO - Started process (PID=37278) to work on /mnt/d/airflow/airflow_project/airflow_venv/lib/python3.12/site-packages/airflow/example_dags/example_branch_operator_decorator.py
[2026-04-29T09:45:54.089+0300] {processor.py:830} INFO - Processing file /mnt/d/airflow/airflow_project/airflow_venv/lib/python3.12/site-packages/airflow/example_dags/example_branch_operator_decorator.py for tasks to queue
[2026-04-29T09:45:54.095+0300] {logging_mixin.py:188} INFO - [2026-04-29T09:45:54.093+0300] {dagbag.py:545} INFO - Filling up the DagBag from /mnt/d/airflow/airflow_project/airflow_venv/lib/python3.12/site-packages/airflow/example_dags/example_branch_operator_decorator.py
[2026-04-29T09:45:54.240+0300] {processor.py:840} INFO - DAG(s) 'example_branch_python_operator_decorator' retrieved from /mnt/d/airflow/airflow_project/airflow_venv/lib/python3.12/site-packages/airflow/example_dags/example_branch_operator_decorator.py
[2026-04-29T09:45:56.295+0300] {logging_mixin.py:188} INFO - [2026-04-29T09:45:56.294+0300] {dag.py:3089} INFO - Sync 1 DAGs
[2026-04-29T09:45:56.320+0300] {logging_mixin.py:188} INFO - [2026-04-29T09:45:56.319+0300] {dag.py:3947} INFO - Setting next_dagrun for example_branch_python_operator_decorator to 2026-04-28 00:00:00+00:00, run_after=2026-04-29 00:00:00+00:00
[2026-04-29T09:45:56.417+0300] {processor.py:183} INFO - Processing /mnt/d/airflow/airflow_project/airflow_venv/lib/python3.12/site-packages/airflow/example_dags/example_branch_operator_decorator.py took 2.354 seconds
[2026-04-29T09:48:56.176+0300] {processor.py:161} INFO - Started process (PID=38309) to work on /mnt/d/airflow/airflow_project/airflow_venv/lib/python3.12/site-packages/airflow/example_dags/example_branch_operator_decorator.py
[2026-04-29T09:48:56.178+0300] {processor.py:830} INFO - Processing file /mnt/d/airflow/airflow_project/airflow_venv/lib/python3.12/site-packages/airflow/example_dags/example_branch_operator_decorator.py for tasks to queue
[2026-04-29T09:48:56.182+0300] {logging_mixin.py:188} INFO - [2026-04-29T09:48:56.181+0300] {dagbag.py:545} INFO - Filling up the DagBag from /mnt/d/airflow/airflow_project/airflow_venv/lib/python3.12/site-packages/airflow/example_dags/example_branch_operator_decorator.py
[2026-04-29T09:48:56.241+0300] {processor.py:840} INFO - DAG(s) 'example_branch_python_operator_decorator' retrieved from /mnt/d/airflow/airflow_project/airflow_venv/lib/python3.12/site-packages/airflow/example_dags/example_branch_operator_decorator.py
[2026-04-29T09:48:56.283+0300] {logging_mixin.py:188} INFO - [2026-04-29T09:48:56.282+0300] {dag.py:3089} INFO - Sync 1 DAGs
[2026-04-29T09:48:56.310+0300] {logging_mixin.py:188} INFO - [2026-04-29T09:48:56.309+0300] {dag.py:3947} INFO - Setting next_dagrun for example_branch_python_operator_decorator to 2026-04-28 00:00:00+00:00, run_after=2026-04-29 00:00:00+00:00
[2026-04-29T09:48:56.604+0300] {processor.py:183} INFO - Processing /mnt/d/airflow/airflow_project/airflow_venv/lib/python3.12/site-packages/airflow/example_dags/example_branch_operator_decorator.py took 0.441 seconds
[2026-04-29T09:51:10.257+0300] {processor.py:161} INFO - Started process (PID=39076) to work on /mnt/d/airflow/airflow_project/airflow_venv/lib/python3.12/site-packages/airflow/example_dags/example_branch_operator_decorator.py
[2026-04-29T09:51:10.260+0300] {processor.py:830} INFO - Processing file /mnt/d/airflow/airflow_project/airflow_venv/lib/python3.12/site-packages/airflow/example_dags/example_branch_operator_decorator.py for tasks to queue
[2026-04-29T09:51:10.264+0300] {logging_mixin.py:188} INFO - [2026-04-29T09:51:10.263+0300] {dagbag.py:545} INFO - Filling up the DagBag from /mnt/d/airflow/airflow_project/airflow_venv/lib/python3.12/site-packages/airflow/example_dags/example_branch_operator_decorator.py
[2026-04-29T09:51:10.352+0300] {processor.py:840} INFO - DAG(s) 'example_branch_python_operator_decorator' retrieved from /mnt/d/airflow/airflow_project/airflow_venv/lib/python3.12/site-packages/airflow/example_dags/example_branch_operator_decorator.py
[2026-04-29T09:51:10.400+0300] {logging_mixin.py:188} INFO - [2026-04-29T09:51:10.399+0300] {dag.py:3089} INFO - Sync 1 DAGs
[2026-04-29T09:51:10.425+0300] {logging_mixin.py:188} INFO - [2026-04-29T09:51:10.424+0300] {dag.py:3947} INFO - Setting next_dagrun for example_branch_python_operator_decorator to 2026-04-28 00:00:00+00:00, run_after=2026-04-29 00:00:00+00:00
[2026-04-29T09:51:10.621+0300] {processor.py:183} INFO - Processing /mnt/d/airflow/airflow_project/airflow_venv/lib/python3.12/site-packages/airflow/example_dags/example_branch_operator_decorator.py took 0.382 seconds
[2026-04-29T09:54:51.775+0300] {processor.py:161} INFO - Started process (PID=40317) to work on /mnt/d/airflow/airflow_project/airflow_venv/lib/python3.12/site-packages/airflow/example_dags/example_branch_operator_decorator.py
[2026-04-29T09:54:51.782+0300] {processor.py:830} INFO - Processing file /mnt/d/airflow/airflow_project/airflow_venv/lib/python3.12/site-packages/airflow/example_dags/example_branch_operator_decorator.py for tasks to queue
[2026-04-29T09:54:51.792+0300] {logging_mixin.py:188} INFO - [2026-04-29T09:54:51.788+0300] {dagbag.py:545} INFO - Filling up the DagBag from /mnt/d/airflow/airflow_project/airflow_venv/lib/python3.12/site-packages/airflow/example_dags/example_branch_operator_decorator.py
[2026-04-29T09:54:51.953+0300] {processor.py:840} INFO - DAG(s) 'example_branch_python_operator_decorator' retrieved from /mnt/d/airflow/airflow_project/airflow_venv/lib/python3.12/site-packages/airflow/example_dags/example_branch_operator_decorator.py
[2026-04-29T09:54:52.028+0300] {logging_mixin.py:188} INFO - [2026-04-29T09:54:52.025+0300] {dag.py:3089} INFO - Sync 1 DAGs
[2026-04-29T09:54:52.088+0300] {logging_mixin.py:188} INFO - [2026-04-29T09:54:52.086+0300] {dag.py:3947} INFO - Setting next_dagrun for example_branch_python_operator_decorator to 2026-04-28 00:00:00+00:00, run_after=2026-04-29 00:00:00+00:00
[2026-04-29T09:54:52.210+0300] {processor.py:183} INFO - Processing /mnt/d/airflow/airflow_project/airflow_venv/lib/python3.12/site-packages/airflow/example_dags/example_branch_operator_decorator.py took 0.474 seconds
[2026-04-29T09:59:55.980+0300] {processor.py:161} INFO - Started process (PID=42060) to work on /mnt/d/airflow/airflow_project/airflow_venv/lib/python3.12/site-packages/airflow/example_dags/example_branch_operator_decorator.py
[2026-04-29T09:59:55.985+0300] {processor.py:830} INFO - Processing file /mnt/d/airflow/airflow_project/airflow_venv/lib/python3.12/site-packages/airflow/example_dags/example_branch_operator_decorator.py for tasks to queue
[2026-04-29T09:59:55.995+0300] {logging_mixin.py:188} INFO - [2026-04-29T09:59:55.991+0300] {dagbag.py:545} INFO - Filling up the DagBag from /mnt/d/airflow/airflow_project/airflow_venv/lib/python3.12/site-packages/airflow/example_dags/example_branch_operator_decorator.py
[2026-04-29T09:59:56.109+0300] {processor.py:840} INFO - DAG(s) 'example_branch_python_operator_decorator' retrieved from /mnt/d/airflow/airflow_project/airflow_venv/lib/python3.12/site-packages/airflow/example_dags/example_branch_operator_decorator.py
[2026-04-29T09:59:56.156+0300] {logging_mixin.py:188} INFO - [2026-04-29T09:59:56.154+0300] {dag.py:3089} INFO - Sync 1 DAGs
[2026-04-29T09:59:56.308+0300] {logging_mixin.py:188} INFO - [2026-04-29T09:59:56.305+0300] {dag.py:3947} INFO - Setting next_dagrun for example_branch_python_operator_decorator to 2026-04-28 00:00:00+00:00, run_after=2026-04-29 00:00:00+00:00
[2026-04-29T09:59:56.529+0300] {processor.py:183} INFO - Processing /mnt/d/airflow/airflow_project/airflow_venv/lib/python3.12/site-packages/airflow/example_dags/example_branch_operator_decorator.py took 0.581 seconds
[2026-04-29T10:03:23.888+0300] {processor.py:161} INFO - Started process (PID=43214) to work on /mnt/d/airflow/airflow_project/airflow_venv/lib/python3.12/site-packages/airflow/example_dags/example_branch_operator_decorator.py
[2026-04-29T10:03:23.893+0300] {processor.py:830} INFO - Processing file /mnt/d/airflow/airflow_project/airflow_venv/lib/python3.12/site-packages/airflow/example_dags/example_branch_operator_decorator.py for tasks to queue
[2026-04-29T10:03:23.902+0300] {logging_mixin.py:188} INFO - [2026-04-29T10:03:23.899+0300] {dagbag.py:545} INFO - Filling up the DagBag from /mnt/d/airflow/airflow_project/airflow_venv/lib/python3.12/site-packages/airflow/example_dags/example_branch_operator_decorator.py
[2026-04-29T10:03:24.029+0300] {processor.py:840} INFO - DAG(s) 'example_branch_python_operator_decorator' retrieved from /mnt/d/airflow/airflow_project/airflow_venv/lib/python3.12/site-packages/airflow/example_dags/example_branch_operator_decorator.py
[2026-04-29T10:03:24.095+0300] {logging_mixin.py:188} INFO - [2026-04-29T10:03:24.093+0300] {dag.py:3089} INFO - Sync 1 DAGs
[2026-04-29T10:03:24.246+0300] {logging_mixin.py:188} INFO - [2026-04-29T10:03:24.242+0300] {dag.py:3947} INFO - Setting next_dagrun for example_branch_python_operator_decorator to 2026-04-28 00:00:00+00:00, run_after=2026-04-29 00:00:00+00:00
[2026-04-29T10:03:24.419+0300] {processor.py:183} INFO - Processing /mnt/d/airflow/airflow_project/airflow_venv/lib/python3.12/site-packages/airflow/example_dags/example_branch_operator_decorator.py took 0.565 seconds
[2026-04-29T10:06:05.347+0300] {processor.py:161} INFO - Started process (PID=44128) to work on /mnt/d/airflow/airflow_project/airflow_venv/lib/python3.12/site-packages/airflow/example_dags/example_branch_operator_decorator.py
[2026-04-29T10:06:05.352+0300] {processor.py:830} INFO - Processing file /mnt/d/airflow/airflow_project/airflow_venv/lib/python3.12/site-packages/airflow/example_dags/example_branch_operator_decorator.py for tasks to queue
[2026-04-29T10:06:05.362+0300] {logging_mixin.py:188} INFO - [2026-04-29T10:06:05.358+0300] {dagbag.py:545} INFO - Filling up the DagBag from /mnt/d/airflow/airflow_project/airflow_venv/lib/python3.12/site-packages/airflow/example_dags/example_branch_operator_decorator.py
[2026-04-29T10:06:05.524+0300] {processor.py:840} INFO - DAG(s) 'example_branch_python_operator_decorator' retrieved from /mnt/d/airflow/airflow_project/airflow_venv/lib/python3.12/site-packages/airflow/example_dags/example_branch_operator_decorator.py
[2026-04-29T10:06:05.604+0300] {logging_mixin.py:188} INFO - [2026-04-29T10:06:05.602+0300] {dag.py:3089} INFO - Sync 1 DAGs
[2026-04-29T10:06:05.646+0300] {logging_mixin.py:188} INFO - [2026-04-29T10:06:05.644+0300] {dag.py:3947} INFO - Setting next_dagrun for example_branch_python_operator_decorator to 2026-04-28 00:00:00+00:00, run_after=2026-04-29 00:00:00+00:00
[2026-04-29T10:06:05.927+0300] {processor.py:183} INFO - Processing /mnt/d/airflow/airflow_project/airflow_venv/lib/python3.12/site-packages/airflow/example_dags/example_branch_operator_decorator.py took 0.616 seconds
[2026-04-29T10:08:21.755+0300] {processor.py:161} INFO - Started process (PID=44885) to work on /mnt/d/airflow/airflow_project/airflow_venv/lib/python3.12/site-packages/airflow/example_dags/example_branch_operator_decorator.py
[2026-04-29T10:08:21.758+0300] {processor.py:830} INFO - Processing file /mnt/d/airflow/airflow_project/airflow_venv/lib/python3.12/site-packages/airflow/example_dags/example_branch_operator_decorator.py for tasks to queue
[2026-04-29T10:08:21.763+0300] {logging_mixin.py:188} INFO - [2026-04-29T10:08:21.762+0300] {dagbag.py:545} INFO - Filling up the DagBag from /mnt/d/airflow/airflow_project/airflow_venv/lib/python3.12/site-packages/airflow/example_dags/example_branch_operator_decorator.py
[2026-04-29T10:08:21.830+0300] {processor.py:840} INFO - DAG(s) 'example_branch_python_operator_decorator' retrieved from /mnt/d/airflow/airflow_project/airflow_venv/lib/python3.12/site-packages/airflow/example_dags/example_branch_operator_decorator.py
[2026-04-29T10:08:21.873+0300] {logging_mixin.py:188} INFO - [2026-04-29T10:08:21.872+0300] {dag.py:3089} INFO - Sync 1 DAGs
[2026-04-29T10:08:21.899+0300] {logging_mixin.py:188} INFO - [2026-04-29T10:08:21.898+0300] {dag.py:3947} INFO - Setting next_dagrun for example_branch_python_operator_decorator to 2026-04-28 00:00:00+00:00, run_after=2026-04-29 00:00:00+00:00
[2026-04-29T10:08:21.988+0300] {processor.py:183} INFO - Processing /mnt/d/airflow/airflow_project/airflow_venv/lib/python3.12/site-packages/airflow/example_dags/example_branch_operator_decorator.py took 0.254 seconds
[2026-04-29T10:10:23.692+0300] {processor.py:161} INFO - Started process (PID=45565) to work on /mnt/d/airflow/airflow_project/airflow_venv/lib/python3.12/site-packages/airflow/example_dags/example_branch_operator_decorator.py
[2026-04-29T10:10:23.695+0300] {processor.py:830} INFO - Processing file /mnt/d/airflow/airflow_project/airflow_venv/lib/python3.12/site-packages/airflow/example_dags/example_branch_operator_decorator.py for tasks to queue
[2026-04-29T10:10:23.701+0300] {logging_mixin.py:188} INFO - [2026-04-29T10:10:23.699+0300] {dagbag.py:545} INFO - Filling up the DagBag from /mnt/d/airflow/airflow_project/airflow_venv/lib/python3.12/site-packages/airflow/example_dags/example_branch_operator_decorator.py
[2026-04-29T10:10:23.799+0300] {processor.py:840} INFO - DAG(s) 'example_branch_python_operator_decorator' retrieved from /mnt/d/airflow/airflow_project/airflow_venv/lib/python3.12/site-packages/airflow/example_dags/example_branch_operator_decorator.py
[2026-04-29T10:10:23.887+0300] {logging_mixin.py:188} INFO - [2026-04-29T10:10:23.885+0300] {dag.py:3089} INFO - Sync 1 DAGs
[2026-04-29T10:10:23.931+0300] {logging_mixin.py:188} INFO - [2026-04-29T10:10:23.929+0300] {dag.py:3947} INFO - Setting next_dagrun for example_branch_python_operator_decorator to 2026-04-28 00:00:00+00:00, run_after=2026-04-29 00:00:00+00:00
[2026-04-29T10:10:24.138+0300] {processor.py:183} INFO - Processing /mnt/d/airflow/airflow_project/airflow_venv/lib/python3.12/site-packages/airflow/example_dags/example_branch_operator_decorator.py took 0.468 seconds
[2026-04-29T10:12:38.983+0300] {processor.py:161} INFO - Started process (PID=46304) to work on /mnt/d/airflow/airflow_project/airflow_venv/lib/python3.12/site-packages/airflow/example_dags/example_branch_operator_decorator.py
[2026-04-29T10:12:38.986+0300] {processor.py:830} INFO - Processing file /mnt/d/airflow/airflow_project/airflow_venv/lib/python3.12/site-packages/airflow/example_dags/example_branch_operator_decorator.py for tasks to queue
[2026-04-29T10:12:38.995+0300] {logging_mixin.py:188} INFO - [2026-04-29T10:12:38.992+0300] {dagbag.py:545} INFO - Filling up the DagBag from /mnt/d/airflow/airflow_project/airflow_venv/lib/python3.12/site-packages/airflow/example_dags/example_branch_operator_decorator.py
[2026-04-29T10:12:39.089+0300] {processor.py:840} INFO - DAG(s) 'example_branch_python_operator_decorator' retrieved from /mnt/d/airflow/airflow_project/airflow_venv/lib/python3.12/site-packages/airflow/example_dags/example_branch_operator_decorator.py
[2026-04-29T10:12:39.131+0300] {logging_mixin.py:188} INFO - [2026-04-29T10:12:39.130+0300] {dag.py:3089} INFO - Sync 1 DAGs
[2026-04-29T10:12:39.158+0300] {logging_mixin.py:188} INFO - [2026-04-29T10:12:39.157+0300] {dag.py:3947} INFO - Setting next_dagrun for example_branch_python_operator_decorator to 2026-04-28 00:00:00+00:00, run_after=2026-04-29 00:00:00+00:00
[2026-04-29T10:12:39.247+0300] {processor.py:183} INFO - Processing /mnt/d/airflow/airflow_project/airflow_venv/lib/python3.12/site-packages/airflow/example_dags/example_branch_operator_decorator.py took 0.292 seconds
