[2026-04-29T09:14:52.307+0300] {processor.py:161} INFO - Started process (PID=26409) to work on /mnt/d/airflow/airflow_project/airflow_venv/lib/python3.12/site-packages/airflow/example_dags/example_task_group_decorator.py
[2026-04-29T09:14:52.312+0300] {processor.py:830} INFO - Processing file /mnt/d/airflow/airflow_project/airflow_venv/lib/python3.12/site-packages/airflow/example_dags/example_task_group_decorator.py for tasks to queue
[2026-04-29T09:14:52.320+0300] {logging_mixin.py:188} INFO - [2026-04-29T09:14:52.317+0300] {dagbag.py:545} INFO - Filling up the DagBag from /mnt/d/airflow/airflow_project/airflow_venv/lib/python3.12/site-packages/airflow/example_dags/example_task_group_decorator.py
[2026-04-29T09:14:52.530+0300] {processor.py:840} INFO - DAG(s) 'example_task_group_decorator' retrieved from /mnt/d/airflow/airflow_project/airflow_venv/lib/python3.12/site-packages/airflow/example_dags/example_task_group_decorator.py
[2026-04-29T09:14:53.846+0300] {logging_mixin.py:188} INFO - [2026-04-29T09:14:53.844+0300] {override.py:1858} INFO - Created Permission View: can edit on DAG:example_task_group_decorator
[2026-04-29T09:14:53.886+0300] {logging_mixin.py:188} INFO - [2026-04-29T09:14:53.885+0300] {override.py:1858} INFO - Created Permission View: can delete on DAG:example_task_group_decorator
[2026-04-29T09:14:53.918+0300] {logging_mixin.py:188} INFO - [2026-04-29T09:14:53.917+0300] {override.py:1858} INFO - Created Permission View: can read on DAG:example_task_group_decorator
[2026-04-29T09:14:53.920+0300] {logging_mixin.py:188} INFO - [2026-04-29T09:14:53.919+0300] {dag.py:3089} INFO - Sync 1 DAGs
[2026-04-29T09:14:53.935+0300] {logging_mixin.py:188} INFO - [2026-04-29T09:14:53.934+0300] {dag.py:3111} INFO - Creating ORM DAG for example_task_group_decorator
[2026-04-29T09:14:53.951+0300] {logging_mixin.py:188} INFO - [2026-04-29T09:14:53.950+0300] {dag.py:3947} INFO - Setting next_dagrun for example_task_group_decorator to 2026-04-28 00:00:00+00:00, run_after=2026-04-29 00:00:00+00:00
[2026-04-29T09:14:54.001+0300] {processor.py:183} INFO - Processing /mnt/d/airflow/airflow_project/airflow_venv/lib/python3.12/site-packages/airflow/example_dags/example_task_group_decorator.py took 1.725 seconds
[2026-04-29T09:17:15.645+0300] {processor.py:161} INFO - Started process (PID=27221) to work on /mnt/d/airflow/airflow_project/airflow_venv/lib/python3.12/site-packages/airflow/example_dags/example_task_group_decorator.py
[2026-04-29T09:17:15.647+0300] {processor.py:830} INFO - Processing file /mnt/d/airflow/airflow_project/airflow_venv/lib/python3.12/site-packages/airflow/example_dags/example_task_group_decorator.py for tasks to queue
[2026-04-29T09:17:15.652+0300] {logging_mixin.py:188} INFO - [2026-04-29T09:17:15.651+0300] {dagbag.py:545} INFO - Filling up the DagBag from /mnt/d/airflow/airflow_project/airflow_venv/lib/python3.12/site-packages/airflow/example_dags/example_task_group_decorator.py
[2026-04-29T09:17:15.691+0300] {processor.py:840} INFO - DAG(s) 'example_task_group_decorator' retrieved from /mnt/d/airflow/airflow_project/airflow_venv/lib/python3.12/site-packages/airflow/example_dags/example_task_group_decorator.py
[2026-04-29T09:17:15.728+0300] {logging_mixin.py:188} INFO - [2026-04-29T09:17:15.726+0300] {dag.py:3089} INFO - Sync 1 DAGs
[2026-04-29T09:17:15.765+0300] {logging_mixin.py:188} INFO - [2026-04-29T09:17:15.762+0300] {dag.py:3947} INFO - Setting next_dagrun for example_task_group_decorator to 2026-04-28 00:00:00+00:00, run_after=2026-04-29 00:00:00+00:00
[2026-04-29T09:17:15.978+0300] {processor.py:183} INFO - Processing /mnt/d/airflow/airflow_project/airflow_venv/lib/python3.12/site-packages/airflow/example_dags/example_task_group_decorator.py took 0.351 seconds
[2026-04-29T09:18:27.327+0300] {processor.py:161} INFO - Started process (PID=27660) to work on /mnt/d/airflow/airflow_project/airflow_venv/lib/python3.12/site-packages/airflow/example_dags/example_task_group_decorator.py
[2026-04-29T09:18:27.330+0300] {processor.py:830} INFO - Processing file /mnt/d/airflow/airflow_project/airflow_venv/lib/python3.12/site-packages/airflow/example_dags/example_task_group_decorator.py for tasks to queue
[2026-04-29T09:18:27.336+0300] {logging_mixin.py:188} INFO - [2026-04-29T09:18:27.333+0300] {dagbag.py:545} INFO - Filling up the DagBag from /mnt/d/airflow/airflow_project/airflow_venv/lib/python3.12/site-packages/airflow/example_dags/example_task_group_decorator.py
[2026-04-29T09:18:27.399+0300] {processor.py:840} INFO - DAG(s) 'example_task_group_decorator' retrieved from /mnt/d/airflow/airflow_project/airflow_venv/lib/python3.12/site-packages/airflow/example_dags/example_task_group_decorator.py
[2026-04-29T09:18:27.443+0300] {logging_mixin.py:188} INFO - [2026-04-29T09:18:27.442+0300] {dag.py:3089} INFO - Sync 1 DAGs
[2026-04-29T09:18:27.489+0300] {logging_mixin.py:188} INFO - [2026-04-29T09:18:27.488+0300] {dag.py:3947} INFO - Setting next_dagrun for example_task_group_decorator to 2026-04-28 00:00:00+00:00, run_after=2026-04-29 00:00:00+00:00
[2026-04-29T09:18:27.588+0300] {processor.py:183} INFO - Processing /mnt/d/airflow/airflow_project/airflow_venv/lib/python3.12/site-packages/airflow/example_dags/example_task_group_decorator.py took 0.279 seconds
[2026-04-29T09:19:33.524+0300] {processor.py:161} INFO - Started process (PID=28052) to work on /mnt/d/airflow/airflow_project/airflow_venv/lib/python3.12/site-packages/airflow/example_dags/example_task_group_decorator.py
[2026-04-29T09:19:33.527+0300] {processor.py:830} INFO - Processing file /mnt/d/airflow/airflow_project/airflow_venv/lib/python3.12/site-packages/airflow/example_dags/example_task_group_decorator.py for tasks to queue
[2026-04-29T09:19:33.543+0300] {logging_mixin.py:188} INFO - [2026-04-29T09:19:33.541+0300] {dagbag.py:545} INFO - Filling up the DagBag from /mnt/d/airflow/airflow_project/airflow_venv/lib/python3.12/site-packages/airflow/example_dags/example_task_group_decorator.py
[2026-04-29T09:19:33.618+0300] {processor.py:840} INFO - DAG(s) 'example_task_group_decorator' retrieved from /mnt/d/airflow/airflow_project/airflow_venv/lib/python3.12/site-packages/airflow/example_dags/example_task_group_decorator.py
[2026-04-29T09:19:33.671+0300] {logging_mixin.py:188} INFO - [2026-04-29T09:19:33.668+0300] {dag.py:3089} INFO - Sync 1 DAGs
[2026-04-29T09:19:33.721+0300] {logging_mixin.py:188} INFO - [2026-04-29T09:19:33.718+0300] {dag.py:3947} INFO - Setting next_dagrun for example_task_group_decorator to 2026-04-28 00:00:00+00:00, run_after=2026-04-29 00:00:00+00:00
[2026-04-29T09:19:33.888+0300] {processor.py:183} INFO - Processing /mnt/d/airflow/airflow_project/airflow_venv/lib/python3.12/site-packages/airflow/example_dags/example_task_group_decorator.py took 0.387 seconds
[2026-04-29T09:20:48.401+0300] {processor.py:161} INFO - Started process (PID=28481) to work on /mnt/d/airflow/airflow_project/airflow_venv/lib/python3.12/site-packages/airflow/example_dags/example_task_group_decorator.py
[2026-04-29T09:20:48.407+0300] {processor.py:830} INFO - Processing file /mnt/d/airflow/airflow_project/airflow_venv/lib/python3.12/site-packages/airflow/example_dags/example_task_group_decorator.py for tasks to queue
[2026-04-29T09:20:48.423+0300] {logging_mixin.py:188} INFO - [2026-04-29T09:20:48.419+0300] {dagbag.py:545} INFO - Filling up the DagBag from /mnt/d/airflow/airflow_project/airflow_venv/lib/python3.12/site-packages/airflow/example_dags/example_task_group_decorator.py
[2026-04-29T09:20:48.504+0300] {processor.py:840} INFO - DAG(s) 'example_task_group_decorator' retrieved from /mnt/d/airflow/airflow_project/airflow_venv/lib/python3.12/site-packages/airflow/example_dags/example_task_group_decorator.py
[2026-04-29T09:20:48.559+0300] {logging_mixin.py:188} INFO - [2026-04-29T09:20:48.556+0300] {dag.py:3089} INFO - Sync 1 DAGs
[2026-04-29T09:20:48.626+0300] {logging_mixin.py:188} INFO - [2026-04-29T09:20:48.624+0300] {dag.py:3947} INFO - Setting next_dagrun for example_task_group_decorator to 2026-04-28 00:00:00+00:00, run_after=2026-04-29 00:00:00+00:00
[2026-04-29T09:20:48.828+0300] {processor.py:183} INFO - Processing /mnt/d/airflow/airflow_project/airflow_venv/lib/python3.12/site-packages/airflow/example_dags/example_task_group_decorator.py took 0.464 seconds
[2026-04-29T09:21:54.887+0300] {processor.py:161} INFO - Started process (PID=28858) to work on /mnt/d/airflow/airflow_project/airflow_venv/lib/python3.12/site-packages/airflow/example_dags/example_task_group_decorator.py
[2026-04-29T09:21:54.888+0300] {processor.py:830} INFO - Processing file /mnt/d/airflow/airflow_project/airflow_venv/lib/python3.12/site-packages/airflow/example_dags/example_task_group_decorator.py for tasks to queue
[2026-04-29T09:21:54.890+0300] {logging_mixin.py:188} INFO - [2026-04-29T09:21:54.889+0300] {dagbag.py:545} INFO - Filling up the DagBag from /mnt/d/airflow/airflow_project/airflow_venv/lib/python3.12/site-packages/airflow/example_dags/example_task_group_decorator.py
[2026-04-29T09:21:54.913+0300] {processor.py:840} INFO - DAG(s) 'example_task_group_decorator' retrieved from /mnt/d/airflow/airflow_project/airflow_venv/lib/python3.12/site-packages/airflow/example_dags/example_task_group_decorator.py
[2026-04-29T09:21:54.936+0300] {logging_mixin.py:188} INFO - [2026-04-29T09:21:54.935+0300] {dag.py:3089} INFO - Sync 1 DAGs
[2026-04-29T09:21:54.985+0300] {logging_mixin.py:188} INFO - [2026-04-29T09:21:54.983+0300] {dag.py:3947} INFO - Setting next_dagrun for example_task_group_decorator to 2026-04-28 00:00:00+00:00, run_after=2026-04-29 00:00:00+00:00
[2026-04-29T09:21:55.079+0300] {processor.py:183} INFO - Processing /mnt/d/airflow/airflow_project/airflow_venv/lib/python3.12/site-packages/airflow/example_dags/example_task_group_decorator.py took 0.201 seconds
[2026-04-29T09:22:50.929+0300] {processor.py:161} INFO - Started process (PID=29197) to work on /mnt/d/airflow/airflow_project/airflow_venv/lib/python3.12/site-packages/airflow/example_dags/example_task_group_decorator.py
[2026-04-29T09:22:50.939+0300] {processor.py:830} INFO - Processing file /mnt/d/airflow/airflow_project/airflow_venv/lib/python3.12/site-packages/airflow/example_dags/example_task_group_decorator.py for tasks to queue
[2026-04-29T09:22:50.947+0300] {logging_mixin.py:188} INFO - [2026-04-29T09:22:50.944+0300] {dagbag.py:545} INFO - Filling up the DagBag from /mnt/d/airflow/airflow_project/airflow_venv/lib/python3.12/site-packages/airflow/example_dags/example_task_group_decorator.py
[2026-04-29T09:22:51.027+0300] {processor.py:840} INFO - DAG(s) 'example_task_group_decorator' retrieved from /mnt/d/airflow/airflow_project/airflow_venv/lib/python3.12/site-packages/airflow/example_dags/example_task_group_decorator.py
[2026-04-29T09:22:51.094+0300] {logging_mixin.py:188} INFO - [2026-04-29T09:22:51.092+0300] {dag.py:3089} INFO - Sync 1 DAGs
[2026-04-29T09:22:51.156+0300] {logging_mixin.py:188} INFO - [2026-04-29T09:22:51.154+0300] {dag.py:3947} INFO - Setting next_dagrun for example_task_group_decorator to 2026-04-28 00:00:00+00:00, run_after=2026-04-29 00:00:00+00:00
[2026-04-29T09:22:51.362+0300] {processor.py:183} INFO - Processing /mnt/d/airflow/airflow_project/airflow_venv/lib/python3.12/site-packages/airflow/example_dags/example_task_group_decorator.py took 0.494 seconds
[2026-04-29T09:23:50.245+0300] {processor.py:161} INFO - Started process (PID=29540) to work on /mnt/d/airflow/airflow_project/airflow_venv/lib/python3.12/site-packages/airflow/example_dags/example_task_group_decorator.py
[2026-04-29T09:23:50.249+0300] {processor.py:830} INFO - Processing file /mnt/d/airflow/airflow_project/airflow_venv/lib/python3.12/site-packages/airflow/example_dags/example_task_group_decorator.py for tasks to queue
[2026-04-29T09:23:50.256+0300] {logging_mixin.py:188} INFO - [2026-04-29T09:23:50.254+0300] {dagbag.py:545} INFO - Filling up the DagBag from /mnt/d/airflow/airflow_project/airflow_venv/lib/python3.12/site-packages/airflow/example_dags/example_task_group_decorator.py
[2026-04-29T09:23:50.560+0300] {processor.py:840} INFO - DAG(s) 'example_task_group_decorator' retrieved from /mnt/d/airflow/airflow_project/airflow_venv/lib/python3.12/site-packages/airflow/example_dags/example_task_group_decorator.py
[2026-04-29T09:23:50.638+0300] {logging_mixin.py:188} INFO - [2026-04-29T09:23:50.636+0300] {dag.py:3089} INFO - Sync 1 DAGs
[2026-04-29T09:23:50.680+0300] {logging_mixin.py:188} INFO - [2026-04-29T09:23:50.678+0300] {dag.py:3947} INFO - Setting next_dagrun for example_task_group_decorator to 2026-04-28 00:00:00+00:00, run_after=2026-04-29 00:00:00+00:00
[2026-04-29T09:23:50.788+0300] {processor.py:183} INFO - Processing /mnt/d/airflow/airflow_project/airflow_venv/lib/python3.12/site-packages/airflow/example_dags/example_task_group_decorator.py took 0.575 seconds
[2026-04-29T09:25:01.941+0300] {processor.py:161} INFO - Started process (PID=29933) to work on /mnt/d/airflow/airflow_project/airflow_venv/lib/python3.12/site-packages/airflow/example_dags/example_task_group_decorator.py
[2026-04-29T09:25:01.946+0300] {processor.py:830} INFO - Processing file /mnt/d/airflow/airflow_project/airflow_venv/lib/python3.12/site-packages/airflow/example_dags/example_task_group_decorator.py for tasks to queue
[2026-04-29T09:25:01.954+0300] {logging_mixin.py:188} INFO - [2026-04-29T09:25:01.951+0300] {dagbag.py:545} INFO - Filling up the DagBag from /mnt/d/airflow/airflow_project/airflow_venv/lib/python3.12/site-packages/airflow/example_dags/example_task_group_decorator.py
[2026-04-29T09:25:02.015+0300] {processor.py:840} INFO - DAG(s) 'example_task_group_decorator' retrieved from /mnt/d/airflow/airflow_project/airflow_venv/lib/python3.12/site-packages/airflow/example_dags/example_task_group_decorator.py
[2026-04-29T09:25:02.108+0300] {logging_mixin.py:188} INFO - [2026-04-29T09:25:02.104+0300] {dag.py:3089} INFO - Sync 1 DAGs
[2026-04-29T09:25:02.184+0300] {logging_mixin.py:188} INFO - [2026-04-29T09:25:02.181+0300] {dag.py:3947} INFO - Setting next_dagrun for example_task_group_decorator to 2026-04-28 00:00:00+00:00, run_after=2026-04-29 00:00:00+00:00
[2026-04-29T09:25:02.360+0300] {processor.py:183} INFO - Processing /mnt/d/airflow/airflow_project/airflow_venv/lib/python3.12/site-packages/airflow/example_dags/example_task_group_decorator.py took 0.451 seconds
[2026-04-29T09:26:11.612+0300] {processor.py:161} INFO - Started process (PID=30329) to work on /mnt/d/airflow/airflow_project/airflow_venv/lib/python3.12/site-packages/airflow/example_dags/example_task_group_decorator.py
[2026-04-29T09:26:11.617+0300] {processor.py:830} INFO - Processing file /mnt/d/airflow/airflow_project/airflow_venv/lib/python3.12/site-packages/airflow/example_dags/example_task_group_decorator.py for tasks to queue
[2026-04-29T09:26:11.626+0300] {logging_mixin.py:188} INFO - [2026-04-29T09:26:11.623+0300] {dagbag.py:545} INFO - Filling up the DagBag from /mnt/d/airflow/airflow_project/airflow_venv/lib/python3.12/site-packages/airflow/example_dags/example_task_group_decorator.py
[2026-04-29T09:26:11.706+0300] {processor.py:840} INFO - DAG(s) 'example_task_group_decorator' retrieved from /mnt/d/airflow/airflow_project/airflow_venv/lib/python3.12/site-packages/airflow/example_dags/example_task_group_decorator.py
[2026-04-29T09:26:11.782+0300] {logging_mixin.py:188} INFO - [2026-04-29T09:26:11.779+0300] {dag.py:3089} INFO - Sync 1 DAGs
[2026-04-29T09:26:11.852+0300] {logging_mixin.py:188} INFO - [2026-04-29T09:26:11.849+0300] {dag.py:3947} INFO - Setting next_dagrun for example_task_group_decorator to 2026-04-28 00:00:00+00:00, run_after=2026-04-29 00:00:00+00:00
[2026-04-29T09:26:12.039+0300] {processor.py:183} INFO - Processing /mnt/d/airflow/airflow_project/airflow_venv/lib/python3.12/site-packages/airflow/example_dags/example_task_group_decorator.py took 0.460 seconds
[2026-04-29T09:27:24.954+0300] {processor.py:161} INFO - Started process (PID=30736) to work on /mnt/d/airflow/airflow_project/airflow_venv/lib/python3.12/site-packages/airflow/example_dags/example_task_group_decorator.py
[2026-04-29T09:27:24.958+0300] {processor.py:830} INFO - Processing file /mnt/d/airflow/airflow_project/airflow_venv/lib/python3.12/site-packages/airflow/example_dags/example_task_group_decorator.py for tasks to queue
[2026-04-29T09:27:24.967+0300] {logging_mixin.py:188} INFO - [2026-04-29T09:27:24.964+0300] {dagbag.py:545} INFO - Filling up the DagBag from /mnt/d/airflow/airflow_project/airflow_venv/lib/python3.12/site-packages/airflow/example_dags/example_task_group_decorator.py
[2026-04-29T09:27:25.050+0300] {processor.py:840} INFO - DAG(s) 'example_task_group_decorator' retrieved from /mnt/d/airflow/airflow_project/airflow_venv/lib/python3.12/site-packages/airflow/example_dags/example_task_group_decorator.py
[2026-04-29T09:27:25.136+0300] {logging_mixin.py:188} INFO - [2026-04-29T09:27:25.133+0300] {dag.py:3089} INFO - Sync 1 DAGs
[2026-04-29T09:27:25.210+0300] {logging_mixin.py:188} INFO - [2026-04-29T09:27:25.207+0300] {dag.py:3947} INFO - Setting next_dagrun for example_task_group_decorator to 2026-04-28 00:00:00+00:00, run_after=2026-04-29 00:00:00+00:00
[2026-04-29T09:27:25.448+0300] {processor.py:183} INFO - Processing /mnt/d/airflow/airflow_project/airflow_venv/lib/python3.12/site-packages/airflow/example_dags/example_task_group_decorator.py took 0.528 seconds
[2026-04-29T09:28:40.434+0300] {processor.py:161} INFO - Started process (PID=31166) to work on /mnt/d/airflow/airflow_project/airflow_venv/lib/python3.12/site-packages/airflow/example_dags/example_task_group_decorator.py
[2026-04-29T09:28:40.438+0300] {processor.py:830} INFO - Processing file /mnt/d/airflow/airflow_project/airflow_venv/lib/python3.12/site-packages/airflow/example_dags/example_task_group_decorator.py for tasks to queue
[2026-04-29T09:28:40.445+0300] {logging_mixin.py:188} INFO - [2026-04-29T09:28:40.443+0300] {dagbag.py:545} INFO - Filling up the DagBag from /mnt/d/airflow/airflow_project/airflow_venv/lib/python3.12/site-packages/airflow/example_dags/example_task_group_decorator.py
[2026-04-29T09:28:40.514+0300] {processor.py:840} INFO - DAG(s) 'example_task_group_decorator' retrieved from /mnt/d/airflow/airflow_project/airflow_venv/lib/python3.12/site-packages/airflow/example_dags/example_task_group_decorator.py
[2026-04-29T09:28:40.569+0300] {logging_mixin.py:188} INFO - [2026-04-29T09:28:40.568+0300] {dag.py:3089} INFO - Sync 1 DAGs
[2026-04-29T09:28:40.625+0300] {logging_mixin.py:188} INFO - [2026-04-29T09:28:40.622+0300] {dag.py:3947} INFO - Setting next_dagrun for example_task_group_decorator to 2026-04-28 00:00:00+00:00, run_after=2026-04-29 00:00:00+00:00
[2026-04-29T09:28:40.832+0300] {processor.py:183} INFO - Processing /mnt/d/airflow/airflow_project/airflow_venv/lib/python3.12/site-packages/airflow/example_dags/example_task_group_decorator.py took 0.425 seconds
[2026-04-29T09:30:10.901+0300] {processor.py:161} INFO - Started process (PID=31706) to work on /mnt/d/airflow/airflow_project/airflow_venv/lib/python3.12/site-packages/airflow/example_dags/example_task_group_decorator.py
[2026-04-29T09:30:10.906+0300] {processor.py:830} INFO - Processing file /mnt/d/airflow/airflow_project/airflow_venv/lib/python3.12/site-packages/airflow/example_dags/example_task_group_decorator.py for tasks to queue
[2026-04-29T09:30:10.914+0300] {logging_mixin.py:188} INFO - [2026-04-29T09:30:10.911+0300] {dagbag.py:545} INFO - Filling up the DagBag from /mnt/d/airflow/airflow_project/airflow_venv/lib/python3.12/site-packages/airflow/example_dags/example_task_group_decorator.py
[2026-04-29T09:30:11.261+0300] {processor.py:840} INFO - DAG(s) 'example_task_group_decorator' retrieved from /mnt/d/airflow/airflow_project/airflow_venv/lib/python3.12/site-packages/airflow/example_dags/example_task_group_decorator.py
[2026-04-29T09:30:11.429+0300] {logging_mixin.py:188} INFO - [2026-04-29T09:30:11.426+0300] {dag.py:3089} INFO - Sync 1 DAGs
[2026-04-29T09:30:11.507+0300] {logging_mixin.py:188} INFO - [2026-04-29T09:30:11.504+0300] {dag.py:3947} INFO - Setting next_dagrun for example_task_group_decorator to 2026-04-28 00:00:00+00:00, run_after=2026-04-29 00:00:00+00:00
[2026-04-29T09:30:11.798+0300] {processor.py:183} INFO - Processing /mnt/d/airflow/airflow_project/airflow_venv/lib/python3.12/site-packages/airflow/example_dags/example_task_group_decorator.py took 1.016 seconds
[2026-04-29T09:31:31.620+0300] {processor.py:161} INFO - Started process (PID=32193) to work on /mnt/d/airflow/airflow_project/airflow_venv/lib/python3.12/site-packages/airflow/example_dags/example_task_group_decorator.py
[2026-04-29T09:31:31.624+0300] {processor.py:830} INFO - Processing file /mnt/d/airflow/airflow_project/airflow_venv/lib/python3.12/site-packages/airflow/example_dags/example_task_group_decorator.py for tasks to queue
[2026-04-29T09:31:31.631+0300] {logging_mixin.py:188} INFO - [2026-04-29T09:31:31.628+0300] {dagbag.py:545} INFO - Filling up the DagBag from /mnt/d/airflow/airflow_project/airflow_venv/lib/python3.12/site-packages/airflow/example_dags/example_task_group_decorator.py
[2026-04-29T09:31:31.675+0300] {processor.py:840} INFO - DAG(s) 'example_task_group_decorator' retrieved from /mnt/d/airflow/airflow_project/airflow_venv/lib/python3.12/site-packages/airflow/example_dags/example_task_group_decorator.py
[2026-04-29T09:31:31.741+0300] {logging_mixin.py:188} INFO - [2026-04-29T09:31:31.739+0300] {dag.py:3089} INFO - Sync 1 DAGs
[2026-04-29T09:31:31.797+0300] {logging_mixin.py:188} INFO - [2026-04-29T09:31:31.796+0300] {dag.py:3947} INFO - Setting next_dagrun for example_task_group_decorator to 2026-04-28 00:00:00+00:00, run_after=2026-04-29 00:00:00+00:00
[2026-04-29T09:31:31.912+0300] {processor.py:183} INFO - Processing /mnt/d/airflow/airflow_project/airflow_venv/lib/python3.12/site-packages/airflow/example_dags/example_task_group_decorator.py took 0.311 seconds
[2026-04-29T09:32:40.193+0300] {processor.py:161} INFO - Started process (PID=32598) to work on /mnt/d/airflow/airflow_project/airflow_venv/lib/python3.12/site-packages/airflow/example_dags/example_task_group_decorator.py
[2026-04-29T09:32:40.198+0300] {processor.py:830} INFO - Processing file /mnt/d/airflow/airflow_project/airflow_venv/lib/python3.12/site-packages/airflow/example_dags/example_task_group_decorator.py for tasks to queue
[2026-04-29T09:32:40.205+0300] {logging_mixin.py:188} INFO - [2026-04-29T09:32:40.202+0300] {dagbag.py:545} INFO - Filling up the DagBag from /mnt/d/airflow/airflow_project/airflow_venv/lib/python3.12/site-packages/airflow/example_dags/example_task_group_decorator.py
[2026-04-29T09:32:40.285+0300] {processor.py:840} INFO - DAG(s) 'example_task_group_decorator' retrieved from /mnt/d/airflow/airflow_project/airflow_venv/lib/python3.12/site-packages/airflow/example_dags/example_task_group_decorator.py
[2026-04-29T09:32:40.351+0300] {logging_mixin.py:188} INFO - [2026-04-29T09:32:40.348+0300] {dag.py:3089} INFO - Sync 1 DAGs
[2026-04-29T09:32:40.424+0300] {logging_mixin.py:188} INFO - [2026-04-29T09:32:40.421+0300] {dag.py:3947} INFO - Setting next_dagrun for example_task_group_decorator to 2026-04-28 00:00:00+00:00, run_after=2026-04-29 00:00:00+00:00
[2026-04-29T09:32:40.649+0300] {processor.py:183} INFO - Processing /mnt/d/airflow/airflow_project/airflow_venv/lib/python3.12/site-packages/airflow/example_dags/example_task_group_decorator.py took 0.518 seconds
[2026-04-29T09:33:50.610+0300] {processor.py:161} INFO - Started process (PID=33022) to work on /mnt/d/airflow/airflow_project/airflow_venv/lib/python3.12/site-packages/airflow/example_dags/example_task_group_decorator.py
[2026-04-29T09:33:50.617+0300] {processor.py:830} INFO - Processing file /mnt/d/airflow/airflow_project/airflow_venv/lib/python3.12/site-packages/airflow/example_dags/example_task_group_decorator.py for tasks to queue
[2026-04-29T09:33:50.628+0300] {logging_mixin.py:188} INFO - [2026-04-29T09:33:50.620+0300] {dagbag.py:545} INFO - Filling up the DagBag from /mnt/d/airflow/airflow_project/airflow_venv/lib/python3.12/site-packages/airflow/example_dags/example_task_group_decorator.py
[2026-04-29T09:33:50.665+0300] {processor.py:840} INFO - DAG(s) 'example_task_group_decorator' retrieved from /mnt/d/airflow/airflow_project/airflow_venv/lib/python3.12/site-packages/airflow/example_dags/example_task_group_decorator.py
[2026-04-29T09:33:50.710+0300] {logging_mixin.py:188} INFO - [2026-04-29T09:33:50.708+0300] {dag.py:3089} INFO - Sync 1 DAGs
[2026-04-29T09:33:50.773+0300] {logging_mixin.py:188} INFO - [2026-04-29T09:33:50.771+0300] {dag.py:3947} INFO - Setting next_dagrun for example_task_group_decorator to 2026-04-28 00:00:00+00:00, run_after=2026-04-29 00:00:00+00:00
[2026-04-29T09:33:50.911+0300] {processor.py:183} INFO - Processing /mnt/d/airflow/airflow_project/airflow_venv/lib/python3.12/site-packages/airflow/example_dags/example_task_group_decorator.py took 0.319 seconds
[2026-04-29T09:35:03.000+0300] {processor.py:161} INFO - Started process (PID=33429) to work on /mnt/d/airflow/airflow_project/airflow_venv/lib/python3.12/site-packages/airflow/example_dags/example_task_group_decorator.py
[2026-04-29T09:35:03.003+0300] {processor.py:830} INFO - Processing file /mnt/d/airflow/airflow_project/airflow_venv/lib/python3.12/site-packages/airflow/example_dags/example_task_group_decorator.py for tasks to queue
[2026-04-29T09:35:03.009+0300] {logging_mixin.py:188} INFO - [2026-04-29T09:35:03.007+0300] {dagbag.py:545} INFO - Filling up the DagBag from /mnt/d/airflow/airflow_project/airflow_venv/lib/python3.12/site-packages/airflow/example_dags/example_task_group_decorator.py
[2026-04-29T09:35:03.070+0300] {processor.py:840} INFO - DAG(s) 'example_task_group_decorator' retrieved from /mnt/d/airflow/airflow_project/airflow_venv/lib/python3.12/site-packages/airflow/example_dags/example_task_group_decorator.py
[2026-04-29T09:35:03.117+0300] {logging_mixin.py:188} INFO - [2026-04-29T09:35:03.115+0300] {dag.py:3089} INFO - Sync 1 DAGs
[2026-04-29T09:35:03.159+0300] {logging_mixin.py:188} INFO - [2026-04-29T09:35:03.158+0300] {dag.py:3947} INFO - Setting next_dagrun for example_task_group_decorator to 2026-04-28 00:00:00+00:00, run_after=2026-04-29 00:00:00+00:00
[2026-04-29T09:35:03.320+0300] {processor.py:183} INFO - Processing /mnt/d/airflow/airflow_project/airflow_venv/lib/python3.12/site-packages/airflow/example_dags/example_task_group_decorator.py took 0.338 seconds
[2026-04-29T09:36:07.453+0300] {processor.py:161} INFO - Started process (PID=33834) to work on /mnt/d/airflow/airflow_project/airflow_venv/lib/python3.12/site-packages/airflow/example_dags/example_task_group_decorator.py
[2026-04-29T09:36:07.456+0300] {processor.py:830} INFO - Processing file /mnt/d/airflow/airflow_project/airflow_venv/lib/python3.12/site-packages/airflow/example_dags/example_task_group_decorator.py for tasks to queue
[2026-04-29T09:36:07.463+0300] {logging_mixin.py:188} INFO - [2026-04-29T09:36:07.461+0300] {dagbag.py:545} INFO - Filling up the DagBag from /mnt/d/airflow/airflow_project/airflow_venv/lib/python3.12/site-packages/airflow/example_dags/example_task_group_decorator.py
[2026-04-29T09:36:07.538+0300] {processor.py:840} INFO - DAG(s) 'example_task_group_decorator' retrieved from /mnt/d/airflow/airflow_project/airflow_venv/lib/python3.12/site-packages/airflow/example_dags/example_task_group_decorator.py
[2026-04-29T09:36:07.593+0300] {logging_mixin.py:188} INFO - [2026-04-29T09:36:07.591+0300] {dag.py:3089} INFO - Sync 1 DAGs
[2026-04-29T09:36:07.651+0300] {logging_mixin.py:188} INFO - [2026-04-29T09:36:07.648+0300] {dag.py:3947} INFO - Setting next_dagrun for example_task_group_decorator to 2026-04-28 00:00:00+00:00, run_after=2026-04-29 00:00:00+00:00
[2026-04-29T09:36:07.857+0300] {processor.py:183} INFO - Processing /mnt/d/airflow/airflow_project/airflow_venv/lib/python3.12/site-packages/airflow/example_dags/example_task_group_decorator.py took 0.432 seconds
[2026-04-29T09:37:06.442+0300] {processor.py:161} INFO - Started process (PID=34185) to work on /mnt/d/airflow/airflow_project/airflow_venv/lib/python3.12/site-packages/airflow/example_dags/example_task_group_decorator.py
[2026-04-29T09:37:06.444+0300] {processor.py:830} INFO - Processing file /mnt/d/airflow/airflow_project/airflow_venv/lib/python3.12/site-packages/airflow/example_dags/example_task_group_decorator.py for tasks to queue
[2026-04-29T09:37:06.450+0300] {logging_mixin.py:188} INFO - [2026-04-29T09:37:06.448+0300] {dagbag.py:545} INFO - Filling up the DagBag from /mnt/d/airflow/airflow_project/airflow_venv/lib/python3.12/site-packages/airflow/example_dags/example_task_group_decorator.py
[2026-04-29T09:37:06.491+0300] {processor.py:840} INFO - DAG(s) 'example_task_group_decorator' retrieved from /mnt/d/airflow/airflow_project/airflow_venv/lib/python3.12/site-packages/airflow/example_dags/example_task_group_decorator.py
[2026-04-29T09:37:06.534+0300] {logging_mixin.py:188} INFO - [2026-04-29T09:37:06.533+0300] {dag.py:3089} INFO - Sync 1 DAGs
[2026-04-29T09:37:06.571+0300] {logging_mixin.py:188} INFO - [2026-04-29T09:37:06.570+0300] {dag.py:3947} INFO - Setting next_dagrun for example_task_group_decorator to 2026-04-28 00:00:00+00:00, run_after=2026-04-29 00:00:00+00:00
[2026-04-29T09:37:06.657+0300] {processor.py:183} INFO - Processing /mnt/d/airflow/airflow_project/airflow_venv/lib/python3.12/site-packages/airflow/example_dags/example_task_group_decorator.py took 0.232 seconds
[2026-04-29T09:38:06.725+0300] {processor.py:161} INFO - Started process (PID=34564) to work on /mnt/d/airflow/airflow_project/airflow_venv/lib/python3.12/site-packages/airflow/example_dags/example_task_group_decorator.py
[2026-04-29T09:38:06.730+0300] {processor.py:830} INFO - Processing file /mnt/d/airflow/airflow_project/airflow_venv/lib/python3.12/site-packages/airflow/example_dags/example_task_group_decorator.py for tasks to queue
[2026-04-29T09:38:06.740+0300] {logging_mixin.py:188} INFO - [2026-04-29T09:38:06.736+0300] {dagbag.py:545} INFO - Filling up the DagBag from /mnt/d/airflow/airflow_project/airflow_venv/lib/python3.12/site-packages/airflow/example_dags/example_task_group_decorator.py
[2026-04-29T09:38:06.837+0300] {processor.py:840} INFO - DAG(s) 'example_task_group_decorator' retrieved from /mnt/d/airflow/airflow_project/airflow_venv/lib/python3.12/site-packages/airflow/example_dags/example_task_group_decorator.py
[2026-04-29T09:38:06.924+0300] {logging_mixin.py:188} INFO - [2026-04-29T09:38:06.922+0300] {dag.py:3089} INFO - Sync 1 DAGs
[2026-04-29T09:38:06.997+0300] {logging_mixin.py:188} INFO - [2026-04-29T09:38:06.995+0300] {dag.py:3947} INFO - Setting next_dagrun for example_task_group_decorator to 2026-04-28 00:00:00+00:00, run_after=2026-04-29 00:00:00+00:00
[2026-04-29T09:38:07.218+0300] {processor.py:183} INFO - Processing /mnt/d/airflow/airflow_project/airflow_venv/lib/python3.12/site-packages/airflow/example_dags/example_task_group_decorator.py took 0.533 seconds
[2026-04-29T09:39:15.277+0300] {processor.py:161} INFO - Started process (PID=34980) to work on /mnt/d/airflow/airflow_project/airflow_venv/lib/python3.12/site-packages/airflow/example_dags/example_task_group_decorator.py
[2026-04-29T09:39:15.279+0300] {processor.py:830} INFO - Processing file /mnt/d/airflow/airflow_project/airflow_venv/lib/python3.12/site-packages/airflow/example_dags/example_task_group_decorator.py for tasks to queue
[2026-04-29T09:39:15.284+0300] {logging_mixin.py:188} INFO - [2026-04-29T09:39:15.282+0300] {dagbag.py:545} INFO - Filling up the DagBag from /mnt/d/airflow/airflow_project/airflow_venv/lib/python3.12/site-packages/airflow/example_dags/example_task_group_decorator.py
[2026-04-29T09:39:15.357+0300] {processor.py:840} INFO - DAG(s) 'example_task_group_decorator' retrieved from /mnt/d/airflow/airflow_project/airflow_venv/lib/python3.12/site-packages/airflow/example_dags/example_task_group_decorator.py
[2026-04-29T09:39:15.406+0300] {logging_mixin.py:188} INFO - [2026-04-29T09:39:15.404+0300] {dag.py:3089} INFO - Sync 1 DAGs
[2026-04-29T09:39:15.468+0300] {logging_mixin.py:188} INFO - [2026-04-29T09:39:15.457+0300] {dag.py:3947} INFO - Setting next_dagrun for example_task_group_decorator to 2026-04-28 00:00:00+00:00, run_after=2026-04-29 00:00:00+00:00
[2026-04-29T09:39:15.656+0300] {processor.py:183} INFO - Processing /mnt/d/airflow/airflow_project/airflow_venv/lib/python3.12/site-packages/airflow/example_dags/example_task_group_decorator.py took 0.416 seconds
[2026-04-29T09:40:16.757+0300] {processor.py:161} INFO - Started process (PID=35337) to work on /mnt/d/airflow/airflow_project/airflow_venv/lib/python3.12/site-packages/airflow/example_dags/example_task_group_decorator.py
[2026-04-29T09:40:16.762+0300] {processor.py:830} INFO - Processing file /mnt/d/airflow/airflow_project/airflow_venv/lib/python3.12/site-packages/airflow/example_dags/example_task_group_decorator.py for tasks to queue
[2026-04-29T09:40:16.770+0300] {logging_mixin.py:188} INFO - [2026-04-29T09:40:16.767+0300] {dagbag.py:545} INFO - Filling up the DagBag from /mnt/d/airflow/airflow_project/airflow_venv/lib/python3.12/site-packages/airflow/example_dags/example_task_group_decorator.py
[2026-04-29T09:40:16.833+0300] {processor.py:840} INFO - DAG(s) 'example_task_group_decorator' retrieved from /mnt/d/airflow/airflow_project/airflow_venv/lib/python3.12/site-packages/airflow/example_dags/example_task_group_decorator.py
[2026-04-29T09:40:16.871+0300] {logging_mixin.py:188} INFO - [2026-04-29T09:40:16.870+0300] {dag.py:3089} INFO - Sync 1 DAGs
[2026-04-29T09:40:16.900+0300] {logging_mixin.py:188} INFO - [2026-04-29T09:40:16.899+0300] {dag.py:3947} INFO - Setting next_dagrun for example_task_group_decorator to 2026-04-28 00:00:00+00:00, run_after=2026-04-29 00:00:00+00:00
[2026-04-29T09:40:17.004+0300] {processor.py:183} INFO - Processing /mnt/d/airflow/airflow_project/airflow_venv/lib/python3.12/site-packages/airflow/example_dags/example_task_group_decorator.py took 0.281 seconds
[2026-04-29T09:41:13.204+0300] {processor.py:161} INFO - Started process (PID=35662) to work on /mnt/d/airflow/airflow_project/airflow_venv/lib/python3.12/site-packages/airflow/example_dags/example_task_group_decorator.py
[2026-04-29T09:41:13.207+0300] {processor.py:830} INFO - Processing file /mnt/d/airflow/airflow_project/airflow_venv/lib/python3.12/site-packages/airflow/example_dags/example_task_group_decorator.py for tasks to queue
[2026-04-29T09:41:13.211+0300] {logging_mixin.py:188} INFO - [2026-04-29T09:41:13.210+0300] {dagbag.py:545} INFO - Filling up the DagBag from /mnt/d/airflow/airflow_project/airflow_venv/lib/python3.12/site-packages/airflow/example_dags/example_task_group_decorator.py
[2026-04-29T09:41:13.253+0300] {processor.py:840} INFO - DAG(s) 'example_task_group_decorator' retrieved from /mnt/d/airflow/airflow_project/airflow_venv/lib/python3.12/site-packages/airflow/example_dags/example_task_group_decorator.py
[2026-04-29T09:41:13.320+0300] {logging_mixin.py:188} INFO - [2026-04-29T09:41:13.317+0300] {dag.py:3089} INFO - Sync 1 DAGs
[2026-04-29T09:41:13.365+0300] {logging_mixin.py:188} INFO - [2026-04-29T09:41:13.363+0300] {dag.py:3947} INFO - Setting next_dagrun for example_task_group_decorator to 2026-04-28 00:00:00+00:00, run_after=2026-04-29 00:00:00+00:00
[2026-04-29T09:41:13.527+0300] {processor.py:183} INFO - Processing /mnt/d/airflow/airflow_project/airflow_venv/lib/python3.12/site-packages/airflow/example_dags/example_task_group_decorator.py took 0.353 seconds
[2026-04-29T09:42:18.523+0300] {processor.py:161} INFO - Started process (PID=36019) to work on /mnt/d/airflow/airflow_project/airflow_venv/lib/python3.12/site-packages/airflow/example_dags/example_task_group_decorator.py
[2026-04-29T09:42:18.526+0300] {processor.py:830} INFO - Processing file /mnt/d/airflow/airflow_project/airflow_venv/lib/python3.12/site-packages/airflow/example_dags/example_task_group_decorator.py for tasks to queue
[2026-04-29T09:42:18.531+0300] {logging_mixin.py:188} INFO - [2026-04-29T09:42:18.529+0300] {dagbag.py:545} INFO - Filling up the DagBag from /mnt/d/airflow/airflow_project/airflow_venv/lib/python3.12/site-packages/airflow/example_dags/example_task_group_decorator.py
[2026-04-29T09:42:18.591+0300] {processor.py:840} INFO - DAG(s) 'example_task_group_decorator' retrieved from /mnt/d/airflow/airflow_project/airflow_venv/lib/python3.12/site-packages/airflow/example_dags/example_task_group_decorator.py
[2026-04-29T09:42:18.651+0300] {logging_mixin.py:188} INFO - [2026-04-29T09:42:18.649+0300] {dag.py:3089} INFO - Sync 1 DAGs
[2026-04-29T09:42:18.719+0300] {logging_mixin.py:188} INFO - [2026-04-29T09:42:18.716+0300] {dag.py:3947} INFO - Setting next_dagrun for example_task_group_decorator to 2026-04-28 00:00:00+00:00, run_after=2026-04-29 00:00:00+00:00
[2026-04-29T09:42:18.935+0300] {processor.py:183} INFO - Processing /mnt/d/airflow/airflow_project/airflow_venv/lib/python3.12/site-packages/airflow/example_dags/example_task_group_decorator.py took 0.436 seconds
[2026-04-29T09:43:22.622+0300] {processor.py:161} INFO - Started process (PID=36427) to work on /mnt/d/airflow/airflow_project/airflow_venv/lib/python3.12/site-packages/airflow/example_dags/example_task_group_decorator.py
[2026-04-29T09:43:22.624+0300] {processor.py:830} INFO - Processing file /mnt/d/airflow/airflow_project/airflow_venv/lib/python3.12/site-packages/airflow/example_dags/example_task_group_decorator.py for tasks to queue
[2026-04-29T09:43:22.629+0300] {logging_mixin.py:188} INFO - [2026-04-29T09:43:22.627+0300] {dagbag.py:545} INFO - Filling up the DagBag from /mnt/d/airflow/airflow_project/airflow_venv/lib/python3.12/site-packages/airflow/example_dags/example_task_group_decorator.py
[2026-04-29T09:43:22.672+0300] {processor.py:840} INFO - DAG(s) 'example_task_group_decorator' retrieved from /mnt/d/airflow/airflow_project/airflow_venv/lib/python3.12/site-packages/airflow/example_dags/example_task_group_decorator.py
[2026-04-29T09:43:22.720+0300] {logging_mixin.py:188} INFO - [2026-04-29T09:43:22.718+0300] {dag.py:3089} INFO - Sync 1 DAGs
[2026-04-29T09:43:22.762+0300] {logging_mixin.py:188} INFO - [2026-04-29T09:43:22.760+0300] {dag.py:3947} INFO - Setting next_dagrun for example_task_group_decorator to 2026-04-28 00:00:00+00:00, run_after=2026-04-29 00:00:00+00:00
[2026-04-29T09:43:22.863+0300] {processor.py:183} INFO - Processing /mnt/d/airflow/airflow_project/airflow_venv/lib/python3.12/site-packages/airflow/example_dags/example_task_group_decorator.py took 0.263 seconds
[2026-04-29T09:44:48.828+0300] {processor.py:161} INFO - Started process (PID=36932) to work on /mnt/d/airflow/airflow_project/airflow_venv/lib/python3.12/site-packages/airflow/example_dags/example_task_group_decorator.py
[2026-04-29T09:44:48.830+0300] {processor.py:830} INFO - Processing file /mnt/d/airflow/airflow_project/airflow_venv/lib/python3.12/site-packages/airflow/example_dags/example_task_group_decorator.py for tasks to queue
[2026-04-29T09:44:48.836+0300] {logging_mixin.py:188} INFO - [2026-04-29T09:44:48.834+0300] {dagbag.py:545} INFO - Filling up the DagBag from /mnt/d/airflow/airflow_project/airflow_venv/lib/python3.12/site-packages/airflow/example_dags/example_task_group_decorator.py
[2026-04-29T09:44:48.873+0300] {processor.py:840} INFO - DAG(s) 'example_task_group_decorator' retrieved from /mnt/d/airflow/airflow_project/airflow_venv/lib/python3.12/site-packages/airflow/example_dags/example_task_group_decorator.py
[2026-04-29T09:44:50.830+0300] {logging_mixin.py:188} INFO - [2026-04-29T09:44:50.828+0300] {dag.py:3089} INFO - Sync 1 DAGs
[2026-04-29T09:44:50.879+0300] {logging_mixin.py:188} INFO - [2026-04-29T09:44:50.877+0300] {dag.py:3947} INFO - Setting next_dagrun for example_task_group_decorator to 2026-04-28 00:00:00+00:00, run_after=2026-04-29 00:00:00+00:00
[2026-04-29T09:44:50.995+0300] {processor.py:183} INFO - Processing /mnt/d/airflow/airflow_project/airflow_venv/lib/python3.12/site-packages/airflow/example_dags/example_task_group_decorator.py took 2.182 seconds
[2026-04-29T09:46:25.950+0300] {processor.py:161} INFO - Started process (PID=37468) to work on /mnt/d/airflow/airflow_project/airflow_venv/lib/python3.12/site-packages/airflow/example_dags/example_task_group_decorator.py
[2026-04-29T09:46:25.954+0300] {processor.py:830} INFO - Processing file /mnt/d/airflow/airflow_project/airflow_venv/lib/python3.12/site-packages/airflow/example_dags/example_task_group_decorator.py for tasks to queue
[2026-04-29T09:46:25.965+0300] {logging_mixin.py:188} INFO - [2026-04-29T09:46:25.959+0300] {dagbag.py:545} INFO - Filling up the DagBag from /mnt/d/airflow/airflow_project/airflow_venv/lib/python3.12/site-packages/airflow/example_dags/example_task_group_decorator.py
[2026-04-29T09:46:26.043+0300] {processor.py:840} INFO - DAG(s) 'example_task_group_decorator' retrieved from /mnt/d/airflow/airflow_project/airflow_venv/lib/python3.12/site-packages/airflow/example_dags/example_task_group_decorator.py
[2026-04-29T09:46:26.114+0300] {logging_mixin.py:188} INFO - [2026-04-29T09:46:26.113+0300] {dag.py:3089} INFO - Sync 1 DAGs
[2026-04-29T09:46:26.160+0300] {logging_mixin.py:188} INFO - [2026-04-29T09:46:26.159+0300] {dag.py:3947} INFO - Setting next_dagrun for example_task_group_decorator to 2026-04-28 00:00:00+00:00, run_after=2026-04-29 00:00:00+00:00
[2026-04-29T09:46:26.258+0300] {processor.py:183} INFO - Processing /mnt/d/airflow/airflow_project/airflow_venv/lib/python3.12/site-packages/airflow/example_dags/example_task_group_decorator.py took 0.339 seconds
[2026-04-29T09:48:08.663+0300] {processor.py:161} INFO - Started process (PID=38039) to work on /mnt/d/airflow/airflow_project/airflow_venv/lib/python3.12/site-packages/airflow/example_dags/example_task_group_decorator.py
[2026-04-29T09:48:08.666+0300] {processor.py:830} INFO - Processing file /mnt/d/airflow/airflow_project/airflow_venv/lib/python3.12/site-packages/airflow/example_dags/example_task_group_decorator.py for tasks to queue
[2026-04-29T09:48:08.671+0300] {logging_mixin.py:188} INFO - [2026-04-29T09:48:08.669+0300] {dagbag.py:545} INFO - Filling up the DagBag from /mnt/d/airflow/airflow_project/airflow_venv/lib/python3.12/site-packages/airflow/example_dags/example_task_group_decorator.py
[2026-04-29T09:48:08.725+0300] {processor.py:840} INFO - DAG(s) 'example_task_group_decorator' retrieved from /mnt/d/airflow/airflow_project/airflow_venv/lib/python3.12/site-packages/airflow/example_dags/example_task_group_decorator.py
[2026-04-29T09:48:08.783+0300] {logging_mixin.py:188} INFO - [2026-04-29T09:48:08.781+0300] {dag.py:3089} INFO - Sync 1 DAGs
[2026-04-29T09:48:08.830+0300] {logging_mixin.py:188} INFO - [2026-04-29T09:48:08.828+0300] {dag.py:3947} INFO - Setting next_dagrun for example_task_group_decorator to 2026-04-28 00:00:00+00:00, run_after=2026-04-29 00:00:00+00:00
[2026-04-29T09:48:08.963+0300] {processor.py:183} INFO - Processing /mnt/d/airflow/airflow_project/airflow_venv/lib/python3.12/site-packages/airflow/example_dags/example_task_group_decorator.py took 0.329 seconds
[2026-04-29T09:49:20.822+0300] {processor.py:161} INFO - Started process (PID=38455) to work on /mnt/d/airflow/airflow_project/airflow_venv/lib/python3.12/site-packages/airflow/example_dags/example_task_group_decorator.py
[2026-04-29T09:49:20.825+0300] {processor.py:830} INFO - Processing file /mnt/d/airflow/airflow_project/airflow_venv/lib/python3.12/site-packages/airflow/example_dags/example_task_group_decorator.py for tasks to queue
[2026-04-29T09:49:20.834+0300] {logging_mixin.py:188} INFO - [2026-04-29T09:49:20.829+0300] {dagbag.py:545} INFO - Filling up the DagBag from /mnt/d/airflow/airflow_project/airflow_venv/lib/python3.12/site-packages/airflow/example_dags/example_task_group_decorator.py
[2026-04-29T09:49:20.883+0300] {processor.py:840} INFO - DAG(s) 'example_task_group_decorator' retrieved from /mnt/d/airflow/airflow_project/airflow_venv/lib/python3.12/site-packages/airflow/example_dags/example_task_group_decorator.py
[2026-04-29T09:49:20.930+0300] {logging_mixin.py:188} INFO - [2026-04-29T09:49:20.929+0300] {dag.py:3089} INFO - Sync 1 DAGs
[2026-04-29T09:49:20.970+0300] {logging_mixin.py:188} INFO - [2026-04-29T09:49:20.969+0300] {dag.py:3947} INFO - Setting next_dagrun for example_task_group_decorator to 2026-04-28 00:00:00+00:00, run_after=2026-04-29 00:00:00+00:00
[2026-04-29T09:49:21.054+0300] {processor.py:183} INFO - Processing /mnt/d/airflow/airflow_project/airflow_venv/lib/python3.12/site-packages/airflow/example_dags/example_task_group_decorator.py took 0.249 seconds
[2026-04-29T09:50:30.399+0300] {processor.py:161} INFO - Started process (PID=38838) to work on /mnt/d/airflow/airflow_project/airflow_venv/lib/python3.12/site-packages/airflow/example_dags/example_task_group_decorator.py
[2026-04-29T09:50:30.404+0300] {processor.py:830} INFO - Processing file /mnt/d/airflow/airflow_project/airflow_venv/lib/python3.12/site-packages/airflow/example_dags/example_task_group_decorator.py for tasks to queue
[2026-04-29T09:50:30.415+0300] {logging_mixin.py:188} INFO - [2026-04-29T09:50:30.408+0300] {dagbag.py:545} INFO - Filling up the DagBag from /mnt/d/airflow/airflow_project/airflow_venv/lib/python3.12/site-packages/airflow/example_dags/example_task_group_decorator.py
[2026-04-29T09:50:31.225+0300] {processor.py:840} INFO - DAG(s) 'example_task_group_decorator' retrieved from /mnt/d/airflow/airflow_project/airflow_venv/lib/python3.12/site-packages/airflow/example_dags/example_task_group_decorator.py
[2026-04-29T09:50:31.278+0300] {logging_mixin.py:188} INFO - [2026-04-29T09:50:31.277+0300] {dag.py:3089} INFO - Sync 1 DAGs
[2026-04-29T09:50:31.316+0300] {logging_mixin.py:188} INFO - [2026-04-29T09:50:31.315+0300] {dag.py:3947} INFO - Setting next_dagrun for example_task_group_decorator to 2026-04-28 00:00:00+00:00, run_after=2026-04-29 00:00:00+00:00
[2026-04-29T09:50:31.460+0300] {processor.py:183} INFO - Processing /mnt/d/airflow/airflow_project/airflow_venv/lib/python3.12/site-packages/airflow/example_dags/example_task_group_decorator.py took 0.399 seconds
[2026-04-29T09:51:40.589+0300] {processor.py:161} INFO - Started process (PID=39255) to work on /mnt/d/airflow/airflow_project/airflow_venv/lib/python3.12/site-packages/airflow/example_dags/example_task_group_decorator.py
[2026-04-29T09:51:40.599+0300] {processor.py:830} INFO - Processing file /mnt/d/airflow/airflow_project/airflow_venv/lib/python3.12/site-packages/airflow/example_dags/example_task_group_decorator.py for tasks to queue
[2026-04-29T09:51:40.605+0300] {logging_mixin.py:188} INFO - [2026-04-29T09:51:40.603+0300] {dagbag.py:545} INFO - Filling up the DagBag from /mnt/d/airflow/airflow_project/airflow_venv/lib/python3.12/site-packages/airflow/example_dags/example_task_group_decorator.py
[2026-04-29T09:51:40.673+0300] {processor.py:840} INFO - DAG(s) 'example_task_group_decorator' retrieved from /mnt/d/airflow/airflow_project/airflow_venv/lib/python3.12/site-packages/airflow/example_dags/example_task_group_decorator.py
[2026-04-29T09:51:40.746+0300] {logging_mixin.py:188} INFO - [2026-04-29T09:51:40.745+0300] {dag.py:3089} INFO - Sync 1 DAGs
[2026-04-29T09:51:40.792+0300] {logging_mixin.py:188} INFO - [2026-04-29T09:51:40.791+0300] {dag.py:3947} INFO - Setting next_dagrun for example_task_group_decorator to 2026-04-28 00:00:00+00:00, run_after=2026-04-29 00:00:00+00:00
[2026-04-29T09:51:41.155+0300] {processor.py:183} INFO - Processing /mnt/d/airflow/airflow_project/airflow_venv/lib/python3.12/site-packages/airflow/example_dags/example_task_group_decorator.py took 0.599 seconds
[2026-04-29T09:54:09.385+0300] {processor.py:161} INFO - Started process (PID=40069) to work on /mnt/d/airflow/airflow_project/airflow_venv/lib/python3.12/site-packages/airflow/example_dags/example_task_group_decorator.py
[2026-04-29T09:54:09.389+0300] {processor.py:830} INFO - Processing file /mnt/d/airflow/airflow_project/airflow_venv/lib/python3.12/site-packages/airflow/example_dags/example_task_group_decorator.py for tasks to queue
[2026-04-29T09:54:09.397+0300] {logging_mixin.py:188} INFO - [2026-04-29T09:54:09.394+0300] {dagbag.py:545} INFO - Filling up the DagBag from /mnt/d/airflow/airflow_project/airflow_venv/lib/python3.12/site-packages/airflow/example_dags/example_task_group_decorator.py
[2026-04-29T09:54:09.489+0300] {processor.py:840} INFO - DAG(s) 'example_task_group_decorator' retrieved from /mnt/d/airflow/airflow_project/airflow_venv/lib/python3.12/site-packages/airflow/example_dags/example_task_group_decorator.py
[2026-04-29T09:54:09.580+0300] {logging_mixin.py:188} INFO - [2026-04-29T09:54:09.577+0300] {dag.py:3089} INFO - Sync 1 DAGs
[2026-04-29T09:54:09.685+0300] {logging_mixin.py:188} INFO - [2026-04-29T09:54:09.681+0300] {dag.py:3947} INFO - Setting next_dagrun for example_task_group_decorator to 2026-04-28 00:00:00+00:00, run_after=2026-04-29 00:00:00+00:00
[2026-04-29T09:54:09.835+0300] {processor.py:183} INFO - Processing /mnt/d/airflow/airflow_project/airflow_venv/lib/python3.12/site-packages/airflow/example_dags/example_task_group_decorator.py took 0.483 seconds
[2026-04-29T09:55:52.533+0300] {processor.py:161} INFO - Started process (PID=40679) to work on /mnt/d/airflow/airflow_project/airflow_venv/lib/python3.12/site-packages/airflow/example_dags/example_task_group_decorator.py
[2026-04-29T09:55:52.538+0300] {processor.py:830} INFO - Processing file /mnt/d/airflow/airflow_project/airflow_venv/lib/python3.12/site-packages/airflow/example_dags/example_task_group_decorator.py for tasks to queue
[2026-04-29T09:55:52.544+0300] {logging_mixin.py:188} INFO - [2026-04-29T09:55:52.542+0300] {dagbag.py:545} INFO - Filling up the DagBag from /mnt/d/airflow/airflow_project/airflow_venv/lib/python3.12/site-packages/airflow/example_dags/example_task_group_decorator.py
[2026-04-29T09:55:52.614+0300] {processor.py:840} INFO - DAG(s) 'example_task_group_decorator' retrieved from /mnt/d/airflow/airflow_project/airflow_venv/lib/python3.12/site-packages/airflow/example_dags/example_task_group_decorator.py
[2026-04-29T09:55:52.665+0300] {logging_mixin.py:188} INFO - [2026-04-29T09:55:52.663+0300] {dag.py:3089} INFO - Sync 1 DAGs
[2026-04-29T09:55:52.714+0300] {logging_mixin.py:188} INFO - [2026-04-29T09:55:52.711+0300] {dag.py:3947} INFO - Setting next_dagrun for example_task_group_decorator to 2026-04-28 00:00:00+00:00, run_after=2026-04-29 00:00:00+00:00
[2026-04-29T09:55:52.881+0300] {processor.py:183} INFO - Processing /mnt/d/airflow/airflow_project/airflow_venv/lib/python3.12/site-packages/airflow/example_dags/example_task_group_decorator.py took 0.371 seconds
[2026-04-29T09:58:51.329+0300] {processor.py:161} INFO - Started process (PID=41717) to work on /mnt/d/airflow/airflow_project/airflow_venv/lib/python3.12/site-packages/airflow/example_dags/example_task_group_decorator.py
[2026-04-29T09:58:51.333+0300] {processor.py:830} INFO - Processing file /mnt/d/airflow/airflow_project/airflow_venv/lib/python3.12/site-packages/airflow/example_dags/example_task_group_decorator.py for tasks to queue
[2026-04-29T09:58:51.341+0300] {logging_mixin.py:188} INFO - [2026-04-29T09:58:51.338+0300] {dagbag.py:545} INFO - Filling up the DagBag from /mnt/d/airflow/airflow_project/airflow_venv/lib/python3.12/site-packages/airflow/example_dags/example_task_group_decorator.py
[2026-04-29T09:58:51.424+0300] {processor.py:840} INFO - DAG(s) 'example_task_group_decorator' retrieved from /mnt/d/airflow/airflow_project/airflow_venv/lib/python3.12/site-packages/airflow/example_dags/example_task_group_decorator.py
[2026-04-29T09:58:51.504+0300] {logging_mixin.py:188} INFO - [2026-04-29T09:58:51.500+0300] {dag.py:3089} INFO - Sync 1 DAGs
[2026-04-29T09:58:51.575+0300] {logging_mixin.py:188} INFO - [2026-04-29T09:58:51.572+0300] {dag.py:3947} INFO - Setting next_dagrun for example_task_group_decorator to 2026-04-28 00:00:00+00:00, run_after=2026-04-29 00:00:00+00:00
[2026-04-29T09:58:51.779+0300] {processor.py:183} INFO - Processing /mnt/d/airflow/airflow_project/airflow_venv/lib/python3.12/site-packages/airflow/example_dags/example_task_group_decorator.py took 0.486 seconds
[2026-04-29T10:00:27.598+0300] {processor.py:161} INFO - Started process (PID=42234) to work on /mnt/d/airflow/airflow_project/airflow_venv/lib/python3.12/site-packages/airflow/example_dags/example_task_group_decorator.py
[2026-04-29T10:00:27.602+0300] {processor.py:830} INFO - Processing file /mnt/d/airflow/airflow_project/airflow_venv/lib/python3.12/site-packages/airflow/example_dags/example_task_group_decorator.py for tasks to queue
[2026-04-29T10:00:27.608+0300] {logging_mixin.py:188} INFO - [2026-04-29T10:00:27.606+0300] {dagbag.py:545} INFO - Filling up the DagBag from /mnt/d/airflow/airflow_project/airflow_venv/lib/python3.12/site-packages/airflow/example_dags/example_task_group_decorator.py
[2026-04-29T10:00:27.647+0300] {processor.py:840} INFO - DAG(s) 'example_task_group_decorator' retrieved from /mnt/d/airflow/airflow_project/airflow_venv/lib/python3.12/site-packages/airflow/example_dags/example_task_group_decorator.py
[2026-04-29T10:00:27.698+0300] {logging_mixin.py:188} INFO - [2026-04-29T10:00:27.696+0300] {dag.py:3089} INFO - Sync 1 DAGs
[2026-04-29T10:00:27.923+0300] {logging_mixin.py:188} INFO - [2026-04-29T10:00:27.921+0300] {dag.py:3947} INFO - Setting next_dagrun for example_task_group_decorator to 2026-04-28 00:00:00+00:00, run_after=2026-04-29 00:00:00+00:00
[2026-04-29T10:00:28.037+0300] {processor.py:183} INFO - Processing /mnt/d/airflow/airflow_project/airflow_venv/lib/python3.12/site-packages/airflow/example_dags/example_task_group_decorator.py took 0.460 seconds
[2026-04-29T10:02:43.230+0300] {processor.py:161} INFO - Started process (PID=42967) to work on /mnt/d/airflow/airflow_project/airflow_venv/lib/python3.12/site-packages/airflow/example_dags/example_task_group_decorator.py
[2026-04-29T10:02:43.234+0300] {processor.py:830} INFO - Processing file /mnt/d/airflow/airflow_project/airflow_venv/lib/python3.12/site-packages/airflow/example_dags/example_task_group_decorator.py for tasks to queue
[2026-04-29T10:02:43.242+0300] {logging_mixin.py:188} INFO - [2026-04-29T10:02:43.239+0300] {dagbag.py:545} INFO - Filling up the DagBag from /mnt/d/airflow/airflow_project/airflow_venv/lib/python3.12/site-packages/airflow/example_dags/example_task_group_decorator.py
[2026-04-29T10:02:43.304+0300] {processor.py:840} INFO - DAG(s) 'example_task_group_decorator' retrieved from /mnt/d/airflow/airflow_project/airflow_venv/lib/python3.12/site-packages/airflow/example_dags/example_task_group_decorator.py
[2026-04-29T10:02:43.366+0300] {logging_mixin.py:188} INFO - [2026-04-29T10:02:43.364+0300] {dag.py:3089} INFO - Sync 1 DAGs
[2026-04-29T10:02:43.423+0300] {logging_mixin.py:188} INFO - [2026-04-29T10:02:43.421+0300] {dag.py:3947} INFO - Setting next_dagrun for example_task_group_decorator to 2026-04-28 00:00:00+00:00, run_after=2026-04-29 00:00:00+00:00
[2026-04-29T10:02:43.626+0300] {processor.py:183} INFO - Processing /mnt/d/airflow/airflow_project/airflow_venv/lib/python3.12/site-packages/airflow/example_dags/example_task_group_decorator.py took 0.427 seconds
[2026-04-29T10:04:25.993+0300] {processor.py:161} INFO - Started process (PID=43571) to work on /mnt/d/airflow/airflow_project/airflow_venv/lib/python3.12/site-packages/airflow/example_dags/example_task_group_decorator.py
[2026-04-29T10:04:25.997+0300] {processor.py:830} INFO - Processing file /mnt/d/airflow/airflow_project/airflow_venv/lib/python3.12/site-packages/airflow/example_dags/example_task_group_decorator.py for tasks to queue
[2026-04-29T10:04:26.005+0300] {logging_mixin.py:188} INFO - [2026-04-29T10:04:26.002+0300] {dagbag.py:545} INFO - Filling up the DagBag from /mnt/d/airflow/airflow_project/airflow_venv/lib/python3.12/site-packages/airflow/example_dags/example_task_group_decorator.py
[2026-04-29T10:04:26.077+0300] {processor.py:840} INFO - DAG(s) 'example_task_group_decorator' retrieved from /mnt/d/airflow/airflow_project/airflow_venv/lib/python3.12/site-packages/airflow/example_dags/example_task_group_decorator.py
[2026-04-29T10:04:26.130+0300] {logging_mixin.py:188} INFO - [2026-04-29T10:04:26.127+0300] {dag.py:3089} INFO - Sync 1 DAGs
[2026-04-29T10:04:26.301+0300] {logging_mixin.py:188} INFO - [2026-04-29T10:04:26.299+0300] {dag.py:3947} INFO - Setting next_dagrun for example_task_group_decorator to 2026-04-28 00:00:00+00:00, run_after=2026-04-29 00:00:00+00:00
[2026-04-29T10:04:26.449+0300] {processor.py:183} INFO - Processing /mnt/d/airflow/airflow_project/airflow_venv/lib/python3.12/site-packages/airflow/example_dags/example_task_group_decorator.py took 0.485 seconds
[2026-04-29T10:05:31.496+0300] {processor.py:161} INFO - Started process (PID=43931) to work on /mnt/d/airflow/airflow_project/airflow_venv/lib/python3.12/site-packages/airflow/example_dags/example_task_group_decorator.py
[2026-04-29T10:05:31.500+0300] {processor.py:830} INFO - Processing file /mnt/d/airflow/airflow_project/airflow_venv/lib/python3.12/site-packages/airflow/example_dags/example_task_group_decorator.py for tasks to queue
[2026-04-29T10:05:31.508+0300] {logging_mixin.py:188} INFO - [2026-04-29T10:05:31.505+0300] {dagbag.py:545} INFO - Filling up the DagBag from /mnt/d/airflow/airflow_project/airflow_venv/lib/python3.12/site-packages/airflow/example_dags/example_task_group_decorator.py
[2026-04-29T10:05:31.572+0300] {processor.py:840} INFO - DAG(s) 'example_task_group_decorator' retrieved from /mnt/d/airflow/airflow_project/airflow_venv/lib/python3.12/site-packages/airflow/example_dags/example_task_group_decorator.py
[2026-04-29T10:05:31.635+0300] {logging_mixin.py:188} INFO - [2026-04-29T10:05:31.633+0300] {dag.py:3089} INFO - Sync 1 DAGs
[2026-04-29T10:05:31.692+0300] {logging_mixin.py:188} INFO - [2026-04-29T10:05:31.690+0300] {dag.py:3947} INFO - Setting next_dagrun for example_task_group_decorator to 2026-04-28 00:00:00+00:00, run_after=2026-04-29 00:00:00+00:00
[2026-04-29T10:05:31.891+0300] {processor.py:183} INFO - Processing /mnt/d/airflow/airflow_project/airflow_venv/lib/python3.12/site-packages/airflow/example_dags/example_task_group_decorator.py took 0.423 seconds
[2026-04-29T10:06:37.848+0300] {processor.py:161} INFO - Started process (PID=44302) to work on /mnt/d/airflow/airflow_project/airflow_venv/lib/python3.12/site-packages/airflow/example_dags/example_task_group_decorator.py
[2026-04-29T10:06:37.854+0300] {processor.py:830} INFO - Processing file /mnt/d/airflow/airflow_project/airflow_venv/lib/python3.12/site-packages/airflow/example_dags/example_task_group_decorator.py for tasks to queue
[2026-04-29T10:06:37.862+0300] {logging_mixin.py:188} INFO - [2026-04-29T10:06:37.859+0300] {dagbag.py:545} INFO - Filling up the DagBag from /mnt/d/airflow/airflow_project/airflow_venv/lib/python3.12/site-packages/airflow/example_dags/example_task_group_decorator.py
[2026-04-29T10:06:37.948+0300] {processor.py:840} INFO - DAG(s) 'example_task_group_decorator' retrieved from /mnt/d/airflow/airflow_project/airflow_venv/lib/python3.12/site-packages/airflow/example_dags/example_task_group_decorator.py
[2026-04-29T10:06:38.026+0300] {logging_mixin.py:188} INFO - [2026-04-29T10:06:38.023+0300] {dag.py:3089} INFO - Sync 1 DAGs
[2026-04-29T10:06:38.226+0300] {logging_mixin.py:188} INFO - [2026-04-29T10:06:38.222+0300] {dag.py:3947} INFO - Setting next_dagrun for example_task_group_decorator to 2026-04-28 00:00:00+00:00, run_after=2026-04-29 00:00:00+00:00
[2026-04-29T10:06:38.349+0300] {processor.py:183} INFO - Processing /mnt/d/airflow/airflow_project/airflow_venv/lib/python3.12/site-packages/airflow/example_dags/example_task_group_decorator.py took 0.535 seconds
[2026-04-29T10:07:47.435+0300] {processor.py:161} INFO - Started process (PID=44700) to work on /mnt/d/airflow/airflow_project/airflow_venv/lib/python3.12/site-packages/airflow/example_dags/example_task_group_decorator.py
[2026-04-29T10:07:47.438+0300] {processor.py:830} INFO - Processing file /mnt/d/airflow/airflow_project/airflow_venv/lib/python3.12/site-packages/airflow/example_dags/example_task_group_decorator.py for tasks to queue
[2026-04-29T10:07:47.445+0300] {logging_mixin.py:188} INFO - [2026-04-29T10:07:47.444+0300] {dagbag.py:545} INFO - Filling up the DagBag from /mnt/d/airflow/airflow_project/airflow_venv/lib/python3.12/site-packages/airflow/example_dags/example_task_group_decorator.py
[2026-04-29T10:07:47.496+0300] {processor.py:840} INFO - DAG(s) 'example_task_group_decorator' retrieved from /mnt/d/airflow/airflow_project/airflow_venv/lib/python3.12/site-packages/airflow/example_dags/example_task_group_decorator.py
[2026-04-29T10:07:47.664+0300] {logging_mixin.py:188} INFO - [2026-04-29T10:07:47.662+0300] {dag.py:3089} INFO - Sync 1 DAGs
[2026-04-29T10:07:47.711+0300] {logging_mixin.py:188} INFO - [2026-04-29T10:07:47.708+0300] {dag.py:3947} INFO - Setting next_dagrun for example_task_group_decorator to 2026-04-28 00:00:00+00:00, run_after=2026-04-29 00:00:00+00:00
[2026-04-29T10:07:47.847+0300] {processor.py:183} INFO - Processing /mnt/d/airflow/airflow_project/airflow_venv/lib/python3.12/site-packages/airflow/example_dags/example_task_group_decorator.py took 0.438 seconds
[2026-04-29T10:08:49.316+0300] {processor.py:161} INFO - Started process (PID=45040) to work on /mnt/d/airflow/airflow_project/airflow_venv/lib/python3.12/site-packages/airflow/example_dags/example_task_group_decorator.py
[2026-04-29T10:08:49.320+0300] {processor.py:830} INFO - Processing file /mnt/d/airflow/airflow_project/airflow_venv/lib/python3.12/site-packages/airflow/example_dags/example_task_group_decorator.py for tasks to queue
[2026-04-29T10:08:49.328+0300] {logging_mixin.py:188} INFO - [2026-04-29T10:08:49.326+0300] {dagbag.py:545} INFO - Filling up the DagBag from /mnt/d/airflow/airflow_project/airflow_venv/lib/python3.12/site-packages/airflow/example_dags/example_task_group_decorator.py
[2026-04-29T10:08:49.395+0300] {processor.py:840} INFO - DAG(s) 'example_task_group_decorator' retrieved from /mnt/d/airflow/airflow_project/airflow_venv/lib/python3.12/site-packages/airflow/example_dags/example_task_group_decorator.py
[2026-04-29T10:08:49.466+0300] {logging_mixin.py:188} INFO - [2026-04-29T10:08:49.462+0300] {dag.py:3089} INFO - Sync 1 DAGs
[2026-04-29T10:08:49.518+0300] {logging_mixin.py:188} INFO - [2026-04-29T10:08:49.517+0300] {dag.py:3947} INFO - Setting next_dagrun for example_task_group_decorator to 2026-04-28 00:00:00+00:00, run_after=2026-04-29 00:00:00+00:00
[2026-04-29T10:08:49.642+0300] {processor.py:183} INFO - Processing /mnt/d/airflow/airflow_project/airflow_venv/lib/python3.12/site-packages/airflow/example_dags/example_task_group_decorator.py took 0.360 seconds
[2026-04-29T10:09:48.907+0300] {processor.py:161} INFO - Started process (PID=45370) to work on /mnt/d/airflow/airflow_project/airflow_venv/lib/python3.12/site-packages/airflow/example_dags/example_task_group_decorator.py
[2026-04-29T10:09:48.911+0300] {processor.py:830} INFO - Processing file /mnt/d/airflow/airflow_project/airflow_venv/lib/python3.12/site-packages/airflow/example_dags/example_task_group_decorator.py for tasks to queue
[2026-04-29T10:09:48.920+0300] {logging_mixin.py:188} INFO - [2026-04-29T10:09:48.917+0300] {dagbag.py:545} INFO - Filling up the DagBag from /mnt/d/airflow/airflow_project/airflow_venv/lib/python3.12/site-packages/airflow/example_dags/example_task_group_decorator.py
[2026-04-29T10:09:49.002+0300] {processor.py:840} INFO - DAG(s) 'example_task_group_decorator' retrieved from /mnt/d/airflow/airflow_project/airflow_venv/lib/python3.12/site-packages/airflow/example_dags/example_task_group_decorator.py
[2026-04-29T10:09:49.061+0300] {logging_mixin.py:188} INFO - [2026-04-29T10:09:49.059+0300] {dag.py:3089} INFO - Sync 1 DAGs
[2026-04-29T10:09:49.115+0300] {logging_mixin.py:188} INFO - [2026-04-29T10:09:49.113+0300] {dag.py:3947} INFO - Setting next_dagrun for example_task_group_decorator to 2026-04-28 00:00:00+00:00, run_after=2026-04-29 00:00:00+00:00
[2026-04-29T10:09:49.328+0300] {processor.py:183} INFO - Processing /mnt/d/airflow/airflow_project/airflow_venv/lib/python3.12/site-packages/airflow/example_dags/example_task_group_decorator.py took 0.444 seconds
[2026-04-29T10:10:53.904+0300] {processor.py:161} INFO - Started process (PID=45730) to work on /mnt/d/airflow/airflow_project/airflow_venv/lib/python3.12/site-packages/airflow/example_dags/example_task_group_decorator.py
[2026-04-29T10:10:53.909+0300] {processor.py:830} INFO - Processing file /mnt/d/airflow/airflow_project/airflow_venv/lib/python3.12/site-packages/airflow/example_dags/example_task_group_decorator.py for tasks to queue
[2026-04-29T10:10:53.916+0300] {logging_mixin.py:188} INFO - [2026-04-29T10:10:53.913+0300] {dagbag.py:545} INFO - Filling up the DagBag from /mnt/d/airflow/airflow_project/airflow_venv/lib/python3.12/site-packages/airflow/example_dags/example_task_group_decorator.py
[2026-04-29T10:10:53.985+0300] {processor.py:840} INFO - DAG(s) 'example_task_group_decorator' retrieved from /mnt/d/airflow/airflow_project/airflow_venv/lib/python3.12/site-packages/airflow/example_dags/example_task_group_decorator.py
[2026-04-29T10:10:54.036+0300] {logging_mixin.py:188} INFO - [2026-04-29T10:10:54.034+0300] {dag.py:3089} INFO - Sync 1 DAGs
[2026-04-29T10:10:54.077+0300] {logging_mixin.py:188} INFO - [2026-04-29T10:10:54.076+0300] {dag.py:3947} INFO - Setting next_dagrun for example_task_group_decorator to 2026-04-28 00:00:00+00:00, run_after=2026-04-29 00:00:00+00:00
[2026-04-29T10:10:54.909+0300] {processor.py:183} INFO - Processing /mnt/d/airflow/airflow_project/airflow_venv/lib/python3.12/site-packages/airflow/example_dags/example_task_group_decorator.py took 0.398 seconds
[2026-04-29T10:12:06.253+0300] {processor.py:161} INFO - Started process (PID=46120) to work on /mnt/d/airflow/airflow_project/airflow_venv/lib/python3.12/site-packages/airflow/example_dags/example_task_group_decorator.py
[2026-04-29T10:12:06.255+0300] {processor.py:830} INFO - Processing file /mnt/d/airflow/airflow_project/airflow_venv/lib/python3.12/site-packages/airflow/example_dags/example_task_group_decorator.py for tasks to queue
[2026-04-29T10:12:06.259+0300] {logging_mixin.py:188} INFO - [2026-04-29T10:12:06.258+0300] {dagbag.py:545} INFO - Filling up the DagBag from /mnt/d/airflow/airflow_project/airflow_venv/lib/python3.12/site-packages/airflow/example_dags/example_task_group_decorator.py
[2026-04-29T10:12:06.305+0300] {processor.py:840} INFO - DAG(s) 'example_task_group_decorator' retrieved from /mnt/d/airflow/airflow_project/airflow_venv/lib/python3.12/site-packages/airflow/example_dags/example_task_group_decorator.py
[2026-04-29T10:12:06.372+0300] {logging_mixin.py:188} INFO - [2026-04-29T10:12:06.370+0300] {dag.py:3089} INFO - Sync 1 DAGs
[2026-04-29T10:12:06.411+0300] {logging_mixin.py:188} INFO - [2026-04-29T10:12:06.410+0300] {dag.py:3947} INFO - Setting next_dagrun for example_task_group_decorator to 2026-04-28 00:00:00+00:00, run_after=2026-04-29 00:00:00+00:00
[2026-04-29T10:12:06.647+0300] {processor.py:183} INFO - Processing /mnt/d/airflow/airflow_project/airflow_venv/lib/python3.12/site-packages/airflow/example_dags/example_task_group_decorator.py took 0.424 seconds
[2026-04-29T10:13:05.595+0300] {processor.py:161} INFO - Started process (PID=46470) to work on /mnt/d/airflow/airflow_project/airflow_venv/lib/python3.12/site-packages/airflow/example_dags/example_task_group_decorator.py
[2026-04-29T10:13:05.597+0300] {processor.py:830} INFO - Processing file /mnt/d/airflow/airflow_project/airflow_venv/lib/python3.12/site-packages/airflow/example_dags/example_task_group_decorator.py for tasks to queue
[2026-04-29T10:13:05.601+0300] {logging_mixin.py:188} INFO - [2026-04-29T10:13:05.600+0300] {dagbag.py:545} INFO - Filling up the DagBag from /mnt/d/airflow/airflow_project/airflow_venv/lib/python3.12/site-packages/airflow/example_dags/example_task_group_decorator.py
[2026-04-29T10:13:05.638+0300] {processor.py:840} INFO - DAG(s) 'example_task_group_decorator' retrieved from /mnt/d/airflow/airflow_project/airflow_venv/lib/python3.12/site-packages/airflow/example_dags/example_task_group_decorator.py
[2026-04-29T10:13:05.676+0300] {logging_mixin.py:188} INFO - [2026-04-29T10:13:05.675+0300] {dag.py:3089} INFO - Sync 1 DAGs
[2026-04-29T10:13:05.709+0300] {logging_mixin.py:188} INFO - [2026-04-29T10:13:05.708+0300] {dag.py:3947} INFO - Setting next_dagrun for example_task_group_decorator to 2026-04-28 00:00:00+00:00, run_after=2026-04-29 00:00:00+00:00
[2026-04-29T10:13:05.789+0300] {processor.py:183} INFO - Processing /mnt/d/airflow/airflow_project/airflow_venv/lib/python3.12/site-packages/airflow/example_dags/example_task_group_decorator.py took 0.208 seconds
