[2026-04-29T09:16:36.213+0300] {processor.py:161} INFO - Started process (PID=26989) to work on /mnt/d/airflow/airflow_project/airflow_venv/lib/python3.12/site-packages/airflow/example_dags/example_bash_operator.py
[2026-04-29T09:16:36.217+0300] {processor.py:830} INFO - Processing file /mnt/d/airflow/airflow_project/airflow_venv/lib/python3.12/site-packages/airflow/example_dags/example_bash_operator.py for tasks to queue
[2026-04-29T09:16:36.224+0300] {logging_mixin.py:188} INFO - [2026-04-29T09:16:36.221+0300] {dagbag.py:545} INFO - Filling up the DagBag from /mnt/d/airflow/airflow_project/airflow_venv/lib/python3.12/site-packages/airflow/example_dags/example_bash_operator.py
[2026-04-29T09:16:36.302+0300] {processor.py:840} INFO - DAG(s) 'example_bash_operator' retrieved from /mnt/d/airflow/airflow_project/airflow_venv/lib/python3.12/site-packages/airflow/example_dags/example_bash_operator.py
[2026-04-29T09:16:37.845+0300] {logging_mixin.py:188} INFO - [2026-04-29T09:16:37.844+0300] {override.py:1858} INFO - Created Permission View: can edit on DAG:example_bash_operator
[2026-04-29T09:16:37.889+0300] {logging_mixin.py:188} INFO - [2026-04-29T09:16:37.888+0300] {override.py:1858} INFO - Created Permission View: can delete on DAG:example_bash_operator
[2026-04-29T09:16:37.928+0300] {logging_mixin.py:188} INFO - [2026-04-29T09:16:37.927+0300] {override.py:1858} INFO - Created Permission View: can read on DAG:example_bash_operator
[2026-04-29T09:16:37.930+0300] {logging_mixin.py:188} INFO - [2026-04-29T09:16:37.929+0300] {dag.py:3089} INFO - Sync 1 DAGs
[2026-04-29T09:16:37.943+0300] {logging_mixin.py:188} INFO - [2026-04-29T09:16:37.942+0300] {dag.py:3111} INFO - Creating ORM DAG for example_bash_operator
[2026-04-29T09:16:37.959+0300] {logging_mixin.py:188} INFO - [2026-04-29T09:16:37.958+0300] {dag.py:3947} INFO - Setting next_dagrun for example_bash_operator to 2026-04-28 00:00:00+00:00, run_after=2026-04-29 00:00:00+00:00
[2026-04-29T09:16:38.009+0300] {processor.py:183} INFO - Processing /mnt/d/airflow/airflow_project/airflow_venv/lib/python3.12/site-packages/airflow/example_dags/example_bash_operator.py took 1.821 seconds
[2026-04-29T09:18:55.199+0300] {processor.py:161} INFO - Started process (PID=27815) to work on /mnt/d/airflow/airflow_project/airflow_venv/lib/python3.12/site-packages/airflow/example_dags/example_bash_operator.py
[2026-04-29T09:18:55.204+0300] {processor.py:830} INFO - Processing file /mnt/d/airflow/airflow_project/airflow_venv/lib/python3.12/site-packages/airflow/example_dags/example_bash_operator.py for tasks to queue
[2026-04-29T09:18:55.215+0300] {logging_mixin.py:188} INFO - [2026-04-29T09:18:55.210+0300] {dagbag.py:545} INFO - Filling up the DagBag from /mnt/d/airflow/airflow_project/airflow_venv/lib/python3.12/site-packages/airflow/example_dags/example_bash_operator.py
[2026-04-29T09:18:55.312+0300] {processor.py:840} INFO - DAG(s) 'example_bash_operator' retrieved from /mnt/d/airflow/airflow_project/airflow_venv/lib/python3.12/site-packages/airflow/example_dags/example_bash_operator.py
[2026-04-29T09:18:55.368+0300] {logging_mixin.py:188} INFO - [2026-04-29T09:18:55.366+0300] {dag.py:3089} INFO - Sync 1 DAGs
[2026-04-29T09:18:55.396+0300] {logging_mixin.py:188} INFO - [2026-04-29T09:18:55.393+0300] {dag.py:3947} INFO - Setting next_dagrun for example_bash_operator to 2026-04-28 00:00:00+00:00, run_after=2026-04-29 00:00:00+00:00
[2026-04-29T09:18:55.528+0300] {processor.py:183} INFO - Processing /mnt/d/airflow/airflow_project/airflow_venv/lib/python3.12/site-packages/airflow/example_dags/example_bash_operator.py took 0.365 seconds
[2026-04-29T09:21:17.758+0300] {processor.py:161} INFO - Started process (PID=28654) to work on /mnt/d/airflow/airflow_project/airflow_venv/lib/python3.12/site-packages/airflow/example_dags/example_bash_operator.py
[2026-04-29T09:21:17.762+0300] {processor.py:830} INFO - Processing file /mnt/d/airflow/airflow_project/airflow_venv/lib/python3.12/site-packages/airflow/example_dags/example_bash_operator.py for tasks to queue
[2026-04-29T09:21:17.771+0300] {logging_mixin.py:188} INFO - [2026-04-29T09:21:17.768+0300] {dagbag.py:545} INFO - Filling up the DagBag from /mnt/d/airflow/airflow_project/airflow_venv/lib/python3.12/site-packages/airflow/example_dags/example_bash_operator.py
[2026-04-29T09:21:17.891+0300] {processor.py:840} INFO - DAG(s) 'example_bash_operator' retrieved from /mnt/d/airflow/airflow_project/airflow_venv/lib/python3.12/site-packages/airflow/example_dags/example_bash_operator.py
[2026-04-29T09:21:17.972+0300] {logging_mixin.py:188} INFO - [2026-04-29T09:21:17.970+0300] {dag.py:3089} INFO - Sync 1 DAGs
[2026-04-29T09:21:18.006+0300] {logging_mixin.py:188} INFO - [2026-04-29T09:21:18.004+0300] {dag.py:3947} INFO - Setting next_dagrun for example_bash_operator to 2026-04-28 00:00:00+00:00, run_after=2026-04-29 00:00:00+00:00
[2026-04-29T09:21:18.140+0300] {processor.py:183} INFO - Processing /mnt/d/airflow/airflow_project/airflow_venv/lib/python3.12/site-packages/airflow/example_dags/example_bash_operator.py took 0.415 seconds
[2026-04-29T09:23:15.167+0300] {processor.py:161} INFO - Started process (PID=29337) to work on /mnt/d/airflow/airflow_project/airflow_venv/lib/python3.12/site-packages/airflow/example_dags/example_bash_operator.py
[2026-04-29T09:23:15.171+0300] {processor.py:830} INFO - Processing file /mnt/d/airflow/airflow_project/airflow_venv/lib/python3.12/site-packages/airflow/example_dags/example_bash_operator.py for tasks to queue
[2026-04-29T09:23:15.178+0300] {logging_mixin.py:188} INFO - [2026-04-29T09:23:15.176+0300] {dagbag.py:545} INFO - Filling up the DagBag from /mnt/d/airflow/airflow_project/airflow_venv/lib/python3.12/site-packages/airflow/example_dags/example_bash_operator.py
[2026-04-29T09:23:15.274+0300] {processor.py:840} INFO - DAG(s) 'example_bash_operator' retrieved from /mnt/d/airflow/airflow_project/airflow_venv/lib/python3.12/site-packages/airflow/example_dags/example_bash_operator.py
[2026-04-29T09:23:15.369+0300] {logging_mixin.py:188} INFO - [2026-04-29T09:23:15.367+0300] {dag.py:3089} INFO - Sync 1 DAGs
[2026-04-29T09:23:15.421+0300] {logging_mixin.py:188} INFO - [2026-04-29T09:23:15.418+0300] {dag.py:3947} INFO - Setting next_dagrun for example_bash_operator to 2026-04-28 00:00:00+00:00, run_after=2026-04-29 00:00:00+00:00
[2026-04-29T09:23:15.623+0300] {processor.py:183} INFO - Processing /mnt/d/airflow/airflow_project/airflow_venv/lib/python3.12/site-packages/airflow/example_dags/example_bash_operator.py took 0.489 seconds
[2026-04-29T09:25:34.557+0300] {processor.py:161} INFO - Started process (PID=30117) to work on /mnt/d/airflow/airflow_project/airflow_venv/lib/python3.12/site-packages/airflow/example_dags/example_bash_operator.py
[2026-04-29T09:25:34.562+0300] {processor.py:830} INFO - Processing file /mnt/d/airflow/airflow_project/airflow_venv/lib/python3.12/site-packages/airflow/example_dags/example_bash_operator.py for tasks to queue
[2026-04-29T09:25:34.571+0300] {logging_mixin.py:188} INFO - [2026-04-29T09:25:34.568+0300] {dagbag.py:545} INFO - Filling up the DagBag from /mnt/d/airflow/airflow_project/airflow_venv/lib/python3.12/site-packages/airflow/example_dags/example_bash_operator.py
[2026-04-29T09:25:34.664+0300] {processor.py:840} INFO - DAG(s) 'example_bash_operator' retrieved from /mnt/d/airflow/airflow_project/airflow_venv/lib/python3.12/site-packages/airflow/example_dags/example_bash_operator.py
[2026-04-29T09:25:34.727+0300] {logging_mixin.py:188} INFO - [2026-04-29T09:25:34.726+0300] {dag.py:3089} INFO - Sync 1 DAGs
[2026-04-29T09:25:34.774+0300] {logging_mixin.py:188} INFO - [2026-04-29T09:25:34.772+0300] {dag.py:3947} INFO - Setting next_dagrun for example_bash_operator to 2026-04-28 00:00:00+00:00, run_after=2026-04-29 00:00:00+00:00
[2026-04-29T09:25:34.982+0300] {processor.py:183} INFO - Processing /mnt/d/airflow/airflow_project/airflow_venv/lib/python3.12/site-packages/airflow/example_dags/example_bash_operator.py took 0.459 seconds
[2026-04-29T09:27:59.616+0300] {processor.py:161} INFO - Started process (PID=30931) to work on /mnt/d/airflow/airflow_project/airflow_venv/lib/python3.12/site-packages/airflow/example_dags/example_bash_operator.py
[2026-04-29T09:27:59.622+0300] {processor.py:830} INFO - Processing file /mnt/d/airflow/airflow_project/airflow_venv/lib/python3.12/site-packages/airflow/example_dags/example_bash_operator.py for tasks to queue
[2026-04-29T09:27:59.631+0300] {logging_mixin.py:188} INFO - [2026-04-29T09:27:59.628+0300] {dagbag.py:545} INFO - Filling up the DagBag from /mnt/d/airflow/airflow_project/airflow_venv/lib/python3.12/site-packages/airflow/example_dags/example_bash_operator.py
[2026-04-29T09:27:59.718+0300] {processor.py:840} INFO - DAG(s) 'example_bash_operator' retrieved from /mnt/d/airflow/airflow_project/airflow_venv/lib/python3.12/site-packages/airflow/example_dags/example_bash_operator.py
[2026-04-29T09:27:59.794+0300] {logging_mixin.py:188} INFO - [2026-04-29T09:27:59.791+0300] {dag.py:3089} INFO - Sync 1 DAGs
[2026-04-29T09:27:59.854+0300] {logging_mixin.py:188} INFO - [2026-04-29T09:27:59.851+0300] {dag.py:3947} INFO - Setting next_dagrun for example_bash_operator to 2026-04-28 00:00:00+00:00, run_after=2026-04-29 00:00:00+00:00
[2026-04-29T09:28:00.051+0300] {processor.py:183} INFO - Processing /mnt/d/airflow/airflow_project/airflow_venv/lib/python3.12/site-packages/airflow/example_dags/example_bash_operator.py took 0.466 seconds
[2026-04-29T09:30:55.250+0300] {processor.py:161} INFO - Started process (PID=31974) to work on /mnt/d/airflow/airflow_project/airflow_venv/lib/python3.12/site-packages/airflow/example_dags/example_bash_operator.py
[2026-04-29T09:30:55.272+0300] {processor.py:830} INFO - Processing file /mnt/d/airflow/airflow_project/airflow_venv/lib/python3.12/site-packages/airflow/example_dags/example_bash_operator.py for tasks to queue
[2026-04-29T09:30:55.291+0300] {logging_mixin.py:188} INFO - [2026-04-29T09:30:55.282+0300] {dagbag.py:545} INFO - Filling up the DagBag from /mnt/d/airflow/airflow_project/airflow_venv/lib/python3.12/site-packages/airflow/example_dags/example_bash_operator.py
[2026-04-29T09:30:55.441+0300] {processor.py:840} INFO - DAG(s) 'example_bash_operator' retrieved from /mnt/d/airflow/airflow_project/airflow_venv/lib/python3.12/site-packages/airflow/example_dags/example_bash_operator.py
[2026-04-29T09:30:55.490+0300] {logging_mixin.py:188} INFO - [2026-04-29T09:30:55.488+0300] {dag.py:3089} INFO - Sync 1 DAGs
[2026-04-29T09:30:55.520+0300] {logging_mixin.py:188} INFO - [2026-04-29T09:30:55.518+0300] {dag.py:3947} INFO - Setting next_dagrun for example_bash_operator to 2026-04-28 00:00:00+00:00, run_after=2026-04-29 00:00:00+00:00
[2026-04-29T09:30:55.602+0300] {processor.py:183} INFO - Processing /mnt/d/airflow/airflow_project/airflow_venv/lib/python3.12/site-packages/airflow/example_dags/example_bash_operator.py took 0.400 seconds
[2026-04-29T09:33:11.775+0300] {processor.py:161} INFO - Started process (PID=32774) to work on /mnt/d/airflow/airflow_project/airflow_venv/lib/python3.12/site-packages/airflow/example_dags/example_bash_operator.py
[2026-04-29T09:33:11.780+0300] {processor.py:830} INFO - Processing file /mnt/d/airflow/airflow_project/airflow_venv/lib/python3.12/site-packages/airflow/example_dags/example_bash_operator.py for tasks to queue
[2026-04-29T09:33:11.790+0300] {logging_mixin.py:188} INFO - [2026-04-29T09:33:11.787+0300] {dagbag.py:545} INFO - Filling up the DagBag from /mnt/d/airflow/airflow_project/airflow_venv/lib/python3.12/site-packages/airflow/example_dags/example_bash_operator.py
[2026-04-29T09:33:11.924+0300] {processor.py:840} INFO - DAG(s) 'example_bash_operator' retrieved from /mnt/d/airflow/airflow_project/airflow_venv/lib/python3.12/site-packages/airflow/example_dags/example_bash_operator.py
[2026-04-29T09:33:12.010+0300] {logging_mixin.py:188} INFO - [2026-04-29T09:33:12.008+0300] {dag.py:3089} INFO - Sync 1 DAGs
[2026-04-29T09:33:12.054+0300] {logging_mixin.py:188} INFO - [2026-04-29T09:33:12.052+0300] {dag.py:3947} INFO - Setting next_dagrun for example_bash_operator to 2026-04-28 00:00:00+00:00, run_after=2026-04-29 00:00:00+00:00
[2026-04-29T09:33:12.248+0300] {processor.py:183} INFO - Processing /mnt/d/airflow/airflow_project/airflow_venv/lib/python3.12/site-packages/airflow/example_dags/example_bash_operator.py took 0.510 seconds
[2026-04-29T09:35:31.173+0300] {processor.py:161} INFO - Started process (PID=33611) to work on /mnt/d/airflow/airflow_project/airflow_venv/lib/python3.12/site-packages/airflow/example_dags/example_bash_operator.py
[2026-04-29T09:35:31.175+0300] {processor.py:830} INFO - Processing file /mnt/d/airflow/airflow_project/airflow_venv/lib/python3.12/site-packages/airflow/example_dags/example_bash_operator.py for tasks to queue
[2026-04-29T09:35:31.181+0300] {logging_mixin.py:188} INFO - [2026-04-29T09:35:31.179+0300] {dagbag.py:545} INFO - Filling up the DagBag from /mnt/d/airflow/airflow_project/airflow_venv/lib/python3.12/site-packages/airflow/example_dags/example_bash_operator.py
[2026-04-29T09:35:31.250+0300] {processor.py:840} INFO - DAG(s) 'example_bash_operator' retrieved from /mnt/d/airflow/airflow_project/airflow_venv/lib/python3.12/site-packages/airflow/example_dags/example_bash_operator.py
[2026-04-29T09:35:31.315+0300] {logging_mixin.py:188} INFO - [2026-04-29T09:35:31.312+0300] {dag.py:3089} INFO - Sync 1 DAGs
[2026-04-29T09:35:31.361+0300] {logging_mixin.py:188} INFO - [2026-04-29T09:35:31.357+0300] {dag.py:3947} INFO - Setting next_dagrun for example_bash_operator to 2026-04-28 00:00:00+00:00, run_after=2026-04-29 00:00:00+00:00
[2026-04-29T09:35:31.592+0300] {processor.py:183} INFO - Processing /mnt/d/airflow/airflow_project/airflow_venv/lib/python3.12/site-packages/airflow/example_dags/example_bash_operator.py took 0.437 seconds
[2026-04-29T09:37:29.574+0300] {processor.py:161} INFO - Started process (PID=34326) to work on /mnt/d/airflow/airflow_project/airflow_venv/lib/python3.12/site-packages/airflow/example_dags/example_bash_operator.py
[2026-04-29T09:37:29.578+0300] {processor.py:830} INFO - Processing file /mnt/d/airflow/airflow_project/airflow_venv/lib/python3.12/site-packages/airflow/example_dags/example_bash_operator.py for tasks to queue
[2026-04-29T09:37:29.584+0300] {logging_mixin.py:188} INFO - [2026-04-29T09:37:29.582+0300] {dagbag.py:545} INFO - Filling up the DagBag from /mnt/d/airflow/airflow_project/airflow_venv/lib/python3.12/site-packages/airflow/example_dags/example_bash_operator.py
[2026-04-29T09:37:29.658+0300] {processor.py:840} INFO - DAG(s) 'example_bash_operator' retrieved from /mnt/d/airflow/airflow_project/airflow_venv/lib/python3.12/site-packages/airflow/example_dags/example_bash_operator.py
[2026-04-29T09:37:29.713+0300] {logging_mixin.py:188} INFO - [2026-04-29T09:37:29.712+0300] {dag.py:3089} INFO - Sync 1 DAGs
[2026-04-29T09:37:29.749+0300] {logging_mixin.py:188} INFO - [2026-04-29T09:37:29.748+0300] {dag.py:3947} INFO - Setting next_dagrun for example_bash_operator to 2026-04-28 00:00:00+00:00, run_after=2026-04-29 00:00:00+00:00
[2026-04-29T09:37:29.846+0300] {processor.py:183} INFO - Processing /mnt/d/airflow/airflow_project/airflow_venv/lib/python3.12/site-packages/airflow/example_dags/example_bash_operator.py took 0.299 seconds
[2026-04-29T09:39:44.063+0300] {processor.py:161} INFO - Started process (PID=35145) to work on /mnt/d/airflow/airflow_project/airflow_venv/lib/python3.12/site-packages/airflow/example_dags/example_bash_operator.py
[2026-04-29T09:39:44.067+0300] {processor.py:830} INFO - Processing file /mnt/d/airflow/airflow_project/airflow_venv/lib/python3.12/site-packages/airflow/example_dags/example_bash_operator.py for tasks to queue
[2026-04-29T09:39:44.073+0300] {logging_mixin.py:188} INFO - [2026-04-29T09:39:44.070+0300] {dagbag.py:545} INFO - Filling up the DagBag from /mnt/d/airflow/airflow_project/airflow_venv/lib/python3.12/site-packages/airflow/example_dags/example_bash_operator.py
[2026-04-29T09:39:44.110+0300] {processor.py:840} INFO - DAG(s) 'example_bash_operator' retrieved from /mnt/d/airflow/airflow_project/airflow_venv/lib/python3.12/site-packages/airflow/example_dags/example_bash_operator.py
[2026-04-29T09:39:44.157+0300] {logging_mixin.py:188} INFO - [2026-04-29T09:39:44.155+0300] {dag.py:3089} INFO - Sync 1 DAGs
[2026-04-29T09:39:44.196+0300] {logging_mixin.py:188} INFO - [2026-04-29T09:39:44.194+0300] {dag.py:3947} INFO - Setting next_dagrun for example_bash_operator to 2026-04-28 00:00:00+00:00, run_after=2026-04-29 00:00:00+00:00
[2026-04-29T09:39:44.313+0300] {processor.py:183} INFO - Processing /mnt/d/airflow/airflow_project/airflow_venv/lib/python3.12/site-packages/airflow/example_dags/example_bash_operator.py took 0.271 seconds
[2026-04-29T09:41:39.889+0300] {processor.py:161} INFO - Started process (PID=35811) to work on /mnt/d/airflow/airflow_project/airflow_venv/lib/python3.12/site-packages/airflow/example_dags/example_bash_operator.py
[2026-04-29T09:41:39.894+0300] {processor.py:830} INFO - Processing file /mnt/d/airflow/airflow_project/airflow_venv/lib/python3.12/site-packages/airflow/example_dags/example_bash_operator.py for tasks to queue
[2026-04-29T09:41:39.902+0300] {logging_mixin.py:188} INFO - [2026-04-29T09:41:39.899+0300] {dagbag.py:545} INFO - Filling up the DagBag from /mnt/d/airflow/airflow_project/airflow_venv/lib/python3.12/site-packages/airflow/example_dags/example_bash_operator.py
[2026-04-29T09:41:39.992+0300] {processor.py:840} INFO - DAG(s) 'example_bash_operator' retrieved from /mnt/d/airflow/airflow_project/airflow_venv/lib/python3.12/site-packages/airflow/example_dags/example_bash_operator.py
[2026-04-29T09:41:40.056+0300] {logging_mixin.py:188} INFO - [2026-04-29T09:41:40.054+0300] {dag.py:3089} INFO - Sync 1 DAGs
[2026-04-29T09:41:40.107+0300] {logging_mixin.py:188} INFO - [2026-04-29T09:41:40.103+0300] {dag.py:3947} INFO - Setting next_dagrun for example_bash_operator to 2026-04-28 00:00:00+00:00, run_after=2026-04-29 00:00:00+00:00
[2026-04-29T09:41:40.327+0300] {processor.py:183} INFO - Processing /mnt/d/airflow/airflow_project/airflow_venv/lib/python3.12/site-packages/airflow/example_dags/example_bash_operator.py took 0.470 seconds
[2026-04-29T09:43:57.904+0300] {processor.py:161} INFO - Started process (PID=36631) to work on /mnt/d/airflow/airflow_project/airflow_venv/lib/python3.12/site-packages/airflow/example_dags/example_bash_operator.py
[2026-04-29T09:43:57.907+0300] {processor.py:830} INFO - Processing file /mnt/d/airflow/airflow_project/airflow_venv/lib/python3.12/site-packages/airflow/example_dags/example_bash_operator.py for tasks to queue
[2026-04-29T09:43:57.912+0300] {logging_mixin.py:188} INFO - [2026-04-29T09:43:57.911+0300] {dagbag.py:545} INFO - Filling up the DagBag from /mnt/d/airflow/airflow_project/airflow_venv/lib/python3.12/site-packages/airflow/example_dags/example_bash_operator.py
[2026-04-29T09:43:57.961+0300] {processor.py:840} INFO - DAG(s) 'example_bash_operator' retrieved from /mnt/d/airflow/airflow_project/airflow_venv/lib/python3.12/site-packages/airflow/example_dags/example_bash_operator.py
[2026-04-29T09:43:57.995+0300] {logging_mixin.py:188} INFO - [2026-04-29T09:43:57.994+0300] {dag.py:3089} INFO - Sync 1 DAGs
[2026-04-29T09:43:58.031+0300] {logging_mixin.py:188} INFO - [2026-04-29T09:43:58.029+0300] {dag.py:3947} INFO - Setting next_dagrun for example_bash_operator to 2026-04-28 00:00:00+00:00, run_after=2026-04-29 00:00:00+00:00
[2026-04-29T09:43:58.191+0300] {processor.py:183} INFO - Processing /mnt/d/airflow/airflow_project/airflow_venv/lib/python3.12/site-packages/airflow/example_dags/example_bash_operator.py took 0.314 seconds
[2026-04-29T09:47:28.315+0300] {processor.py:161} INFO - Started process (PID=37814) to work on /mnt/d/airflow/airflow_project/airflow_venv/lib/python3.12/site-packages/airflow/example_dags/example_bash_operator.py
[2026-04-29T09:47:28.318+0300] {processor.py:830} INFO - Processing file /mnt/d/airflow/airflow_project/airflow_venv/lib/python3.12/site-packages/airflow/example_dags/example_bash_operator.py for tasks to queue
[2026-04-29T09:47:28.324+0300] {logging_mixin.py:188} INFO - [2026-04-29T09:47:28.321+0300] {dagbag.py:545} INFO - Filling up the DagBag from /mnt/d/airflow/airflow_project/airflow_venv/lib/python3.12/site-packages/airflow/example_dags/example_bash_operator.py
[2026-04-29T09:47:28.375+0300] {processor.py:840} INFO - DAG(s) 'example_bash_operator' retrieved from /mnt/d/airflow/airflow_project/airflow_venv/lib/python3.12/site-packages/airflow/example_dags/example_bash_operator.py
[2026-04-29T09:47:30.034+0300] {logging_mixin.py:188} INFO - [2026-04-29T09:47:30.032+0300] {dag.py:3089} INFO - Sync 1 DAGs
[2026-04-29T09:47:30.202+0300] {logging_mixin.py:188} INFO - [2026-04-29T09:47:30.200+0300] {dag.py:3947} INFO - Setting next_dagrun for example_bash_operator to 2026-04-28 00:00:00+00:00, run_after=2026-04-29 00:00:00+00:00
[2026-04-29T09:47:30.456+0300] {processor.py:183} INFO - Processing /mnt/d/airflow/airflow_project/airflow_venv/lib/python3.12/site-packages/airflow/example_dags/example_bash_operator.py took 2.164 seconds
[2026-04-29T09:49:53.783+0300] {processor.py:161} INFO - Started process (PID=38639) to work on /mnt/d/airflow/airflow_project/airflow_venv/lib/python3.12/site-packages/airflow/example_dags/example_bash_operator.py
[2026-04-29T09:49:53.788+0300] {processor.py:830} INFO - Processing file /mnt/d/airflow/airflow_project/airflow_venv/lib/python3.12/site-packages/airflow/example_dags/example_bash_operator.py for tasks to queue
[2026-04-29T09:49:53.798+0300] {logging_mixin.py:188} INFO - [2026-04-29T09:49:53.794+0300] {dagbag.py:545} INFO - Filling up the DagBag from /mnt/d/airflow/airflow_project/airflow_venv/lib/python3.12/site-packages/airflow/example_dags/example_bash_operator.py
[2026-04-29T09:49:53.886+0300] {processor.py:840} INFO - DAG(s) 'example_bash_operator' retrieved from /mnt/d/airflow/airflow_project/airflow_venv/lib/python3.12/site-packages/airflow/example_dags/example_bash_operator.py
[2026-04-29T09:49:53.953+0300] {logging_mixin.py:188} INFO - [2026-04-29T09:49:53.950+0300] {dag.py:3089} INFO - Sync 1 DAGs
[2026-04-29T09:49:53.988+0300] {logging_mixin.py:188} INFO - [2026-04-29T09:49:53.986+0300] {dag.py:3947} INFO - Setting next_dagrun for example_bash_operator to 2026-04-28 00:00:00+00:00, run_after=2026-04-29 00:00:00+00:00
[2026-04-29T09:49:54.165+0300] {processor.py:183} INFO - Processing /mnt/d/airflow/airflow_project/airflow_venv/lib/python3.12/site-packages/airflow/example_dags/example_bash_operator.py took 0.418 seconds
[2026-04-29T09:52:09.495+0300] {processor.py:161} INFO - Started process (PID=39417) to work on /mnt/d/airflow/airflow_project/airflow_venv/lib/python3.12/site-packages/airflow/example_dags/example_bash_operator.py
[2026-04-29T09:52:09.502+0300] {processor.py:830} INFO - Processing file /mnt/d/airflow/airflow_project/airflow_venv/lib/python3.12/site-packages/airflow/example_dags/example_bash_operator.py for tasks to queue
[2026-04-29T09:52:09.518+0300] {logging_mixin.py:188} INFO - [2026-04-29T09:52:09.510+0300] {dagbag.py:545} INFO - Filling up the DagBag from /mnt/d/airflow/airflow_project/airflow_venv/lib/python3.12/site-packages/airflow/example_dags/example_bash_operator.py
[2026-04-29T09:52:09.564+0300] {processor.py:840} INFO - DAG(s) 'example_bash_operator' retrieved from /mnt/d/airflow/airflow_project/airflow_venv/lib/python3.12/site-packages/airflow/example_dags/example_bash_operator.py
[2026-04-29T09:52:10.295+0300] {logging_mixin.py:188} INFO - [2026-04-29T09:52:10.291+0300] {dag.py:3089} INFO - Sync 1 DAGs
[2026-04-29T09:52:10.470+0300] {logging_mixin.py:188} INFO - [2026-04-29T09:52:10.469+0300] {dag.py:3947} INFO - Setting next_dagrun for example_bash_operator to 2026-04-28 00:00:00+00:00, run_after=2026-04-29 00:00:00+00:00
[2026-04-29T09:52:10.589+0300] {processor.py:183} INFO - Processing /mnt/d/airflow/airflow_project/airflow_venv/lib/python3.12/site-packages/airflow/example_dags/example_bash_operator.py took 0.453 seconds
[2026-04-29T09:57:16.946+0300] {processor.py:161} INFO - Started process (PID=41174) to work on /mnt/d/airflow/airflow_project/airflow_venv/lib/python3.12/site-packages/airflow/example_dags/example_bash_operator.py
[2026-04-29T09:57:16.950+0300] {processor.py:830} INFO - Processing file /mnt/d/airflow/airflow_project/airflow_venv/lib/python3.12/site-packages/airflow/example_dags/example_bash_operator.py for tasks to queue
[2026-04-29T09:57:16.958+0300] {logging_mixin.py:188} INFO - [2026-04-29T09:57:16.956+0300] {dagbag.py:545} INFO - Filling up the DagBag from /mnt/d/airflow/airflow_project/airflow_venv/lib/python3.12/site-packages/airflow/example_dags/example_bash_operator.py
[2026-04-29T09:57:17.078+0300] {processor.py:840} INFO - DAG(s) 'example_bash_operator' retrieved from /mnt/d/airflow/airflow_project/airflow_venv/lib/python3.12/site-packages/airflow/example_dags/example_bash_operator.py
[2026-04-29T09:57:17.162+0300] {logging_mixin.py:188} INFO - [2026-04-29T09:57:17.159+0300] {dag.py:3089} INFO - Sync 1 DAGs
[2026-04-29T09:57:17.221+0300] {logging_mixin.py:188} INFO - [2026-04-29T09:57:17.218+0300] {dag.py:3947} INFO - Setting next_dagrun for example_bash_operator to 2026-04-28 00:00:00+00:00, run_after=2026-04-29 00:00:00+00:00
[2026-04-29T09:57:17.401+0300] {processor.py:183} INFO - Processing /mnt/d/airflow/airflow_project/airflow_venv/lib/python3.12/site-packages/airflow/example_dags/example_bash_operator.py took 0.490 seconds
[2026-04-29T10:01:33.523+0300] {processor.py:161} INFO - Started process (PID=42590) to work on /mnt/d/airflow/airflow_project/airflow_venv/lib/python3.12/site-packages/airflow/example_dags/example_bash_operator.py
[2026-04-29T10:01:33.526+0300] {processor.py:830} INFO - Processing file /mnt/d/airflow/airflow_project/airflow_venv/lib/python3.12/site-packages/airflow/example_dags/example_bash_operator.py for tasks to queue
[2026-04-29T10:01:33.533+0300] {logging_mixin.py:188} INFO - [2026-04-29T10:01:33.530+0300] {dagbag.py:545} INFO - Filling up the DagBag from /mnt/d/airflow/airflow_project/airflow_venv/lib/python3.12/site-packages/airflow/example_dags/example_bash_operator.py
[2026-04-29T10:01:33.613+0300] {processor.py:840} INFO - DAG(s) 'example_bash_operator' retrieved from /mnt/d/airflow/airflow_project/airflow_venv/lib/python3.12/site-packages/airflow/example_dags/example_bash_operator.py
[2026-04-29T10:01:33.665+0300] {logging_mixin.py:188} INFO - [2026-04-29T10:01:33.663+0300] {dag.py:3089} INFO - Sync 1 DAGs
[2026-04-29T10:01:33.706+0300] {logging_mixin.py:188} INFO - [2026-04-29T10:01:33.704+0300] {dag.py:3947} INFO - Setting next_dagrun for example_bash_operator to 2026-04-28 00:00:00+00:00, run_after=2026-04-29 00:00:00+00:00
[2026-04-29T10:01:33.796+0300] {processor.py:183} INFO - Processing /mnt/d/airflow/airflow_project/airflow_venv/lib/python3.12/site-packages/airflow/example_dags/example_bash_operator.py took 0.298 seconds
[2026-04-29T10:04:56.420+0300] {processor.py:161} INFO - Started process (PID=43743) to work on /mnt/d/airflow/airflow_project/airflow_venv/lib/python3.12/site-packages/airflow/example_dags/example_bash_operator.py
[2026-04-29T10:04:56.423+0300] {processor.py:830} INFO - Processing file /mnt/d/airflow/airflow_project/airflow_venv/lib/python3.12/site-packages/airflow/example_dags/example_bash_operator.py for tasks to queue
[2026-04-29T10:04:56.430+0300] {logging_mixin.py:188} INFO - [2026-04-29T10:04:56.428+0300] {dagbag.py:545} INFO - Filling up the DagBag from /mnt/d/airflow/airflow_project/airflow_venv/lib/python3.12/site-packages/airflow/example_dags/example_bash_operator.py
[2026-04-29T10:04:56.487+0300] {processor.py:840} INFO - DAG(s) 'example_bash_operator' retrieved from /mnt/d/airflow/airflow_project/airflow_venv/lib/python3.12/site-packages/airflow/example_dags/example_bash_operator.py
[2026-04-29T10:04:56.534+0300] {logging_mixin.py:188} INFO - [2026-04-29T10:04:56.533+0300] {dag.py:3089} INFO - Sync 1 DAGs
[2026-04-29T10:04:56.561+0300] {logging_mixin.py:188} INFO - [2026-04-29T10:04:56.560+0300] {dag.py:3947} INFO - Setting next_dagrun for example_bash_operator to 2026-04-28 00:00:00+00:00, run_after=2026-04-29 00:00:00+00:00
[2026-04-29T10:04:56.642+0300] {processor.py:183} INFO - Processing /mnt/d/airflow/airflow_project/airflow_venv/lib/python3.12/site-packages/airflow/example_dags/example_bash_operator.py took 0.250 seconds
[2026-04-29T10:07:10.121+0300] {processor.py:161} INFO - Started process (PID=44489) to work on /mnt/d/airflow/airflow_project/airflow_venv/lib/python3.12/site-packages/airflow/example_dags/example_bash_operator.py
[2026-04-29T10:07:10.127+0300] {processor.py:830} INFO - Processing file /mnt/d/airflow/airflow_project/airflow_venv/lib/python3.12/site-packages/airflow/example_dags/example_bash_operator.py for tasks to queue
[2026-04-29T10:07:10.135+0300] {logging_mixin.py:188} INFO - [2026-04-29T10:07:10.132+0300] {dagbag.py:545} INFO - Filling up the DagBag from /mnt/d/airflow/airflow_project/airflow_venv/lib/python3.12/site-packages/airflow/example_dags/example_bash_operator.py
[2026-04-29T10:07:10.232+0300] {processor.py:840} INFO - DAG(s) 'example_bash_operator' retrieved from /mnt/d/airflow/airflow_project/airflow_venv/lib/python3.12/site-packages/airflow/example_dags/example_bash_operator.py
[2026-04-29T10:07:10.304+0300] {logging_mixin.py:188} INFO - [2026-04-29T10:07:10.302+0300] {dag.py:3089} INFO - Sync 1 DAGs
[2026-04-29T10:07:10.476+0300] {logging_mixin.py:188} INFO - [2026-04-29T10:07:10.469+0300] {dag.py:3947} INFO - Setting next_dagrun for example_bash_operator to 2026-04-28 00:00:00+00:00, run_after=2026-04-29 00:00:00+00:00
[2026-04-29T10:07:10.660+0300] {processor.py:183} INFO - Processing /mnt/d/airflow/airflow_project/airflow_venv/lib/python3.12/site-packages/airflow/example_dags/example_bash_operator.py took 0.575 seconds
[2026-04-29T10:09:12.027+0300] {processor.py:161} INFO - Started process (PID=45168) to work on /mnt/d/airflow/airflow_project/airflow_venv/lib/python3.12/site-packages/airflow/example_dags/example_bash_operator.py
[2026-04-29T10:09:12.032+0300] {processor.py:830} INFO - Processing file /mnt/d/airflow/airflow_project/airflow_venv/lib/python3.12/site-packages/airflow/example_dags/example_bash_operator.py for tasks to queue
[2026-04-29T10:09:12.040+0300] {logging_mixin.py:188} INFO - [2026-04-29T10:09:12.037+0300] {dagbag.py:545} INFO - Filling up the DagBag from /mnt/d/airflow/airflow_project/airflow_venv/lib/python3.12/site-packages/airflow/example_dags/example_bash_operator.py
[2026-04-29T10:09:12.106+0300] {processor.py:840} INFO - DAG(s) 'example_bash_operator' retrieved from /mnt/d/airflow/airflow_project/airflow_venv/lib/python3.12/site-packages/airflow/example_dags/example_bash_operator.py
[2026-04-29T10:09:12.164+0300] {logging_mixin.py:188} INFO - [2026-04-29T10:09:12.161+0300] {dag.py:3089} INFO - Sync 1 DAGs
[2026-04-29T10:09:12.204+0300] {logging_mixin.py:188} INFO - [2026-04-29T10:09:12.203+0300] {dag.py:3947} INFO - Setting next_dagrun for example_bash_operator to 2026-04-28 00:00:00+00:00, run_after=2026-04-29 00:00:00+00:00
[2026-04-29T10:09:12.317+0300] {processor.py:183} INFO - Processing /mnt/d/airflow/airflow_project/airflow_venv/lib/python3.12/site-packages/airflow/example_dags/example_bash_operator.py took 0.326 seconds
[2026-04-29T10:11:26.731+0300] {processor.py:161} INFO - Started process (PID=45907) to work on /mnt/d/airflow/airflow_project/airflow_venv/lib/python3.12/site-packages/airflow/example_dags/example_bash_operator.py
[2026-04-29T10:11:26.738+0300] {processor.py:830} INFO - Processing file /mnt/d/airflow/airflow_project/airflow_venv/lib/python3.12/site-packages/airflow/example_dags/example_bash_operator.py for tasks to queue
[2026-04-29T10:11:26.742+0300] {logging_mixin.py:188} INFO - [2026-04-29T10:11:26.741+0300] {dagbag.py:545} INFO - Filling up the DagBag from /mnt/d/airflow/airflow_project/airflow_venv/lib/python3.12/site-packages/airflow/example_dags/example_bash_operator.py
[2026-04-29T10:11:26.789+0300] {processor.py:840} INFO - DAG(s) 'example_bash_operator' retrieved from /mnt/d/airflow/airflow_project/airflow_venv/lib/python3.12/site-packages/airflow/example_dags/example_bash_operator.py
[2026-04-29T10:11:26.830+0300] {logging_mixin.py:188} INFO - [2026-04-29T10:11:26.829+0300] {dag.py:3089} INFO - Sync 1 DAGs
[2026-04-29T10:11:26.867+0300] {logging_mixin.py:188} INFO - [2026-04-29T10:11:26.865+0300] {dag.py:3947} INFO - Setting next_dagrun for example_bash_operator to 2026-04-28 00:00:00+00:00, run_after=2026-04-29 00:00:00+00:00
[2026-04-29T10:11:27.015+0300] {processor.py:183} INFO - Processing /mnt/d/airflow/airflow_project/airflow_venv/lib/python3.12/site-packages/airflow/example_dags/example_bash_operator.py took 0.305 seconds
