[2026-04-29T09:15:26.175+0300] {processor.py:161} INFO - Started process (PID=26602) to work on /mnt/d/airflow/airflow_project/airflow_venv/lib/python3.12/site-packages/airflow/example_dags/example_python_operator.py
[2026-04-29T09:15:26.178+0300] {processor.py:830} INFO - Processing file /mnt/d/airflow/airflow_project/airflow_venv/lib/python3.12/site-packages/airflow/example_dags/example_python_operator.py for tasks to queue
[2026-04-29T09:15:26.186+0300] {logging_mixin.py:188} INFO - [2026-04-29T09:15:26.183+0300] {dagbag.py:545} INFO - Filling up the DagBag from /mnt/d/airflow/airflow_project/airflow_venv/lib/python3.12/site-packages/airflow/example_dags/example_python_operator.py
[2026-04-29T09:15:26.311+0300] {processor.py:840} INFO - DAG(s) 'example_python_operator' retrieved from /mnt/d/airflow/airflow_project/airflow_venv/lib/python3.12/site-packages/airflow/example_dags/example_python_operator.py
[2026-04-29T09:15:27.540+0300] {logging_mixin.py:188} INFO - [2026-04-29T09:15:27.539+0300] {override.py:1858} INFO - Created Permission View: can edit on DAG:example_python_operator
[2026-04-29T09:15:27.633+0300] {logging_mixin.py:188} INFO - [2026-04-29T09:15:27.630+0300] {override.py:1858} INFO - Created Permission View: can delete on DAG:example_python_operator
[2026-04-29T09:15:27.713+0300] {logging_mixin.py:188} INFO - [2026-04-29T09:15:27.710+0300] {override.py:1858} INFO - Created Permission View: can read on DAG:example_python_operator
[2026-04-29T09:15:27.720+0300] {logging_mixin.py:188} INFO - [2026-04-29T09:15:27.719+0300] {dag.py:3089} INFO - Sync 1 DAGs
[2026-04-29T09:15:27.743+0300] {logging_mixin.py:188} INFO - [2026-04-29T09:15:27.741+0300] {dag.py:3111} INFO - Creating ORM DAG for example_python_operator
[2026-04-29T09:15:27.745+0300] {logging_mixin.py:188} INFO - [2026-04-29T09:15:27.744+0300] {dag.py:3947} INFO - Setting next_dagrun for example_python_operator to None, run_after=None
[2026-04-29T09:15:27.820+0300] {processor.py:183} INFO - Processing /mnt/d/airflow/airflow_project/airflow_venv/lib/python3.12/site-packages/airflow/example_dags/example_python_operator.py took 1.674 seconds
[2026-04-29T09:17:35.095+0300] {processor.py:161} INFO - Started process (PID=27324) to work on /mnt/d/airflow/airflow_project/airflow_venv/lib/python3.12/site-packages/airflow/example_dags/example_python_operator.py
[2026-04-29T09:17:35.097+0300] {processor.py:830} INFO - Processing file /mnt/d/airflow/airflow_project/airflow_venv/lib/python3.12/site-packages/airflow/example_dags/example_python_operator.py for tasks to queue
[2026-04-29T09:17:35.100+0300] {logging_mixin.py:188} INFO - [2026-04-29T09:17:35.099+0300] {dagbag.py:545} INFO - Filling up the DagBag from /mnt/d/airflow/airflow_project/airflow_venv/lib/python3.12/site-packages/airflow/example_dags/example_python_operator.py
[2026-04-29T09:17:35.143+0300] {processor.py:840} INFO - DAG(s) 'example_python_operator' retrieved from /mnt/d/airflow/airflow_project/airflow_venv/lib/python3.12/site-packages/airflow/example_dags/example_python_operator.py
[2026-04-29T09:17:35.172+0300] {logging_mixin.py:188} INFO - [2026-04-29T09:17:35.171+0300] {dag.py:3089} INFO - Sync 1 DAGs
[2026-04-29T09:17:35.185+0300] {logging_mixin.py:188} INFO - [2026-04-29T09:17:35.184+0300] {dag.py:3947} INFO - Setting next_dagrun for example_python_operator to None, run_after=None
[2026-04-29T09:17:35.387+0300] {processor.py:183} INFO - Processing /mnt/d/airflow/airflow_project/airflow_venv/lib/python3.12/site-packages/airflow/example_dags/example_python_operator.py took 0.303 seconds
[2026-04-29T09:18:47.208+0300] {processor.py:161} INFO - Started process (PID=27765) to work on /mnt/d/airflow/airflow_project/airflow_venv/lib/python3.12/site-packages/airflow/example_dags/example_python_operator.py
[2026-04-29T09:18:47.212+0300] {processor.py:830} INFO - Processing file /mnt/d/airflow/airflow_project/airflow_venv/lib/python3.12/site-packages/airflow/example_dags/example_python_operator.py for tasks to queue
[2026-04-29T09:18:47.219+0300] {logging_mixin.py:188} INFO - [2026-04-29T09:18:47.216+0300] {dagbag.py:545} INFO - Filling up the DagBag from /mnt/d/airflow/airflow_project/airflow_venv/lib/python3.12/site-packages/airflow/example_dags/example_python_operator.py
[2026-04-29T09:18:47.339+0300] {processor.py:840} INFO - DAG(s) 'example_python_operator' retrieved from /mnt/d/airflow/airflow_project/airflow_venv/lib/python3.12/site-packages/airflow/example_dags/example_python_operator.py
[2026-04-29T09:18:47.412+0300] {logging_mixin.py:188} INFO - [2026-04-29T09:18:47.409+0300] {dag.py:3089} INFO - Sync 1 DAGs
[2026-04-29T09:18:47.435+0300] {logging_mixin.py:188} INFO - [2026-04-29T09:18:47.433+0300] {dag.py:3947} INFO - Setting next_dagrun for example_python_operator to None, run_after=None
[2026-04-29T09:18:47.594+0300] {processor.py:183} INFO - Processing /mnt/d/airflow/airflow_project/airflow_venv/lib/python3.12/site-packages/airflow/example_dags/example_python_operator.py took 0.416 seconds
[2026-04-29T09:21:06.020+0300] {processor.py:161} INFO - Started process (PID=28583) to work on /mnt/d/airflow/airflow_project/airflow_venv/lib/python3.12/site-packages/airflow/example_dags/example_python_operator.py
[2026-04-29T09:21:06.023+0300] {processor.py:830} INFO - Processing file /mnt/d/airflow/airflow_project/airflow_venv/lib/python3.12/site-packages/airflow/example_dags/example_python_operator.py for tasks to queue
[2026-04-29T09:21:06.030+0300] {logging_mixin.py:188} INFO - [2026-04-29T09:21:06.027+0300] {dagbag.py:545} INFO - Filling up the DagBag from /mnt/d/airflow/airflow_project/airflow_venv/lib/python3.12/site-packages/airflow/example_dags/example_python_operator.py
[2026-04-29T09:21:06.117+0300] {processor.py:840} INFO - DAG(s) 'example_python_operator' retrieved from /mnt/d/airflow/airflow_project/airflow_venv/lib/python3.12/site-packages/airflow/example_dags/example_python_operator.py
[2026-04-29T09:21:06.182+0300] {logging_mixin.py:188} INFO - [2026-04-29T09:21:06.178+0300] {dag.py:3089} INFO - Sync 1 DAGs
[2026-04-29T09:21:06.217+0300] {logging_mixin.py:188} INFO - [2026-04-29T09:21:06.214+0300] {dag.py:3947} INFO - Setting next_dagrun for example_python_operator to None, run_after=None
[2026-04-29T09:21:06.408+0300] {processor.py:183} INFO - Processing /mnt/d/airflow/airflow_project/airflow_venv/lib/python3.12/site-packages/airflow/example_dags/example_python_operator.py took 0.418 seconds
[2026-04-29T09:23:02.537+0300] {processor.py:161} INFO - Started process (PID=29268) to work on /mnt/d/airflow/airflow_project/airflow_venv/lib/python3.12/site-packages/airflow/example_dags/example_python_operator.py
[2026-04-29T09:23:02.541+0300] {processor.py:830} INFO - Processing file /mnt/d/airflow/airflow_project/airflow_venv/lib/python3.12/site-packages/airflow/example_dags/example_python_operator.py for tasks to queue
[2026-04-29T09:23:02.550+0300] {logging_mixin.py:188} INFO - [2026-04-29T09:23:02.547+0300] {dagbag.py:545} INFO - Filling up the DagBag from /mnt/d/airflow/airflow_project/airflow_venv/lib/python3.12/site-packages/airflow/example_dags/example_python_operator.py
[2026-04-29T09:23:02.643+0300] {processor.py:840} INFO - DAG(s) 'example_python_operator' retrieved from /mnt/d/airflow/airflow_project/airflow_venv/lib/python3.12/site-packages/airflow/example_dags/example_python_operator.py
[2026-04-29T09:23:02.719+0300] {logging_mixin.py:188} INFO - [2026-04-29T09:23:02.716+0300] {dag.py:3089} INFO - Sync 1 DAGs
[2026-04-29T09:23:02.745+0300] {logging_mixin.py:188} INFO - [2026-04-29T09:23:02.743+0300] {dag.py:3947} INFO - Setting next_dagrun for example_python_operator to None, run_after=None
[2026-04-29T09:23:02.951+0300] {processor.py:183} INFO - Processing /mnt/d/airflow/airflow_project/airflow_venv/lib/python3.12/site-packages/airflow/example_dags/example_python_operator.py took 0.443 seconds
[2026-04-29T09:25:21.536+0300] {processor.py:161} INFO - Started process (PID=30046) to work on /mnt/d/airflow/airflow_project/airflow_venv/lib/python3.12/site-packages/airflow/example_dags/example_python_operator.py
[2026-04-29T09:25:21.541+0300] {processor.py:830} INFO - Processing file /mnt/d/airflow/airflow_project/airflow_venv/lib/python3.12/site-packages/airflow/example_dags/example_python_operator.py for tasks to queue
[2026-04-29T09:25:21.554+0300] {logging_mixin.py:188} INFO - [2026-04-29T09:25:21.553+0300] {dagbag.py:545} INFO - Filling up the DagBag from /mnt/d/airflow/airflow_project/airflow_venv/lib/python3.12/site-packages/airflow/example_dags/example_python_operator.py
[2026-04-29T09:25:21.653+0300] {processor.py:840} INFO - DAG(s) 'example_python_operator' retrieved from /mnt/d/airflow/airflow_project/airflow_venv/lib/python3.12/site-packages/airflow/example_dags/example_python_operator.py
[2026-04-29T09:25:21.708+0300] {logging_mixin.py:188} INFO - [2026-04-29T09:25:21.704+0300] {dag.py:3089} INFO - Sync 1 DAGs
[2026-04-29T09:25:21.738+0300] {logging_mixin.py:188} INFO - [2026-04-29T09:25:21.734+0300] {dag.py:3947} INFO - Setting next_dagrun for example_python_operator to None, run_after=None
[2026-04-29T09:25:21.933+0300] {processor.py:183} INFO - Processing /mnt/d/airflow/airflow_project/airflow_venv/lib/python3.12/site-packages/airflow/example_dags/example_python_operator.py took 0.430 seconds
[2026-04-29T09:27:44.283+0300] {processor.py:161} INFO - Started process (PID=30841) to work on /mnt/d/airflow/airflow_project/airflow_venv/lib/python3.12/site-packages/airflow/example_dags/example_python_operator.py
[2026-04-29T09:27:44.287+0300] {processor.py:830} INFO - Processing file /mnt/d/airflow/airflow_project/airflow_venv/lib/python3.12/site-packages/airflow/example_dags/example_python_operator.py for tasks to queue
[2026-04-29T09:27:44.294+0300] {logging_mixin.py:188} INFO - [2026-04-29T09:27:44.291+0300] {dagbag.py:545} INFO - Filling up the DagBag from /mnt/d/airflow/airflow_project/airflow_venv/lib/python3.12/site-packages/airflow/example_dags/example_python_operator.py
[2026-04-29T09:27:44.415+0300] {processor.py:840} INFO - DAG(s) 'example_python_operator' retrieved from /mnt/d/airflow/airflow_project/airflow_venv/lib/python3.12/site-packages/airflow/example_dags/example_python_operator.py
[2026-04-29T09:27:44.490+0300] {logging_mixin.py:188} INFO - [2026-04-29T09:27:44.487+0300] {dag.py:3089} INFO - Sync 1 DAGs
[2026-04-29T09:27:44.517+0300] {logging_mixin.py:188} INFO - [2026-04-29T09:27:44.514+0300] {dag.py:3947} INFO - Setting next_dagrun for example_python_operator to None, run_after=None
[2026-04-29T09:27:44.713+0300] {processor.py:183} INFO - Processing /mnt/d/airflow/airflow_project/airflow_venv/lib/python3.12/site-packages/airflow/example_dags/example_python_operator.py took 0.464 seconds
[2026-04-29T09:28:58.987+0300] {processor.py:161} INFO - Started process (PID=31281) to work on /mnt/d/airflow/airflow_project/airflow_venv/lib/python3.12/site-packages/airflow/example_dags/example_python_operator.py
[2026-04-29T09:28:58.991+0300] {processor.py:830} INFO - Processing file /mnt/d/airflow/airflow_project/airflow_venv/lib/python3.12/site-packages/airflow/example_dags/example_python_operator.py for tasks to queue
[2026-04-29T09:28:58.999+0300] {logging_mixin.py:188} INFO - [2026-04-29T09:28:58.996+0300] {dagbag.py:545} INFO - Filling up the DagBag from /mnt/d/airflow/airflow_project/airflow_venv/lib/python3.12/site-packages/airflow/example_dags/example_python_operator.py
[2026-04-29T09:28:59.111+0300] {processor.py:840} INFO - DAG(s) 'example_python_operator' retrieved from /mnt/d/airflow/airflow_project/airflow_venv/lib/python3.12/site-packages/airflow/example_dags/example_python_operator.py
[2026-04-29T09:28:59.188+0300] {logging_mixin.py:188} INFO - [2026-04-29T09:28:59.185+0300] {dag.py:3089} INFO - Sync 1 DAGs
[2026-04-29T09:28:59.215+0300] {logging_mixin.py:188} INFO - [2026-04-29T09:28:59.213+0300] {dag.py:3947} INFO - Setting next_dagrun for example_python_operator to None, run_after=None
[2026-04-29T09:28:59.414+0300] {processor.py:183} INFO - Processing /mnt/d/airflow/airflow_project/airflow_venv/lib/python3.12/site-packages/airflow/example_dags/example_python_operator.py took 0.459 seconds
[2026-04-29T09:30:34.232+0300] {processor.py:161} INFO - Started process (PID=31850) to work on /mnt/d/airflow/airflow_project/airflow_venv/lib/python3.12/site-packages/airflow/example_dags/example_python_operator.py
[2026-04-29T09:30:34.235+0300] {processor.py:830} INFO - Processing file /mnt/d/airflow/airflow_project/airflow_venv/lib/python3.12/site-packages/airflow/example_dags/example_python_operator.py for tasks to queue
[2026-04-29T09:30:34.241+0300] {logging_mixin.py:188} INFO - [2026-04-29T09:30:34.239+0300] {dagbag.py:545} INFO - Filling up the DagBag from /mnt/d/airflow/airflow_project/airflow_venv/lib/python3.12/site-packages/airflow/example_dags/example_python_operator.py
[2026-04-29T09:30:34.416+0300] {processor.py:840} INFO - DAG(s) 'example_python_operator' retrieved from /mnt/d/airflow/airflow_project/airflow_venv/lib/python3.12/site-packages/airflow/example_dags/example_python_operator.py
[2026-04-29T09:30:34.467+0300] {logging_mixin.py:188} INFO - [2026-04-29T09:30:34.464+0300] {dag.py:3089} INFO - Sync 1 DAGs
[2026-04-29T09:30:34.511+0300] {logging_mixin.py:188} INFO - [2026-04-29T09:30:34.508+0300] {dag.py:3947} INFO - Setting next_dagrun for example_python_operator to None, run_after=None
[2026-04-29T09:30:34.657+0300] {processor.py:183} INFO - Processing /mnt/d/airflow/airflow_project/airflow_venv/lib/python3.12/site-packages/airflow/example_dags/example_python_operator.py took 0.457 seconds
[2026-04-29T09:31:47.082+0300] {processor.py:161} INFO - Started process (PID=32278) to work on /mnt/d/airflow/airflow_project/airflow_venv/lib/python3.12/site-packages/airflow/example_dags/example_python_operator.py
[2026-04-29T09:31:47.085+0300] {processor.py:830} INFO - Processing file /mnt/d/airflow/airflow_project/airflow_venv/lib/python3.12/site-packages/airflow/example_dags/example_python_operator.py for tasks to queue
[2026-04-29T09:31:47.090+0300] {logging_mixin.py:188} INFO - [2026-04-29T09:31:47.087+0300] {dagbag.py:545} INFO - Filling up the DagBag from /mnt/d/airflow/airflow_project/airflow_venv/lib/python3.12/site-packages/airflow/example_dags/example_python_operator.py
[2026-04-29T09:31:47.147+0300] {processor.py:840} INFO - DAG(s) 'example_python_operator' retrieved from /mnt/d/airflow/airflow_project/airflow_venv/lib/python3.12/site-packages/airflow/example_dags/example_python_operator.py
[2026-04-29T09:31:47.193+0300] {logging_mixin.py:188} INFO - [2026-04-29T09:31:47.191+0300] {dag.py:3089} INFO - Sync 1 DAGs
[2026-04-29T09:31:47.210+0300] {logging_mixin.py:188} INFO - [2026-04-29T09:31:47.209+0300] {dag.py:3947} INFO - Setting next_dagrun for example_python_operator to None, run_after=None
[2026-04-29T09:31:47.338+0300] {processor.py:183} INFO - Processing /mnt/d/airflow/airflow_project/airflow_venv/lib/python3.12/site-packages/airflow/example_dags/example_python_operator.py took 0.269 seconds
[2026-04-29T09:34:07.552+0300] {processor.py:161} INFO - Started process (PID=33111) to work on /mnt/d/airflow/airflow_project/airflow_venv/lib/python3.12/site-packages/airflow/example_dags/example_python_operator.py
[2026-04-29T09:34:07.557+0300] {processor.py:830} INFO - Processing file /mnt/d/airflow/airflow_project/airflow_venv/lib/python3.12/site-packages/airflow/example_dags/example_python_operator.py for tasks to queue
[2026-04-29T09:34:07.564+0300] {logging_mixin.py:188} INFO - [2026-04-29T09:34:07.560+0300] {dagbag.py:545} INFO - Filling up the DagBag from /mnt/d/airflow/airflow_project/airflow_venv/lib/python3.12/site-packages/airflow/example_dags/example_python_operator.py
[2026-04-29T09:34:07.662+0300] {processor.py:840} INFO - DAG(s) 'example_python_operator' retrieved from /mnt/d/airflow/airflow_project/airflow_venv/lib/python3.12/site-packages/airflow/example_dags/example_python_operator.py
[2026-04-29T09:34:07.720+0300] {logging_mixin.py:188} INFO - [2026-04-29T09:34:07.719+0300] {dag.py:3089} INFO - Sync 1 DAGs
[2026-04-29T09:34:07.747+0300] {logging_mixin.py:188} INFO - [2026-04-29T09:34:07.745+0300] {dag.py:3947} INFO - Setting next_dagrun for example_python_operator to None, run_after=None
[2026-04-29T09:34:07.935+0300] {processor.py:183} INFO - Processing /mnt/d/airflow/airflow_project/airflow_venv/lib/python3.12/site-packages/airflow/example_dags/example_python_operator.py took 0.412 seconds
[2026-04-29T09:36:20.119+0300] {processor.py:161} INFO - Started process (PID=33906) to work on /mnt/d/airflow/airflow_project/airflow_venv/lib/python3.12/site-packages/airflow/example_dags/example_python_operator.py
[2026-04-29T09:36:20.124+0300] {processor.py:830} INFO - Processing file /mnt/d/airflow/airflow_project/airflow_venv/lib/python3.12/site-packages/airflow/example_dags/example_python_operator.py for tasks to queue
[2026-04-29T09:36:20.128+0300] {logging_mixin.py:188} INFO - [2026-04-29T09:36:20.127+0300] {dagbag.py:545} INFO - Filling up the DagBag from /mnt/d/airflow/airflow_project/airflow_venv/lib/python3.12/site-packages/airflow/example_dags/example_python_operator.py
[2026-04-29T09:36:20.187+0300] {processor.py:840} INFO - DAG(s) 'example_python_operator' retrieved from /mnt/d/airflow/airflow_project/airflow_venv/lib/python3.12/site-packages/airflow/example_dags/example_python_operator.py
[2026-04-29T09:36:20.239+0300] {logging_mixin.py:188} INFO - [2026-04-29T09:36:20.237+0300] {dag.py:3089} INFO - Sync 1 DAGs
[2026-04-29T09:36:20.264+0300] {logging_mixin.py:188} INFO - [2026-04-29T09:36:20.262+0300] {dag.py:3947} INFO - Setting next_dagrun for example_python_operator to None, run_after=None
[2026-04-29T09:36:20.418+0300] {processor.py:183} INFO - Processing /mnt/d/airflow/airflow_project/airflow_venv/lib/python3.12/site-packages/airflow/example_dags/example_python_operator.py took 0.316 seconds
[2026-04-29T09:38:21.812+0300] {processor.py:161} INFO - Started process (PID=34664) to work on /mnt/d/airflow/airflow_project/airflow_venv/lib/python3.12/site-packages/airflow/example_dags/example_python_operator.py
[2026-04-29T09:38:21.816+0300] {processor.py:830} INFO - Processing file /mnt/d/airflow/airflow_project/airflow_venv/lib/python3.12/site-packages/airflow/example_dags/example_python_operator.py for tasks to queue
[2026-04-29T09:38:21.824+0300] {logging_mixin.py:188} INFO - [2026-04-29T09:38:21.821+0300] {dagbag.py:545} INFO - Filling up the DagBag from /mnt/d/airflow/airflow_project/airflow_venv/lib/python3.12/site-packages/airflow/example_dags/example_python_operator.py
[2026-04-29T09:38:21.894+0300] {processor.py:840} INFO - DAG(s) 'example_python_operator' retrieved from /mnt/d/airflow/airflow_project/airflow_venv/lib/python3.12/site-packages/airflow/example_dags/example_python_operator.py
[2026-04-29T09:38:21.946+0300] {logging_mixin.py:188} INFO - [2026-04-29T09:38:21.944+0300] {dag.py:3089} INFO - Sync 1 DAGs
[2026-04-29T09:38:21.975+0300] {logging_mixin.py:188} INFO - [2026-04-29T09:38:21.971+0300] {dag.py:3947} INFO - Setting next_dagrun for example_python_operator to None, run_after=None
[2026-04-29T09:38:22.123+0300] {processor.py:183} INFO - Processing /mnt/d/airflow/airflow_project/airflow_venv/lib/python3.12/site-packages/airflow/example_dags/example_python_operator.py took 0.343 seconds
[2026-04-29T09:40:27.405+0300] {processor.py:161} INFO - Started process (PID=35395) to work on /mnt/d/airflow/airflow_project/airflow_venv/lib/python3.12/site-packages/airflow/example_dags/example_python_operator.py
[2026-04-29T09:40:27.407+0300] {processor.py:830} INFO - Processing file /mnt/d/airflow/airflow_project/airflow_venv/lib/python3.12/site-packages/airflow/example_dags/example_python_operator.py for tasks to queue
[2026-04-29T09:40:27.411+0300] {logging_mixin.py:188} INFO - [2026-04-29T09:40:27.410+0300] {dagbag.py:545} INFO - Filling up the DagBag from /mnt/d/airflow/airflow_project/airflow_venv/lib/python3.12/site-packages/airflow/example_dags/example_python_operator.py
[2026-04-29T09:40:27.457+0300] {processor.py:840} INFO - DAG(s) 'example_python_operator' retrieved from /mnt/d/airflow/airflow_project/airflow_venv/lib/python3.12/site-packages/airflow/example_dags/example_python_operator.py
[2026-04-29T09:40:27.499+0300] {logging_mixin.py:188} INFO - [2026-04-29T09:40:27.498+0300] {dag.py:3089} INFO - Sync 1 DAGs
[2026-04-29T09:40:27.519+0300] {logging_mixin.py:188} INFO - [2026-04-29T09:40:27.518+0300] {dag.py:3947} INFO - Setting next_dagrun for example_python_operator to None, run_after=None
[2026-04-29T09:40:27.683+0300] {processor.py:183} INFO - Processing /mnt/d/airflow/airflow_project/airflow_venv/lib/python3.12/site-packages/airflow/example_dags/example_python_operator.py took 0.294 seconds
[2026-04-29T09:42:35.028+0300] {processor.py:161} INFO - Started process (PID=36115) to work on /mnt/d/airflow/airflow_project/airflow_venv/lib/python3.12/site-packages/airflow/example_dags/example_python_operator.py
[2026-04-29T09:42:35.032+0300] {processor.py:830} INFO - Processing file /mnt/d/airflow/airflow_project/airflow_venv/lib/python3.12/site-packages/airflow/example_dags/example_python_operator.py for tasks to queue
[2026-04-29T09:42:35.040+0300] {logging_mixin.py:188} INFO - [2026-04-29T09:42:35.037+0300] {dagbag.py:545} INFO - Filling up the DagBag from /mnt/d/airflow/airflow_project/airflow_venv/lib/python3.12/site-packages/airflow/example_dags/example_python_operator.py
[2026-04-29T09:42:35.134+0300] {processor.py:840} INFO - DAG(s) 'example_python_operator' retrieved from /mnt/d/airflow/airflow_project/airflow_venv/lib/python3.12/site-packages/airflow/example_dags/example_python_operator.py
[2026-04-29T09:42:35.191+0300] {logging_mixin.py:188} INFO - [2026-04-29T09:42:35.189+0300] {dag.py:3089} INFO - Sync 1 DAGs
[2026-04-29T09:42:35.220+0300] {logging_mixin.py:188} INFO - [2026-04-29T09:42:35.217+0300] {dag.py:3947} INFO - Setting next_dagrun for example_python_operator to None, run_after=None
[2026-04-29T09:42:35.403+0300] {processor.py:183} INFO - Processing /mnt/d/airflow/airflow_project/airflow_venv/lib/python3.12/site-packages/airflow/example_dags/example_python_operator.py took 0.407 seconds
[2026-04-29T09:45:10.291+0300] {processor.py:161} INFO - Started process (PID=37047) to work on /mnt/d/airflow/airflow_project/airflow_venv/lib/python3.12/site-packages/airflow/example_dags/example_python_operator.py
[2026-04-29T09:45:10.297+0300] {processor.py:830} INFO - Processing file /mnt/d/airflow/airflow_project/airflow_venv/lib/python3.12/site-packages/airflow/example_dags/example_python_operator.py for tasks to queue
[2026-04-29T09:45:10.307+0300] {logging_mixin.py:188} INFO - [2026-04-29T09:45:10.303+0300] {dagbag.py:545} INFO - Filling up the DagBag from /mnt/d/airflow/airflow_project/airflow_venv/lib/python3.12/site-packages/airflow/example_dags/example_python_operator.py
[2026-04-29T09:45:10.403+0300] {processor.py:840} INFO - DAG(s) 'example_python_operator' retrieved from /mnt/d/airflow/airflow_project/airflow_venv/lib/python3.12/site-packages/airflow/example_dags/example_python_operator.py
[2026-04-29T09:45:12.150+0300] {logging_mixin.py:188} INFO - [2026-04-29T09:45:12.147+0300] {dag.py:3089} INFO - Sync 1 DAGs
[2026-04-29T09:45:12.176+0300] {logging_mixin.py:188} INFO - [2026-04-29T09:45:12.173+0300] {dag.py:3947} INFO - Setting next_dagrun for example_python_operator to None, run_after=None
[2026-04-29T09:45:12.389+0300] {processor.py:183} INFO - Processing /mnt/d/airflow/airflow_project/airflow_venv/lib/python3.12/site-packages/airflow/example_dags/example_python_operator.py took 2.136 seconds
[2026-04-29T09:46:49.405+0300] {processor.py:161} INFO - Started process (PID=37600) to work on /mnt/d/airflow/airflow_project/airflow_venv/lib/python3.12/site-packages/airflow/example_dags/example_python_operator.py
[2026-04-29T09:46:49.408+0300] {processor.py:830} INFO - Processing file /mnt/d/airflow/airflow_project/airflow_venv/lib/python3.12/site-packages/airflow/example_dags/example_python_operator.py for tasks to queue
[2026-04-29T09:46:49.417+0300] {logging_mixin.py:188} INFO - [2026-04-29T09:46:49.414+0300] {dagbag.py:545} INFO - Filling up the DagBag from /mnt/d/airflow/airflow_project/airflow_venv/lib/python3.12/site-packages/airflow/example_dags/example_python_operator.py
[2026-04-29T09:46:49.490+0300] {processor.py:840} INFO - DAG(s) 'example_python_operator' retrieved from /mnt/d/airflow/airflow_project/airflow_venv/lib/python3.12/site-packages/airflow/example_dags/example_python_operator.py
[2026-04-29T09:46:49.543+0300] {logging_mixin.py:188} INFO - [2026-04-29T09:46:49.541+0300] {dag.py:3089} INFO - Sync 1 DAGs
[2026-04-29T09:46:49.565+0300] {logging_mixin.py:188} INFO - [2026-04-29T09:46:49.563+0300] {dag.py:3947} INFO - Setting next_dagrun for example_python_operator to None, run_after=None
[2026-04-29T09:46:49.748+0300] {processor.py:183} INFO - Processing /mnt/d/airflow/airflow_project/airflow_venv/lib/python3.12/site-packages/airflow/example_dags/example_python_operator.py took 0.365 seconds
[2026-04-29T09:48:26.482+0300] {processor.py:161} INFO - Started process (PID=38133) to work on /mnt/d/airflow/airflow_project/airflow_venv/lib/python3.12/site-packages/airflow/example_dags/example_python_operator.py
[2026-04-29T09:48:26.489+0300] {processor.py:830} INFO - Processing file /mnt/d/airflow/airflow_project/airflow_venv/lib/python3.12/site-packages/airflow/example_dags/example_python_operator.py for tasks to queue
[2026-04-29T09:48:26.501+0300] {logging_mixin.py:188} INFO - [2026-04-29T09:48:26.496+0300] {dagbag.py:545} INFO - Filling up the DagBag from /mnt/d/airflow/airflow_project/airflow_venv/lib/python3.12/site-packages/airflow/example_dags/example_python_operator.py
[2026-04-29T09:48:26.610+0300] {processor.py:840} INFO - DAG(s) 'example_python_operator' retrieved from /mnt/d/airflow/airflow_project/airflow_venv/lib/python3.12/site-packages/airflow/example_dags/example_python_operator.py
[2026-04-29T09:48:26.689+0300] {logging_mixin.py:188} INFO - [2026-04-29T09:48:26.685+0300] {dag.py:3089} INFO - Sync 1 DAGs
[2026-04-29T09:48:26.724+0300] {logging_mixin.py:188} INFO - [2026-04-29T09:48:26.720+0300] {dag.py:3947} INFO - Setting next_dagrun for example_python_operator to None, run_after=None
[2026-04-29T09:48:26.903+0300] {processor.py:183} INFO - Processing /mnt/d/airflow/airflow_project/airflow_venv/lib/python3.12/site-packages/airflow/example_dags/example_python_operator.py took 0.460 seconds
[2026-04-29T09:49:41.425+0300] {processor.py:161} INFO - Started process (PID=38571) to work on /mnt/d/airflow/airflow_project/airflow_venv/lib/python3.12/site-packages/airflow/example_dags/example_python_operator.py
[2026-04-29T09:49:41.430+0300] {processor.py:830} INFO - Processing file /mnt/d/airflow/airflow_project/airflow_venv/lib/python3.12/site-packages/airflow/example_dags/example_python_operator.py for tasks to queue
[2026-04-29T09:49:41.438+0300] {logging_mixin.py:188} INFO - [2026-04-29T09:49:41.435+0300] {dagbag.py:545} INFO - Filling up the DagBag from /mnt/d/airflow/airflow_project/airflow_venv/lib/python3.12/site-packages/airflow/example_dags/example_python_operator.py
[2026-04-29T09:49:41.544+0300] {processor.py:840} INFO - DAG(s) 'example_python_operator' retrieved from /mnt/d/airflow/airflow_project/airflow_venv/lib/python3.12/site-packages/airflow/example_dags/example_python_operator.py
[2026-04-29T09:49:41.617+0300] {logging_mixin.py:188} INFO - [2026-04-29T09:49:41.614+0300] {dag.py:3089} INFO - Sync 1 DAGs
[2026-04-29T09:49:41.645+0300] {logging_mixin.py:188} INFO - [2026-04-29T09:49:41.642+0300] {dag.py:3947} INFO - Setting next_dagrun for example_python_operator to None, run_after=None
[2026-04-29T09:49:41.842+0300] {processor.py:183} INFO - Processing /mnt/d/airflow/airflow_project/airflow_venv/lib/python3.12/site-packages/airflow/example_dags/example_python_operator.py took 0.449 seconds
[2026-04-29T09:51:57.468+0300] {processor.py:161} INFO - Started process (PID=39349) to work on /mnt/d/airflow/airflow_project/airflow_venv/lib/python3.12/site-packages/airflow/example_dags/example_python_operator.py
[2026-04-29T09:51:57.470+0300] {processor.py:830} INFO - Processing file /mnt/d/airflow/airflow_project/airflow_venv/lib/python3.12/site-packages/airflow/example_dags/example_python_operator.py for tasks to queue
[2026-04-29T09:51:57.476+0300] {logging_mixin.py:188} INFO - [2026-04-29T09:51:57.473+0300] {dagbag.py:545} INFO - Filling up the DagBag from /mnt/d/airflow/airflow_project/airflow_venv/lib/python3.12/site-packages/airflow/example_dags/example_python_operator.py
[2026-04-29T09:51:57.520+0300] {processor.py:840} INFO - DAG(s) 'example_python_operator' retrieved from /mnt/d/airflow/airflow_project/airflow_venv/lib/python3.12/site-packages/airflow/example_dags/example_python_operator.py
[2026-04-29T09:51:57.572+0300] {logging_mixin.py:188} INFO - [2026-04-29T09:51:57.569+0300] {dag.py:3089} INFO - Sync 1 DAGs
[2026-04-29T09:51:57.598+0300] {logging_mixin.py:188} INFO - [2026-04-29T09:51:57.596+0300] {dag.py:3947} INFO - Setting next_dagrun for example_python_operator to None, run_after=None
[2026-04-29T09:51:57.876+0300] {processor.py:183} INFO - Processing /mnt/d/airflow/airflow_project/airflow_venv/lib/python3.12/site-packages/airflow/example_dags/example_python_operator.py took 0.424 seconds
[2026-04-29T09:56:12.468+0300] {processor.py:161} INFO - Started process (PID=40799) to work on /mnt/d/airflow/airflow_project/airflow_venv/lib/python3.12/site-packages/airflow/example_dags/example_python_operator.py
[2026-04-29T09:56:12.471+0300] {processor.py:830} INFO - Processing file /mnt/d/airflow/airflow_project/airflow_venv/lib/python3.12/site-packages/airflow/example_dags/example_python_operator.py for tasks to queue
[2026-04-29T09:56:12.476+0300] {logging_mixin.py:188} INFO - [2026-04-29T09:56:12.475+0300] {dagbag.py:545} INFO - Filling up the DagBag from /mnt/d/airflow/airflow_project/airflow_venv/lib/python3.12/site-packages/airflow/example_dags/example_python_operator.py
[2026-04-29T09:56:12.541+0300] {processor.py:840} INFO - DAG(s) 'example_python_operator' retrieved from /mnt/d/airflow/airflow_project/airflow_venv/lib/python3.12/site-packages/airflow/example_dags/example_python_operator.py
[2026-04-29T09:56:12.601+0300] {logging_mixin.py:188} INFO - [2026-04-29T09:56:12.598+0300] {dag.py:3089} INFO - Sync 1 DAGs
[2026-04-29T09:56:12.630+0300] {logging_mixin.py:188} INFO - [2026-04-29T09:56:12.627+0300] {dag.py:3947} INFO - Setting next_dagrun for example_python_operator to None, run_after=None
[2026-04-29T09:56:12.750+0300] {processor.py:183} INFO - Processing /mnt/d/airflow/airflow_project/airflow_venv/lib/python3.12/site-packages/airflow/example_dags/example_python_operator.py took 0.305 seconds
[2026-04-29T09:59:09.339+0300] {processor.py:161} INFO - Started process (PID=41819) to work on /mnt/d/airflow/airflow_project/airflow_venv/lib/python3.12/site-packages/airflow/example_dags/example_python_operator.py
[2026-04-29T09:59:09.342+0300] {processor.py:830} INFO - Processing file /mnt/d/airflow/airflow_project/airflow_venv/lib/python3.12/site-packages/airflow/example_dags/example_python_operator.py for tasks to queue
[2026-04-29T09:59:09.348+0300] {logging_mixin.py:188} INFO - [2026-04-29T09:59:09.345+0300] {dagbag.py:545} INFO - Filling up the DagBag from /mnt/d/airflow/airflow_project/airflow_venv/lib/python3.12/site-packages/airflow/example_dags/example_python_operator.py
[2026-04-29T09:59:09.396+0300] {processor.py:840} INFO - DAG(s) 'example_python_operator' retrieved from /mnt/d/airflow/airflow_project/airflow_venv/lib/python3.12/site-packages/airflow/example_dags/example_python_operator.py
[2026-04-29T09:59:09.441+0300] {logging_mixin.py:188} INFO - [2026-04-29T09:59:09.438+0300] {dag.py:3089} INFO - Sync 1 DAGs
[2026-04-29T09:59:09.470+0300] {logging_mixin.py:188} INFO - [2026-04-29T09:59:09.466+0300] {dag.py:3947} INFO - Setting next_dagrun for example_python_operator to None, run_after=None
[2026-04-29T09:59:09.619+0300] {processor.py:183} INFO - Processing /mnt/d/airflow/airflow_project/airflow_venv/lib/python3.12/site-packages/airflow/example_dags/example_python_operator.py took 0.300 seconds
[2026-04-29T10:01:08.362+0300] {processor.py:161} INFO - Started process (PID=42456) to work on /mnt/d/airflow/airflow_project/airflow_venv/lib/python3.12/site-packages/airflow/example_dags/example_python_operator.py
[2026-04-29T10:01:08.366+0300] {processor.py:830} INFO - Processing file /mnt/d/airflow/airflow_project/airflow_venv/lib/python3.12/site-packages/airflow/example_dags/example_python_operator.py for tasks to queue
[2026-04-29T10:01:08.375+0300] {logging_mixin.py:188} INFO - [2026-04-29T10:01:08.370+0300] {dagbag.py:545} INFO - Filling up the DagBag from /mnt/d/airflow/airflow_project/airflow_venv/lib/python3.12/site-packages/airflow/example_dags/example_python_operator.py
[2026-04-29T10:01:08.470+0300] {processor.py:840} INFO - DAG(s) 'example_python_operator' retrieved from /mnt/d/airflow/airflow_project/airflow_venv/lib/python3.12/site-packages/airflow/example_dags/example_python_operator.py
[2026-04-29T10:01:08.536+0300] {logging_mixin.py:188} INFO - [2026-04-29T10:01:08.533+0300] {dag.py:3089} INFO - Sync 1 DAGs
[2026-04-29T10:01:08.662+0300] {logging_mixin.py:188} INFO - [2026-04-29T10:01:08.660+0300] {dag.py:3947} INFO - Setting next_dagrun for example_python_operator to None, run_after=None
[2026-04-29T10:01:08.762+0300] {processor.py:183} INFO - Processing /mnt/d/airflow/airflow_project/airflow_venv/lib/python3.12/site-packages/airflow/example_dags/example_python_operator.py took 0.433 seconds
[2026-04-29T10:03:00.923+0300] {processor.py:161} INFO - Started process (PID=43073) to work on /mnt/d/airflow/airflow_project/airflow_venv/lib/python3.12/site-packages/airflow/example_dags/example_python_operator.py
[2026-04-29T10:03:00.928+0300] {processor.py:830} INFO - Processing file /mnt/d/airflow/airflow_project/airflow_venv/lib/python3.12/site-packages/airflow/example_dags/example_python_operator.py for tasks to queue
[2026-04-29T10:03:00.939+0300] {logging_mixin.py:188} INFO - [2026-04-29T10:03:00.935+0300] {dagbag.py:545} INFO - Filling up the DagBag from /mnt/d/airflow/airflow_project/airflow_venv/lib/python3.12/site-packages/airflow/example_dags/example_python_operator.py
[2026-04-29T10:03:01.029+0300] {processor.py:840} INFO - DAG(s) 'example_python_operator' retrieved from /mnt/d/airflow/airflow_project/airflow_venv/lib/python3.12/site-packages/airflow/example_dags/example_python_operator.py
[2026-04-29T10:03:01.085+0300] {logging_mixin.py:188} INFO - [2026-04-29T10:03:01.083+0300] {dag.py:3089} INFO - Sync 1 DAGs
[2026-04-29T10:03:01.107+0300] {logging_mixin.py:188} INFO - [2026-04-29T10:03:01.106+0300] {dag.py:3947} INFO - Setting next_dagrun for example_python_operator to None, run_after=None
[2026-04-29T10:03:01.252+0300] {processor.py:183} INFO - Processing /mnt/d/airflow/airflow_project/airflow_venv/lib/python3.12/site-packages/airflow/example_dags/example_python_operator.py took 0.363 seconds
[2026-04-29T10:05:42.016+0300] {processor.py:161} INFO - Started process (PID=43998) to work on /mnt/d/airflow/airflow_project/airflow_venv/lib/python3.12/site-packages/airflow/example_dags/example_python_operator.py
[2026-04-29T10:05:42.021+0300] {processor.py:830} INFO - Processing file /mnt/d/airflow/airflow_project/airflow_venv/lib/python3.12/site-packages/airflow/example_dags/example_python_operator.py for tasks to queue
[2026-04-29T10:05:42.029+0300] {logging_mixin.py:188} INFO - [2026-04-29T10:05:42.026+0300] {dagbag.py:545} INFO - Filling up the DagBag from /mnt/d/airflow/airflow_project/airflow_venv/lib/python3.12/site-packages/airflow/example_dags/example_python_operator.py
[2026-04-29T10:05:42.140+0300] {processor.py:840} INFO - DAG(s) 'example_python_operator' retrieved from /mnt/d/airflow/airflow_project/airflow_venv/lib/python3.12/site-packages/airflow/example_dags/example_python_operator.py
[2026-04-29T10:05:42.216+0300] {logging_mixin.py:188} INFO - [2026-04-29T10:05:42.213+0300] {dag.py:3089} INFO - Sync 1 DAGs
[2026-04-29T10:05:42.245+0300] {logging_mixin.py:188} INFO - [2026-04-29T10:05:42.242+0300] {dag.py:3947} INFO - Setting next_dagrun for example_python_operator to None, run_after=None
[2026-04-29T10:05:42.482+0300] {processor.py:183} INFO - Processing /mnt/d/airflow/airflow_project/airflow_venv/lib/python3.12/site-packages/airflow/example_dags/example_python_operator.py took 0.501 seconds
[2026-04-29T10:08:01.427+0300] {processor.py:161} INFO - Started process (PID=44779) to work on /mnt/d/airflow/airflow_project/airflow_venv/lib/python3.12/site-packages/airflow/example_dags/example_python_operator.py
[2026-04-29T10:08:01.429+0300] {processor.py:830} INFO - Processing file /mnt/d/airflow/airflow_project/airflow_venv/lib/python3.12/site-packages/airflow/example_dags/example_python_operator.py for tasks to queue
[2026-04-29T10:08:01.433+0300] {logging_mixin.py:188} INFO - [2026-04-29T10:08:01.432+0300] {dagbag.py:545} INFO - Filling up the DagBag from /mnt/d/airflow/airflow_project/airflow_venv/lib/python3.12/site-packages/airflow/example_dags/example_python_operator.py
[2026-04-29T10:08:01.470+0300] {processor.py:840} INFO - DAG(s) 'example_python_operator' retrieved from /mnt/d/airflow/airflow_project/airflow_venv/lib/python3.12/site-packages/airflow/example_dags/example_python_operator.py
[2026-04-29T10:08:01.640+0300] {logging_mixin.py:188} INFO - [2026-04-29T10:08:01.639+0300] {dag.py:3089} INFO - Sync 1 DAGs
[2026-04-29T10:08:01.654+0300] {logging_mixin.py:188} INFO - [2026-04-29T10:08:01.653+0300] {dag.py:3947} INFO - Setting next_dagrun for example_python_operator to None, run_after=None
[2026-04-29T10:08:01.809+0300] {processor.py:183} INFO - Processing /mnt/d/airflow/airflow_project/airflow_venv/lib/python3.12/site-packages/airflow/example_dags/example_python_operator.py took 0.398 seconds
[2026-04-29T10:10:01.883+0300] {processor.py:161} INFO - Started process (PID=45437) to work on /mnt/d/airflow/airflow_project/airflow_venv/lib/python3.12/site-packages/airflow/example_dags/example_python_operator.py
[2026-04-29T10:10:01.885+0300] {processor.py:830} INFO - Processing file /mnt/d/airflow/airflow_project/airflow_venv/lib/python3.12/site-packages/airflow/example_dags/example_python_operator.py for tasks to queue
[2026-04-29T10:10:01.891+0300] {logging_mixin.py:188} INFO - [2026-04-29T10:10:01.888+0300] {dagbag.py:545} INFO - Filling up the DagBag from /mnt/d/airflow/airflow_project/airflow_venv/lib/python3.12/site-packages/airflow/example_dags/example_python_operator.py
[2026-04-29T10:10:01.967+0300] {processor.py:840} INFO - DAG(s) 'example_python_operator' retrieved from /mnt/d/airflow/airflow_project/airflow_venv/lib/python3.12/site-packages/airflow/example_dags/example_python_operator.py
[2026-04-29T10:10:02.026+0300] {logging_mixin.py:188} INFO - [2026-04-29T10:10:02.024+0300] {dag.py:3089} INFO - Sync 1 DAGs
[2026-04-29T10:10:02.049+0300] {logging_mixin.py:188} INFO - [2026-04-29T10:10:02.047+0300] {dag.py:3947} INFO - Setting next_dagrun for example_python_operator to None, run_after=None
[2026-04-29T10:10:02.222+0300] {processor.py:183} INFO - Processing /mnt/d/airflow/airflow_project/airflow_venv/lib/python3.12/site-packages/airflow/example_dags/example_python_operator.py took 0.366 seconds
[2026-04-29T10:12:19.854+0300] {processor.py:161} INFO - Started process (PID=46196) to work on /mnt/d/airflow/airflow_project/airflow_venv/lib/python3.12/site-packages/airflow/example_dags/example_python_operator.py
[2026-04-29T10:12:19.858+0300] {processor.py:830} INFO - Processing file /mnt/d/airflow/airflow_project/airflow_venv/lib/python3.12/site-packages/airflow/example_dags/example_python_operator.py for tasks to queue
[2026-04-29T10:12:19.865+0300] {logging_mixin.py:188} INFO - [2026-04-29T10:12:19.862+0300] {dagbag.py:545} INFO - Filling up the DagBag from /mnt/d/airflow/airflow_project/airflow_venv/lib/python3.12/site-packages/airflow/example_dags/example_python_operator.py
[2026-04-29T10:12:19.953+0300] {processor.py:840} INFO - DAG(s) 'example_python_operator' retrieved from /mnt/d/airflow/airflow_project/airflow_venv/lib/python3.12/site-packages/airflow/example_dags/example_python_operator.py
[2026-04-29T10:12:20.009+0300] {logging_mixin.py:188} INFO - [2026-04-29T10:12:20.007+0300] {dag.py:3089} INFO - Sync 1 DAGs
[2026-04-29T10:12:20.031+0300] {logging_mixin.py:188} INFO - [2026-04-29T10:12:20.030+0300] {dag.py:3947} INFO - Setting next_dagrun for example_python_operator to None, run_after=None
[2026-04-29T10:12:20.148+0300] {processor.py:183} INFO - Processing /mnt/d/airflow/airflow_project/airflow_venv/lib/python3.12/site-packages/airflow/example_dags/example_python_operator.py took 0.318 seconds
