[2026-04-29T09:15:40.069+0300] {processor.py:161} INFO - Started process (PID=26682) to work on /mnt/d/airflow/airflow_project/airflow_venv/lib/python3.12/site-packages/airflow/example_dags/example_nested_branch_dag.py
[2026-04-29T09:15:40.070+0300] {processor.py:830} INFO - Processing file /mnt/d/airflow/airflow_project/airflow_venv/lib/python3.12/site-packages/airflow/example_dags/example_nested_branch_dag.py for tasks to queue
[2026-04-29T09:15:40.078+0300] {logging_mixin.py:188} INFO - [2026-04-29T09:15:40.075+0300] {dagbag.py:545} INFO - Filling up the DagBag from /mnt/d/airflow/airflow_project/airflow_venv/lib/python3.12/site-packages/airflow/example_dags/example_nested_branch_dag.py
[2026-04-29T09:15:40.130+0300] {processor.py:840} INFO - DAG(s) 'example_nested_branch_dag' retrieved from /mnt/d/airflow/airflow_project/airflow_venv/lib/python3.12/site-packages/airflow/example_dags/example_nested_branch_dag.py
[2026-04-29T09:15:41.362+0300] {logging_mixin.py:188} INFO - [2026-04-29T09:15:41.360+0300] {override.py:1858} INFO - Created Permission View: can edit on DAG:example_nested_branch_dag
[2026-04-29T09:15:41.423+0300] {logging_mixin.py:188} INFO - [2026-04-29T09:15:41.421+0300] {override.py:1858} INFO - Created Permission View: can delete on DAG:example_nested_branch_dag
[2026-04-29T09:15:41.477+0300] {logging_mixin.py:188} INFO - [2026-04-29T09:15:41.475+0300] {override.py:1858} INFO - Created Permission View: can read on DAG:example_nested_branch_dag
[2026-04-29T09:15:41.481+0300] {logging_mixin.py:188} INFO - [2026-04-29T09:15:41.480+0300] {dag.py:3089} INFO - Sync 1 DAGs
[2026-04-29T09:15:41.503+0300] {logging_mixin.py:188} INFO - [2026-04-29T09:15:41.501+0300] {dag.py:3111} INFO - Creating ORM DAG for example_nested_branch_dag
[2026-04-29T09:15:41.517+0300] {logging_mixin.py:188} INFO - [2026-04-29T09:15:41.516+0300] {dag.py:3947} INFO - Setting next_dagrun for example_nested_branch_dag to 2026-04-28 00:00:00+00:00, run_after=2026-04-29 00:00:00+00:00
[2026-04-29T09:15:41.688+0300] {processor.py:183} INFO - Processing /mnt/d/airflow/airflow_project/airflow_venv/lib/python3.12/site-packages/airflow/example_dags/example_nested_branch_dag.py took 1.634 seconds
[2026-04-29T09:17:42.728+0300] {processor.py:161} INFO - Started process (PID=27372) to work on /mnt/d/airflow/airflow_project/airflow_venv/lib/python3.12/site-packages/airflow/example_dags/example_nested_branch_dag.py
[2026-04-29T09:17:42.734+0300] {processor.py:830} INFO - Processing file /mnt/d/airflow/airflow_project/airflow_venv/lib/python3.12/site-packages/airflow/example_dags/example_nested_branch_dag.py for tasks to queue
[2026-04-29T09:17:42.743+0300] {logging_mixin.py:188} INFO - [2026-04-29T09:17:42.740+0300] {dagbag.py:545} INFO - Filling up the DagBag from /mnt/d/airflow/airflow_project/airflow_venv/lib/python3.12/site-packages/airflow/example_dags/example_nested_branch_dag.py
[2026-04-29T09:17:42.868+0300] {processor.py:840} INFO - DAG(s) 'example_nested_branch_dag' retrieved from /mnt/d/airflow/airflow_project/airflow_venv/lib/python3.12/site-packages/airflow/example_dags/example_nested_branch_dag.py
[2026-04-29T09:17:42.947+0300] {logging_mixin.py:188} INFO - [2026-04-29T09:17:42.942+0300] {dag.py:3089} INFO - Sync 1 DAGs
[2026-04-29T09:17:42.988+0300] {logging_mixin.py:188} INFO - [2026-04-29T09:17:42.986+0300] {dag.py:3947} INFO - Setting next_dagrun for example_nested_branch_dag to 2026-04-28 00:00:00+00:00, run_after=2026-04-29 00:00:00+00:00
[2026-04-29T09:17:43.182+0300] {processor.py:183} INFO - Processing /mnt/d/airflow/airflow_project/airflow_venv/lib/python3.12/site-packages/airflow/example_dags/example_nested_branch_dag.py took 0.490 seconds
[2026-04-29T09:19:54.052+0300] {processor.py:161} INFO - Started process (PID=28179) to work on /mnt/d/airflow/airflow_project/airflow_venv/lib/python3.12/site-packages/airflow/example_dags/example_nested_branch_dag.py
[2026-04-29T09:19:54.057+0300] {processor.py:830} INFO - Processing file /mnt/d/airflow/airflow_project/airflow_venv/lib/python3.12/site-packages/airflow/example_dags/example_nested_branch_dag.py for tasks to queue
[2026-04-29T09:19:54.063+0300] {logging_mixin.py:188} INFO - [2026-04-29T09:19:54.061+0300] {dagbag.py:545} INFO - Filling up the DagBag from /mnt/d/airflow/airflow_project/airflow_venv/lib/python3.12/site-packages/airflow/example_dags/example_nested_branch_dag.py
[2026-04-29T09:19:54.135+0300] {processor.py:840} INFO - DAG(s) 'example_nested_branch_dag' retrieved from /mnt/d/airflow/airflow_project/airflow_venv/lib/python3.12/site-packages/airflow/example_dags/example_nested_branch_dag.py
[2026-04-29T09:19:54.186+0300] {logging_mixin.py:188} INFO - [2026-04-29T09:19:54.184+0300] {dag.py:3089} INFO - Sync 1 DAGs
[2026-04-29T09:19:54.221+0300] {logging_mixin.py:188} INFO - [2026-04-29T09:19:54.218+0300] {dag.py:3947} INFO - Setting next_dagrun for example_nested_branch_dag to 2026-04-28 00:00:00+00:00, run_after=2026-04-29 00:00:00+00:00
[2026-04-29T09:19:54.401+0300] {processor.py:183} INFO - Processing /mnt/d/airflow/airflow_project/airflow_venv/lib/python3.12/site-packages/airflow/example_dags/example_nested_branch_dag.py took 0.374 seconds
[2026-04-29T09:22:07.736+0300] {processor.py:161} INFO - Started process (PID=28933) to work on /mnt/d/airflow/airflow_project/airflow_venv/lib/python3.12/site-packages/airflow/example_dags/example_nested_branch_dag.py
[2026-04-29T09:22:07.739+0300] {processor.py:830} INFO - Processing file /mnt/d/airflow/airflow_project/airflow_venv/lib/python3.12/site-packages/airflow/example_dags/example_nested_branch_dag.py for tasks to queue
[2026-04-29T09:22:07.742+0300] {logging_mixin.py:188} INFO - [2026-04-29T09:22:07.741+0300] {dagbag.py:545} INFO - Filling up the DagBag from /mnt/d/airflow/airflow_project/airflow_venv/lib/python3.12/site-packages/airflow/example_dags/example_nested_branch_dag.py
[2026-04-29T09:22:07.793+0300] {processor.py:840} INFO - DAG(s) 'example_nested_branch_dag' retrieved from /mnt/d/airflow/airflow_project/airflow_venv/lib/python3.12/site-packages/airflow/example_dags/example_nested_branch_dag.py
[2026-04-29T09:22:07.842+0300] {logging_mixin.py:188} INFO - [2026-04-29T09:22:07.841+0300] {dag.py:3089} INFO - Sync 1 DAGs
[2026-04-29T09:22:07.868+0300] {logging_mixin.py:188} INFO - [2026-04-29T09:22:07.867+0300] {dag.py:3947} INFO - Setting next_dagrun for example_nested_branch_dag to 2026-04-28 00:00:00+00:00, run_after=2026-04-29 00:00:00+00:00
[2026-04-29T09:22:07.959+0300] {processor.py:183} INFO - Processing /mnt/d/airflow/airflow_project/airflow_venv/lib/python3.12/site-packages/airflow/example_dags/example_nested_branch_dag.py took 0.240 seconds
[2026-04-29T09:24:09.147+0300] {processor.py:161} INFO - Started process (PID=29644) to work on /mnt/d/airflow/airflow_project/airflow_venv/lib/python3.12/site-packages/airflow/example_dags/example_nested_branch_dag.py
[2026-04-29T09:24:09.149+0300] {processor.py:830} INFO - Processing file /mnt/d/airflow/airflow_project/airflow_venv/lib/python3.12/site-packages/airflow/example_dags/example_nested_branch_dag.py for tasks to queue
[2026-04-29T09:24:09.151+0300] {logging_mixin.py:188} INFO - [2026-04-29T09:24:09.150+0300] {dagbag.py:545} INFO - Filling up the DagBag from /mnt/d/airflow/airflow_project/airflow_venv/lib/python3.12/site-packages/airflow/example_dags/example_nested_branch_dag.py
[2026-04-29T09:24:09.173+0300] {processor.py:840} INFO - DAG(s) 'example_nested_branch_dag' retrieved from /mnt/d/airflow/airflow_project/airflow_venv/lib/python3.12/site-packages/airflow/example_dags/example_nested_branch_dag.py
[2026-04-29T09:24:09.196+0300] {logging_mixin.py:188} INFO - [2026-04-29T09:24:09.195+0300] {dag.py:3089} INFO - Sync 1 DAGs
[2026-04-29T09:24:09.213+0300] {logging_mixin.py:188} INFO - [2026-04-29T09:24:09.212+0300] {dag.py:3947} INFO - Setting next_dagrun for example_nested_branch_dag to 2026-04-28 00:00:00+00:00, run_after=2026-04-29 00:00:00+00:00
[2026-04-29T09:24:09.284+0300] {processor.py:183} INFO - Processing /mnt/d/airflow/airflow_project/airflow_venv/lib/python3.12/site-packages/airflow/example_dags/example_nested_branch_dag.py took 0.144 seconds
[2026-04-29T09:26:30.892+0300] {processor.py:161} INFO - Started process (PID=30436) to work on /mnt/d/airflow/airflow_project/airflow_venv/lib/python3.12/site-packages/airflow/example_dags/example_nested_branch_dag.py
[2026-04-29T09:26:30.896+0300] {processor.py:830} INFO - Processing file /mnt/d/airflow/airflow_project/airflow_venv/lib/python3.12/site-packages/airflow/example_dags/example_nested_branch_dag.py for tasks to queue
[2026-04-29T09:26:30.904+0300] {logging_mixin.py:188} INFO - [2026-04-29T09:26:30.901+0300] {dagbag.py:545} INFO - Filling up the DagBag from /mnt/d/airflow/airflow_project/airflow_venv/lib/python3.12/site-packages/airflow/example_dags/example_nested_branch_dag.py
[2026-04-29T09:26:31.007+0300] {processor.py:840} INFO - DAG(s) 'example_nested_branch_dag' retrieved from /mnt/d/airflow/airflow_project/airflow_venv/lib/python3.12/site-packages/airflow/example_dags/example_nested_branch_dag.py
[2026-04-29T09:26:31.078+0300] {logging_mixin.py:188} INFO - [2026-04-29T09:26:31.074+0300] {dag.py:3089} INFO - Sync 1 DAGs
[2026-04-29T09:26:31.127+0300] {logging_mixin.py:188} INFO - [2026-04-29T09:26:31.123+0300] {dag.py:3947} INFO - Setting next_dagrun for example_nested_branch_dag to 2026-04-28 00:00:00+00:00, run_after=2026-04-29 00:00:00+00:00
[2026-04-29T09:26:31.300+0300] {processor.py:183} INFO - Processing /mnt/d/airflow/airflow_project/airflow_venv/lib/python3.12/site-packages/airflow/example_dags/example_nested_branch_dag.py took 0.441 seconds
[2026-04-29T09:29:02.805+0300] {processor.py:161} INFO - Started process (PID=31294) to work on /mnt/d/airflow/airflow_project/airflow_venv/lib/python3.12/site-packages/airflow/example_dags/example_nested_branch_dag.py
[2026-04-29T09:29:02.810+0300] {processor.py:830} INFO - Processing file /mnt/d/airflow/airflow_project/airflow_venv/lib/python3.12/site-packages/airflow/example_dags/example_nested_branch_dag.py for tasks to queue
[2026-04-29T09:29:02.815+0300] {logging_mixin.py:188} INFO - [2026-04-29T09:29:02.813+0300] {dagbag.py:545} INFO - Filling up the DagBag from /mnt/d/airflow/airflow_project/airflow_venv/lib/python3.12/site-packages/airflow/example_dags/example_nested_branch_dag.py
[2026-04-29T09:29:02.886+0300] {processor.py:840} INFO - DAG(s) 'example_nested_branch_dag' retrieved from /mnt/d/airflow/airflow_project/airflow_venv/lib/python3.12/site-packages/airflow/example_dags/example_nested_branch_dag.py
[2026-04-29T09:29:02.963+0300] {logging_mixin.py:188} INFO - [2026-04-29T09:29:02.960+0300] {dag.py:3089} INFO - Sync 1 DAGs
[2026-04-29T09:29:03.012+0300] {logging_mixin.py:188} INFO - [2026-04-29T09:29:03.010+0300] {dag.py:3947} INFO - Setting next_dagrun for example_nested_branch_dag to 2026-04-28 00:00:00+00:00, run_after=2026-04-29 00:00:00+00:00
[2026-04-29T09:29:03.232+0300] {processor.py:183} INFO - Processing /mnt/d/airflow/airflow_project/airflow_venv/lib/python3.12/site-packages/airflow/example_dags/example_nested_branch_dag.py took 0.460 seconds
[2026-04-29T09:30:44.865+0300] {processor.py:161} INFO - Started process (PID=31912) to work on /mnt/d/airflow/airflow_project/airflow_venv/lib/python3.12/site-packages/airflow/example_dags/example_nested_branch_dag.py
[2026-04-29T09:30:44.870+0300] {processor.py:830} INFO - Processing file /mnt/d/airflow/airflow_project/airflow_venv/lib/python3.12/site-packages/airflow/example_dags/example_nested_branch_dag.py for tasks to queue
[2026-04-29T09:30:44.888+0300] {logging_mixin.py:188} INFO - [2026-04-29T09:30:44.885+0300] {dagbag.py:545} INFO - Filling up the DagBag from /mnt/d/airflow/airflow_project/airflow_venv/lib/python3.12/site-packages/airflow/example_dags/example_nested_branch_dag.py
[2026-04-29T09:30:45.048+0300] {processor.py:840} INFO - DAG(s) 'example_nested_branch_dag' retrieved from /mnt/d/airflow/airflow_project/airflow_venv/lib/python3.12/site-packages/airflow/example_dags/example_nested_branch_dag.py
[2026-04-29T09:30:45.121+0300] {logging_mixin.py:188} INFO - [2026-04-29T09:30:45.118+0300] {dag.py:3089} INFO - Sync 1 DAGs
[2026-04-29T09:30:45.159+0300] {logging_mixin.py:188} INFO - [2026-04-29T09:30:45.157+0300] {dag.py:3947} INFO - Setting next_dagrun for example_nested_branch_dag to 2026-04-28 00:00:00+00:00, run_after=2026-04-29 00:00:00+00:00
[2026-04-29T09:30:45.271+0300] {processor.py:183} INFO - Processing /mnt/d/airflow/airflow_project/airflow_venv/lib/python3.12/site-packages/airflow/example_dags/example_nested_branch_dag.py took 0.448 seconds
[2026-04-29T09:33:00.859+0300] {processor.py:161} INFO - Started process (PID=32705) to work on /mnt/d/airflow/airflow_project/airflow_venv/lib/python3.12/site-packages/airflow/example_dags/example_nested_branch_dag.py
[2026-04-29T09:33:00.863+0300] {processor.py:830} INFO - Processing file /mnt/d/airflow/airflow_project/airflow_venv/lib/python3.12/site-packages/airflow/example_dags/example_nested_branch_dag.py for tasks to queue
[2026-04-29T09:33:00.870+0300] {logging_mixin.py:188} INFO - [2026-04-29T09:33:00.867+0300] {dagbag.py:545} INFO - Filling up the DagBag from /mnt/d/airflow/airflow_project/airflow_venv/lib/python3.12/site-packages/airflow/example_dags/example_nested_branch_dag.py
[2026-04-29T09:33:00.958+0300] {processor.py:840} INFO - DAG(s) 'example_nested_branch_dag' retrieved from /mnt/d/airflow/airflow_project/airflow_venv/lib/python3.12/site-packages/airflow/example_dags/example_nested_branch_dag.py
[2026-04-29T09:33:01.006+0300] {logging_mixin.py:188} INFO - [2026-04-29T09:33:01.004+0300] {dag.py:3089} INFO - Sync 1 DAGs
[2026-04-29T09:33:01.047+0300] {logging_mixin.py:188} INFO - [2026-04-29T09:33:01.044+0300] {dag.py:3947} INFO - Setting next_dagrun for example_nested_branch_dag to 2026-04-28 00:00:00+00:00, run_after=2026-04-29 00:00:00+00:00
[2026-04-29T09:33:01.197+0300] {processor.py:183} INFO - Processing /mnt/d/airflow/airflow_project/airflow_venv/lib/python3.12/site-packages/airflow/example_dags/example_nested_branch_dag.py took 0.365 seconds
[2026-04-29T09:35:22.987+0300] {processor.py:161} INFO - Started process (PID=33558) to work on /mnt/d/airflow/airflow_project/airflow_venv/lib/python3.12/site-packages/airflow/example_dags/example_nested_branch_dag.py
[2026-04-29T09:35:22.988+0300] {processor.py:830} INFO - Processing file /mnt/d/airflow/airflow_project/airflow_venv/lib/python3.12/site-packages/airflow/example_dags/example_nested_branch_dag.py for tasks to queue
[2026-04-29T09:35:22.994+0300] {logging_mixin.py:188} INFO - [2026-04-29T09:35:22.992+0300] {dagbag.py:545} INFO - Filling up the DagBag from /mnt/d/airflow/airflow_project/airflow_venv/lib/python3.12/site-packages/airflow/example_dags/example_nested_branch_dag.py
[2026-04-29T09:35:23.036+0300] {processor.py:840} INFO - DAG(s) 'example_nested_branch_dag' retrieved from /mnt/d/airflow/airflow_project/airflow_venv/lib/python3.12/site-packages/airflow/example_dags/example_nested_branch_dag.py
[2026-04-29T09:35:23.068+0300] {logging_mixin.py:188} INFO - [2026-04-29T09:35:23.067+0300] {dag.py:3089} INFO - Sync 1 DAGs
[2026-04-29T09:35:23.093+0300] {logging_mixin.py:188} INFO - [2026-04-29T09:35:23.092+0300] {dag.py:3947} INFO - Setting next_dagrun for example_nested_branch_dag to 2026-04-28 00:00:00+00:00, run_after=2026-04-29 00:00:00+00:00
[2026-04-29T09:35:23.167+0300] {processor.py:183} INFO - Processing /mnt/d/airflow/airflow_project/airflow_venv/lib/python3.12/site-packages/airflow/example_dags/example_nested_branch_dag.py took 0.189 seconds
[2026-04-29T09:37:20.391+0300] {processor.py:161} INFO - Started process (PID=34267) to work on /mnt/d/airflow/airflow_project/airflow_venv/lib/python3.12/site-packages/airflow/example_dags/example_nested_branch_dag.py
[2026-04-29T09:37:20.395+0300] {processor.py:830} INFO - Processing file /mnt/d/airflow/airflow_project/airflow_venv/lib/python3.12/site-packages/airflow/example_dags/example_nested_branch_dag.py for tasks to queue
[2026-04-29T09:37:20.403+0300] {logging_mixin.py:188} INFO - [2026-04-29T09:37:20.401+0300] {dagbag.py:545} INFO - Filling up the DagBag from /mnt/d/airflow/airflow_project/airflow_venv/lib/python3.12/site-packages/airflow/example_dags/example_nested_branch_dag.py
[2026-04-29T09:37:20.490+0300] {processor.py:840} INFO - DAG(s) 'example_nested_branch_dag' retrieved from /mnt/d/airflow/airflow_project/airflow_venv/lib/python3.12/site-packages/airflow/example_dags/example_nested_branch_dag.py
[2026-04-29T09:37:20.559+0300] {logging_mixin.py:188} INFO - [2026-04-29T09:37:20.557+0300] {dag.py:3089} INFO - Sync 1 DAGs
[2026-04-29T09:37:20.594+0300] {logging_mixin.py:188} INFO - [2026-04-29T09:37:20.592+0300] {dag.py:3947} INFO - Setting next_dagrun for example_nested_branch_dag to 2026-04-28 00:00:00+00:00, run_after=2026-04-29 00:00:00+00:00
[2026-04-29T09:37:20.751+0300] {processor.py:183} INFO - Processing /mnt/d/airflow/airflow_project/airflow_venv/lib/python3.12/site-packages/airflow/example_dags/example_nested_branch_dag.py took 0.390 seconds
[2026-04-29T09:39:35.178+0300] {processor.py:161} INFO - Started process (PID=35096) to work on /mnt/d/airflow/airflow_project/airflow_venv/lib/python3.12/site-packages/airflow/example_dags/example_nested_branch_dag.py
[2026-04-29T09:39:35.182+0300] {processor.py:830} INFO - Processing file /mnt/d/airflow/airflow_project/airflow_venv/lib/python3.12/site-packages/airflow/example_dags/example_nested_branch_dag.py for tasks to queue
[2026-04-29T09:39:35.187+0300] {logging_mixin.py:188} INFO - [2026-04-29T09:39:35.185+0300] {dagbag.py:545} INFO - Filling up the DagBag from /mnt/d/airflow/airflow_project/airflow_venv/lib/python3.12/site-packages/airflow/example_dags/example_nested_branch_dag.py
[2026-04-29T09:39:35.229+0300] {processor.py:840} INFO - DAG(s) 'example_nested_branch_dag' retrieved from /mnt/d/airflow/airflow_project/airflow_venv/lib/python3.12/site-packages/airflow/example_dags/example_nested_branch_dag.py
[2026-04-29T09:39:35.273+0300] {logging_mixin.py:188} INFO - [2026-04-29T09:39:35.272+0300] {dag.py:3089} INFO - Sync 1 DAGs
[2026-04-29T09:39:35.309+0300] {logging_mixin.py:188} INFO - [2026-04-29T09:39:35.307+0300] {dag.py:3947} INFO - Setting next_dagrun for example_nested_branch_dag to 2026-04-28 00:00:00+00:00, run_after=2026-04-29 00:00:00+00:00
[2026-04-29T09:39:35.526+0300] {processor.py:183} INFO - Processing /mnt/d/airflow/airflow_project/airflow_venv/lib/python3.12/site-packages/airflow/example_dags/example_nested_branch_dag.py took 0.361 seconds
[2026-04-29T09:41:29.908+0300] {processor.py:161} INFO - Started process (PID=35754) to work on /mnt/d/airflow/airflow_project/airflow_venv/lib/python3.12/site-packages/airflow/example_dags/example_nested_branch_dag.py
[2026-04-29T09:41:29.913+0300] {processor.py:830} INFO - Processing file /mnt/d/airflow/airflow_project/airflow_venv/lib/python3.12/site-packages/airflow/example_dags/example_nested_branch_dag.py for tasks to queue
[2026-04-29T09:41:29.922+0300] {logging_mixin.py:188} INFO - [2026-04-29T09:41:29.919+0300] {dagbag.py:545} INFO - Filling up the DagBag from /mnt/d/airflow/airflow_project/airflow_venv/lib/python3.12/site-packages/airflow/example_dags/example_nested_branch_dag.py
[2026-04-29T09:41:30.045+0300] {processor.py:840} INFO - DAG(s) 'example_nested_branch_dag' retrieved from /mnt/d/airflow/airflow_project/airflow_venv/lib/python3.12/site-packages/airflow/example_dags/example_nested_branch_dag.py
[2026-04-29T09:41:30.103+0300] {logging_mixin.py:188} INFO - [2026-04-29T09:41:30.102+0300] {dag.py:3089} INFO - Sync 1 DAGs
[2026-04-29T09:41:30.138+0300] {logging_mixin.py:188} INFO - [2026-04-29T09:41:30.136+0300] {dag.py:3947} INFO - Setting next_dagrun for example_nested_branch_dag to 2026-04-28 00:00:00+00:00, run_after=2026-04-29 00:00:00+00:00
[2026-04-29T09:41:30.223+0300] {processor.py:183} INFO - Processing /mnt/d/airflow/airflow_project/airflow_venv/lib/python3.12/site-packages/airflow/example_dags/example_nested_branch_dag.py took 0.350 seconds
[2026-04-29T09:43:47.901+0300] {processor.py:161} INFO - Started process (PID=36573) to work on /mnt/d/airflow/airflow_project/airflow_venv/lib/python3.12/site-packages/airflow/example_dags/example_nested_branch_dag.py
[2026-04-29T09:43:47.905+0300] {processor.py:830} INFO - Processing file /mnt/d/airflow/airflow_project/airflow_venv/lib/python3.12/site-packages/airflow/example_dags/example_nested_branch_dag.py for tasks to queue
[2026-04-29T09:43:47.911+0300] {logging_mixin.py:188} INFO - [2026-04-29T09:43:47.909+0300] {dagbag.py:545} INFO - Filling up the DagBag from /mnt/d/airflow/airflow_project/airflow_venv/lib/python3.12/site-packages/airflow/example_dags/example_nested_branch_dag.py
[2026-04-29T09:43:47.971+0300] {processor.py:840} INFO - DAG(s) 'example_nested_branch_dag' retrieved from /mnt/d/airflow/airflow_project/airflow_venv/lib/python3.12/site-packages/airflow/example_dags/example_nested_branch_dag.py
[2026-04-29T09:43:47.997+0300] {logging_mixin.py:188} INFO - [2026-04-29T09:43:47.996+0300] {dag.py:3089} INFO - Sync 1 DAGs
[2026-04-29T09:43:48.030+0300] {logging_mixin.py:188} INFO - [2026-04-29T09:43:48.029+0300] {dag.py:3947} INFO - Setting next_dagrun for example_nested_branch_dag to 2026-04-28 00:00:00+00:00, run_after=2026-04-29 00:00:00+00:00
[2026-04-29T09:43:48.146+0300] {processor.py:183} INFO - Processing /mnt/d/airflow/airflow_project/airflow_venv/lib/python3.12/site-packages/airflow/example_dags/example_nested_branch_dag.py took 0.272 seconds
[2026-04-29T09:47:04.415+0300] {processor.py:161} INFO - Started process (PID=37681) to work on /mnt/d/airflow/airflow_project/airflow_venv/lib/python3.12/site-packages/airflow/example_dags/example_nested_branch_dag.py
[2026-04-29T09:47:04.417+0300] {processor.py:830} INFO - Processing file /mnt/d/airflow/airflow_project/airflow_venv/lib/python3.12/site-packages/airflow/example_dags/example_nested_branch_dag.py for tasks to queue
[2026-04-29T09:47:04.425+0300] {logging_mixin.py:188} INFO - [2026-04-29T09:47:04.423+0300] {dagbag.py:545} INFO - Filling up the DagBag from /mnt/d/airflow/airflow_project/airflow_venv/lib/python3.12/site-packages/airflow/example_dags/example_nested_branch_dag.py
[2026-04-29T09:47:04.483+0300] {processor.py:840} INFO - DAG(s) 'example_nested_branch_dag' retrieved from /mnt/d/airflow/airflow_project/airflow_venv/lib/python3.12/site-packages/airflow/example_dags/example_nested_branch_dag.py
[2026-04-29T09:47:06.219+0300] {logging_mixin.py:188} INFO - [2026-04-29T09:47:06.217+0300] {dag.py:3089} INFO - Sync 1 DAGs
[2026-04-29T09:47:06.379+0300] {logging_mixin.py:188} INFO - [2026-04-29T09:47:06.375+0300] {dag.py:3947} INFO - Setting next_dagrun for example_nested_branch_dag to 2026-04-28 00:00:00+00:00, run_after=2026-04-29 00:00:00+00:00
[2026-04-29T09:47:06.520+0300] {processor.py:183} INFO - Processing /mnt/d/airflow/airflow_project/airflow_venv/lib/python3.12/site-packages/airflow/example_dags/example_nested_branch_dag.py took 2.126 seconds
[2026-04-29T09:48:35.291+0300] {processor.py:161} INFO - Started process (PID=38192) to work on /mnt/d/airflow/airflow_project/airflow_venv/lib/python3.12/site-packages/airflow/example_dags/example_nested_branch_dag.py
[2026-04-29T09:48:35.296+0300] {processor.py:830} INFO - Processing file /mnt/d/airflow/airflow_project/airflow_venv/lib/python3.12/site-packages/airflow/example_dags/example_nested_branch_dag.py for tasks to queue
[2026-04-29T09:48:35.306+0300] {logging_mixin.py:188} INFO - [2026-04-29T09:48:35.302+0300] {dagbag.py:545} INFO - Filling up the DagBag from /mnt/d/airflow/airflow_project/airflow_venv/lib/python3.12/site-packages/airflow/example_dags/example_nested_branch_dag.py
[2026-04-29T09:48:35.375+0300] {processor.py:840} INFO - DAG(s) 'example_nested_branch_dag' retrieved from /mnt/d/airflow/airflow_project/airflow_venv/lib/python3.12/site-packages/airflow/example_dags/example_nested_branch_dag.py
[2026-04-29T09:48:35.438+0300] {logging_mixin.py:188} INFO - [2026-04-29T09:48:35.436+0300] {dag.py:3089} INFO - Sync 1 DAGs
[2026-04-29T09:48:35.485+0300] {logging_mixin.py:188} INFO - [2026-04-29T09:48:35.483+0300] {dag.py:3947} INFO - Setting next_dagrun for example_nested_branch_dag to 2026-04-28 00:00:00+00:00, run_after=2026-04-29 00:00:00+00:00
[2026-04-29T09:48:35.604+0300] {processor.py:183} INFO - Processing /mnt/d/airflow/airflow_project/airflow_venv/lib/python3.12/site-packages/airflow/example_dags/example_nested_branch_dag.py took 0.351 seconds
[2026-04-29T09:50:50.631+0300] {processor.py:161} INFO - Started process (PID=38965) to work on /mnt/d/airflow/airflow_project/airflow_venv/lib/python3.12/site-packages/airflow/example_dags/example_nested_branch_dag.py
[2026-04-29T09:50:50.634+0300] {processor.py:830} INFO - Processing file /mnt/d/airflow/airflow_project/airflow_venv/lib/python3.12/site-packages/airflow/example_dags/example_nested_branch_dag.py for tasks to queue
[2026-04-29T09:50:50.639+0300] {logging_mixin.py:188} INFO - [2026-04-29T09:50:50.638+0300] {dagbag.py:545} INFO - Filling up the DagBag from /mnt/d/airflow/airflow_project/airflow_venv/lib/python3.12/site-packages/airflow/example_dags/example_nested_branch_dag.py
[2026-04-29T09:50:50.683+0300] {processor.py:840} INFO - DAG(s) 'example_nested_branch_dag' retrieved from /mnt/d/airflow/airflow_project/airflow_venv/lib/python3.12/site-packages/airflow/example_dags/example_nested_branch_dag.py
[2026-04-29T09:50:50.720+0300] {logging_mixin.py:188} INFO - [2026-04-29T09:50:50.719+0300] {dag.py:3089} INFO - Sync 1 DAGs
[2026-04-29T09:50:50.749+0300] {logging_mixin.py:188} INFO - [2026-04-29T09:50:50.748+0300] {dag.py:3947} INFO - Setting next_dagrun for example_nested_branch_dag to 2026-04-28 00:00:00+00:00, run_after=2026-04-29 00:00:00+00:00
[2026-04-29T09:50:50.855+0300] {processor.py:183} INFO - Processing /mnt/d/airflow/airflow_project/airflow_venv/lib/python3.12/site-packages/airflow/example_dags/example_nested_branch_dag.py took 0.247 seconds
[2026-04-29T09:54:27.808+0300] {processor.py:161} INFO - Started process (PID=40178) to work on /mnt/d/airflow/airflow_project/airflow_venv/lib/python3.12/site-packages/airflow/example_dags/example_nested_branch_dag.py
[2026-04-29T09:54:27.812+0300] {processor.py:830} INFO - Processing file /mnt/d/airflow/airflow_project/airflow_venv/lib/python3.12/site-packages/airflow/example_dags/example_nested_branch_dag.py for tasks to queue
[2026-04-29T09:54:27.822+0300] {logging_mixin.py:188} INFO - [2026-04-29T09:54:27.818+0300] {dagbag.py:545} INFO - Filling up the DagBag from /mnt/d/airflow/airflow_project/airflow_venv/lib/python3.12/site-packages/airflow/example_dags/example_nested_branch_dag.py
[2026-04-29T09:54:27.950+0300] {processor.py:840} INFO - DAG(s) 'example_nested_branch_dag' retrieved from /mnt/d/airflow/airflow_project/airflow_venv/lib/python3.12/site-packages/airflow/example_dags/example_nested_branch_dag.py
[2026-04-29T09:54:28.031+0300] {logging_mixin.py:188} INFO - [2026-04-29T09:54:28.028+0300] {dag.py:3089} INFO - Sync 1 DAGs
[2026-04-29T09:54:28.068+0300] {logging_mixin.py:188} INFO - [2026-04-29T09:54:28.067+0300] {dag.py:3947} INFO - Setting next_dagrun for example_nested_branch_dag to 2026-04-28 00:00:00+00:00, run_after=2026-04-29 00:00:00+00:00
[2026-04-29T09:54:28.152+0300] {processor.py:183} INFO - Processing /mnt/d/airflow/airflow_project/airflow_venv/lib/python3.12/site-packages/airflow/example_dags/example_nested_branch_dag.py took 0.386 seconds
[2026-04-29T09:56:45.553+0300] {processor.py:161} INFO - Started process (PID=40988) to work on /mnt/d/airflow/airflow_project/airflow_venv/lib/python3.12/site-packages/airflow/example_dags/example_nested_branch_dag.py
[2026-04-29T09:56:45.558+0300] {processor.py:830} INFO - Processing file /mnt/d/airflow/airflow_project/airflow_venv/lib/python3.12/site-packages/airflow/example_dags/example_nested_branch_dag.py for tasks to queue
[2026-04-29T09:56:45.567+0300] {logging_mixin.py:188} INFO - [2026-04-29T09:56:45.564+0300] {dagbag.py:545} INFO - Filling up the DagBag from /mnt/d/airflow/airflow_project/airflow_venv/lib/python3.12/site-packages/airflow/example_dags/example_nested_branch_dag.py
[2026-04-29T09:56:45.674+0300] {processor.py:840} INFO - DAG(s) 'example_nested_branch_dag' retrieved from /mnt/d/airflow/airflow_project/airflow_venv/lib/python3.12/site-packages/airflow/example_dags/example_nested_branch_dag.py
[2026-04-29T09:56:45.733+0300] {logging_mixin.py:188} INFO - [2026-04-29T09:56:45.731+0300] {dag.py:3089} INFO - Sync 1 DAGs
[2026-04-29T09:56:45.897+0300] {logging_mixin.py:188} INFO - [2026-04-29T09:56:45.895+0300] {dag.py:3947} INFO - Setting next_dagrun for example_nested_branch_dag to 2026-04-28 00:00:00+00:00, run_after=2026-04-29 00:00:00+00:00
[2026-04-29T09:56:46.075+0300] {processor.py:183} INFO - Processing /mnt/d/airflow/airflow_project/airflow_venv/lib/python3.12/site-packages/airflow/example_dags/example_nested_branch_dag.py took 0.560 seconds
[2026-04-29T09:59:44.255+0300] {processor.py:161} INFO - Started process (PID=41991) to work on /mnt/d/airflow/airflow_project/airflow_venv/lib/python3.12/site-packages/airflow/example_dags/example_nested_branch_dag.py
[2026-04-29T09:59:44.260+0300] {processor.py:830} INFO - Processing file /mnt/d/airflow/airflow_project/airflow_venv/lib/python3.12/site-packages/airflow/example_dags/example_nested_branch_dag.py for tasks to queue
[2026-04-29T09:59:44.266+0300] {logging_mixin.py:188} INFO - [2026-04-29T09:59:44.264+0300] {dagbag.py:545} INFO - Filling up the DagBag from /mnt/d/airflow/airflow_project/airflow_venv/lib/python3.12/site-packages/airflow/example_dags/example_nested_branch_dag.py
[2026-04-29T09:59:44.326+0300] {processor.py:840} INFO - DAG(s) 'example_nested_branch_dag' retrieved from /mnt/d/airflow/airflow_project/airflow_venv/lib/python3.12/site-packages/airflow/example_dags/example_nested_branch_dag.py
[2026-04-29T09:59:44.377+0300] {logging_mixin.py:188} INFO - [2026-04-29T09:59:44.374+0300] {dag.py:3089} INFO - Sync 1 DAGs
[2026-04-29T09:59:44.416+0300] {logging_mixin.py:188} INFO - [2026-04-29T09:59:44.414+0300] {dag.py:3947} INFO - Setting next_dagrun for example_nested_branch_dag to 2026-04-28 00:00:00+00:00, run_after=2026-04-29 00:00:00+00:00
[2026-04-29T09:59:44.516+0300] {processor.py:183} INFO - Processing /mnt/d/airflow/airflow_project/airflow_venv/lib/python3.12/site-packages/airflow/example_dags/example_nested_branch_dag.py took 0.287 seconds
[2026-04-29T10:03:08.666+0300] {processor.py:161} INFO - Started process (PID=43120) to work on /mnt/d/airflow/airflow_project/airflow_venv/lib/python3.12/site-packages/airflow/example_dags/example_nested_branch_dag.py
[2026-04-29T10:03:08.669+0300] {processor.py:830} INFO - Processing file /mnt/d/airflow/airflow_project/airflow_venv/lib/python3.12/site-packages/airflow/example_dags/example_nested_branch_dag.py for tasks to queue
[2026-04-29T10:03:08.678+0300] {logging_mixin.py:188} INFO - [2026-04-29T10:03:08.673+0300] {dagbag.py:545} INFO - Filling up the DagBag from /mnt/d/airflow/airflow_project/airflow_venv/lib/python3.12/site-packages/airflow/example_dags/example_nested_branch_dag.py
[2026-04-29T10:03:08.776+0300] {processor.py:840} INFO - DAG(s) 'example_nested_branch_dag' retrieved from /mnt/d/airflow/airflow_project/airflow_venv/lib/python3.12/site-packages/airflow/example_dags/example_nested_branch_dag.py
[2026-04-29T10:03:08.854+0300] {logging_mixin.py:188} INFO - [2026-04-29T10:03:08.852+0300] {dag.py:3089} INFO - Sync 1 DAGs
[2026-04-29T10:03:08.913+0300] {logging_mixin.py:188} INFO - [2026-04-29T10:03:08.911+0300] {dag.py:3947} INFO - Setting next_dagrun for example_nested_branch_dag to 2026-04-28 00:00:00+00:00, run_after=2026-04-29 00:00:00+00:00
[2026-04-29T10:03:09.113+0300] {processor.py:183} INFO - Processing /mnt/d/airflow/airflow_project/airflow_venv/lib/python3.12/site-packages/airflow/example_dags/example_nested_branch_dag.py took 0.477 seconds
[2026-04-29T10:05:50.842+0300] {processor.py:161} INFO - Started process (PID=44052) to work on /mnt/d/airflow/airflow_project/airflow_venv/lib/python3.12/site-packages/airflow/example_dags/example_nested_branch_dag.py
[2026-04-29T10:05:50.845+0300] {processor.py:830} INFO - Processing file /mnt/d/airflow/airflow_project/airflow_venv/lib/python3.12/site-packages/airflow/example_dags/example_nested_branch_dag.py for tasks to queue
[2026-04-29T10:05:50.850+0300] {logging_mixin.py:188} INFO - [2026-04-29T10:05:50.848+0300] {dagbag.py:545} INFO - Filling up the DagBag from /mnt/d/airflow/airflow_project/airflow_venv/lib/python3.12/site-packages/airflow/example_dags/example_nested_branch_dag.py
[2026-04-29T10:05:50.934+0300] {processor.py:840} INFO - DAG(s) 'example_nested_branch_dag' retrieved from /mnt/d/airflow/airflow_project/airflow_venv/lib/python3.12/site-packages/airflow/example_dags/example_nested_branch_dag.py
[2026-04-29T10:05:50.981+0300] {logging_mixin.py:188} INFO - [2026-04-29T10:05:50.980+0300] {dag.py:3089} INFO - Sync 1 DAGs
[2026-04-29T10:05:51.013+0300] {logging_mixin.py:188} INFO - [2026-04-29T10:05:51.011+0300] {dag.py:3947} INFO - Setting next_dagrun for example_nested_branch_dag to 2026-04-28 00:00:00+00:00, run_after=2026-04-29 00:00:00+00:00
[2026-04-29T10:05:51.152+0300] {processor.py:183} INFO - Processing /mnt/d/airflow/airflow_project/airflow_venv/lib/python3.12/site-packages/airflow/example_dags/example_nested_branch_dag.py took 0.331 seconds
[2026-04-29T10:08:11.080+0300] {processor.py:161} INFO - Started process (PID=44826) to work on /mnt/d/airflow/airflow_project/airflow_venv/lib/python3.12/site-packages/airflow/example_dags/example_nested_branch_dag.py
[2026-04-29T10:08:11.084+0300] {processor.py:830} INFO - Processing file /mnt/d/airflow/airflow_project/airflow_venv/lib/python3.12/site-packages/airflow/example_dags/example_nested_branch_dag.py for tasks to queue
[2026-04-29T10:08:11.090+0300] {logging_mixin.py:188} INFO - [2026-04-29T10:08:11.088+0300] {dagbag.py:545} INFO - Filling up the DagBag from /mnt/d/airflow/airflow_project/airflow_venv/lib/python3.12/site-packages/airflow/example_dags/example_nested_branch_dag.py
[2026-04-29T10:08:11.145+0300] {processor.py:840} INFO - DAG(s) 'example_nested_branch_dag' retrieved from /mnt/d/airflow/airflow_project/airflow_venv/lib/python3.12/site-packages/airflow/example_dags/example_nested_branch_dag.py
[2026-04-29T10:08:11.201+0300] {logging_mixin.py:188} INFO - [2026-04-29T10:08:11.199+0300] {dag.py:3089} INFO - Sync 1 DAGs
[2026-04-29T10:08:11.239+0300] {logging_mixin.py:188} INFO - [2026-04-29T10:08:11.237+0300] {dag.py:3947} INFO - Setting next_dagrun for example_nested_branch_dag to 2026-04-28 00:00:00+00:00, run_after=2026-04-29 00:00:00+00:00
[2026-04-29T10:08:11.330+0300] {processor.py:183} INFO - Processing /mnt/d/airflow/airflow_project/airflow_venv/lib/python3.12/site-packages/airflow/example_dags/example_nested_branch_dag.py took 0.278 seconds
[2026-04-29T10:10:10.519+0300] {processor.py:161} INFO - Started process (PID=45483) to work on /mnt/d/airflow/airflow_project/airflow_venv/lib/python3.12/site-packages/airflow/example_dags/example_nested_branch_dag.py
[2026-04-29T10:10:10.527+0300] {processor.py:830} INFO - Processing file /mnt/d/airflow/airflow_project/airflow_venv/lib/python3.12/site-packages/airflow/example_dags/example_nested_branch_dag.py for tasks to queue
[2026-04-29T10:10:10.536+0300] {logging_mixin.py:188} INFO - [2026-04-29T10:10:10.533+0300] {dagbag.py:545} INFO - Filling up the DagBag from /mnt/d/airflow/airflow_project/airflow_venv/lib/python3.12/site-packages/airflow/example_dags/example_nested_branch_dag.py
[2026-04-29T10:10:10.652+0300] {processor.py:840} INFO - DAG(s) 'example_nested_branch_dag' retrieved from /mnt/d/airflow/airflow_project/airflow_venv/lib/python3.12/site-packages/airflow/example_dags/example_nested_branch_dag.py
[2026-04-29T10:10:10.719+0300] {logging_mixin.py:188} INFO - [2026-04-29T10:10:10.716+0300] {dag.py:3089} INFO - Sync 1 DAGs
[2026-04-29T10:10:10.766+0300] {logging_mixin.py:188} INFO - [2026-04-29T10:10:10.764+0300] {dag.py:3947} INFO - Setting next_dagrun for example_nested_branch_dag to 2026-04-28 00:00:00+00:00, run_after=2026-04-29 00:00:00+00:00
[2026-04-29T10:10:10.938+0300] {processor.py:183} INFO - Processing /mnt/d/airflow/airflow_project/airflow_venv/lib/python3.12/site-packages/airflow/example_dags/example_nested_branch_dag.py took 0.456 seconds
[2026-04-29T10:12:26.996+0300] {processor.py:161} INFO - Started process (PID=46241) to work on /mnt/d/airflow/airflow_project/airflow_venv/lib/python3.12/site-packages/airflow/example_dags/example_nested_branch_dag.py
[2026-04-29T10:12:27.000+0300] {processor.py:830} INFO - Processing file /mnt/d/airflow/airflow_project/airflow_venv/lib/python3.12/site-packages/airflow/example_dags/example_nested_branch_dag.py for tasks to queue
[2026-04-29T10:12:27.007+0300] {logging_mixin.py:188} INFO - [2026-04-29T10:12:27.004+0300] {dagbag.py:545} INFO - Filling up the DagBag from /mnt/d/airflow/airflow_project/airflow_venv/lib/python3.12/site-packages/airflow/example_dags/example_nested_branch_dag.py
[2026-04-29T10:12:27.086+0300] {processor.py:840} INFO - DAG(s) 'example_nested_branch_dag' retrieved from /mnt/d/airflow/airflow_project/airflow_venv/lib/python3.12/site-packages/airflow/example_dags/example_nested_branch_dag.py
[2026-04-29T10:12:27.147+0300] {logging_mixin.py:188} INFO - [2026-04-29T10:12:27.145+0300] {dag.py:3089} INFO - Sync 1 DAGs
[2026-04-29T10:12:27.188+0300] {logging_mixin.py:188} INFO - [2026-04-29T10:12:27.186+0300] {dag.py:3947} INFO - Setting next_dagrun for example_nested_branch_dag to 2026-04-28 00:00:00+00:00, run_after=2026-04-29 00:00:00+00:00
[2026-04-29T10:12:27.265+0300] {processor.py:183} INFO - Processing /mnt/d/airflow/airflow_project/airflow_venv/lib/python3.12/site-packages/airflow/example_dags/example_nested_branch_dag.py took 0.300 seconds
