[2026-04-29T09:16:08.347+0300] {processor.py:161} INFO - Started process (PID=26836) to work on /mnt/d/airflow/airflow_project/airflow_venv/lib/python3.12/site-packages/airflow/example_dags/example_dag_decorator.py
[2026-04-29T09:16:08.350+0300] {processor.py:830} INFO - Processing file /mnt/d/airflow/airflow_project/airflow_venv/lib/python3.12/site-packages/airflow/example_dags/example_dag_decorator.py for tasks to queue
[2026-04-29T09:16:08.354+0300] {logging_mixin.py:188} INFO - [2026-04-29T09:16:08.352+0300] {dagbag.py:545} INFO - Filling up the DagBag from /mnt/d/airflow/airflow_project/airflow_venv/lib/python3.12/site-packages/airflow/example_dags/example_dag_decorator.py
[2026-04-29T09:16:09.205+0300] {processor.py:840} INFO - DAG(s) 'example_dag_decorator' retrieved from /mnt/d/airflow/airflow_project/airflow_venv/lib/python3.12/site-packages/airflow/example_dags/example_dag_decorator.py
[2026-04-29T09:16:10.111+0300] {logging_mixin.py:188} INFO - [2026-04-29T09:16:10.109+0300] {override.py:1858} INFO - Created Permission View: can edit on DAG:example_dag_decorator
[2026-04-29T09:16:10.162+0300] {logging_mixin.py:188} INFO - [2026-04-29T09:16:10.161+0300] {override.py:1858} INFO - Created Permission View: can delete on DAG:example_dag_decorator
[2026-04-29T09:16:10.191+0300] {logging_mixin.py:188} INFO - [2026-04-29T09:16:10.189+0300] {override.py:1858} INFO - Created Permission View: can read on DAG:example_dag_decorator
[2026-04-29T09:16:10.194+0300] {logging_mixin.py:188} INFO - [2026-04-29T09:16:10.193+0300] {dag.py:3089} INFO - Sync 1 DAGs
[2026-04-29T09:16:10.210+0300] {logging_mixin.py:188} INFO - [2026-04-29T09:16:10.209+0300] {dag.py:3111} INFO - Creating ORM DAG for example_dag_decorator
[2026-04-29T09:16:10.213+0300] {logging_mixin.py:188} INFO - [2026-04-29T09:16:10.212+0300] {dag.py:3947} INFO - Setting next_dagrun for example_dag_decorator to None, run_after=None
[2026-04-29T09:16:10.275+0300] {processor.py:183} INFO - Processing /mnt/d/airflow/airflow_project/airflow_venv/lib/python3.12/site-packages/airflow/example_dags/example_dag_decorator.py took 1.949 seconds
[2026-04-29T09:17:57.411+0300] {processor.py:161} INFO - Started process (PID=27463) to work on /mnt/d/airflow/airflow_project/airflow_venv/lib/python3.12/site-packages/airflow/example_dags/example_dag_decorator.py
[2026-04-29T09:17:57.416+0300] {processor.py:830} INFO - Processing file /mnt/d/airflow/airflow_project/airflow_venv/lib/python3.12/site-packages/airflow/example_dags/example_dag_decorator.py for tasks to queue
[2026-04-29T09:17:57.423+0300] {logging_mixin.py:188} INFO - [2026-04-29T09:17:57.421+0300] {dagbag.py:545} INFO - Filling up the DagBag from /mnt/d/airflow/airflow_project/airflow_venv/lib/python3.12/site-packages/airflow/example_dags/example_dag_decorator.py
[2026-04-29T09:17:58.637+0300] {processor.py:840} INFO - DAG(s) 'example_dag_decorator' retrieved from /mnt/d/airflow/airflow_project/airflow_venv/lib/python3.12/site-packages/airflow/example_dags/example_dag_decorator.py
[2026-04-29T09:17:59.704+0300] {logging_mixin.py:188} INFO - [2026-04-29T09:17:59.704+0300] {dag.py:3089} INFO - Sync 1 DAGs
[2026-04-29T09:17:59.713+0300] {logging_mixin.py:188} INFO - [2026-04-29T09:17:59.712+0300] {dag.py:3947} INFO - Setting next_dagrun for example_dag_decorator to None, run_after=None
[2026-04-29T09:17:59.846+0300] {processor.py:183} INFO - Processing /mnt/d/airflow/airflow_project/airflow_venv/lib/python3.12/site-packages/airflow/example_dags/example_dag_decorator.py took 2.469 seconds
[2026-04-29T09:20:10.377+0300] {processor.py:161} INFO - Started process (PID=28272) to work on /mnt/d/airflow/airflow_project/airflow_venv/lib/python3.12/site-packages/airflow/example_dags/example_dag_decorator.py
[2026-04-29T09:20:10.380+0300] {processor.py:830} INFO - Processing file /mnt/d/airflow/airflow_project/airflow_venv/lib/python3.12/site-packages/airflow/example_dags/example_dag_decorator.py for tasks to queue
[2026-04-29T09:20:10.384+0300] {logging_mixin.py:188} INFO - [2026-04-29T09:20:10.383+0300] {dagbag.py:545} INFO - Filling up the DagBag from /mnt/d/airflow/airflow_project/airflow_venv/lib/python3.12/site-packages/airflow/example_dags/example_dag_decorator.py
[2026-04-29T09:20:11.605+0300] {processor.py:840} INFO - DAG(s) 'example_dag_decorator' retrieved from /mnt/d/airflow/airflow_project/airflow_venv/lib/python3.12/site-packages/airflow/example_dags/example_dag_decorator.py
[2026-04-29T09:20:13.915+0300] {logging_mixin.py:188} INFO - [2026-04-29T09:20:13.913+0300] {dag.py:3089} INFO - Sync 1 DAGs
[2026-04-29T09:20:13.930+0300] {logging_mixin.py:188} INFO - [2026-04-29T09:20:13.928+0300] {dag.py:3947} INFO - Setting next_dagrun for example_dag_decorator to None, run_after=None
[2026-04-29T09:20:14.063+0300] {processor.py:183} INFO - Processing /mnt/d/airflow/airflow_project/airflow_venv/lib/python3.12/site-packages/airflow/example_dags/example_dag_decorator.py took 3.068 seconds
[2026-04-29T09:22:20.356+0300] {processor.py:161} INFO - Started process (PID=29015) to work on /mnt/d/airflow/airflow_project/airflow_venv/lib/python3.12/site-packages/airflow/example_dags/example_dag_decorator.py
[2026-04-29T09:22:20.357+0300] {processor.py:830} INFO - Processing file /mnt/d/airflow/airflow_project/airflow_venv/lib/python3.12/site-packages/airflow/example_dags/example_dag_decorator.py for tasks to queue
[2026-04-29T09:22:20.360+0300] {logging_mixin.py:188} INFO - [2026-04-29T09:22:20.359+0300] {dagbag.py:545} INFO - Filling up the DagBag from /mnt/d/airflow/airflow_project/airflow_venv/lib/python3.12/site-packages/airflow/example_dags/example_dag_decorator.py
[2026-04-29T09:22:21.344+0300] {processor.py:840} INFO - DAG(s) 'example_dag_decorator' retrieved from /mnt/d/airflow/airflow_project/airflow_venv/lib/python3.12/site-packages/airflow/example_dags/example_dag_decorator.py
[2026-04-29T09:22:22.683+0300] {logging_mixin.py:188} INFO - [2026-04-29T09:22:22.682+0300] {dag.py:3089} INFO - Sync 1 DAGs
[2026-04-29T09:22:22.695+0300] {logging_mixin.py:188} INFO - [2026-04-29T09:22:22.695+0300] {dag.py:3947} INFO - Setting next_dagrun for example_dag_decorator to None, run_after=None
[2026-04-29T09:22:22.787+0300] {processor.py:183} INFO - Processing /mnt/d/airflow/airflow_project/airflow_venv/lib/python3.12/site-packages/airflow/example_dags/example_dag_decorator.py took 2.444 seconds
[2026-04-29T09:24:23.934+0300] {processor.py:161} INFO - Started process (PID=29728) to work on /mnt/d/airflow/airflow_project/airflow_venv/lib/python3.12/site-packages/airflow/example_dags/example_dag_decorator.py
[2026-04-29T09:24:23.935+0300] {processor.py:830} INFO - Processing file /mnt/d/airflow/airflow_project/airflow_venv/lib/python3.12/site-packages/airflow/example_dags/example_dag_decorator.py for tasks to queue
[2026-04-29T09:24:23.939+0300] {logging_mixin.py:188} INFO - [2026-04-29T09:24:23.937+0300] {dagbag.py:545} INFO - Filling up the DagBag from /mnt/d/airflow/airflow_project/airflow_venv/lib/python3.12/site-packages/airflow/example_dags/example_dag_decorator.py
[2026-04-29T09:24:26.894+0300] {processor.py:840} INFO - DAG(s) 'example_dag_decorator' retrieved from /mnt/d/airflow/airflow_project/airflow_venv/lib/python3.12/site-packages/airflow/example_dags/example_dag_decorator.py
[2026-04-29T09:24:27.583+0300] {logging_mixin.py:188} INFO - [2026-04-29T09:24:27.583+0300] {dag.py:3089} INFO - Sync 1 DAGs
[2026-04-29T09:24:27.591+0300] {logging_mixin.py:188} INFO - [2026-04-29T09:24:27.590+0300] {dag.py:3947} INFO - Setting next_dagrun for example_dag_decorator to None, run_after=None
[2026-04-29T09:24:27.655+0300] {processor.py:183} INFO - Processing /mnt/d/airflow/airflow_project/airflow_venv/lib/python3.12/site-packages/airflow/example_dags/example_dag_decorator.py took 3.736 seconds
[2026-04-29T09:26:48.621+0300] {processor.py:161} INFO - Started process (PID=30542) to work on /mnt/d/airflow/airflow_project/airflow_venv/lib/python3.12/site-packages/airflow/example_dags/example_dag_decorator.py
[2026-04-29T09:26:48.625+0300] {processor.py:830} INFO - Processing file /mnt/d/airflow/airflow_project/airflow_venv/lib/python3.12/site-packages/airflow/example_dags/example_dag_decorator.py for tasks to queue
[2026-04-29T09:26:48.633+0300] {logging_mixin.py:188} INFO - [2026-04-29T09:26:48.630+0300] {dagbag.py:545} INFO - Filling up the DagBag from /mnt/d/airflow/airflow_project/airflow_venv/lib/python3.12/site-packages/airflow/example_dags/example_dag_decorator.py
[2026-04-29T09:26:50.310+0300] {processor.py:840} INFO - DAG(s) 'example_dag_decorator' retrieved from /mnt/d/airflow/airflow_project/airflow_venv/lib/python3.12/site-packages/airflow/example_dags/example_dag_decorator.py
[2026-04-29T09:26:52.713+0300] {logging_mixin.py:188} INFO - [2026-04-29T09:26:52.712+0300] {dag.py:3089} INFO - Sync 1 DAGs
[2026-04-29T09:26:52.722+0300] {logging_mixin.py:188} INFO - [2026-04-29T09:26:52.721+0300] {dag.py:3947} INFO - Setting next_dagrun for example_dag_decorator to None, run_after=None
[2026-04-29T09:26:52.786+0300] {processor.py:183} INFO - Processing /mnt/d/airflow/airflow_project/airflow_venv/lib/python3.12/site-packages/airflow/example_dags/example_dag_decorator.py took 3.583 seconds
[2026-04-29T09:29:23.728+0300] {processor.py:161} INFO - Started process (PID=31426) to work on /mnt/d/airflow/airflow_project/airflow_venv/lib/python3.12/site-packages/airflow/example_dags/example_dag_decorator.py
[2026-04-29T09:29:23.734+0300] {processor.py:830} INFO - Processing file /mnt/d/airflow/airflow_project/airflow_venv/lib/python3.12/site-packages/airflow/example_dags/example_dag_decorator.py for tasks to queue
[2026-04-29T09:29:23.744+0300] {logging_mixin.py:188} INFO - [2026-04-29T09:29:23.740+0300] {dagbag.py:545} INFO - Filling up the DagBag from /mnt/d/airflow/airflow_project/airflow_venv/lib/python3.12/site-packages/airflow/example_dags/example_dag_decorator.py
[2026-04-29T09:29:24.651+0300] {processor.py:840} INFO - DAG(s) 'example_dag_decorator' retrieved from /mnt/d/airflow/airflow_project/airflow_venv/lib/python3.12/site-packages/airflow/example_dags/example_dag_decorator.py
[2026-04-29T09:29:27.072+0300] {logging_mixin.py:188} INFO - [2026-04-29T09:29:27.067+0300] {dag.py:3089} INFO - Sync 1 DAGs
[2026-04-29T09:29:27.112+0300] {logging_mixin.py:188} INFO - [2026-04-29T09:29:27.110+0300] {dag.py:3947} INFO - Setting next_dagrun for example_dag_decorator to None, run_after=None
[2026-04-29T09:29:27.391+0300] {processor.py:183} INFO - Processing /mnt/d/airflow/airflow_project/airflow_venv/lib/python3.12/site-packages/airflow/example_dags/example_dag_decorator.py took 3.741 seconds
[2026-04-29T09:32:01.464+0300] {processor.py:161} INFO - Started process (PID=32363) to work on /mnt/d/airflow/airflow_project/airflow_venv/lib/python3.12/site-packages/airflow/example_dags/example_dag_decorator.py
[2026-04-29T09:32:01.468+0300] {processor.py:830} INFO - Processing file /mnt/d/airflow/airflow_project/airflow_venv/lib/python3.12/site-packages/airflow/example_dags/example_dag_decorator.py for tasks to queue
[2026-04-29T09:32:01.473+0300] {logging_mixin.py:188} INFO - [2026-04-29T09:32:01.471+0300] {dagbag.py:545} INFO - Filling up the DagBag from /mnt/d/airflow/airflow_project/airflow_venv/lib/python3.12/site-packages/airflow/example_dags/example_dag_decorator.py
[2026-04-29T09:32:06.459+0300] {processor.py:840} INFO - DAG(s) 'example_dag_decorator' retrieved from /mnt/d/airflow/airflow_project/airflow_venv/lib/python3.12/site-packages/airflow/example_dags/example_dag_decorator.py
[2026-04-29T09:32:06.506+0300] {logging_mixin.py:188} INFO - [2026-04-29T09:32:06.505+0300] {dag.py:3089} INFO - Sync 1 DAGs
[2026-04-29T09:32:06.548+0300] {logging_mixin.py:188} INFO - [2026-04-29T09:32:06.545+0300] {dag.py:3947} INFO - Setting next_dagrun for example_dag_decorator to None, run_after=None
[2026-04-29T09:32:06.655+0300] {processor.py:183} INFO - Processing /mnt/d/airflow/airflow_project/airflow_venv/lib/python3.12/site-packages/airflow/example_dags/example_dag_decorator.py took 5.248 seconds
[2026-04-29T09:34:26.679+0300] {processor.py:161} INFO - Started process (PID=33221) to work on /mnt/d/airflow/airflow_project/airflow_venv/lib/python3.12/site-packages/airflow/example_dags/example_dag_decorator.py
[2026-04-29T09:34:26.684+0300] {processor.py:830} INFO - Processing file /mnt/d/airflow/airflow_project/airflow_venv/lib/python3.12/site-packages/airflow/example_dags/example_dag_decorator.py for tasks to queue
[2026-04-29T09:34:26.692+0300] {logging_mixin.py:188} INFO - [2026-04-29T09:34:26.689+0300] {dagbag.py:545} INFO - Filling up the DagBag from /mnt/d/airflow/airflow_project/airflow_venv/lib/python3.12/site-packages/airflow/example_dags/example_dag_decorator.py
[2026-04-29T09:34:28.568+0300] {processor.py:840} INFO - DAG(s) 'example_dag_decorator' retrieved from /mnt/d/airflow/airflow_project/airflow_venv/lib/python3.12/site-packages/airflow/example_dags/example_dag_decorator.py
[2026-04-29T09:34:28.596+0300] {logging_mixin.py:188} INFO - [2026-04-29T09:34:28.595+0300] {dag.py:3089} INFO - Sync 1 DAGs
[2026-04-29T09:34:28.607+0300] {logging_mixin.py:188} INFO - [2026-04-29T09:34:28.607+0300] {dag.py:3947} INFO - Setting next_dagrun for example_dag_decorator to None, run_after=None
[2026-04-29T09:34:28.808+0300] {processor.py:183} INFO - Processing /mnt/d/airflow/airflow_project/airflow_venv/lib/python3.12/site-packages/airflow/example_dags/example_dag_decorator.py took 2.160 seconds
[2026-04-29T09:36:34.150+0300] {processor.py:161} INFO - Started process (PID=33991) to work on /mnt/d/airflow/airflow_project/airflow_venv/lib/python3.12/site-packages/airflow/example_dags/example_dag_decorator.py
[2026-04-29T09:36:34.157+0300] {processor.py:830} INFO - Processing file /mnt/d/airflow/airflow_project/airflow_venv/lib/python3.12/site-packages/airflow/example_dags/example_dag_decorator.py for tasks to queue
[2026-04-29T09:36:34.165+0300] {logging_mixin.py:188} INFO - [2026-04-29T09:36:34.161+0300] {dagbag.py:545} INFO - Filling up the DagBag from /mnt/d/airflow/airflow_project/airflow_venv/lib/python3.12/site-packages/airflow/example_dags/example_dag_decorator.py
[2026-04-29T09:36:35.579+0300] {processor.py:840} INFO - DAG(s) 'example_dag_decorator' retrieved from /mnt/d/airflow/airflow_project/airflow_venv/lib/python3.12/site-packages/airflow/example_dags/example_dag_decorator.py
[2026-04-29T09:36:37.616+0300] {logging_mixin.py:188} INFO - [2026-04-29T09:36:37.614+0300] {dag.py:3089} INFO - Sync 1 DAGs
[2026-04-29T09:36:37.634+0300] {logging_mixin.py:188} INFO - [2026-04-29T09:36:37.633+0300] {dag.py:3947} INFO - Setting next_dagrun for example_dag_decorator to None, run_after=None
[2026-04-29T09:36:37.751+0300] {processor.py:183} INFO - Processing /mnt/d/airflow/airflow_project/airflow_venv/lib/python3.12/site-packages/airflow/example_dags/example_dag_decorator.py took 3.638 seconds
[2026-04-29T09:38:39.682+0300] {processor.py:161} INFO - Started process (PID=34766) to work on /mnt/d/airflow/airflow_project/airflow_venv/lib/python3.12/site-packages/airflow/example_dags/example_dag_decorator.py
[2026-04-29T09:38:39.688+0300] {processor.py:830} INFO - Processing file /mnt/d/airflow/airflow_project/airflow_venv/lib/python3.12/site-packages/airflow/example_dags/example_dag_decorator.py for tasks to queue
[2026-04-29T09:38:39.697+0300] {logging_mixin.py:188} INFO - [2026-04-29T09:38:39.694+0300] {dagbag.py:545} INFO - Filling up the DagBag from /mnt/d/airflow/airflow_project/airflow_venv/lib/python3.12/site-packages/airflow/example_dags/example_dag_decorator.py
[2026-04-29T09:38:41.192+0300] {processor.py:840} INFO - DAG(s) 'example_dag_decorator' retrieved from /mnt/d/airflow/airflow_project/airflow_venv/lib/python3.12/site-packages/airflow/example_dags/example_dag_decorator.py
[2026-04-29T09:38:43.071+0300] {logging_mixin.py:188} INFO - [2026-04-29T09:38:43.070+0300] {dag.py:3089} INFO - Sync 1 DAGs
[2026-04-29T09:38:43.085+0300] {logging_mixin.py:188} INFO - [2026-04-29T09:38:43.084+0300] {dag.py:3947} INFO - Setting next_dagrun for example_dag_decorator to None, run_after=None
[2026-04-29T09:38:43.164+0300] {processor.py:183} INFO - Processing /mnt/d/airflow/airflow_project/airflow_venv/lib/python3.12/site-packages/airflow/example_dags/example_dag_decorator.py took 3.521 seconds
[2026-04-29T09:40:41.974+0300] {processor.py:161} INFO - Started process (PID=35483) to work on /mnt/d/airflow/airflow_project/airflow_venv/lib/python3.12/site-packages/airflow/example_dags/example_dag_decorator.py
[2026-04-29T09:40:41.976+0300] {processor.py:830} INFO - Processing file /mnt/d/airflow/airflow_project/airflow_venv/lib/python3.12/site-packages/airflow/example_dags/example_dag_decorator.py for tasks to queue
[2026-04-29T09:40:41.982+0300] {logging_mixin.py:188} INFO - [2026-04-29T09:40:41.979+0300] {dagbag.py:545} INFO - Filling up the DagBag from /mnt/d/airflow/airflow_project/airflow_venv/lib/python3.12/site-packages/airflow/example_dags/example_dag_decorator.py
[2026-04-29T09:40:43.278+0300] {processor.py:840} INFO - DAG(s) 'example_dag_decorator' retrieved from /mnt/d/airflow/airflow_project/airflow_venv/lib/python3.12/site-packages/airflow/example_dags/example_dag_decorator.py
[2026-04-29T09:40:44.695+0300] {logging_mixin.py:188} INFO - [2026-04-29T09:40:44.694+0300] {dag.py:3089} INFO - Sync 1 DAGs
[2026-04-29T09:40:44.706+0300] {logging_mixin.py:188} INFO - [2026-04-29T09:40:44.705+0300] {dag.py:3947} INFO - Setting next_dagrun for example_dag_decorator to None, run_after=None
[2026-04-29T09:40:44.840+0300] {processor.py:183} INFO - Processing /mnt/d/airflow/airflow_project/airflow_venv/lib/python3.12/site-packages/airflow/example_dags/example_dag_decorator.py took 2.887 seconds
[2026-04-29T09:42:51.148+0300] {processor.py:161} INFO - Started process (PID=36228) to work on /mnt/d/airflow/airflow_project/airflow_venv/lib/python3.12/site-packages/airflow/example_dags/example_dag_decorator.py
[2026-04-29T09:42:51.161+0300] {processor.py:830} INFO - Processing file /mnt/d/airflow/airflow_project/airflow_venv/lib/python3.12/site-packages/airflow/example_dags/example_dag_decorator.py for tasks to queue
[2026-04-29T09:42:51.166+0300] {logging_mixin.py:188} INFO - [2026-04-29T09:42:51.164+0300] {dagbag.py:545} INFO - Filling up the DagBag from /mnt/d/airflow/airflow_project/airflow_venv/lib/python3.12/site-packages/airflow/example_dags/example_dag_decorator.py
[2026-04-29T09:42:52.988+0300] {processor.py:840} INFO - DAG(s) 'example_dag_decorator' retrieved from /mnt/d/airflow/airflow_project/airflow_venv/lib/python3.12/site-packages/airflow/example_dags/example_dag_decorator.py
[2026-04-29T09:42:54.746+0300] {logging_mixin.py:188} INFO - [2026-04-29T09:42:54.744+0300] {dag.py:3089} INFO - Sync 1 DAGs
[2026-04-29T09:42:54.768+0300] {logging_mixin.py:188} INFO - [2026-04-29T09:42:54.766+0300] {dag.py:3947} INFO - Setting next_dagrun for example_dag_decorator to None, run_after=None
[2026-04-29T09:42:54.908+0300] {processor.py:183} INFO - Processing /mnt/d/airflow/airflow_project/airflow_venv/lib/python3.12/site-packages/airflow/example_dags/example_dag_decorator.py took 3.786 seconds
[2026-04-29T09:45:41.853+0300] {processor.py:161} INFO - Started process (PID=37211) to work on /mnt/d/airflow/airflow_project/airflow_venv/lib/python3.12/site-packages/airflow/example_dags/example_dag_decorator.py
[2026-04-29T09:45:41.858+0300] {processor.py:830} INFO - Processing file /mnt/d/airflow/airflow_project/airflow_venv/lib/python3.12/site-packages/airflow/example_dags/example_dag_decorator.py for tasks to queue
[2026-04-29T09:45:41.866+0300] {logging_mixin.py:188} INFO - [2026-04-29T09:45:41.863+0300] {dagbag.py:545} INFO - Filling up the DagBag from /mnt/d/airflow/airflow_project/airflow_venv/lib/python3.12/site-packages/airflow/example_dags/example_dag_decorator.py
[2026-04-29T09:45:44.427+0300] {processor.py:840} INFO - DAG(s) 'example_dag_decorator' retrieved from /mnt/d/airflow/airflow_project/airflow_venv/lib/python3.12/site-packages/airflow/example_dags/example_dag_decorator.py
[2026-04-29T09:45:45.878+0300] {logging_mixin.py:188} INFO - [2026-04-29T09:45:45.874+0300] {dag.py:3089} INFO - Sync 1 DAGs
[2026-04-29T09:45:45.901+0300] {logging_mixin.py:188} INFO - [2026-04-29T09:45:45.899+0300] {dag.py:3947} INFO - Setting next_dagrun for example_dag_decorator to None, run_after=None
[2026-04-29T09:45:46.072+0300] {processor.py:183} INFO - Processing /mnt/d/airflow/airflow_project/airflow_venv/lib/python3.12/site-packages/airflow/example_dags/example_dag_decorator.py took 4.254 seconds
[2026-04-29T09:48:47.330+0300] {processor.py:161} INFO - Started process (PID=38263) to work on /mnt/d/airflow/airflow_project/airflow_venv/lib/python3.12/site-packages/airflow/example_dags/example_dag_decorator.py
[2026-04-29T09:48:47.332+0300] {processor.py:830} INFO - Processing file /mnt/d/airflow/airflow_project/airflow_venv/lib/python3.12/site-packages/airflow/example_dags/example_dag_decorator.py for tasks to queue
[2026-04-29T09:48:47.338+0300] {logging_mixin.py:188} INFO - [2026-04-29T09:48:47.335+0300] {dagbag.py:545} INFO - Filling up the DagBag from /mnt/d/airflow/airflow_project/airflow_venv/lib/python3.12/site-packages/airflow/example_dags/example_dag_decorator.py
[2026-04-29T09:48:49.137+0300] {processor.py:840} INFO - DAG(s) 'example_dag_decorator' retrieved from /mnt/d/airflow/airflow_project/airflow_venv/lib/python3.12/site-packages/airflow/example_dags/example_dag_decorator.py
[2026-04-29T09:48:50.969+0300] {logging_mixin.py:188} INFO - [2026-04-29T09:48:50.968+0300] {dag.py:3089} INFO - Sync 1 DAGs
[2026-04-29T09:48:50.987+0300] {logging_mixin.py:188} INFO - [2026-04-29T09:48:50.985+0300] {dag.py:3947} INFO - Setting next_dagrun for example_dag_decorator to None, run_after=None
[2026-04-29T09:48:51.799+0300] {processor.py:183} INFO - Processing /mnt/d/airflow/airflow_project/airflow_venv/lib/python3.12/site-packages/airflow/example_dags/example_dag_decorator.py took 3.792 seconds
[2026-04-29T09:51:02.811+0300] {processor.py:161} INFO - Started process (PID=39040) to work on /mnt/d/airflow/airflow_project/airflow_venv/lib/python3.12/site-packages/airflow/example_dags/example_dag_decorator.py
[2026-04-29T09:51:02.813+0300] {processor.py:830} INFO - Processing file /mnt/d/airflow/airflow_project/airflow_venv/lib/python3.12/site-packages/airflow/example_dags/example_dag_decorator.py for tasks to queue
[2026-04-29T09:51:02.820+0300] {logging_mixin.py:188} INFO - [2026-04-29T09:51:02.817+0300] {dagbag.py:545} INFO - Filling up the DagBag from /mnt/d/airflow/airflow_project/airflow_venv/lib/python3.12/site-packages/airflow/example_dags/example_dag_decorator.py
[2026-04-29T09:51:05.219+0300] {processor.py:840} INFO - DAG(s) 'example_dag_decorator' retrieved from /mnt/d/airflow/airflow_project/airflow_venv/lib/python3.12/site-packages/airflow/example_dags/example_dag_decorator.py
[2026-04-29T09:51:06.678+0300] {logging_mixin.py:188} INFO - [2026-04-29T09:51:06.676+0300] {dag.py:3089} INFO - Sync 1 DAGs
[2026-04-29T09:51:06.691+0300] {logging_mixin.py:188} INFO - [2026-04-29T09:51:06.689+0300] {dag.py:3947} INFO - Setting next_dagrun for example_dag_decorator to None, run_after=None
[2026-04-29T09:51:06.847+0300] {processor.py:183} INFO - Processing /mnt/d/airflow/airflow_project/airflow_venv/lib/python3.12/site-packages/airflow/example_dags/example_dag_decorator.py took 3.380 seconds
[2026-04-29T09:54:42.491+0300] {processor.py:161} INFO - Started process (PID=40271) to work on /mnt/d/airflow/airflow_project/airflow_venv/lib/python3.12/site-packages/airflow/example_dags/example_dag_decorator.py
[2026-04-29T09:54:42.497+0300] {processor.py:830} INFO - Processing file /mnt/d/airflow/airflow_project/airflow_venv/lib/python3.12/site-packages/airflow/example_dags/example_dag_decorator.py for tasks to queue
[2026-04-29T09:54:42.507+0300] {logging_mixin.py:188} INFO - [2026-04-29T09:54:42.504+0300] {dagbag.py:545} INFO - Filling up the DagBag from /mnt/d/airflow/airflow_project/airflow_venv/lib/python3.12/site-packages/airflow/example_dags/example_dag_decorator.py
[2026-04-29T09:54:44.628+0300] {processor.py:840} INFO - DAG(s) 'example_dag_decorator' retrieved from /mnt/d/airflow/airflow_project/airflow_venv/lib/python3.12/site-packages/airflow/example_dags/example_dag_decorator.py
[2026-04-29T09:54:46.241+0300] {logging_mixin.py:188} INFO - [2026-04-29T09:54:46.240+0300] {dag.py:3089} INFO - Sync 1 DAGs
[2026-04-29T09:54:46.257+0300] {logging_mixin.py:188} INFO - [2026-04-29T09:54:46.256+0300] {dag.py:3947} INFO - Setting next_dagrun for example_dag_decorator to None, run_after=None
[2026-04-29T09:54:46.388+0300] {processor.py:183} INFO - Processing /mnt/d/airflow/airflow_project/airflow_venv/lib/python3.12/site-packages/airflow/example_dags/example_dag_decorator.py took 3.940 seconds
[2026-04-29T09:57:02.210+0300] {processor.py:161} INFO - Started process (PID=41084) to work on /mnt/d/airflow/airflow_project/airflow_venv/lib/python3.12/site-packages/airflow/example_dags/example_dag_decorator.py
[2026-04-29T09:57:02.212+0300] {processor.py:830} INFO - Processing file /mnt/d/airflow/airflow_project/airflow_venv/lib/python3.12/site-packages/airflow/example_dags/example_dag_decorator.py for tasks to queue
[2026-04-29T09:57:02.218+0300] {logging_mixin.py:188} INFO - [2026-04-29T09:57:02.217+0300] {dagbag.py:545} INFO - Filling up the DagBag from /mnt/d/airflow/airflow_project/airflow_venv/lib/python3.12/site-packages/airflow/example_dags/example_dag_decorator.py
[2026-04-29T09:57:03.656+0300] {processor.py:840} INFO - DAG(s) 'example_dag_decorator' retrieved from /mnt/d/airflow/airflow_project/airflow_venv/lib/python3.12/site-packages/airflow/example_dags/example_dag_decorator.py
[2026-04-29T09:57:05.370+0300] {logging_mixin.py:188} INFO - [2026-04-29T09:57:05.369+0300] {dag.py:3089} INFO - Sync 1 DAGs
[2026-04-29T09:57:05.383+0300] {logging_mixin.py:188} INFO - [2026-04-29T09:57:05.382+0300] {dag.py:3947} INFO - Setting next_dagrun for example_dag_decorator to None, run_after=None
[2026-04-29T09:57:05.490+0300] {processor.py:183} INFO - Processing /mnt/d/airflow/airflow_project/airflow_venv/lib/python3.12/site-packages/airflow/example_dags/example_dag_decorator.py took 3.313 seconds
[2026-04-29T10:01:16.717+0300] {processor.py:161} INFO - Started process (PID=42502) to work on /mnt/d/airflow/airflow_project/airflow_venv/lib/python3.12/site-packages/airflow/example_dags/example_dag_decorator.py
[2026-04-29T10:01:16.719+0300] {processor.py:830} INFO - Processing file /mnt/d/airflow/airflow_project/airflow_venv/lib/python3.12/site-packages/airflow/example_dags/example_dag_decorator.py for tasks to queue
[2026-04-29T10:01:16.731+0300] {logging_mixin.py:188} INFO - [2026-04-29T10:01:16.729+0300] {dagbag.py:545} INFO - Filling up the DagBag from /mnt/d/airflow/airflow_project/airflow_venv/lib/python3.12/site-packages/airflow/example_dags/example_dag_decorator.py
[2026-04-29T10:01:17.833+0300] {processor.py:840} INFO - DAG(s) 'example_dag_decorator' retrieved from /mnt/d/airflow/airflow_project/airflow_venv/lib/python3.12/site-packages/airflow/example_dags/example_dag_decorator.py
[2026-04-29T10:01:18.976+0300] {logging_mixin.py:188} INFO - [2026-04-29T10:01:18.975+0300] {dag.py:3089} INFO - Sync 1 DAGs
[2026-04-29T10:01:18.988+0300] {logging_mixin.py:188} INFO - [2026-04-29T10:01:18.987+0300] {dag.py:3947} INFO - Setting next_dagrun for example_dag_decorator to None, run_after=None
[2026-04-29T10:01:19.069+0300] {processor.py:183} INFO - Processing /mnt/d/airflow/airflow_project/airflow_venv/lib/python3.12/site-packages/airflow/example_dags/example_dag_decorator.py took 2.374 seconds
[2026-04-29T10:04:42.809+0300] {processor.py:161} INFO - Started process (PID=43664) to work on /mnt/d/airflow/airflow_project/airflow_venv/lib/python3.12/site-packages/airflow/example_dags/example_dag_decorator.py
[2026-04-29T10:04:42.813+0300] {processor.py:830} INFO - Processing file /mnt/d/airflow/airflow_project/airflow_venv/lib/python3.12/site-packages/airflow/example_dags/example_dag_decorator.py for tasks to queue
[2026-04-29T10:04:42.820+0300] {logging_mixin.py:188} INFO - [2026-04-29T10:04:42.818+0300] {dagbag.py:545} INFO - Filling up the DagBag from /mnt/d/airflow/airflow_project/airflow_venv/lib/python3.12/site-packages/airflow/example_dags/example_dag_decorator.py
[2026-04-29T10:04:44.350+0300] {processor.py:840} INFO - DAG(s) 'example_dag_decorator' retrieved from /mnt/d/airflow/airflow_project/airflow_venv/lib/python3.12/site-packages/airflow/example_dags/example_dag_decorator.py
[2026-04-29T10:04:45.615+0300] {logging_mixin.py:188} INFO - [2026-04-29T10:04:45.614+0300] {dag.py:3089} INFO - Sync 1 DAGs
[2026-04-29T10:04:45.627+0300] {logging_mixin.py:188} INFO - [2026-04-29T10:04:45.626+0300] {dag.py:3947} INFO - Setting next_dagrun for example_dag_decorator to None, run_after=None
[2026-04-29T10:04:45.708+0300] {processor.py:183} INFO - Processing /mnt/d/airflow/airflow_project/airflow_venv/lib/python3.12/site-packages/airflow/example_dags/example_dag_decorator.py took 2.931 seconds
[2026-04-29T10:06:55.947+0300] {processor.py:161} INFO - Started process (PID=44407) to work on /mnt/d/airflow/airflow_project/airflow_venv/lib/python3.12/site-packages/airflow/example_dags/example_dag_decorator.py
[2026-04-29T10:06:55.954+0300] {processor.py:830} INFO - Processing file /mnt/d/airflow/airflow_project/airflow_venv/lib/python3.12/site-packages/airflow/example_dags/example_dag_decorator.py for tasks to queue
[2026-04-29T10:06:55.959+0300] {logging_mixin.py:188} INFO - [2026-04-29T10:06:55.956+0300] {dagbag.py:545} INFO - Filling up the DagBag from /mnt/d/airflow/airflow_project/airflow_venv/lib/python3.12/site-packages/airflow/example_dags/example_dag_decorator.py
[2026-04-29T10:06:57.194+0300] {processor.py:840} INFO - DAG(s) 'example_dag_decorator' retrieved from /mnt/d/airflow/airflow_project/airflow_venv/lib/python3.12/site-packages/airflow/example_dags/example_dag_decorator.py
[2026-04-29T10:06:58.376+0300] {logging_mixin.py:188} INFO - [2026-04-29T10:06:58.374+0300] {dag.py:3089} INFO - Sync 1 DAGs
[2026-04-29T10:06:58.392+0300] {logging_mixin.py:188} INFO - [2026-04-29T10:06:58.390+0300] {dag.py:3947} INFO - Setting next_dagrun for example_dag_decorator to None, run_after=None
[2026-04-29T10:06:58.498+0300] {processor.py:183} INFO - Processing /mnt/d/airflow/airflow_project/airflow_venv/lib/python3.12/site-packages/airflow/example_dags/example_dag_decorator.py took 2.572 seconds
[2026-04-29T10:08:59.195+0300] {processor.py:161} INFO - Started process (PID=45098) to work on /mnt/d/airflow/airflow_project/airflow_venv/lib/python3.12/site-packages/airflow/example_dags/example_dag_decorator.py
[2026-04-29T10:08:59.197+0300] {processor.py:830} INFO - Processing file /mnt/d/airflow/airflow_project/airflow_venv/lib/python3.12/site-packages/airflow/example_dags/example_dag_decorator.py for tasks to queue
[2026-04-29T10:08:59.203+0300] {logging_mixin.py:188} INFO - [2026-04-29T10:08:59.201+0300] {dagbag.py:545} INFO - Filling up the DagBag from /mnt/d/airflow/airflow_project/airflow_venv/lib/python3.12/site-packages/airflow/example_dags/example_dag_decorator.py
[2026-04-29T10:09:00.694+0300] {processor.py:840} INFO - DAG(s) 'example_dag_decorator' retrieved from /mnt/d/airflow/airflow_project/airflow_venv/lib/python3.12/site-packages/airflow/example_dags/example_dag_decorator.py
[2026-04-29T10:09:01.817+0300] {logging_mixin.py:188} INFO - [2026-04-29T10:09:01.815+0300] {dag.py:3089} INFO - Sync 1 DAGs
[2026-04-29T10:09:01.840+0300] {logging_mixin.py:188} INFO - [2026-04-29T10:09:01.839+0300] {dag.py:3947} INFO - Setting next_dagrun for example_dag_decorator to None, run_after=None
[2026-04-29T10:09:01.954+0300] {processor.py:183} INFO - Processing /mnt/d/airflow/airflow_project/airflow_venv/lib/python3.12/site-packages/airflow/example_dags/example_dag_decorator.py took 2.785 seconds
[2026-04-29T10:11:12.373+0300] {processor.py:161} INFO - Started process (PID=45830) to work on /mnt/d/airflow/airflow_project/airflow_venv/lib/python3.12/site-packages/airflow/example_dags/example_dag_decorator.py
[2026-04-29T10:11:12.375+0300] {processor.py:830} INFO - Processing file /mnt/d/airflow/airflow_project/airflow_venv/lib/python3.12/site-packages/airflow/example_dags/example_dag_decorator.py for tasks to queue
[2026-04-29T10:11:12.381+0300] {logging_mixin.py:188} INFO - [2026-04-29T10:11:12.379+0300] {dagbag.py:545} INFO - Filling up the DagBag from /mnt/d/airflow/airflow_project/airflow_venv/lib/python3.12/site-packages/airflow/example_dags/example_dag_decorator.py
[2026-04-29T10:11:13.466+0300] {processor.py:840} INFO - DAG(s) 'example_dag_decorator' retrieved from /mnt/d/airflow/airflow_project/airflow_venv/lib/python3.12/site-packages/airflow/example_dags/example_dag_decorator.py
[2026-04-29T10:11:14.683+0300] {logging_mixin.py:188} INFO - [2026-04-29T10:11:14.682+0300] {dag.py:3089} INFO - Sync 1 DAGs
[2026-04-29T10:11:14.697+0300] {logging_mixin.py:188} INFO - [2026-04-29T10:11:14.696+0300] {dag.py:3947} INFO - Setting next_dagrun for example_dag_decorator to None, run_after=None
[2026-04-29T10:11:14.858+0300] {processor.py:183} INFO - Processing /mnt/d/airflow/airflow_project/airflow_venv/lib/python3.12/site-packages/airflow/example_dags/example_dag_decorator.py took 2.511 seconds
[2026-04-29T10:13:14.873+0300] {processor.py:161} INFO - Started process (PID=46519) to work on /mnt/d/airflow/airflow_project/airflow_venv/lib/python3.12/site-packages/airflow/example_dags/example_dag_decorator.py
[2026-04-29T10:13:14.877+0300] {processor.py:830} INFO - Processing file /mnt/d/airflow/airflow_project/airflow_venv/lib/python3.12/site-packages/airflow/example_dags/example_dag_decorator.py for tasks to queue
[2026-04-29T10:13:14.883+0300] {logging_mixin.py:188} INFO - [2026-04-29T10:13:14.881+0300] {dagbag.py:545} INFO - Filling up the DagBag from /mnt/d/airflow/airflow_project/airflow_venv/lib/python3.12/site-packages/airflow/example_dags/example_dag_decorator.py
[2026-04-29T10:13:16.629+0300] {processor.py:840} INFO - DAG(s) 'example_dag_decorator' retrieved from /mnt/d/airflow/airflow_project/airflow_venv/lib/python3.12/site-packages/airflow/example_dags/example_dag_decorator.py
[2026-04-29T10:13:18.085+0300] {logging_mixin.py:188} INFO - [2026-04-29T10:13:18.084+0300] {dag.py:3089} INFO - Sync 1 DAGs
[2026-04-29T10:13:18.099+0300] {logging_mixin.py:188} INFO - [2026-04-29T10:13:18.098+0300] {dag.py:3947} INFO - Setting next_dagrun for example_dag_decorator to None, run_after=None
[2026-04-29T10:13:18.298+0300] {processor.py:183} INFO - Processing /mnt/d/airflow/airflow_project/airflow_venv/lib/python3.12/site-packages/airflow/example_dags/example_dag_decorator.py took 3.462 seconds
