[2026-04-29T09:15:52.674+0300] {processor.py:161} INFO - Started process (PID=26755) to work on /mnt/d/airflow/airflow_project/airflow_venv/lib/python3.12/site-packages/airflow/example_dags/example_external_task_marker_dag.py
[2026-04-29T09:15:52.676+0300] {processor.py:830} INFO - Processing file /mnt/d/airflow/airflow_project/airflow_venv/lib/python3.12/site-packages/airflow/example_dags/example_external_task_marker_dag.py for tasks to queue
[2026-04-29T09:15:52.678+0300] {logging_mixin.py:188} INFO - [2026-04-29T09:15:52.677+0300] {dagbag.py:545} INFO - Filling up the DagBag from /mnt/d/airflow/airflow_project/airflow_venv/lib/python3.12/site-packages/airflow/example_dags/example_external_task_marker_dag.py
[2026-04-29T09:15:52.709+0300] {processor.py:840} INFO - DAG(s) 'example_external_task_marker_child', 'example_external_task_marker_parent' retrieved from /mnt/d/airflow/airflow_project/airflow_venv/lib/python3.12/site-packages/airflow/example_dags/example_external_task_marker_dag.py
[2026-04-29T09:15:53.747+0300] {logging_mixin.py:188} INFO - [2026-04-29T09:15:53.746+0300] {override.py:1858} INFO - Created Permission View: can edit on DAG:example_external_task_marker_child
[2026-04-29T09:15:53.769+0300] {logging_mixin.py:188} INFO - [2026-04-29T09:15:53.768+0300] {override.py:1858} INFO - Created Permission View: can delete on DAG:example_external_task_marker_child
[2026-04-29T09:15:53.789+0300] {logging_mixin.py:188} INFO - [2026-04-29T09:15:53.789+0300] {override.py:1858} INFO - Created Permission View: can read on DAG:example_external_task_marker_child
[2026-04-29T09:15:53.827+0300] {logging_mixin.py:188} INFO - [2026-04-29T09:15:53.827+0300] {override.py:1858} INFO - Created Permission View: can edit on DAG:example_external_task_marker_parent
[2026-04-29T09:15:53.850+0300] {logging_mixin.py:188} INFO - [2026-04-29T09:15:53.849+0300] {override.py:1858} INFO - Created Permission View: can delete on DAG:example_external_task_marker_parent
[2026-04-29T09:15:53.872+0300] {logging_mixin.py:188} INFO - [2026-04-29T09:15:53.871+0300] {override.py:1858} INFO - Created Permission View: can read on DAG:example_external_task_marker_parent
[2026-04-29T09:15:53.874+0300] {logging_mixin.py:188} INFO - [2026-04-29T09:15:53.873+0300] {dag.py:3089} INFO - Sync 2 DAGs
[2026-04-29T09:15:53.885+0300] {logging_mixin.py:188} INFO - [2026-04-29T09:15:53.885+0300] {dag.py:3111} INFO - Creating ORM DAG for example_external_task_marker_child
[2026-04-29T09:15:53.887+0300] {logging_mixin.py:188} INFO - [2026-04-29T09:15:53.886+0300] {dag.py:3111} INFO - Creating ORM DAG for example_external_task_marker_parent
[2026-04-29T09:15:53.888+0300] {logging_mixin.py:188} INFO - [2026-04-29T09:15:53.888+0300] {dag.py:3947} INFO - Setting next_dagrun for example_external_task_marker_child to None, run_after=None
[2026-04-29T09:15:53.889+0300] {logging_mixin.py:188} INFO - [2026-04-29T09:15:53.889+0300] {dag.py:3947} INFO - Setting next_dagrun for example_external_task_marker_parent to None, run_after=None
[2026-04-29T09:15:53.931+0300] {processor.py:183} INFO - Processing /mnt/d/airflow/airflow_project/airflow_venv/lib/python3.12/site-packages/airflow/example_dags/example_external_task_marker_dag.py took 1.271 seconds
[2026-04-29T09:17:49.805+0300] {processor.py:161} INFO - Started process (PID=27414) to work on /mnt/d/airflow/airflow_project/airflow_venv/lib/python3.12/site-packages/airflow/example_dags/example_external_task_marker_dag.py
[2026-04-29T09:17:49.810+0300] {processor.py:830} INFO - Processing file /mnt/d/airflow/airflow_project/airflow_venv/lib/python3.12/site-packages/airflow/example_dags/example_external_task_marker_dag.py for tasks to queue
[2026-04-29T09:17:49.819+0300] {logging_mixin.py:188} INFO - [2026-04-29T09:17:49.815+0300] {dagbag.py:545} INFO - Filling up the DagBag from /mnt/d/airflow/airflow_project/airflow_venv/lib/python3.12/site-packages/airflow/example_dags/example_external_task_marker_dag.py
[2026-04-29T09:17:49.893+0300] {processor.py:840} INFO - DAG(s) 'example_external_task_marker_parent', 'example_external_task_marker_child' retrieved from /mnt/d/airflow/airflow_project/airflow_venv/lib/python3.12/site-packages/airflow/example_dags/example_external_task_marker_dag.py
[2026-04-29T09:17:49.967+0300] {logging_mixin.py:188} INFO - [2026-04-29T09:17:49.965+0300] {dag.py:3089} INFO - Sync 2 DAGs
[2026-04-29T09:17:49.990+0300] {logging_mixin.py:188} INFO - [2026-04-29T09:17:49.988+0300] {dag.py:3947} INFO - Setting next_dagrun for example_external_task_marker_child to None, run_after=None
[2026-04-29T09:17:49.999+0300] {logging_mixin.py:188} INFO - [2026-04-29T09:17:49.997+0300] {dag.py:3947} INFO - Setting next_dagrun for example_external_task_marker_parent to None, run_after=None
[2026-04-29T09:17:50.150+0300] {processor.py:183} INFO - Processing /mnt/d/airflow/airflow_project/airflow_venv/lib/python3.12/site-packages/airflow/example_dags/example_external_task_marker_dag.py took 0.377 seconds
[2026-04-29T09:20:02.938+0300] {processor.py:161} INFO - Started process (PID=28226) to work on /mnt/d/airflow/airflow_project/airflow_venv/lib/python3.12/site-packages/airflow/example_dags/example_external_task_marker_dag.py
[2026-04-29T09:20:02.942+0300] {processor.py:830} INFO - Processing file /mnt/d/airflow/airflow_project/airflow_venv/lib/python3.12/site-packages/airflow/example_dags/example_external_task_marker_dag.py for tasks to queue
[2026-04-29T09:20:02.952+0300] {logging_mixin.py:188} INFO - [2026-04-29T09:20:02.948+0300] {dagbag.py:545} INFO - Filling up the DagBag from /mnt/d/airflow/airflow_project/airflow_venv/lib/python3.12/site-packages/airflow/example_dags/example_external_task_marker_dag.py
[2026-04-29T09:20:03.028+0300] {processor.py:840} INFO - DAG(s) 'example_external_task_marker_child', 'example_external_task_marker_parent' retrieved from /mnt/d/airflow/airflow_project/airflow_venv/lib/python3.12/site-packages/airflow/example_dags/example_external_task_marker_dag.py
[2026-04-29T09:20:03.114+0300] {logging_mixin.py:188} INFO - [2026-04-29T09:20:03.112+0300] {dag.py:3089} INFO - Sync 2 DAGs
[2026-04-29T09:20:03.140+0300] {logging_mixin.py:188} INFO - [2026-04-29T09:20:03.138+0300] {dag.py:3947} INFO - Setting next_dagrun for example_external_task_marker_child to None, run_after=None
[2026-04-29T09:20:03.150+0300] {logging_mixin.py:188} INFO - [2026-04-29T09:20:03.149+0300] {dag.py:3947} INFO - Setting next_dagrun for example_external_task_marker_parent to None, run_after=None
[2026-04-29T09:20:03.265+0300] {processor.py:183} INFO - Processing /mnt/d/airflow/airflow_project/airflow_venv/lib/python3.12/site-packages/airflow/example_dags/example_external_task_marker_dag.py took 0.359 seconds
[2026-04-29T09:22:14.118+0300] {processor.py:161} INFO - Started process (PID=28980) to work on /mnt/d/airflow/airflow_project/airflow_venv/lib/python3.12/site-packages/airflow/example_dags/example_external_task_marker_dag.py
[2026-04-29T09:22:14.120+0300] {processor.py:830} INFO - Processing file /mnt/d/airflow/airflow_project/airflow_venv/lib/python3.12/site-packages/airflow/example_dags/example_external_task_marker_dag.py for tasks to queue
[2026-04-29T09:22:14.124+0300] {logging_mixin.py:188} INFO - [2026-04-29T09:22:14.122+0300] {dagbag.py:545} INFO - Filling up the DagBag from /mnt/d/airflow/airflow_project/airflow_venv/lib/python3.12/site-packages/airflow/example_dags/example_external_task_marker_dag.py
[2026-04-29T09:22:14.151+0300] {processor.py:840} INFO - DAG(s) 'example_external_task_marker_parent', 'example_external_task_marker_child' retrieved from /mnt/d/airflow/airflow_project/airflow_venv/lib/python3.12/site-packages/airflow/example_dags/example_external_task_marker_dag.py
[2026-04-29T09:22:14.205+0300] {logging_mixin.py:188} INFO - [2026-04-29T09:22:14.203+0300] {dag.py:3089} INFO - Sync 2 DAGs
[2026-04-29T09:22:14.223+0300] {logging_mixin.py:188} INFO - [2026-04-29T09:22:14.222+0300] {dag.py:3947} INFO - Setting next_dagrun for example_external_task_marker_child to None, run_after=None
[2026-04-29T09:22:14.229+0300] {logging_mixin.py:188} INFO - [2026-04-29T09:22:14.229+0300] {dag.py:3947} INFO - Setting next_dagrun for example_external_task_marker_parent to None, run_after=None
[2026-04-29T09:22:14.335+0300] {processor.py:183} INFO - Processing /mnt/d/airflow/airflow_project/airflow_venv/lib/python3.12/site-packages/airflow/example_dags/example_external_task_marker_dag.py took 0.236 seconds
[2026-04-29T09:24:16.204+0300] {processor.py:161} INFO - Started process (PID=29682) to work on /mnt/d/airflow/airflow_project/airflow_venv/lib/python3.12/site-packages/airflow/example_dags/example_external_task_marker_dag.py
[2026-04-29T09:24:16.209+0300] {processor.py:830} INFO - Processing file /mnt/d/airflow/airflow_project/airflow_venv/lib/python3.12/site-packages/airflow/example_dags/example_external_task_marker_dag.py for tasks to queue
[2026-04-29T09:24:16.215+0300] {logging_mixin.py:188} INFO - [2026-04-29T09:24:16.213+0300] {dagbag.py:545} INFO - Filling up the DagBag from /mnt/d/airflow/airflow_project/airflow_venv/lib/python3.12/site-packages/airflow/example_dags/example_external_task_marker_dag.py
[2026-04-29T09:24:16.288+0300] {processor.py:840} INFO - DAG(s) 'example_external_task_marker_child', 'example_external_task_marker_parent' retrieved from /mnt/d/airflow/airflow_project/airflow_venv/lib/python3.12/site-packages/airflow/example_dags/example_external_task_marker_dag.py
[2026-04-29T09:24:16.365+0300] {logging_mixin.py:188} INFO - [2026-04-29T09:24:16.362+0300] {dag.py:3089} INFO - Sync 2 DAGs
[2026-04-29T09:24:16.394+0300] {logging_mixin.py:188} INFO - [2026-04-29T09:24:16.391+0300] {dag.py:3947} INFO - Setting next_dagrun for example_external_task_marker_child to None, run_after=None
[2026-04-29T09:24:16.407+0300] {logging_mixin.py:188} INFO - [2026-04-29T09:24:16.406+0300] {dag.py:3947} INFO - Setting next_dagrun for example_external_task_marker_parent to None, run_after=None
[2026-04-29T09:24:16.625+0300] {processor.py:183} INFO - Processing /mnt/d/airflow/airflow_project/airflow_venv/lib/python3.12/site-packages/airflow/example_dags/example_external_task_marker_dag.py took 0.451 seconds
[2026-04-29T09:26:39.703+0300] {processor.py:161} INFO - Started process (PID=30483) to work on /mnt/d/airflow/airflow_project/airflow_venv/lib/python3.12/site-packages/airflow/example_dags/example_external_task_marker_dag.py
[2026-04-29T09:26:39.714+0300] {processor.py:830} INFO - Processing file /mnt/d/airflow/airflow_project/airflow_venv/lib/python3.12/site-packages/airflow/example_dags/example_external_task_marker_dag.py for tasks to queue
[2026-04-29T09:26:39.740+0300] {logging_mixin.py:188} INFO - [2026-04-29T09:26:39.734+0300] {dagbag.py:545} INFO - Filling up the DagBag from /mnt/d/airflow/airflow_project/airflow_venv/lib/python3.12/site-packages/airflow/example_dags/example_external_task_marker_dag.py
[2026-04-29T09:26:39.854+0300] {processor.py:840} INFO - DAG(s) 'example_external_task_marker_child', 'example_external_task_marker_parent' retrieved from /mnt/d/airflow/airflow_project/airflow_venv/lib/python3.12/site-packages/airflow/example_dags/example_external_task_marker_dag.py
[2026-04-29T09:26:39.915+0300] {logging_mixin.py:188} INFO - [2026-04-29T09:26:39.914+0300] {dag.py:3089} INFO - Sync 2 DAGs
[2026-04-29T09:26:39.938+0300] {logging_mixin.py:188} INFO - [2026-04-29T09:26:39.936+0300] {dag.py:3947} INFO - Setting next_dagrun for example_external_task_marker_child to None, run_after=None
[2026-04-29T09:26:39.952+0300] {logging_mixin.py:188} INFO - [2026-04-29T09:26:39.949+0300] {dag.py:3947} INFO - Setting next_dagrun for example_external_task_marker_parent to None, run_after=None
[2026-04-29T09:26:40.091+0300] {processor.py:183} INFO - Processing /mnt/d/airflow/airflow_project/airflow_venv/lib/python3.12/site-packages/airflow/example_dags/example_external_task_marker_dag.py took 0.496 seconds
[2026-04-29T09:29:13.706+0300] {processor.py:161} INFO - Started process (PID=31353) to work on /mnt/d/airflow/airflow_project/airflow_venv/lib/python3.12/site-packages/airflow/example_dags/example_external_task_marker_dag.py
[2026-04-29T09:29:13.710+0300] {processor.py:830} INFO - Processing file /mnt/d/airflow/airflow_project/airflow_venv/lib/python3.12/site-packages/airflow/example_dags/example_external_task_marker_dag.py for tasks to queue
[2026-04-29T09:29:13.718+0300] {logging_mixin.py:188} INFO - [2026-04-29T09:29:13.715+0300] {dagbag.py:545} INFO - Filling up the DagBag from /mnt/d/airflow/airflow_project/airflow_venv/lib/python3.12/site-packages/airflow/example_dags/example_external_task_marker_dag.py
[2026-04-29T09:29:13.778+0300] {processor.py:840} INFO - DAG(s) 'example_external_task_marker_parent', 'example_external_task_marker_child' retrieved from /mnt/d/airflow/airflow_project/airflow_venv/lib/python3.12/site-packages/airflow/example_dags/example_external_task_marker_dag.py
[2026-04-29T09:29:13.833+0300] {logging_mixin.py:188} INFO - [2026-04-29T09:29:13.831+0300] {dag.py:3089} INFO - Sync 2 DAGs
[2026-04-29T09:29:13.852+0300] {logging_mixin.py:188} INFO - [2026-04-29T09:29:13.851+0300] {dag.py:3947} INFO - Setting next_dagrun for example_external_task_marker_child to None, run_after=None
[2026-04-29T09:29:13.863+0300] {logging_mixin.py:188} INFO - [2026-04-29T09:29:13.861+0300] {dag.py:3947} INFO - Setting next_dagrun for example_external_task_marker_parent to None, run_after=None
[2026-04-29T09:29:14.024+0300] {processor.py:183} INFO - Processing /mnt/d/airflow/airflow_project/airflow_venv/lib/python3.12/site-packages/airflow/example_dags/example_external_task_marker_dag.py took 0.363 seconds
[2026-04-29T09:31:53.770+0300] {processor.py:161} INFO - Started process (PID=32316) to work on /mnt/d/airflow/airflow_project/airflow_venv/lib/python3.12/site-packages/airflow/example_dags/example_external_task_marker_dag.py
[2026-04-29T09:31:53.774+0300] {processor.py:830} INFO - Processing file /mnt/d/airflow/airflow_project/airflow_venv/lib/python3.12/site-packages/airflow/example_dags/example_external_task_marker_dag.py for tasks to queue
[2026-04-29T09:31:53.780+0300] {logging_mixin.py:188} INFO - [2026-04-29T09:31:53.777+0300] {dagbag.py:545} INFO - Filling up the DagBag from /mnt/d/airflow/airflow_project/airflow_venv/lib/python3.12/site-packages/airflow/example_dags/example_external_task_marker_dag.py
[2026-04-29T09:31:53.824+0300] {processor.py:840} INFO - DAG(s) 'example_external_task_marker_parent', 'example_external_task_marker_child' retrieved from /mnt/d/airflow/airflow_project/airflow_venv/lib/python3.12/site-packages/airflow/example_dags/example_external_task_marker_dag.py
[2026-04-29T09:31:53.863+0300] {logging_mixin.py:188} INFO - [2026-04-29T09:31:53.862+0300] {dag.py:3089} INFO - Sync 2 DAGs
[2026-04-29T09:31:53.880+0300] {logging_mixin.py:188} INFO - [2026-04-29T09:31:53.879+0300] {dag.py:3947} INFO - Setting next_dagrun for example_external_task_marker_child to None, run_after=None
[2026-04-29T09:31:53.885+0300] {logging_mixin.py:188} INFO - [2026-04-29T09:31:53.884+0300] {dag.py:3947} INFO - Setting next_dagrun for example_external_task_marker_parent to None, run_after=None
[2026-04-29T09:31:53.967+0300] {processor.py:183} INFO - Processing /mnt/d/airflow/airflow_project/airflow_venv/lib/python3.12/site-packages/airflow/example_dags/example_external_task_marker_dag.py took 0.214 seconds
[2026-04-29T09:34:17.454+0300] {processor.py:161} INFO - Started process (PID=33165) to work on /mnt/d/airflow/airflow_project/airflow_venv/lib/python3.12/site-packages/airflow/example_dags/example_external_task_marker_dag.py
[2026-04-29T09:34:17.457+0300] {processor.py:830} INFO - Processing file /mnt/d/airflow/airflow_project/airflow_venv/lib/python3.12/site-packages/airflow/example_dags/example_external_task_marker_dag.py for tasks to queue
[2026-04-29T09:34:17.462+0300] {logging_mixin.py:188} INFO - [2026-04-29T09:34:17.460+0300] {dagbag.py:545} INFO - Filling up the DagBag from /mnt/d/airflow/airflow_project/airflow_venv/lib/python3.12/site-packages/airflow/example_dags/example_external_task_marker_dag.py
[2026-04-29T09:34:17.519+0300] {processor.py:840} INFO - DAG(s) 'example_external_task_marker_child', 'example_external_task_marker_parent' retrieved from /mnt/d/airflow/airflow_project/airflow_venv/lib/python3.12/site-packages/airflow/example_dags/example_external_task_marker_dag.py
[2026-04-29T09:34:17.622+0300] {logging_mixin.py:188} INFO - [2026-04-29T09:34:17.619+0300] {dag.py:3089} INFO - Sync 2 DAGs
[2026-04-29T09:34:17.651+0300] {logging_mixin.py:188} INFO - [2026-04-29T09:34:17.648+0300] {dag.py:3947} INFO - Setting next_dagrun for example_external_task_marker_child to None, run_after=None
[2026-04-29T09:34:17.671+0300] {logging_mixin.py:188} INFO - [2026-04-29T09:34:17.669+0300] {dag.py:3947} INFO - Setting next_dagrun for example_external_task_marker_parent to None, run_after=None
[2026-04-29T09:34:17.848+0300] {processor.py:183} INFO - Processing /mnt/d/airflow/airflow_project/airflow_venv/lib/python3.12/site-packages/airflow/example_dags/example_external_task_marker_dag.py took 0.426 seconds
[2026-04-29T09:36:26.787+0300] {processor.py:161} INFO - Started process (PID=33943) to work on /mnt/d/airflow/airflow_project/airflow_venv/lib/python3.12/site-packages/airflow/example_dags/example_external_task_marker_dag.py
[2026-04-29T09:36:26.789+0300] {processor.py:830} INFO - Processing file /mnt/d/airflow/airflow_project/airflow_venv/lib/python3.12/site-packages/airflow/example_dags/example_external_task_marker_dag.py for tasks to queue
[2026-04-29T09:36:26.797+0300] {logging_mixin.py:188} INFO - [2026-04-29T09:36:26.795+0300] {dagbag.py:545} INFO - Filling up the DagBag from /mnt/d/airflow/airflow_project/airflow_venv/lib/python3.12/site-packages/airflow/example_dags/example_external_task_marker_dag.py
[2026-04-29T09:36:26.857+0300] {processor.py:840} INFO - DAG(s) 'example_external_task_marker_child', 'example_external_task_marker_parent' retrieved from /mnt/d/airflow/airflow_project/airflow_venv/lib/python3.12/site-packages/airflow/example_dags/example_external_task_marker_dag.py
[2026-04-29T09:36:26.939+0300] {logging_mixin.py:188} INFO - [2026-04-29T09:36:26.936+0300] {dag.py:3089} INFO - Sync 2 DAGs
[2026-04-29T09:36:26.972+0300] {logging_mixin.py:188} INFO - [2026-04-29T09:36:26.970+0300] {dag.py:3947} INFO - Setting next_dagrun for example_external_task_marker_child to None, run_after=None
[2026-04-29T09:36:26.982+0300] {logging_mixin.py:188} INFO - [2026-04-29T09:36:26.981+0300] {dag.py:3947} INFO - Setting next_dagrun for example_external_task_marker_parent to None, run_after=None
[2026-04-29T09:36:27.074+0300] {processor.py:183} INFO - Processing /mnt/d/airflow/airflow_project/airflow_venv/lib/python3.12/site-packages/airflow/example_dags/example_external_task_marker_dag.py took 0.308 seconds
[2026-04-29T09:38:30.087+0300] {processor.py:161} INFO - Started process (PID=34708) to work on /mnt/d/airflow/airflow_project/airflow_venv/lib/python3.12/site-packages/airflow/example_dags/example_external_task_marker_dag.py
[2026-04-29T09:38:30.099+0300] {processor.py:830} INFO - Processing file /mnt/d/airflow/airflow_project/airflow_venv/lib/python3.12/site-packages/airflow/example_dags/example_external_task_marker_dag.py for tasks to queue
[2026-04-29T09:38:30.109+0300] {logging_mixin.py:188} INFO - [2026-04-29T09:38:30.108+0300] {dagbag.py:545} INFO - Filling up the DagBag from /mnt/d/airflow/airflow_project/airflow_venv/lib/python3.12/site-packages/airflow/example_dags/example_external_task_marker_dag.py
[2026-04-29T09:38:30.178+0300] {processor.py:840} INFO - DAG(s) 'example_external_task_marker_parent', 'example_external_task_marker_child' retrieved from /mnt/d/airflow/airflow_project/airflow_venv/lib/python3.12/site-packages/airflow/example_dags/example_external_task_marker_dag.py
[2026-04-29T09:38:30.247+0300] {logging_mixin.py:188} INFO - [2026-04-29T09:38:30.246+0300] {dag.py:3089} INFO - Sync 2 DAGs
[2026-04-29T09:38:30.266+0300] {logging_mixin.py:188} INFO - [2026-04-29T09:38:30.265+0300] {dag.py:3947} INFO - Setting next_dagrun for example_external_task_marker_child to None, run_after=None
[2026-04-29T09:38:30.274+0300] {logging_mixin.py:188} INFO - [2026-04-29T09:38:30.273+0300] {dag.py:3947} INFO - Setting next_dagrun for example_external_task_marker_parent to None, run_after=None
[2026-04-29T09:38:30.443+0300] {processor.py:183} INFO - Processing /mnt/d/airflow/airflow_project/airflow_venv/lib/python3.12/site-packages/airflow/example_dags/example_external_task_marker_dag.py took 0.386 seconds
[2026-04-29T09:40:34.755+0300] {processor.py:161} INFO - Started process (PID=35444) to work on /mnt/d/airflow/airflow_project/airflow_venv/lib/python3.12/site-packages/airflow/example_dags/example_external_task_marker_dag.py
[2026-04-29T09:40:34.757+0300] {processor.py:830} INFO - Processing file /mnt/d/airflow/airflow_project/airflow_venv/lib/python3.12/site-packages/airflow/example_dags/example_external_task_marker_dag.py for tasks to queue
[2026-04-29T09:40:34.760+0300] {logging_mixin.py:188} INFO - [2026-04-29T09:40:34.759+0300] {dagbag.py:545} INFO - Filling up the DagBag from /mnt/d/airflow/airflow_project/airflow_venv/lib/python3.12/site-packages/airflow/example_dags/example_external_task_marker_dag.py
[2026-04-29T09:40:34.785+0300] {processor.py:840} INFO - DAG(s) 'example_external_task_marker_parent', 'example_external_task_marker_child' retrieved from /mnt/d/airflow/airflow_project/airflow_venv/lib/python3.12/site-packages/airflow/example_dags/example_external_task_marker_dag.py
[2026-04-29T09:40:34.824+0300] {logging_mixin.py:188} INFO - [2026-04-29T09:40:34.823+0300] {dag.py:3089} INFO - Sync 2 DAGs
[2026-04-29T09:40:34.842+0300] {logging_mixin.py:188} INFO - [2026-04-29T09:40:34.841+0300] {dag.py:3947} INFO - Setting next_dagrun for example_external_task_marker_child to None, run_after=None
[2026-04-29T09:40:34.850+0300] {logging_mixin.py:188} INFO - [2026-04-29T09:40:34.849+0300] {dag.py:3947} INFO - Setting next_dagrun for example_external_task_marker_parent to None, run_after=None
[2026-04-29T09:40:34.934+0300] {processor.py:183} INFO - Processing /mnt/d/airflow/airflow_project/airflow_venv/lib/python3.12/site-packages/airflow/example_dags/example_external_task_marker_dag.py took 0.194 seconds
[2026-04-29T09:42:42.299+0300] {processor.py:161} INFO - Started process (PID=36163) to work on /mnt/d/airflow/airflow_project/airflow_venv/lib/python3.12/site-packages/airflow/example_dags/example_external_task_marker_dag.py
[2026-04-29T09:42:42.303+0300] {processor.py:830} INFO - Processing file /mnt/d/airflow/airflow_project/airflow_venv/lib/python3.12/site-packages/airflow/example_dags/example_external_task_marker_dag.py for tasks to queue
[2026-04-29T09:42:42.311+0300] {logging_mixin.py:188} INFO - [2026-04-29T09:42:42.308+0300] {dagbag.py:545} INFO - Filling up the DagBag from /mnt/d/airflow/airflow_project/airflow_venv/lib/python3.12/site-packages/airflow/example_dags/example_external_task_marker_dag.py
[2026-04-29T09:42:42.383+0300] {processor.py:840} INFO - DAG(s) 'example_external_task_marker_child', 'example_external_task_marker_parent' retrieved from /mnt/d/airflow/airflow_project/airflow_venv/lib/python3.12/site-packages/airflow/example_dags/example_external_task_marker_dag.py
[2026-04-29T09:42:42.494+0300] {logging_mixin.py:188} INFO - [2026-04-29T09:42:42.492+0300] {dag.py:3089} INFO - Sync 2 DAGs
[2026-04-29T09:42:42.521+0300] {logging_mixin.py:188} INFO - [2026-04-29T09:42:42.519+0300] {dag.py:3947} INFO - Setting next_dagrun for example_external_task_marker_child to None, run_after=None
[2026-04-29T09:42:42.537+0300] {logging_mixin.py:188} INFO - [2026-04-29T09:42:42.534+0300] {dag.py:3947} INFO - Setting next_dagrun for example_external_task_marker_parent to None, run_after=None
[2026-04-29T09:42:42.687+0300] {processor.py:183} INFO - Processing /mnt/d/airflow/airflow_project/airflow_venv/lib/python3.12/site-packages/airflow/example_dags/example_external_task_marker_dag.py took 0.441 seconds
[2026-04-29T09:45:24.805+0300] {processor.py:161} INFO - Started process (PID=37125) to work on /mnt/d/airflow/airflow_project/airflow_venv/lib/python3.12/site-packages/airflow/example_dags/example_external_task_marker_dag.py
[2026-04-29T09:45:24.809+0300] {processor.py:830} INFO - Processing file /mnt/d/airflow/airflow_project/airflow_venv/lib/python3.12/site-packages/airflow/example_dags/example_external_task_marker_dag.py for tasks to queue
[2026-04-29T09:45:24.818+0300] {logging_mixin.py:188} INFO - [2026-04-29T09:45:24.815+0300] {dagbag.py:545} INFO - Filling up the DagBag from /mnt/d/airflow/airflow_project/airflow_venv/lib/python3.12/site-packages/airflow/example_dags/example_external_task_marker_dag.py
[2026-04-29T09:45:24.879+0300] {processor.py:840} INFO - DAG(s) 'example_external_task_marker_child', 'example_external_task_marker_parent' retrieved from /mnt/d/airflow/airflow_project/airflow_venv/lib/python3.12/site-packages/airflow/example_dags/example_external_task_marker_dag.py
[2026-04-29T09:45:26.213+0300] {logging_mixin.py:188} INFO - [2026-04-29T09:45:26.212+0300] {dag.py:3089} INFO - Sync 2 DAGs
[2026-04-29T09:45:26.231+0300] {logging_mixin.py:188} INFO - [2026-04-29T09:45:26.230+0300] {dag.py:3947} INFO - Setting next_dagrun for example_external_task_marker_child to None, run_after=None
[2026-04-29T09:45:26.240+0300] {logging_mixin.py:188} INFO - [2026-04-29T09:45:26.239+0300] {dag.py:3947} INFO - Setting next_dagrun for example_external_task_marker_parent to None, run_after=None
[2026-04-29T09:45:26.445+0300] {processor.py:183} INFO - Processing /mnt/d/airflow/airflow_project/airflow_venv/lib/python3.12/site-packages/airflow/example_dags/example_external_task_marker_dag.py took 1.673 seconds
[2026-04-29T09:47:12.886+0300] {processor.py:161} INFO - Started process (PID=37726) to work on /mnt/d/airflow/airflow_project/airflow_venv/lib/python3.12/site-packages/airflow/example_dags/example_external_task_marker_dag.py
[2026-04-29T09:47:12.891+0300] {processor.py:830} INFO - Processing file /mnt/d/airflow/airflow_project/airflow_venv/lib/python3.12/site-packages/airflow/example_dags/example_external_task_marker_dag.py for tasks to queue
[2026-04-29T09:47:12.901+0300] {logging_mixin.py:188} INFO - [2026-04-29T09:47:12.897+0300] {dagbag.py:545} INFO - Filling up the DagBag from /mnt/d/airflow/airflow_project/airflow_venv/lib/python3.12/site-packages/airflow/example_dags/example_external_task_marker_dag.py
[2026-04-29T09:47:12.982+0300] {processor.py:840} INFO - DAG(s) 'example_external_task_marker_parent', 'example_external_task_marker_child' retrieved from /mnt/d/airflow/airflow_project/airflow_venv/lib/python3.12/site-packages/airflow/example_dags/example_external_task_marker_dag.py
[2026-04-29T09:47:13.077+0300] {logging_mixin.py:188} INFO - [2026-04-29T09:47:13.074+0300] {dag.py:3089} INFO - Sync 2 DAGs
[2026-04-29T09:47:13.111+0300] {logging_mixin.py:188} INFO - [2026-04-29T09:47:13.108+0300] {dag.py:3947} INFO - Setting next_dagrun for example_external_task_marker_child to None, run_after=None
[2026-04-29T09:47:13.127+0300] {logging_mixin.py:188} INFO - [2026-04-29T09:47:13.124+0300] {dag.py:3947} INFO - Setting next_dagrun for example_external_task_marker_parent to None, run_after=None
[2026-04-29T09:47:13.321+0300] {processor.py:183} INFO - Processing /mnt/d/airflow/airflow_project/airflow_venv/lib/python3.12/site-packages/airflow/example_dags/example_external_task_marker_dag.py took 0.473 seconds
[2026-04-29T09:49:45.007+0300] {processor.py:161} INFO - Started process (PID=38584) to work on /mnt/d/airflow/airflow_project/airflow_venv/lib/python3.12/site-packages/airflow/example_dags/example_external_task_marker_dag.py
[2026-04-29T09:49:45.012+0300] {processor.py:830} INFO - Processing file /mnt/d/airflow/airflow_project/airflow_venv/lib/python3.12/site-packages/airflow/example_dags/example_external_task_marker_dag.py for tasks to queue
[2026-04-29T09:49:45.021+0300] {logging_mixin.py:188} INFO - [2026-04-29T09:49:45.017+0300] {dagbag.py:545} INFO - Filling up the DagBag from /mnt/d/airflow/airflow_project/airflow_venv/lib/python3.12/site-packages/airflow/example_dags/example_external_task_marker_dag.py
[2026-04-29T09:49:45.081+0300] {processor.py:840} INFO - DAG(s) 'example_external_task_marker_parent', 'example_external_task_marker_child' retrieved from /mnt/d/airflow/airflow_project/airflow_venv/lib/python3.12/site-packages/airflow/example_dags/example_external_task_marker_dag.py
[2026-04-29T09:49:45.151+0300] {logging_mixin.py:188} INFO - [2026-04-29T09:49:45.149+0300] {dag.py:3089} INFO - Sync 2 DAGs
[2026-04-29T09:49:45.172+0300] {logging_mixin.py:188} INFO - [2026-04-29T09:49:45.170+0300] {dag.py:3947} INFO - Setting next_dagrun for example_external_task_marker_child to None, run_after=None
[2026-04-29T09:49:45.187+0300] {logging_mixin.py:188} INFO - [2026-04-29T09:49:45.184+0300] {dag.py:3947} INFO - Setting next_dagrun for example_external_task_marker_parent to None, run_after=None
[2026-04-29T09:49:45.338+0300] {processor.py:183} INFO - Processing /mnt/d/airflow/airflow_project/airflow_venv/lib/python3.12/site-packages/airflow/example_dags/example_external_task_marker_dag.py took 0.363 seconds
[2026-04-29T09:51:59.886+0300] {processor.py:161} INFO - Started process (PID=39361) to work on /mnt/d/airflow/airflow_project/airflow_venv/lib/python3.12/site-packages/airflow/example_dags/example_external_task_marker_dag.py
[2026-04-29T09:51:59.888+0300] {processor.py:830} INFO - Processing file /mnt/d/airflow/airflow_project/airflow_venv/lib/python3.12/site-packages/airflow/example_dags/example_external_task_marker_dag.py for tasks to queue
[2026-04-29T09:51:59.894+0300] {logging_mixin.py:188} INFO - [2026-04-29T09:51:59.892+0300] {dagbag.py:545} INFO - Filling up the DagBag from /mnt/d/airflow/airflow_project/airflow_venv/lib/python3.12/site-packages/airflow/example_dags/example_external_task_marker_dag.py
[2026-04-29T09:51:59.948+0300] {processor.py:840} INFO - DAG(s) 'example_external_task_marker_parent', 'example_external_task_marker_child' retrieved from /mnt/d/airflow/airflow_project/airflow_venv/lib/python3.12/site-packages/airflow/example_dags/example_external_task_marker_dag.py
[2026-04-29T09:52:00.025+0300] {logging_mixin.py:188} INFO - [2026-04-29T09:52:00.023+0300] {dag.py:3089} INFO - Sync 2 DAGs
[2026-04-29T09:52:00.057+0300] {logging_mixin.py:188} INFO - [2026-04-29T09:52:00.054+0300] {dag.py:3947} INFO - Setting next_dagrun for example_external_task_marker_child to None, run_after=None
[2026-04-29T09:52:00.070+0300] {logging_mixin.py:188} INFO - [2026-04-29T09:52:00.067+0300] {dag.py:3947} INFO - Setting next_dagrun for example_external_task_marker_parent to None, run_after=None
[2026-04-29T09:52:00.387+0300] {processor.py:183} INFO - Processing /mnt/d/airflow/airflow_project/airflow_venv/lib/python3.12/site-packages/airflow/example_dags/example_external_task_marker_dag.py took 0.519 seconds
[2026-04-29T09:56:53.881+0300] {processor.py:161} INFO - Started process (PID=41035) to work on /mnt/d/airflow/airflow_project/airflow_venv/lib/python3.12/site-packages/airflow/example_dags/example_external_task_marker_dag.py
[2026-04-29T09:56:53.884+0300] {processor.py:830} INFO - Processing file /mnt/d/airflow/airflow_project/airflow_venv/lib/python3.12/site-packages/airflow/example_dags/example_external_task_marker_dag.py for tasks to queue
[2026-04-29T09:56:53.890+0300] {logging_mixin.py:188} INFO - [2026-04-29T09:56:53.887+0300] {dagbag.py:545} INFO - Filling up the DagBag from /mnt/d/airflow/airflow_project/airflow_venv/lib/python3.12/site-packages/airflow/example_dags/example_external_task_marker_dag.py
[2026-04-29T09:56:53.930+0300] {processor.py:840} INFO - DAG(s) 'example_external_task_marker_parent', 'example_external_task_marker_child' retrieved from /mnt/d/airflow/airflow_project/airflow_venv/lib/python3.12/site-packages/airflow/example_dags/example_external_task_marker_dag.py
[2026-04-29T09:56:53.999+0300] {logging_mixin.py:188} INFO - [2026-04-29T09:56:53.998+0300] {dag.py:3089} INFO - Sync 2 DAGs
[2026-04-29T09:56:54.129+0300] {logging_mixin.py:188} INFO - [2026-04-29T09:56:54.127+0300] {dag.py:3947} INFO - Setting next_dagrun for example_external_task_marker_child to None, run_after=None
[2026-04-29T09:56:54.138+0300] {logging_mixin.py:188} INFO - [2026-04-29T09:56:54.137+0300] {dag.py:3947} INFO - Setting next_dagrun for example_external_task_marker_parent to None, run_after=None
[2026-04-29T09:56:54.253+0300] {processor.py:183} INFO - Processing /mnt/d/airflow/airflow_project/airflow_venv/lib/python3.12/site-packages/airflow/example_dags/example_external_task_marker_dag.py took 0.396 seconds
[2026-04-29T09:59:52.373+0300] {processor.py:161} INFO - Started process (PID=42040) to work on /mnt/d/airflow/airflow_project/airflow_venv/lib/python3.12/site-packages/airflow/example_dags/example_external_task_marker_dag.py
[2026-04-29T09:59:52.377+0300] {processor.py:830} INFO - Processing file /mnt/d/airflow/airflow_project/airflow_venv/lib/python3.12/site-packages/airflow/example_dags/example_external_task_marker_dag.py for tasks to queue
[2026-04-29T09:59:52.384+0300] {logging_mixin.py:188} INFO - [2026-04-29T09:59:52.381+0300] {dagbag.py:545} INFO - Filling up the DagBag from /mnt/d/airflow/airflow_project/airflow_venv/lib/python3.12/site-packages/airflow/example_dags/example_external_task_marker_dag.py
[2026-04-29T09:59:52.430+0300] {processor.py:840} INFO - DAG(s) 'example_external_task_marker_parent', 'example_external_task_marker_child' retrieved from /mnt/d/airflow/airflow_project/airflow_venv/lib/python3.12/site-packages/airflow/example_dags/example_external_task_marker_dag.py
[2026-04-29T09:59:53.142+0300] {logging_mixin.py:188} INFO - [2026-04-29T09:59:53.141+0300] {dag.py:3089} INFO - Sync 2 DAGs
[2026-04-29T09:59:53.176+0300] {logging_mixin.py:188} INFO - [2026-04-29T09:59:53.175+0300] {dag.py:3947} INFO - Setting next_dagrun for example_external_task_marker_child to None, run_after=None
[2026-04-29T09:59:53.184+0300] {logging_mixin.py:188} INFO - [2026-04-29T09:59:53.183+0300] {dag.py:3947} INFO - Setting next_dagrun for example_external_task_marker_parent to None, run_after=None
[2026-04-29T09:59:53.267+0300] {processor.py:183} INFO - Processing /mnt/d/airflow/airflow_project/airflow_venv/lib/python3.12/site-packages/airflow/example_dags/example_external_task_marker_dag.py took 0.269 seconds
[2026-04-29T10:03:18.066+0300] {processor.py:161} INFO - Started process (PID=43169) to work on /mnt/d/airflow/airflow_project/airflow_venv/lib/python3.12/site-packages/airflow/example_dags/example_external_task_marker_dag.py
[2026-04-29T10:03:18.070+0300] {processor.py:830} INFO - Processing file /mnt/d/airflow/airflow_project/airflow_venv/lib/python3.12/site-packages/airflow/example_dags/example_external_task_marker_dag.py for tasks to queue
[2026-04-29T10:03:18.075+0300] {logging_mixin.py:188} INFO - [2026-04-29T10:03:18.073+0300] {dagbag.py:545} INFO - Filling up the DagBag from /mnt/d/airflow/airflow_project/airflow_venv/lib/python3.12/site-packages/airflow/example_dags/example_external_task_marker_dag.py
[2026-04-29T10:03:18.106+0300] {processor.py:840} INFO - DAG(s) 'example_external_task_marker_parent', 'example_external_task_marker_child' retrieved from /mnt/d/airflow/airflow_project/airflow_venv/lib/python3.12/site-packages/airflow/example_dags/example_external_task_marker_dag.py
[2026-04-29T10:03:18.151+0300] {logging_mixin.py:188} INFO - [2026-04-29T10:03:18.149+0300] {dag.py:3089} INFO - Sync 2 DAGs
[2026-04-29T10:03:18.169+0300] {logging_mixin.py:188} INFO - [2026-04-29T10:03:18.168+0300] {dag.py:3947} INFO - Setting next_dagrun for example_external_task_marker_child to None, run_after=None
[2026-04-29T10:03:18.177+0300] {logging_mixin.py:188} INFO - [2026-04-29T10:03:18.176+0300] {dag.py:3947} INFO - Setting next_dagrun for example_external_task_marker_parent to None, run_after=None
[2026-04-29T10:03:18.275+0300] {processor.py:183} INFO - Processing /mnt/d/airflow/airflow_project/airflow_venv/lib/python3.12/site-packages/airflow/example_dags/example_external_task_marker_dag.py took 0.237 seconds
[2026-04-29T10:06:00.037+0300] {processor.py:161} INFO - Started process (PID=44097) to work on /mnt/d/airflow/airflow_project/airflow_venv/lib/python3.12/site-packages/airflow/example_dags/example_external_task_marker_dag.py
[2026-04-29T10:06:00.042+0300] {processor.py:830} INFO - Processing file /mnt/d/airflow/airflow_project/airflow_venv/lib/python3.12/site-packages/airflow/example_dags/example_external_task_marker_dag.py for tasks to queue
[2026-04-29T10:06:00.051+0300] {logging_mixin.py:188} INFO - [2026-04-29T10:06:00.048+0300] {dagbag.py:545} INFO - Filling up the DagBag from /mnt/d/airflow/airflow_project/airflow_venv/lib/python3.12/site-packages/airflow/example_dags/example_external_task_marker_dag.py
[2026-04-29T10:06:00.121+0300] {processor.py:840} INFO - DAG(s) 'example_external_task_marker_child', 'example_external_task_marker_parent' retrieved from /mnt/d/airflow/airflow_project/airflow_venv/lib/python3.12/site-packages/airflow/example_dags/example_external_task_marker_dag.py
[2026-04-29T10:06:00.209+0300] {logging_mixin.py:188} INFO - [2026-04-29T10:06:00.206+0300] {dag.py:3089} INFO - Sync 2 DAGs
[2026-04-29T10:06:00.239+0300] {logging_mixin.py:188} INFO - [2026-04-29T10:06:00.237+0300] {dag.py:3947} INFO - Setting next_dagrun for example_external_task_marker_child to None, run_after=None
[2026-04-29T10:06:00.254+0300] {logging_mixin.py:188} INFO - [2026-04-29T10:06:00.251+0300] {dag.py:3947} INFO - Setting next_dagrun for example_external_task_marker_parent to None, run_after=None
[2026-04-29T10:06:00.462+0300] {processor.py:183} INFO - Processing /mnt/d/airflow/airflow_project/airflow_venv/lib/python3.12/site-packages/airflow/example_dags/example_external_task_marker_dag.py took 0.460 seconds
[2026-04-29T10:08:17.784+0300] {processor.py:161} INFO - Started process (PID=44863) to work on /mnt/d/airflow/airflow_project/airflow_venv/lib/python3.12/site-packages/airflow/example_dags/example_external_task_marker_dag.py
[2026-04-29T10:08:17.788+0300] {processor.py:830} INFO - Processing file /mnt/d/airflow/airflow_project/airflow_venv/lib/python3.12/site-packages/airflow/example_dags/example_external_task_marker_dag.py for tasks to queue
[2026-04-29T10:08:17.793+0300] {logging_mixin.py:188} INFO - [2026-04-29T10:08:17.792+0300] {dagbag.py:545} INFO - Filling up the DagBag from /mnt/d/airflow/airflow_project/airflow_venv/lib/python3.12/site-packages/airflow/example_dags/example_external_task_marker_dag.py
[2026-04-29T10:08:17.834+0300] {processor.py:840} INFO - DAG(s) 'example_external_task_marker_parent', 'example_external_task_marker_child' retrieved from /mnt/d/airflow/airflow_project/airflow_venv/lib/python3.12/site-packages/airflow/example_dags/example_external_task_marker_dag.py
[2026-04-29T10:08:17.881+0300] {logging_mixin.py:188} INFO - [2026-04-29T10:08:17.880+0300] {dag.py:3089} INFO - Sync 2 DAGs
[2026-04-29T10:08:17.905+0300] {logging_mixin.py:188} INFO - [2026-04-29T10:08:17.903+0300] {dag.py:3947} INFO - Setting next_dagrun for example_external_task_marker_child to None, run_after=None
[2026-04-29T10:08:17.911+0300] {logging_mixin.py:188} INFO - [2026-04-29T10:08:17.910+0300] {dag.py:3947} INFO - Setting next_dagrun for example_external_task_marker_parent to None, run_after=None
[2026-04-29T10:08:17.988+0300] {processor.py:183} INFO - Processing /mnt/d/airflow/airflow_project/airflow_venv/lib/python3.12/site-packages/airflow/example_dags/example_external_task_marker_dag.py took 0.234 seconds
[2026-04-29T10:10:17.911+0300] {processor.py:161} INFO - Started process (PID=45529) to work on /mnt/d/airflow/airflow_project/airflow_venv/lib/python3.12/site-packages/airflow/example_dags/example_external_task_marker_dag.py
[2026-04-29T10:10:17.914+0300] {processor.py:830} INFO - Processing file /mnt/d/airflow/airflow_project/airflow_venv/lib/python3.12/site-packages/airflow/example_dags/example_external_task_marker_dag.py for tasks to queue
[2026-04-29T10:10:17.920+0300] {logging_mixin.py:188} INFO - [2026-04-29T10:10:17.918+0300] {dagbag.py:545} INFO - Filling up the DagBag from /mnt/d/airflow/airflow_project/airflow_venv/lib/python3.12/site-packages/airflow/example_dags/example_external_task_marker_dag.py
[2026-04-29T10:10:17.973+0300] {processor.py:840} INFO - DAG(s) 'example_external_task_marker_child', 'example_external_task_marker_parent' retrieved from /mnt/d/airflow/airflow_project/airflow_venv/lib/python3.12/site-packages/airflow/example_dags/example_external_task_marker_dag.py
[2026-04-29T10:10:18.043+0300] {logging_mixin.py:188} INFO - [2026-04-29T10:10:18.041+0300] {dag.py:3089} INFO - Sync 2 DAGs
[2026-04-29T10:10:18.066+0300] {logging_mixin.py:188} INFO - [2026-04-29T10:10:18.064+0300] {dag.py:3947} INFO - Setting next_dagrun for example_external_task_marker_child to None, run_after=None
[2026-04-29T10:10:18.079+0300] {logging_mixin.py:188} INFO - [2026-04-29T10:10:18.077+0300] {dag.py:3947} INFO - Setting next_dagrun for example_external_task_marker_parent to None, run_after=None
[2026-04-29T10:10:18.232+0300] {processor.py:183} INFO - Processing /mnt/d/airflow/airflow_project/airflow_venv/lib/python3.12/site-packages/airflow/example_dags/example_external_task_marker_dag.py took 0.346 seconds
[2026-04-29T10:12:34.566+0300] {processor.py:161} INFO - Started process (PID=46278) to work on /mnt/d/airflow/airflow_project/airflow_venv/lib/python3.12/site-packages/airflow/example_dags/example_external_task_marker_dag.py
[2026-04-29T10:12:34.569+0300] {processor.py:830} INFO - Processing file /mnt/d/airflow/airflow_project/airflow_venv/lib/python3.12/site-packages/airflow/example_dags/example_external_task_marker_dag.py for tasks to queue
[2026-04-29T10:12:34.574+0300] {logging_mixin.py:188} INFO - [2026-04-29T10:12:34.572+0300] {dagbag.py:545} INFO - Filling up the DagBag from /mnt/d/airflow/airflow_project/airflow_venv/lib/python3.12/site-packages/airflow/example_dags/example_external_task_marker_dag.py
[2026-04-29T10:12:34.612+0300] {processor.py:840} INFO - DAG(s) 'example_external_task_marker_parent', 'example_external_task_marker_child' retrieved from /mnt/d/airflow/airflow_project/airflow_venv/lib/python3.12/site-packages/airflow/example_dags/example_external_task_marker_dag.py
[2026-04-29T10:12:34.665+0300] {logging_mixin.py:188} INFO - [2026-04-29T10:12:34.664+0300] {dag.py:3089} INFO - Sync 2 DAGs
[2026-04-29T10:12:34.685+0300] {logging_mixin.py:188} INFO - [2026-04-29T10:12:34.684+0300] {dag.py:3947} INFO - Setting next_dagrun for example_external_task_marker_child to None, run_after=None
[2026-04-29T10:12:34.692+0300] {logging_mixin.py:188} INFO - [2026-04-29T10:12:34.692+0300] {dag.py:3947} INFO - Setting next_dagrun for example_external_task_marker_parent to None, run_after=None
[2026-04-29T10:12:34.796+0300] {processor.py:183} INFO - Processing /mnt/d/airflow/airflow_project/airflow_venv/lib/python3.12/site-packages/airflow/example_dags/example_external_task_marker_dag.py took 0.251 seconds
