[2026-04-29T09:14:47.314+0300] {processor.py:161} INFO - Started process (PID=26387) to work on /mnt/d/airflow/airflow_project/airflow_venv/lib/python3.12/site-packages/airflow/example_dags/example_time_delta_sensor_async.py
[2026-04-29T09:14:47.316+0300] {processor.py:830} INFO - Processing file /mnt/d/airflow/airflow_project/airflow_venv/lib/python3.12/site-packages/airflow/example_dags/example_time_delta_sensor_async.py for tasks to queue
[2026-04-29T09:14:47.321+0300] {logging_mixin.py:188} INFO - [2026-04-29T09:14:47.319+0300] {dagbag.py:545} INFO - Filling up the DagBag from /mnt/d/airflow/airflow_project/airflow_venv/lib/python3.12/site-packages/airflow/example_dags/example_time_delta_sensor_async.py
[2026-04-29T09:14:47.408+0300] {processor.py:840} INFO - DAG(s) 'example_time_delta_sensor_async' retrieved from /mnt/d/airflow/airflow_project/airflow_venv/lib/python3.12/site-packages/airflow/example_dags/example_time_delta_sensor_async.py
[2026-04-29T09:14:50.515+0300] {logging_mixin.py:188} INFO - [2026-04-29T09:14:50.513+0300] {override.py:1858} INFO - Created Permission View: can edit on DAG:example_time_delta_sensor_async
[2026-04-29T09:14:50.587+0300] {logging_mixin.py:188} INFO - [2026-04-29T09:14:50.585+0300] {override.py:1858} INFO - Created Permission View: can delete on DAG:example_time_delta_sensor_async
[2026-04-29T09:14:50.642+0300] {logging_mixin.py:188} INFO - [2026-04-29T09:14:50.640+0300] {override.py:1858} INFO - Created Permission View: can read on DAG:example_time_delta_sensor_async
[2026-04-29T09:14:50.645+0300] {logging_mixin.py:188} INFO - [2026-04-29T09:14:50.643+0300] {dag.py:3089} INFO - Sync 1 DAGs
[2026-04-29T09:14:50.667+0300] {logging_mixin.py:188} INFO - [2026-04-29T09:14:50.666+0300] {dag.py:3111} INFO - Creating ORM DAG for example_time_delta_sensor_async
[2026-04-29T09:14:50.670+0300] {logging_mixin.py:188} INFO - [2026-04-29T09:14:50.668+0300] {dag.py:3947} INFO - Setting next_dagrun for example_time_delta_sensor_async to None, run_after=None
[2026-04-29T09:14:50.828+0300] {processor.py:183} INFO - Processing /mnt/d/airflow/airflow_project/airflow_venv/lib/python3.12/site-packages/airflow/example_dags/example_time_delta_sensor_async.py took 3.527 seconds
[2026-04-29T09:17:13.728+0300] {processor.py:161} INFO - Started process (PID=27209) to work on /mnt/d/airflow/airflow_project/airflow_venv/lib/python3.12/site-packages/airflow/example_dags/example_time_delta_sensor_async.py
[2026-04-29T09:17:13.733+0300] {processor.py:830} INFO - Processing file /mnt/d/airflow/airflow_project/airflow_venv/lib/python3.12/site-packages/airflow/example_dags/example_time_delta_sensor_async.py for tasks to queue
[2026-04-29T09:17:13.744+0300] {logging_mixin.py:188} INFO - [2026-04-29T09:17:13.741+0300] {dagbag.py:545} INFO - Filling up the DagBag from /mnt/d/airflow/airflow_project/airflow_venv/lib/python3.12/site-packages/airflow/example_dags/example_time_delta_sensor_async.py
[2026-04-29T09:17:13.802+0300] {processor.py:840} INFO - DAG(s) 'example_time_delta_sensor_async' retrieved from /mnt/d/airflow/airflow_project/airflow_venv/lib/python3.12/site-packages/airflow/example_dags/example_time_delta_sensor_async.py
[2026-04-29T09:17:13.856+0300] {logging_mixin.py:188} INFO - [2026-04-29T09:17:13.854+0300] {dag.py:3089} INFO - Sync 1 DAGs
[2026-04-29T09:17:13.875+0300] {logging_mixin.py:188} INFO - [2026-04-29T09:17:13.874+0300] {dag.py:3947} INFO - Setting next_dagrun for example_time_delta_sensor_async to None, run_after=None
[2026-04-29T09:17:14.077+0300] {processor.py:183} INFO - Processing /mnt/d/airflow/airflow_project/airflow_venv/lib/python3.12/site-packages/airflow/example_dags/example_time_delta_sensor_async.py took 0.381 seconds
[2026-04-29T09:18:25.651+0300] {processor.py:161} INFO - Started process (PID=27651) to work on /mnt/d/airflow/airflow_project/airflow_venv/lib/python3.12/site-packages/airflow/example_dags/example_time_delta_sensor_async.py
[2026-04-29T09:18:25.655+0300] {processor.py:830} INFO - Processing file /mnt/d/airflow/airflow_project/airflow_venv/lib/python3.12/site-packages/airflow/example_dags/example_time_delta_sensor_async.py for tasks to queue
[2026-04-29T09:18:25.662+0300] {logging_mixin.py:188} INFO - [2026-04-29T09:18:25.659+0300] {dagbag.py:545} INFO - Filling up the DagBag from /mnt/d/airflow/airflow_project/airflow_venv/lib/python3.12/site-packages/airflow/example_dags/example_time_delta_sensor_async.py
[2026-04-29T09:18:25.723+0300] {processor.py:840} INFO - DAG(s) 'example_time_delta_sensor_async' retrieved from /mnt/d/airflow/airflow_project/airflow_venv/lib/python3.12/site-packages/airflow/example_dags/example_time_delta_sensor_async.py
[2026-04-29T09:18:25.782+0300] {logging_mixin.py:188} INFO - [2026-04-29T09:18:25.780+0300] {dag.py:3089} INFO - Sync 1 DAGs
[2026-04-29T09:18:25.806+0300] {logging_mixin.py:188} INFO - [2026-04-29T09:18:25.803+0300] {dag.py:3947} INFO - Setting next_dagrun for example_time_delta_sensor_async to None, run_after=None
[2026-04-29T09:18:25.966+0300] {processor.py:183} INFO - Processing /mnt/d/airflow/airflow_project/airflow_venv/lib/python3.12/site-packages/airflow/example_dags/example_time_delta_sensor_async.py took 0.342 seconds
[2026-04-29T09:19:31.765+0300] {processor.py:161} INFO - Started process (PID=28040) to work on /mnt/d/airflow/airflow_project/airflow_venv/lib/python3.12/site-packages/airflow/example_dags/example_time_delta_sensor_async.py
[2026-04-29T09:19:31.769+0300] {processor.py:830} INFO - Processing file /mnt/d/airflow/airflow_project/airflow_venv/lib/python3.12/site-packages/airflow/example_dags/example_time_delta_sensor_async.py for tasks to queue
[2026-04-29T09:19:31.777+0300] {logging_mixin.py:188} INFO - [2026-04-29T09:19:31.774+0300] {dagbag.py:545} INFO - Filling up the DagBag from /mnt/d/airflow/airflow_project/airflow_venv/lib/python3.12/site-packages/airflow/example_dags/example_time_delta_sensor_async.py
[2026-04-29T09:19:31.836+0300] {processor.py:840} INFO - DAG(s) 'example_time_delta_sensor_async' retrieved from /mnt/d/airflow/airflow_project/airflow_venv/lib/python3.12/site-packages/airflow/example_dags/example_time_delta_sensor_async.py
[2026-04-29T09:19:31.886+0300] {logging_mixin.py:188} INFO - [2026-04-29T09:19:31.884+0300] {dag.py:3089} INFO - Sync 1 DAGs
[2026-04-29T09:19:31.902+0300] {logging_mixin.py:188} INFO - [2026-04-29T09:19:31.900+0300] {dag.py:3947} INFO - Setting next_dagrun for example_time_delta_sensor_async to None, run_after=None
[2026-04-29T09:19:32.007+0300] {processor.py:183} INFO - Processing /mnt/d/airflow/airflow_project/airflow_venv/lib/python3.12/site-packages/airflow/example_dags/example_time_delta_sensor_async.py took 0.274 seconds
[2026-04-29T09:20:46.671+0300] {processor.py:161} INFO - Started process (PID=28468) to work on /mnt/d/airflow/airflow_project/airflow_venv/lib/python3.12/site-packages/airflow/example_dags/example_time_delta_sensor_async.py
[2026-04-29T09:20:46.676+0300] {processor.py:830} INFO - Processing file /mnt/d/airflow/airflow_project/airflow_venv/lib/python3.12/site-packages/airflow/example_dags/example_time_delta_sensor_async.py for tasks to queue
[2026-04-29T09:20:46.684+0300] {logging_mixin.py:188} INFO - [2026-04-29T09:20:46.681+0300] {dagbag.py:545} INFO - Filling up the DagBag from /mnt/d/airflow/airflow_project/airflow_venv/lib/python3.12/site-packages/airflow/example_dags/example_time_delta_sensor_async.py
[2026-04-29T09:20:46.756+0300] {processor.py:840} INFO - DAG(s) 'example_time_delta_sensor_async' retrieved from /mnt/d/airflow/airflow_project/airflow_venv/lib/python3.12/site-packages/airflow/example_dags/example_time_delta_sensor_async.py
[2026-04-29T09:20:46.825+0300] {logging_mixin.py:188} INFO - [2026-04-29T09:20:46.822+0300] {dag.py:3089} INFO - Sync 1 DAGs
[2026-04-29T09:20:46.851+0300] {logging_mixin.py:188} INFO - [2026-04-29T09:20:46.848+0300] {dag.py:3947} INFO - Setting next_dagrun for example_time_delta_sensor_async to None, run_after=None
[2026-04-29T09:20:47.048+0300] {processor.py:183} INFO - Processing /mnt/d/airflow/airflow_project/airflow_venv/lib/python3.12/site-packages/airflow/example_dags/example_time_delta_sensor_async.py took 0.410 seconds
[2026-04-29T09:21:53.255+0300] {processor.py:161} INFO - Started process (PID=28846) to work on /mnt/d/airflow/airflow_project/airflow_venv/lib/python3.12/site-packages/airflow/example_dags/example_time_delta_sensor_async.py
[2026-04-29T09:21:53.258+0300] {processor.py:830} INFO - Processing file /mnt/d/airflow/airflow_project/airflow_venv/lib/python3.12/site-packages/airflow/example_dags/example_time_delta_sensor_async.py for tasks to queue
[2026-04-29T09:21:53.261+0300] {logging_mixin.py:188} INFO - [2026-04-29T09:21:53.260+0300] {dagbag.py:545} INFO - Filling up the DagBag from /mnt/d/airflow/airflow_project/airflow_venv/lib/python3.12/site-packages/airflow/example_dags/example_time_delta_sensor_async.py
[2026-04-29T09:21:53.324+0300] {processor.py:840} INFO - DAG(s) 'example_time_delta_sensor_async' retrieved from /mnt/d/airflow/airflow_project/airflow_venv/lib/python3.12/site-packages/airflow/example_dags/example_time_delta_sensor_async.py
[2026-04-29T09:21:53.391+0300] {logging_mixin.py:188} INFO - [2026-04-29T09:21:53.389+0300] {dag.py:3089} INFO - Sync 1 DAGs
[2026-04-29T09:21:53.413+0300] {logging_mixin.py:188} INFO - [2026-04-29T09:21:53.411+0300] {dag.py:3947} INFO - Setting next_dagrun for example_time_delta_sensor_async to None, run_after=None
[2026-04-29T09:21:53.565+0300] {processor.py:183} INFO - Processing /mnt/d/airflow/airflow_project/airflow_venv/lib/python3.12/site-packages/airflow/example_dags/example_time_delta_sensor_async.py took 0.334 seconds
[2026-04-29T09:22:49.196+0300] {processor.py:161} INFO - Started process (PID=29185) to work on /mnt/d/airflow/airflow_project/airflow_venv/lib/python3.12/site-packages/airflow/example_dags/example_time_delta_sensor_async.py
[2026-04-29T09:22:49.201+0300] {processor.py:830} INFO - Processing file /mnt/d/airflow/airflow_project/airflow_venv/lib/python3.12/site-packages/airflow/example_dags/example_time_delta_sensor_async.py for tasks to queue
[2026-04-29T09:22:49.236+0300] {logging_mixin.py:188} INFO - [2026-04-29T09:22:49.233+0300] {dagbag.py:545} INFO - Filling up the DagBag from /mnt/d/airflow/airflow_project/airflow_venv/lib/python3.12/site-packages/airflow/example_dags/example_time_delta_sensor_async.py
[2026-04-29T09:22:49.365+0300] {processor.py:840} INFO - DAG(s) 'example_time_delta_sensor_async' retrieved from /mnt/d/airflow/airflow_project/airflow_venv/lib/python3.12/site-packages/airflow/example_dags/example_time_delta_sensor_async.py
[2026-04-29T09:22:49.428+0300] {logging_mixin.py:188} INFO - [2026-04-29T09:22:49.425+0300] {dag.py:3089} INFO - Sync 1 DAGs
[2026-04-29T09:22:49.449+0300] {logging_mixin.py:188} INFO - [2026-04-29T09:22:49.447+0300] {dag.py:3947} INFO - Setting next_dagrun for example_time_delta_sensor_async to None, run_after=None
[2026-04-29T09:22:49.582+0300] {processor.py:183} INFO - Processing /mnt/d/airflow/airflow_project/airflow_venv/lib/python3.12/site-packages/airflow/example_dags/example_time_delta_sensor_async.py took 0.426 seconds
[2026-04-29T09:23:48.423+0300] {processor.py:161} INFO - Started process (PID=29528) to work on /mnt/d/airflow/airflow_project/airflow_venv/lib/python3.12/site-packages/airflow/example_dags/example_time_delta_sensor_async.py
[2026-04-29T09:23:48.425+0300] {processor.py:830} INFO - Processing file /mnt/d/airflow/airflow_project/airflow_venv/lib/python3.12/site-packages/airflow/example_dags/example_time_delta_sensor_async.py for tasks to queue
[2026-04-29T09:23:48.430+0300] {logging_mixin.py:188} INFO - [2026-04-29T09:23:48.428+0300] {dagbag.py:545} INFO - Filling up the DagBag from /mnt/d/airflow/airflow_project/airflow_venv/lib/python3.12/site-packages/airflow/example_dags/example_time_delta_sensor_async.py
[2026-04-29T09:23:48.505+0300] {processor.py:840} INFO - DAG(s) 'example_time_delta_sensor_async' retrieved from /mnt/d/airflow/airflow_project/airflow_venv/lib/python3.12/site-packages/airflow/example_dags/example_time_delta_sensor_async.py
[2026-04-29T09:23:48.563+0300] {logging_mixin.py:188} INFO - [2026-04-29T09:23:48.561+0300] {dag.py:3089} INFO - Sync 1 DAGs
[2026-04-29T09:23:48.585+0300] {logging_mixin.py:188} INFO - [2026-04-29T09:23:48.583+0300] {dag.py:3947} INFO - Setting next_dagrun for example_time_delta_sensor_async to None, run_after=None
[2026-04-29T09:23:48.823+0300] {processor.py:183} INFO - Processing /mnt/d/airflow/airflow_project/airflow_venv/lib/python3.12/site-packages/airflow/example_dags/example_time_delta_sensor_async.py took 0.416 seconds
[2026-04-29T09:24:59.649+0300] {processor.py:161} INFO - Started process (PID=29922) to work on /mnt/d/airflow/airflow_project/airflow_venv/lib/python3.12/site-packages/airflow/example_dags/example_time_delta_sensor_async.py
[2026-04-29T09:24:59.655+0300] {processor.py:830} INFO - Processing file /mnt/d/airflow/airflow_project/airflow_venv/lib/python3.12/site-packages/airflow/example_dags/example_time_delta_sensor_async.py for tasks to queue
[2026-04-29T09:24:59.665+0300] {logging_mixin.py:188} INFO - [2026-04-29T09:24:59.661+0300] {dagbag.py:545} INFO - Filling up the DagBag from /mnt/d/airflow/airflow_project/airflow_venv/lib/python3.12/site-packages/airflow/example_dags/example_time_delta_sensor_async.py
[2026-04-29T09:24:59.752+0300] {processor.py:840} INFO - DAG(s) 'example_time_delta_sensor_async' retrieved from /mnt/d/airflow/airflow_project/airflow_venv/lib/python3.12/site-packages/airflow/example_dags/example_time_delta_sensor_async.py
[2026-04-29T09:24:59.832+0300] {logging_mixin.py:188} INFO - [2026-04-29T09:24:59.830+0300] {dag.py:3089} INFO - Sync 1 DAGs
[2026-04-29T09:24:59.961+0300] {logging_mixin.py:188} INFO - [2026-04-29T09:24:59.922+0300] {dag.py:3947} INFO - Setting next_dagrun for example_time_delta_sensor_async to None, run_after=None
[2026-04-29T09:25:00.270+0300] {processor.py:183} INFO - Processing /mnt/d/airflow/airflow_project/airflow_venv/lib/python3.12/site-packages/airflow/example_dags/example_time_delta_sensor_async.py took 0.657 seconds
[2026-04-29T09:26:09.916+0300] {processor.py:161} INFO - Started process (PID=30318) to work on /mnt/d/airflow/airflow_project/airflow_venv/lib/python3.12/site-packages/airflow/example_dags/example_time_delta_sensor_async.py
[2026-04-29T09:26:09.920+0300] {processor.py:830} INFO - Processing file /mnt/d/airflow/airflow_project/airflow_venv/lib/python3.12/site-packages/airflow/example_dags/example_time_delta_sensor_async.py for tasks to queue
[2026-04-29T09:26:09.930+0300] {logging_mixin.py:188} INFO - [2026-04-29T09:26:09.926+0300] {dagbag.py:545} INFO - Filling up the DagBag from /mnt/d/airflow/airflow_project/airflow_venv/lib/python3.12/site-packages/airflow/example_dags/example_time_delta_sensor_async.py
[2026-04-29T09:26:10.005+0300] {processor.py:840} INFO - DAG(s) 'example_time_delta_sensor_async' retrieved from /mnt/d/airflow/airflow_project/airflow_venv/lib/python3.12/site-packages/airflow/example_dags/example_time_delta_sensor_async.py
[2026-04-29T09:26:10.071+0300] {logging_mixin.py:188} INFO - [2026-04-29T09:26:10.068+0300] {dag.py:3089} INFO - Sync 1 DAGs
[2026-04-29T09:26:10.098+0300] {logging_mixin.py:188} INFO - [2026-04-29T09:26:10.095+0300] {dag.py:3947} INFO - Setting next_dagrun for example_time_delta_sensor_async to None, run_after=None
[2026-04-29T09:26:10.291+0300] {processor.py:183} INFO - Processing /mnt/d/airflow/airflow_project/airflow_venv/lib/python3.12/site-packages/airflow/example_dags/example_time_delta_sensor_async.py took 0.417 seconds
[2026-04-29T09:27:23.674+0300] {processor.py:161} INFO - Started process (PID=30726) to work on /mnt/d/airflow/airflow_project/airflow_venv/lib/python3.12/site-packages/airflow/example_dags/example_time_delta_sensor_async.py
[2026-04-29T09:27:23.679+0300] {processor.py:830} INFO - Processing file /mnt/d/airflow/airflow_project/airflow_venv/lib/python3.12/site-packages/airflow/example_dags/example_time_delta_sensor_async.py for tasks to queue
[2026-04-29T09:27:23.688+0300] {logging_mixin.py:188} INFO - [2026-04-29T09:27:23.684+0300] {dagbag.py:545} INFO - Filling up the DagBag from /mnt/d/airflow/airflow_project/airflow_venv/lib/python3.12/site-packages/airflow/example_dags/example_time_delta_sensor_async.py
[2026-04-29T09:27:23.762+0300] {processor.py:840} INFO - DAG(s) 'example_time_delta_sensor_async' retrieved from /mnt/d/airflow/airflow_project/airflow_venv/lib/python3.12/site-packages/airflow/example_dags/example_time_delta_sensor_async.py
[2026-04-29T09:27:23.833+0300] {logging_mixin.py:188} INFO - [2026-04-29T09:27:23.831+0300] {dag.py:3089} INFO - Sync 1 DAGs
[2026-04-29T09:27:23.857+0300] {logging_mixin.py:188} INFO - [2026-04-29T09:27:23.854+0300] {dag.py:3947} INFO - Setting next_dagrun for example_time_delta_sensor_async to None, run_after=None
[2026-04-29T09:27:24.074+0300] {processor.py:183} INFO - Processing /mnt/d/airflow/airflow_project/airflow_venv/lib/python3.12/site-packages/airflow/example_dags/example_time_delta_sensor_async.py took 0.435 seconds
[2026-04-29T09:28:38.634+0300] {processor.py:161} INFO - Started process (PID=31163) to work on /mnt/d/airflow/airflow_project/airflow_venv/lib/python3.12/site-packages/airflow/example_dags/example_time_delta_sensor_async.py
[2026-04-29T09:28:38.638+0300] {processor.py:830} INFO - Processing file /mnt/d/airflow/airflow_project/airflow_venv/lib/python3.12/site-packages/airflow/example_dags/example_time_delta_sensor_async.py for tasks to queue
[2026-04-29T09:28:38.643+0300] {logging_mixin.py:188} INFO - [2026-04-29T09:28:38.640+0300] {dagbag.py:545} INFO - Filling up the DagBag from /mnt/d/airflow/airflow_project/airflow_venv/lib/python3.12/site-packages/airflow/example_dags/example_time_delta_sensor_async.py
[2026-04-29T09:28:38.702+0300] {processor.py:840} INFO - DAG(s) 'example_time_delta_sensor_async' retrieved from /mnt/d/airflow/airflow_project/airflow_venv/lib/python3.12/site-packages/airflow/example_dags/example_time_delta_sensor_async.py
[2026-04-29T09:28:38.756+0300] {logging_mixin.py:188} INFO - [2026-04-29T09:28:38.754+0300] {dag.py:3089} INFO - Sync 1 DAGs
[2026-04-29T09:28:38.786+0300] {logging_mixin.py:188} INFO - [2026-04-29T09:28:38.783+0300] {dag.py:3947} INFO - Setting next_dagrun for example_time_delta_sensor_async to None, run_after=None
[2026-04-29T09:28:38.971+0300] {processor.py:183} INFO - Processing /mnt/d/airflow/airflow_project/airflow_venv/lib/python3.12/site-packages/airflow/example_dags/example_time_delta_sensor_async.py took 0.364 seconds
[2026-04-29T09:30:07.082+0300] {processor.py:161} INFO - Started process (PID=31683) to work on /mnt/d/airflow/airflow_project/airflow_venv/lib/python3.12/site-packages/airflow/example_dags/example_time_delta_sensor_async.py
[2026-04-29T09:30:07.094+0300] {processor.py:830} INFO - Processing file /mnt/d/airflow/airflow_project/airflow_venv/lib/python3.12/site-packages/airflow/example_dags/example_time_delta_sensor_async.py for tasks to queue
[2026-04-29T09:30:07.098+0300] {logging_mixin.py:188} INFO - [2026-04-29T09:30:07.096+0300] {dagbag.py:545} INFO - Filling up the DagBag from /mnt/d/airflow/airflow_project/airflow_venv/lib/python3.12/site-packages/airflow/example_dags/example_time_delta_sensor_async.py
[2026-04-29T09:30:07.207+0300] {processor.py:840} INFO - DAG(s) 'example_time_delta_sensor_async' retrieved from /mnt/d/airflow/airflow_project/airflow_venv/lib/python3.12/site-packages/airflow/example_dags/example_time_delta_sensor_async.py
[2026-04-29T09:30:07.270+0300] {logging_mixin.py:188} INFO - [2026-04-29T09:30:07.268+0300] {dag.py:3089} INFO - Sync 1 DAGs
[2026-04-29T09:30:07.963+0300] {logging_mixin.py:188} INFO - [2026-04-29T09:30:07.962+0300] {dag.py:3947} INFO - Setting next_dagrun for example_time_delta_sensor_async to None, run_after=None
[2026-04-29T09:30:08.881+0300] {processor.py:183} INFO - Processing /mnt/d/airflow/airflow_project/airflow_venv/lib/python3.12/site-packages/airflow/example_dags/example_time_delta_sensor_async.py took 1.615 seconds
[2026-04-29T09:31:30.786+0300] {processor.py:161} INFO - Started process (PID=32183) to work on /mnt/d/airflow/airflow_project/airflow_venv/lib/python3.12/site-packages/airflow/example_dags/example_time_delta_sensor_async.py
[2026-04-29T09:31:30.790+0300] {processor.py:830} INFO - Processing file /mnt/d/airflow/airflow_project/airflow_venv/lib/python3.12/site-packages/airflow/example_dags/example_time_delta_sensor_async.py for tasks to queue
[2026-04-29T09:31:30.809+0300] {logging_mixin.py:188} INFO - [2026-04-29T09:31:30.806+0300] {dagbag.py:545} INFO - Filling up the DagBag from /mnt/d/airflow/airflow_project/airflow_venv/lib/python3.12/site-packages/airflow/example_dags/example_time_delta_sensor_async.py
[2026-04-29T09:31:30.870+0300] {processor.py:840} INFO - DAG(s) 'example_time_delta_sensor_async' retrieved from /mnt/d/airflow/airflow_project/airflow_venv/lib/python3.12/site-packages/airflow/example_dags/example_time_delta_sensor_async.py
[2026-04-29T09:31:30.910+0300] {logging_mixin.py:188} INFO - [2026-04-29T09:31:30.908+0300] {dag.py:3089} INFO - Sync 1 DAGs
[2026-04-29T09:31:30.926+0300] {logging_mixin.py:188} INFO - [2026-04-29T09:31:30.924+0300] {dag.py:3947} INFO - Setting next_dagrun for example_time_delta_sensor_async to None, run_after=None
[2026-04-29T09:31:31.054+0300] {processor.py:183} INFO - Processing /mnt/d/airflow/airflow_project/airflow_venv/lib/python3.12/site-packages/airflow/example_dags/example_time_delta_sensor_async.py took 0.291 seconds
[2026-04-29T09:32:38.277+0300] {processor.py:161} INFO - Started process (PID=32587) to work on /mnt/d/airflow/airflow_project/airflow_venv/lib/python3.12/site-packages/airflow/example_dags/example_time_delta_sensor_async.py
[2026-04-29T09:32:38.280+0300] {processor.py:830} INFO - Processing file /mnt/d/airflow/airflow_project/airflow_venv/lib/python3.12/site-packages/airflow/example_dags/example_time_delta_sensor_async.py for tasks to queue
[2026-04-29T09:32:38.285+0300] {logging_mixin.py:188} INFO - [2026-04-29T09:32:38.282+0300] {dagbag.py:545} INFO - Filling up the DagBag from /mnt/d/airflow/airflow_project/airflow_venv/lib/python3.12/site-packages/airflow/example_dags/example_time_delta_sensor_async.py
[2026-04-29T09:32:38.333+0300] {processor.py:840} INFO - DAG(s) 'example_time_delta_sensor_async' retrieved from /mnt/d/airflow/airflow_project/airflow_venv/lib/python3.12/site-packages/airflow/example_dags/example_time_delta_sensor_async.py
[2026-04-29T09:32:38.386+0300] {logging_mixin.py:188} INFO - [2026-04-29T09:32:38.383+0300] {dag.py:3089} INFO - Sync 1 DAGs
[2026-04-29T09:32:38.407+0300] {logging_mixin.py:188} INFO - [2026-04-29T09:32:38.405+0300] {dag.py:3947} INFO - Setting next_dagrun for example_time_delta_sensor_async to None, run_after=None
[2026-04-29T09:32:38.561+0300] {processor.py:183} INFO - Processing /mnt/d/airflow/airflow_project/airflow_venv/lib/python3.12/site-packages/airflow/example_dags/example_time_delta_sensor_async.py took 0.303 seconds
[2026-04-29T09:33:48.755+0300] {processor.py:161} INFO - Started process (PID=33011) to work on /mnt/d/airflow/airflow_project/airflow_venv/lib/python3.12/site-packages/airflow/example_dags/example_time_delta_sensor_async.py
[2026-04-29T09:33:48.758+0300] {processor.py:830} INFO - Processing file /mnt/d/airflow/airflow_project/airflow_venv/lib/python3.12/site-packages/airflow/example_dags/example_time_delta_sensor_async.py for tasks to queue
[2026-04-29T09:33:48.765+0300] {logging_mixin.py:188} INFO - [2026-04-29T09:33:48.763+0300] {dagbag.py:545} INFO - Filling up the DagBag from /mnt/d/airflow/airflow_project/airflow_venv/lib/python3.12/site-packages/airflow/example_dags/example_time_delta_sensor_async.py
[2026-04-29T09:33:48.820+0300] {processor.py:840} INFO - DAG(s) 'example_time_delta_sensor_async' retrieved from /mnt/d/airflow/airflow_project/airflow_venv/lib/python3.12/site-packages/airflow/example_dags/example_time_delta_sensor_async.py
[2026-04-29T09:33:48.870+0300] {logging_mixin.py:188} INFO - [2026-04-29T09:33:48.868+0300] {dag.py:3089} INFO - Sync 1 DAGs
[2026-04-29T09:33:48.892+0300] {logging_mixin.py:188} INFO - [2026-04-29T09:33:48.891+0300] {dag.py:3947} INFO - Setting next_dagrun for example_time_delta_sensor_async to None, run_after=None
[2026-04-29T09:33:49.068+0300] {processor.py:183} INFO - Processing /mnt/d/airflow/airflow_project/airflow_venv/lib/python3.12/site-packages/airflow/example_dags/example_time_delta_sensor_async.py took 0.339 seconds
[2026-04-29T09:35:01.289+0300] {processor.py:161} INFO - Started process (PID=33418) to work on /mnt/d/airflow/airflow_project/airflow_venv/lib/python3.12/site-packages/airflow/example_dags/example_time_delta_sensor_async.py
[2026-04-29T09:35:01.293+0300] {processor.py:830} INFO - Processing file /mnt/d/airflow/airflow_project/airflow_venv/lib/python3.12/site-packages/airflow/example_dags/example_time_delta_sensor_async.py for tasks to queue
[2026-04-29T09:35:01.303+0300] {logging_mixin.py:188} INFO - [2026-04-29T09:35:01.300+0300] {dagbag.py:545} INFO - Filling up the DagBag from /mnt/d/airflow/airflow_project/airflow_venv/lib/python3.12/site-packages/airflow/example_dags/example_time_delta_sensor_async.py
[2026-04-29T09:35:01.376+0300] {processor.py:840} INFO - DAG(s) 'example_time_delta_sensor_async' retrieved from /mnt/d/airflow/airflow_project/airflow_venv/lib/python3.12/site-packages/airflow/example_dags/example_time_delta_sensor_async.py
[2026-04-29T09:35:01.440+0300] {logging_mixin.py:188} INFO - [2026-04-29T09:35:01.437+0300] {dag.py:3089} INFO - Sync 1 DAGs
[2026-04-29T09:35:01.467+0300] {logging_mixin.py:188} INFO - [2026-04-29T09:35:01.465+0300] {dag.py:3947} INFO - Setting next_dagrun for example_time_delta_sensor_async to None, run_after=None
[2026-04-29T09:35:01.614+0300] {processor.py:183} INFO - Processing /mnt/d/airflow/airflow_project/airflow_venv/lib/python3.12/site-packages/airflow/example_dags/example_time_delta_sensor_async.py took 0.354 seconds
[2026-04-29T09:36:05.723+0300] {processor.py:161} INFO - Started process (PID=33822) to work on /mnt/d/airflow/airflow_project/airflow_venv/lib/python3.12/site-packages/airflow/example_dags/example_time_delta_sensor_async.py
[2026-04-29T09:36:05.726+0300] {processor.py:830} INFO - Processing file /mnt/d/airflow/airflow_project/airflow_venv/lib/python3.12/site-packages/airflow/example_dags/example_time_delta_sensor_async.py for tasks to queue
[2026-04-29T09:36:05.731+0300] {logging_mixin.py:188} INFO - [2026-04-29T09:36:05.729+0300] {dagbag.py:545} INFO - Filling up the DagBag from /mnt/d/airflow/airflow_project/airflow_venv/lib/python3.12/site-packages/airflow/example_dags/example_time_delta_sensor_async.py
[2026-04-29T09:36:05.777+0300] {processor.py:840} INFO - DAG(s) 'example_time_delta_sensor_async' retrieved from /mnt/d/airflow/airflow_project/airflow_venv/lib/python3.12/site-packages/airflow/example_dags/example_time_delta_sensor_async.py
[2026-04-29T09:36:05.837+0300] {logging_mixin.py:188} INFO - [2026-04-29T09:36:05.833+0300] {dag.py:3089} INFO - Sync 1 DAGs
[2026-04-29T09:36:05.863+0300] {logging_mixin.py:188} INFO - [2026-04-29T09:36:05.860+0300] {dag.py:3947} INFO - Setting next_dagrun for example_time_delta_sensor_async to None, run_after=None
[2026-04-29T09:36:05.998+0300] {processor.py:183} INFO - Processing /mnt/d/airflow/airflow_project/airflow_venv/lib/python3.12/site-packages/airflow/example_dags/example_time_delta_sensor_async.py took 0.297 seconds
[2026-04-29T09:37:04.919+0300] {processor.py:161} INFO - Started process (PID=34167) to work on /mnt/d/airflow/airflow_project/airflow_venv/lib/python3.12/site-packages/airflow/example_dags/example_time_delta_sensor_async.py
[2026-04-29T09:37:04.922+0300] {processor.py:830} INFO - Processing file /mnt/d/airflow/airflow_project/airflow_venv/lib/python3.12/site-packages/airflow/example_dags/example_time_delta_sensor_async.py for tasks to queue
[2026-04-29T09:37:04.926+0300] {logging_mixin.py:188} INFO - [2026-04-29T09:37:04.925+0300] {dagbag.py:545} INFO - Filling up the DagBag from /mnt/d/airflow/airflow_project/airflow_venv/lib/python3.12/site-packages/airflow/example_dags/example_time_delta_sensor_async.py
[2026-04-29T09:37:04.959+0300] {processor.py:840} INFO - DAG(s) 'example_time_delta_sensor_async' retrieved from /mnt/d/airflow/airflow_project/airflow_venv/lib/python3.12/site-packages/airflow/example_dags/example_time_delta_sensor_async.py
[2026-04-29T09:37:04.999+0300] {logging_mixin.py:188} INFO - [2026-04-29T09:37:04.998+0300] {dag.py:3089} INFO - Sync 1 DAGs
[2026-04-29T09:37:05.019+0300] {logging_mixin.py:188} INFO - [2026-04-29T09:37:05.016+0300] {dag.py:3947} INFO - Setting next_dagrun for example_time_delta_sensor_async to None, run_after=None
[2026-04-29T09:37:05.152+0300] {processor.py:183} INFO - Processing /mnt/d/airflow/airflow_project/airflow_venv/lib/python3.12/site-packages/airflow/example_dags/example_time_delta_sensor_async.py took 0.258 seconds
[2026-04-29T09:38:04.865+0300] {processor.py:161} INFO - Started process (PID=34547) to work on /mnt/d/airflow/airflow_project/airflow_venv/lib/python3.12/site-packages/airflow/example_dags/example_time_delta_sensor_async.py
[2026-04-29T09:38:04.869+0300] {processor.py:830} INFO - Processing file /mnt/d/airflow/airflow_project/airflow_venv/lib/python3.12/site-packages/airflow/example_dags/example_time_delta_sensor_async.py for tasks to queue
[2026-04-29T09:38:04.875+0300] {logging_mixin.py:188} INFO - [2026-04-29T09:38:04.874+0300] {dagbag.py:545} INFO - Filling up the DagBag from /mnt/d/airflow/airflow_project/airflow_venv/lib/python3.12/site-packages/airflow/example_dags/example_time_delta_sensor_async.py
[2026-04-29T09:38:04.942+0300] {processor.py:840} INFO - DAG(s) 'example_time_delta_sensor_async' retrieved from /mnt/d/airflow/airflow_project/airflow_venv/lib/python3.12/site-packages/airflow/example_dags/example_time_delta_sensor_async.py
[2026-04-29T09:38:05.017+0300] {logging_mixin.py:188} INFO - [2026-04-29T09:38:05.015+0300] {dag.py:3089} INFO - Sync 1 DAGs
[2026-04-29T09:38:05.044+0300] {logging_mixin.py:188} INFO - [2026-04-29T09:38:05.042+0300] {dag.py:3947} INFO - Setting next_dagrun for example_time_delta_sensor_async to None, run_after=None
[2026-04-29T09:38:05.218+0300] {processor.py:183} INFO - Processing /mnt/d/airflow/airflow_project/airflow_venv/lib/python3.12/site-packages/airflow/example_dags/example_time_delta_sensor_async.py took 0.378 seconds
[2026-04-29T09:39:13.458+0300] {processor.py:161} INFO - Started process (PID=34969) to work on /mnt/d/airflow/airflow_project/airflow_venv/lib/python3.12/site-packages/airflow/example_dags/example_time_delta_sensor_async.py
[2026-04-29T09:39:13.460+0300] {processor.py:830} INFO - Processing file /mnt/d/airflow/airflow_project/airflow_venv/lib/python3.12/site-packages/airflow/example_dags/example_time_delta_sensor_async.py for tasks to queue
[2026-04-29T09:39:13.465+0300] {logging_mixin.py:188} INFO - [2026-04-29T09:39:13.463+0300] {dagbag.py:545} INFO - Filling up the DagBag from /mnt/d/airflow/airflow_project/airflow_venv/lib/python3.12/site-packages/airflow/example_dags/example_time_delta_sensor_async.py
[2026-04-29T09:39:13.503+0300] {processor.py:840} INFO - DAG(s) 'example_time_delta_sensor_async' retrieved from /mnt/d/airflow/airflow_project/airflow_venv/lib/python3.12/site-packages/airflow/example_dags/example_time_delta_sensor_async.py
[2026-04-29T09:39:13.565+0300] {logging_mixin.py:188} INFO - [2026-04-29T09:39:13.563+0300] {dag.py:3089} INFO - Sync 1 DAGs
[2026-04-29T09:39:13.590+0300] {logging_mixin.py:188} INFO - [2026-04-29T09:39:13.588+0300] {dag.py:3947} INFO - Setting next_dagrun for example_time_delta_sensor_async to None, run_after=None
[2026-04-29T09:39:13.796+0300] {processor.py:183} INFO - Processing /mnt/d/airflow/airflow_project/airflow_venv/lib/python3.12/site-packages/airflow/example_dags/example_time_delta_sensor_async.py took 0.372 seconds
[2026-04-29T09:40:15.110+0300] {processor.py:161} INFO - Started process (PID=35327) to work on /mnt/d/airflow/airflow_project/airflow_venv/lib/python3.12/site-packages/airflow/example_dags/example_time_delta_sensor_async.py
[2026-04-29T09:40:15.114+0300] {processor.py:830} INFO - Processing file /mnt/d/airflow/airflow_project/airflow_venv/lib/python3.12/site-packages/airflow/example_dags/example_time_delta_sensor_async.py for tasks to queue
[2026-04-29T09:40:15.121+0300] {logging_mixin.py:188} INFO - [2026-04-29T09:40:15.118+0300] {dagbag.py:545} INFO - Filling up the DagBag from /mnt/d/airflow/airflow_project/airflow_venv/lib/python3.12/site-packages/airflow/example_dags/example_time_delta_sensor_async.py
[2026-04-29T09:40:15.187+0300] {processor.py:840} INFO - DAG(s) 'example_time_delta_sensor_async' retrieved from /mnt/d/airflow/airflow_project/airflow_venv/lib/python3.12/site-packages/airflow/example_dags/example_time_delta_sensor_async.py
[2026-04-29T09:40:15.253+0300] {logging_mixin.py:188} INFO - [2026-04-29T09:40:15.250+0300] {dag.py:3089} INFO - Sync 1 DAGs
[2026-04-29T09:40:15.282+0300] {logging_mixin.py:188} INFO - [2026-04-29T09:40:15.279+0300] {dag.py:3947} INFO - Setting next_dagrun for example_time_delta_sensor_async to None, run_after=None
[2026-04-29T09:40:15.382+0300] {processor.py:183} INFO - Processing /mnt/d/airflow/airflow_project/airflow_venv/lib/python3.12/site-packages/airflow/example_dags/example_time_delta_sensor_async.py took 0.301 seconds
[2026-04-29T09:41:12.293+0300] {processor.py:161} INFO - Started process (PID=35651) to work on /mnt/d/airflow/airflow_project/airflow_venv/lib/python3.12/site-packages/airflow/example_dags/example_time_delta_sensor_async.py
[2026-04-29T09:41:12.310+0300] {processor.py:830} INFO - Processing file /mnt/d/airflow/airflow_project/airflow_venv/lib/python3.12/site-packages/airflow/example_dags/example_time_delta_sensor_async.py for tasks to queue
[2026-04-29T09:41:12.324+0300] {logging_mixin.py:188} INFO - [2026-04-29T09:41:12.319+0300] {dagbag.py:545} INFO - Filling up the DagBag from /mnt/d/airflow/airflow_project/airflow_venv/lib/python3.12/site-packages/airflow/example_dags/example_time_delta_sensor_async.py
[2026-04-29T09:41:12.403+0300] {processor.py:840} INFO - DAG(s) 'example_time_delta_sensor_async' retrieved from /mnt/d/airflow/airflow_project/airflow_venv/lib/python3.12/site-packages/airflow/example_dags/example_time_delta_sensor_async.py
[2026-04-29T09:41:12.498+0300] {logging_mixin.py:188} INFO - [2026-04-29T09:41:12.496+0300] {dag.py:3089} INFO - Sync 1 DAGs
[2026-04-29T09:41:12.536+0300] {logging_mixin.py:188} INFO - [2026-04-29T09:41:12.532+0300] {dag.py:3947} INFO - Setting next_dagrun for example_time_delta_sensor_async to None, run_after=None
[2026-04-29T09:41:12.666+0300] {processor.py:183} INFO - Processing /mnt/d/airflow/airflow_project/airflow_venv/lib/python3.12/site-packages/airflow/example_dags/example_time_delta_sensor_async.py took 0.407 seconds
[2026-04-29T09:42:16.710+0300] {processor.py:161} INFO - Started process (PID=36008) to work on /mnt/d/airflow/airflow_project/airflow_venv/lib/python3.12/site-packages/airflow/example_dags/example_time_delta_sensor_async.py
[2026-04-29T09:42:16.713+0300] {processor.py:830} INFO - Processing file /mnt/d/airflow/airflow_project/airflow_venv/lib/python3.12/site-packages/airflow/example_dags/example_time_delta_sensor_async.py for tasks to queue
[2026-04-29T09:42:16.720+0300] {logging_mixin.py:188} INFO - [2026-04-29T09:42:16.717+0300] {dagbag.py:545} INFO - Filling up the DagBag from /mnt/d/airflow/airflow_project/airflow_venv/lib/python3.12/site-packages/airflow/example_dags/example_time_delta_sensor_async.py
[2026-04-29T09:42:16.778+0300] {processor.py:840} INFO - DAG(s) 'example_time_delta_sensor_async' retrieved from /mnt/d/airflow/airflow_project/airflow_venv/lib/python3.12/site-packages/airflow/example_dags/example_time_delta_sensor_async.py
[2026-04-29T09:42:16.828+0300] {logging_mixin.py:188} INFO - [2026-04-29T09:42:16.826+0300] {dag.py:3089} INFO - Sync 1 DAGs
[2026-04-29T09:42:16.850+0300] {logging_mixin.py:188} INFO - [2026-04-29T09:42:16.848+0300] {dag.py:3947} INFO - Setting next_dagrun for example_time_delta_sensor_async to None, run_after=None
[2026-04-29T09:42:17.037+0300] {processor.py:183} INFO - Processing /mnt/d/airflow/airflow_project/airflow_venv/lib/python3.12/site-packages/airflow/example_dags/example_time_delta_sensor_async.py took 0.358 seconds
[2026-04-29T09:43:20.461+0300] {processor.py:161} INFO - Started process (PID=36416) to work on /mnt/d/airflow/airflow_project/airflow_venv/lib/python3.12/site-packages/airflow/example_dags/example_time_delta_sensor_async.py
[2026-04-29T09:43:20.465+0300] {processor.py:830} INFO - Processing file /mnt/d/airflow/airflow_project/airflow_venv/lib/python3.12/site-packages/airflow/example_dags/example_time_delta_sensor_async.py for tasks to queue
[2026-04-29T09:43:20.477+0300] {logging_mixin.py:188} INFO - [2026-04-29T09:43:20.474+0300] {dagbag.py:545} INFO - Filling up the DagBag from /mnt/d/airflow/airflow_project/airflow_venv/lib/python3.12/site-packages/airflow/example_dags/example_time_delta_sensor_async.py
[2026-04-29T09:43:20.536+0300] {processor.py:840} INFO - DAG(s) 'example_time_delta_sensor_async' retrieved from /mnt/d/airflow/airflow_project/airflow_venv/lib/python3.12/site-packages/airflow/example_dags/example_time_delta_sensor_async.py
[2026-04-29T09:43:20.603+0300] {logging_mixin.py:188} INFO - [2026-04-29T09:43:20.601+0300] {dag.py:3089} INFO - Sync 1 DAGs
[2026-04-29T09:43:20.631+0300] {logging_mixin.py:188} INFO - [2026-04-29T09:43:20.628+0300] {dag.py:3947} INFO - Setting next_dagrun for example_time_delta_sensor_async to None, run_after=None
[2026-04-29T09:43:20.758+0300] {processor.py:183} INFO - Processing /mnt/d/airflow/airflow_project/airflow_venv/lib/python3.12/site-packages/airflow/example_dags/example_time_delta_sensor_async.py took 0.322 seconds
[2026-04-29T09:44:45.871+0300] {processor.py:161} INFO - Started process (PID=36910) to work on /mnt/d/airflow/airflow_project/airflow_venv/lib/python3.12/site-packages/airflow/example_dags/example_time_delta_sensor_async.py
[2026-04-29T09:44:45.873+0300] {processor.py:830} INFO - Processing file /mnt/d/airflow/airflow_project/airflow_venv/lib/python3.12/site-packages/airflow/example_dags/example_time_delta_sensor_async.py for tasks to queue
[2026-04-29T09:44:45.879+0300] {logging_mixin.py:188} INFO - [2026-04-29T09:44:45.876+0300] {dagbag.py:545} INFO - Filling up the DagBag from /mnt/d/airflow/airflow_project/airflow_venv/lib/python3.12/site-packages/airflow/example_dags/example_time_delta_sensor_async.py
[2026-04-29T09:44:45.916+0300] {processor.py:840} INFO - DAG(s) 'example_time_delta_sensor_async' retrieved from /mnt/d/airflow/airflow_project/airflow_venv/lib/python3.12/site-packages/airflow/example_dags/example_time_delta_sensor_async.py
[2026-04-29T09:44:47.323+0300] {logging_mixin.py:188} INFO - [2026-04-29T09:44:47.322+0300] {dag.py:3089} INFO - Sync 1 DAGs
[2026-04-29T09:44:47.465+0300] {logging_mixin.py:188} INFO - [2026-04-29T09:44:47.464+0300] {dag.py:3947} INFO - Setting next_dagrun for example_time_delta_sensor_async to None, run_after=None
[2026-04-29T09:44:47.559+0300] {processor.py:183} INFO - Processing /mnt/d/airflow/airflow_project/airflow_venv/lib/python3.12/site-packages/airflow/example_dags/example_time_delta_sensor_async.py took 1.706 seconds
[2026-04-29T09:46:24.243+0300] {processor.py:161} INFO - Started process (PID=37456) to work on /mnt/d/airflow/airflow_project/airflow_venv/lib/python3.12/site-packages/airflow/example_dags/example_time_delta_sensor_async.py
[2026-04-29T09:46:24.246+0300] {processor.py:830} INFO - Processing file /mnt/d/airflow/airflow_project/airflow_venv/lib/python3.12/site-packages/airflow/example_dags/example_time_delta_sensor_async.py for tasks to queue
[2026-04-29T09:46:24.252+0300] {logging_mixin.py:188} INFO - [2026-04-29T09:46:24.250+0300] {dagbag.py:545} INFO - Filling up the DagBag from /mnt/d/airflow/airflow_project/airflow_venv/lib/python3.12/site-packages/airflow/example_dags/example_time_delta_sensor_async.py
[2026-04-29T09:46:24.288+0300] {processor.py:840} INFO - DAG(s) 'example_time_delta_sensor_async' retrieved from /mnt/d/airflow/airflow_project/airflow_venv/lib/python3.12/site-packages/airflow/example_dags/example_time_delta_sensor_async.py
[2026-04-29T09:46:24.337+0300] {logging_mixin.py:188} INFO - [2026-04-29T09:46:24.335+0300] {dag.py:3089} INFO - Sync 1 DAGs
[2026-04-29T09:46:24.359+0300] {logging_mixin.py:188} INFO - [2026-04-29T09:46:24.357+0300] {dag.py:3947} INFO - Setting next_dagrun for example_time_delta_sensor_async to None, run_after=None
[2026-04-29T09:46:24.566+0300] {processor.py:183} INFO - Processing /mnt/d/airflow/airflow_project/airflow_venv/lib/python3.12/site-packages/airflow/example_dags/example_time_delta_sensor_async.py took 0.344 seconds
[2026-04-29T09:48:06.785+0300] {processor.py:161} INFO - Started process (PID=38030) to work on /mnt/d/airflow/airflow_project/airflow_venv/lib/python3.12/site-packages/airflow/example_dags/example_time_delta_sensor_async.py
[2026-04-29T09:48:06.788+0300] {processor.py:830} INFO - Processing file /mnt/d/airflow/airflow_project/airflow_venv/lib/python3.12/site-packages/airflow/example_dags/example_time_delta_sensor_async.py for tasks to queue
[2026-04-29T09:48:06.794+0300] {logging_mixin.py:188} INFO - [2026-04-29T09:48:06.792+0300] {dagbag.py:545} INFO - Filling up the DagBag from /mnt/d/airflow/airflow_project/airflow_venv/lib/python3.12/site-packages/airflow/example_dags/example_time_delta_sensor_async.py
[2026-04-29T09:48:06.835+0300] {processor.py:840} INFO - DAG(s) 'example_time_delta_sensor_async' retrieved from /mnt/d/airflow/airflow_project/airflow_venv/lib/python3.12/site-packages/airflow/example_dags/example_time_delta_sensor_async.py
[2026-04-29T09:48:06.876+0300] {logging_mixin.py:188} INFO - [2026-04-29T09:48:06.875+0300] {dag.py:3089} INFO - Sync 1 DAGs
[2026-04-29T09:48:06.895+0300] {logging_mixin.py:188} INFO - [2026-04-29T09:48:06.893+0300] {dag.py:3947} INFO - Setting next_dagrun for example_time_delta_sensor_async to None, run_after=None
[2026-04-29T09:48:07.061+0300] {processor.py:183} INFO - Processing /mnt/d/airflow/airflow_project/airflow_venv/lib/python3.12/site-packages/airflow/example_dags/example_time_delta_sensor_async.py took 0.297 seconds
[2026-04-29T09:49:19.858+0300] {processor.py:161} INFO - Started process (PID=38443) to work on /mnt/d/airflow/airflow_project/airflow_venv/lib/python3.12/site-packages/airflow/example_dags/example_time_delta_sensor_async.py
[2026-04-29T09:49:19.865+0300] {processor.py:830} INFO - Processing file /mnt/d/airflow/airflow_project/airflow_venv/lib/python3.12/site-packages/airflow/example_dags/example_time_delta_sensor_async.py for tasks to queue
[2026-04-29T09:49:19.874+0300] {logging_mixin.py:188} INFO - [2026-04-29T09:49:19.871+0300] {dagbag.py:545} INFO - Filling up the DagBag from /mnt/d/airflow/airflow_project/airflow_venv/lib/python3.12/site-packages/airflow/example_dags/example_time_delta_sensor_async.py
[2026-04-29T09:49:19.943+0300] {processor.py:840} INFO - DAG(s) 'example_time_delta_sensor_async' retrieved from /mnt/d/airflow/airflow_project/airflow_venv/lib/python3.12/site-packages/airflow/example_dags/example_time_delta_sensor_async.py
[2026-04-29T09:49:20.031+0300] {logging_mixin.py:188} INFO - [2026-04-29T09:49:20.028+0300] {dag.py:3089} INFO - Sync 1 DAGs
[2026-04-29T09:49:20.062+0300] {logging_mixin.py:188} INFO - [2026-04-29T09:49:20.059+0300] {dag.py:3947} INFO - Setting next_dagrun for example_time_delta_sensor_async to None, run_after=None
[2026-04-29T09:49:20.218+0300] {processor.py:183} INFO - Processing /mnt/d/airflow/airflow_project/airflow_venv/lib/python3.12/site-packages/airflow/example_dags/example_time_delta_sensor_async.py took 0.392 seconds
[2026-04-29T09:50:29.249+0300] {processor.py:161} INFO - Started process (PID=38837) to work on /mnt/d/airflow/airflow_project/airflow_venv/lib/python3.12/site-packages/airflow/example_dags/example_time_delta_sensor_async.py
[2026-04-29T09:50:29.252+0300] {processor.py:830} INFO - Processing file /mnt/d/airflow/airflow_project/airflow_venv/lib/python3.12/site-packages/airflow/example_dags/example_time_delta_sensor_async.py for tasks to queue
[2026-04-29T09:50:29.258+0300] {logging_mixin.py:188} INFO - [2026-04-29T09:50:29.257+0300] {dagbag.py:545} INFO - Filling up the DagBag from /mnt/d/airflow/airflow_project/airflow_venv/lib/python3.12/site-packages/airflow/example_dags/example_time_delta_sensor_async.py
[2026-04-29T09:50:29.312+0300] {processor.py:840} INFO - DAG(s) 'example_time_delta_sensor_async' retrieved from /mnt/d/airflow/airflow_project/airflow_venv/lib/python3.12/site-packages/airflow/example_dags/example_time_delta_sensor_async.py
[2026-04-29T09:50:29.358+0300] {logging_mixin.py:188} INFO - [2026-04-29T09:50:29.356+0300] {dag.py:3089} INFO - Sync 1 DAGs
[2026-04-29T09:50:29.378+0300] {logging_mixin.py:188} INFO - [2026-04-29T09:50:29.377+0300] {dag.py:3947} INFO - Setting next_dagrun for example_time_delta_sensor_async to None, run_after=None
[2026-04-29T09:50:29.511+0300] {processor.py:183} INFO - Processing /mnt/d/airflow/airflow_project/airflow_venv/lib/python3.12/site-packages/airflow/example_dags/example_time_delta_sensor_async.py took 0.285 seconds
[2026-04-29T09:51:38.821+0300] {processor.py:161} INFO - Started process (PID=39241) to work on /mnt/d/airflow/airflow_project/airflow_venv/lib/python3.12/site-packages/airflow/example_dags/example_time_delta_sensor_async.py
[2026-04-29T09:51:38.826+0300] {processor.py:830} INFO - Processing file /mnt/d/airflow/airflow_project/airflow_venv/lib/python3.12/site-packages/airflow/example_dags/example_time_delta_sensor_async.py for tasks to queue
[2026-04-29T09:51:38.835+0300] {logging_mixin.py:188} INFO - [2026-04-29T09:51:38.832+0300] {dagbag.py:545} INFO - Filling up the DagBag from /mnt/d/airflow/airflow_project/airflow_venv/lib/python3.12/site-packages/airflow/example_dags/example_time_delta_sensor_async.py
[2026-04-29T09:51:38.908+0300] {processor.py:840} INFO - DAG(s) 'example_time_delta_sensor_async' retrieved from /mnt/d/airflow/airflow_project/airflow_venv/lib/python3.12/site-packages/airflow/example_dags/example_time_delta_sensor_async.py
[2026-04-29T09:51:38.994+0300] {logging_mixin.py:188} INFO - [2026-04-29T09:51:38.991+0300] {dag.py:3089} INFO - Sync 1 DAGs
[2026-04-29T09:51:39.030+0300] {logging_mixin.py:188} INFO - [2026-04-29T09:51:39.027+0300] {dag.py:3947} INFO - Setting next_dagrun for example_time_delta_sensor_async to None, run_after=None
[2026-04-29T09:51:39.159+0300] {processor.py:183} INFO - Processing /mnt/d/airflow/airflow_project/airflow_venv/lib/python3.12/site-packages/airflow/example_dags/example_time_delta_sensor_async.py took 0.372 seconds
[2026-04-29T09:54:07.333+0300] {processor.py:161} INFO - Started process (PID=40058) to work on /mnt/d/airflow/airflow_project/airflow_venv/lib/python3.12/site-packages/airflow/example_dags/example_time_delta_sensor_async.py
[2026-04-29T09:54:07.336+0300] {processor.py:830} INFO - Processing file /mnt/d/airflow/airflow_project/airflow_venv/lib/python3.12/site-packages/airflow/example_dags/example_time_delta_sensor_async.py for tasks to queue
[2026-04-29T09:54:07.344+0300] {logging_mixin.py:188} INFO - [2026-04-29T09:54:07.341+0300] {dagbag.py:545} INFO - Filling up the DagBag from /mnt/d/airflow/airflow_project/airflow_venv/lib/python3.12/site-packages/airflow/example_dags/example_time_delta_sensor_async.py
[2026-04-29T09:54:07.406+0300] {processor.py:840} INFO - DAG(s) 'example_time_delta_sensor_async' retrieved from /mnt/d/airflow/airflow_project/airflow_venv/lib/python3.12/site-packages/airflow/example_dags/example_time_delta_sensor_async.py
[2026-04-29T09:54:07.473+0300] {logging_mixin.py:188} INFO - [2026-04-29T09:54:07.471+0300] {dag.py:3089} INFO - Sync 1 DAGs
[2026-04-29T09:54:07.506+0300] {logging_mixin.py:188} INFO - [2026-04-29T09:54:07.502+0300] {dag.py:3947} INFO - Setting next_dagrun for example_time_delta_sensor_async to None, run_after=None
[2026-04-29T09:54:07.679+0300] {processor.py:183} INFO - Processing /mnt/d/airflow/airflow_project/airflow_venv/lib/python3.12/site-packages/airflow/example_dags/example_time_delta_sensor_async.py took 0.375 seconds
[2026-04-29T09:55:51.137+0300] {processor.py:161} INFO - Started process (PID=40669) to work on /mnt/d/airflow/airflow_project/airflow_venv/lib/python3.12/site-packages/airflow/example_dags/example_time_delta_sensor_async.py
[2026-04-29T09:55:51.142+0300] {processor.py:830} INFO - Processing file /mnt/d/airflow/airflow_project/airflow_venv/lib/python3.12/site-packages/airflow/example_dags/example_time_delta_sensor_async.py for tasks to queue
[2026-04-29T09:55:51.152+0300] {logging_mixin.py:188} INFO - [2026-04-29T09:55:51.149+0300] {dagbag.py:545} INFO - Filling up the DagBag from /mnt/d/airflow/airflow_project/airflow_venv/lib/python3.12/site-packages/airflow/example_dags/example_time_delta_sensor_async.py
[2026-04-29T09:55:51.233+0300] {processor.py:840} INFO - DAG(s) 'example_time_delta_sensor_async' retrieved from /mnt/d/airflow/airflow_project/airflow_venv/lib/python3.12/site-packages/airflow/example_dags/example_time_delta_sensor_async.py
[2026-04-29T09:55:51.328+0300] {logging_mixin.py:188} INFO - [2026-04-29T09:55:51.324+0300] {dag.py:3089} INFO - Sync 1 DAGs
[2026-04-29T09:55:51.361+0300] {logging_mixin.py:188} INFO - [2026-04-29T09:55:51.358+0300] {dag.py:3947} INFO - Setting next_dagrun for example_time_delta_sensor_async to None, run_after=None
[2026-04-29T09:55:51.549+0300] {processor.py:183} INFO - Processing /mnt/d/airflow/airflow_project/airflow_venv/lib/python3.12/site-packages/airflow/example_dags/example_time_delta_sensor_async.py took 0.449 seconds
[2026-04-29T09:58:49.502+0300] {processor.py:161} INFO - Started process (PID=41705) to work on /mnt/d/airflow/airflow_project/airflow_venv/lib/python3.12/site-packages/airflow/example_dags/example_time_delta_sensor_async.py
[2026-04-29T09:58:49.508+0300] {processor.py:830} INFO - Processing file /mnt/d/airflow/airflow_project/airflow_venv/lib/python3.12/site-packages/airflow/example_dags/example_time_delta_sensor_async.py for tasks to queue
[2026-04-29T09:58:49.518+0300] {logging_mixin.py:188} INFO - [2026-04-29T09:58:49.514+0300] {dagbag.py:545} INFO - Filling up the DagBag from /mnt/d/airflow/airflow_project/airflow_venv/lib/python3.12/site-packages/airflow/example_dags/example_time_delta_sensor_async.py
[2026-04-29T09:58:49.599+0300] {processor.py:840} INFO - DAG(s) 'example_time_delta_sensor_async' retrieved from /mnt/d/airflow/airflow_project/airflow_venv/lib/python3.12/site-packages/airflow/example_dags/example_time_delta_sensor_async.py
[2026-04-29T09:58:49.681+0300] {logging_mixin.py:188} INFO - [2026-04-29T09:58:49.678+0300] {dag.py:3089} INFO - Sync 1 DAGs
[2026-04-29T09:58:49.711+0300] {logging_mixin.py:188} INFO - [2026-04-29T09:58:49.709+0300] {dag.py:3947} INFO - Setting next_dagrun for example_time_delta_sensor_async to None, run_after=None
[2026-04-29T09:58:49.885+0300] {processor.py:183} INFO - Processing /mnt/d/airflow/airflow_project/airflow_venv/lib/python3.12/site-packages/airflow/example_dags/example_time_delta_sensor_async.py took 0.420 seconds
[2026-04-29T10:00:26.383+0300] {processor.py:161} INFO - Started process (PID=42225) to work on /mnt/d/airflow/airflow_project/airflow_venv/lib/python3.12/site-packages/airflow/example_dags/example_time_delta_sensor_async.py
[2026-04-29T10:00:26.386+0300] {processor.py:830} INFO - Processing file /mnt/d/airflow/airflow_project/airflow_venv/lib/python3.12/site-packages/airflow/example_dags/example_time_delta_sensor_async.py for tasks to queue
[2026-04-29T10:00:26.390+0300] {logging_mixin.py:188} INFO - [2026-04-29T10:00:26.389+0300] {dagbag.py:545} INFO - Filling up the DagBag from /mnt/d/airflow/airflow_project/airflow_venv/lib/python3.12/site-packages/airflow/example_dags/example_time_delta_sensor_async.py
[2026-04-29T10:00:26.419+0300] {processor.py:840} INFO - DAG(s) 'example_time_delta_sensor_async' retrieved from /mnt/d/airflow/airflow_project/airflow_venv/lib/python3.12/site-packages/airflow/example_dags/example_time_delta_sensor_async.py
[2026-04-29T10:00:26.462+0300] {logging_mixin.py:188} INFO - [2026-04-29T10:00:26.461+0300] {dag.py:3089} INFO - Sync 1 DAGs
[2026-04-29T10:00:26.480+0300] {logging_mixin.py:188} INFO - [2026-04-29T10:00:26.479+0300] {dag.py:3947} INFO - Setting next_dagrun for example_time_delta_sensor_async to None, run_after=None
[2026-04-29T10:00:26.667+0300] {processor.py:183} INFO - Processing /mnt/d/airflow/airflow_project/airflow_venv/lib/python3.12/site-packages/airflow/example_dags/example_time_delta_sensor_async.py took 0.310 seconds
[2026-04-29T10:02:41.250+0300] {processor.py:161} INFO - Started process (PID=42958) to work on /mnt/d/airflow/airflow_project/airflow_venv/lib/python3.12/site-packages/airflow/example_dags/example_time_delta_sensor_async.py
[2026-04-29T10:02:41.253+0300] {processor.py:830} INFO - Processing file /mnt/d/airflow/airflow_project/airflow_venv/lib/python3.12/site-packages/airflow/example_dags/example_time_delta_sensor_async.py for tasks to queue
[2026-04-29T10:02:41.259+0300] {logging_mixin.py:188} INFO - [2026-04-29T10:02:41.256+0300] {dagbag.py:545} INFO - Filling up the DagBag from /mnt/d/airflow/airflow_project/airflow_venv/lib/python3.12/site-packages/airflow/example_dags/example_time_delta_sensor_async.py
[2026-04-29T10:02:41.312+0300] {processor.py:840} INFO - DAG(s) 'example_time_delta_sensor_async' retrieved from /mnt/d/airflow/airflow_project/airflow_venv/lib/python3.12/site-packages/airflow/example_dags/example_time_delta_sensor_async.py
[2026-04-29T10:02:41.372+0300] {logging_mixin.py:188} INFO - [2026-04-29T10:02:41.370+0300] {dag.py:3089} INFO - Sync 1 DAGs
[2026-04-29T10:02:41.400+0300] {logging_mixin.py:188} INFO - [2026-04-29T10:02:41.397+0300] {dag.py:3947} INFO - Setting next_dagrun for example_time_delta_sensor_async to None, run_after=None
[2026-04-29T10:02:41.576+0300] {processor.py:183} INFO - Processing /mnt/d/airflow/airflow_project/airflow_venv/lib/python3.12/site-packages/airflow/example_dags/example_time_delta_sensor_async.py took 0.350 seconds
[2026-04-29T10:04:24.031+0300] {processor.py:161} INFO - Started process (PID=43557) to work on /mnt/d/airflow/airflow_project/airflow_venv/lib/python3.12/site-packages/airflow/example_dags/example_time_delta_sensor_async.py
[2026-04-29T10:04:24.035+0300] {processor.py:830} INFO - Processing file /mnt/d/airflow/airflow_project/airflow_venv/lib/python3.12/site-packages/airflow/example_dags/example_time_delta_sensor_async.py for tasks to queue
[2026-04-29T10:04:24.042+0300] {logging_mixin.py:188} INFO - [2026-04-29T10:04:24.040+0300] {dagbag.py:545} INFO - Filling up the DagBag from /mnt/d/airflow/airflow_project/airflow_venv/lib/python3.12/site-packages/airflow/example_dags/example_time_delta_sensor_async.py
[2026-04-29T10:04:24.137+0300] {processor.py:840} INFO - DAG(s) 'example_time_delta_sensor_async' retrieved from /mnt/d/airflow/airflow_project/airflow_venv/lib/python3.12/site-packages/airflow/example_dags/example_time_delta_sensor_async.py
[2026-04-29T10:04:24.211+0300] {logging_mixin.py:188} INFO - [2026-04-29T10:04:24.208+0300] {dag.py:3089} INFO - Sync 1 DAGs
[2026-04-29T10:04:24.250+0300] {logging_mixin.py:188} INFO - [2026-04-29T10:04:24.247+0300] {dag.py:3947} INFO - Setting next_dagrun for example_time_delta_sensor_async to None, run_after=None
[2026-04-29T10:04:24.503+0300] {processor.py:183} INFO - Processing /mnt/d/airflow/airflow_project/airflow_venv/lib/python3.12/site-packages/airflow/example_dags/example_time_delta_sensor_async.py took 0.503 seconds
[2026-04-29T10:05:29.896+0300] {processor.py:161} INFO - Started process (PID=43929) to work on /mnt/d/airflow/airflow_project/airflow_venv/lib/python3.12/site-packages/airflow/example_dags/example_time_delta_sensor_async.py
[2026-04-29T10:05:29.899+0300] {processor.py:830} INFO - Processing file /mnt/d/airflow/airflow_project/airflow_venv/lib/python3.12/site-packages/airflow/example_dags/example_time_delta_sensor_async.py for tasks to queue
[2026-04-29T10:05:29.903+0300] {logging_mixin.py:188} INFO - [2026-04-29T10:05:29.902+0300] {dagbag.py:545} INFO - Filling up the DagBag from /mnt/d/airflow/airflow_project/airflow_venv/lib/python3.12/site-packages/airflow/example_dags/example_time_delta_sensor_async.py
[2026-04-29T10:05:29.934+0300] {processor.py:840} INFO - DAG(s) 'example_time_delta_sensor_async' retrieved from /mnt/d/airflow/airflow_project/airflow_venv/lib/python3.12/site-packages/airflow/example_dags/example_time_delta_sensor_async.py
[2026-04-29T10:05:29.974+0300] {logging_mixin.py:188} INFO - [2026-04-29T10:05:29.973+0300] {dag.py:3089} INFO - Sync 1 DAGs
[2026-04-29T10:05:29.996+0300] {logging_mixin.py:188} INFO - [2026-04-29T10:05:29.995+0300] {dag.py:3947} INFO - Setting next_dagrun for example_time_delta_sensor_async to None, run_after=None
[2026-04-29T10:05:30.085+0300] {processor.py:183} INFO - Processing /mnt/d/airflow/airflow_project/airflow_venv/lib/python3.12/site-packages/airflow/example_dags/example_time_delta_sensor_async.py took 0.207 seconds
[2026-04-29T10:06:36.054+0300] {processor.py:161} INFO - Started process (PID=44292) to work on /mnt/d/airflow/airflow_project/airflow_venv/lib/python3.12/site-packages/airflow/example_dags/example_time_delta_sensor_async.py
[2026-04-29T10:06:36.058+0300] {processor.py:830} INFO - Processing file /mnt/d/airflow/airflow_project/airflow_venv/lib/python3.12/site-packages/airflow/example_dags/example_time_delta_sensor_async.py for tasks to queue
[2026-04-29T10:06:36.064+0300] {logging_mixin.py:188} INFO - [2026-04-29T10:06:36.062+0300] {dagbag.py:545} INFO - Filling up the DagBag from /mnt/d/airflow/airflow_project/airflow_venv/lib/python3.12/site-packages/airflow/example_dags/example_time_delta_sensor_async.py
[2026-04-29T10:06:36.128+0300] {processor.py:840} INFO - DAG(s) 'example_time_delta_sensor_async' retrieved from /mnt/d/airflow/airflow_project/airflow_venv/lib/python3.12/site-packages/airflow/example_dags/example_time_delta_sensor_async.py
[2026-04-29T10:06:36.207+0300] {logging_mixin.py:188} INFO - [2026-04-29T10:06:36.205+0300] {dag.py:3089} INFO - Sync 1 DAGs
[2026-04-29T10:06:36.236+0300] {logging_mixin.py:188} INFO - [2026-04-29T10:06:36.234+0300] {dag.py:3947} INFO - Setting next_dagrun for example_time_delta_sensor_async to None, run_after=None
[2026-04-29T10:06:36.422+0300] {processor.py:183} INFO - Processing /mnt/d/airflow/airflow_project/airflow_venv/lib/python3.12/site-packages/airflow/example_dags/example_time_delta_sensor_async.py took 0.394 seconds
[2026-04-29T10:07:45.478+0300] {processor.py:161} INFO - Started process (PID=44689) to work on /mnt/d/airflow/airflow_project/airflow_venv/lib/python3.12/site-packages/airflow/example_dags/example_time_delta_sensor_async.py
[2026-04-29T10:07:45.483+0300] {processor.py:830} INFO - Processing file /mnt/d/airflow/airflow_project/airflow_venv/lib/python3.12/site-packages/airflow/example_dags/example_time_delta_sensor_async.py for tasks to queue
[2026-04-29T10:07:45.493+0300] {logging_mixin.py:188} INFO - [2026-04-29T10:07:45.490+0300] {dagbag.py:545} INFO - Filling up the DagBag from /mnt/d/airflow/airflow_project/airflow_venv/lib/python3.12/site-packages/airflow/example_dags/example_time_delta_sensor_async.py
[2026-04-29T10:07:45.569+0300] {processor.py:840} INFO - DAG(s) 'example_time_delta_sensor_async' retrieved from /mnt/d/airflow/airflow_project/airflow_venv/lib/python3.12/site-packages/airflow/example_dags/example_time_delta_sensor_async.py
[2026-04-29T10:07:45.670+0300] {logging_mixin.py:188} INFO - [2026-04-29T10:07:45.668+0300] {dag.py:3089} INFO - Sync 1 DAGs
[2026-04-29T10:07:45.821+0300] {logging_mixin.py:188} INFO - [2026-04-29T10:07:45.819+0300] {dag.py:3947} INFO - Setting next_dagrun for example_time_delta_sensor_async to None, run_after=None
[2026-04-29T10:07:46.018+0300] {processor.py:183} INFO - Processing /mnt/d/airflow/airflow_project/airflow_venv/lib/python3.12/site-packages/airflow/example_dags/example_time_delta_sensor_async.py took 0.579 seconds
[2026-04-29T10:08:47.853+0300] {processor.py:161} INFO - Started process (PID=45037) to work on /mnt/d/airflow/airflow_project/airflow_venv/lib/python3.12/site-packages/airflow/example_dags/example_time_delta_sensor_async.py
[2026-04-29T10:08:47.857+0300] {processor.py:830} INFO - Processing file /mnt/d/airflow/airflow_project/airflow_venv/lib/python3.12/site-packages/airflow/example_dags/example_time_delta_sensor_async.py for tasks to queue
[2026-04-29T10:08:47.865+0300] {logging_mixin.py:188} INFO - [2026-04-29T10:08:47.862+0300] {dagbag.py:545} INFO - Filling up the DagBag from /mnt/d/airflow/airflow_project/airflow_venv/lib/python3.12/site-packages/airflow/example_dags/example_time_delta_sensor_async.py
[2026-04-29T10:08:47.906+0300] {processor.py:840} INFO - DAG(s) 'example_time_delta_sensor_async' retrieved from /mnt/d/airflow/airflow_project/airflow_venv/lib/python3.12/site-packages/airflow/example_dags/example_time_delta_sensor_async.py
[2026-04-29T10:08:47.946+0300] {logging_mixin.py:188} INFO - [2026-04-29T10:08:47.945+0300] {dag.py:3089} INFO - Sync 1 DAGs
[2026-04-29T10:08:47.963+0300] {logging_mixin.py:188} INFO - [2026-04-29T10:08:47.962+0300] {dag.py:3947} INFO - Setting next_dagrun for example_time_delta_sensor_async to None, run_after=None
[2026-04-29T10:08:48.025+0300] {processor.py:183} INFO - Processing /mnt/d/airflow/airflow_project/airflow_venv/lib/python3.12/site-packages/airflow/example_dags/example_time_delta_sensor_async.py took 0.203 seconds
[2026-04-29T10:09:47.200+0300] {processor.py:161} INFO - Started process (PID=45360) to work on /mnt/d/airflow/airflow_project/airflow_venv/lib/python3.12/site-packages/airflow/example_dags/example_time_delta_sensor_async.py
[2026-04-29T10:09:47.203+0300] {processor.py:830} INFO - Processing file /mnt/d/airflow/airflow_project/airflow_venv/lib/python3.12/site-packages/airflow/example_dags/example_time_delta_sensor_async.py for tasks to queue
[2026-04-29T10:09:47.211+0300] {logging_mixin.py:188} INFO - [2026-04-29T10:09:47.209+0300] {dagbag.py:545} INFO - Filling up the DagBag from /mnt/d/airflow/airflow_project/airflow_venv/lib/python3.12/site-packages/airflow/example_dags/example_time_delta_sensor_async.py
[2026-04-29T10:09:47.263+0300] {processor.py:840} INFO - DAG(s) 'example_time_delta_sensor_async' retrieved from /mnt/d/airflow/airflow_project/airflow_venv/lib/python3.12/site-packages/airflow/example_dags/example_time_delta_sensor_async.py
[2026-04-29T10:09:47.339+0300] {logging_mixin.py:188} INFO - [2026-04-29T10:09:47.336+0300] {dag.py:3089} INFO - Sync 1 DAGs
[2026-04-29T10:09:47.372+0300] {logging_mixin.py:188} INFO - [2026-04-29T10:09:47.368+0300] {dag.py:3947} INFO - Setting next_dagrun for example_time_delta_sensor_async to None, run_after=None
[2026-04-29T10:09:47.581+0300] {processor.py:183} INFO - Processing /mnt/d/airflow/airflow_project/airflow_venv/lib/python3.12/site-packages/airflow/example_dags/example_time_delta_sensor_async.py took 0.407 seconds
[2026-04-29T10:10:52.097+0300] {processor.py:161} INFO - Started process (PID=45719) to work on /mnt/d/airflow/airflow_project/airflow_venv/lib/python3.12/site-packages/airflow/example_dags/example_time_delta_sensor_async.py
[2026-04-29T10:10:52.101+0300] {processor.py:830} INFO - Processing file /mnt/d/airflow/airflow_project/airflow_venv/lib/python3.12/site-packages/airflow/example_dags/example_time_delta_sensor_async.py for tasks to queue
[2026-04-29T10:10:52.109+0300] {logging_mixin.py:188} INFO - [2026-04-29T10:10:52.105+0300] {dagbag.py:545} INFO - Filling up the DagBag from /mnt/d/airflow/airflow_project/airflow_venv/lib/python3.12/site-packages/airflow/example_dags/example_time_delta_sensor_async.py
[2026-04-29T10:10:52.193+0300] {processor.py:840} INFO - DAG(s) 'example_time_delta_sensor_async' retrieved from /mnt/d/airflow/airflow_project/airflow_venv/lib/python3.12/site-packages/airflow/example_dags/example_time_delta_sensor_async.py
[2026-04-29T10:10:52.247+0300] {logging_mixin.py:188} INFO - [2026-04-29T10:10:52.246+0300] {dag.py:3089} INFO - Sync 1 DAGs
[2026-04-29T10:10:52.276+0300] {logging_mixin.py:188} INFO - [2026-04-29T10:10:52.273+0300] {dag.py:3947} INFO - Setting next_dagrun for example_time_delta_sensor_async to None, run_after=None
[2026-04-29T10:10:52.466+0300] {processor.py:183} INFO - Processing /mnt/d/airflow/airflow_project/airflow_venv/lib/python3.12/site-packages/airflow/example_dags/example_time_delta_sensor_async.py took 0.402 seconds
[2026-04-29T10:12:04.288+0300] {processor.py:161} INFO - Started process (PID=46109) to work on /mnt/d/airflow/airflow_project/airflow_venv/lib/python3.12/site-packages/airflow/example_dags/example_time_delta_sensor_async.py
[2026-04-29T10:12:04.292+0300] {processor.py:830} INFO - Processing file /mnt/d/airflow/airflow_project/airflow_venv/lib/python3.12/site-packages/airflow/example_dags/example_time_delta_sensor_async.py for tasks to queue
[2026-04-29T10:12:04.301+0300] {logging_mixin.py:188} INFO - [2026-04-29T10:12:04.298+0300] {dagbag.py:545} INFO - Filling up the DagBag from /mnt/d/airflow/airflow_project/airflow_venv/lib/python3.12/site-packages/airflow/example_dags/example_time_delta_sensor_async.py
[2026-04-29T10:12:04.379+0300] {processor.py:840} INFO - DAG(s) 'example_time_delta_sensor_async' retrieved from /mnt/d/airflow/airflow_project/airflow_venv/lib/python3.12/site-packages/airflow/example_dags/example_time_delta_sensor_async.py
[2026-04-29T10:12:04.454+0300] {logging_mixin.py:188} INFO - [2026-04-29T10:12:04.451+0300] {dag.py:3089} INFO - Sync 1 DAGs
[2026-04-29T10:12:04.486+0300] {logging_mixin.py:188} INFO - [2026-04-29T10:12:04.482+0300] {dag.py:3947} INFO - Setting next_dagrun for example_time_delta_sensor_async to None, run_after=None
[2026-04-29T10:12:04.702+0300] {processor.py:183} INFO - Processing /mnt/d/airflow/airflow_project/airflow_venv/lib/python3.12/site-packages/airflow/example_dags/example_time_delta_sensor_async.py took 0.451 seconds
[2026-04-29T10:13:04.682+0300] {processor.py:161} INFO - Started process (PID=46459) to work on /mnt/d/airflow/airflow_project/airflow_venv/lib/python3.12/site-packages/airflow/example_dags/example_time_delta_sensor_async.py
[2026-04-29T10:13:04.686+0300] {processor.py:830} INFO - Processing file /mnt/d/airflow/airflow_project/airflow_venv/lib/python3.12/site-packages/airflow/example_dags/example_time_delta_sensor_async.py for tasks to queue
[2026-04-29T10:13:04.693+0300] {logging_mixin.py:188} INFO - [2026-04-29T10:13:04.690+0300] {dagbag.py:545} INFO - Filling up the DagBag from /mnt/d/airflow/airflow_project/airflow_venv/lib/python3.12/site-packages/airflow/example_dags/example_time_delta_sensor_async.py
[2026-04-29T10:13:04.756+0300] {processor.py:840} INFO - DAG(s) 'example_time_delta_sensor_async' retrieved from /mnt/d/airflow/airflow_project/airflow_venv/lib/python3.12/site-packages/airflow/example_dags/example_time_delta_sensor_async.py
[2026-04-29T10:13:04.820+0300] {logging_mixin.py:188} INFO - [2026-04-29T10:13:04.817+0300] {dag.py:3089} INFO - Sync 1 DAGs
[2026-04-29T10:13:04.846+0300] {logging_mixin.py:188} INFO - [2026-04-29T10:13:04.845+0300] {dag.py:3947} INFO - Setting next_dagrun for example_time_delta_sensor_async to None, run_after=None
[2026-04-29T10:13:04.978+0300] {processor.py:183} INFO - Processing /mnt/d/airflow/airflow_project/airflow_venv/lib/python3.12/site-packages/airflow/example_dags/example_time_delta_sensor_async.py took 0.326 seconds
