[2026-04-29T09:16:00.702+0300] {processor.py:161} INFO - Started process (PID=26794) to work on /mnt/d/airflow/airflow_project/airflow_venv/lib/python3.12/site-packages/airflow/example_dags/example_display_name.py
[2026-04-29T09:16:00.706+0300] {processor.py:830} INFO - Processing file /mnt/d/airflow/airflow_project/airflow_venv/lib/python3.12/site-packages/airflow/example_dags/example_display_name.py for tasks to queue
[2026-04-29T09:16:00.713+0300] {logging_mixin.py:188} INFO - [2026-04-29T09:16:00.711+0300] {dagbag.py:545} INFO - Filling up the DagBag from /mnt/d/airflow/airflow_project/airflow_venv/lib/python3.12/site-packages/airflow/example_dags/example_display_name.py
[2026-04-29T09:16:00.778+0300] {processor.py:840} INFO - DAG(s) 'example_display_name' retrieved from /mnt/d/airflow/airflow_project/airflow_venv/lib/python3.12/site-packages/airflow/example_dags/example_display_name.py
[2026-04-29T09:16:02.295+0300] {logging_mixin.py:188} INFO - [2026-04-29T09:16:02.294+0300] {override.py:1858} INFO - Created Permission View: can edit on DAG:example_display_name
[2026-04-29T09:16:02.318+0300] {logging_mixin.py:188} INFO - [2026-04-29T09:16:02.318+0300] {override.py:1858} INFO - Created Permission View: can delete on DAG:example_display_name
[2026-04-29T09:16:02.350+0300] {logging_mixin.py:188} INFO - [2026-04-29T09:16:02.349+0300] {override.py:1858} INFO - Created Permission View: can read on DAG:example_display_name
[2026-04-29T09:16:02.353+0300] {logging_mixin.py:188} INFO - [2026-04-29T09:16:02.352+0300] {dag.py:3089} INFO - Sync 1 DAGs
[2026-04-29T09:16:02.367+0300] {logging_mixin.py:188} INFO - [2026-04-29T09:16:02.365+0300] {dag.py:3111} INFO - Creating ORM DAG for example_display_name
[2026-04-29T09:16:02.369+0300] {logging_mixin.py:188} INFO - [2026-04-29T09:16:02.368+0300] {dag.py:3947} INFO - Setting next_dagrun for example_display_name to None, run_after=None
[2026-04-29T09:16:02.444+0300] {processor.py:183} INFO - Processing /mnt/d/airflow/airflow_project/airflow_venv/lib/python3.12/site-packages/airflow/example_dags/example_display_name.py took 1.777 seconds
[2026-04-29T09:17:54.006+0300] {processor.py:161} INFO - Started process (PID=27439) to work on /mnt/d/airflow/airflow_project/airflow_venv/lib/python3.12/site-packages/airflow/example_dags/example_display_name.py
[2026-04-29T09:17:54.009+0300] {processor.py:830} INFO - Processing file /mnt/d/airflow/airflow_project/airflow_venv/lib/python3.12/site-packages/airflow/example_dags/example_display_name.py for tasks to queue
[2026-04-29T09:17:54.016+0300] {logging_mixin.py:188} INFO - [2026-04-29T09:17:54.014+0300] {dagbag.py:545} INFO - Filling up the DagBag from /mnt/d/airflow/airflow_project/airflow_venv/lib/python3.12/site-packages/airflow/example_dags/example_display_name.py
[2026-04-29T09:17:54.085+0300] {processor.py:840} INFO - DAG(s) 'example_display_name' retrieved from /mnt/d/airflow/airflow_project/airflow_venv/lib/python3.12/site-packages/airflow/example_dags/example_display_name.py
[2026-04-29T09:17:54.126+0300] {logging_mixin.py:188} INFO - [2026-04-29T09:17:54.124+0300] {dag.py:3089} INFO - Sync 1 DAGs
[2026-04-29T09:17:54.150+0300] {logging_mixin.py:188} INFO - [2026-04-29T09:17:54.148+0300] {dag.py:3947} INFO - Setting next_dagrun for example_display_name to None, run_after=None
[2026-04-29T09:17:54.281+0300] {processor.py:183} INFO - Processing /mnt/d/airflow/airflow_project/airflow_venv/lib/python3.12/site-packages/airflow/example_dags/example_display_name.py took 0.303 seconds
[2026-04-29T09:20:06.461+0300] {processor.py:161} INFO - Started process (PID=28249) to work on /mnt/d/airflow/airflow_project/airflow_venv/lib/python3.12/site-packages/airflow/example_dags/example_display_name.py
[2026-04-29T09:20:06.464+0300] {processor.py:830} INFO - Processing file /mnt/d/airflow/airflow_project/airflow_venv/lib/python3.12/site-packages/airflow/example_dags/example_display_name.py for tasks to queue
[2026-04-29T09:20:06.471+0300] {logging_mixin.py:188} INFO - [2026-04-29T09:20:06.469+0300] {dagbag.py:545} INFO - Filling up the DagBag from /mnt/d/airflow/airflow_project/airflow_venv/lib/python3.12/site-packages/airflow/example_dags/example_display_name.py
[2026-04-29T09:20:06.551+0300] {processor.py:840} INFO - DAG(s) 'example_display_name' retrieved from /mnt/d/airflow/airflow_project/airflow_venv/lib/python3.12/site-packages/airflow/example_dags/example_display_name.py
[2026-04-29T09:20:06.616+0300] {logging_mixin.py:188} INFO - [2026-04-29T09:20:06.613+0300] {dag.py:3089} INFO - Sync 1 DAGs
[2026-04-29T09:20:06.639+0300] {logging_mixin.py:188} INFO - [2026-04-29T09:20:06.637+0300] {dag.py:3947} INFO - Setting next_dagrun for example_display_name to None, run_after=None
[2026-04-29T09:20:06.881+0300] {processor.py:183} INFO - Processing /mnt/d/airflow/airflow_project/airflow_venv/lib/python3.12/site-packages/airflow/example_dags/example_display_name.py took 0.450 seconds
[2026-04-29T09:22:17.810+0300] {processor.py:161} INFO - Started process (PID=28995) to work on /mnt/d/airflow/airflow_project/airflow_venv/lib/python3.12/site-packages/airflow/example_dags/example_display_name.py
[2026-04-29T09:22:17.812+0300] {processor.py:830} INFO - Processing file /mnt/d/airflow/airflow_project/airflow_venv/lib/python3.12/site-packages/airflow/example_dags/example_display_name.py for tasks to queue
[2026-04-29T09:22:17.817+0300] {logging_mixin.py:188} INFO - [2026-04-29T09:22:17.815+0300] {dagbag.py:545} INFO - Filling up the DagBag from /mnt/d/airflow/airflow_project/airflow_venv/lib/python3.12/site-packages/airflow/example_dags/example_display_name.py
[2026-04-29T09:22:17.865+0300] {processor.py:840} INFO - DAG(s) 'example_display_name' retrieved from /mnt/d/airflow/airflow_project/airflow_venv/lib/python3.12/site-packages/airflow/example_dags/example_display_name.py
[2026-04-29T09:22:17.924+0300] {logging_mixin.py:188} INFO - [2026-04-29T09:22:17.922+0300] {dag.py:3089} INFO - Sync 1 DAGs
[2026-04-29T09:22:17.943+0300] {logging_mixin.py:188} INFO - [2026-04-29T09:22:17.941+0300] {dag.py:3947} INFO - Setting next_dagrun for example_display_name to None, run_after=None
[2026-04-29T09:22:18.041+0300] {processor.py:183} INFO - Processing /mnt/d/airflow/airflow_project/airflow_venv/lib/python3.12/site-packages/airflow/example_dags/example_display_name.py took 0.253 seconds
[2026-04-29T09:24:20.207+0300] {processor.py:161} INFO - Started process (PID=29706) to work on /mnt/d/airflow/airflow_project/airflow_venv/lib/python3.12/site-packages/airflow/example_dags/example_display_name.py
[2026-04-29T09:24:20.211+0300] {processor.py:830} INFO - Processing file /mnt/d/airflow/airflow_project/airflow_venv/lib/python3.12/site-packages/airflow/example_dags/example_display_name.py for tasks to queue
[2026-04-29T09:24:20.220+0300] {logging_mixin.py:188} INFO - [2026-04-29T09:24:20.216+0300] {dagbag.py:545} INFO - Filling up the DagBag from /mnt/d/airflow/airflow_project/airflow_venv/lib/python3.12/site-packages/airflow/example_dags/example_display_name.py
[2026-04-29T09:24:20.295+0300] {processor.py:840} INFO - DAG(s) 'example_display_name' retrieved from /mnt/d/airflow/airflow_project/airflow_venv/lib/python3.12/site-packages/airflow/example_dags/example_display_name.py
[2026-04-29T09:24:20.360+0300] {logging_mixin.py:188} INFO - [2026-04-29T09:24:20.357+0300] {dag.py:3089} INFO - Sync 1 DAGs
[2026-04-29T09:24:20.387+0300] {logging_mixin.py:188} INFO - [2026-04-29T09:24:20.384+0300] {dag.py:3947} INFO - Setting next_dagrun for example_display_name to None, run_after=None
[2026-04-29T09:24:20.547+0300] {processor.py:183} INFO - Processing /mnt/d/airflow/airflow_project/airflow_venv/lib/python3.12/site-packages/airflow/example_dags/example_display_name.py took 0.372 seconds
[2026-04-29T09:26:45.262+0300] {processor.py:161} INFO - Started process (PID=30519) to work on /mnt/d/airflow/airflow_project/airflow_venv/lib/python3.12/site-packages/airflow/example_dags/example_display_name.py
[2026-04-29T09:26:45.265+0300] {processor.py:830} INFO - Processing file /mnt/d/airflow/airflow_project/airflow_venv/lib/python3.12/site-packages/airflow/example_dags/example_display_name.py for tasks to queue
[2026-04-29T09:26:45.271+0300] {logging_mixin.py:188} INFO - [2026-04-29T09:26:45.269+0300] {dagbag.py:545} INFO - Filling up the DagBag from /mnt/d/airflow/airflow_project/airflow_venv/lib/python3.12/site-packages/airflow/example_dags/example_display_name.py
[2026-04-29T09:26:45.320+0300] {processor.py:840} INFO - DAG(s) 'example_display_name' retrieved from /mnt/d/airflow/airflow_project/airflow_venv/lib/python3.12/site-packages/airflow/example_dags/example_display_name.py
[2026-04-29T09:26:45.392+0300] {logging_mixin.py:188} INFO - [2026-04-29T09:26:45.389+0300] {dag.py:3089} INFO - Sync 1 DAGs
[2026-04-29T09:26:45.416+0300] {logging_mixin.py:188} INFO - [2026-04-29T09:26:45.414+0300] {dag.py:3947} INFO - Setting next_dagrun for example_display_name to None, run_after=None
[2026-04-29T09:26:45.588+0300] {processor.py:183} INFO - Processing /mnt/d/airflow/airflow_project/airflow_venv/lib/python3.12/site-packages/airflow/example_dags/example_display_name.py took 0.351 seconds
[2026-04-29T09:29:19.137+0300] {processor.py:161} INFO - Started process (PID=31403) to work on /mnt/d/airflow/airflow_project/airflow_venv/lib/python3.12/site-packages/airflow/example_dags/example_display_name.py
[2026-04-29T09:29:19.140+0300] {processor.py:830} INFO - Processing file /mnt/d/airflow/airflow_project/airflow_venv/lib/python3.12/site-packages/airflow/example_dags/example_display_name.py for tasks to queue
[2026-04-29T09:29:19.152+0300] {logging_mixin.py:188} INFO - [2026-04-29T09:29:19.149+0300] {dagbag.py:545} INFO - Filling up the DagBag from /mnt/d/airflow/airflow_project/airflow_venv/lib/python3.12/site-packages/airflow/example_dags/example_display_name.py
[2026-04-29T09:29:19.209+0300] {processor.py:840} INFO - DAG(s) 'example_display_name' retrieved from /mnt/d/airflow/airflow_project/airflow_venv/lib/python3.12/site-packages/airflow/example_dags/example_display_name.py
[2026-04-29T09:29:19.265+0300] {logging_mixin.py:188} INFO - [2026-04-29T09:29:19.263+0300] {dag.py:3089} INFO - Sync 1 DAGs
[2026-04-29T09:29:19.298+0300] {logging_mixin.py:188} INFO - [2026-04-29T09:29:19.291+0300] {dag.py:3947} INFO - Setting next_dagrun for example_display_name to None, run_after=None
[2026-04-29T09:29:19.491+0300] {processor.py:183} INFO - Processing /mnt/d/airflow/airflow_project/airflow_venv/lib/python3.12/site-packages/airflow/example_dags/example_display_name.py took 0.382 seconds
[2026-04-29T09:31:58.079+0300] {processor.py:161} INFO - Started process (PID=32341) to work on /mnt/d/airflow/airflow_project/airflow_venv/lib/python3.12/site-packages/airflow/example_dags/example_display_name.py
[2026-04-29T09:31:58.082+0300] {processor.py:830} INFO - Processing file /mnt/d/airflow/airflow_project/airflow_venv/lib/python3.12/site-packages/airflow/example_dags/example_display_name.py for tasks to queue
[2026-04-29T09:31:58.088+0300] {logging_mixin.py:188} INFO - [2026-04-29T09:31:58.087+0300] {dagbag.py:545} INFO - Filling up the DagBag from /mnt/d/airflow/airflow_project/airflow_venv/lib/python3.12/site-packages/airflow/example_dags/example_display_name.py
[2026-04-29T09:31:58.130+0300] {processor.py:840} INFO - DAG(s) 'example_display_name' retrieved from /mnt/d/airflow/airflow_project/airflow_venv/lib/python3.12/site-packages/airflow/example_dags/example_display_name.py
[2026-04-29T09:31:58.169+0300] {logging_mixin.py:188} INFO - [2026-04-29T09:31:58.168+0300] {dag.py:3089} INFO - Sync 1 DAGs
[2026-04-29T09:31:58.181+0300] {logging_mixin.py:188} INFO - [2026-04-29T09:31:58.180+0300] {dag.py:3947} INFO - Setting next_dagrun for example_display_name to None, run_after=None
[2026-04-29T09:31:58.338+0300] {processor.py:183} INFO - Processing /mnt/d/airflow/airflow_project/airflow_venv/lib/python3.12/site-packages/airflow/example_dags/example_display_name.py took 0.298 seconds
[2026-04-29T09:34:22.999+0300] {processor.py:161} INFO - Started process (PID=33199) to work on /mnt/d/airflow/airflow_project/airflow_venv/lib/python3.12/site-packages/airflow/example_dags/example_display_name.py
[2026-04-29T09:34:23.003+0300] {processor.py:830} INFO - Processing file /mnt/d/airflow/airflow_project/airflow_venv/lib/python3.12/site-packages/airflow/example_dags/example_display_name.py for tasks to queue
[2026-04-29T09:34:23.010+0300] {logging_mixin.py:188} INFO - [2026-04-29T09:34:23.008+0300] {dagbag.py:545} INFO - Filling up the DagBag from /mnt/d/airflow/airflow_project/airflow_venv/lib/python3.12/site-packages/airflow/example_dags/example_display_name.py
[2026-04-29T09:34:23.065+0300] {processor.py:840} INFO - DAG(s) 'example_display_name' retrieved from /mnt/d/airflow/airflow_project/airflow_venv/lib/python3.12/site-packages/airflow/example_dags/example_display_name.py
[2026-04-29T09:34:23.122+0300] {logging_mixin.py:188} INFO - [2026-04-29T09:34:23.120+0300] {dag.py:3089} INFO - Sync 1 DAGs
[2026-04-29T09:34:23.143+0300] {logging_mixin.py:188} INFO - [2026-04-29T09:34:23.140+0300] {dag.py:3947} INFO - Setting next_dagrun for example_display_name to None, run_after=None
[2026-04-29T09:34:23.299+0300] {processor.py:183} INFO - Processing /mnt/d/airflow/airflow_project/airflow_venv/lib/python3.12/site-packages/airflow/example_dags/example_display_name.py took 0.321 seconds
[2026-04-29T09:36:30.866+0300] {processor.py:161} INFO - Started process (PID=33969) to work on /mnt/d/airflow/airflow_project/airflow_venv/lib/python3.12/site-packages/airflow/example_dags/example_display_name.py
[2026-04-29T09:36:30.870+0300] {processor.py:830} INFO - Processing file /mnt/d/airflow/airflow_project/airflow_venv/lib/python3.12/site-packages/airflow/example_dags/example_display_name.py for tasks to queue
[2026-04-29T09:36:30.877+0300] {logging_mixin.py:188} INFO - [2026-04-29T09:36:30.875+0300] {dagbag.py:545} INFO - Filling up the DagBag from /mnt/d/airflow/airflow_project/airflow_venv/lib/python3.12/site-packages/airflow/example_dags/example_display_name.py
[2026-04-29T09:36:30.927+0300] {processor.py:840} INFO - DAG(s) 'example_display_name' retrieved from /mnt/d/airflow/airflow_project/airflow_venv/lib/python3.12/site-packages/airflow/example_dags/example_display_name.py
[2026-04-29T09:36:30.979+0300] {logging_mixin.py:188} INFO - [2026-04-29T09:36:30.977+0300] {dag.py:3089} INFO - Sync 1 DAGs
[2026-04-29T09:36:31.008+0300] {logging_mixin.py:188} INFO - [2026-04-29T09:36:31.006+0300] {dag.py:3947} INFO - Setting next_dagrun for example_display_name to None, run_after=None
[2026-04-29T09:36:31.105+0300] {processor.py:183} INFO - Processing /mnt/d/airflow/airflow_project/airflow_venv/lib/python3.12/site-packages/airflow/example_dags/example_display_name.py took 0.262 seconds
[2026-04-29T09:38:35.779+0300] {processor.py:161} INFO - Started process (PID=34741) to work on /mnt/d/airflow/airflow_project/airflow_venv/lib/python3.12/site-packages/airflow/example_dags/example_display_name.py
[2026-04-29T09:38:35.783+0300] {processor.py:830} INFO - Processing file /mnt/d/airflow/airflow_project/airflow_venv/lib/python3.12/site-packages/airflow/example_dags/example_display_name.py for tasks to queue
[2026-04-29T09:38:35.792+0300] {logging_mixin.py:188} INFO - [2026-04-29T09:38:35.789+0300] {dagbag.py:545} INFO - Filling up the DagBag from /mnt/d/airflow/airflow_project/airflow_venv/lib/python3.12/site-packages/airflow/example_dags/example_display_name.py
[2026-04-29T09:38:35.869+0300] {processor.py:840} INFO - DAG(s) 'example_display_name' retrieved from /mnt/d/airflow/airflow_project/airflow_venv/lib/python3.12/site-packages/airflow/example_dags/example_display_name.py
[2026-04-29T09:38:35.952+0300] {logging_mixin.py:188} INFO - [2026-04-29T09:38:35.947+0300] {dag.py:3089} INFO - Sync 1 DAGs
[2026-04-29T09:38:35.980+0300] {logging_mixin.py:188} INFO - [2026-04-29T09:38:35.978+0300] {dag.py:3947} INFO - Setting next_dagrun for example_display_name to None, run_after=None
[2026-04-29T09:38:36.156+0300] {processor.py:183} INFO - Processing /mnt/d/airflow/airflow_project/airflow_venv/lib/python3.12/site-packages/airflow/example_dags/example_display_name.py took 0.413 seconds
[2026-04-29T09:40:38.822+0300] {processor.py:161} INFO - Started process (PID=35459) to work on /mnt/d/airflow/airflow_project/airflow_venv/lib/python3.12/site-packages/airflow/example_dags/example_display_name.py
[2026-04-29T09:40:38.825+0300] {processor.py:830} INFO - Processing file /mnt/d/airflow/airflow_project/airflow_venv/lib/python3.12/site-packages/airflow/example_dags/example_display_name.py for tasks to queue
[2026-04-29T09:40:38.830+0300] {logging_mixin.py:188} INFO - [2026-04-29T09:40:38.828+0300] {dagbag.py:545} INFO - Filling up the DagBag from /mnt/d/airflow/airflow_project/airflow_venv/lib/python3.12/site-packages/airflow/example_dags/example_display_name.py
[2026-04-29T09:40:38.867+0300] {processor.py:840} INFO - DAG(s) 'example_display_name' retrieved from /mnt/d/airflow/airflow_project/airflow_venv/lib/python3.12/site-packages/airflow/example_dags/example_display_name.py
[2026-04-29T09:40:38.910+0300] {logging_mixin.py:188} INFO - [2026-04-29T09:40:38.909+0300] {dag.py:3089} INFO - Sync 1 DAGs
[2026-04-29T09:40:38.929+0300] {logging_mixin.py:188} INFO - [2026-04-29T09:40:38.927+0300] {dag.py:3947} INFO - Setting next_dagrun for example_display_name to None, run_after=None
[2026-04-29T09:40:39.041+0300] {processor.py:183} INFO - Processing /mnt/d/airflow/airflow_project/airflow_venv/lib/python3.12/site-packages/airflow/example_dags/example_display_name.py took 0.239 seconds
[2026-04-29T09:42:46.473+0300] {processor.py:161} INFO - Started process (PID=36199) to work on /mnt/d/airflow/airflow_project/airflow_venv/lib/python3.12/site-packages/airflow/example_dags/example_display_name.py
[2026-04-29T09:42:46.481+0300] {processor.py:830} INFO - Processing file /mnt/d/airflow/airflow_project/airflow_venv/lib/python3.12/site-packages/airflow/example_dags/example_display_name.py for tasks to queue
[2026-04-29T09:42:46.492+0300] {logging_mixin.py:188} INFO - [2026-04-29T09:42:46.489+0300] {dagbag.py:545} INFO - Filling up the DagBag from /mnt/d/airflow/airflow_project/airflow_venv/lib/python3.12/site-packages/airflow/example_dags/example_display_name.py
[2026-04-29T09:42:46.544+0300] {processor.py:840} INFO - DAG(s) 'example_display_name' retrieved from /mnt/d/airflow/airflow_project/airflow_venv/lib/python3.12/site-packages/airflow/example_dags/example_display_name.py
[2026-04-29T09:42:46.612+0300] {logging_mixin.py:188} INFO - [2026-04-29T09:42:46.610+0300] {dag.py:3089} INFO - Sync 1 DAGs
[2026-04-29T09:42:46.634+0300] {logging_mixin.py:188} INFO - [2026-04-29T09:42:46.631+0300] {dag.py:3947} INFO - Setting next_dagrun for example_display_name to None, run_after=None
[2026-04-29T09:42:46.748+0300] {processor.py:183} INFO - Processing /mnt/d/airflow/airflow_project/airflow_venv/lib/python3.12/site-packages/airflow/example_dags/example_display_name.py took 0.292 seconds
[2026-04-29T09:45:34.412+0300] {processor.py:161} INFO - Started process (PID=37177) to work on /mnt/d/airflow/airflow_project/airflow_venv/lib/python3.12/site-packages/airflow/example_dags/example_display_name.py
[2026-04-29T09:45:34.416+0300] {processor.py:830} INFO - Processing file /mnt/d/airflow/airflow_project/airflow_venv/lib/python3.12/site-packages/airflow/example_dags/example_display_name.py for tasks to queue
[2026-04-29T09:45:34.422+0300] {logging_mixin.py:188} INFO - [2026-04-29T09:45:34.419+0300] {dagbag.py:545} INFO - Filling up the DagBag from /mnt/d/airflow/airflow_project/airflow_venv/lib/python3.12/site-packages/airflow/example_dags/example_display_name.py
[2026-04-29T09:45:34.478+0300] {processor.py:840} INFO - DAG(s) 'example_display_name' retrieved from /mnt/d/airflow/airflow_project/airflow_venv/lib/python3.12/site-packages/airflow/example_dags/example_display_name.py
[2026-04-29T09:45:36.075+0300] {logging_mixin.py:188} INFO - [2026-04-29T09:45:36.073+0300] {dag.py:3089} INFO - Sync 1 DAGs
[2026-04-29T09:45:36.104+0300] {logging_mixin.py:188} INFO - [2026-04-29T09:45:36.101+0300] {dag.py:3947} INFO - Setting next_dagrun for example_display_name to None, run_after=None
[2026-04-29T09:45:36.272+0300] {processor.py:183} INFO - Processing /mnt/d/airflow/airflow_project/airflow_venv/lib/python3.12/site-packages/airflow/example_dags/example_display_name.py took 1.891 seconds
[2026-04-29T09:48:44.222+0300] {processor.py:161} INFO - Started process (PID=38241) to work on /mnt/d/airflow/airflow_project/airflow_venv/lib/python3.12/site-packages/airflow/example_dags/example_display_name.py
[2026-04-29T09:48:44.226+0300] {processor.py:830} INFO - Processing file /mnt/d/airflow/airflow_project/airflow_venv/lib/python3.12/site-packages/airflow/example_dags/example_display_name.py for tasks to queue
[2026-04-29T09:48:44.231+0300] {logging_mixin.py:188} INFO - [2026-04-29T09:48:44.230+0300] {dagbag.py:545} INFO - Filling up the DagBag from /mnt/d/airflow/airflow_project/airflow_venv/lib/python3.12/site-packages/airflow/example_dags/example_display_name.py
[2026-04-29T09:48:44.273+0300] {processor.py:840} INFO - DAG(s) 'example_display_name' retrieved from /mnt/d/airflow/airflow_project/airflow_venv/lib/python3.12/site-packages/airflow/example_dags/example_display_name.py
[2026-04-29T09:48:44.313+0300] {logging_mixin.py:188} INFO - [2026-04-29T09:48:44.312+0300] {dag.py:3089} INFO - Sync 1 DAGs
[2026-04-29T09:48:44.332+0300] {logging_mixin.py:188} INFO - [2026-04-29T09:48:44.331+0300] {dag.py:3947} INFO - Setting next_dagrun for example_display_name to None, run_after=None
[2026-04-29T09:48:44.477+0300] {processor.py:183} INFO - Processing /mnt/d/airflow/airflow_project/airflow_venv/lib/python3.12/site-packages/airflow/example_dags/example_display_name.py took 0.276 seconds
[2026-04-29T09:50:59.372+0300] {processor.py:161} INFO - Started process (PID=39018) to work on /mnt/d/airflow/airflow_project/airflow_venv/lib/python3.12/site-packages/airflow/example_dags/example_display_name.py
[2026-04-29T09:50:59.374+0300] {processor.py:830} INFO - Processing file /mnt/d/airflow/airflow_project/airflow_venv/lib/python3.12/site-packages/airflow/example_dags/example_display_name.py for tasks to queue
[2026-04-29T09:50:59.379+0300] {logging_mixin.py:188} INFO - [2026-04-29T09:50:59.377+0300] {dagbag.py:545} INFO - Filling up the DagBag from /mnt/d/airflow/airflow_project/airflow_venv/lib/python3.12/site-packages/airflow/example_dags/example_display_name.py
[2026-04-29T09:50:59.406+0300] {processor.py:840} INFO - DAG(s) 'example_display_name' retrieved from /mnt/d/airflow/airflow_project/airflow_venv/lib/python3.12/site-packages/airflow/example_dags/example_display_name.py
[2026-04-29T09:50:59.443+0300] {logging_mixin.py:188} INFO - [2026-04-29T09:50:59.442+0300] {dag.py:3089} INFO - Sync 1 DAGs
[2026-04-29T09:50:59.462+0300] {logging_mixin.py:188} INFO - [2026-04-29T09:50:59.461+0300] {dag.py:3947} INFO - Setting next_dagrun for example_display_name to None, run_after=None
[2026-04-29T09:50:59.583+0300] {processor.py:183} INFO - Processing /mnt/d/airflow/airflow_project/airflow_venv/lib/python3.12/site-packages/airflow/example_dags/example_display_name.py took 0.226 seconds
[2026-04-29T09:54:38.757+0300] {processor.py:161} INFO - Started process (PID=40246) to work on /mnt/d/airflow/airflow_project/airflow_venv/lib/python3.12/site-packages/airflow/example_dags/example_display_name.py
[2026-04-29T09:54:38.761+0300] {processor.py:830} INFO - Processing file /mnt/d/airflow/airflow_project/airflow_venv/lib/python3.12/site-packages/airflow/example_dags/example_display_name.py for tasks to queue
[2026-04-29T09:54:38.768+0300] {logging_mixin.py:188} INFO - [2026-04-29T09:54:38.765+0300] {dagbag.py:545} INFO - Filling up the DagBag from /mnt/d/airflow/airflow_project/airflow_venv/lib/python3.12/site-packages/airflow/example_dags/example_display_name.py
[2026-04-29T09:54:38.810+0300] {processor.py:840} INFO - DAG(s) 'example_display_name' retrieved from /mnt/d/airflow/airflow_project/airflow_venv/lib/python3.12/site-packages/airflow/example_dags/example_display_name.py
[2026-04-29T09:54:38.871+0300] {logging_mixin.py:188} INFO - [2026-04-29T09:54:38.870+0300] {dag.py:3089} INFO - Sync 1 DAGs
[2026-04-29T09:54:38.890+0300] {logging_mixin.py:188} INFO - [2026-04-29T09:54:38.889+0300] {dag.py:3947} INFO - Setting next_dagrun for example_display_name to None, run_after=None
[2026-04-29T09:54:38.957+0300] {processor.py:183} INFO - Processing /mnt/d/airflow/airflow_project/airflow_venv/lib/python3.12/site-packages/airflow/example_dags/example_display_name.py took 0.228 seconds
[2026-04-29T09:56:58.222+0300] {processor.py:161} INFO - Started process (PID=41061) to work on /mnt/d/airflow/airflow_project/airflow_venv/lib/python3.12/site-packages/airflow/example_dags/example_display_name.py
[2026-04-29T09:56:58.226+0300] {processor.py:830} INFO - Processing file /mnt/d/airflow/airflow_project/airflow_venv/lib/python3.12/site-packages/airflow/example_dags/example_display_name.py for tasks to queue
[2026-04-29T09:56:58.230+0300] {logging_mixin.py:188} INFO - [2026-04-29T09:56:58.229+0300] {dagbag.py:545} INFO - Filling up the DagBag from /mnt/d/airflow/airflow_project/airflow_venv/lib/python3.12/site-packages/airflow/example_dags/example_display_name.py
[2026-04-29T09:56:58.270+0300] {processor.py:840} INFO - DAG(s) 'example_display_name' retrieved from /mnt/d/airflow/airflow_project/airflow_venv/lib/python3.12/site-packages/airflow/example_dags/example_display_name.py
[2026-04-29T09:56:58.331+0300] {logging_mixin.py:188} INFO - [2026-04-29T09:56:58.328+0300] {dag.py:3089} INFO - Sync 1 DAGs
[2026-04-29T09:56:58.359+0300] {logging_mixin.py:188} INFO - [2026-04-29T09:56:58.357+0300] {dag.py:3947} INFO - Setting next_dagrun for example_display_name to None, run_after=None
[2026-04-29T09:56:58.635+0300] {processor.py:183} INFO - Processing /mnt/d/airflow/airflow_project/airflow_venv/lib/python3.12/site-packages/airflow/example_dags/example_display_name.py took 0.432 seconds
[2026-04-29T10:01:12.759+0300] {processor.py:161} INFO - Started process (PID=42479) to work on /mnt/d/airflow/airflow_project/airflow_venv/lib/python3.12/site-packages/airflow/example_dags/example_display_name.py
[2026-04-29T10:01:12.764+0300] {processor.py:830} INFO - Processing file /mnt/d/airflow/airflow_project/airflow_venv/lib/python3.12/site-packages/airflow/example_dags/example_display_name.py for tasks to queue
[2026-04-29T10:01:12.772+0300] {logging_mixin.py:188} INFO - [2026-04-29T10:01:12.769+0300] {dagbag.py:545} INFO - Filling up the DagBag from /mnt/d/airflow/airflow_project/airflow_venv/lib/python3.12/site-packages/airflow/example_dags/example_display_name.py
[2026-04-29T10:01:12.829+0300] {processor.py:840} INFO - DAG(s) 'example_display_name' retrieved from /mnt/d/airflow/airflow_project/airflow_venv/lib/python3.12/site-packages/airflow/example_dags/example_display_name.py
[2026-04-29T10:01:12.883+0300] {logging_mixin.py:188} INFO - [2026-04-29T10:01:12.881+0300] {dag.py:3089} INFO - Sync 1 DAGs
[2026-04-29T10:01:13.023+0300] {logging_mixin.py:188} INFO - [2026-04-29T10:01:13.020+0300] {dag.py:3947} INFO - Setting next_dagrun for example_display_name to None, run_after=None
[2026-04-29T10:01:13.193+0300] {processor.py:183} INFO - Processing /mnt/d/airflow/airflow_project/airflow_venv/lib/python3.12/site-packages/airflow/example_dags/example_display_name.py took 0.465 seconds
[2026-04-29T10:04:39.629+0300] {processor.py:161} INFO - Started process (PID=43651) to work on /mnt/d/airflow/airflow_project/airflow_venv/lib/python3.12/site-packages/airflow/example_dags/example_display_name.py
[2026-04-29T10:04:39.631+0300] {processor.py:830} INFO - Processing file /mnt/d/airflow/airflow_project/airflow_venv/lib/python3.12/site-packages/airflow/example_dags/example_display_name.py for tasks to queue
[2026-04-29T10:04:39.635+0300] {logging_mixin.py:188} INFO - [2026-04-29T10:04:39.633+0300] {dagbag.py:545} INFO - Filling up the DagBag from /mnt/d/airflow/airflow_project/airflow_venv/lib/python3.12/site-packages/airflow/example_dags/example_display_name.py
[2026-04-29T10:04:39.666+0300] {processor.py:840} INFO - DAG(s) 'example_display_name' retrieved from /mnt/d/airflow/airflow_project/airflow_venv/lib/python3.12/site-packages/airflow/example_dags/example_display_name.py
[2026-04-29T10:04:39.709+0300] {logging_mixin.py:188} INFO - [2026-04-29T10:04:39.707+0300] {dag.py:3089} INFO - Sync 1 DAGs
[2026-04-29T10:04:39.852+0300] {logging_mixin.py:188} INFO - [2026-04-29T10:04:39.848+0300] {dag.py:3947} INFO - Setting next_dagrun for example_display_name to None, run_after=None
[2026-04-29T10:04:40.002+0300] {processor.py:183} INFO - Processing /mnt/d/airflow/airflow_project/airflow_venv/lib/python3.12/site-packages/airflow/example_dags/example_display_name.py took 0.388 seconds
[2026-04-29T10:06:52.605+0300] {processor.py:161} INFO - Started process (PID=44385) to work on /mnt/d/airflow/airflow_project/airflow_venv/lib/python3.12/site-packages/airflow/example_dags/example_display_name.py
[2026-04-29T10:06:52.609+0300] {processor.py:830} INFO - Processing file /mnt/d/airflow/airflow_project/airflow_venv/lib/python3.12/site-packages/airflow/example_dags/example_display_name.py for tasks to queue
[2026-04-29T10:06:52.615+0300] {logging_mixin.py:188} INFO - [2026-04-29T10:06:52.612+0300] {dagbag.py:545} INFO - Filling up the DagBag from /mnt/d/airflow/airflow_project/airflow_venv/lib/python3.12/site-packages/airflow/example_dags/example_display_name.py
[2026-04-29T10:06:52.665+0300] {processor.py:840} INFO - DAG(s) 'example_display_name' retrieved from /mnt/d/airflow/airflow_project/airflow_venv/lib/python3.12/site-packages/airflow/example_dags/example_display_name.py
[2026-04-29T10:06:52.707+0300] {logging_mixin.py:188} INFO - [2026-04-29T10:06:52.706+0300] {dag.py:3089} INFO - Sync 1 DAGs
[2026-04-29T10:06:52.724+0300] {logging_mixin.py:188} INFO - [2026-04-29T10:06:52.723+0300] {dag.py:3947} INFO - Setting next_dagrun for example_display_name to None, run_after=None
[2026-04-29T10:06:52.962+0300] {processor.py:183} INFO - Processing /mnt/d/airflow/airflow_project/airflow_venv/lib/python3.12/site-packages/airflow/example_dags/example_display_name.py took 0.395 seconds
[2026-04-29T10:08:56.728+0300] {processor.py:161} INFO - Started process (PID=45085) to work on /mnt/d/airflow/airflow_project/airflow_venv/lib/python3.12/site-packages/airflow/example_dags/example_display_name.py
[2026-04-29T10:08:56.732+0300] {processor.py:830} INFO - Processing file /mnt/d/airflow/airflow_project/airflow_venv/lib/python3.12/site-packages/airflow/example_dags/example_display_name.py for tasks to queue
[2026-04-29T10:08:56.741+0300] {logging_mixin.py:188} INFO - [2026-04-29T10:08:56.737+0300] {dagbag.py:545} INFO - Filling up the DagBag from /mnt/d/airflow/airflow_project/airflow_venv/lib/python3.12/site-packages/airflow/example_dags/example_display_name.py
[2026-04-29T10:08:56.781+0300] {processor.py:840} INFO - DAG(s) 'example_display_name' retrieved from /mnt/d/airflow/airflow_project/airflow_venv/lib/python3.12/site-packages/airflow/example_dags/example_display_name.py
[2026-04-29T10:08:56.827+0300] {logging_mixin.py:188} INFO - [2026-04-29T10:08:56.825+0300] {dag.py:3089} INFO - Sync 1 DAGs
[2026-04-29T10:08:56.846+0300] {logging_mixin.py:188} INFO - [2026-04-29T10:08:56.845+0300] {dag.py:3947} INFO - Setting next_dagrun for example_display_name to None, run_after=None
[2026-04-29T10:08:56.943+0300] {processor.py:183} INFO - Processing /mnt/d/airflow/airflow_project/airflow_venv/lib/python3.12/site-packages/airflow/example_dags/example_display_name.py took 0.246 seconds
[2026-04-29T10:11:08.707+0300] {processor.py:161} INFO - Started process (PID=45808) to work on /mnt/d/airflow/airflow_project/airflow_venv/lib/python3.12/site-packages/airflow/example_dags/example_display_name.py
[2026-04-29T10:11:08.710+0300] {processor.py:830} INFO - Processing file /mnt/d/airflow/airflow_project/airflow_venv/lib/python3.12/site-packages/airflow/example_dags/example_display_name.py for tasks to queue
[2026-04-29T10:11:08.716+0300] {logging_mixin.py:188} INFO - [2026-04-29T10:11:08.714+0300] {dagbag.py:545} INFO - Filling up the DagBag from /mnt/d/airflow/airflow_project/airflow_venv/lib/python3.12/site-packages/airflow/example_dags/example_display_name.py
[2026-04-29T10:11:08.755+0300] {processor.py:840} INFO - DAG(s) 'example_display_name' retrieved from /mnt/d/airflow/airflow_project/airflow_venv/lib/python3.12/site-packages/airflow/example_dags/example_display_name.py
[2026-04-29T10:11:08.798+0300] {logging_mixin.py:188} INFO - [2026-04-29T10:11:08.797+0300] {dag.py:3089} INFO - Sync 1 DAGs
[2026-04-29T10:11:08.823+0300] {logging_mixin.py:188} INFO - [2026-04-29T10:11:08.821+0300] {dag.py:3947} INFO - Setting next_dagrun for example_display_name to None, run_after=None
[2026-04-29T10:11:08.978+0300] {processor.py:183} INFO - Processing /mnt/d/airflow/airflow_project/airflow_venv/lib/python3.12/site-packages/airflow/example_dags/example_display_name.py took 0.296 seconds
[2026-04-29T10:13:12.032+0300] {processor.py:161} INFO - Started process (PID=46495) to work on /mnt/d/airflow/airflow_project/airflow_venv/lib/python3.12/site-packages/airflow/example_dags/example_display_name.py
[2026-04-29T10:13:12.036+0300] {processor.py:830} INFO - Processing file /mnt/d/airflow/airflow_project/airflow_venv/lib/python3.12/site-packages/airflow/example_dags/example_display_name.py for tasks to queue
[2026-04-29T10:13:12.045+0300] {logging_mixin.py:188} INFO - [2026-04-29T10:13:12.041+0300] {dagbag.py:545} INFO - Filling up the DagBag from /mnt/d/airflow/airflow_project/airflow_venv/lib/python3.12/site-packages/airflow/example_dags/example_display_name.py
[2026-04-29T10:13:12.109+0300] {processor.py:840} INFO - DAG(s) 'example_display_name' retrieved from /mnt/d/airflow/airflow_project/airflow_venv/lib/python3.12/site-packages/airflow/example_dags/example_display_name.py
[2026-04-29T10:13:12.171+0300] {logging_mixin.py:188} INFO - [2026-04-29T10:13:12.169+0300] {dag.py:3089} INFO - Sync 1 DAGs
[2026-04-29T10:13:12.192+0300] {logging_mixin.py:188} INFO - [2026-04-29T10:13:12.191+0300] {dag.py:3947} INFO - Setting next_dagrun for example_display_name to None, run_after=None
[2026-04-29T10:13:12.334+0300] {processor.py:183} INFO - Processing /mnt/d/airflow/airflow_project/airflow_venv/lib/python3.12/site-packages/airflow/example_dags/example_display_name.py took 0.342 seconds
