[2026-04-29T09:15:57.669+0300] {processor.py:161} INFO - Started process (PID=26779) to work on /mnt/d/airflow/airflow_project/airflow_venv/lib/python3.12/site-packages/airflow/example_dags/example_dynamic_task_mapping.py
[2026-04-29T09:15:57.670+0300] {processor.py:830} INFO - Processing file /mnt/d/airflow/airflow_project/airflow_venv/lib/python3.12/site-packages/airflow/example_dags/example_dynamic_task_mapping.py for tasks to queue
[2026-04-29T09:15:57.672+0300] {logging_mixin.py:188} INFO - [2026-04-29T09:15:57.672+0300] {dagbag.py:545} INFO - Filling up the DagBag from /mnt/d/airflow/airflow_project/airflow_venv/lib/python3.12/site-packages/airflow/example_dags/example_dynamic_task_mapping.py
[2026-04-29T09:15:57.711+0300] {processor.py:840} INFO - DAG(s) 'example_dynamic_task_mapping' retrieved from /mnt/d/airflow/airflow_project/airflow_venv/lib/python3.12/site-packages/airflow/example_dags/example_dynamic_task_mapping.py
[2026-04-29T09:15:59.186+0300] {logging_mixin.py:188} INFO - [2026-04-29T09:15:59.184+0300] {override.py:1858} INFO - Created Permission View: can edit on DAG:example_dynamic_task_mapping
[2026-04-29T09:15:59.235+0300] {logging_mixin.py:188} INFO - [2026-04-29T09:15:59.234+0300] {override.py:1858} INFO - Created Permission View: can delete on DAG:example_dynamic_task_mapping
[2026-04-29T09:15:59.279+0300] {logging_mixin.py:188} INFO - [2026-04-29T09:15:59.278+0300] {override.py:1858} INFO - Created Permission View: can read on DAG:example_dynamic_task_mapping
[2026-04-29T09:15:59.282+0300] {logging_mixin.py:188} INFO - [2026-04-29T09:15:59.281+0300] {dag.py:3089} INFO - Sync 1 DAGs
[2026-04-29T09:15:59.305+0300] {logging_mixin.py:188} INFO - [2026-04-29T09:15:59.303+0300] {dag.py:3111} INFO - Creating ORM DAG for example_dynamic_task_mapping
[2026-04-29T09:15:59.330+0300] {logging_mixin.py:188} INFO - [2026-04-29T09:15:59.328+0300] {dag.py:3947} INFO - Setting next_dagrun for example_dynamic_task_mapping to 2022-03-04 00:00:00+00:00, run_after=2022-03-05 00:00:00+00:00
[2026-04-29T09:15:59.380+0300] {processor.py:183} INFO - Processing /mnt/d/airflow/airflow_project/airflow_venv/lib/python3.12/site-packages/airflow/example_dags/example_dynamic_task_mapping.py took 1.719 seconds
[2026-04-29T09:17:52.459+0300] {processor.py:161} INFO - Started process (PID=27435) to work on /mnt/d/airflow/airflow_project/airflow_venv/lib/python3.12/site-packages/airflow/example_dags/example_dynamic_task_mapping.py
[2026-04-29T09:17:52.463+0300] {processor.py:830} INFO - Processing file /mnt/d/airflow/airflow_project/airflow_venv/lib/python3.12/site-packages/airflow/example_dags/example_dynamic_task_mapping.py for tasks to queue
[2026-04-29T09:17:52.470+0300] {logging_mixin.py:188} INFO - [2026-04-29T09:17:52.467+0300] {dagbag.py:545} INFO - Filling up the DagBag from /mnt/d/airflow/airflow_project/airflow_venv/lib/python3.12/site-packages/airflow/example_dags/example_dynamic_task_mapping.py
[2026-04-29T09:17:52.539+0300] {processor.py:840} INFO - DAG(s) 'example_dynamic_task_mapping' retrieved from /mnt/d/airflow/airflow_project/airflow_venv/lib/python3.12/site-packages/airflow/example_dags/example_dynamic_task_mapping.py
[2026-04-29T09:17:52.577+0300] {logging_mixin.py:188} INFO - [2026-04-29T09:17:52.576+0300] {dag.py:3089} INFO - Sync 1 DAGs
[2026-04-29T09:17:52.597+0300] {logging_mixin.py:188} INFO - [2026-04-29T09:17:52.596+0300] {dag.py:3947} INFO - Setting next_dagrun for example_dynamic_task_mapping to 2022-03-04 00:00:00+00:00, run_after=2022-03-05 00:00:00+00:00
[2026-04-29T09:17:52.646+0300] {processor.py:183} INFO - Processing /mnt/d/airflow/airflow_project/airflow_venv/lib/python3.12/site-packages/airflow/example_dags/example_dynamic_task_mapping.py took 0.220 seconds
[2026-04-29T09:20:05.455+0300] {processor.py:161} INFO - Started process (PID=28247) to work on /mnt/d/airflow/airflow_project/airflow_venv/lib/python3.12/site-packages/airflow/example_dags/example_dynamic_task_mapping.py
[2026-04-29T09:20:05.460+0300] {processor.py:830} INFO - Processing file /mnt/d/airflow/airflow_project/airflow_venv/lib/python3.12/site-packages/airflow/example_dags/example_dynamic_task_mapping.py for tasks to queue
[2026-04-29T09:20:05.522+0300] {logging_mixin.py:188} INFO - [2026-04-29T09:20:05.465+0300] {dagbag.py:545} INFO - Filling up the DagBag from /mnt/d/airflow/airflow_project/airflow_venv/lib/python3.12/site-packages/airflow/example_dags/example_dynamic_task_mapping.py
[2026-04-29T09:20:05.681+0300] {processor.py:840} INFO - DAG(s) 'example_dynamic_task_mapping' retrieved from /mnt/d/airflow/airflow_project/airflow_venv/lib/python3.12/site-packages/airflow/example_dags/example_dynamic_task_mapping.py
[2026-04-29T09:20:05.729+0300] {logging_mixin.py:188} INFO - [2026-04-29T09:20:05.726+0300] {dag.py:3089} INFO - Sync 1 DAGs
[2026-04-29T09:20:05.769+0300] {logging_mixin.py:188} INFO - [2026-04-29T09:20:05.767+0300] {dag.py:3947} INFO - Setting next_dagrun for example_dynamic_task_mapping to 2022-03-04 00:00:00+00:00, run_after=2022-03-05 00:00:00+00:00
[2026-04-29T09:20:05.962+0300] {processor.py:183} INFO - Processing /mnt/d/airflow/airflow_project/airflow_venv/lib/python3.12/site-packages/airflow/example_dags/example_dynamic_task_mapping.py took 0.536 seconds
[2026-04-29T09:22:16.341+0300] {processor.py:161} INFO - Started process (PID=28992) to work on /mnt/d/airflow/airflow_project/airflow_venv/lib/python3.12/site-packages/airflow/example_dags/example_dynamic_task_mapping.py
[2026-04-29T09:22:16.342+0300] {processor.py:830} INFO - Processing file /mnt/d/airflow/airflow_project/airflow_venv/lib/python3.12/site-packages/airflow/example_dags/example_dynamic_task_mapping.py for tasks to queue
[2026-04-29T09:22:16.346+0300] {logging_mixin.py:188} INFO - [2026-04-29T09:22:16.345+0300] {dagbag.py:545} INFO - Filling up the DagBag from /mnt/d/airflow/airflow_project/airflow_venv/lib/python3.12/site-packages/airflow/example_dags/example_dynamic_task_mapping.py
[2026-04-29T09:22:16.381+0300] {processor.py:840} INFO - DAG(s) 'example_dynamic_task_mapping' retrieved from /mnt/d/airflow/airflow_project/airflow_venv/lib/python3.12/site-packages/airflow/example_dags/example_dynamic_task_mapping.py
[2026-04-29T09:22:16.415+0300] {logging_mixin.py:188} INFO - [2026-04-29T09:22:16.414+0300] {dag.py:3089} INFO - Sync 1 DAGs
[2026-04-29T09:22:16.444+0300] {logging_mixin.py:188} INFO - [2026-04-29T09:22:16.444+0300] {dag.py:3947} INFO - Setting next_dagrun for example_dynamic_task_mapping to 2022-03-04 00:00:00+00:00, run_after=2022-03-05 00:00:00+00:00
[2026-04-29T09:22:16.532+0300] {processor.py:183} INFO - Processing /mnt/d/airflow/airflow_project/airflow_venv/lib/python3.12/site-packages/airflow/example_dags/example_dynamic_task_mapping.py took 0.206 seconds
[2026-04-29T09:24:18.929+0300] {processor.py:161} INFO - Started process (PID=29704) to work on /mnt/d/airflow/airflow_project/airflow_venv/lib/python3.12/site-packages/airflow/example_dags/example_dynamic_task_mapping.py
[2026-04-29T09:24:18.932+0300] {processor.py:830} INFO - Processing file /mnt/d/airflow/airflow_project/airflow_venv/lib/python3.12/site-packages/airflow/example_dags/example_dynamic_task_mapping.py for tasks to queue
[2026-04-29T09:24:18.941+0300] {logging_mixin.py:188} INFO - [2026-04-29T09:24:18.938+0300] {dagbag.py:545} INFO - Filling up the DagBag from /mnt/d/airflow/airflow_project/airflow_venv/lib/python3.12/site-packages/airflow/example_dags/example_dynamic_task_mapping.py
[2026-04-29T09:24:19.033+0300] {processor.py:840} INFO - DAG(s) 'example_dynamic_task_mapping' retrieved from /mnt/d/airflow/airflow_project/airflow_venv/lib/python3.12/site-packages/airflow/example_dags/example_dynamic_task_mapping.py
[2026-04-29T09:24:19.110+0300] {logging_mixin.py:188} INFO - [2026-04-29T09:24:19.107+0300] {dag.py:3089} INFO - Sync 1 DAGs
[2026-04-29T09:24:19.174+0300] {logging_mixin.py:188} INFO - [2026-04-29T09:24:19.172+0300] {dag.py:3947} INFO - Setting next_dagrun for example_dynamic_task_mapping to 2022-03-04 00:00:00+00:00, run_after=2022-03-05 00:00:00+00:00
[2026-04-29T09:24:19.375+0300] {processor.py:183} INFO - Processing /mnt/d/airflow/airflow_project/airflow_venv/lib/python3.12/site-packages/airflow/example_dags/example_dynamic_task_mapping.py took 0.487 seconds
[2026-04-29T09:26:43.541+0300] {processor.py:161} INFO - Started process (PID=30505) to work on /mnt/d/airflow/airflow_project/airflow_venv/lib/python3.12/site-packages/airflow/example_dags/example_dynamic_task_mapping.py
[2026-04-29T09:26:43.545+0300] {processor.py:830} INFO - Processing file /mnt/d/airflow/airflow_project/airflow_venv/lib/python3.12/site-packages/airflow/example_dags/example_dynamic_task_mapping.py for tasks to queue
[2026-04-29T09:26:43.554+0300] {logging_mixin.py:188} INFO - [2026-04-29T09:26:43.551+0300] {dagbag.py:545} INFO - Filling up the DagBag from /mnt/d/airflow/airflow_project/airflow_venv/lib/python3.12/site-packages/airflow/example_dags/example_dynamic_task_mapping.py
[2026-04-29T09:26:43.616+0300] {processor.py:840} INFO - DAG(s) 'example_dynamic_task_mapping' retrieved from /mnt/d/airflow/airflow_project/airflow_venv/lib/python3.12/site-packages/airflow/example_dags/example_dynamic_task_mapping.py
[2026-04-29T09:26:43.674+0300] {logging_mixin.py:188} INFO - [2026-04-29T09:26:43.671+0300] {dag.py:3089} INFO - Sync 1 DAGs
[2026-04-29T09:26:43.737+0300] {logging_mixin.py:188} INFO - [2026-04-29T09:26:43.735+0300] {dag.py:3947} INFO - Setting next_dagrun for example_dynamic_task_mapping to 2022-03-04 00:00:00+00:00, run_after=2022-03-05 00:00:00+00:00
[2026-04-29T09:26:43.951+0300] {processor.py:183} INFO - Processing /mnt/d/airflow/airflow_project/airflow_venv/lib/python3.12/site-packages/airflow/example_dags/example_dynamic_task_mapping.py took 0.440 seconds
[2026-04-29T09:29:17.398+0300] {processor.py:161} INFO - Started process (PID=31392) to work on /mnt/d/airflow/airflow_project/airflow_venv/lib/python3.12/site-packages/airflow/example_dags/example_dynamic_task_mapping.py
[2026-04-29T09:29:17.403+0300] {processor.py:830} INFO - Processing file /mnt/d/airflow/airflow_project/airflow_venv/lib/python3.12/site-packages/airflow/example_dags/example_dynamic_task_mapping.py for tasks to queue
[2026-04-29T09:29:17.408+0300] {logging_mixin.py:188} INFO - [2026-04-29T09:29:17.406+0300] {dagbag.py:545} INFO - Filling up the DagBag from /mnt/d/airflow/airflow_project/airflow_venv/lib/python3.12/site-packages/airflow/example_dags/example_dynamic_task_mapping.py
[2026-04-29T09:29:17.466+0300] {processor.py:840} INFO - DAG(s) 'example_dynamic_task_mapping' retrieved from /mnt/d/airflow/airflow_project/airflow_venv/lib/python3.12/site-packages/airflow/example_dags/example_dynamic_task_mapping.py
[2026-04-29T09:29:17.528+0300] {logging_mixin.py:188} INFO - [2026-04-29T09:29:17.526+0300] {dag.py:3089} INFO - Sync 1 DAGs
[2026-04-29T09:29:17.598+0300] {logging_mixin.py:188} INFO - [2026-04-29T09:29:17.595+0300] {dag.py:3947} INFO - Setting next_dagrun for example_dynamic_task_mapping to 2022-03-04 00:00:00+00:00, run_after=2022-03-05 00:00:00+00:00
[2026-04-29T09:29:17.797+0300] {processor.py:183} INFO - Processing /mnt/d/airflow/airflow_project/airflow_venv/lib/python3.12/site-packages/airflow/example_dags/example_dynamic_task_mapping.py took 0.427 seconds
[2026-04-29T09:31:56.450+0300] {processor.py:161} INFO - Started process (PID=32331) to work on /mnt/d/airflow/airflow_project/airflow_venv/lib/python3.12/site-packages/airflow/example_dags/example_dynamic_task_mapping.py
[2026-04-29T09:31:56.451+0300] {processor.py:830} INFO - Processing file /mnt/d/airflow/airflow_project/airflow_venv/lib/python3.12/site-packages/airflow/example_dags/example_dynamic_task_mapping.py for tasks to queue
[2026-04-29T09:31:56.453+0300] {logging_mixin.py:188} INFO - [2026-04-29T09:31:56.453+0300] {dagbag.py:545} INFO - Filling up the DagBag from /mnt/d/airflow/airflow_project/airflow_venv/lib/python3.12/site-packages/airflow/example_dags/example_dynamic_task_mapping.py
[2026-04-29T09:31:56.531+0300] {processor.py:840} INFO - DAG(s) 'example_dynamic_task_mapping' retrieved from /mnt/d/airflow/airflow_project/airflow_venv/lib/python3.12/site-packages/airflow/example_dags/example_dynamic_task_mapping.py
[2026-04-29T09:31:56.566+0300] {logging_mixin.py:188} INFO - [2026-04-29T09:31:56.565+0300] {dag.py:3089} INFO - Sync 1 DAGs
[2026-04-29T09:31:56.590+0300] {logging_mixin.py:188} INFO - [2026-04-29T09:31:56.589+0300] {dag.py:3947} INFO - Setting next_dagrun for example_dynamic_task_mapping to 2022-03-04 00:00:00+00:00, run_after=2022-03-05 00:00:00+00:00
[2026-04-29T09:31:56.642+0300] {processor.py:183} INFO - Processing /mnt/d/airflow/airflow_project/airflow_venv/lib/python3.12/site-packages/airflow/example_dags/example_dynamic_task_mapping.py took 0.206 seconds
[2026-04-29T09:34:21.284+0300] {processor.py:161} INFO - Started process (PID=33188) to work on /mnt/d/airflow/airflow_project/airflow_venv/lib/python3.12/site-packages/airflow/example_dags/example_dynamic_task_mapping.py
[2026-04-29T09:34:21.288+0300] {processor.py:830} INFO - Processing file /mnt/d/airflow/airflow_project/airflow_venv/lib/python3.12/site-packages/airflow/example_dags/example_dynamic_task_mapping.py for tasks to queue
[2026-04-29T09:34:21.295+0300] {logging_mixin.py:188} INFO - [2026-04-29T09:34:21.292+0300] {dagbag.py:545} INFO - Filling up the DagBag from /mnt/d/airflow/airflow_project/airflow_venv/lib/python3.12/site-packages/airflow/example_dags/example_dynamic_task_mapping.py
[2026-04-29T09:34:21.357+0300] {processor.py:840} INFO - DAG(s) 'example_dynamic_task_mapping' retrieved from /mnt/d/airflow/airflow_project/airflow_venv/lib/python3.12/site-packages/airflow/example_dags/example_dynamic_task_mapping.py
[2026-04-29T09:34:21.415+0300] {logging_mixin.py:188} INFO - [2026-04-29T09:34:21.412+0300] {dag.py:3089} INFO - Sync 1 DAGs
[2026-04-29T09:34:21.481+0300] {logging_mixin.py:188} INFO - [2026-04-29T09:34:21.476+0300] {dag.py:3947} INFO - Setting next_dagrun for example_dynamic_task_mapping to 2022-03-04 00:00:00+00:00, run_after=2022-03-05 00:00:00+00:00
[2026-04-29T09:34:21.706+0300] {processor.py:183} INFO - Processing /mnt/d/airflow/airflow_project/airflow_venv/lib/python3.12/site-packages/airflow/example_dags/example_dynamic_task_mapping.py took 0.450 seconds
[2026-04-29T09:36:29.287+0300] {processor.py:161} INFO - Started process (PID=33966) to work on /mnt/d/airflow/airflow_project/airflow_venv/lib/python3.12/site-packages/airflow/example_dags/example_dynamic_task_mapping.py
[2026-04-29T09:36:29.295+0300] {processor.py:830} INFO - Processing file /mnt/d/airflow/airflow_project/airflow_venv/lib/python3.12/site-packages/airflow/example_dags/example_dynamic_task_mapping.py for tasks to queue
[2026-04-29T09:36:29.302+0300] {logging_mixin.py:188} INFO - [2026-04-29T09:36:29.299+0300] {dagbag.py:545} INFO - Filling up the DagBag from /mnt/d/airflow/airflow_project/airflow_venv/lib/python3.12/site-packages/airflow/example_dags/example_dynamic_task_mapping.py
[2026-04-29T09:36:29.367+0300] {processor.py:840} INFO - DAG(s) 'example_dynamic_task_mapping' retrieved from /mnt/d/airflow/airflow_project/airflow_venv/lib/python3.12/site-packages/airflow/example_dags/example_dynamic_task_mapping.py
[2026-04-29T09:36:29.425+0300] {logging_mixin.py:188} INFO - [2026-04-29T09:36:29.424+0300] {dag.py:3089} INFO - Sync 1 DAGs
[2026-04-29T09:36:29.466+0300] {logging_mixin.py:188} INFO - [2026-04-29T09:36:29.465+0300] {dag.py:3947} INFO - Setting next_dagrun for example_dynamic_task_mapping to 2022-03-04 00:00:00+00:00, run_after=2022-03-05 00:00:00+00:00
[2026-04-29T09:36:29.541+0300] {processor.py:183} INFO - Processing /mnt/d/airflow/airflow_project/airflow_venv/lib/python3.12/site-packages/airflow/example_dags/example_dynamic_task_mapping.py took 0.287 seconds
[2026-04-29T09:38:33.993+0300] {processor.py:161} INFO - Started process (PID=34731) to work on /mnt/d/airflow/airflow_project/airflow_venv/lib/python3.12/site-packages/airflow/example_dags/example_dynamic_task_mapping.py
[2026-04-29T09:38:33.996+0300] {processor.py:830} INFO - Processing file /mnt/d/airflow/airflow_project/airflow_venv/lib/python3.12/site-packages/airflow/example_dags/example_dynamic_task_mapping.py for tasks to queue
[2026-04-29T09:38:34.003+0300] {logging_mixin.py:188} INFO - [2026-04-29T09:38:34.000+0300] {dagbag.py:545} INFO - Filling up the DagBag from /mnt/d/airflow/airflow_project/airflow_venv/lib/python3.12/site-packages/airflow/example_dags/example_dynamic_task_mapping.py
[2026-04-29T09:38:34.055+0300] {processor.py:840} INFO - DAG(s) 'example_dynamic_task_mapping' retrieved from /mnt/d/airflow/airflow_project/airflow_venv/lib/python3.12/site-packages/airflow/example_dags/example_dynamic_task_mapping.py
[2026-04-29T09:38:34.132+0300] {logging_mixin.py:188} INFO - [2026-04-29T09:38:34.130+0300] {dag.py:3089} INFO - Sync 1 DAGs
[2026-04-29T09:38:34.193+0300] {logging_mixin.py:188} INFO - [2026-04-29T09:38:34.191+0300] {dag.py:3947} INFO - Setting next_dagrun for example_dynamic_task_mapping to 2022-03-04 00:00:00+00:00, run_after=2022-03-05 00:00:00+00:00
[2026-04-29T09:38:34.379+0300] {processor.py:183} INFO - Processing /mnt/d/airflow/airflow_project/airflow_venv/lib/python3.12/site-packages/airflow/example_dags/example_dynamic_task_mapping.py took 0.414 seconds
[2026-04-29T09:40:38.089+0300] {processor.py:161} INFO - Started process (PID=35457) to work on /mnt/d/airflow/airflow_project/airflow_venv/lib/python3.12/site-packages/airflow/example_dags/example_dynamic_task_mapping.py
[2026-04-29T09:40:38.093+0300] {processor.py:830} INFO - Processing file /mnt/d/airflow/airflow_project/airflow_venv/lib/python3.12/site-packages/airflow/example_dags/example_dynamic_task_mapping.py for tasks to queue
[2026-04-29T09:40:38.100+0300] {logging_mixin.py:188} INFO - [2026-04-29T09:40:38.097+0300] {dagbag.py:545} INFO - Filling up the DagBag from /mnt/d/airflow/airflow_project/airflow_venv/lib/python3.12/site-packages/airflow/example_dags/example_dynamic_task_mapping.py
[2026-04-29T09:40:38.144+0300] {processor.py:840} INFO - DAG(s) 'example_dynamic_task_mapping' retrieved from /mnt/d/airflow/airflow_project/airflow_venv/lib/python3.12/site-packages/airflow/example_dags/example_dynamic_task_mapping.py
[2026-04-29T09:40:38.201+0300] {logging_mixin.py:188} INFO - [2026-04-29T09:40:38.199+0300] {dag.py:3089} INFO - Sync 1 DAGs
[2026-04-29T09:40:38.247+0300] {logging_mixin.py:188} INFO - [2026-04-29T09:40:38.246+0300] {dag.py:3947} INFO - Setting next_dagrun for example_dynamic_task_mapping to 2022-03-04 00:00:00+00:00, run_after=2022-03-05 00:00:00+00:00
[2026-04-29T09:40:38.327+0300] {processor.py:183} INFO - Processing /mnt/d/airflow/airflow_project/airflow_venv/lib/python3.12/site-packages/airflow/example_dags/example_dynamic_task_mapping.py took 0.261 seconds
[2026-04-29T09:42:44.728+0300] {processor.py:161} INFO - Started process (PID=36175) to work on /mnt/d/airflow/airflow_project/airflow_venv/lib/python3.12/site-packages/airflow/example_dags/example_dynamic_task_mapping.py
[2026-04-29T09:42:44.733+0300] {processor.py:830} INFO - Processing file /mnt/d/airflow/airflow_project/airflow_venv/lib/python3.12/site-packages/airflow/example_dags/example_dynamic_task_mapping.py for tasks to queue
[2026-04-29T09:42:44.742+0300] {logging_mixin.py:188} INFO - [2026-04-29T09:42:44.739+0300] {dagbag.py:545} INFO - Filling up the DagBag from /mnt/d/airflow/airflow_project/airflow_venv/lib/python3.12/site-packages/airflow/example_dags/example_dynamic_task_mapping.py
[2026-04-29T09:42:44.825+0300] {processor.py:840} INFO - DAG(s) 'example_dynamic_task_mapping' retrieved from /mnt/d/airflow/airflow_project/airflow_venv/lib/python3.12/site-packages/airflow/example_dags/example_dynamic_task_mapping.py
[2026-04-29T09:42:44.907+0300] {logging_mixin.py:188} INFO - [2026-04-29T09:42:44.904+0300] {dag.py:3089} INFO - Sync 1 DAGs
[2026-04-29T09:42:44.978+0300] {logging_mixin.py:188} INFO - [2026-04-29T09:42:44.975+0300] {dag.py:3947} INFO - Setting next_dagrun for example_dynamic_task_mapping to 2022-03-04 00:00:00+00:00, run_after=2022-03-05 00:00:00+00:00
[2026-04-29T09:42:45.105+0300] {processor.py:183} INFO - Processing /mnt/d/airflow/airflow_project/airflow_venv/lib/python3.12/site-packages/airflow/example_dags/example_dynamic_task_mapping.py took 0.410 seconds
[2026-04-29T09:45:30.498+0300] {processor.py:161} INFO - Started process (PID=37157) to work on /mnt/d/airflow/airflow_project/airflow_venv/lib/python3.12/site-packages/airflow/example_dags/example_dynamic_task_mapping.py
[2026-04-29T09:45:30.503+0300] {processor.py:830} INFO - Processing file /mnt/d/airflow/airflow_project/airflow_venv/lib/python3.12/site-packages/airflow/example_dags/example_dynamic_task_mapping.py for tasks to queue
[2026-04-29T09:45:30.513+0300] {logging_mixin.py:188} INFO - [2026-04-29T09:45:30.509+0300] {dagbag.py:545} INFO - Filling up the DagBag from /mnt/d/airflow/airflow_project/airflow_venv/lib/python3.12/site-packages/airflow/example_dags/example_dynamic_task_mapping.py
[2026-04-29T09:45:30.593+0300] {processor.py:840} INFO - DAG(s) 'example_dynamic_task_mapping' retrieved from /mnt/d/airflow/airflow_project/airflow_venv/lib/python3.12/site-packages/airflow/example_dags/example_dynamic_task_mapping.py
[2026-04-29T09:45:32.203+0300] {logging_mixin.py:188} INFO - [2026-04-29T09:45:32.201+0300] {dag.py:3089} INFO - Sync 1 DAGs
[2026-04-29T09:45:32.258+0300] {logging_mixin.py:188} INFO - [2026-04-29T09:45:32.256+0300] {dag.py:3947} INFO - Setting next_dagrun for example_dynamic_task_mapping to 2022-03-04 00:00:00+00:00, run_after=2022-03-05 00:00:00+00:00
[2026-04-29T09:45:32.354+0300] {processor.py:183} INFO - Processing /mnt/d/airflow/airflow_project/airflow_venv/lib/python3.12/site-packages/airflow/example_dags/example_dynamic_task_mapping.py took 1.895 seconds
[2026-04-29T09:48:42.585+0300] {processor.py:161} INFO - Started process (PID=38231) to work on /mnt/d/airflow/airflow_project/airflow_venv/lib/python3.12/site-packages/airflow/example_dags/example_dynamic_task_mapping.py
[2026-04-29T09:48:42.588+0300] {processor.py:830} INFO - Processing file /mnt/d/airflow/airflow_project/airflow_venv/lib/python3.12/site-packages/airflow/example_dags/example_dynamic_task_mapping.py for tasks to queue
[2026-04-29T09:48:42.593+0300] {logging_mixin.py:188} INFO - [2026-04-29T09:48:42.591+0300] {dagbag.py:545} INFO - Filling up the DagBag from /mnt/d/airflow/airflow_project/airflow_venv/lib/python3.12/site-packages/airflow/example_dags/example_dynamic_task_mapping.py
[2026-04-29T09:48:42.630+0300] {processor.py:840} INFO - DAG(s) 'example_dynamic_task_mapping' retrieved from /mnt/d/airflow/airflow_project/airflow_venv/lib/python3.12/site-packages/airflow/example_dags/example_dynamic_task_mapping.py
[2026-04-29T09:48:42.679+0300] {logging_mixin.py:188} INFO - [2026-04-29T09:48:42.677+0300] {dag.py:3089} INFO - Sync 1 DAGs
[2026-04-29T09:48:42.726+0300] {logging_mixin.py:188} INFO - [2026-04-29T09:48:42.724+0300] {dag.py:3947} INFO - Setting next_dagrun for example_dynamic_task_mapping to 2022-03-04 00:00:00+00:00, run_after=2022-03-05 00:00:00+00:00
[2026-04-29T09:48:42.914+0300] {processor.py:183} INFO - Processing /mnt/d/airflow/airflow_project/airflow_venv/lib/python3.12/site-packages/airflow/example_dags/example_dynamic_task_mapping.py took 0.352 seconds
[2026-04-29T09:50:57.746+0300] {processor.py:161} INFO - Started process (PID=39006) to work on /mnt/d/airflow/airflow_project/airflow_venv/lib/python3.12/site-packages/airflow/example_dags/example_dynamic_task_mapping.py
[2026-04-29T09:50:57.750+0300] {processor.py:830} INFO - Processing file /mnt/d/airflow/airflow_project/airflow_venv/lib/python3.12/site-packages/airflow/example_dags/example_dynamic_task_mapping.py for tasks to queue
[2026-04-29T09:50:57.758+0300] {logging_mixin.py:188} INFO - [2026-04-29T09:50:57.755+0300] {dagbag.py:545} INFO - Filling up the DagBag from /mnt/d/airflow/airflow_project/airflow_venv/lib/python3.12/site-packages/airflow/example_dags/example_dynamic_task_mapping.py
[2026-04-29T09:50:57.827+0300] {processor.py:840} INFO - DAG(s) 'example_dynamic_task_mapping' retrieved from /mnt/d/airflow/airflow_project/airflow_venv/lib/python3.12/site-packages/airflow/example_dags/example_dynamic_task_mapping.py
[2026-04-29T09:50:57.923+0300] {logging_mixin.py:188} INFO - [2026-04-29T09:50:57.914+0300] {dag.py:3089} INFO - Sync 1 DAGs
[2026-04-29T09:50:57.996+0300] {logging_mixin.py:188} INFO - [2026-04-29T09:50:57.994+0300] {dag.py:3947} INFO - Setting next_dagrun for example_dynamic_task_mapping to 2022-03-04 00:00:00+00:00, run_after=2022-03-05 00:00:00+00:00
[2026-04-29T09:50:58.128+0300] {processor.py:183} INFO - Processing /mnt/d/airflow/airflow_project/airflow_venv/lib/python3.12/site-packages/airflow/example_dags/example_dynamic_task_mapping.py took 0.413 seconds
[2026-04-29T09:54:36.745+0300] {processor.py:161} INFO - Started process (PID=40235) to work on /mnt/d/airflow/airflow_project/airflow_venv/lib/python3.12/site-packages/airflow/example_dags/example_dynamic_task_mapping.py
[2026-04-29T09:54:36.748+0300] {processor.py:830} INFO - Processing file /mnt/d/airflow/airflow_project/airflow_venv/lib/python3.12/site-packages/airflow/example_dags/example_dynamic_task_mapping.py for tasks to queue
[2026-04-29T09:54:36.753+0300] {logging_mixin.py:188} INFO - [2026-04-29T09:54:36.751+0300] {dagbag.py:545} INFO - Filling up the DagBag from /mnt/d/airflow/airflow_project/airflow_venv/lib/python3.12/site-packages/airflow/example_dags/example_dynamic_task_mapping.py
[2026-04-29T09:54:36.809+0300] {processor.py:840} INFO - DAG(s) 'example_dynamic_task_mapping' retrieved from /mnt/d/airflow/airflow_project/airflow_venv/lib/python3.12/site-packages/airflow/example_dags/example_dynamic_task_mapping.py
[2026-04-29T09:54:36.861+0300] {logging_mixin.py:188} INFO - [2026-04-29T09:54:36.860+0300] {dag.py:3089} INFO - Sync 1 DAGs
[2026-04-29T09:54:36.898+0300] {logging_mixin.py:188} INFO - [2026-04-29T09:54:36.897+0300] {dag.py:3947} INFO - Setting next_dagrun for example_dynamic_task_mapping to 2022-03-04 00:00:00+00:00, run_after=2022-03-05 00:00:00+00:00
[2026-04-29T09:54:36.993+0300] {processor.py:183} INFO - Processing /mnt/d/airflow/airflow_project/airflow_venv/lib/python3.12/site-packages/airflow/example_dags/example_dynamic_task_mapping.py took 0.276 seconds
[2026-04-29T09:56:56.391+0300] {processor.py:161} INFO - Started process (PID=41050) to work on /mnt/d/airflow/airflow_project/airflow_venv/lib/python3.12/site-packages/airflow/example_dags/example_dynamic_task_mapping.py
[2026-04-29T09:56:56.396+0300] {processor.py:830} INFO - Processing file /mnt/d/airflow/airflow_project/airflow_venv/lib/python3.12/site-packages/airflow/example_dags/example_dynamic_task_mapping.py for tasks to queue
[2026-04-29T09:56:56.405+0300] {logging_mixin.py:188} INFO - [2026-04-29T09:56:56.401+0300] {dagbag.py:545} INFO - Filling up the DagBag from /mnt/d/airflow/airflow_project/airflow_venv/lib/python3.12/site-packages/airflow/example_dags/example_dynamic_task_mapping.py
[2026-04-29T09:56:56.498+0300] {processor.py:840} INFO - DAG(s) 'example_dynamic_task_mapping' retrieved from /mnt/d/airflow/airflow_project/airflow_venv/lib/python3.12/site-packages/airflow/example_dags/example_dynamic_task_mapping.py
[2026-04-29T09:56:56.587+0300] {logging_mixin.py:188} INFO - [2026-04-29T09:56:56.583+0300] {dag.py:3089} INFO - Sync 1 DAGs
[2026-04-29T09:56:56.757+0300] {logging_mixin.py:188} INFO - [2026-04-29T09:56:56.756+0300] {dag.py:3947} INFO - Setting next_dagrun for example_dynamic_task_mapping to 2022-03-04 00:00:00+00:00, run_after=2022-03-05 00:00:00+00:00
[2026-04-29T09:56:56.854+0300] {processor.py:183} INFO - Processing /mnt/d/airflow/airflow_project/airflow_venv/lib/python3.12/site-packages/airflow/example_dags/example_dynamic_task_mapping.py took 0.494 seconds
[2026-04-29T10:01:10.619+0300] {processor.py:161} INFO - Started process (PID=42468) to work on /mnt/d/airflow/airflow_project/airflow_venv/lib/python3.12/site-packages/airflow/example_dags/example_dynamic_task_mapping.py
[2026-04-29T10:01:10.625+0300] {processor.py:830} INFO - Processing file /mnt/d/airflow/airflow_project/airflow_venv/lib/python3.12/site-packages/airflow/example_dags/example_dynamic_task_mapping.py for tasks to queue
[2026-04-29T10:01:10.632+0300] {logging_mixin.py:188} INFO - [2026-04-29T10:01:10.629+0300] {dagbag.py:545} INFO - Filling up the DagBag from /mnt/d/airflow/airflow_project/airflow_venv/lib/python3.12/site-packages/airflow/example_dags/example_dynamic_task_mapping.py
[2026-04-29T10:01:10.696+0300] {processor.py:840} INFO - DAG(s) 'example_dynamic_task_mapping' retrieved from /mnt/d/airflow/airflow_project/airflow_venv/lib/python3.12/site-packages/airflow/example_dags/example_dynamic_task_mapping.py
[2026-04-29T10:01:10.756+0300] {logging_mixin.py:188} INFO - [2026-04-29T10:01:10.754+0300] {dag.py:3089} INFO - Sync 1 DAGs
[2026-04-29T10:01:10.984+0300] {logging_mixin.py:188} INFO - [2026-04-29T10:01:10.981+0300] {dag.py:3947} INFO - Setting next_dagrun for example_dynamic_task_mapping to 2022-03-04 00:00:00+00:00, run_after=2022-03-05 00:00:00+00:00
[2026-04-29T10:01:11.199+0300] {processor.py:183} INFO - Processing /mnt/d/airflow/airflow_project/airflow_venv/lib/python3.12/site-packages/airflow/example_dags/example_dynamic_task_mapping.py took 0.606 seconds
[2026-04-29T10:03:21.566+0300] {processor.py:161} INFO - Started process (PID=43203) to work on /mnt/d/airflow/airflow_project/airflow_venv/lib/python3.12/site-packages/airflow/example_dags/example_dynamic_task_mapping.py
[2026-04-29T10:03:21.571+0300] {processor.py:830} INFO - Processing file /mnt/d/airflow/airflow_project/airflow_venv/lib/python3.12/site-packages/airflow/example_dags/example_dynamic_task_mapping.py for tasks to queue
[2026-04-29T10:03:21.581+0300] {logging_mixin.py:188} INFO - [2026-04-29T10:03:21.577+0300] {dagbag.py:545} INFO - Filling up the DagBag from /mnt/d/airflow/airflow_project/airflow_venv/lib/python3.12/site-packages/airflow/example_dags/example_dynamic_task_mapping.py
[2026-04-29T10:03:21.672+0300] {processor.py:840} INFO - DAG(s) 'example_dynamic_task_mapping' retrieved from /mnt/d/airflow/airflow_project/airflow_venv/lib/python3.12/site-packages/airflow/example_dags/example_dynamic_task_mapping.py
[2026-04-29T10:03:21.747+0300] {logging_mixin.py:188} INFO - [2026-04-29T10:03:21.744+0300] {dag.py:3089} INFO - Sync 1 DAGs
[2026-04-29T10:03:21.814+0300] {logging_mixin.py:188} INFO - [2026-04-29T10:03:21.812+0300] {dag.py:3947} INFO - Setting next_dagrun for example_dynamic_task_mapping to 2022-03-04 00:00:00+00:00, run_after=2022-03-05 00:00:00+00:00
[2026-04-29T10:03:22.210+0300] {processor.py:183} INFO - Processing /mnt/d/airflow/airflow_project/airflow_venv/lib/python3.12/site-packages/airflow/example_dags/example_dynamic_task_mapping.py took 0.680 seconds
[2026-04-29T10:06:03.685+0300] {processor.py:161} INFO - Started process (PID=44118) to work on /mnt/d/airflow/airflow_project/airflow_venv/lib/python3.12/site-packages/airflow/example_dags/example_dynamic_task_mapping.py
[2026-04-29T10:06:03.690+0300] {processor.py:830} INFO - Processing file /mnt/d/airflow/airflow_project/airflow_venv/lib/python3.12/site-packages/airflow/example_dags/example_dynamic_task_mapping.py for tasks to queue
[2026-04-29T10:06:03.699+0300] {logging_mixin.py:188} INFO - [2026-04-29T10:06:03.696+0300] {dagbag.py:545} INFO - Filling up the DagBag from /mnt/d/airflow/airflow_project/airflow_venv/lib/python3.12/site-packages/airflow/example_dags/example_dynamic_task_mapping.py
[2026-04-29T10:06:03.781+0300] {processor.py:840} INFO - DAG(s) 'example_dynamic_task_mapping' retrieved from /mnt/d/airflow/airflow_project/airflow_venv/lib/python3.12/site-packages/airflow/example_dags/example_dynamic_task_mapping.py
[2026-04-29T10:06:03.879+0300] {logging_mixin.py:188} INFO - [2026-04-29T10:06:03.874+0300] {dag.py:3089} INFO - Sync 1 DAGs
[2026-04-29T10:06:03.960+0300] {logging_mixin.py:188} INFO - [2026-04-29T10:06:03.957+0300] {dag.py:3947} INFO - Setting next_dagrun for example_dynamic_task_mapping to 2022-03-04 00:00:00+00:00, run_after=2022-03-05 00:00:00+00:00
[2026-04-29T10:06:04.157+0300] {processor.py:183} INFO - Processing /mnt/d/airflow/airflow_project/airflow_venv/lib/python3.12/site-packages/airflow/example_dags/example_dynamic_task_mapping.py took 0.509 seconds
[2026-04-29T10:08:20.326+0300] {processor.py:161} INFO - Started process (PID=44875) to work on /mnt/d/airflow/airflow_project/airflow_venv/lib/python3.12/site-packages/airflow/example_dags/example_dynamic_task_mapping.py
[2026-04-29T10:08:20.330+0300] {processor.py:830} INFO - Processing file /mnt/d/airflow/airflow_project/airflow_venv/lib/python3.12/site-packages/airflow/example_dags/example_dynamic_task_mapping.py for tasks to queue
[2026-04-29T10:08:20.339+0300] {logging_mixin.py:188} INFO - [2026-04-29T10:08:20.336+0300] {dagbag.py:545} INFO - Filling up the DagBag from /mnt/d/airflow/airflow_project/airflow_venv/lib/python3.12/site-packages/airflow/example_dags/example_dynamic_task_mapping.py
[2026-04-29T10:08:20.413+0300] {processor.py:840} INFO - DAG(s) 'example_dynamic_task_mapping' retrieved from /mnt/d/airflow/airflow_project/airflow_venv/lib/python3.12/site-packages/airflow/example_dags/example_dynamic_task_mapping.py
[2026-04-29T10:08:20.478+0300] {logging_mixin.py:188} INFO - [2026-04-29T10:08:20.475+0300] {dag.py:3089} INFO - Sync 1 DAGs
[2026-04-29T10:08:20.529+0300] {logging_mixin.py:188} INFO - [2026-04-29T10:08:20.528+0300] {dag.py:3947} INFO - Setting next_dagrun for example_dynamic_task_mapping to 2022-03-04 00:00:00+00:00, run_after=2022-03-05 00:00:00+00:00
[2026-04-29T10:08:20.641+0300] {processor.py:183} INFO - Processing /mnt/d/airflow/airflow_project/airflow_venv/lib/python3.12/site-packages/airflow/example_dags/example_dynamic_task_mapping.py took 0.351 seconds
[2026-04-29T10:10:21.962+0300] {processor.py:161} INFO - Started process (PID=45551) to work on /mnt/d/airflow/airflow_project/airflow_venv/lib/python3.12/site-packages/airflow/example_dags/example_dynamic_task_mapping.py
[2026-04-29T10:10:21.966+0300] {processor.py:830} INFO - Processing file /mnt/d/airflow/airflow_project/airflow_venv/lib/python3.12/site-packages/airflow/example_dags/example_dynamic_task_mapping.py for tasks to queue
[2026-04-29T10:10:21.972+0300] {logging_mixin.py:188} INFO - [2026-04-29T10:10:21.969+0300] {dagbag.py:545} INFO - Filling up the DagBag from /mnt/d/airflow/airflow_project/airflow_venv/lib/python3.12/site-packages/airflow/example_dags/example_dynamic_task_mapping.py
[2026-04-29T10:10:22.016+0300] {processor.py:840} INFO - DAG(s) 'example_dynamic_task_mapping' retrieved from /mnt/d/airflow/airflow_project/airflow_venv/lib/python3.12/site-packages/airflow/example_dags/example_dynamic_task_mapping.py
[2026-04-29T10:10:22.061+0300] {logging_mixin.py:188} INFO - [2026-04-29T10:10:22.060+0300] {dag.py:3089} INFO - Sync 1 DAGs
[2026-04-29T10:10:22.105+0300] {logging_mixin.py:188} INFO - [2026-04-29T10:10:22.104+0300] {dag.py:3947} INFO - Setting next_dagrun for example_dynamic_task_mapping to 2022-03-04 00:00:00+00:00, run_after=2022-03-05 00:00:00+00:00
[2026-04-29T10:10:22.259+0300] {processor.py:183} INFO - Processing /mnt/d/airflow/airflow_project/airflow_venv/lib/python3.12/site-packages/airflow/example_dags/example_dynamic_task_mapping.py took 0.325 seconds
[2026-04-29T10:12:37.739+0300] {processor.py:161} INFO - Started process (PID=46302) to work on /mnt/d/airflow/airflow_project/airflow_venv/lib/python3.12/site-packages/airflow/example_dags/example_dynamic_task_mapping.py
[2026-04-29T10:12:37.743+0300] {processor.py:830} INFO - Processing file /mnt/d/airflow/airflow_project/airflow_venv/lib/python3.12/site-packages/airflow/example_dags/example_dynamic_task_mapping.py for tasks to queue
[2026-04-29T10:12:37.748+0300] {logging_mixin.py:188} INFO - [2026-04-29T10:12:37.746+0300] {dagbag.py:545} INFO - Filling up the DagBag from /mnt/d/airflow/airflow_project/airflow_venv/lib/python3.12/site-packages/airflow/example_dags/example_dynamic_task_mapping.py
[2026-04-29T10:12:37.782+0300] {processor.py:840} INFO - DAG(s) 'example_dynamic_task_mapping' retrieved from /mnt/d/airflow/airflow_project/airflow_venv/lib/python3.12/site-packages/airflow/example_dags/example_dynamic_task_mapping.py
[2026-04-29T10:12:37.824+0300] {logging_mixin.py:188} INFO - [2026-04-29T10:12:37.823+0300] {dag.py:3089} INFO - Sync 1 DAGs
[2026-04-29T10:12:37.858+0300] {logging_mixin.py:188} INFO - [2026-04-29T10:12:37.857+0300] {dag.py:3947} INFO - Setting next_dagrun for example_dynamic_task_mapping to 2022-03-04 00:00:00+00:00, run_after=2022-03-05 00:00:00+00:00
[2026-04-29T10:12:37.953+0300] {processor.py:183} INFO - Processing /mnt/d/airflow/airflow_project/airflow_venv/lib/python3.12/site-packages/airflow/example_dags/example_dynamic_task_mapping.py took 0.239 seconds
