[2026-04-29T09:15:09.886+0300] {processor.py:161} INFO - Started process (PID=26512) to work on /mnt/d/airflow/airflow_project/airflow_venv/lib/python3.12/site-packages/airflow/example_dags/example_short_circuit_decorator.py
[2026-04-29T09:15:09.889+0300] {processor.py:830} INFO - Processing file /mnt/d/airflow/airflow_project/airflow_venv/lib/python3.12/site-packages/airflow/example_dags/example_short_circuit_decorator.py for tasks to queue
[2026-04-29T09:15:09.895+0300] {logging_mixin.py:188} INFO - [2026-04-29T09:15:09.893+0300] {dagbag.py:545} INFO - Filling up the DagBag from /mnt/d/airflow/airflow_project/airflow_venv/lib/python3.12/site-packages/airflow/example_dags/example_short_circuit_decorator.py
[2026-04-29T09:15:09.941+0300] {processor.py:840} INFO - DAG(s) 'example_short_circuit_decorator' retrieved from /mnt/d/airflow/airflow_project/airflow_venv/lib/python3.12/site-packages/airflow/example_dags/example_short_circuit_decorator.py
[2026-04-29T09:15:11.730+0300] {logging_mixin.py:188} INFO - [2026-04-29T09:15:11.727+0300] {override.py:1858} INFO - Created Permission View: can edit on DAG:example_short_circuit_decorator
[2026-04-29T09:15:11.790+0300] {logging_mixin.py:188} INFO - [2026-04-29T09:15:11.788+0300] {override.py:1858} INFO - Created Permission View: can delete on DAG:example_short_circuit_decorator
[2026-04-29T09:15:11.840+0300] {logging_mixin.py:188} INFO - [2026-04-29T09:15:11.839+0300] {override.py:1858} INFO - Created Permission View: can read on DAG:example_short_circuit_decorator
[2026-04-29T09:15:11.842+0300] {logging_mixin.py:188} INFO - [2026-04-29T09:15:11.841+0300] {dag.py:3089} INFO - Sync 1 DAGs
[2026-04-29T09:15:11.861+0300] {logging_mixin.py:188} INFO - [2026-04-29T09:15:11.860+0300] {dag.py:3111} INFO - Creating ORM DAG for example_short_circuit_decorator
[2026-04-29T09:15:11.883+0300] {logging_mixin.py:188} INFO - [2026-04-29T09:15:11.882+0300] {dag.py:3947} INFO - Setting next_dagrun for example_short_circuit_decorator to 2026-04-28 00:00:00+00:00, run_after=2026-04-29 00:00:00+00:00
[2026-04-29T09:15:11.968+0300] {processor.py:183} INFO - Processing /mnt/d/airflow/airflow_project/airflow_venv/lib/python3.12/site-packages/airflow/example_dags/example_short_circuit_decorator.py took 2.105 seconds
[2026-04-29T09:17:25.886+0300] {processor.py:161} INFO - Started process (PID=27278) to work on /mnt/d/airflow/airflow_project/airflow_venv/lib/python3.12/site-packages/airflow/example_dags/example_short_circuit_decorator.py
[2026-04-29T09:17:25.889+0300] {processor.py:830} INFO - Processing file /mnt/d/airflow/airflow_project/airflow_venv/lib/python3.12/site-packages/airflow/example_dags/example_short_circuit_decorator.py for tasks to queue
[2026-04-29T09:17:25.893+0300] {logging_mixin.py:188} INFO - [2026-04-29T09:17:25.892+0300] {dagbag.py:545} INFO - Filling up the DagBag from /mnt/d/airflow/airflow_project/airflow_venv/lib/python3.12/site-packages/airflow/example_dags/example_short_circuit_decorator.py
[2026-04-29T09:17:25.933+0300] {processor.py:840} INFO - DAG(s) 'example_short_circuit_decorator' retrieved from /mnt/d/airflow/airflow_project/airflow_venv/lib/python3.12/site-packages/airflow/example_dags/example_short_circuit_decorator.py
[2026-04-29T09:17:25.966+0300] {logging_mixin.py:188} INFO - [2026-04-29T09:17:25.965+0300] {dag.py:3089} INFO - Sync 1 DAGs
[2026-04-29T09:17:25.997+0300] {logging_mixin.py:188} INFO - [2026-04-29T09:17:25.995+0300] {dag.py:3947} INFO - Setting next_dagrun for example_short_circuit_decorator to 2026-04-28 00:00:00+00:00, run_after=2026-04-29 00:00:00+00:00
[2026-04-29T09:17:26.145+0300] {processor.py:183} INFO - Processing /mnt/d/airflow/airflow_project/airflow_venv/lib/python3.12/site-packages/airflow/example_dags/example_short_circuit_decorator.py took 0.278 seconds
[2026-04-29T09:18:38.609+0300] {processor.py:161} INFO - Started process (PID=27719) to work on /mnt/d/airflow/airflow_project/airflow_venv/lib/python3.12/site-packages/airflow/example_dags/example_short_circuit_decorator.py
[2026-04-29T09:18:38.611+0300] {processor.py:830} INFO - Processing file /mnt/d/airflow/airflow_project/airflow_venv/lib/python3.12/site-packages/airflow/example_dags/example_short_circuit_decorator.py for tasks to queue
[2026-04-29T09:18:38.615+0300] {logging_mixin.py:188} INFO - [2026-04-29T09:18:38.613+0300] {dagbag.py:545} INFO - Filling up the DagBag from /mnt/d/airflow/airflow_project/airflow_venv/lib/python3.12/site-packages/airflow/example_dags/example_short_circuit_decorator.py
[2026-04-29T09:18:38.669+0300] {processor.py:840} INFO - DAG(s) 'example_short_circuit_decorator' retrieved from /mnt/d/airflow/airflow_project/airflow_venv/lib/python3.12/site-packages/airflow/example_dags/example_short_circuit_decorator.py
[2026-04-29T09:18:38.721+0300] {logging_mixin.py:188} INFO - [2026-04-29T09:18:38.719+0300] {dag.py:3089} INFO - Sync 1 DAGs
[2026-04-29T09:18:38.771+0300] {logging_mixin.py:188} INFO - [2026-04-29T09:18:38.768+0300] {dag.py:3947} INFO - Setting next_dagrun for example_short_circuit_decorator to 2026-04-28 00:00:00+00:00, run_after=2026-04-29 00:00:00+00:00
[2026-04-29T09:18:38.970+0300] {processor.py:183} INFO - Processing /mnt/d/airflow/airflow_project/airflow_venv/lib/python3.12/site-packages/airflow/example_dags/example_short_circuit_decorator.py took 0.380 seconds
[2026-04-29T09:19:45.079+0300] {processor.py:161} INFO - Started process (PID=28131) to work on /mnt/d/airflow/airflow_project/airflow_venv/lib/python3.12/site-packages/airflow/example_dags/example_short_circuit_decorator.py
[2026-04-29T09:19:45.082+0300] {processor.py:830} INFO - Processing file /mnt/d/airflow/airflow_project/airflow_venv/lib/python3.12/site-packages/airflow/example_dags/example_short_circuit_decorator.py for tasks to queue
[2026-04-29T09:19:45.089+0300] {logging_mixin.py:188} INFO - [2026-04-29T09:19:45.086+0300] {dagbag.py:545} INFO - Filling up the DagBag from /mnt/d/airflow/airflow_project/airflow_venv/lib/python3.12/site-packages/airflow/example_dags/example_short_circuit_decorator.py
[2026-04-29T09:19:45.160+0300] {processor.py:840} INFO - DAG(s) 'example_short_circuit_decorator' retrieved from /mnt/d/airflow/airflow_project/airflow_venv/lib/python3.12/site-packages/airflow/example_dags/example_short_circuit_decorator.py
[2026-04-29T09:19:45.242+0300] {logging_mixin.py:188} INFO - [2026-04-29T09:19:45.240+0300] {dag.py:3089} INFO - Sync 1 DAGs
[2026-04-29T09:19:45.300+0300] {logging_mixin.py:188} INFO - [2026-04-29T09:19:45.295+0300] {dag.py:3947} INFO - Setting next_dagrun for example_short_circuit_decorator to 2026-04-28 00:00:00+00:00, run_after=2026-04-29 00:00:00+00:00
[2026-04-29T09:19:45.610+0300] {processor.py:183} INFO - Processing /mnt/d/airflow/airflow_project/airflow_venv/lib/python3.12/site-packages/airflow/example_dags/example_short_circuit_decorator.py took 0.558 seconds
[2026-04-29T09:20:58.037+0300] {processor.py:161} INFO - Started process (PID=28537) to work on /mnt/d/airflow/airflow_project/airflow_venv/lib/python3.12/site-packages/airflow/example_dags/example_short_circuit_decorator.py
[2026-04-29T09:20:58.041+0300] {processor.py:830} INFO - Processing file /mnt/d/airflow/airflow_project/airflow_venv/lib/python3.12/site-packages/airflow/example_dags/example_short_circuit_decorator.py for tasks to queue
[2026-04-29T09:20:58.047+0300] {logging_mixin.py:188} INFO - [2026-04-29T09:20:58.045+0300] {dagbag.py:545} INFO - Filling up the DagBag from /mnt/d/airflow/airflow_project/airflow_venv/lib/python3.12/site-packages/airflow/example_dags/example_short_circuit_decorator.py
[2026-04-29T09:20:58.114+0300] {processor.py:840} INFO - DAG(s) 'example_short_circuit_decorator' retrieved from /mnt/d/airflow/airflow_project/airflow_venv/lib/python3.12/site-packages/airflow/example_dags/example_short_circuit_decorator.py
[2026-04-29T09:20:58.165+0300] {logging_mixin.py:188} INFO - [2026-04-29T09:20:58.161+0300] {dag.py:3089} INFO - Sync 1 DAGs
[2026-04-29T09:20:58.215+0300] {logging_mixin.py:188} INFO - [2026-04-29T09:20:58.213+0300] {dag.py:3947} INFO - Setting next_dagrun for example_short_circuit_decorator to 2026-04-28 00:00:00+00:00, run_after=2026-04-29 00:00:00+00:00
[2026-04-29T09:20:58.353+0300] {processor.py:183} INFO - Processing /mnt/d/airflow/airflow_project/airflow_venv/lib/python3.12/site-packages/airflow/example_dags/example_short_circuit_decorator.py took 0.341 seconds
[2026-04-29T09:22:02.344+0300] {processor.py:161} INFO - Started process (PID=28906) to work on /mnt/d/airflow/airflow_project/airflow_venv/lib/python3.12/site-packages/airflow/example_dags/example_short_circuit_decorator.py
[2026-04-29T09:22:02.346+0300] {processor.py:830} INFO - Processing file /mnt/d/airflow/airflow_project/airflow_venv/lib/python3.12/site-packages/airflow/example_dags/example_short_circuit_decorator.py for tasks to queue
[2026-04-29T09:22:02.348+0300] {logging_mixin.py:188} INFO - [2026-04-29T09:22:02.348+0300] {dagbag.py:545} INFO - Filling up the DagBag from /mnt/d/airflow/airflow_project/airflow_venv/lib/python3.12/site-packages/airflow/example_dags/example_short_circuit_decorator.py
[2026-04-29T09:22:02.376+0300] {processor.py:840} INFO - DAG(s) 'example_short_circuit_decorator' retrieved from /mnt/d/airflow/airflow_project/airflow_venv/lib/python3.12/site-packages/airflow/example_dags/example_short_circuit_decorator.py
[2026-04-29T09:22:02.410+0300] {logging_mixin.py:188} INFO - [2026-04-29T09:22:02.409+0300] {dag.py:3089} INFO - Sync 1 DAGs
[2026-04-29T09:22:02.440+0300] {logging_mixin.py:188} INFO - [2026-04-29T09:22:02.439+0300] {dag.py:3947} INFO - Setting next_dagrun for example_short_circuit_decorator to 2026-04-28 00:00:00+00:00, run_after=2026-04-29 00:00:00+00:00
[2026-04-29T09:22:02.522+0300] {processor.py:183} INFO - Processing /mnt/d/airflow/airflow_project/airflow_venv/lib/python3.12/site-packages/airflow/example_dags/example_short_circuit_decorator.py took 0.187 seconds
[2026-04-29T09:24:01.445+0300] {processor.py:161} INFO - Started process (PID=29600) to work on /mnt/d/airflow/airflow_project/airflow_venv/lib/python3.12/site-packages/airflow/example_dags/example_short_circuit_decorator.py
[2026-04-29T09:24:01.448+0300] {processor.py:830} INFO - Processing file /mnt/d/airflow/airflow_project/airflow_venv/lib/python3.12/site-packages/airflow/example_dags/example_short_circuit_decorator.py for tasks to queue
[2026-04-29T09:24:01.454+0300] {logging_mixin.py:188} INFO - [2026-04-29T09:24:01.452+0300] {dagbag.py:545} INFO - Filling up the DagBag from /mnt/d/airflow/airflow_project/airflow_venv/lib/python3.12/site-packages/airflow/example_dags/example_short_circuit_decorator.py
[2026-04-29T09:24:01.521+0300] {processor.py:840} INFO - DAG(s) 'example_short_circuit_decorator' retrieved from /mnt/d/airflow/airflow_project/airflow_venv/lib/python3.12/site-packages/airflow/example_dags/example_short_circuit_decorator.py
[2026-04-29T09:24:01.574+0300] {logging_mixin.py:188} INFO - [2026-04-29T09:24:01.572+0300] {dag.py:3089} INFO - Sync 1 DAGs
[2026-04-29T09:24:01.632+0300] {logging_mixin.py:188} INFO - [2026-04-29T09:24:01.630+0300] {dag.py:3947} INFO - Setting next_dagrun for example_short_circuit_decorator to 2026-04-28 00:00:00+00:00, run_after=2026-04-29 00:00:00+00:00
[2026-04-29T09:24:01.847+0300] {processor.py:183} INFO - Processing /mnt/d/airflow/airflow_project/airflow_venv/lib/python3.12/site-packages/airflow/example_dags/example_short_circuit_decorator.py took 0.429 seconds
[2026-04-29T09:25:12.473+0300] {processor.py:161} INFO - Started process (PID=29990) to work on /mnt/d/airflow/airflow_project/airflow_venv/lib/python3.12/site-packages/airflow/example_dags/example_short_circuit_decorator.py
[2026-04-29T09:25:12.477+0300] {processor.py:830} INFO - Processing file /mnt/d/airflow/airflow_project/airflow_venv/lib/python3.12/site-packages/airflow/example_dags/example_short_circuit_decorator.py for tasks to queue
[2026-04-29T09:25:12.485+0300] {logging_mixin.py:188} INFO - [2026-04-29T09:25:12.482+0300] {dagbag.py:545} INFO - Filling up the DagBag from /mnt/d/airflow/airflow_project/airflow_venv/lib/python3.12/site-packages/airflow/example_dags/example_short_circuit_decorator.py
[2026-04-29T09:25:12.562+0300] {processor.py:840} INFO - DAG(s) 'example_short_circuit_decorator' retrieved from /mnt/d/airflow/airflow_project/airflow_venv/lib/python3.12/site-packages/airflow/example_dags/example_short_circuit_decorator.py
[2026-04-29T09:25:12.643+0300] {logging_mixin.py:188} INFO - [2026-04-29T09:25:12.639+0300] {dag.py:3089} INFO - Sync 1 DAGs
[2026-04-29T09:25:12.713+0300] {logging_mixin.py:188} INFO - [2026-04-29T09:25:12.710+0300] {dag.py:3947} INFO - Setting next_dagrun for example_short_circuit_decorator to 2026-04-28 00:00:00+00:00, run_after=2026-04-29 00:00:00+00:00
[2026-04-29T09:25:12.884+0300] {processor.py:183} INFO - Processing /mnt/d/airflow/airflow_project/airflow_venv/lib/python3.12/site-packages/airflow/example_dags/example_short_circuit_decorator.py took 0.444 seconds
[2026-04-29T09:26:22.108+0300] {processor.py:161} INFO - Started process (PID=30387) to work on /mnt/d/airflow/airflow_project/airflow_venv/lib/python3.12/site-packages/airflow/example_dags/example_short_circuit_decorator.py
[2026-04-29T09:26:22.114+0300] {processor.py:830} INFO - Processing file /mnt/d/airflow/airflow_project/airflow_venv/lib/python3.12/site-packages/airflow/example_dags/example_short_circuit_decorator.py for tasks to queue
[2026-04-29T09:26:22.124+0300] {logging_mixin.py:188} INFO - [2026-04-29T09:26:22.120+0300] {dagbag.py:545} INFO - Filling up the DagBag from /mnt/d/airflow/airflow_project/airflow_venv/lib/python3.12/site-packages/airflow/example_dags/example_short_circuit_decorator.py
[2026-04-29T09:26:22.225+0300] {processor.py:840} INFO - DAG(s) 'example_short_circuit_decorator' retrieved from /mnt/d/airflow/airflow_project/airflow_venv/lib/python3.12/site-packages/airflow/example_dags/example_short_circuit_decorator.py
[2026-04-29T09:26:22.285+0300] {logging_mixin.py:188} INFO - [2026-04-29T09:26:22.282+0300] {dag.py:3089} INFO - Sync 1 DAGs
[2026-04-29T09:26:22.340+0300] {logging_mixin.py:188} INFO - [2026-04-29T09:26:22.337+0300] {dag.py:3947} INFO - Setting next_dagrun for example_short_circuit_decorator to 2026-04-28 00:00:00+00:00, run_after=2026-04-29 00:00:00+00:00
[2026-04-29T09:26:22.530+0300] {processor.py:183} INFO - Processing /mnt/d/airflow/airflow_project/airflow_venv/lib/python3.12/site-packages/airflow/example_dags/example_short_circuit_decorator.py took 0.462 seconds
[2026-04-29T09:27:35.892+0300] {processor.py:161} INFO - Started process (PID=30794) to work on /mnt/d/airflow/airflow_project/airflow_venv/lib/python3.12/site-packages/airflow/example_dags/example_short_circuit_decorator.py
[2026-04-29T09:27:35.894+0300] {processor.py:830} INFO - Processing file /mnt/d/airflow/airflow_project/airflow_venv/lib/python3.12/site-packages/airflow/example_dags/example_short_circuit_decorator.py for tasks to queue
[2026-04-29T09:27:35.899+0300] {logging_mixin.py:188} INFO - [2026-04-29T09:27:35.897+0300] {dagbag.py:545} INFO - Filling up the DagBag from /mnt/d/airflow/airflow_project/airflow_venv/lib/python3.12/site-packages/airflow/example_dags/example_short_circuit_decorator.py
[2026-04-29T09:27:35.949+0300] {processor.py:840} INFO - DAG(s) 'example_short_circuit_decorator' retrieved from /mnt/d/airflow/airflow_project/airflow_venv/lib/python3.12/site-packages/airflow/example_dags/example_short_circuit_decorator.py
[2026-04-29T09:27:36.004+0300] {logging_mixin.py:188} INFO - [2026-04-29T09:27:36.001+0300] {dag.py:3089} INFO - Sync 1 DAGs
[2026-04-29T09:27:36.060+0300] {logging_mixin.py:188} INFO - [2026-04-29T09:27:36.057+0300] {dag.py:3947} INFO - Setting next_dagrun for example_short_circuit_decorator to 2026-04-28 00:00:00+00:00, run_after=2026-04-29 00:00:00+00:00
[2026-04-29T09:27:36.229+0300] {processor.py:183} INFO - Processing /mnt/d/airflow/airflow_project/airflow_venv/lib/python3.12/site-packages/airflow/example_dags/example_short_circuit_decorator.py took 0.361 seconds
[2026-04-29T09:28:51.255+0300] {processor.py:161} INFO - Started process (PID=31235) to work on /mnt/d/airflow/airflow_project/airflow_venv/lib/python3.12/site-packages/airflow/example_dags/example_short_circuit_decorator.py
[2026-04-29T09:28:51.258+0300] {processor.py:830} INFO - Processing file /mnt/d/airflow/airflow_project/airflow_venv/lib/python3.12/site-packages/airflow/example_dags/example_short_circuit_decorator.py for tasks to queue
[2026-04-29T09:28:51.265+0300] {logging_mixin.py:188} INFO - [2026-04-29T09:28:51.263+0300] {dagbag.py:545} INFO - Filling up the DagBag from /mnt/d/airflow/airflow_project/airflow_venv/lib/python3.12/site-packages/airflow/example_dags/example_short_circuit_decorator.py
[2026-04-29T09:28:51.323+0300] {processor.py:840} INFO - DAG(s) 'example_short_circuit_decorator' retrieved from /mnt/d/airflow/airflow_project/airflow_venv/lib/python3.12/site-packages/airflow/example_dags/example_short_circuit_decorator.py
[2026-04-29T09:28:51.387+0300] {logging_mixin.py:188} INFO - [2026-04-29T09:28:51.386+0300] {dag.py:3089} INFO - Sync 1 DAGs
[2026-04-29T09:28:51.465+0300] {logging_mixin.py:188} INFO - [2026-04-29T09:28:51.463+0300] {dag.py:3947} INFO - Setting next_dagrun for example_short_circuit_decorator to 2026-04-28 00:00:00+00:00, run_after=2026-04-29 00:00:00+00:00
[2026-04-29T09:28:51.611+0300] {processor.py:183} INFO - Processing /mnt/d/airflow/airflow_project/airflow_venv/lib/python3.12/site-packages/airflow/example_dags/example_short_circuit_decorator.py took 0.385 seconds
[2026-04-29T09:30:26.101+0300] {processor.py:161} INFO - Started process (PID=31796) to work on /mnt/d/airflow/airflow_project/airflow_venv/lib/python3.12/site-packages/airflow/example_dags/example_short_circuit_decorator.py
[2026-04-29T09:30:26.104+0300] {processor.py:830} INFO - Processing file /mnt/d/airflow/airflow_project/airflow_venv/lib/python3.12/site-packages/airflow/example_dags/example_short_circuit_decorator.py for tasks to queue
[2026-04-29T09:30:26.109+0300] {logging_mixin.py:188} INFO - [2026-04-29T09:30:26.107+0300] {dagbag.py:545} INFO - Filling up the DagBag from /mnt/d/airflow/airflow_project/airflow_venv/lib/python3.12/site-packages/airflow/example_dags/example_short_circuit_decorator.py
[2026-04-29T09:30:26.164+0300] {processor.py:840} INFO - DAG(s) 'example_short_circuit_decorator' retrieved from /mnt/d/airflow/airflow_project/airflow_venv/lib/python3.12/site-packages/airflow/example_dags/example_short_circuit_decorator.py
[2026-04-29T09:30:26.259+0300] {logging_mixin.py:188} INFO - [2026-04-29T09:30:26.257+0300] {dag.py:3089} INFO - Sync 1 DAGs
[2026-04-29T09:30:26.340+0300] {logging_mixin.py:188} INFO - [2026-04-29T09:30:26.337+0300] {dag.py:3947} INFO - Setting next_dagrun for example_short_circuit_decorator to 2026-04-28 00:00:00+00:00, run_after=2026-04-29 00:00:00+00:00
[2026-04-29T09:30:26.594+0300] {processor.py:183} INFO - Processing /mnt/d/airflow/airflow_project/airflow_venv/lib/python3.12/site-packages/airflow/example_dags/example_short_circuit_decorator.py took 0.514 seconds
[2026-04-29T09:31:40.438+0300] {processor.py:161} INFO - Started process (PID=32243) to work on /mnt/d/airflow/airflow_project/airflow_venv/lib/python3.12/site-packages/airflow/example_dags/example_short_circuit_decorator.py
[2026-04-29T09:31:40.442+0300] {processor.py:830} INFO - Processing file /mnt/d/airflow/airflow_project/airflow_venv/lib/python3.12/site-packages/airflow/example_dags/example_short_circuit_decorator.py for tasks to queue
[2026-04-29T09:31:40.452+0300] {logging_mixin.py:188} INFO - [2026-04-29T09:31:40.447+0300] {dagbag.py:545} INFO - Filling up the DagBag from /mnt/d/airflow/airflow_project/airflow_venv/lib/python3.12/site-packages/airflow/example_dags/example_short_circuit_decorator.py
[2026-04-29T09:31:40.532+0300] {processor.py:840} INFO - DAG(s) 'example_short_circuit_decorator' retrieved from /mnt/d/airflow/airflow_project/airflow_venv/lib/python3.12/site-packages/airflow/example_dags/example_short_circuit_decorator.py
[2026-04-29T09:31:40.615+0300] {logging_mixin.py:188} INFO - [2026-04-29T09:31:40.613+0300] {dag.py:3089} INFO - Sync 1 DAGs
[2026-04-29T09:31:40.689+0300] {logging_mixin.py:188} INFO - [2026-04-29T09:31:40.686+0300] {dag.py:3947} INFO - Setting next_dagrun for example_short_circuit_decorator to 2026-04-28 00:00:00+00:00, run_after=2026-04-29 00:00:00+00:00
[2026-04-29T09:31:40.853+0300] {processor.py:183} INFO - Processing /mnt/d/airflow/airflow_project/airflow_venv/lib/python3.12/site-packages/airflow/example_dags/example_short_circuit_decorator.py took 0.450 seconds
[2026-04-29T09:32:49.148+0300] {processor.py:161} INFO - Started process (PID=32646) to work on /mnt/d/airflow/airflow_project/airflow_venv/lib/python3.12/site-packages/airflow/example_dags/example_short_circuit_decorator.py
[2026-04-29T09:32:49.153+0300] {processor.py:830} INFO - Processing file /mnt/d/airflow/airflow_project/airflow_venv/lib/python3.12/site-packages/airflow/example_dags/example_short_circuit_decorator.py for tasks to queue
[2026-04-29T09:32:49.161+0300] {logging_mixin.py:188} INFO - [2026-04-29T09:32:49.158+0300] {dagbag.py:545} INFO - Filling up the DagBag from /mnt/d/airflow/airflow_project/airflow_venv/lib/python3.12/site-packages/airflow/example_dags/example_short_circuit_decorator.py
[2026-04-29T09:32:49.225+0300] {processor.py:840} INFO - DAG(s) 'example_short_circuit_decorator' retrieved from /mnt/d/airflow/airflow_project/airflow_venv/lib/python3.12/site-packages/airflow/example_dags/example_short_circuit_decorator.py
[2026-04-29T09:32:49.288+0300] {logging_mixin.py:188} INFO - [2026-04-29T09:32:49.285+0300] {dag.py:3089} INFO - Sync 1 DAGs
[2026-04-29T09:32:49.353+0300] {logging_mixin.py:188} INFO - [2026-04-29T09:32:49.349+0300] {dag.py:3947} INFO - Setting next_dagrun for example_short_circuit_decorator to 2026-04-28 00:00:00+00:00, run_after=2026-04-29 00:00:00+00:00
[2026-04-29T09:32:49.624+0300] {processor.py:183} INFO - Processing /mnt/d/airflow/airflow_project/airflow_venv/lib/python3.12/site-packages/airflow/example_dags/example_short_circuit_decorator.py took 0.508 seconds
[2026-04-29T09:34:01.572+0300] {processor.py:161} INFO - Started process (PID=33072) to work on /mnt/d/airflow/airflow_project/airflow_venv/lib/python3.12/site-packages/airflow/example_dags/example_short_circuit_decorator.py
[2026-04-29T09:34:01.583+0300] {processor.py:830} INFO - Processing file /mnt/d/airflow/airflow_project/airflow_venv/lib/python3.12/site-packages/airflow/example_dags/example_short_circuit_decorator.py for tasks to queue
[2026-04-29T09:34:01.590+0300] {logging_mixin.py:188} INFO - [2026-04-29T09:34:01.588+0300] {dagbag.py:545} INFO - Filling up the DagBag from /mnt/d/airflow/airflow_project/airflow_venv/lib/python3.12/site-packages/airflow/example_dags/example_short_circuit_decorator.py
[2026-04-29T09:34:01.652+0300] {processor.py:840} INFO - DAG(s) 'example_short_circuit_decorator' retrieved from /mnt/d/airflow/airflow_project/airflow_venv/lib/python3.12/site-packages/airflow/example_dags/example_short_circuit_decorator.py
[2026-04-29T09:34:01.718+0300] {logging_mixin.py:188} INFO - [2026-04-29T09:34:01.716+0300] {dag.py:3089} INFO - Sync 1 DAGs
[2026-04-29T09:34:01.763+0300] {logging_mixin.py:188} INFO - [2026-04-29T09:34:01.761+0300] {dag.py:3947} INFO - Setting next_dagrun for example_short_circuit_decorator to 2026-04-28 00:00:00+00:00, run_after=2026-04-29 00:00:00+00:00
[2026-04-29T09:34:01.911+0300] {processor.py:183} INFO - Processing /mnt/d/airflow/airflow_project/airflow_venv/lib/python3.12/site-packages/airflow/example_dags/example_short_circuit_decorator.py took 0.368 seconds
[2026-04-29T09:35:14.077+0300] {processor.py:161} INFO - Started process (PID=33489) to work on /mnt/d/airflow/airflow_project/airflow_venv/lib/python3.12/site-packages/airflow/example_dags/example_short_circuit_decorator.py
[2026-04-29T09:35:14.078+0300] {processor.py:830} INFO - Processing file /mnt/d/airflow/airflow_project/airflow_venv/lib/python3.12/site-packages/airflow/example_dags/example_short_circuit_decorator.py for tasks to queue
[2026-04-29T09:35:14.082+0300] {logging_mixin.py:188} INFO - [2026-04-29T09:35:14.081+0300] {dagbag.py:545} INFO - Filling up the DagBag from /mnt/d/airflow/airflow_project/airflow_venv/lib/python3.12/site-packages/airflow/example_dags/example_short_circuit_decorator.py
[2026-04-29T09:35:14.102+0300] {processor.py:840} INFO - DAG(s) 'example_short_circuit_decorator' retrieved from /mnt/d/airflow/airflow_project/airflow_venv/lib/python3.12/site-packages/airflow/example_dags/example_short_circuit_decorator.py
[2026-04-29T09:35:14.123+0300] {logging_mixin.py:188} INFO - [2026-04-29T09:35:14.123+0300] {dag.py:3089} INFO - Sync 1 DAGs
[2026-04-29T09:35:14.143+0300] {logging_mixin.py:188} INFO - [2026-04-29T09:35:14.142+0300] {dag.py:3947} INFO - Setting next_dagrun for example_short_circuit_decorator to 2026-04-28 00:00:00+00:00, run_after=2026-04-29 00:00:00+00:00
[2026-04-29T09:35:14.204+0300] {processor.py:183} INFO - Processing /mnt/d/airflow/airflow_project/airflow_venv/lib/python3.12/site-packages/airflow/example_dags/example_short_circuit_decorator.py took 0.140 seconds
[2026-04-29T09:36:17.080+0300] {processor.py:161} INFO - Started process (PID=33890) to work on /mnt/d/airflow/airflow_project/airflow_venv/lib/python3.12/site-packages/airflow/example_dags/example_short_circuit_decorator.py
[2026-04-29T09:36:17.083+0300] {processor.py:830} INFO - Processing file /mnt/d/airflow/airflow_project/airflow_venv/lib/python3.12/site-packages/airflow/example_dags/example_short_circuit_decorator.py for tasks to queue
[2026-04-29T09:36:17.088+0300] {logging_mixin.py:188} INFO - [2026-04-29T09:36:17.086+0300] {dagbag.py:545} INFO - Filling up the DagBag from /mnt/d/airflow/airflow_project/airflow_venv/lib/python3.12/site-packages/airflow/example_dags/example_short_circuit_decorator.py
[2026-04-29T09:36:17.133+0300] {processor.py:840} INFO - DAG(s) 'example_short_circuit_decorator' retrieved from /mnt/d/airflow/airflow_project/airflow_venv/lib/python3.12/site-packages/airflow/example_dags/example_short_circuit_decorator.py
[2026-04-29T09:36:17.181+0300] {logging_mixin.py:188} INFO - [2026-04-29T09:36:17.180+0300] {dag.py:3089} INFO - Sync 1 DAGs
[2026-04-29T09:36:17.226+0300] {logging_mixin.py:188} INFO - [2026-04-29T09:36:17.224+0300] {dag.py:3947} INFO - Setting next_dagrun for example_short_circuit_decorator to 2026-04-28 00:00:00+00:00, run_after=2026-04-29 00:00:00+00:00
[2026-04-29T09:36:17.328+0300] {processor.py:183} INFO - Processing /mnt/d/airflow/airflow_project/airflow_venv/lib/python3.12/site-packages/airflow/example_dags/example_short_circuit_decorator.py took 0.270 seconds
[2026-04-29T09:38:17.224+0300] {processor.py:161} INFO - Started process (PID=34642) to work on /mnt/d/airflow/airflow_project/airflow_venv/lib/python3.12/site-packages/airflow/example_dags/example_short_circuit_decorator.py
[2026-04-29T09:38:17.228+0300] {processor.py:830} INFO - Processing file /mnt/d/airflow/airflow_project/airflow_venv/lib/python3.12/site-packages/airflow/example_dags/example_short_circuit_decorator.py for tasks to queue
[2026-04-29T09:38:17.234+0300] {logging_mixin.py:188} INFO - [2026-04-29T09:38:17.232+0300] {dagbag.py:545} INFO - Filling up the DagBag from /mnt/d/airflow/airflow_project/airflow_venv/lib/python3.12/site-packages/airflow/example_dags/example_short_circuit_decorator.py
[2026-04-29T09:38:17.299+0300] {processor.py:840} INFO - DAG(s) 'example_short_circuit_decorator' retrieved from /mnt/d/airflow/airflow_project/airflow_venv/lib/python3.12/site-packages/airflow/example_dags/example_short_circuit_decorator.py
[2026-04-29T09:38:17.361+0300] {logging_mixin.py:188} INFO - [2026-04-29T09:38:17.359+0300] {dag.py:3089} INFO - Sync 1 DAGs
[2026-04-29T09:38:17.428+0300] {logging_mixin.py:188} INFO - [2026-04-29T09:38:17.426+0300] {dag.py:3947} INFO - Setting next_dagrun for example_short_circuit_decorator to 2026-04-28 00:00:00+00:00, run_after=2026-04-29 00:00:00+00:00
[2026-04-29T09:38:17.584+0300] {processor.py:183} INFO - Processing /mnt/d/airflow/airflow_project/airflow_venv/lib/python3.12/site-packages/airflow/example_dags/example_short_circuit_decorator.py took 0.389 seconds
[2026-04-29T09:39:25.891+0300] {processor.py:161} INFO - Started process (PID=35046) to work on /mnt/d/airflow/airflow_project/airflow_venv/lib/python3.12/site-packages/airflow/example_dags/example_short_circuit_decorator.py
[2026-04-29T09:39:25.893+0300] {processor.py:830} INFO - Processing file /mnt/d/airflow/airflow_project/airflow_venv/lib/python3.12/site-packages/airflow/example_dags/example_short_circuit_decorator.py for tasks to queue
[2026-04-29T09:39:25.901+0300] {logging_mixin.py:188} INFO - [2026-04-29T09:39:25.897+0300] {dagbag.py:545} INFO - Filling up the DagBag from /mnt/d/airflow/airflow_project/airflow_venv/lib/python3.12/site-packages/airflow/example_dags/example_short_circuit_decorator.py
[2026-04-29T09:39:25.951+0300] {processor.py:840} INFO - DAG(s) 'example_short_circuit_decorator' retrieved from /mnt/d/airflow/airflow_project/airflow_venv/lib/python3.12/site-packages/airflow/example_dags/example_short_circuit_decorator.py
[2026-04-29T09:39:25.998+0300] {logging_mixin.py:188} INFO - [2026-04-29T09:39:25.996+0300] {dag.py:3089} INFO - Sync 1 DAGs
[2026-04-29T09:39:26.034+0300] {logging_mixin.py:188} INFO - [2026-04-29T09:39:26.033+0300] {dag.py:3947} INFO - Setting next_dagrun for example_short_circuit_decorator to 2026-04-28 00:00:00+00:00, run_after=2026-04-29 00:00:00+00:00
[2026-04-29T09:39:26.136+0300] {processor.py:183} INFO - Processing /mnt/d/airflow/airflow_project/airflow_venv/lib/python3.12/site-packages/airflow/example_dags/example_short_circuit_decorator.py took 0.269 seconds
[2026-04-29T09:41:18.684+0300] {processor.py:161} INFO - Started process (PID=35687) to work on /mnt/d/airflow/airflow_project/airflow_venv/lib/python3.12/site-packages/airflow/example_dags/example_short_circuit_decorator.py
[2026-04-29T09:41:18.688+0300] {processor.py:830} INFO - Processing file /mnt/d/airflow/airflow_project/airflow_venv/lib/python3.12/site-packages/airflow/example_dags/example_short_circuit_decorator.py for tasks to queue
[2026-04-29T09:41:18.695+0300] {logging_mixin.py:188} INFO - [2026-04-29T09:41:18.692+0300] {dagbag.py:545} INFO - Filling up the DagBag from /mnt/d/airflow/airflow_project/airflow_venv/lib/python3.12/site-packages/airflow/example_dags/example_short_circuit_decorator.py
[2026-04-29T09:41:18.738+0300] {processor.py:840} INFO - DAG(s) 'example_short_circuit_decorator' retrieved from /mnt/d/airflow/airflow_project/airflow_venv/lib/python3.12/site-packages/airflow/example_dags/example_short_circuit_decorator.py
[2026-04-29T09:41:18.782+0300] {logging_mixin.py:188} INFO - [2026-04-29T09:41:18.780+0300] {dag.py:3089} INFO - Sync 1 DAGs
[2026-04-29T09:41:18.825+0300] {logging_mixin.py:188} INFO - [2026-04-29T09:41:18.822+0300] {dag.py:3947} INFO - Setting next_dagrun for example_short_circuit_decorator to 2026-04-28 00:00:00+00:00, run_after=2026-04-29 00:00:00+00:00
[2026-04-29T09:41:18.953+0300] {processor.py:183} INFO - Processing /mnt/d/airflow/airflow_project/airflow_venv/lib/python3.12/site-packages/airflow/example_dags/example_short_circuit_decorator.py took 0.289 seconds
[2026-04-29T09:42:29.281+0300] {processor.py:161} INFO - Started process (PID=36079) to work on /mnt/d/airflow/airflow_project/airflow_venv/lib/python3.12/site-packages/airflow/example_dags/example_short_circuit_decorator.py
[2026-04-29T09:42:29.286+0300] {processor.py:830} INFO - Processing file /mnt/d/airflow/airflow_project/airflow_venv/lib/python3.12/site-packages/airflow/example_dags/example_short_circuit_decorator.py for tasks to queue
[2026-04-29T09:42:29.295+0300] {logging_mixin.py:188} INFO - [2026-04-29T09:42:29.292+0300] {dagbag.py:545} INFO - Filling up the DagBag from /mnt/d/airflow/airflow_project/airflow_venv/lib/python3.12/site-packages/airflow/example_dags/example_short_circuit_decorator.py
[2026-04-29T09:42:29.376+0300] {processor.py:840} INFO - DAG(s) 'example_short_circuit_decorator' retrieved from /mnt/d/airflow/airflow_project/airflow_venv/lib/python3.12/site-packages/airflow/example_dags/example_short_circuit_decorator.py
[2026-04-29T09:42:29.463+0300] {logging_mixin.py:188} INFO - [2026-04-29T09:42:29.461+0300] {dag.py:3089} INFO - Sync 1 DAGs
[2026-04-29T09:42:29.534+0300] {logging_mixin.py:188} INFO - [2026-04-29T09:42:29.532+0300] {dag.py:3947} INFO - Setting next_dagrun for example_short_circuit_decorator to 2026-04-28 00:00:00+00:00, run_after=2026-04-29 00:00:00+00:00
[2026-04-29T09:42:29.691+0300] {processor.py:183} INFO - Processing /mnt/d/airflow/airflow_project/airflow_venv/lib/python3.12/site-packages/airflow/example_dags/example_short_circuit_decorator.py took 0.446 seconds
[2026-04-29T09:43:38.055+0300] {processor.py:161} INFO - Started process (PID=36520) to work on /mnt/d/airflow/airflow_project/airflow_venv/lib/python3.12/site-packages/airflow/example_dags/example_short_circuit_decorator.py
[2026-04-29T09:43:38.057+0300] {processor.py:830} INFO - Processing file /mnt/d/airflow/airflow_project/airflow_venv/lib/python3.12/site-packages/airflow/example_dags/example_short_circuit_decorator.py for tasks to queue
[2026-04-29T09:43:38.061+0300] {logging_mixin.py:188} INFO - [2026-04-29T09:43:38.060+0300] {dagbag.py:545} INFO - Filling up the DagBag from /mnt/d/airflow/airflow_project/airflow_venv/lib/python3.12/site-packages/airflow/example_dags/example_short_circuit_decorator.py
[2026-04-29T09:43:38.092+0300] {processor.py:840} INFO - DAG(s) 'example_short_circuit_decorator' retrieved from /mnt/d/airflow/airflow_project/airflow_venv/lib/python3.12/site-packages/airflow/example_dags/example_short_circuit_decorator.py
[2026-04-29T09:43:39.959+0300] {logging_mixin.py:188} INFO - [2026-04-29T09:43:39.958+0300] {dag.py:3089} INFO - Sync 1 DAGs
[2026-04-29T09:43:39.988+0300] {logging_mixin.py:188} INFO - [2026-04-29T09:43:39.987+0300] {dag.py:3947} INFO - Setting next_dagrun for example_short_circuit_decorator to 2026-04-28 00:00:00+00:00, run_after=2026-04-29 00:00:00+00:00
[2026-04-29T09:43:40.227+0300] {processor.py:183} INFO - Processing /mnt/d/airflow/airflow_project/airflow_venv/lib/python3.12/site-packages/airflow/example_dags/example_short_circuit_decorator.py took 2.189 seconds
[2026-04-29T09:46:36.149+0300] {processor.py:161} INFO - Started process (PID=37528) to work on /mnt/d/airflow/airflow_project/airflow_venv/lib/python3.12/site-packages/airflow/example_dags/example_short_circuit_decorator.py
[2026-04-29T09:46:36.169+0300] {processor.py:830} INFO - Processing file /mnt/d/airflow/airflow_project/airflow_venv/lib/python3.12/site-packages/airflow/example_dags/example_short_circuit_decorator.py for tasks to queue
[2026-04-29T09:46:36.193+0300] {logging_mixin.py:188} INFO - [2026-04-29T09:46:36.189+0300] {dagbag.py:545} INFO - Filling up the DagBag from /mnt/d/airflow/airflow_project/airflow_venv/lib/python3.12/site-packages/airflow/example_dags/example_short_circuit_decorator.py
[2026-04-29T09:46:36.301+0300] {processor.py:840} INFO - DAG(s) 'example_short_circuit_decorator' retrieved from /mnt/d/airflow/airflow_project/airflow_venv/lib/python3.12/site-packages/airflow/example_dags/example_short_circuit_decorator.py
[2026-04-29T09:46:36.361+0300] {logging_mixin.py:188} INFO - [2026-04-29T09:46:36.359+0300] {dag.py:3089} INFO - Sync 1 DAGs
[2026-04-29T09:46:36.411+0300] {logging_mixin.py:188} INFO - [2026-04-29T09:46:36.410+0300] {dag.py:3947} INFO - Setting next_dagrun for example_short_circuit_decorator to 2026-04-28 00:00:00+00:00, run_after=2026-04-29 00:00:00+00:00
[2026-04-29T09:46:36.496+0300] {processor.py:183} INFO - Processing /mnt/d/airflow/airflow_project/airflow_venv/lib/python3.12/site-packages/airflow/example_dags/example_short_circuit_decorator.py took 0.367 seconds
[2026-04-29T09:48:17.236+0300] {processor.py:161} INFO - Started process (PID=38088) to work on /mnt/d/airflow/airflow_project/airflow_venv/lib/python3.12/site-packages/airflow/example_dags/example_short_circuit_decorator.py
[2026-04-29T09:48:17.242+0300] {processor.py:830} INFO - Processing file /mnt/d/airflow/airflow_project/airflow_venv/lib/python3.12/site-packages/airflow/example_dags/example_short_circuit_decorator.py for tasks to queue
[2026-04-29T09:48:17.252+0300] {logging_mixin.py:188} INFO - [2026-04-29T09:48:17.248+0300] {dagbag.py:545} INFO - Filling up the DagBag from /mnt/d/airflow/airflow_project/airflow_venv/lib/python3.12/site-packages/airflow/example_dags/example_short_circuit_decorator.py
[2026-04-29T09:48:17.339+0300] {processor.py:840} INFO - DAG(s) 'example_short_circuit_decorator' retrieved from /mnt/d/airflow/airflow_project/airflow_venv/lib/python3.12/site-packages/airflow/example_dags/example_short_circuit_decorator.py
[2026-04-29T09:48:17.419+0300] {logging_mixin.py:188} INFO - [2026-04-29T09:48:17.414+0300] {dag.py:3089} INFO - Sync 1 DAGs
[2026-04-29T09:48:17.468+0300] {logging_mixin.py:188} INFO - [2026-04-29T09:48:17.464+0300] {dag.py:3947} INFO - Setting next_dagrun for example_short_circuit_decorator to 2026-04-28 00:00:00+00:00, run_after=2026-04-29 00:00:00+00:00
[2026-04-29T09:48:17.564+0300] {processor.py:183} INFO - Processing /mnt/d/airflow/airflow_project/airflow_venv/lib/python3.12/site-packages/airflow/example_dags/example_short_circuit_decorator.py took 0.364 seconds
[2026-04-29T09:49:32.184+0300] {processor.py:161} INFO - Started process (PID=38513) to work on /mnt/d/airflow/airflow_project/airflow_venv/lib/python3.12/site-packages/airflow/example_dags/example_short_circuit_decorator.py
[2026-04-29T09:49:32.188+0300] {processor.py:830} INFO - Processing file /mnt/d/airflow/airflow_project/airflow_venv/lib/python3.12/site-packages/airflow/example_dags/example_short_circuit_decorator.py for tasks to queue
[2026-04-29T09:49:32.195+0300] {logging_mixin.py:188} INFO - [2026-04-29T09:49:32.193+0300] {dagbag.py:545} INFO - Filling up the DagBag from /mnt/d/airflow/airflow_project/airflow_venv/lib/python3.12/site-packages/airflow/example_dags/example_short_circuit_decorator.py
[2026-04-29T09:49:32.273+0300] {processor.py:840} INFO - DAG(s) 'example_short_circuit_decorator' retrieved from /mnt/d/airflow/airflow_project/airflow_venv/lib/python3.12/site-packages/airflow/example_dags/example_short_circuit_decorator.py
[2026-04-29T09:49:32.340+0300] {logging_mixin.py:188} INFO - [2026-04-29T09:49:32.338+0300] {dag.py:3089} INFO - Sync 1 DAGs
[2026-04-29T09:49:32.390+0300] {logging_mixin.py:188} INFO - [2026-04-29T09:49:32.389+0300] {dag.py:3947} INFO - Setting next_dagrun for example_short_circuit_decorator to 2026-04-28 00:00:00+00:00, run_after=2026-04-29 00:00:00+00:00
[2026-04-29T09:49:32.581+0300] {processor.py:183} INFO - Processing /mnt/d/airflow/airflow_project/airflow_venv/lib/python3.12/site-packages/airflow/example_dags/example_short_circuit_decorator.py took 0.431 seconds
[2026-04-29T09:50:39.697+0300] {processor.py:161} INFO - Started process (PID=38887) to work on /mnt/d/airflow/airflow_project/airflow_venv/lib/python3.12/site-packages/airflow/example_dags/example_short_circuit_decorator.py
[2026-04-29T09:50:39.702+0300] {processor.py:830} INFO - Processing file /mnt/d/airflow/airflow_project/airflow_venv/lib/python3.12/site-packages/airflow/example_dags/example_short_circuit_decorator.py for tasks to queue
[2026-04-29T09:50:39.707+0300] {logging_mixin.py:188} INFO - [2026-04-29T09:50:39.705+0300] {dagbag.py:545} INFO - Filling up the DagBag from /mnt/d/airflow/airflow_project/airflow_venv/lib/python3.12/site-packages/airflow/example_dags/example_short_circuit_decorator.py
[2026-04-29T09:50:39.768+0300] {processor.py:840} INFO - DAG(s) 'example_short_circuit_decorator' retrieved from /mnt/d/airflow/airflow_project/airflow_venv/lib/python3.12/site-packages/airflow/example_dags/example_short_circuit_decorator.py
[2026-04-29T09:50:39.841+0300] {logging_mixin.py:188} INFO - [2026-04-29T09:50:39.839+0300] {dag.py:3089} INFO - Sync 1 DAGs
[2026-04-29T09:50:39.915+0300] {logging_mixin.py:188} INFO - [2026-04-29T09:50:39.909+0300] {dag.py:3947} INFO - Setting next_dagrun for example_short_circuit_decorator to 2026-04-28 00:00:00+00:00, run_after=2026-04-29 00:00:00+00:00
[2026-04-29T09:50:40.069+0300] {processor.py:183} INFO - Processing /mnt/d/airflow/airflow_project/airflow_venv/lib/python3.12/site-packages/airflow/example_dags/example_short_circuit_decorator.py took 0.426 seconds
[2026-04-29T09:51:51.403+0300] {processor.py:161} INFO - Started process (PID=39313) to work on /mnt/d/airflow/airflow_project/airflow_venv/lib/python3.12/site-packages/airflow/example_dags/example_short_circuit_decorator.py
[2026-04-29T09:51:51.407+0300] {processor.py:830} INFO - Processing file /mnt/d/airflow/airflow_project/airflow_venv/lib/python3.12/site-packages/airflow/example_dags/example_short_circuit_decorator.py for tasks to queue
[2026-04-29T09:51:51.413+0300] {logging_mixin.py:188} INFO - [2026-04-29T09:51:51.411+0300] {dagbag.py:545} INFO - Filling up the DagBag from /mnt/d/airflow/airflow_project/airflow_venv/lib/python3.12/site-packages/airflow/example_dags/example_short_circuit_decorator.py
[2026-04-29T09:51:51.462+0300] {processor.py:840} INFO - DAG(s) 'example_short_circuit_decorator' retrieved from /mnt/d/airflow/airflow_project/airflow_venv/lib/python3.12/site-packages/airflow/example_dags/example_short_circuit_decorator.py
[2026-04-29T09:51:51.540+0300] {logging_mixin.py:188} INFO - [2026-04-29T09:51:51.537+0300] {dag.py:3089} INFO - Sync 1 DAGs
[2026-04-29T09:51:51.597+0300] {logging_mixin.py:188} INFO - [2026-04-29T09:51:51.595+0300] {dag.py:3947} INFO - Setting next_dagrun for example_short_circuit_decorator to 2026-04-28 00:00:00+00:00, run_after=2026-04-29 00:00:00+00:00
[2026-04-29T09:51:51.927+0300] {processor.py:183} INFO - Processing /mnt/d/airflow/airflow_project/airflow_venv/lib/python3.12/site-packages/airflow/example_dags/example_short_circuit_decorator.py took 0.551 seconds
[2026-04-29T09:56:03.532+0300] {processor.py:161} INFO - Started process (PID=40747) to work on /mnt/d/airflow/airflow_project/airflow_venv/lib/python3.12/site-packages/airflow/example_dags/example_short_circuit_decorator.py
[2026-04-29T09:56:03.535+0300] {processor.py:830} INFO - Processing file /mnt/d/airflow/airflow_project/airflow_venv/lib/python3.12/site-packages/airflow/example_dags/example_short_circuit_decorator.py for tasks to queue
[2026-04-29T09:56:03.541+0300] {logging_mixin.py:188} INFO - [2026-04-29T09:56:03.538+0300] {dagbag.py:545} INFO - Filling up the DagBag from /mnt/d/airflow/airflow_project/airflow_venv/lib/python3.12/site-packages/airflow/example_dags/example_short_circuit_decorator.py
[2026-04-29T09:56:03.584+0300] {processor.py:840} INFO - DAG(s) 'example_short_circuit_decorator' retrieved from /mnt/d/airflow/airflow_project/airflow_venv/lib/python3.12/site-packages/airflow/example_dags/example_short_circuit_decorator.py
[2026-04-29T09:56:03.637+0300] {logging_mixin.py:188} INFO - [2026-04-29T09:56:03.634+0300] {dag.py:3089} INFO - Sync 1 DAGs
[2026-04-29T09:56:03.684+0300] {logging_mixin.py:188} INFO - [2026-04-29T09:56:03.682+0300] {dag.py:3947} INFO - Setting next_dagrun for example_short_circuit_decorator to 2026-04-28 00:00:00+00:00, run_after=2026-04-29 00:00:00+00:00
[2026-04-29T09:56:03.855+0300] {processor.py:183} INFO - Processing /mnt/d/airflow/airflow_project/airflow_venv/lib/python3.12/site-packages/airflow/example_dags/example_short_circuit_decorator.py took 0.340 seconds
[2026-04-29T09:59:00.627+0300] {processor.py:161} INFO - Started process (PID=41764) to work on /mnt/d/airflow/airflow_project/airflow_venv/lib/python3.12/site-packages/airflow/example_dags/example_short_circuit_decorator.py
[2026-04-29T09:59:00.631+0300] {processor.py:830} INFO - Processing file /mnt/d/airflow/airflow_project/airflow_venv/lib/python3.12/site-packages/airflow/example_dags/example_short_circuit_decorator.py for tasks to queue
[2026-04-29T09:59:00.641+0300] {logging_mixin.py:188} INFO - [2026-04-29T09:59:00.637+0300] {dagbag.py:545} INFO - Filling up the DagBag from /mnt/d/airflow/airflow_project/airflow_venv/lib/python3.12/site-packages/airflow/example_dags/example_short_circuit_decorator.py
[2026-04-29T09:59:00.730+0300] {processor.py:840} INFO - DAG(s) 'example_short_circuit_decorator' retrieved from /mnt/d/airflow/airflow_project/airflow_venv/lib/python3.12/site-packages/airflow/example_dags/example_short_circuit_decorator.py
[2026-04-29T09:59:00.808+0300] {logging_mixin.py:188} INFO - [2026-04-29T09:59:00.806+0300] {dag.py:3089} INFO - Sync 1 DAGs
[2026-04-29T09:59:00.867+0300] {logging_mixin.py:188} INFO - [2026-04-29T09:59:00.865+0300] {dag.py:3947} INFO - Setting next_dagrun for example_short_circuit_decorator to 2026-04-28 00:00:00+00:00, run_after=2026-04-29 00:00:00+00:00
[2026-04-29T09:59:01.087+0300] {processor.py:183} INFO - Processing /mnt/d/airflow/airflow_project/airflow_venv/lib/python3.12/site-packages/airflow/example_dags/example_short_circuit_decorator.py took 0.496 seconds
[2026-04-29T10:00:59.675+0300] {processor.py:161} INFO - Started process (PID=42408) to work on /mnt/d/airflow/airflow_project/airflow_venv/lib/python3.12/site-packages/airflow/example_dags/example_short_circuit_decorator.py
[2026-04-29T10:00:59.678+0300] {processor.py:830} INFO - Processing file /mnt/d/airflow/airflow_project/airflow_venv/lib/python3.12/site-packages/airflow/example_dags/example_short_circuit_decorator.py for tasks to queue
[2026-04-29T10:00:59.684+0300] {logging_mixin.py:188} INFO - [2026-04-29T10:00:59.682+0300] {dagbag.py:545} INFO - Filling up the DagBag from /mnt/d/airflow/airflow_project/airflow_venv/lib/python3.12/site-packages/airflow/example_dags/example_short_circuit_decorator.py
[2026-04-29T10:00:59.737+0300] {processor.py:840} INFO - DAG(s) 'example_short_circuit_decorator' retrieved from /mnt/d/airflow/airflow_project/airflow_venv/lib/python3.12/site-packages/airflow/example_dags/example_short_circuit_decorator.py
[2026-04-29T10:00:59.794+0300] {logging_mixin.py:188} INFO - [2026-04-29T10:00:59.792+0300] {dag.py:3089} INFO - Sync 1 DAGs
[2026-04-29T10:00:59.989+0300] {logging_mixin.py:188} INFO - [2026-04-29T10:00:59.986+0300] {dag.py:3947} INFO - Setting next_dagrun for example_short_circuit_decorator to 2026-04-28 00:00:00+00:00, run_after=2026-04-29 00:00:00+00:00
[2026-04-29T10:01:00.172+0300] {processor.py:183} INFO - Processing /mnt/d/airflow/airflow_project/airflow_venv/lib/python3.12/site-packages/airflow/example_dags/example_short_circuit_decorator.py took 0.520 seconds
[2026-04-29T10:02:52.184+0300] {processor.py:161} INFO - Started process (PID=43024) to work on /mnt/d/airflow/airflow_project/airflow_venv/lib/python3.12/site-packages/airflow/example_dags/example_short_circuit_decorator.py
[2026-04-29T10:02:52.190+0300] {processor.py:830} INFO - Processing file /mnt/d/airflow/airflow_project/airflow_venv/lib/python3.12/site-packages/airflow/example_dags/example_short_circuit_decorator.py for tasks to queue
[2026-04-29T10:02:52.198+0300] {logging_mixin.py:188} INFO - [2026-04-29T10:02:52.194+0300] {dagbag.py:545} INFO - Filling up the DagBag from /mnt/d/airflow/airflow_project/airflow_venv/lib/python3.12/site-packages/airflow/example_dags/example_short_circuit_decorator.py
[2026-04-29T10:02:52.274+0300] {processor.py:840} INFO - DAG(s) 'example_short_circuit_decorator' retrieved from /mnt/d/airflow/airflow_project/airflow_venv/lib/python3.12/site-packages/airflow/example_dags/example_short_circuit_decorator.py
[2026-04-29T10:02:52.347+0300] {logging_mixin.py:188} INFO - [2026-04-29T10:02:52.345+0300] {dag.py:3089} INFO - Sync 1 DAGs
[2026-04-29T10:02:52.414+0300] {logging_mixin.py:188} INFO - [2026-04-29T10:02:52.412+0300] {dag.py:3947} INFO - Setting next_dagrun for example_short_circuit_decorator to 2026-04-28 00:00:00+00:00, run_after=2026-04-29 00:00:00+00:00
[2026-04-29T10:02:52.583+0300] {processor.py:183} INFO - Processing /mnt/d/airflow/airflow_project/airflow_venv/lib/python3.12/site-packages/airflow/example_dags/example_short_circuit_decorator.py took 0.432 seconds
[2026-04-29T10:04:34.949+0300] {processor.py:161} INFO - Started process (PID=43620) to work on /mnt/d/airflow/airflow_project/airflow_venv/lib/python3.12/site-packages/airflow/example_dags/example_short_circuit_decorator.py
[2026-04-29T10:04:34.952+0300] {processor.py:830} INFO - Processing file /mnt/d/airflow/airflow_project/airflow_venv/lib/python3.12/site-packages/airflow/example_dags/example_short_circuit_decorator.py for tasks to queue
[2026-04-29T10:04:34.962+0300] {logging_mixin.py:188} INFO - [2026-04-29T10:04:34.956+0300] {dagbag.py:545} INFO - Filling up the DagBag from /mnt/d/airflow/airflow_project/airflow_venv/lib/python3.12/site-packages/airflow/example_dags/example_short_circuit_decorator.py
[2026-04-29T10:04:35.028+0300] {processor.py:840} INFO - DAG(s) 'example_short_circuit_decorator' retrieved from /mnt/d/airflow/airflow_project/airflow_venv/lib/python3.12/site-packages/airflow/example_dags/example_short_circuit_decorator.py
[2026-04-29T10:04:35.066+0300] {logging_mixin.py:188} INFO - [2026-04-29T10:04:35.066+0300] {dag.py:3089} INFO - Sync 1 DAGs
[2026-04-29T10:04:35.206+0300] {logging_mixin.py:188} INFO - [2026-04-29T10:04:35.205+0300] {dag.py:3947} INFO - Setting next_dagrun for example_short_circuit_decorator to 2026-04-28 00:00:00+00:00, run_after=2026-04-29 00:00:00+00:00
[2026-04-29T10:04:35.304+0300] {processor.py:183} INFO - Processing /mnt/d/airflow/airflow_project/airflow_venv/lib/python3.12/site-packages/airflow/example_dags/example_short_circuit_decorator.py took 0.373 seconds
[2026-04-29T10:06:48.630+0300] {processor.py:161} INFO - Started process (PID=44372) to work on /mnt/d/airflow/airflow_project/airflow_venv/lib/python3.12/site-packages/airflow/example_dags/example_short_circuit_decorator.py
[2026-04-29T10:06:48.634+0300] {processor.py:830} INFO - Processing file /mnt/d/airflow/airflow_project/airflow_venv/lib/python3.12/site-packages/airflow/example_dags/example_short_circuit_decorator.py for tasks to queue
[2026-04-29T10:06:48.640+0300] {logging_mixin.py:188} INFO - [2026-04-29T10:06:48.638+0300] {dagbag.py:545} INFO - Filling up the DagBag from /mnt/d/airflow/airflow_project/airflow_venv/lib/python3.12/site-packages/airflow/example_dags/example_short_circuit_decorator.py
[2026-04-29T10:06:48.692+0300] {processor.py:840} INFO - DAG(s) 'example_short_circuit_decorator' retrieved from /mnt/d/airflow/airflow_project/airflow_venv/lib/python3.12/site-packages/airflow/example_dags/example_short_circuit_decorator.py
[2026-04-29T10:06:48.751+0300] {logging_mixin.py:188} INFO - [2026-04-29T10:06:48.747+0300] {dag.py:3089} INFO - Sync 1 DAGs
[2026-04-29T10:06:48.965+0300] {logging_mixin.py:188} INFO - [2026-04-29T10:06:48.963+0300] {dag.py:3947} INFO - Setting next_dagrun for example_short_circuit_decorator to 2026-04-28 00:00:00+00:00, run_after=2026-04-29 00:00:00+00:00
[2026-04-29T10:06:49.099+0300] {processor.py:183} INFO - Processing /mnt/d/airflow/airflow_project/airflow_venv/lib/python3.12/site-packages/airflow/example_dags/example_short_circuit_decorator.py took 0.495 seconds
[2026-04-29T10:08:53.575+0300] {processor.py:161} INFO - Started process (PID=45063) to work on /mnt/d/airflow/airflow_project/airflow_venv/lib/python3.12/site-packages/airflow/example_dags/example_short_circuit_decorator.py
[2026-04-29T10:08:53.579+0300] {processor.py:830} INFO - Processing file /mnt/d/airflow/airflow_project/airflow_venv/lib/python3.12/site-packages/airflow/example_dags/example_short_circuit_decorator.py for tasks to queue
[2026-04-29T10:08:53.586+0300] {logging_mixin.py:188} INFO - [2026-04-29T10:08:53.584+0300] {dagbag.py:545} INFO - Filling up the DagBag from /mnt/d/airflow/airflow_project/airflow_venv/lib/python3.12/site-packages/airflow/example_dags/example_short_circuit_decorator.py
[2026-04-29T10:08:53.652+0300] {processor.py:840} INFO - DAG(s) 'example_short_circuit_decorator' retrieved from /mnt/d/airflow/airflow_project/airflow_venv/lib/python3.12/site-packages/airflow/example_dags/example_short_circuit_decorator.py
[2026-04-29T10:08:53.713+0300] {logging_mixin.py:188} INFO - [2026-04-29T10:08:53.710+0300] {dag.py:3089} INFO - Sync 1 DAGs
[2026-04-29T10:08:53.775+0300] {logging_mixin.py:188} INFO - [2026-04-29T10:08:53.774+0300] {dag.py:3947} INFO - Setting next_dagrun for example_short_circuit_decorator to 2026-04-28 00:00:00+00:00, run_after=2026-04-29 00:00:00+00:00
[2026-04-29T10:08:53.869+0300] {processor.py:183} INFO - Processing /mnt/d/airflow/airflow_project/airflow_venv/lib/python3.12/site-packages/airflow/example_dags/example_short_circuit_decorator.py took 0.323 seconds
[2026-04-29T10:11:05.179+0300] {processor.py:161} INFO - Started process (PID=45786) to work on /mnt/d/airflow/airflow_project/airflow_venv/lib/python3.12/site-packages/airflow/example_dags/example_short_circuit_decorator.py
[2026-04-29T10:11:05.183+0300] {processor.py:830} INFO - Processing file /mnt/d/airflow/airflow_project/airflow_venv/lib/python3.12/site-packages/airflow/example_dags/example_short_circuit_decorator.py for tasks to queue
[2026-04-29T10:11:05.189+0300] {logging_mixin.py:188} INFO - [2026-04-29T10:11:05.186+0300] {dagbag.py:545} INFO - Filling up the DagBag from /mnt/d/airflow/airflow_project/airflow_venv/lib/python3.12/site-packages/airflow/example_dags/example_short_circuit_decorator.py
[2026-04-29T10:11:05.257+0300] {processor.py:840} INFO - DAG(s) 'example_short_circuit_decorator' retrieved from /mnt/d/airflow/airflow_project/airflow_venv/lib/python3.12/site-packages/airflow/example_dags/example_short_circuit_decorator.py
[2026-04-29T10:11:05.332+0300] {logging_mixin.py:188} INFO - [2026-04-29T10:11:05.329+0300] {dag.py:3089} INFO - Sync 1 DAGs
[2026-04-29T10:11:05.379+0300] {logging_mixin.py:188} INFO - [2026-04-29T10:11:05.378+0300] {dag.py:3947} INFO - Setting next_dagrun for example_short_circuit_decorator to 2026-04-28 00:00:00+00:00, run_after=2026-04-29 00:00:00+00:00
[2026-04-29T10:11:05.467+0300] {processor.py:183} INFO - Processing /mnt/d/airflow/airflow_project/airflow_venv/lib/python3.12/site-packages/airflow/example_dags/example_short_circuit_decorator.py took 0.313 seconds
[2026-04-29T10:12:15.334+0300] {processor.py:161} INFO - Started process (PID=46169) to work on /mnt/d/airflow/airflow_project/airflow_venv/lib/python3.12/site-packages/airflow/example_dags/example_short_circuit_decorator.py
[2026-04-29T10:12:15.337+0300] {processor.py:830} INFO - Processing file /mnt/d/airflow/airflow_project/airflow_venv/lib/python3.12/site-packages/airflow/example_dags/example_short_circuit_decorator.py for tasks to queue
[2026-04-29T10:12:15.344+0300] {logging_mixin.py:188} INFO - [2026-04-29T10:12:15.341+0300] {dagbag.py:545} INFO - Filling up the DagBag from /mnt/d/airflow/airflow_project/airflow_venv/lib/python3.12/site-packages/airflow/example_dags/example_short_circuit_decorator.py
[2026-04-29T10:12:15.411+0300] {processor.py:840} INFO - DAG(s) 'example_short_circuit_decorator' retrieved from /mnt/d/airflow/airflow_project/airflow_venv/lib/python3.12/site-packages/airflow/example_dags/example_short_circuit_decorator.py
[2026-04-29T10:12:15.453+0300] {logging_mixin.py:188} INFO - [2026-04-29T10:12:15.452+0300] {dag.py:3089} INFO - Sync 1 DAGs
[2026-04-29T10:12:15.488+0300] {logging_mixin.py:188} INFO - [2026-04-29T10:12:15.487+0300] {dag.py:3947} INFO - Setting next_dagrun for example_short_circuit_decorator to 2026-04-28 00:00:00+00:00, run_after=2026-04-29 00:00:00+00:00
[2026-04-29T10:12:15.552+0300] {processor.py:183} INFO - Processing /mnt/d/airflow/airflow_project/airflow_venv/lib/python3.12/site-packages/airflow/example_dags/example_short_circuit_decorator.py took 0.245 seconds
