[2026-04-29T09:16:21.108+0300] {processor.py:161} INFO - Started process (PID=26910) to work on /mnt/d/airflow/airflow_project/airflow_venv/lib/python3.12/site-packages/airflow/example_dags/example_branch_operator.py
[2026-04-29T09:16:21.112+0300] {processor.py:830} INFO - Processing file /mnt/d/airflow/airflow_project/airflow_venv/lib/python3.12/site-packages/airflow/example_dags/example_branch_operator.py for tasks to queue
[2026-04-29T09:16:21.119+0300] {logging_mixin.py:188} INFO - [2026-04-29T09:16:21.116+0300] {dagbag.py:545} INFO - Filling up the DagBag from /mnt/d/airflow/airflow_project/airflow_venv/lib/python3.12/site-packages/airflow/example_dags/example_branch_operator.py
[2026-04-29T09:16:21.304+0300] {processor.py:840} INFO - DAG(s) 'example_branch_operator' retrieved from /mnt/d/airflow/airflow_project/airflow_venv/lib/python3.12/site-packages/airflow/example_dags/example_branch_operator.py
[2026-04-29T09:16:24.057+0300] {logging_mixin.py:188} INFO - [2026-04-29T09:16:24.055+0300] {override.py:1858} INFO - Created Permission View: can edit on DAG:example_branch_operator
[2026-04-29T09:16:24.111+0300] {logging_mixin.py:188} INFO - [2026-04-29T09:16:24.110+0300] {override.py:1858} INFO - Created Permission View: can delete on DAG:example_branch_operator
[2026-04-29T09:16:24.155+0300] {logging_mixin.py:188} INFO - [2026-04-29T09:16:24.154+0300] {override.py:1858} INFO - Created Permission View: can read on DAG:example_branch_operator
[2026-04-29T09:16:24.157+0300] {logging_mixin.py:188} INFO - [2026-04-29T09:16:24.156+0300] {dag.py:3089} INFO - Sync 1 DAGs
[2026-04-29T09:16:24.173+0300] {logging_mixin.py:188} INFO - [2026-04-29T09:16:24.172+0300] {dag.py:3111} INFO - Creating ORM DAG for example_branch_operator
[2026-04-29T09:16:24.185+0300] {logging_mixin.py:188} INFO - [2026-04-29T09:16:24.184+0300] {dag.py:3947} INFO - Setting next_dagrun for example_branch_operator to 2026-04-28 00:00:00+00:00, run_after=2026-04-29 00:00:00+00:00
[2026-04-29T09:16:24.262+0300] {processor.py:183} INFO - Processing /mnt/d/airflow/airflow_project/airflow_venv/lib/python3.12/site-packages/airflow/example_dags/example_branch_operator.py took 2.553 seconds
[2026-04-29T09:18:49.033+0300] {processor.py:161} INFO - Started process (PID=27778) to work on /mnt/d/airflow/airflow_project/airflow_venv/lib/python3.12/site-packages/airflow/example_dags/example_branch_operator.py
[2026-04-29T09:18:49.037+0300] {processor.py:830} INFO - Processing file /mnt/d/airflow/airflow_project/airflow_venv/lib/python3.12/site-packages/airflow/example_dags/example_branch_operator.py for tasks to queue
[2026-04-29T09:18:49.041+0300] {logging_mixin.py:188} INFO - [2026-04-29T09:18:49.040+0300] {dagbag.py:545} INFO - Filling up the DagBag from /mnt/d/airflow/airflow_project/airflow_venv/lib/python3.12/site-packages/airflow/example_dags/example_branch_operator.py
[2026-04-29T09:18:49.213+0300] {processor.py:840} INFO - DAG(s) 'example_branch_operator' retrieved from /mnt/d/airflow/airflow_project/airflow_venv/lib/python3.12/site-packages/airflow/example_dags/example_branch_operator.py
[2026-04-29T09:18:49.355+0300] {logging_mixin.py:188} INFO - [2026-04-29T09:18:49.353+0300] {dag.py:3089} INFO - Sync 1 DAGs
[2026-04-29T09:18:49.389+0300] {logging_mixin.py:188} INFO - [2026-04-29T09:18:49.388+0300] {dag.py:3947} INFO - Setting next_dagrun for example_branch_operator to 2026-04-28 00:00:00+00:00, run_after=2026-04-29 00:00:00+00:00
[2026-04-29T09:18:49.500+0300] {processor.py:183} INFO - Processing /mnt/d/airflow/airflow_project/airflow_venv/lib/python3.12/site-packages/airflow/example_dags/example_branch_operator.py took 0.493 seconds
[2026-04-29T09:21:10.908+0300] {processor.py:161} INFO - Started process (PID=28609) to work on /mnt/d/airflow/airflow_project/airflow_venv/lib/python3.12/site-packages/airflow/example_dags/example_branch_operator.py
[2026-04-29T09:21:10.912+0300] {processor.py:830} INFO - Processing file /mnt/d/airflow/airflow_project/airflow_venv/lib/python3.12/site-packages/airflow/example_dags/example_branch_operator.py for tasks to queue
[2026-04-29T09:21:10.921+0300] {logging_mixin.py:188} INFO - [2026-04-29T09:21:10.918+0300] {dagbag.py:545} INFO - Filling up the DagBag from /mnt/d/airflow/airflow_project/airflow_venv/lib/python3.12/site-packages/airflow/example_dags/example_branch_operator.py
[2026-04-29T09:21:11.096+0300] {processor.py:840} INFO - DAG(s) 'example_branch_operator' retrieved from /mnt/d/airflow/airflow_project/airflow_venv/lib/python3.12/site-packages/airflow/example_dags/example_branch_operator.py
[2026-04-29T09:21:11.174+0300] {logging_mixin.py:188} INFO - [2026-04-29T09:21:11.171+0300] {dag.py:3089} INFO - Sync 1 DAGs
[2026-04-29T09:21:11.217+0300] {logging_mixin.py:188} INFO - [2026-04-29T09:21:11.215+0300] {dag.py:3947} INFO - Setting next_dagrun for example_branch_operator to 2026-04-28 00:00:00+00:00, run_after=2026-04-29 00:00:00+00:00
[2026-04-29T09:21:11.399+0300] {processor.py:183} INFO - Processing /mnt/d/airflow/airflow_project/airflow_venv/lib/python3.12/site-packages/airflow/example_dags/example_branch_operator.py took 0.519 seconds
[2026-04-29T09:23:07.904+0300] {processor.py:161} INFO - Started process (PID=29293) to work on /mnt/d/airflow/airflow_project/airflow_venv/lib/python3.12/site-packages/airflow/example_dags/example_branch_operator.py
[2026-04-29T09:23:07.906+0300] {processor.py:830} INFO - Processing file /mnt/d/airflow/airflow_project/airflow_venv/lib/python3.12/site-packages/airflow/example_dags/example_branch_operator.py for tasks to queue
[2026-04-29T09:23:07.909+0300] {logging_mixin.py:188} INFO - [2026-04-29T09:23:07.907+0300] {dagbag.py:545} INFO - Filling up the DagBag from /mnt/d/airflow/airflow_project/airflow_venv/lib/python3.12/site-packages/airflow/example_dags/example_branch_operator.py
[2026-04-29T09:23:07.978+0300] {processor.py:840} INFO - DAG(s) 'example_branch_operator' retrieved from /mnt/d/airflow/airflow_project/airflow_venv/lib/python3.12/site-packages/airflow/example_dags/example_branch_operator.py
[2026-04-29T09:23:08.025+0300] {logging_mixin.py:188} INFO - [2026-04-29T09:23:08.023+0300] {dag.py:3089} INFO - Sync 1 DAGs
[2026-04-29T09:23:08.060+0300] {logging_mixin.py:188} INFO - [2026-04-29T09:23:08.057+0300] {dag.py:3947} INFO - Setting next_dagrun for example_branch_operator to 2026-04-28 00:00:00+00:00, run_after=2026-04-29 00:00:00+00:00
[2026-04-29T09:23:08.244+0300] {processor.py:183} INFO - Processing /mnt/d/airflow/airflow_project/airflow_venv/lib/python3.12/site-packages/airflow/example_dags/example_branch_operator.py took 0.355 seconds
[2026-04-29T09:25:26.846+0300] {processor.py:161} INFO - Started process (PID=30073) to work on /mnt/d/airflow/airflow_project/airflow_venv/lib/python3.12/site-packages/airflow/example_dags/example_branch_operator.py
[2026-04-29T09:25:26.852+0300] {processor.py:830} INFO - Processing file /mnt/d/airflow/airflow_project/airflow_venv/lib/python3.12/site-packages/airflow/example_dags/example_branch_operator.py for tasks to queue
[2026-04-29T09:25:26.859+0300] {logging_mixin.py:188} INFO - [2026-04-29T09:25:26.857+0300] {dagbag.py:545} INFO - Filling up the DagBag from /mnt/d/airflow/airflow_project/airflow_venv/lib/python3.12/site-packages/airflow/example_dags/example_branch_operator.py
[2026-04-29T09:25:26.975+0300] {processor.py:840} INFO - DAG(s) 'example_branch_operator' retrieved from /mnt/d/airflow/airflow_project/airflow_venv/lib/python3.12/site-packages/airflow/example_dags/example_branch_operator.py
[2026-04-29T09:25:27.061+0300] {logging_mixin.py:188} INFO - [2026-04-29T09:25:27.058+0300] {dag.py:3089} INFO - Sync 1 DAGs
[2026-04-29T09:25:27.114+0300] {logging_mixin.py:188} INFO - [2026-04-29T09:25:27.112+0300] {dag.py:3947} INFO - Setting next_dagrun for example_branch_operator to 2026-04-28 00:00:00+00:00, run_after=2026-04-29 00:00:00+00:00
[2026-04-29T09:25:27.291+0300] {processor.py:183} INFO - Processing /mnt/d/airflow/airflow_project/airflow_venv/lib/python3.12/site-packages/airflow/example_dags/example_branch_operator.py took 0.476 seconds
[2026-04-29T09:27:52.139+0300] {processor.py:161} INFO - Started process (PID=30887) to work on /mnt/d/airflow/airflow_project/airflow_venv/lib/python3.12/site-packages/airflow/example_dags/example_branch_operator.py
[2026-04-29T09:27:52.142+0300] {processor.py:830} INFO - Processing file /mnt/d/airflow/airflow_project/airflow_venv/lib/python3.12/site-packages/airflow/example_dags/example_branch_operator.py for tasks to queue
[2026-04-29T09:27:52.150+0300] {logging_mixin.py:188} INFO - [2026-04-29T09:27:52.147+0300] {dagbag.py:545} INFO - Filling up the DagBag from /mnt/d/airflow/airflow_project/airflow_venv/lib/python3.12/site-packages/airflow/example_dags/example_branch_operator.py
[2026-04-29T09:27:52.327+0300] {processor.py:840} INFO - DAG(s) 'example_branch_operator' retrieved from /mnt/d/airflow/airflow_project/airflow_venv/lib/python3.12/site-packages/airflow/example_dags/example_branch_operator.py
[2026-04-29T09:27:52.383+0300] {logging_mixin.py:188} INFO - [2026-04-29T09:27:52.380+0300] {dag.py:3089} INFO - Sync 1 DAGs
[2026-04-29T09:27:52.418+0300] {logging_mixin.py:188} INFO - [2026-04-29T09:27:52.416+0300] {dag.py:3947} INFO - Setting next_dagrun for example_branch_operator to 2026-04-28 00:00:00+00:00, run_after=2026-04-29 00:00:00+00:00
[2026-04-29T09:27:52.628+0300] {processor.py:183} INFO - Processing /mnt/d/airflow/airflow_project/airflow_venv/lib/python3.12/site-packages/airflow/example_dags/example_branch_operator.py took 0.512 seconds
[2026-04-29T09:30:47.854+0300] {processor.py:161} INFO - Started process (PID=31929) to work on /mnt/d/airflow/airflow_project/airflow_venv/lib/python3.12/site-packages/airflow/example_dags/example_branch_operator.py
[2026-04-29T09:30:47.859+0300] {processor.py:830} INFO - Processing file /mnt/d/airflow/airflow_project/airflow_venv/lib/python3.12/site-packages/airflow/example_dags/example_branch_operator.py for tasks to queue
[2026-04-29T09:30:47.862+0300] {logging_mixin.py:188} INFO - [2026-04-29T09:30:47.861+0300] {dagbag.py:545} INFO - Filling up the DagBag from /mnt/d/airflow/airflow_project/airflow_venv/lib/python3.12/site-packages/airflow/example_dags/example_branch_operator.py
[2026-04-29T09:30:47.981+0300] {processor.py:840} INFO - DAG(s) 'example_branch_operator' retrieved from /mnt/d/airflow/airflow_project/airflow_venv/lib/python3.12/site-packages/airflow/example_dags/example_branch_operator.py
[2026-04-29T09:30:48.054+0300] {logging_mixin.py:188} INFO - [2026-04-29T09:30:48.053+0300] {dag.py:3089} INFO - Sync 1 DAGs
[2026-04-29T09:30:48.087+0300] {logging_mixin.py:188} INFO - [2026-04-29T09:30:48.083+0300] {dag.py:3947} INFO - Setting next_dagrun for example_branch_operator to 2026-04-28 00:00:00+00:00, run_after=2026-04-29 00:00:00+00:00
[2026-04-29T09:30:48.248+0300] {processor.py:183} INFO - Processing /mnt/d/airflow/airflow_project/airflow_venv/lib/python3.12/site-packages/airflow/example_dags/example_branch_operator.py took 0.419 seconds
[2026-04-29T09:33:04.525+0300] {processor.py:161} INFO - Started process (PID=32730) to work on /mnt/d/airflow/airflow_project/airflow_venv/lib/python3.12/site-packages/airflow/example_dags/example_branch_operator.py
[2026-04-29T09:33:04.528+0300] {processor.py:830} INFO - Processing file /mnt/d/airflow/airflow_project/airflow_venv/lib/python3.12/site-packages/airflow/example_dags/example_branch_operator.py for tasks to queue
[2026-04-29T09:33:04.535+0300] {logging_mixin.py:188} INFO - [2026-04-29T09:33:04.533+0300] {dagbag.py:545} INFO - Filling up the DagBag from /mnt/d/airflow/airflow_project/airflow_venv/lib/python3.12/site-packages/airflow/example_dags/example_branch_operator.py
[2026-04-29T09:33:04.662+0300] {processor.py:840} INFO - DAG(s) 'example_branch_operator' retrieved from /mnt/d/airflow/airflow_project/airflow_venv/lib/python3.12/site-packages/airflow/example_dags/example_branch_operator.py
[2026-04-29T09:33:04.727+0300] {logging_mixin.py:188} INFO - [2026-04-29T09:33:04.724+0300] {dag.py:3089} INFO - Sync 1 DAGs
[2026-04-29T09:33:04.761+0300] {logging_mixin.py:188} INFO - [2026-04-29T09:33:04.759+0300] {dag.py:3947} INFO - Setting next_dagrun for example_branch_operator to 2026-04-28 00:00:00+00:00, run_after=2026-04-29 00:00:00+00:00
[2026-04-29T09:33:04.890+0300] {processor.py:183} INFO - Processing /mnt/d/airflow/airflow_project/airflow_venv/lib/python3.12/site-packages/airflow/example_dags/example_branch_operator.py took 0.384 seconds
[2026-04-29T09:35:25.557+0300] {processor.py:161} INFO - Started process (PID=33576) to work on /mnt/d/airflow/airflow_project/airflow_venv/lib/python3.12/site-packages/airflow/example_dags/example_branch_operator.py
[2026-04-29T09:35:25.558+0300] {processor.py:830} INFO - Processing file /mnt/d/airflow/airflow_project/airflow_venv/lib/python3.12/site-packages/airflow/example_dags/example_branch_operator.py for tasks to queue
[2026-04-29T09:35:25.561+0300] {logging_mixin.py:188} INFO - [2026-04-29T09:35:25.559+0300] {dagbag.py:545} INFO - Filling up the DagBag from /mnt/d/airflow/airflow_project/airflow_venv/lib/python3.12/site-packages/airflow/example_dags/example_branch_operator.py
[2026-04-29T09:35:25.611+0300] {processor.py:840} INFO - DAG(s) 'example_branch_operator' retrieved from /mnt/d/airflow/airflow_project/airflow_venv/lib/python3.12/site-packages/airflow/example_dags/example_branch_operator.py
[2026-04-29T09:35:25.640+0300] {logging_mixin.py:188} INFO - [2026-04-29T09:35:25.639+0300] {dag.py:3089} INFO - Sync 1 DAGs
[2026-04-29T09:35:25.669+0300] {logging_mixin.py:188} INFO - [2026-04-29T09:35:25.668+0300] {dag.py:3947} INFO - Setting next_dagrun for example_branch_operator to 2026-04-28 00:00:00+00:00, run_after=2026-04-29 00:00:00+00:00
[2026-04-29T09:35:25.780+0300] {processor.py:183} INFO - Processing /mnt/d/airflow/airflow_project/airflow_venv/lib/python3.12/site-packages/airflow/example_dags/example_branch_operator.py took 0.231 seconds
[2026-04-29T09:37:22.605+0300] {processor.py:161} INFO - Started process (PID=34280) to work on /mnt/d/airflow/airflow_project/airflow_venv/lib/python3.12/site-packages/airflow/example_dags/example_branch_operator.py
[2026-04-29T09:37:22.611+0300] {processor.py:830} INFO - Processing file /mnt/d/airflow/airflow_project/airflow_venv/lib/python3.12/site-packages/airflow/example_dags/example_branch_operator.py for tasks to queue
[2026-04-29T09:37:22.624+0300] {logging_mixin.py:188} INFO - [2026-04-29T09:37:22.617+0300] {dagbag.py:545} INFO - Filling up the DagBag from /mnt/d/airflow/airflow_project/airflow_venv/lib/python3.12/site-packages/airflow/example_dags/example_branch_operator.py
[2026-04-29T09:37:22.780+0300] {processor.py:840} INFO - DAG(s) 'example_branch_operator' retrieved from /mnt/d/airflow/airflow_project/airflow_venv/lib/python3.12/site-packages/airflow/example_dags/example_branch_operator.py
[2026-04-29T09:37:22.898+0300] {logging_mixin.py:188} INFO - [2026-04-29T09:37:22.896+0300] {dag.py:3089} INFO - Sync 1 DAGs
[2026-04-29T09:37:22.952+0300] {logging_mixin.py:188} INFO - [2026-04-29T09:37:22.951+0300] {dag.py:3947} INFO - Setting next_dagrun for example_branch_operator to 2026-04-28 00:00:00+00:00, run_after=2026-04-29 00:00:00+00:00
[2026-04-29T09:37:23.041+0300] {processor.py:183} INFO - Processing /mnt/d/airflow/airflow_project/airflow_venv/lib/python3.12/site-packages/airflow/example_dags/example_branch_operator.py took 0.482 seconds
[2026-04-29T09:39:38.230+0300] {processor.py:161} INFO - Started process (PID=35109) to work on /mnt/d/airflow/airflow_project/airflow_venv/lib/python3.12/site-packages/airflow/example_dags/example_branch_operator.py
[2026-04-29T09:39:38.233+0300] {processor.py:830} INFO - Processing file /mnt/d/airflow/airflow_project/airflow_venv/lib/python3.12/site-packages/airflow/example_dags/example_branch_operator.py for tasks to queue
[2026-04-29T09:39:38.239+0300] {logging_mixin.py:188} INFO - [2026-04-29T09:39:38.237+0300] {dagbag.py:545} INFO - Filling up the DagBag from /mnt/d/airflow/airflow_project/airflow_venv/lib/python3.12/site-packages/airflow/example_dags/example_branch_operator.py
[2026-04-29T09:39:38.323+0300] {processor.py:840} INFO - DAG(s) 'example_branch_operator' retrieved from /mnt/d/airflow/airflow_project/airflow_venv/lib/python3.12/site-packages/airflow/example_dags/example_branch_operator.py
[2026-04-29T09:39:38.371+0300] {logging_mixin.py:188} INFO - [2026-04-29T09:39:38.370+0300] {dag.py:3089} INFO - Sync 1 DAGs
[2026-04-29T09:39:38.404+0300] {logging_mixin.py:188} INFO - [2026-04-29T09:39:38.403+0300] {dag.py:3947} INFO - Setting next_dagrun for example_branch_operator to 2026-04-28 00:00:00+00:00, run_after=2026-04-29 00:00:00+00:00
[2026-04-29T09:39:38.571+0300] {processor.py:183} INFO - Processing /mnt/d/airflow/airflow_project/airflow_venv/lib/python3.12/site-packages/airflow/example_dags/example_branch_operator.py took 0.362 seconds
[2026-04-29T09:41:32.882+0300] {processor.py:161} INFO - Started process (PID=35766) to work on /mnt/d/airflow/airflow_project/airflow_venv/lib/python3.12/site-packages/airflow/example_dags/example_branch_operator.py
[2026-04-29T09:41:32.887+0300] {processor.py:830} INFO - Processing file /mnt/d/airflow/airflow_project/airflow_venv/lib/python3.12/site-packages/airflow/example_dags/example_branch_operator.py for tasks to queue
[2026-04-29T09:41:32.893+0300] {logging_mixin.py:188} INFO - [2026-04-29T09:41:32.891+0300] {dagbag.py:545} INFO - Filling up the DagBag from /mnt/d/airflow/airflow_project/airflow_venv/lib/python3.12/site-packages/airflow/example_dags/example_branch_operator.py
[2026-04-29T09:41:32.996+0300] {processor.py:840} INFO - DAG(s) 'example_branch_operator' retrieved from /mnt/d/airflow/airflow_project/airflow_venv/lib/python3.12/site-packages/airflow/example_dags/example_branch_operator.py
[2026-04-29T09:41:33.060+0300] {logging_mixin.py:188} INFO - [2026-04-29T09:41:33.059+0300] {dag.py:3089} INFO - Sync 1 DAGs
[2026-04-29T09:41:33.101+0300] {logging_mixin.py:188} INFO - [2026-04-29T09:41:33.098+0300] {dag.py:3947} INFO - Setting next_dagrun for example_branch_operator to 2026-04-28 00:00:00+00:00, run_after=2026-04-29 00:00:00+00:00
[2026-04-29T09:41:33.254+0300] {processor.py:183} INFO - Processing /mnt/d/airflow/airflow_project/airflow_venv/lib/python3.12/site-packages/airflow/example_dags/example_branch_operator.py took 0.402 seconds
[2026-04-29T09:43:51.060+0300] {processor.py:161} INFO - Started process (PID=36594) to work on /mnt/d/airflow/airflow_project/airflow_venv/lib/python3.12/site-packages/airflow/example_dags/example_branch_operator.py
[2026-04-29T09:43:51.062+0300] {processor.py:830} INFO - Processing file /mnt/d/airflow/airflow_project/airflow_venv/lib/python3.12/site-packages/airflow/example_dags/example_branch_operator.py for tasks to queue
[2026-04-29T09:43:51.066+0300] {logging_mixin.py:188} INFO - [2026-04-29T09:43:51.065+0300] {dagbag.py:545} INFO - Filling up the DagBag from /mnt/d/airflow/airflow_project/airflow_venv/lib/python3.12/site-packages/airflow/example_dags/example_branch_operator.py
[2026-04-29T09:43:51.131+0300] {processor.py:840} INFO - DAG(s) 'example_branch_operator' retrieved from /mnt/d/airflow/airflow_project/airflow_venv/lib/python3.12/site-packages/airflow/example_dags/example_branch_operator.py
[2026-04-29T09:43:51.156+0300] {logging_mixin.py:188} INFO - [2026-04-29T09:43:51.155+0300] {dag.py:3089} INFO - Sync 1 DAGs
[2026-04-29T09:43:51.191+0300] {logging_mixin.py:188} INFO - [2026-04-29T09:43:51.189+0300] {dag.py:3947} INFO - Setting next_dagrun for example_branch_operator to 2026-04-28 00:00:00+00:00, run_after=2026-04-29 00:00:00+00:00
[2026-04-29T09:43:51.338+0300] {processor.py:183} INFO - Processing /mnt/d/airflow/airflow_project/airflow_venv/lib/python3.12/site-packages/airflow/example_dags/example_branch_operator.py took 0.292 seconds
[2026-04-29T09:47:14.753+0300] {processor.py:161} INFO - Started process (PID=37738) to work on /mnt/d/airflow/airflow_project/airflow_venv/lib/python3.12/site-packages/airflow/example_dags/example_branch_operator.py
[2026-04-29T09:47:14.756+0300] {processor.py:830} INFO - Processing file /mnt/d/airflow/airflow_project/airflow_venv/lib/python3.12/site-packages/airflow/example_dags/example_branch_operator.py for tasks to queue
[2026-04-29T09:47:14.761+0300] {logging_mixin.py:188} INFO - [2026-04-29T09:47:14.760+0300] {dagbag.py:545} INFO - Filling up the DagBag from /mnt/d/airflow/airflow_project/airflow_venv/lib/python3.12/site-packages/airflow/example_dags/example_branch_operator.py
[2026-04-29T09:47:14.849+0300] {processor.py:840} INFO - DAG(s) 'example_branch_operator' retrieved from /mnt/d/airflow/airflow_project/airflow_venv/lib/python3.12/site-packages/airflow/example_dags/example_branch_operator.py
[2026-04-29T09:47:16.162+0300] {logging_mixin.py:188} INFO - [2026-04-29T09:47:16.161+0300] {dag.py:3089} INFO - Sync 1 DAGs
[2026-04-29T09:47:16.187+0300] {logging_mixin.py:188} INFO - [2026-04-29T09:47:16.186+0300] {dag.py:3947} INFO - Setting next_dagrun for example_branch_operator to 2026-04-28 00:00:00+00:00, run_after=2026-04-29 00:00:00+00:00
[2026-04-29T09:47:16.407+0300] {processor.py:183} INFO - Processing /mnt/d/airflow/airflow_project/airflow_venv/lib/python3.12/site-packages/airflow/example_dags/example_branch_operator.py took 1.673 seconds
[2026-04-29T09:49:46.778+0300] {processor.py:161} INFO - Started process (PID=38595) to work on /mnt/d/airflow/airflow_project/airflow_venv/lib/python3.12/site-packages/airflow/example_dags/example_branch_operator.py
[2026-04-29T09:49:46.783+0300] {processor.py:830} INFO - Processing file /mnt/d/airflow/airflow_project/airflow_venv/lib/python3.12/site-packages/airflow/example_dags/example_branch_operator.py for tasks to queue
[2026-04-29T09:49:46.792+0300] {logging_mixin.py:188} INFO - [2026-04-29T09:49:46.788+0300] {dagbag.py:545} INFO - Filling up the DagBag from /mnt/d/airflow/airflow_project/airflow_venv/lib/python3.12/site-packages/airflow/example_dags/example_branch_operator.py
[2026-04-29T09:49:46.931+0300] {processor.py:840} INFO - DAG(s) 'example_branch_operator' retrieved from /mnt/d/airflow/airflow_project/airflow_venv/lib/python3.12/site-packages/airflow/example_dags/example_branch_operator.py
[2026-04-29T09:49:47.016+0300] {logging_mixin.py:188} INFO - [2026-04-29T09:49:47.012+0300] {dag.py:3089} INFO - Sync 1 DAGs
[2026-04-29T09:49:47.068+0300] {logging_mixin.py:188} INFO - [2026-04-29T09:49:47.066+0300] {dag.py:3947} INFO - Setting next_dagrun for example_branch_operator to 2026-04-28 00:00:00+00:00, run_after=2026-04-29 00:00:00+00:00
[2026-04-29T09:49:47.216+0300] {processor.py:183} INFO - Processing /mnt/d/airflow/airflow_project/airflow_venv/lib/python3.12/site-packages/airflow/example_dags/example_branch_operator.py took 0.469 seconds
[2026-04-29T09:52:01.893+0300] {processor.py:161} INFO - Started process (PID=39372) to work on /mnt/d/airflow/airflow_project/airflow_venv/lib/python3.12/site-packages/airflow/example_dags/example_branch_operator.py
[2026-04-29T09:52:01.896+0300] {processor.py:830} INFO - Processing file /mnt/d/airflow/airflow_project/airflow_venv/lib/python3.12/site-packages/airflow/example_dags/example_branch_operator.py for tasks to queue
[2026-04-29T09:52:01.903+0300] {logging_mixin.py:188} INFO - [2026-04-29T09:52:01.901+0300] {dagbag.py:545} INFO - Filling up the DagBag from /mnt/d/airflow/airflow_project/airflow_venv/lib/python3.12/site-packages/airflow/example_dags/example_branch_operator.py
[2026-04-29T09:52:02.035+0300] {processor.py:840} INFO - DAG(s) 'example_branch_operator' retrieved from /mnt/d/airflow/airflow_project/airflow_venv/lib/python3.12/site-packages/airflow/example_dags/example_branch_operator.py
[2026-04-29T09:52:02.083+0300] {logging_mixin.py:188} INFO - [2026-04-29T09:52:02.082+0300] {dag.py:3089} INFO - Sync 1 DAGs
[2026-04-29T09:52:02.240+0300] {logging_mixin.py:188} INFO - [2026-04-29T09:52:02.238+0300] {dag.py:3947} INFO - Setting next_dagrun for example_branch_operator to 2026-04-28 00:00:00+00:00, run_after=2026-04-29 00:00:00+00:00
[2026-04-29T09:52:02.403+0300] {processor.py:183} INFO - Processing /mnt/d/airflow/airflow_project/airflow_venv/lib/python3.12/site-packages/airflow/example_dags/example_branch_operator.py took 0.539 seconds
[2026-04-29T09:57:10.779+0300] {processor.py:161} INFO - Started process (PID=41135) to work on /mnt/d/airflow/airflow_project/airflow_venv/lib/python3.12/site-packages/airflow/example_dags/example_branch_operator.py
[2026-04-29T09:57:10.784+0300] {processor.py:830} INFO - Processing file /mnt/d/airflow/airflow_project/airflow_venv/lib/python3.12/site-packages/airflow/example_dags/example_branch_operator.py for tasks to queue
[2026-04-29T09:57:10.792+0300] {logging_mixin.py:188} INFO - [2026-04-29T09:57:10.789+0300] {dagbag.py:545} INFO - Filling up the DagBag from /mnt/d/airflow/airflow_project/airflow_venv/lib/python3.12/site-packages/airflow/example_dags/example_branch_operator.py
[2026-04-29T09:57:10.946+0300] {processor.py:840} INFO - DAG(s) 'example_branch_operator' retrieved from /mnt/d/airflow/airflow_project/airflow_venv/lib/python3.12/site-packages/airflow/example_dags/example_branch_operator.py
[2026-04-29T09:57:11.016+0300] {logging_mixin.py:188} INFO - [2026-04-29T09:57:11.013+0300] {dag.py:3089} INFO - Sync 1 DAGs
[2026-04-29T09:57:11.056+0300] {logging_mixin.py:188} INFO - [2026-04-29T09:57:11.055+0300] {dag.py:3947} INFO - Setting next_dagrun for example_branch_operator to 2026-04-28 00:00:00+00:00, run_after=2026-04-29 00:00:00+00:00
[2026-04-29T09:57:11.157+0300] {processor.py:183} INFO - Processing /mnt/d/airflow/airflow_project/airflow_venv/lib/python3.12/site-packages/airflow/example_dags/example_branch_operator.py took 0.410 seconds
[2026-04-29T10:01:24.412+0300] {processor.py:161} INFO - Started process (PID=42546) to work on /mnt/d/airflow/airflow_project/airflow_venv/lib/python3.12/site-packages/airflow/example_dags/example_branch_operator.py
[2026-04-29T10:01:24.417+0300] {processor.py:830} INFO - Processing file /mnt/d/airflow/airflow_project/airflow_venv/lib/python3.12/site-packages/airflow/example_dags/example_branch_operator.py for tasks to queue
[2026-04-29T10:01:24.427+0300] {logging_mixin.py:188} INFO - [2026-04-29T10:01:24.423+0300] {dagbag.py:545} INFO - Filling up the DagBag from /mnt/d/airflow/airflow_project/airflow_venv/lib/python3.12/site-packages/airflow/example_dags/example_branch_operator.py
[2026-04-29T10:01:24.602+0300] {processor.py:840} INFO - DAG(s) 'example_branch_operator' retrieved from /mnt/d/airflow/airflow_project/airflow_venv/lib/python3.12/site-packages/airflow/example_dags/example_branch_operator.py
[2026-04-29T10:01:24.690+0300] {logging_mixin.py:188} INFO - [2026-04-29T10:01:24.687+0300] {dag.py:3089} INFO - Sync 1 DAGs
[2026-04-29T10:01:24.735+0300] {logging_mixin.py:188} INFO - [2026-04-29T10:01:24.733+0300] {dag.py:3947} INFO - Setting next_dagrun for example_branch_operator to 2026-04-28 00:00:00+00:00, run_after=2026-04-29 00:00:00+00:00
[2026-04-29T10:01:24.956+0300] {processor.py:183} INFO - Processing /mnt/d/airflow/airflow_project/airflow_venv/lib/python3.12/site-packages/airflow/example_dags/example_branch_operator.py took 0.580 seconds
[2026-04-29T10:04:49.759+0300] {processor.py:161} INFO - Started process (PID=43709) to work on /mnt/d/airflow/airflow_project/airflow_venv/lib/python3.12/site-packages/airflow/example_dags/example_branch_operator.py
[2026-04-29T10:04:49.761+0300] {processor.py:830} INFO - Processing file /mnt/d/airflow/airflow_project/airflow_venv/lib/python3.12/site-packages/airflow/example_dags/example_branch_operator.py for tasks to queue
[2026-04-29T10:04:49.765+0300] {logging_mixin.py:188} INFO - [2026-04-29T10:04:49.764+0300] {dagbag.py:545} INFO - Filling up the DagBag from /mnt/d/airflow/airflow_project/airflow_venv/lib/python3.12/site-packages/airflow/example_dags/example_branch_operator.py
[2026-04-29T10:04:49.824+0300] {processor.py:840} INFO - DAG(s) 'example_branch_operator' retrieved from /mnt/d/airflow/airflow_project/airflow_venv/lib/python3.12/site-packages/airflow/example_dags/example_branch_operator.py
[2026-04-29T10:04:49.872+0300] {logging_mixin.py:188} INFO - [2026-04-29T10:04:49.870+0300] {dag.py:3089} INFO - Sync 1 DAGs
[2026-04-29T10:04:49.909+0300] {logging_mixin.py:188} INFO - [2026-04-29T10:04:49.907+0300] {dag.py:3947} INFO - Setting next_dagrun for example_branch_operator to 2026-04-28 00:00:00+00:00, run_after=2026-04-29 00:00:00+00:00
[2026-04-29T10:04:50.009+0300] {processor.py:183} INFO - Processing /mnt/d/airflow/airflow_project/airflow_venv/lib/python3.12/site-packages/airflow/example_dags/example_branch_operator.py took 0.264 seconds
[2026-04-29T10:07:04.270+0300] {processor.py:161} INFO - Started process (PID=44455) to work on /mnt/d/airflow/airflow_project/airflow_venv/lib/python3.12/site-packages/airflow/example_dags/example_branch_operator.py
[2026-04-29T10:07:04.273+0300] {processor.py:830} INFO - Processing file /mnt/d/airflow/airflow_project/airflow_venv/lib/python3.12/site-packages/airflow/example_dags/example_branch_operator.py for tasks to queue
[2026-04-29T10:07:04.279+0300] {logging_mixin.py:188} INFO - [2026-04-29T10:07:04.277+0300] {dagbag.py:545} INFO - Filling up the DagBag from /mnt/d/airflow/airflow_project/airflow_venv/lib/python3.12/site-packages/airflow/example_dags/example_branch_operator.py
[2026-04-29T10:07:04.352+0300] {processor.py:840} INFO - DAG(s) 'example_branch_operator' retrieved from /mnt/d/airflow/airflow_project/airflow_venv/lib/python3.12/site-packages/airflow/example_dags/example_branch_operator.py
[2026-04-29T10:07:04.504+0300] {logging_mixin.py:188} INFO - [2026-04-29T10:07:04.503+0300] {dag.py:3089} INFO - Sync 1 DAGs
[2026-04-29T10:07:04.536+0300] {logging_mixin.py:188} INFO - [2026-04-29T10:07:04.534+0300] {dag.py:3947} INFO - Setting next_dagrun for example_branch_operator to 2026-04-28 00:00:00+00:00, run_after=2026-04-29 00:00:00+00:00
[2026-04-29T10:07:04.672+0300] {processor.py:183} INFO - Processing /mnt/d/airflow/airflow_project/airflow_venv/lib/python3.12/site-packages/airflow/example_dags/example_branch_operator.py took 0.425 seconds
[2026-04-29T10:09:04.916+0300] {processor.py:161} INFO - Started process (PID=45133) to work on /mnt/d/airflow/airflow_project/airflow_venv/lib/python3.12/site-packages/airflow/example_dags/example_branch_operator.py
[2026-04-29T10:09:04.920+0300] {processor.py:830} INFO - Processing file /mnt/d/airflow/airflow_project/airflow_venv/lib/python3.12/site-packages/airflow/example_dags/example_branch_operator.py for tasks to queue
[2026-04-29T10:09:04.926+0300] {logging_mixin.py:188} INFO - [2026-04-29T10:09:04.924+0300] {dagbag.py:545} INFO - Filling up the DagBag from /mnt/d/airflow/airflow_project/airflow_venv/lib/python3.12/site-packages/airflow/example_dags/example_branch_operator.py
[2026-04-29T10:09:05.011+0300] {processor.py:840} INFO - DAG(s) 'example_branch_operator' retrieved from /mnt/d/airflow/airflow_project/airflow_venv/lib/python3.12/site-packages/airflow/example_dags/example_branch_operator.py
[2026-04-29T10:09:05.062+0300] {logging_mixin.py:188} INFO - [2026-04-29T10:09:05.060+0300] {dag.py:3089} INFO - Sync 1 DAGs
[2026-04-29T10:09:05.100+0300] {logging_mixin.py:188} INFO - [2026-04-29T10:09:05.097+0300] {dag.py:3947} INFO - Setting next_dagrun for example_branch_operator to 2026-04-28 00:00:00+00:00, run_after=2026-04-29 00:00:00+00:00
[2026-04-29T10:09:05.252+0300] {processor.py:183} INFO - Processing /mnt/d/airflow/airflow_project/airflow_venv/lib/python3.12/site-packages/airflow/example_dags/example_branch_operator.py took 0.360 seconds
[2026-04-29T10:11:19.511+0300] {processor.py:161} INFO - Started process (PID=45865) to work on /mnt/d/airflow/airflow_project/airflow_venv/lib/python3.12/site-packages/airflow/example_dags/example_branch_operator.py
[2026-04-29T10:11:19.515+0300] {processor.py:830} INFO - Processing file /mnt/d/airflow/airflow_project/airflow_venv/lib/python3.12/site-packages/airflow/example_dags/example_branch_operator.py for tasks to queue
[2026-04-29T10:11:19.522+0300] {logging_mixin.py:188} INFO - [2026-04-29T10:11:19.520+0300] {dagbag.py:545} INFO - Filling up the DagBag from /mnt/d/airflow/airflow_project/airflow_venv/lib/python3.12/site-packages/airflow/example_dags/example_branch_operator.py
[2026-04-29T10:11:19.599+0300] {processor.py:840} INFO - DAG(s) 'example_branch_operator' retrieved from /mnt/d/airflow/airflow_project/airflow_venv/lib/python3.12/site-packages/airflow/example_dags/example_branch_operator.py
[2026-04-29T10:11:19.651+0300] {logging_mixin.py:188} INFO - [2026-04-29T10:11:19.649+0300] {dag.py:3089} INFO - Sync 1 DAGs
[2026-04-29T10:11:19.684+0300] {logging_mixin.py:188} INFO - [2026-04-29T10:11:19.683+0300] {dag.py:3947} INFO - Setting next_dagrun for example_branch_operator to 2026-04-28 00:00:00+00:00, run_after=2026-04-29 00:00:00+00:00
[2026-04-29T10:11:19.809+0300] {processor.py:183} INFO - Processing /mnt/d/airflow/airflow_project/airflow_venv/lib/python3.12/site-packages/airflow/example_dags/example_branch_operator.py took 0.318 seconds
[2026-04-29T10:13:23.198+0300] {processor.py:161} INFO - Started process (PID=46564) to work on /mnt/d/airflow/airflow_project/airflow_venv/lib/python3.12/site-packages/airflow/example_dags/example_branch_operator.py
[2026-04-29T10:13:23.204+0300] {processor.py:830} INFO - Processing file /mnt/d/airflow/airflow_project/airflow_venv/lib/python3.12/site-packages/airflow/example_dags/example_branch_operator.py for tasks to queue
[2026-04-29T10:13:23.213+0300] {logging_mixin.py:188} INFO - [2026-04-29T10:13:23.209+0300] {dagbag.py:545} INFO - Filling up the DagBag from /mnt/d/airflow/airflow_project/airflow_venv/lib/python3.12/site-packages/airflow/example_dags/example_branch_operator.py
[2026-04-29T10:13:23.362+0300] {processor.py:840} INFO - DAG(s) 'example_branch_operator' retrieved from /mnt/d/airflow/airflow_project/airflow_venv/lib/python3.12/site-packages/airflow/example_dags/example_branch_operator.py
[2026-04-29T10:13:23.434+0300] {logging_mixin.py:188} INFO - [2026-04-29T10:13:23.431+0300] {dag.py:3089} INFO - Sync 1 DAGs
[2026-04-29T10:13:23.472+0300] {logging_mixin.py:188} INFO - [2026-04-29T10:13:23.470+0300] {dag.py:3947} INFO - Setting next_dagrun for example_branch_operator to 2026-04-28 00:00:00+00:00, run_after=2026-04-29 00:00:00+00:00
[2026-04-29T10:13:23.588+0300] {processor.py:183} INFO - Processing /mnt/d/airflow/airflow_project/airflow_venv/lib/python3.12/site-packages/airflow/example_dags/example_branch_operator.py took 0.426 seconds
