[2026-04-29T09:15:28.428+0300] {processor.py:161} INFO - Started process (PID=26615) to work on /mnt/d/airflow/airflow_project/airflow_venv/lib/python3.12/site-packages/airflow/example_dags/example_python_decorator.py
[2026-04-29T09:15:28.434+0300] {processor.py:830} INFO - Processing file /mnt/d/airflow/airflow_project/airflow_venv/lib/python3.12/site-packages/airflow/example_dags/example_python_decorator.py for tasks to queue
[2026-04-29T09:15:28.442+0300] {logging_mixin.py:188} INFO - [2026-04-29T09:15:28.438+0300] {dagbag.py:545} INFO - Filling up the DagBag from /mnt/d/airflow/airflow_project/airflow_venv/lib/python3.12/site-packages/airflow/example_dags/example_python_decorator.py
[2026-04-29T09:15:28.561+0300] {processor.py:840} INFO - DAG(s) 'example_python_decorator' retrieved from /mnt/d/airflow/airflow_project/airflow_venv/lib/python3.12/site-packages/airflow/example_dags/example_python_decorator.py
[2026-04-29T09:15:29.703+0300] {logging_mixin.py:188} INFO - [2026-04-29T09:15:29.702+0300] {override.py:1858} INFO - Created Permission View: can edit on DAG:example_python_decorator
[2026-04-29T09:15:29.740+0300] {logging_mixin.py:188} INFO - [2026-04-29T09:15:29.734+0300] {override.py:1858} INFO - Created Permission View: can delete on DAG:example_python_decorator
[2026-04-29T09:15:29.775+0300] {logging_mixin.py:188} INFO - [2026-04-29T09:15:29.772+0300] {override.py:1858} INFO - Created Permission View: can read on DAG:example_python_decorator
[2026-04-29T09:15:29.776+0300] {logging_mixin.py:188} INFO - [2026-04-29T09:15:29.775+0300] {dag.py:3089} INFO - Sync 1 DAGs
[2026-04-29T09:15:29.798+0300] {logging_mixin.py:188} INFO - [2026-04-29T09:15:29.796+0300] {dag.py:3111} INFO - Creating ORM DAG for example_python_decorator
[2026-04-29T09:15:29.802+0300] {logging_mixin.py:188} INFO - [2026-04-29T09:15:29.800+0300] {dag.py:3947} INFO - Setting next_dagrun for example_python_decorator to None, run_after=None
[2026-04-29T09:15:29.904+0300] {processor.py:183} INFO - Processing /mnt/d/airflow/airflow_project/airflow_venv/lib/python3.12/site-packages/airflow/example_dags/example_python_decorator.py took 1.508 seconds
[2026-04-29T09:17:36.808+0300] {processor.py:161} INFO - Started process (PID=27333) to work on /mnt/d/airflow/airflow_project/airflow_venv/lib/python3.12/site-packages/airflow/example_dags/example_python_decorator.py
[2026-04-29T09:17:36.810+0300] {processor.py:830} INFO - Processing file /mnt/d/airflow/airflow_project/airflow_venv/lib/python3.12/site-packages/airflow/example_dags/example_python_decorator.py for tasks to queue
[2026-04-29T09:17:36.815+0300] {logging_mixin.py:188} INFO - [2026-04-29T09:17:36.814+0300] {dagbag.py:545} INFO - Filling up the DagBag from /mnt/d/airflow/airflow_project/airflow_venv/lib/python3.12/site-packages/airflow/example_dags/example_python_decorator.py
[2026-04-29T09:17:36.868+0300] {processor.py:840} INFO - DAG(s) 'example_python_decorator' retrieved from /mnt/d/airflow/airflow_project/airflow_venv/lib/python3.12/site-packages/airflow/example_dags/example_python_decorator.py
[2026-04-29T09:17:36.921+0300] {logging_mixin.py:188} INFO - [2026-04-29T09:17:36.919+0300] {dag.py:3089} INFO - Sync 1 DAGs
[2026-04-29T09:17:36.935+0300] {logging_mixin.py:188} INFO - [2026-04-29T09:17:36.934+0300] {dag.py:3947} INFO - Setting next_dagrun for example_python_decorator to None, run_after=None
[2026-04-29T09:17:37.046+0300] {processor.py:183} INFO - Processing /mnt/d/airflow/airflow_project/airflow_venv/lib/python3.12/site-packages/airflow/example_dags/example_python_decorator.py took 0.251 seconds
[2026-04-29T09:19:46.953+0300] {processor.py:161} INFO - Started process (PID=28134) to work on /mnt/d/airflow/airflow_project/airflow_venv/lib/python3.12/site-packages/airflow/example_dags/example_python_decorator.py
[2026-04-29T09:19:46.961+0300] {processor.py:830} INFO - Processing file /mnt/d/airflow/airflow_project/airflow_venv/lib/python3.12/site-packages/airflow/example_dags/example_python_decorator.py for tasks to queue
[2026-04-29T09:19:46.968+0300] {logging_mixin.py:188} INFO - [2026-04-29T09:19:46.965+0300] {dagbag.py:545} INFO - Filling up the DagBag from /mnt/d/airflow/airflow_project/airflow_venv/lib/python3.12/site-packages/airflow/example_dags/example_python_decorator.py
[2026-04-29T09:19:47.074+0300] {processor.py:840} INFO - DAG(s) 'example_python_decorator' retrieved from /mnt/d/airflow/airflow_project/airflow_venv/lib/python3.12/site-packages/airflow/example_dags/example_python_decorator.py
[2026-04-29T09:19:47.135+0300] {logging_mixin.py:188} INFO - [2026-04-29T09:19:47.132+0300] {dag.py:3089} INFO - Sync 1 DAGs
[2026-04-29T09:19:47.160+0300] {logging_mixin.py:188} INFO - [2026-04-29T09:19:47.157+0300] {dag.py:3947} INFO - Setting next_dagrun for example_python_decorator to None, run_after=None
[2026-04-29T09:19:47.382+0300] {processor.py:183} INFO - Processing /mnt/d/airflow/airflow_project/airflow_venv/lib/python3.12/site-packages/airflow/example_dags/example_python_decorator.py took 0.479 seconds
[2026-04-29T09:21:07.777+0300] {processor.py:161} INFO - Started process (PID=28594) to work on /mnt/d/airflow/airflow_project/airflow_venv/lib/python3.12/site-packages/airflow/example_dags/example_python_decorator.py
[2026-04-29T09:21:07.781+0300] {processor.py:830} INFO - Processing file /mnt/d/airflow/airflow_project/airflow_venv/lib/python3.12/site-packages/airflow/example_dags/example_python_decorator.py for tasks to queue
[2026-04-29T09:21:07.788+0300] {logging_mixin.py:188} INFO - [2026-04-29T09:21:07.786+0300] {dagbag.py:545} INFO - Filling up the DagBag from /mnt/d/airflow/airflow_project/airflow_venv/lib/python3.12/site-packages/airflow/example_dags/example_python_decorator.py
[2026-04-29T09:21:07.914+0300] {processor.py:840} INFO - DAG(s) 'example_python_decorator' retrieved from /mnt/d/airflow/airflow_project/airflow_venv/lib/python3.12/site-packages/airflow/example_dags/example_python_decorator.py
[2026-04-29T09:21:07.987+0300] {logging_mixin.py:188} INFO - [2026-04-29T09:21:07.984+0300] {dag.py:3089} INFO - Sync 1 DAGs
[2026-04-29T09:21:08.012+0300] {logging_mixin.py:188} INFO - [2026-04-29T09:21:08.009+0300] {dag.py:3947} INFO - Setting next_dagrun for example_python_decorator to None, run_after=None
[2026-04-29T09:21:08.216+0300] {processor.py:183} INFO - Processing /mnt/d/airflow/airflow_project/airflow_venv/lib/python3.12/site-packages/airflow/example_dags/example_python_decorator.py took 0.490 seconds
[2026-04-29T09:23:04.341+0300] {processor.py:161} INFO - Started process (PID=29279) to work on /mnt/d/airflow/airflow_project/airflow_venv/lib/python3.12/site-packages/airflow/example_dags/example_python_decorator.py
[2026-04-29T09:23:04.344+0300] {processor.py:830} INFO - Processing file /mnt/d/airflow/airflow_project/airflow_venv/lib/python3.12/site-packages/airflow/example_dags/example_python_decorator.py for tasks to queue
[2026-04-29T09:23:04.351+0300] {logging_mixin.py:188} INFO - [2026-04-29T09:23:04.348+0300] {dagbag.py:545} INFO - Filling up the DagBag from /mnt/d/airflow/airflow_project/airflow_venv/lib/python3.12/site-packages/airflow/example_dags/example_python_decorator.py
[2026-04-29T09:23:04.481+0300] {processor.py:840} INFO - DAG(s) 'example_python_decorator' retrieved from /mnt/d/airflow/airflow_project/airflow_venv/lib/python3.12/site-packages/airflow/example_dags/example_python_decorator.py
[2026-04-29T09:23:04.554+0300] {logging_mixin.py:188} INFO - [2026-04-29T09:23:04.552+0300] {dag.py:3089} INFO - Sync 1 DAGs
[2026-04-29T09:23:04.581+0300] {logging_mixin.py:188} INFO - [2026-04-29T09:23:04.579+0300] {dag.py:3947} INFO - Setting next_dagrun for example_python_decorator to None, run_after=None
[2026-04-29T09:23:04.843+0300] {processor.py:183} INFO - Processing /mnt/d/airflow/airflow_project/airflow_venv/lib/python3.12/site-packages/airflow/example_dags/example_python_decorator.py took 0.528 seconds
[2026-04-29T09:25:23.467+0300] {processor.py:161} INFO - Started process (PID=30057) to work on /mnt/d/airflow/airflow_project/airflow_venv/lib/python3.12/site-packages/airflow/example_dags/example_python_decorator.py
[2026-04-29T09:25:23.471+0300] {processor.py:830} INFO - Processing file /mnt/d/airflow/airflow_project/airflow_venv/lib/python3.12/site-packages/airflow/example_dags/example_python_decorator.py for tasks to queue
[2026-04-29T09:25:23.480+0300] {logging_mixin.py:188} INFO - [2026-04-29T09:25:23.477+0300] {dagbag.py:545} INFO - Filling up the DagBag from /mnt/d/airflow/airflow_project/airflow_venv/lib/python3.12/site-packages/airflow/example_dags/example_python_decorator.py
[2026-04-29T09:25:23.585+0300] {processor.py:840} INFO - DAG(s) 'example_python_decorator' retrieved from /mnt/d/airflow/airflow_project/airflow_venv/lib/python3.12/site-packages/airflow/example_dags/example_python_decorator.py
[2026-04-29T09:25:23.662+0300] {logging_mixin.py:188} INFO - [2026-04-29T09:25:23.658+0300] {dag.py:3089} INFO - Sync 1 DAGs
[2026-04-29T09:25:23.696+0300] {logging_mixin.py:188} INFO - [2026-04-29T09:25:23.693+0300] {dag.py:3947} INFO - Setting next_dagrun for example_python_decorator to None, run_after=None
[2026-04-29T09:25:23.901+0300] {processor.py:183} INFO - Processing /mnt/d/airflow/airflow_project/airflow_venv/lib/python3.12/site-packages/airflow/example_dags/example_python_decorator.py took 0.468 seconds
[2026-04-29T09:27:46.294+0300] {processor.py:161} INFO - Started process (PID=30856) to work on /mnt/d/airflow/airflow_project/airflow_venv/lib/python3.12/site-packages/airflow/example_dags/example_python_decorator.py
[2026-04-29T09:27:46.297+0300] {processor.py:830} INFO - Processing file /mnt/d/airflow/airflow_project/airflow_venv/lib/python3.12/site-packages/airflow/example_dags/example_python_decorator.py for tasks to queue
[2026-04-29T09:27:46.304+0300] {logging_mixin.py:188} INFO - [2026-04-29T09:27:46.301+0300] {dagbag.py:545} INFO - Filling up the DagBag from /mnt/d/airflow/airflow_project/airflow_venv/lib/python3.12/site-packages/airflow/example_dags/example_python_decorator.py
[2026-04-29T09:27:46.410+0300] {processor.py:840} INFO - DAG(s) 'example_python_decorator' retrieved from /mnt/d/airflow/airflow_project/airflow_venv/lib/python3.12/site-packages/airflow/example_dags/example_python_decorator.py
[2026-04-29T09:27:46.504+0300] {logging_mixin.py:188} INFO - [2026-04-29T09:27:46.501+0300] {dag.py:3089} INFO - Sync 1 DAGs
[2026-04-29T09:27:46.532+0300] {logging_mixin.py:188} INFO - [2026-04-29T09:27:46.530+0300] {dag.py:3947} INFO - Setting next_dagrun for example_python_decorator to None, run_after=None
[2026-04-29T09:27:46.747+0300] {processor.py:183} INFO - Processing /mnt/d/airflow/airflow_project/airflow_venv/lib/python3.12/site-packages/airflow/example_dags/example_python_decorator.py took 0.475 seconds
[2026-04-29T09:30:36.266+0300] {processor.py:161} INFO - Started process (PID=31867) to work on /mnt/d/airflow/airflow_project/airflow_venv/lib/python3.12/site-packages/airflow/example_dags/example_python_decorator.py
[2026-04-29T09:30:36.282+0300] {processor.py:830} INFO - Processing file /mnt/d/airflow/airflow_project/airflow_venv/lib/python3.12/site-packages/airflow/example_dags/example_python_decorator.py for tasks to queue
[2026-04-29T09:30:36.288+0300] {logging_mixin.py:188} INFO - [2026-04-29T09:30:36.286+0300] {dagbag.py:545} INFO - Filling up the DagBag from /mnt/d/airflow/airflow_project/airflow_venv/lib/python3.12/site-packages/airflow/example_dags/example_python_decorator.py
[2026-04-29T09:30:36.441+0300] {processor.py:840} INFO - DAG(s) 'example_python_decorator' retrieved from /mnt/d/airflow/airflow_project/airflow_venv/lib/python3.12/site-packages/airflow/example_dags/example_python_decorator.py
[2026-04-29T09:30:36.607+0300] {logging_mixin.py:188} INFO - [2026-04-29T09:30:36.603+0300] {dag.py:3089} INFO - Sync 1 DAGs
[2026-04-29T09:30:36.629+0300] {logging_mixin.py:188} INFO - [2026-04-29T09:30:36.627+0300] {dag.py:3947} INFO - Setting next_dagrun for example_python_decorator to None, run_after=None
[2026-04-29T09:30:36.753+0300] {processor.py:183} INFO - Processing /mnt/d/airflow/airflow_project/airflow_venv/lib/python3.12/site-packages/airflow/example_dags/example_python_decorator.py took 0.549 seconds
[2026-04-29T09:31:48.420+0300] {processor.py:161} INFO - Started process (PID=32291) to work on /mnt/d/airflow/airflow_project/airflow_venv/lib/python3.12/site-packages/airflow/example_dags/example_python_decorator.py
[2026-04-29T09:31:48.422+0300] {processor.py:830} INFO - Processing file /mnt/d/airflow/airflow_project/airflow_venv/lib/python3.12/site-packages/airflow/example_dags/example_python_decorator.py for tasks to queue
[2026-04-29T09:31:48.425+0300] {logging_mixin.py:188} INFO - [2026-04-29T09:31:48.424+0300] {dagbag.py:545} INFO - Filling up the DagBag from /mnt/d/airflow/airflow_project/airflow_venv/lib/python3.12/site-packages/airflow/example_dags/example_python_decorator.py
[2026-04-29T09:31:48.462+0300] {processor.py:840} INFO - DAG(s) 'example_python_decorator' retrieved from /mnt/d/airflow/airflow_project/airflow_venv/lib/python3.12/site-packages/airflow/example_dags/example_python_decorator.py
[2026-04-29T09:31:48.487+0300] {logging_mixin.py:188} INFO - [2026-04-29T09:31:48.487+0300] {dag.py:3089} INFO - Sync 1 DAGs
[2026-04-29T09:31:48.499+0300] {logging_mixin.py:188} INFO - [2026-04-29T09:31:48.498+0300] {dag.py:3947} INFO - Setting next_dagrun for example_python_decorator to None, run_after=None
[2026-04-29T09:31:48.558+0300] {processor.py:183} INFO - Processing /mnt/d/airflow/airflow_project/airflow_venv/lib/python3.12/site-packages/airflow/example_dags/example_python_decorator.py took 0.153 seconds
[2026-04-29T09:34:11.816+0300] {processor.py:161} INFO - Started process (PID=33138) to work on /mnt/d/airflow/airflow_project/airflow_venv/lib/python3.12/site-packages/airflow/example_dags/example_python_decorator.py
[2026-04-29T09:34:11.819+0300] {processor.py:830} INFO - Processing file /mnt/d/airflow/airflow_project/airflow_venv/lib/python3.12/site-packages/airflow/example_dags/example_python_decorator.py for tasks to queue
[2026-04-29T09:34:11.823+0300] {logging_mixin.py:188} INFO - [2026-04-29T09:34:11.821+0300] {dagbag.py:545} INFO - Filling up the DagBag from /mnt/d/airflow/airflow_project/airflow_venv/lib/python3.12/site-packages/airflow/example_dags/example_python_decorator.py
[2026-04-29T09:34:11.888+0300] {processor.py:840} INFO - DAG(s) 'example_python_decorator' retrieved from /mnt/d/airflow/airflow_project/airflow_venv/lib/python3.12/site-packages/airflow/example_dags/example_python_decorator.py
[2026-04-29T09:34:11.919+0300] {logging_mixin.py:188} INFO - [2026-04-29T09:34:11.918+0300] {dag.py:3089} INFO - Sync 1 DAGs
[2026-04-29T09:34:11.930+0300] {logging_mixin.py:188} INFO - [2026-04-29T09:34:11.929+0300] {dag.py:3947} INFO - Setting next_dagrun for example_python_decorator to None, run_after=None
[2026-04-29T09:34:11.994+0300] {processor.py:183} INFO - Processing /mnt/d/airflow/airflow_project/airflow_venv/lib/python3.12/site-packages/airflow/example_dags/example_python_decorator.py took 0.195 seconds
[2026-04-29T09:36:21.185+0300] {processor.py:161} INFO - Started process (PID=33916) to work on /mnt/d/airflow/airflow_project/airflow_venv/lib/python3.12/site-packages/airflow/example_dags/example_python_decorator.py
[2026-04-29T09:36:21.189+0300] {processor.py:830} INFO - Processing file /mnt/d/airflow/airflow_project/airflow_venv/lib/python3.12/site-packages/airflow/example_dags/example_python_decorator.py for tasks to queue
[2026-04-29T09:36:21.196+0300] {logging_mixin.py:188} INFO - [2026-04-29T09:36:21.194+0300] {dagbag.py:545} INFO - Filling up the DagBag from /mnt/d/airflow/airflow_project/airflow_venv/lib/python3.12/site-packages/airflow/example_dags/example_python_decorator.py
[2026-04-29T09:36:21.242+0300] {processor.py:840} INFO - DAG(s) 'example_python_decorator' retrieved from /mnt/d/airflow/airflow_project/airflow_venv/lib/python3.12/site-packages/airflow/example_dags/example_python_decorator.py
[2026-04-29T09:36:21.290+0300] {logging_mixin.py:188} INFO - [2026-04-29T09:36:21.289+0300] {dag.py:3089} INFO - Sync 1 DAGs
[2026-04-29T09:36:21.314+0300] {logging_mixin.py:188} INFO - [2026-04-29T09:36:21.311+0300] {dag.py:3947} INFO - Setting next_dagrun for example_python_decorator to None, run_after=None
[2026-04-29T09:36:21.476+0300] {processor.py:183} INFO - Processing /mnt/d/airflow/airflow_project/airflow_venv/lib/python3.12/site-packages/airflow/example_dags/example_python_decorator.py took 0.307 seconds
[2026-04-29T09:38:24.305+0300] {processor.py:161} INFO - Started process (PID=34677) to work on /mnt/d/airflow/airflow_project/airflow_venv/lib/python3.12/site-packages/airflow/example_dags/example_python_decorator.py
[2026-04-29T09:38:24.308+0300] {processor.py:830} INFO - Processing file /mnt/d/airflow/airflow_project/airflow_venv/lib/python3.12/site-packages/airflow/example_dags/example_python_decorator.py for tasks to queue
[2026-04-29T09:38:24.314+0300] {logging_mixin.py:188} INFO - [2026-04-29T09:38:24.312+0300] {dagbag.py:545} INFO - Filling up the DagBag from /mnt/d/airflow/airflow_project/airflow_venv/lib/python3.12/site-packages/airflow/example_dags/example_python_decorator.py
[2026-04-29T09:38:24.385+0300] {processor.py:840} INFO - DAG(s) 'example_python_decorator' retrieved from /mnt/d/airflow/airflow_project/airflow_venv/lib/python3.12/site-packages/airflow/example_dags/example_python_decorator.py
[2026-04-29T09:38:24.436+0300] {logging_mixin.py:188} INFO - [2026-04-29T09:38:24.435+0300] {dag.py:3089} INFO - Sync 1 DAGs
[2026-04-29T09:38:24.464+0300] {logging_mixin.py:188} INFO - [2026-04-29T09:38:24.462+0300] {dag.py:3947} INFO - Setting next_dagrun for example_python_decorator to None, run_after=None
[2026-04-29T09:38:24.613+0300] {processor.py:183} INFO - Processing /mnt/d/airflow/airflow_project/airflow_venv/lib/python3.12/site-packages/airflow/example_dags/example_python_decorator.py took 0.338 seconds
[2026-04-29T09:40:29.253+0300] {processor.py:161} INFO - Started process (PID=35409) to work on /mnt/d/airflow/airflow_project/airflow_venv/lib/python3.12/site-packages/airflow/example_dags/example_python_decorator.py
[2026-04-29T09:40:29.257+0300] {processor.py:830} INFO - Processing file /mnt/d/airflow/airflow_project/airflow_venv/lib/python3.12/site-packages/airflow/example_dags/example_python_decorator.py for tasks to queue
[2026-04-29T09:40:29.264+0300] {logging_mixin.py:188} INFO - [2026-04-29T09:40:29.261+0300] {dagbag.py:545} INFO - Filling up the DagBag from /mnt/d/airflow/airflow_project/airflow_venv/lib/python3.12/site-packages/airflow/example_dags/example_python_decorator.py
[2026-04-29T09:40:29.358+0300] {processor.py:840} INFO - DAG(s) 'example_python_decorator' retrieved from /mnt/d/airflow/airflow_project/airflow_venv/lib/python3.12/site-packages/airflow/example_dags/example_python_decorator.py
[2026-04-29T09:40:29.418+0300] {logging_mixin.py:188} INFO - [2026-04-29T09:40:29.417+0300] {dag.py:3089} INFO - Sync 1 DAGs
[2026-04-29T09:40:29.435+0300] {logging_mixin.py:188} INFO - [2026-04-29T09:40:29.434+0300] {dag.py:3947} INFO - Setting next_dagrun for example_python_decorator to None, run_after=None
[2026-04-29T09:40:29.505+0300] {processor.py:183} INFO - Processing /mnt/d/airflow/airflow_project/airflow_venv/lib/python3.12/site-packages/airflow/example_dags/example_python_decorator.py took 0.292 seconds
[2026-04-29T09:42:36.394+0300] {processor.py:161} INFO - Started process (PID=36125) to work on /mnt/d/airflow/airflow_project/airflow_venv/lib/python3.12/site-packages/airflow/example_dags/example_python_decorator.py
[2026-04-29T09:42:36.397+0300] {processor.py:830} INFO - Processing file /mnt/d/airflow/airflow_project/airflow_venv/lib/python3.12/site-packages/airflow/example_dags/example_python_decorator.py for tasks to queue
[2026-04-29T09:42:36.402+0300] {logging_mixin.py:188} INFO - [2026-04-29T09:42:36.400+0300] {dagbag.py:545} INFO - Filling up the DagBag from /mnt/d/airflow/airflow_project/airflow_venv/lib/python3.12/site-packages/airflow/example_dags/example_python_decorator.py
[2026-04-29T09:42:36.466+0300] {processor.py:840} INFO - DAG(s) 'example_python_decorator' retrieved from /mnt/d/airflow/airflow_project/airflow_venv/lib/python3.12/site-packages/airflow/example_dags/example_python_decorator.py
[2026-04-29T09:42:36.519+0300] {logging_mixin.py:188} INFO - [2026-04-29T09:42:36.515+0300] {dag.py:3089} INFO - Sync 1 DAGs
[2026-04-29T09:42:36.539+0300] {logging_mixin.py:188} INFO - [2026-04-29T09:42:36.537+0300] {dag.py:3947} INFO - Setting next_dagrun for example_python_decorator to None, run_after=None
[2026-04-29T09:42:36.633+0300] {processor.py:183} INFO - Processing /mnt/d/airflow/airflow_project/airflow_venv/lib/python3.12/site-packages/airflow/example_dags/example_python_decorator.py took 0.265 seconds
[2026-04-29T09:45:13.755+0300] {processor.py:161} INFO - Started process (PID=37069) to work on /mnt/d/airflow/airflow_project/airflow_venv/lib/python3.12/site-packages/airflow/example_dags/example_python_decorator.py
[2026-04-29T09:45:13.760+0300] {processor.py:830} INFO - Processing file /mnt/d/airflow/airflow_project/airflow_venv/lib/python3.12/site-packages/airflow/example_dags/example_python_decorator.py for tasks to queue
[2026-04-29T09:45:13.769+0300] {logging_mixin.py:188} INFO - [2026-04-29T09:45:13.766+0300] {dagbag.py:545} INFO - Filling up the DagBag from /mnt/d/airflow/airflow_project/airflow_venv/lib/python3.12/site-packages/airflow/example_dags/example_python_decorator.py
[2026-04-29T09:45:13.884+0300] {processor.py:840} INFO - DAG(s) 'example_python_decorator' retrieved from /mnt/d/airflow/airflow_project/airflow_venv/lib/python3.12/site-packages/airflow/example_dags/example_python_decorator.py
[2026-04-29T09:45:15.533+0300] {logging_mixin.py:188} INFO - [2026-04-29T09:45:15.530+0300] {dag.py:3089} INFO - Sync 1 DAGs
[2026-04-29T09:45:15.560+0300] {logging_mixin.py:188} INFO - [2026-04-29T09:45:15.557+0300] {dag.py:3947} INFO - Setting next_dagrun for example_python_decorator to None, run_after=None
[2026-04-29T09:45:15.733+0300] {processor.py:183} INFO - Processing /mnt/d/airflow/airflow_project/airflow_venv/lib/python3.12/site-packages/airflow/example_dags/example_python_decorator.py took 2.013 seconds
[2026-04-29T09:46:51.089+0300] {processor.py:161} INFO - Started process (PID=37612) to work on /mnt/d/airflow/airflow_project/airflow_venv/lib/python3.12/site-packages/airflow/example_dags/example_python_decorator.py
[2026-04-29T09:46:51.091+0300] {processor.py:830} INFO - Processing file /mnt/d/airflow/airflow_project/airflow_venv/lib/python3.12/site-packages/airflow/example_dags/example_python_decorator.py for tasks to queue
[2026-04-29T09:46:51.096+0300] {logging_mixin.py:188} INFO - [2026-04-29T09:46:51.094+0300] {dagbag.py:545} INFO - Filling up the DagBag from /mnt/d/airflow/airflow_project/airflow_venv/lib/python3.12/site-packages/airflow/example_dags/example_python_decorator.py
[2026-04-29T09:46:51.146+0300] {processor.py:840} INFO - DAG(s) 'example_python_decorator' retrieved from /mnt/d/airflow/airflow_project/airflow_venv/lib/python3.12/site-packages/airflow/example_dags/example_python_decorator.py
[2026-04-29T09:46:51.191+0300] {logging_mixin.py:188} INFO - [2026-04-29T09:46:51.190+0300] {dag.py:3089} INFO - Sync 1 DAGs
[2026-04-29T09:46:51.208+0300] {logging_mixin.py:188} INFO - [2026-04-29T09:46:51.207+0300] {dag.py:3947} INFO - Setting next_dagrun for example_python_decorator to None, run_after=None
[2026-04-29T09:46:51.341+0300] {processor.py:183} INFO - Processing /mnt/d/airflow/airflow_project/airflow_venv/lib/python3.12/site-packages/airflow/example_dags/example_python_decorator.py took 0.272 seconds
[2026-04-29T09:48:28.389+0300] {processor.py:161} INFO - Started process (PID=38146) to work on /mnt/d/airflow/airflow_project/airflow_venv/lib/python3.12/site-packages/airflow/example_dags/example_python_decorator.py
[2026-04-29T09:48:28.395+0300] {processor.py:830} INFO - Processing file /mnt/d/airflow/airflow_project/airflow_venv/lib/python3.12/site-packages/airflow/example_dags/example_python_decorator.py for tasks to queue
[2026-04-29T09:48:28.404+0300] {logging_mixin.py:188} INFO - [2026-04-29T09:48:28.401+0300] {dagbag.py:545} INFO - Filling up the DagBag from /mnt/d/airflow/airflow_project/airflow_venv/lib/python3.12/site-packages/airflow/example_dags/example_python_decorator.py
[2026-04-29T09:48:28.503+0300] {processor.py:840} INFO - DAG(s) 'example_python_decorator' retrieved from /mnt/d/airflow/airflow_project/airflow_venv/lib/python3.12/site-packages/airflow/example_dags/example_python_decorator.py
[2026-04-29T09:48:28.550+0300] {logging_mixin.py:188} INFO - [2026-04-29T09:48:28.549+0300] {dag.py:3089} INFO - Sync 1 DAGs
[2026-04-29T09:48:28.566+0300] {logging_mixin.py:188} INFO - [2026-04-29T09:48:28.565+0300] {dag.py:3947} INFO - Setting next_dagrun for example_python_decorator to None, run_after=None
[2026-04-29T09:48:28.651+0300] {processor.py:183} INFO - Processing /mnt/d/airflow/airflow_project/airflow_venv/lib/python3.12/site-packages/airflow/example_dags/example_python_decorator.py took 0.299 seconds
[2026-04-29T09:50:43.287+0300] {processor.py:161} INFO - Started process (PID=38912) to work on /mnt/d/airflow/airflow_project/airflow_venv/lib/python3.12/site-packages/airflow/example_dags/example_python_decorator.py
[2026-04-29T09:50:43.292+0300] {processor.py:830} INFO - Processing file /mnt/d/airflow/airflow_project/airflow_venv/lib/python3.12/site-packages/airflow/example_dags/example_python_decorator.py for tasks to queue
[2026-04-29T09:50:43.302+0300] {logging_mixin.py:188} INFO - [2026-04-29T09:50:43.299+0300] {dagbag.py:545} INFO - Filling up the DagBag from /mnt/d/airflow/airflow_project/airflow_venv/lib/python3.12/site-packages/airflow/example_dags/example_python_decorator.py
[2026-04-29T09:50:43.432+0300] {processor.py:840} INFO - DAG(s) 'example_python_decorator' retrieved from /mnt/d/airflow/airflow_project/airflow_venv/lib/python3.12/site-packages/airflow/example_dags/example_python_decorator.py
[2026-04-29T09:50:43.521+0300] {logging_mixin.py:188} INFO - [2026-04-29T09:50:43.518+0300] {dag.py:3089} INFO - Sync 1 DAGs
[2026-04-29T09:50:43.556+0300] {logging_mixin.py:188} INFO - [2026-04-29T09:50:43.553+0300] {dag.py:3947} INFO - Setting next_dagrun for example_python_decorator to None, run_after=None
[2026-04-29T09:50:43.731+0300] {processor.py:183} INFO - Processing /mnt/d/airflow/airflow_project/airflow_venv/lib/python3.12/site-packages/airflow/example_dags/example_python_decorator.py took 0.482 seconds
[2026-04-29T09:54:20.006+0300] {processor.py:161} INFO - Started process (PID=40130) to work on /mnt/d/airflow/airflow_project/airflow_venv/lib/python3.12/site-packages/airflow/example_dags/example_python_decorator.py
[2026-04-29T09:54:20.011+0300] {processor.py:830} INFO - Processing file /mnt/d/airflow/airflow_project/airflow_venv/lib/python3.12/site-packages/airflow/example_dags/example_python_decorator.py for tasks to queue
[2026-04-29T09:54:20.020+0300] {logging_mixin.py:188} INFO - [2026-04-29T09:54:20.017+0300] {dagbag.py:545} INFO - Filling up the DagBag from /mnt/d/airflow/airflow_project/airflow_venv/lib/python3.12/site-packages/airflow/example_dags/example_python_decorator.py
[2026-04-29T09:54:20.142+0300] {processor.py:840} INFO - DAG(s) 'example_python_decorator' retrieved from /mnt/d/airflow/airflow_project/airflow_venv/lib/python3.12/site-packages/airflow/example_dags/example_python_decorator.py
[2026-04-29T09:54:20.214+0300] {logging_mixin.py:188} INFO - [2026-04-29T09:54:20.212+0300] {dag.py:3089} INFO - Sync 1 DAGs
[2026-04-29T09:54:20.235+0300] {logging_mixin.py:188} INFO - [2026-04-29T09:54:20.233+0300] {dag.py:3947} INFO - Setting next_dagrun for example_python_decorator to None, run_after=None
[2026-04-29T09:54:20.410+0300] {processor.py:183} INFO - Processing /mnt/d/airflow/airflow_project/airflow_venv/lib/python3.12/site-packages/airflow/example_dags/example_python_decorator.py took 0.443 seconds
[2026-04-29T09:56:14.203+0300] {processor.py:161} INFO - Started process (PID=40811) to work on /mnt/d/airflow/airflow_project/airflow_venv/lib/python3.12/site-packages/airflow/example_dags/example_python_decorator.py
[2026-04-29T09:56:14.206+0300] {processor.py:830} INFO - Processing file /mnt/d/airflow/airflow_project/airflow_venv/lib/python3.12/site-packages/airflow/example_dags/example_python_decorator.py for tasks to queue
[2026-04-29T09:56:14.210+0300] {logging_mixin.py:188} INFO - [2026-04-29T09:56:14.209+0300] {dagbag.py:545} INFO - Filling up the DagBag from /mnt/d/airflow/airflow_project/airflow_venv/lib/python3.12/site-packages/airflow/example_dags/example_python_decorator.py
[2026-04-29T09:56:14.254+0300] {processor.py:840} INFO - DAG(s) 'example_python_decorator' retrieved from /mnt/d/airflow/airflow_project/airflow_venv/lib/python3.12/site-packages/airflow/example_dags/example_python_decorator.py
[2026-04-29T09:56:14.289+0300] {logging_mixin.py:188} INFO - [2026-04-29T09:56:14.288+0300] {dag.py:3089} INFO - Sync 1 DAGs
[2026-04-29T09:56:14.307+0300] {logging_mixin.py:188} INFO - [2026-04-29T09:56:14.306+0300] {dag.py:3947} INFO - Setting next_dagrun for example_python_decorator to None, run_after=None
[2026-04-29T09:56:14.421+0300] {processor.py:183} INFO - Processing /mnt/d/airflow/airflow_project/airflow_venv/lib/python3.12/site-packages/airflow/example_dags/example_python_decorator.py took 0.235 seconds
[2026-04-29T09:59:11.103+0300] {processor.py:161} INFO - Started process (PID=41822) to work on /mnt/d/airflow/airflow_project/airflow_venv/lib/python3.12/site-packages/airflow/example_dags/example_python_decorator.py
[2026-04-29T09:59:11.106+0300] {processor.py:830} INFO - Processing file /mnt/d/airflow/airflow_project/airflow_venv/lib/python3.12/site-packages/airflow/example_dags/example_python_decorator.py for tasks to queue
[2026-04-29T09:59:11.116+0300] {logging_mixin.py:188} INFO - [2026-04-29T09:59:11.115+0300] {dagbag.py:545} INFO - Filling up the DagBag from /mnt/d/airflow/airflow_project/airflow_venv/lib/python3.12/site-packages/airflow/example_dags/example_python_decorator.py
[2026-04-29T09:59:11.175+0300] {processor.py:840} INFO - DAG(s) 'example_python_decorator' retrieved from /mnt/d/airflow/airflow_project/airflow_venv/lib/python3.12/site-packages/airflow/example_dags/example_python_decorator.py
[2026-04-29T09:59:11.242+0300] {logging_mixin.py:188} INFO - [2026-04-29T09:59:11.240+0300] {dag.py:3089} INFO - Sync 1 DAGs
[2026-04-29T09:59:11.265+0300] {logging_mixin.py:188} INFO - [2026-04-29T09:59:11.263+0300] {dag.py:3947} INFO - Setting next_dagrun for example_python_decorator to None, run_after=None
[2026-04-29T09:59:11.409+0300] {processor.py:183} INFO - Processing /mnt/d/airflow/airflow_project/airflow_venv/lib/python3.12/site-packages/airflow/example_dags/example_python_decorator.py took 0.322 seconds
[2026-04-29T10:01:09.795+0300] {processor.py:161} INFO - Started process (PID=42466) to work on /mnt/d/airflow/airflow_project/airflow_venv/lib/python3.12/site-packages/airflow/example_dags/example_python_decorator.py
[2026-04-29T10:01:09.798+0300] {processor.py:830} INFO - Processing file /mnt/d/airflow/airflow_project/airflow_venv/lib/python3.12/site-packages/airflow/example_dags/example_python_decorator.py for tasks to queue
[2026-04-29T10:01:09.803+0300] {logging_mixin.py:188} INFO - [2026-04-29T10:01:09.801+0300] {dagbag.py:545} INFO - Filling up the DagBag from /mnt/d/airflow/airflow_project/airflow_venv/lib/python3.12/site-packages/airflow/example_dags/example_python_decorator.py
[2026-04-29T10:01:09.860+0300] {processor.py:840} INFO - DAG(s) 'example_python_decorator' retrieved from /mnt/d/airflow/airflow_project/airflow_venv/lib/python3.12/site-packages/airflow/example_dags/example_python_decorator.py
[2026-04-29T10:01:09.907+0300] {logging_mixin.py:188} INFO - [2026-04-29T10:01:09.906+0300] {dag.py:3089} INFO - Sync 1 DAGs
[2026-04-29T10:01:10.053+0300] {logging_mixin.py:188} INFO - [2026-04-29T10:01:10.050+0300] {dag.py:3947} INFO - Setting next_dagrun for example_python_decorator to None, run_after=None
[2026-04-29T10:01:10.216+0300] {processor.py:183} INFO - Processing /mnt/d/airflow/airflow_project/airflow_venv/lib/python3.12/site-packages/airflow/example_dags/example_python_decorator.py took 0.445 seconds
[2026-04-29T10:03:01.985+0300] {processor.py:161} INFO - Started process (PID=43084) to work on /mnt/d/airflow/airflow_project/airflow_venv/lib/python3.12/site-packages/airflow/example_dags/example_python_decorator.py
[2026-04-29T10:03:01.989+0300] {processor.py:830} INFO - Processing file /mnt/d/airflow/airflow_project/airflow_venv/lib/python3.12/site-packages/airflow/example_dags/example_python_decorator.py for tasks to queue
[2026-04-29T10:03:01.997+0300] {logging_mixin.py:188} INFO - [2026-04-29T10:03:01.994+0300] {dagbag.py:545} INFO - Filling up the DagBag from /mnt/d/airflow/airflow_project/airflow_venv/lib/python3.12/site-packages/airflow/example_dags/example_python_decorator.py
[2026-04-29T10:03:02.086+0300] {processor.py:840} INFO - DAG(s) 'example_python_decorator' retrieved from /mnt/d/airflow/airflow_project/airflow_venv/lib/python3.12/site-packages/airflow/example_dags/example_python_decorator.py
[2026-04-29T10:03:02.162+0300] {logging_mixin.py:188} INFO - [2026-04-29T10:03:02.160+0300] {dag.py:3089} INFO - Sync 1 DAGs
[2026-04-29T10:03:02.201+0300] {logging_mixin.py:188} INFO - [2026-04-29T10:03:02.188+0300] {dag.py:3947} INFO - Setting next_dagrun for example_python_decorator to None, run_after=None
[2026-04-29T10:03:02.384+0300] {processor.py:183} INFO - Processing /mnt/d/airflow/airflow_project/airflow_venv/lib/python3.12/site-packages/airflow/example_dags/example_python_decorator.py took 0.429 seconds
[2026-04-29T10:05:43.773+0300] {processor.py:161} INFO - Started process (PID=44008) to work on /mnt/d/airflow/airflow_project/airflow_venv/lib/python3.12/site-packages/airflow/example_dags/example_python_decorator.py
[2026-04-29T10:05:43.776+0300] {processor.py:830} INFO - Processing file /mnt/d/airflow/airflow_project/airflow_venv/lib/python3.12/site-packages/airflow/example_dags/example_python_decorator.py for tasks to queue
[2026-04-29T10:05:43.782+0300] {logging_mixin.py:188} INFO - [2026-04-29T10:05:43.780+0300] {dagbag.py:545} INFO - Filling up the DagBag from /mnt/d/airflow/airflow_project/airflow_venv/lib/python3.12/site-packages/airflow/example_dags/example_python_decorator.py
[2026-04-29T10:05:43.842+0300] {processor.py:840} INFO - DAG(s) 'example_python_decorator' retrieved from /mnt/d/airflow/airflow_project/airflow_venv/lib/python3.12/site-packages/airflow/example_dags/example_python_decorator.py
[2026-04-29T10:05:43.903+0300] {logging_mixin.py:188} INFO - [2026-04-29T10:05:43.901+0300] {dag.py:3089} INFO - Sync 1 DAGs
[2026-04-29T10:05:43.927+0300] {logging_mixin.py:188} INFO - [2026-04-29T10:05:43.924+0300] {dag.py:3947} INFO - Setting next_dagrun for example_python_decorator to None, run_after=None
[2026-04-29T10:05:44.093+0300] {processor.py:183} INFO - Processing /mnt/d/airflow/airflow_project/airflow_venv/lib/python3.12/site-packages/airflow/example_dags/example_python_decorator.py took 0.345 seconds
[2026-04-29T10:08:03.316+0300] {processor.py:161} INFO - Started process (PID=44783) to work on /mnt/d/airflow/airflow_project/airflow_venv/lib/python3.12/site-packages/airflow/example_dags/example_python_decorator.py
[2026-04-29T10:08:03.321+0300] {processor.py:830} INFO - Processing file /mnt/d/airflow/airflow_project/airflow_venv/lib/python3.12/site-packages/airflow/example_dags/example_python_decorator.py for tasks to queue
[2026-04-29T10:08:03.330+0300] {logging_mixin.py:188} INFO - [2026-04-29T10:08:03.326+0300] {dagbag.py:545} INFO - Filling up the DagBag from /mnt/d/airflow/airflow_project/airflow_venv/lib/python3.12/site-packages/airflow/example_dags/example_python_decorator.py
[2026-04-29T10:08:03.440+0300] {processor.py:840} INFO - DAG(s) 'example_python_decorator' retrieved from /mnt/d/airflow/airflow_project/airflow_venv/lib/python3.12/site-packages/airflow/example_dags/example_python_decorator.py
[2026-04-29T10:08:03.628+0300] {logging_mixin.py:188} INFO - [2026-04-29T10:08:03.626+0300] {dag.py:3089} INFO - Sync 1 DAGs
[2026-04-29T10:08:03.646+0300] {logging_mixin.py:188} INFO - [2026-04-29T10:08:03.644+0300] {dag.py:3947} INFO - Setting next_dagrun for example_python_decorator to None, run_after=None
[2026-04-29T10:08:03.848+0300] {processor.py:183} INFO - Processing /mnt/d/airflow/airflow_project/airflow_venv/lib/python3.12/site-packages/airflow/example_dags/example_python_decorator.py took 0.566 seconds
[2026-04-29T10:10:03.600+0300] {processor.py:161} INFO - Started process (PID=45449) to work on /mnt/d/airflow/airflow_project/airflow_venv/lib/python3.12/site-packages/airflow/example_dags/example_python_decorator.py
[2026-04-29T10:10:03.604+0300] {processor.py:830} INFO - Processing file /mnt/d/airflow/airflow_project/airflow_venv/lib/python3.12/site-packages/airflow/example_dags/example_python_decorator.py for tasks to queue
[2026-04-29T10:10:03.611+0300] {logging_mixin.py:188} INFO - [2026-04-29T10:10:03.609+0300] {dagbag.py:545} INFO - Filling up the DagBag from /mnt/d/airflow/airflow_project/airflow_venv/lib/python3.12/site-packages/airflow/example_dags/example_python_decorator.py
[2026-04-29T10:10:03.668+0300] {processor.py:840} INFO - DAG(s) 'example_python_decorator' retrieved from /mnt/d/airflow/airflow_project/airflow_venv/lib/python3.12/site-packages/airflow/example_dags/example_python_decorator.py
[2026-04-29T10:10:03.713+0300] {logging_mixin.py:188} INFO - [2026-04-29T10:10:03.711+0300] {dag.py:3089} INFO - Sync 1 DAGs
[2026-04-29T10:10:03.733+0300] {logging_mixin.py:188} INFO - [2026-04-29T10:10:03.731+0300] {dag.py:3947} INFO - Setting next_dagrun for example_python_decorator to None, run_after=None
[2026-04-29T10:10:03.853+0300] {processor.py:183} INFO - Processing /mnt/d/airflow/airflow_project/airflow_venv/lib/python3.12/site-packages/airflow/example_dags/example_python_decorator.py took 0.280 seconds
[2026-04-29T10:12:21.451+0300] {processor.py:161} INFO - Started process (PID=46207) to work on /mnt/d/airflow/airflow_project/airflow_venv/lib/python3.12/site-packages/airflow/example_dags/example_python_decorator.py
[2026-04-29T10:12:21.455+0300] {processor.py:830} INFO - Processing file /mnt/d/airflow/airflow_project/airflow_venv/lib/python3.12/site-packages/airflow/example_dags/example_python_decorator.py for tasks to queue
[2026-04-29T10:12:21.461+0300] {logging_mixin.py:188} INFO - [2026-04-29T10:12:21.459+0300] {dagbag.py:545} INFO - Filling up the DagBag from /mnt/d/airflow/airflow_project/airflow_venv/lib/python3.12/site-packages/airflow/example_dags/example_python_decorator.py
[2026-04-29T10:12:21.524+0300] {processor.py:840} INFO - DAG(s) 'example_python_decorator' retrieved from /mnt/d/airflow/airflow_project/airflow_venv/lib/python3.12/site-packages/airflow/example_dags/example_python_decorator.py
[2026-04-29T10:12:21.571+0300] {logging_mixin.py:188} INFO - [2026-04-29T10:12:21.570+0300] {dag.py:3089} INFO - Sync 1 DAGs
[2026-04-29T10:12:21.593+0300] {logging_mixin.py:188} INFO - [2026-04-29T10:12:21.591+0300] {dag.py:3947} INFO - Setting next_dagrun for example_python_decorator to None, run_after=None
[2026-04-29T10:12:21.665+0300] {processor.py:183} INFO - Processing /mnt/d/airflow/airflow_project/airflow_venv/lib/python3.12/site-packages/airflow/example_dags/example_python_decorator.py took 0.242 seconds
