[2026-04-29T09:15:34.686+0300] {processor.py:161} INFO - Started process (PID=26650) to work on /mnt/d/airflow/airflow_project/airflow_venv/lib/python3.12/site-packages/airflow/example_dags/example_params_ui_tutorial.py
[2026-04-29T09:15:34.689+0300] {processor.py:830} INFO - Processing file /mnt/d/airflow/airflow_project/airflow_venv/lib/python3.12/site-packages/airflow/example_dags/example_params_ui_tutorial.py for tasks to queue
[2026-04-29T09:15:34.695+0300] {logging_mixin.py:188} INFO - [2026-04-29T09:15:34.693+0300] {dagbag.py:545} INFO - Filling up the DagBag from /mnt/d/airflow/airflow_project/airflow_venv/lib/python3.12/site-packages/airflow/example_dags/example_params_ui_tutorial.py
[2026-04-29T09:15:34.796+0300] {processor.py:840} INFO - DAG(s) 'example_params_ui_tutorial' retrieved from /mnt/d/airflow/airflow_project/airflow_venv/lib/python3.12/site-packages/airflow/example_dags/example_params_ui_tutorial.py
[2026-04-29T09:15:35.876+0300] {logging_mixin.py:188} INFO - [2026-04-29T09:15:35.875+0300] {override.py:1858} INFO - Created Permission View: can edit on DAG:example_params_ui_tutorial
[2026-04-29T09:15:35.898+0300] {logging_mixin.py:188} INFO - [2026-04-29T09:15:35.897+0300] {override.py:1858} INFO - Created Permission View: can delete on DAG:example_params_ui_tutorial
[2026-04-29T09:15:35.919+0300] {logging_mixin.py:188} INFO - [2026-04-29T09:15:35.918+0300] {override.py:1858} INFO - Created Permission View: can read on DAG:example_params_ui_tutorial
[2026-04-29T09:15:35.921+0300] {logging_mixin.py:188} INFO - [2026-04-29T09:15:35.920+0300] {dag.py:3089} INFO - Sync 1 DAGs
[2026-04-29T09:15:35.932+0300] {logging_mixin.py:188} INFO - [2026-04-29T09:15:35.931+0300] {dag.py:3111} INFO - Creating ORM DAG for example_params_ui_tutorial
[2026-04-29T09:15:35.934+0300] {logging_mixin.py:188} INFO - [2026-04-29T09:15:35.933+0300] {dag.py:3947} INFO - Setting next_dagrun for example_params_ui_tutorial to None, run_after=None
[2026-04-29T09:15:35.973+0300] {processor.py:183} INFO - Processing /mnt/d/airflow/airflow_project/airflow_venv/lib/python3.12/site-packages/airflow/example_dags/example_params_ui_tutorial.py took 1.305 seconds
[2026-04-29T09:17:39.910+0300] {processor.py:161} INFO - Started process (PID=27351) to work on /mnt/d/airflow/airflow_project/airflow_venv/lib/python3.12/site-packages/airflow/example_dags/example_params_ui_tutorial.py
[2026-04-29T09:17:39.913+0300] {processor.py:830} INFO - Processing file /mnt/d/airflow/airflow_project/airflow_venv/lib/python3.12/site-packages/airflow/example_dags/example_params_ui_tutorial.py for tasks to queue
[2026-04-29T09:17:39.920+0300] {logging_mixin.py:188} INFO - [2026-04-29T09:17:39.918+0300] {dagbag.py:545} INFO - Filling up the DagBag from /mnt/d/airflow/airflow_project/airflow_venv/lib/python3.12/site-packages/airflow/example_dags/example_params_ui_tutorial.py
[2026-04-29T09:17:39.969+0300] {processor.py:840} INFO - DAG(s) 'example_params_ui_tutorial' retrieved from /mnt/d/airflow/airflow_project/airflow_venv/lib/python3.12/site-packages/airflow/example_dags/example_params_ui_tutorial.py
[2026-04-29T09:17:40.019+0300] {logging_mixin.py:188} INFO - [2026-04-29T09:17:40.017+0300] {dag.py:3089} INFO - Sync 1 DAGs
[2026-04-29T09:17:40.036+0300] {logging_mixin.py:188} INFO - [2026-04-29T09:17:40.032+0300] {dag.py:3947} INFO - Setting next_dagrun for example_params_ui_tutorial to None, run_after=None
[2026-04-29T09:17:40.191+0300] {processor.py:183} INFO - Processing /mnt/d/airflow/airflow_project/airflow_venv/lib/python3.12/site-packages/airflow/example_dags/example_params_ui_tutorial.py took 0.303 seconds
[2026-04-29T09:19:50.734+0300] {processor.py:161} INFO - Started process (PID=28157) to work on /mnt/d/airflow/airflow_project/airflow_venv/lib/python3.12/site-packages/airflow/example_dags/example_params_ui_tutorial.py
[2026-04-29T09:19:50.736+0300] {processor.py:830} INFO - Processing file /mnt/d/airflow/airflow_project/airflow_venv/lib/python3.12/site-packages/airflow/example_dags/example_params_ui_tutorial.py for tasks to queue
[2026-04-29T09:19:50.743+0300] {logging_mixin.py:188} INFO - [2026-04-29T09:19:50.740+0300] {dagbag.py:545} INFO - Filling up the DagBag from /mnt/d/airflow/airflow_project/airflow_venv/lib/python3.12/site-packages/airflow/example_dags/example_params_ui_tutorial.py
[2026-04-29T09:19:50.827+0300] {processor.py:840} INFO - DAG(s) 'example_params_ui_tutorial' retrieved from /mnt/d/airflow/airflow_project/airflow_venv/lib/python3.12/site-packages/airflow/example_dags/example_params_ui_tutorial.py
[2026-04-29T09:19:50.915+0300] {logging_mixin.py:188} INFO - [2026-04-29T09:19:50.911+0300] {dag.py:3089} INFO - Sync 1 DAGs
[2026-04-29T09:19:50.940+0300] {logging_mixin.py:188} INFO - [2026-04-29T09:19:50.936+0300] {dag.py:3947} INFO - Setting next_dagrun for example_params_ui_tutorial to None, run_after=None
[2026-04-29T09:19:51.062+0300] {processor.py:183} INFO - Processing /mnt/d/airflow/airflow_project/airflow_venv/lib/python3.12/site-packages/airflow/example_dags/example_params_ui_tutorial.py took 0.357 seconds
[2026-04-29T09:22:05.147+0300] {processor.py:161} INFO - Started process (PID=28920) to work on /mnt/d/airflow/airflow_project/airflow_venv/lib/python3.12/site-packages/airflow/example_dags/example_params_ui_tutorial.py
[2026-04-29T09:22:05.150+0300] {processor.py:830} INFO - Processing file /mnt/d/airflow/airflow_project/airflow_venv/lib/python3.12/site-packages/airflow/example_dags/example_params_ui_tutorial.py for tasks to queue
[2026-04-29T09:22:05.155+0300] {logging_mixin.py:188} INFO - [2026-04-29T09:22:05.153+0300] {dagbag.py:545} INFO - Filling up the DagBag from /mnt/d/airflow/airflow_project/airflow_venv/lib/python3.12/site-packages/airflow/example_dags/example_params_ui_tutorial.py
[2026-04-29T09:22:05.201+0300] {processor.py:840} INFO - DAG(s) 'example_params_ui_tutorial' retrieved from /mnt/d/airflow/airflow_project/airflow_venv/lib/python3.12/site-packages/airflow/example_dags/example_params_ui_tutorial.py
[2026-04-29T09:22:05.248+0300] {logging_mixin.py:188} INFO - [2026-04-29T09:22:05.247+0300] {dag.py:3089} INFO - Sync 1 DAGs
[2026-04-29T09:22:05.259+0300] {logging_mixin.py:188} INFO - [2026-04-29T09:22:05.258+0300] {dag.py:3947} INFO - Setting next_dagrun for example_params_ui_tutorial to None, run_after=None
[2026-04-29T09:22:05.332+0300] {processor.py:183} INFO - Processing /mnt/d/airflow/airflow_project/airflow_venv/lib/python3.12/site-packages/airflow/example_dags/example_params_ui_tutorial.py took 0.201 seconds
[2026-04-29T09:24:05.876+0300] {processor.py:161} INFO - Started process (PID=29623) to work on /mnt/d/airflow/airflow_project/airflow_venv/lib/python3.12/site-packages/airflow/example_dags/example_params_ui_tutorial.py
[2026-04-29T09:24:05.880+0300] {processor.py:830} INFO - Processing file /mnt/d/airflow/airflow_project/airflow_venv/lib/python3.12/site-packages/airflow/example_dags/example_params_ui_tutorial.py for tasks to queue
[2026-04-29T09:24:05.888+0300] {logging_mixin.py:188} INFO - [2026-04-29T09:24:05.885+0300] {dagbag.py:545} INFO - Filling up the DagBag from /mnt/d/airflow/airflow_project/airflow_venv/lib/python3.12/site-packages/airflow/example_dags/example_params_ui_tutorial.py
[2026-04-29T09:24:05.961+0300] {processor.py:840} INFO - DAG(s) 'example_params_ui_tutorial' retrieved from /mnt/d/airflow/airflow_project/airflow_venv/lib/python3.12/site-packages/airflow/example_dags/example_params_ui_tutorial.py
[2026-04-29T09:24:06.067+0300] {logging_mixin.py:188} INFO - [2026-04-29T09:24:06.064+0300] {dag.py:3089} INFO - Sync 1 DAGs
[2026-04-29T09:24:06.087+0300] {logging_mixin.py:188} INFO - [2026-04-29T09:24:06.085+0300] {dag.py:3947} INFO - Setting next_dagrun for example_params_ui_tutorial to None, run_after=None
[2026-04-29T09:24:06.300+0300] {processor.py:183} INFO - Processing /mnt/d/airflow/airflow_project/airflow_venv/lib/python3.12/site-packages/airflow/example_dags/example_params_ui_tutorial.py took 0.455 seconds
[2026-04-29T09:26:27.219+0300] {processor.py:161} INFO - Started process (PID=30412) to work on /mnt/d/airflow/airflow_project/airflow_venv/lib/python3.12/site-packages/airflow/example_dags/example_params_ui_tutorial.py
[2026-04-29T09:26:27.223+0300] {processor.py:830} INFO - Processing file /mnt/d/airflow/airflow_project/airflow_venv/lib/python3.12/site-packages/airflow/example_dags/example_params_ui_tutorial.py for tasks to queue
[2026-04-29T09:26:27.231+0300] {logging_mixin.py:188} INFO - [2026-04-29T09:26:27.228+0300] {dagbag.py:545} INFO - Filling up the DagBag from /mnt/d/airflow/airflow_project/airflow_venv/lib/python3.12/site-packages/airflow/example_dags/example_params_ui_tutorial.py
[2026-04-29T09:26:27.312+0300] {processor.py:840} INFO - DAG(s) 'example_params_ui_tutorial' retrieved from /mnt/d/airflow/airflow_project/airflow_venv/lib/python3.12/site-packages/airflow/example_dags/example_params_ui_tutorial.py
[2026-04-29T09:26:27.400+0300] {logging_mixin.py:188} INFO - [2026-04-29T09:26:27.397+0300] {dag.py:3089} INFO - Sync 1 DAGs
[2026-04-29T09:26:27.427+0300] {logging_mixin.py:188} INFO - [2026-04-29T09:26:27.424+0300] {dag.py:3947} INFO - Setting next_dagrun for example_params_ui_tutorial to None, run_after=None
[2026-04-29T09:26:27.624+0300] {processor.py:183} INFO - Processing /mnt/d/airflow/airflow_project/airflow_venv/lib/python3.12/site-packages/airflow/example_dags/example_params_ui_tutorial.py took 0.445 seconds
[2026-04-29T09:27:50.082+0300] {processor.py:161} INFO - Started process (PID=30876) to work on /mnt/d/airflow/airflow_project/airflow_venv/lib/python3.12/site-packages/airflow/example_dags/example_params_ui_tutorial.py
[2026-04-29T09:27:50.087+0300] {processor.py:830} INFO - Processing file /mnt/d/airflow/airflow_project/airflow_venv/lib/python3.12/site-packages/airflow/example_dags/example_params_ui_tutorial.py for tasks to queue
[2026-04-29T09:27:50.092+0300] {logging_mixin.py:188} INFO - [2026-04-29T09:27:50.090+0300] {dagbag.py:545} INFO - Filling up the DagBag from /mnt/d/airflow/airflow_project/airflow_venv/lib/python3.12/site-packages/airflow/example_dags/example_params_ui_tutorial.py
[2026-04-29T09:27:50.261+0300] {processor.py:840} INFO - DAG(s) 'example_params_ui_tutorial' retrieved from /mnt/d/airflow/airflow_project/airflow_venv/lib/python3.12/site-packages/airflow/example_dags/example_params_ui_tutorial.py
[2026-04-29T09:27:50.408+0300] {logging_mixin.py:188} INFO - [2026-04-29T09:27:50.405+0300] {dag.py:3089} INFO - Sync 1 DAGs
[2026-04-29T09:27:50.433+0300] {logging_mixin.py:188} INFO - [2026-04-29T09:27:50.431+0300] {dag.py:3947} INFO - Setting next_dagrun for example_params_ui_tutorial to None, run_after=None
[2026-04-29T09:27:50.555+0300] {processor.py:183} INFO - Processing /mnt/d/airflow/airflow_project/airflow_venv/lib/python3.12/site-packages/airflow/example_dags/example_params_ui_tutorial.py took 0.502 seconds
[2026-04-29T09:30:41.045+0300] {processor.py:161} INFO - Started process (PID=31889) to work on /mnt/d/airflow/airflow_project/airflow_venv/lib/python3.12/site-packages/airflow/example_dags/example_params_ui_tutorial.py
[2026-04-29T09:30:41.048+0300] {processor.py:830} INFO - Processing file /mnt/d/airflow/airflow_project/airflow_venv/lib/python3.12/site-packages/airflow/example_dags/example_params_ui_tutorial.py for tasks to queue
[2026-04-29T09:30:41.053+0300] {logging_mixin.py:188} INFO - [2026-04-29T09:30:41.051+0300] {dagbag.py:545} INFO - Filling up the DagBag from /mnt/d/airflow/airflow_project/airflow_venv/lib/python3.12/site-packages/airflow/example_dags/example_params_ui_tutorial.py
[2026-04-29T09:30:41.113+0300] {processor.py:840} INFO - DAG(s) 'example_params_ui_tutorial' retrieved from /mnt/d/airflow/airflow_project/airflow_venv/lib/python3.12/site-packages/airflow/example_dags/example_params_ui_tutorial.py
[2026-04-29T09:30:41.239+0300] {logging_mixin.py:188} INFO - [2026-04-29T09:30:41.236+0300] {dag.py:3089} INFO - Sync 1 DAGs
[2026-04-29T09:30:41.274+0300] {logging_mixin.py:188} INFO - [2026-04-29T09:30:41.271+0300] {dag.py:3947} INFO - Setting next_dagrun for example_params_ui_tutorial to None, run_after=None
[2026-04-29T09:30:41.508+0300] {processor.py:183} INFO - Processing /mnt/d/airflow/airflow_project/airflow_venv/lib/python3.12/site-packages/airflow/example_dags/example_params_ui_tutorial.py took 0.483 seconds
[2026-04-29T09:32:57.269+0300] {processor.py:161} INFO - Started process (PID=32691) to work on /mnt/d/airflow/airflow_project/airflow_venv/lib/python3.12/site-packages/airflow/example_dags/example_params_ui_tutorial.py
[2026-04-29T09:32:57.273+0300] {processor.py:830} INFO - Processing file /mnt/d/airflow/airflow_project/airflow_venv/lib/python3.12/site-packages/airflow/example_dags/example_params_ui_tutorial.py for tasks to queue
[2026-04-29T09:32:57.282+0300] {logging_mixin.py:188} INFO - [2026-04-29T09:32:57.279+0300] {dagbag.py:545} INFO - Filling up the DagBag from /mnt/d/airflow/airflow_project/airflow_venv/lib/python3.12/site-packages/airflow/example_dags/example_params_ui_tutorial.py
[2026-04-29T09:32:57.357+0300] {processor.py:840} INFO - DAG(s) 'example_params_ui_tutorial' retrieved from /mnt/d/airflow/airflow_project/airflow_venv/lib/python3.12/site-packages/airflow/example_dags/example_params_ui_tutorial.py
[2026-04-29T09:32:57.452+0300] {logging_mixin.py:188} INFO - [2026-04-29T09:32:57.449+0300] {dag.py:3089} INFO - Sync 1 DAGs
[2026-04-29T09:32:57.479+0300] {logging_mixin.py:188} INFO - [2026-04-29T09:32:57.476+0300] {dag.py:3947} INFO - Setting next_dagrun for example_params_ui_tutorial to None, run_after=None
[2026-04-29T09:32:57.700+0300] {processor.py:183} INFO - Processing /mnt/d/airflow/airflow_project/airflow_venv/lib/python3.12/site-packages/airflow/example_dags/example_params_ui_tutorial.py took 0.465 seconds
[2026-04-29T09:35:20.320+0300] {processor.py:161} INFO - Started process (PID=33538) to work on /mnt/d/airflow/airflow_project/airflow_venv/lib/python3.12/site-packages/airflow/example_dags/example_params_ui_tutorial.py
[2026-04-29T09:35:20.321+0300] {processor.py:830} INFO - Processing file /mnt/d/airflow/airflow_project/airflow_venv/lib/python3.12/site-packages/airflow/example_dags/example_params_ui_tutorial.py for tasks to queue
[2026-04-29T09:35:20.324+0300] {logging_mixin.py:188} INFO - [2026-04-29T09:35:20.323+0300] {dagbag.py:545} INFO - Filling up the DagBag from /mnt/d/airflow/airflow_project/airflow_venv/lib/python3.12/site-packages/airflow/example_dags/example_params_ui_tutorial.py
[2026-04-29T09:35:20.346+0300] {processor.py:840} INFO - DAG(s) 'example_params_ui_tutorial' retrieved from /mnt/d/airflow/airflow_project/airflow_venv/lib/python3.12/site-packages/airflow/example_dags/example_params_ui_tutorial.py
[2026-04-29T09:35:20.381+0300] {logging_mixin.py:188} INFO - [2026-04-29T09:35:20.381+0300] {dag.py:3089} INFO - Sync 1 DAGs
[2026-04-29T09:35:20.391+0300] {logging_mixin.py:188} INFO - [2026-04-29T09:35:20.390+0300] {dag.py:3947} INFO - Setting next_dagrun for example_params_ui_tutorial to None, run_after=None
[2026-04-29T09:35:20.450+0300] {processor.py:183} INFO - Processing /mnt/d/airflow/airflow_project/airflow_venv/lib/python3.12/site-packages/airflow/example_dags/example_params_ui_tutorial.py took 0.140 seconds
[2026-04-29T09:37:16.128+0300] {processor.py:161} INFO - Started process (PID=34247) to work on /mnt/d/airflow/airflow_project/airflow_venv/lib/python3.12/site-packages/airflow/example_dags/example_params_ui_tutorial.py
[2026-04-29T09:37:16.132+0300] {processor.py:830} INFO - Processing file /mnt/d/airflow/airflow_project/airflow_venv/lib/python3.12/site-packages/airflow/example_dags/example_params_ui_tutorial.py for tasks to queue
[2026-04-29T09:37:16.152+0300] {logging_mixin.py:188} INFO - [2026-04-29T09:37:16.147+0300] {dagbag.py:545} INFO - Filling up the DagBag from /mnt/d/airflow/airflow_project/airflow_venv/lib/python3.12/site-packages/airflow/example_dags/example_params_ui_tutorial.py
[2026-04-29T09:37:16.212+0300] {processor.py:840} INFO - DAG(s) 'example_params_ui_tutorial' retrieved from /mnt/d/airflow/airflow_project/airflow_venv/lib/python3.12/site-packages/airflow/example_dags/example_params_ui_tutorial.py
[2026-04-29T09:37:16.285+0300] {logging_mixin.py:188} INFO - [2026-04-29T09:37:16.284+0300] {dag.py:3089} INFO - Sync 1 DAGs
[2026-04-29T09:37:16.306+0300] {logging_mixin.py:188} INFO - [2026-04-29T09:37:16.305+0300] {dag.py:3947} INFO - Setting next_dagrun for example_params_ui_tutorial to None, run_after=None
[2026-04-29T09:37:16.398+0300] {processor.py:183} INFO - Processing /mnt/d/airflow/airflow_project/airflow_venv/lib/python3.12/site-packages/airflow/example_dags/example_params_ui_tutorial.py took 0.305 seconds
[2026-04-29T09:39:33.441+0300] {processor.py:161} INFO - Started process (PID=35084) to work on /mnt/d/airflow/airflow_project/airflow_venv/lib/python3.12/site-packages/airflow/example_dags/example_params_ui_tutorial.py
[2026-04-29T09:39:33.443+0300] {processor.py:830} INFO - Processing file /mnt/d/airflow/airflow_project/airflow_venv/lib/python3.12/site-packages/airflow/example_dags/example_params_ui_tutorial.py for tasks to queue
[2026-04-29T09:39:33.447+0300] {logging_mixin.py:188} INFO - [2026-04-29T09:39:33.446+0300] {dagbag.py:545} INFO - Filling up the DagBag from /mnt/d/airflow/airflow_project/airflow_venv/lib/python3.12/site-packages/airflow/example_dags/example_params_ui_tutorial.py
[2026-04-29T09:39:33.482+0300] {processor.py:840} INFO - DAG(s) 'example_params_ui_tutorial' retrieved from /mnt/d/airflow/airflow_project/airflow_venv/lib/python3.12/site-packages/airflow/example_dags/example_params_ui_tutorial.py
[2026-04-29T09:39:33.556+0300] {logging_mixin.py:188} INFO - [2026-04-29T09:39:33.554+0300] {dag.py:3089} INFO - Sync 1 DAGs
[2026-04-29T09:39:33.576+0300] {logging_mixin.py:188} INFO - [2026-04-29T09:39:33.575+0300] {dag.py:3947} INFO - Setting next_dagrun for example_params_ui_tutorial to None, run_after=None
[2026-04-29T09:39:33.666+0300] {processor.py:183} INFO - Processing /mnt/d/airflow/airflow_project/airflow_venv/lib/python3.12/site-packages/airflow/example_dags/example_params_ui_tutorial.py took 0.242 seconds
[2026-04-29T09:41:26.031+0300] {processor.py:161} INFO - Started process (PID=35732) to work on /mnt/d/airflow/airflow_project/airflow_venv/lib/python3.12/site-packages/airflow/example_dags/example_params_ui_tutorial.py
[2026-04-29T09:41:26.037+0300] {processor.py:830} INFO - Processing file /mnt/d/airflow/airflow_project/airflow_venv/lib/python3.12/site-packages/airflow/example_dags/example_params_ui_tutorial.py for tasks to queue
[2026-04-29T09:41:26.046+0300] {logging_mixin.py:188} INFO - [2026-04-29T09:41:26.043+0300] {dagbag.py:545} INFO - Filling up the DagBag from /mnt/d/airflow/airflow_project/airflow_venv/lib/python3.12/site-packages/airflow/example_dags/example_params_ui_tutorial.py
[2026-04-29T09:41:26.126+0300] {processor.py:840} INFO - DAG(s) 'example_params_ui_tutorial' retrieved from /mnt/d/airflow/airflow_project/airflow_venv/lib/python3.12/site-packages/airflow/example_dags/example_params_ui_tutorial.py
[2026-04-29T09:41:26.228+0300] {logging_mixin.py:188} INFO - [2026-04-29T09:41:26.225+0300] {dag.py:3089} INFO - Sync 1 DAGs
[2026-04-29T09:41:26.256+0300] {logging_mixin.py:188} INFO - [2026-04-29T09:41:26.254+0300] {dag.py:3947} INFO - Setting next_dagrun for example_params_ui_tutorial to None, run_after=None
[2026-04-29T09:41:26.469+0300] {processor.py:183} INFO - Processing /mnt/d/airflow/airflow_project/airflow_venv/lib/python3.12/site-packages/airflow/example_dags/example_params_ui_tutorial.py took 0.472 seconds
[2026-04-29T09:43:45.479+0300] {processor.py:161} INFO - Started process (PID=36557) to work on /mnt/d/airflow/airflow_project/airflow_venv/lib/python3.12/site-packages/airflow/example_dags/example_params_ui_tutorial.py
[2026-04-29T09:43:45.482+0300] {processor.py:830} INFO - Processing file /mnt/d/airflow/airflow_project/airflow_venv/lib/python3.12/site-packages/airflow/example_dags/example_params_ui_tutorial.py for tasks to queue
[2026-04-29T09:43:45.488+0300] {logging_mixin.py:188} INFO - [2026-04-29T09:43:45.485+0300] {dagbag.py:545} INFO - Filling up the DagBag from /mnt/d/airflow/airflow_project/airflow_venv/lib/python3.12/site-packages/airflow/example_dags/example_params_ui_tutorial.py
[2026-04-29T09:43:45.520+0300] {processor.py:840} INFO - DAG(s) 'example_params_ui_tutorial' retrieved from /mnt/d/airflow/airflow_project/airflow_venv/lib/python3.12/site-packages/airflow/example_dags/example_params_ui_tutorial.py
[2026-04-29T09:43:45.544+0300] {logging_mixin.py:188} INFO - [2026-04-29T09:43:45.543+0300] {dag.py:3089} INFO - Sync 1 DAGs
[2026-04-29T09:43:45.562+0300] {logging_mixin.py:188} INFO - [2026-04-29T09:43:45.561+0300] {dag.py:3947} INFO - Setting next_dagrun for example_params_ui_tutorial to None, run_after=None
[2026-04-29T09:43:45.661+0300] {processor.py:183} INFO - Processing /mnt/d/airflow/airflow_project/airflow_venv/lib/python3.12/site-packages/airflow/example_dags/example_params_ui_tutorial.py took 0.210 seconds
[2026-04-29T09:46:56.653+0300] {processor.py:161} INFO - Started process (PID=37637) to work on /mnt/d/airflow/airflow_project/airflow_venv/lib/python3.12/site-packages/airflow/example_dags/example_params_ui_tutorial.py
[2026-04-29T09:46:56.658+0300] {processor.py:830} INFO - Processing file /mnt/d/airflow/airflow_project/airflow_venv/lib/python3.12/site-packages/airflow/example_dags/example_params_ui_tutorial.py for tasks to queue
[2026-04-29T09:46:56.670+0300] {logging_mixin.py:188} INFO - [2026-04-29T09:46:56.666+0300] {dagbag.py:545} INFO - Filling up the DagBag from /mnt/d/airflow/airflow_project/airflow_venv/lib/python3.12/site-packages/airflow/example_dags/example_params_ui_tutorial.py
[2026-04-29T09:46:56.768+0300] {processor.py:840} INFO - DAG(s) 'example_params_ui_tutorial' retrieved from /mnt/d/airflow/airflow_project/airflow_venv/lib/python3.12/site-packages/airflow/example_dags/example_params_ui_tutorial.py
[2026-04-29T09:46:59.365+0300] {logging_mixin.py:188} INFO - [2026-04-29T09:46:59.364+0300] {dag.py:3089} INFO - Sync 1 DAGs
[2026-04-29T09:46:59.381+0300] {logging_mixin.py:188} INFO - [2026-04-29T09:46:59.380+0300] {dag.py:3947} INFO - Setting next_dagrun for example_params_ui_tutorial to None, run_after=None
[2026-04-29T09:46:59.665+0300] {processor.py:183} INFO - Processing /mnt/d/airflow/airflow_project/airflow_venv/lib/python3.12/site-packages/airflow/example_dags/example_params_ui_tutorial.py took 3.054 seconds
[2026-04-29T09:48:31.748+0300] {processor.py:161} INFO - Started process (PID=38169) to work on /mnt/d/airflow/airflow_project/airflow_venv/lib/python3.12/site-packages/airflow/example_dags/example_params_ui_tutorial.py
[2026-04-29T09:48:31.751+0300] {processor.py:830} INFO - Processing file /mnt/d/airflow/airflow_project/airflow_venv/lib/python3.12/site-packages/airflow/example_dags/example_params_ui_tutorial.py for tasks to queue
[2026-04-29T09:48:31.759+0300] {logging_mixin.py:188} INFO - [2026-04-29T09:48:31.756+0300] {dagbag.py:545} INFO - Filling up the DagBag from /mnt/d/airflow/airflow_project/airflow_venv/lib/python3.12/site-packages/airflow/example_dags/example_params_ui_tutorial.py
[2026-04-29T09:48:31.830+0300] {processor.py:840} INFO - DAG(s) 'example_params_ui_tutorial' retrieved from /mnt/d/airflow/airflow_project/airflow_venv/lib/python3.12/site-packages/airflow/example_dags/example_params_ui_tutorial.py
[2026-04-29T09:48:31.938+0300] {logging_mixin.py:188} INFO - [2026-04-29T09:48:31.935+0300] {dag.py:3089} INFO - Sync 1 DAGs
[2026-04-29T09:48:31.973+0300] {logging_mixin.py:188} INFO - [2026-04-29T09:48:31.970+0300] {dag.py:3947} INFO - Setting next_dagrun for example_params_ui_tutorial to None, run_after=None
[2026-04-29T09:48:32.154+0300] {processor.py:183} INFO - Processing /mnt/d/airflow/airflow_project/airflow_venv/lib/python3.12/site-packages/airflow/example_dags/example_params_ui_tutorial.py took 0.431 seconds
[2026-04-29T09:50:47.109+0300] {processor.py:161} INFO - Started process (PID=38934) to work on /mnt/d/airflow/airflow_project/airflow_venv/lib/python3.12/site-packages/airflow/example_dags/example_params_ui_tutorial.py
[2026-04-29T09:50:47.116+0300] {processor.py:830} INFO - Processing file /mnt/d/airflow/airflow_project/airflow_venv/lib/python3.12/site-packages/airflow/example_dags/example_params_ui_tutorial.py for tasks to queue
[2026-04-29T09:50:47.122+0300] {logging_mixin.py:188} INFO - [2026-04-29T09:50:47.120+0300] {dagbag.py:545} INFO - Filling up the DagBag from /mnt/d/airflow/airflow_project/airflow_venv/lib/python3.12/site-packages/airflow/example_dags/example_params_ui_tutorial.py
[2026-04-29T09:50:47.182+0300] {processor.py:840} INFO - DAG(s) 'example_params_ui_tutorial' retrieved from /mnt/d/airflow/airflow_project/airflow_venv/lib/python3.12/site-packages/airflow/example_dags/example_params_ui_tutorial.py
[2026-04-29T09:50:47.259+0300] {logging_mixin.py:188} INFO - [2026-04-29T09:50:47.257+0300] {dag.py:3089} INFO - Sync 1 DAGs
[2026-04-29T09:50:47.282+0300] {logging_mixin.py:188} INFO - [2026-04-29T09:50:47.280+0300] {dag.py:3947} INFO - Setting next_dagrun for example_params_ui_tutorial to None, run_after=None
[2026-04-29T09:50:47.482+0300] {processor.py:183} INFO - Processing /mnt/d/airflow/airflow_project/airflow_venv/lib/python3.12/site-packages/airflow/example_dags/example_params_ui_tutorial.py took 0.408 seconds
[2026-04-29T09:54:24.048+0300] {processor.py:161} INFO - Started process (PID=40154) to work on /mnt/d/airflow/airflow_project/airflow_venv/lib/python3.12/site-packages/airflow/example_dags/example_params_ui_tutorial.py
[2026-04-29T09:54:24.051+0300] {processor.py:830} INFO - Processing file /mnt/d/airflow/airflow_project/airflow_venv/lib/python3.12/site-packages/airflow/example_dags/example_params_ui_tutorial.py for tasks to queue
[2026-04-29T09:54:24.060+0300] {logging_mixin.py:188} INFO - [2026-04-29T09:54:24.057+0300] {dagbag.py:545} INFO - Filling up the DagBag from /mnt/d/airflow/airflow_project/airflow_venv/lib/python3.12/site-packages/airflow/example_dags/example_params_ui_tutorial.py
[2026-04-29T09:54:24.138+0300] {processor.py:840} INFO - DAG(s) 'example_params_ui_tutorial' retrieved from /mnt/d/airflow/airflow_project/airflow_venv/lib/python3.12/site-packages/airflow/example_dags/example_params_ui_tutorial.py
[2026-04-29T09:54:24.257+0300] {logging_mixin.py:188} INFO - [2026-04-29T09:54:24.253+0300] {dag.py:3089} INFO - Sync 1 DAGs
[2026-04-29T09:54:24.300+0300] {logging_mixin.py:188} INFO - [2026-04-29T09:54:24.296+0300] {dag.py:3947} INFO - Setting next_dagrun for example_params_ui_tutorial to None, run_after=None
[2026-04-29T09:54:24.562+0300] {processor.py:183} INFO - Processing /mnt/d/airflow/airflow_project/airflow_venv/lib/python3.12/site-packages/airflow/example_dags/example_params_ui_tutorial.py took 0.549 seconds
[2026-04-29T09:56:17.622+0300] {processor.py:161} INFO - Started process (PID=40834) to work on /mnt/d/airflow/airflow_project/airflow_venv/lib/python3.12/site-packages/airflow/example_dags/example_params_ui_tutorial.py
[2026-04-29T09:56:17.625+0300] {processor.py:830} INFO - Processing file /mnt/d/airflow/airflow_project/airflow_venv/lib/python3.12/site-packages/airflow/example_dags/example_params_ui_tutorial.py for tasks to queue
[2026-04-29T09:56:17.631+0300] {logging_mixin.py:188} INFO - [2026-04-29T09:56:17.629+0300] {dagbag.py:545} INFO - Filling up the DagBag from /mnt/d/airflow/airflow_project/airflow_venv/lib/python3.12/site-packages/airflow/example_dags/example_params_ui_tutorial.py
[2026-04-29T09:56:17.686+0300] {processor.py:840} INFO - DAG(s) 'example_params_ui_tutorial' retrieved from /mnt/d/airflow/airflow_project/airflow_venv/lib/python3.12/site-packages/airflow/example_dags/example_params_ui_tutorial.py
[2026-04-29T09:56:17.800+0300] {logging_mixin.py:188} INFO - [2026-04-29T09:56:17.797+0300] {dag.py:3089} INFO - Sync 1 DAGs
[2026-04-29T09:56:17.827+0300] {logging_mixin.py:188} INFO - [2026-04-29T09:56:17.825+0300] {dag.py:3947} INFO - Setting next_dagrun for example_params_ui_tutorial to None, run_after=None
[2026-04-29T09:56:17.940+0300] {processor.py:183} INFO - Processing /mnt/d/airflow/airflow_project/airflow_venv/lib/python3.12/site-packages/airflow/example_dags/example_params_ui_tutorial.py took 0.340 seconds
[2026-04-29T09:59:40.447+0300] {processor.py:161} INFO - Started process (PID=41978) to work on /mnt/d/airflow/airflow_project/airflow_venv/lib/python3.12/site-packages/airflow/example_dags/example_params_ui_tutorial.py
[2026-04-29T09:59:40.451+0300] {processor.py:830} INFO - Processing file /mnt/d/airflow/airflow_project/airflow_venv/lib/python3.12/site-packages/airflow/example_dags/example_params_ui_tutorial.py for tasks to queue
[2026-04-29T09:59:40.457+0300] {logging_mixin.py:188} INFO - [2026-04-29T09:59:40.455+0300] {dagbag.py:545} INFO - Filling up the DagBag from /mnt/d/airflow/airflow_project/airflow_venv/lib/python3.12/site-packages/airflow/example_dags/example_params_ui_tutorial.py
[2026-04-29T09:59:40.502+0300] {processor.py:840} INFO - DAG(s) 'example_params_ui_tutorial' retrieved from /mnt/d/airflow/airflow_project/airflow_venv/lib/python3.12/site-packages/airflow/example_dags/example_params_ui_tutorial.py
[2026-04-29T09:59:40.583+0300] {logging_mixin.py:188} INFO - [2026-04-29T09:59:40.579+0300] {dag.py:3089} INFO - Sync 1 DAGs
[2026-04-29T09:59:40.609+0300] {logging_mixin.py:188} INFO - [2026-04-29T09:59:40.607+0300] {dag.py:3947} INFO - Setting next_dagrun for example_params_ui_tutorial to None, run_after=None
[2026-04-29T09:59:40.731+0300] {processor.py:183} INFO - Processing /mnt/d/airflow/airflow_project/airflow_venv/lib/python3.12/site-packages/airflow/example_dags/example_params_ui_tutorial.py took 0.314 seconds
[2026-04-29T10:03:04.862+0300] {processor.py:161} INFO - Started process (PID=43098) to work on /mnt/d/airflow/airflow_project/airflow_venv/lib/python3.12/site-packages/airflow/example_dags/example_params_ui_tutorial.py
[2026-04-29T10:03:04.867+0300] {processor.py:830} INFO - Processing file /mnt/d/airflow/airflow_project/airflow_venv/lib/python3.12/site-packages/airflow/example_dags/example_params_ui_tutorial.py for tasks to queue
[2026-04-29T10:03:04.875+0300] {logging_mixin.py:188} INFO - [2026-04-29T10:03:04.872+0300] {dagbag.py:545} INFO - Filling up the DagBag from /mnt/d/airflow/airflow_project/airflow_venv/lib/python3.12/site-packages/airflow/example_dags/example_params_ui_tutorial.py
[2026-04-29T10:03:04.930+0300] {processor.py:840} INFO - DAG(s) 'example_params_ui_tutorial' retrieved from /mnt/d/airflow/airflow_project/airflow_venv/lib/python3.12/site-packages/airflow/example_dags/example_params_ui_tutorial.py
[2026-04-29T10:03:05.024+0300] {logging_mixin.py:188} INFO - [2026-04-29T10:03:05.022+0300] {dag.py:3089} INFO - Sync 1 DAGs
[2026-04-29T10:03:05.053+0300] {logging_mixin.py:188} INFO - [2026-04-29T10:03:05.051+0300] {dag.py:3947} INFO - Setting next_dagrun for example_params_ui_tutorial to None, run_after=None
[2026-04-29T10:03:05.217+0300] {processor.py:183} INFO - Processing /mnt/d/airflow/airflow_project/airflow_venv/lib/python3.12/site-packages/airflow/example_dags/example_params_ui_tutorial.py took 0.387 seconds
[2026-04-29T10:05:47.441+0300] {processor.py:161} INFO - Started process (PID=44028) to work on /mnt/d/airflow/airflow_project/airflow_venv/lib/python3.12/site-packages/airflow/example_dags/example_params_ui_tutorial.py
[2026-04-29T10:05:47.446+0300] {processor.py:830} INFO - Processing file /mnt/d/airflow/airflow_project/airflow_venv/lib/python3.12/site-packages/airflow/example_dags/example_params_ui_tutorial.py for tasks to queue
[2026-04-29T10:05:47.455+0300] {logging_mixin.py:188} INFO - [2026-04-29T10:05:47.452+0300] {dagbag.py:545} INFO - Filling up the DagBag from /mnt/d/airflow/airflow_project/airflow_venv/lib/python3.12/site-packages/airflow/example_dags/example_params_ui_tutorial.py
[2026-04-29T10:05:47.532+0300] {processor.py:840} INFO - DAG(s) 'example_params_ui_tutorial' retrieved from /mnt/d/airflow/airflow_project/airflow_venv/lib/python3.12/site-packages/airflow/example_dags/example_params_ui_tutorial.py
[2026-04-29T10:05:47.629+0300] {logging_mixin.py:188} INFO - [2026-04-29T10:05:47.627+0300] {dag.py:3089} INFO - Sync 1 DAGs
[2026-04-29T10:05:47.653+0300] {logging_mixin.py:188} INFO - [2026-04-29T10:05:47.651+0300] {dag.py:3947} INFO - Setting next_dagrun for example_params_ui_tutorial to None, run_after=None
[2026-04-29T10:05:47.875+0300] {processor.py:183} INFO - Processing /mnt/d/airflow/airflow_project/airflow_venv/lib/python3.12/site-packages/airflow/example_dags/example_params_ui_tutorial.py took 0.469 seconds
[2026-04-29T10:08:06.399+0300] {processor.py:161} INFO - Started process (PID=44803) to work on /mnt/d/airflow/airflow_project/airflow_venv/lib/python3.12/site-packages/airflow/example_dags/example_params_ui_tutorial.py
[2026-04-29T10:08:06.402+0300] {processor.py:830} INFO - Processing file /mnt/d/airflow/airflow_project/airflow_venv/lib/python3.12/site-packages/airflow/example_dags/example_params_ui_tutorial.py for tasks to queue
[2026-04-29T10:08:06.411+0300] {logging_mixin.py:188} INFO - [2026-04-29T10:08:06.408+0300] {dagbag.py:545} INFO - Filling up the DagBag from /mnt/d/airflow/airflow_project/airflow_venv/lib/python3.12/site-packages/airflow/example_dags/example_params_ui_tutorial.py
[2026-04-29T10:08:06.592+0300] {processor.py:840} INFO - DAG(s) 'example_params_ui_tutorial' retrieved from /mnt/d/airflow/airflow_project/airflow_venv/lib/python3.12/site-packages/airflow/example_dags/example_params_ui_tutorial.py
[2026-04-29T10:08:06.682+0300] {logging_mixin.py:188} INFO - [2026-04-29T10:08:06.680+0300] {dag.py:3089} INFO - Sync 1 DAGs
[2026-04-29T10:08:06.710+0300] {logging_mixin.py:188} INFO - [2026-04-29T10:08:06.706+0300] {dag.py:3947} INFO - Setting next_dagrun for example_params_ui_tutorial to None, run_after=None
[2026-04-29T10:08:06.863+0300] {processor.py:183} INFO - Processing /mnt/d/airflow/airflow_project/airflow_venv/lib/python3.12/site-packages/airflow/example_dags/example_params_ui_tutorial.py took 0.499 seconds
[2026-04-29T10:10:07.099+0300] {processor.py:161} INFO - Started process (PID=45470) to work on /mnt/d/airflow/airflow_project/airflow_venv/lib/python3.12/site-packages/airflow/example_dags/example_params_ui_tutorial.py
[2026-04-29T10:10:07.103+0300] {processor.py:830} INFO - Processing file /mnt/d/airflow/airflow_project/airflow_venv/lib/python3.12/site-packages/airflow/example_dags/example_params_ui_tutorial.py for tasks to queue
[2026-04-29T10:10:07.111+0300] {logging_mixin.py:188} INFO - [2026-04-29T10:10:07.108+0300] {dagbag.py:545} INFO - Filling up the DagBag from /mnt/d/airflow/airflow_project/airflow_venv/lib/python3.12/site-packages/airflow/example_dags/example_params_ui_tutorial.py
[2026-04-29T10:10:07.173+0300] {processor.py:840} INFO - DAG(s) 'example_params_ui_tutorial' retrieved from /mnt/d/airflow/airflow_project/airflow_venv/lib/python3.12/site-packages/airflow/example_dags/example_params_ui_tutorial.py
[2026-04-29T10:10:07.264+0300] {logging_mixin.py:188} INFO - [2026-04-29T10:10:07.261+0300] {dag.py:3089} INFO - Sync 1 DAGs
[2026-04-29T10:10:07.289+0300] {logging_mixin.py:188} INFO - [2026-04-29T10:10:07.287+0300] {dag.py:3947} INFO - Setting next_dagrun for example_params_ui_tutorial to None, run_after=None
[2026-04-29T10:10:07.434+0300] {processor.py:183} INFO - Processing /mnt/d/airflow/airflow_project/airflow_venv/lib/python3.12/site-packages/airflow/example_dags/example_params_ui_tutorial.py took 0.364 seconds
[2026-04-29T10:12:24.561+0300] {processor.py:161} INFO - Started process (PID=46229) to work on /mnt/d/airflow/airflow_project/airflow_venv/lib/python3.12/site-packages/airflow/example_dags/example_params_ui_tutorial.py
[2026-04-29T10:12:24.565+0300] {processor.py:830} INFO - Processing file /mnt/d/airflow/airflow_project/airflow_venv/lib/python3.12/site-packages/airflow/example_dags/example_params_ui_tutorial.py for tasks to queue
[2026-04-29T10:12:24.572+0300] {logging_mixin.py:188} INFO - [2026-04-29T10:12:24.570+0300] {dagbag.py:545} INFO - Filling up the DagBag from /mnt/d/airflow/airflow_project/airflow_venv/lib/python3.12/site-packages/airflow/example_dags/example_params_ui_tutorial.py
[2026-04-29T10:12:24.638+0300] {processor.py:840} INFO - DAG(s) 'example_params_ui_tutorial' retrieved from /mnt/d/airflow/airflow_project/airflow_venv/lib/python3.12/site-packages/airflow/example_dags/example_params_ui_tutorial.py
[2026-04-29T10:12:24.726+0300] {logging_mixin.py:188} INFO - [2026-04-29T10:12:24.725+0300] {dag.py:3089} INFO - Sync 1 DAGs
[2026-04-29T10:12:24.748+0300] {logging_mixin.py:188} INFO - [2026-04-29T10:12:24.747+0300] {dag.py:3947} INFO - Setting next_dagrun for example_params_ui_tutorial to None, run_after=None
[2026-04-29T10:12:24.877+0300] {processor.py:183} INFO - Processing /mnt/d/airflow/airflow_project/airflow_venv/lib/python3.12/site-packages/airflow/example_dags/example_params_ui_tutorial.py took 0.347 seconds
