[2026-04-29T09:15:37.251+0300] {processor.py:161} INFO - Started process (PID=26661) to work on /mnt/d/airflow/airflow_project/airflow_venv/lib/python3.12/site-packages/airflow/example_dags/example_params_trigger_ui.py
[2026-04-29T09:15:37.254+0300] {processor.py:830} INFO - Processing file /mnt/d/airflow/airflow_project/airflow_venv/lib/python3.12/site-packages/airflow/example_dags/example_params_trigger_ui.py for tasks to queue
[2026-04-29T09:15:37.261+0300] {logging_mixin.py:188} INFO - [2026-04-29T09:15:37.259+0300] {dagbag.py:545} INFO - Filling up the DagBag from /mnt/d/airflow/airflow_project/airflow_venv/lib/python3.12/site-packages/airflow/example_dags/example_params_trigger_ui.py
[2026-04-29T09:15:37.305+0300] {processor.py:840} INFO - DAG(s) 'example_params_trigger_ui' retrieved from /mnt/d/airflow/airflow_project/airflow_venv/lib/python3.12/site-packages/airflow/example_dags/example_params_trigger_ui.py
[2026-04-29T09:15:38.567+0300] {logging_mixin.py:188} INFO - [2026-04-29T09:15:38.565+0300] {override.py:1858} INFO - Created Permission View: can edit on DAG:example_params_trigger_ui
[2026-04-29T09:15:38.649+0300] {logging_mixin.py:188} INFO - [2026-04-29T09:15:38.647+0300] {override.py:1858} INFO - Created Permission View: can delete on DAG:example_params_trigger_ui
[2026-04-29T09:15:38.711+0300] {logging_mixin.py:188} INFO - [2026-04-29T09:15:38.709+0300] {override.py:1858} INFO - Created Permission View: can read on DAG:example_params_trigger_ui
[2026-04-29T09:15:38.713+0300] {logging_mixin.py:188} INFO - [2026-04-29T09:15:38.712+0300] {dag.py:3089} INFO - Sync 1 DAGs
[2026-04-29T09:15:38.736+0300] {logging_mixin.py:188} INFO - [2026-04-29T09:15:38.735+0300] {dag.py:3111} INFO - Creating ORM DAG for example_params_trigger_ui
[2026-04-29T09:15:38.740+0300] {logging_mixin.py:188} INFO - [2026-04-29T09:15:38.739+0300] {dag.py:3947} INFO - Setting next_dagrun for example_params_trigger_ui to None, run_after=None
[2026-04-29T09:15:38.863+0300] {processor.py:183} INFO - Processing /mnt/d/airflow/airflow_project/airflow_venv/lib/python3.12/site-packages/airflow/example_dags/example_params_trigger_ui.py took 1.633 seconds
[2026-04-29T09:17:40.849+0300] {processor.py:161} INFO - Started process (PID=27362) to work on /mnt/d/airflow/airflow_project/airflow_venv/lib/python3.12/site-packages/airflow/example_dags/example_params_trigger_ui.py
[2026-04-29T09:17:40.851+0300] {processor.py:830} INFO - Processing file /mnt/d/airflow/airflow_project/airflow_venv/lib/python3.12/site-packages/airflow/example_dags/example_params_trigger_ui.py for tasks to queue
[2026-04-29T09:17:40.855+0300] {logging_mixin.py:188} INFO - [2026-04-29T09:17:40.854+0300] {dagbag.py:545} INFO - Filling up the DagBag from /mnt/d/airflow/airflow_project/airflow_venv/lib/python3.12/site-packages/airflow/example_dags/example_params_trigger_ui.py
[2026-04-29T09:17:40.907+0300] {processor.py:840} INFO - DAG(s) 'example_params_trigger_ui' retrieved from /mnt/d/airflow/airflow_project/airflow_venv/lib/python3.12/site-packages/airflow/example_dags/example_params_trigger_ui.py
[2026-04-29T09:17:40.955+0300] {logging_mixin.py:188} INFO - [2026-04-29T09:17:40.953+0300] {dag.py:3089} INFO - Sync 1 DAGs
[2026-04-29T09:17:40.966+0300] {logging_mixin.py:188} INFO - [2026-04-29T09:17:40.965+0300] {dag.py:3947} INFO - Setting next_dagrun for example_params_trigger_ui to None, run_after=None
[2026-04-29T09:17:41.152+0300] {processor.py:183} INFO - Processing /mnt/d/airflow/airflow_project/airflow_venv/lib/python3.12/site-packages/airflow/example_dags/example_params_trigger_ui.py took 0.321 seconds
[2026-04-29T09:19:52.530+0300] {processor.py:161} INFO - Started process (PID=28168) to work on /mnt/d/airflow/airflow_project/airflow_venv/lib/python3.12/site-packages/airflow/example_dags/example_params_trigger_ui.py
[2026-04-29T09:19:52.533+0300] {processor.py:830} INFO - Processing file /mnt/d/airflow/airflow_project/airflow_venv/lib/python3.12/site-packages/airflow/example_dags/example_params_trigger_ui.py for tasks to queue
[2026-04-29T09:19:52.538+0300] {logging_mixin.py:188} INFO - [2026-04-29T09:19:52.536+0300] {dagbag.py:545} INFO - Filling up the DagBag from /mnt/d/airflow/airflow_project/airflow_venv/lib/python3.12/site-packages/airflow/example_dags/example_params_trigger_ui.py
[2026-04-29T09:19:52.634+0300] {processor.py:840} INFO - DAG(s) 'example_params_trigger_ui' retrieved from /mnt/d/airflow/airflow_project/airflow_venv/lib/python3.12/site-packages/airflow/example_dags/example_params_trigger_ui.py
[2026-04-29T09:19:52.713+0300] {logging_mixin.py:188} INFO - [2026-04-29T09:19:52.711+0300] {dag.py:3089} INFO - Sync 1 DAGs
[2026-04-29T09:19:52.749+0300] {logging_mixin.py:188} INFO - [2026-04-29T09:19:52.743+0300] {dag.py:3947} INFO - Setting next_dagrun for example_params_trigger_ui to None, run_after=None
[2026-04-29T09:19:52.883+0300] {processor.py:183} INFO - Processing /mnt/d/airflow/airflow_project/airflow_venv/lib/python3.12/site-packages/airflow/example_dags/example_params_trigger_ui.py took 0.381 seconds
[2026-04-29T09:22:06.504+0300] {processor.py:161} INFO - Started process (PID=28931) to work on /mnt/d/airflow/airflow_project/airflow_venv/lib/python3.12/site-packages/airflow/example_dags/example_params_trigger_ui.py
[2026-04-29T09:22:06.506+0300] {processor.py:830} INFO - Processing file /mnt/d/airflow/airflow_project/airflow_venv/lib/python3.12/site-packages/airflow/example_dags/example_params_trigger_ui.py for tasks to queue
[2026-04-29T09:22:06.510+0300] {logging_mixin.py:188} INFO - [2026-04-29T09:22:06.508+0300] {dagbag.py:545} INFO - Filling up the DagBag from /mnt/d/airflow/airflow_project/airflow_venv/lib/python3.12/site-packages/airflow/example_dags/example_params_trigger_ui.py
[2026-04-29T09:22:06.560+0300] {processor.py:840} INFO - DAG(s) 'example_params_trigger_ui' retrieved from /mnt/d/airflow/airflow_project/airflow_venv/lib/python3.12/site-packages/airflow/example_dags/example_params_trigger_ui.py
[2026-04-29T09:22:06.601+0300] {logging_mixin.py:188} INFO - [2026-04-29T09:22:06.601+0300] {dag.py:3089} INFO - Sync 1 DAGs
[2026-04-29T09:22:06.611+0300] {logging_mixin.py:188} INFO - [2026-04-29T09:22:06.611+0300] {dag.py:3947} INFO - Setting next_dagrun for example_params_trigger_ui to None, run_after=None
[2026-04-29T09:22:06.658+0300] {processor.py:183} INFO - Processing /mnt/d/airflow/airflow_project/airflow_venv/lib/python3.12/site-packages/airflow/example_dags/example_params_trigger_ui.py took 0.171 seconds
[2026-04-29T09:24:06.981+0300] {processor.py:161} INFO - Started process (PID=29632) to work on /mnt/d/airflow/airflow_project/airflow_venv/lib/python3.12/site-packages/airflow/example_dags/example_params_trigger_ui.py
[2026-04-29T09:24:06.984+0300] {processor.py:830} INFO - Processing file /mnt/d/airflow/airflow_project/airflow_venv/lib/python3.12/site-packages/airflow/example_dags/example_params_trigger_ui.py for tasks to queue
[2026-04-29T09:24:06.990+0300] {logging_mixin.py:188} INFO - [2026-04-29T09:24:06.987+0300] {dagbag.py:545} INFO - Filling up the DagBag from /mnt/d/airflow/airflow_project/airflow_venv/lib/python3.12/site-packages/airflow/example_dags/example_params_trigger_ui.py
[2026-04-29T09:24:07.080+0300] {processor.py:840} INFO - DAG(s) 'example_params_trigger_ui' retrieved from /mnt/d/airflow/airflow_project/airflow_venv/lib/python3.12/site-packages/airflow/example_dags/example_params_trigger_ui.py
[2026-04-29T09:24:07.173+0300] {logging_mixin.py:188} INFO - [2026-04-29T09:24:07.171+0300] {dag.py:3089} INFO - Sync 1 DAGs
[2026-04-29T09:24:07.200+0300] {logging_mixin.py:188} INFO - [2026-04-29T09:24:07.195+0300] {dag.py:3947} INFO - Setting next_dagrun for example_params_trigger_ui to None, run_after=None
[2026-04-29T09:24:07.422+0300] {processor.py:183} INFO - Processing /mnt/d/airflow/airflow_project/airflow_venv/lib/python3.12/site-packages/airflow/example_dags/example_params_trigger_ui.py took 0.460 seconds
[2026-04-29T09:26:29.036+0300] {processor.py:161} INFO - Started process (PID=30425) to work on /mnt/d/airflow/airflow_project/airflow_venv/lib/python3.12/site-packages/airflow/example_dags/example_params_trigger_ui.py
[2026-04-29T09:26:29.040+0300] {processor.py:830} INFO - Processing file /mnt/d/airflow/airflow_project/airflow_venv/lib/python3.12/site-packages/airflow/example_dags/example_params_trigger_ui.py for tasks to queue
[2026-04-29T09:26:29.047+0300] {logging_mixin.py:188} INFO - [2026-04-29T09:26:29.044+0300] {dagbag.py:545} INFO - Filling up the DagBag from /mnt/d/airflow/airflow_project/airflow_venv/lib/python3.12/site-packages/airflow/example_dags/example_params_trigger_ui.py
[2026-04-29T09:26:29.135+0300] {processor.py:840} INFO - DAG(s) 'example_params_trigger_ui' retrieved from /mnt/d/airflow/airflow_project/airflow_venv/lib/python3.12/site-packages/airflow/example_dags/example_params_trigger_ui.py
[2026-04-29T09:26:29.229+0300] {logging_mixin.py:188} INFO - [2026-04-29T09:26:29.226+0300] {dag.py:3089} INFO - Sync 1 DAGs
[2026-04-29T09:26:29.268+0300] {logging_mixin.py:188} INFO - [2026-04-29T09:26:29.265+0300] {dag.py:3947} INFO - Setting next_dagrun for example_params_trigger_ui to None, run_after=None
[2026-04-29T09:26:29.474+0300] {processor.py:183} INFO - Processing /mnt/d/airflow/airflow_project/airflow_venv/lib/python3.12/site-packages/airflow/example_dags/example_params_trigger_ui.py took 0.469 seconds
[2026-04-29T09:29:00.750+0300] {processor.py:161} INFO - Started process (PID=31284) to work on /mnt/d/airflow/airflow_project/airflow_venv/lib/python3.12/site-packages/airflow/example_dags/example_params_trigger_ui.py
[2026-04-29T09:29:00.754+0300] {processor.py:830} INFO - Processing file /mnt/d/airflow/airflow_project/airflow_venv/lib/python3.12/site-packages/airflow/example_dags/example_params_trigger_ui.py for tasks to queue
[2026-04-29T09:29:00.763+0300] {logging_mixin.py:188} INFO - [2026-04-29T09:29:00.759+0300] {dagbag.py:545} INFO - Filling up the DagBag from /mnt/d/airflow/airflow_project/airflow_venv/lib/python3.12/site-packages/airflow/example_dags/example_params_trigger_ui.py
[2026-04-29T09:29:00.837+0300] {processor.py:840} INFO - DAG(s) 'example_params_trigger_ui' retrieved from /mnt/d/airflow/airflow_project/airflow_venv/lib/python3.12/site-packages/airflow/example_dags/example_params_trigger_ui.py
[2026-04-29T09:29:00.906+0300] {logging_mixin.py:188} INFO - [2026-04-29T09:29:00.904+0300] {dag.py:3089} INFO - Sync 1 DAGs
[2026-04-29T09:29:00.930+0300] {logging_mixin.py:188} INFO - [2026-04-29T09:29:00.928+0300] {dag.py:3947} INFO - Setting next_dagrun for example_params_trigger_ui to None, run_after=None
[2026-04-29T09:29:01.059+0300] {processor.py:183} INFO - Processing /mnt/d/airflow/airflow_project/airflow_venv/lib/python3.12/site-packages/airflow/example_dags/example_params_trigger_ui.py took 0.338 seconds
[2026-04-29T09:30:42.957+0300] {processor.py:161} INFO - Started process (PID=31901) to work on /mnt/d/airflow/airflow_project/airflow_venv/lib/python3.12/site-packages/airflow/example_dags/example_params_trigger_ui.py
[2026-04-29T09:30:42.960+0300] {processor.py:830} INFO - Processing file /mnt/d/airflow/airflow_project/airflow_venv/lib/python3.12/site-packages/airflow/example_dags/example_params_trigger_ui.py for tasks to queue
[2026-04-29T09:30:42.967+0300] {logging_mixin.py:188} INFO - [2026-04-29T09:30:42.964+0300] {dagbag.py:545} INFO - Filling up the DagBag from /mnt/d/airflow/airflow_project/airflow_venv/lib/python3.12/site-packages/airflow/example_dags/example_params_trigger_ui.py
[2026-04-29T09:30:43.037+0300] {processor.py:840} INFO - DAG(s) 'example_params_trigger_ui' retrieved from /mnt/d/airflow/airflow_project/airflow_venv/lib/python3.12/site-packages/airflow/example_dags/example_params_trigger_ui.py
[2026-04-29T09:30:43.170+0300] {logging_mixin.py:188} INFO - [2026-04-29T09:30:43.167+0300] {dag.py:3089} INFO - Sync 1 DAGs
[2026-04-29T09:30:43.192+0300] {logging_mixin.py:188} INFO - [2026-04-29T09:30:43.191+0300] {dag.py:3947} INFO - Setting next_dagrun for example_params_trigger_ui to None, run_after=None
[2026-04-29T09:30:43.316+0300] {processor.py:183} INFO - Processing /mnt/d/airflow/airflow_project/airflow_venv/lib/python3.12/site-packages/airflow/example_dags/example_params_trigger_ui.py took 0.396 seconds
[2026-04-29T09:32:59.170+0300] {processor.py:161} INFO - Started process (PID=32702) to work on /mnt/d/airflow/airflow_project/airflow_venv/lib/python3.12/site-packages/airflow/example_dags/example_params_trigger_ui.py
[2026-04-29T09:32:59.174+0300] {processor.py:830} INFO - Processing file /mnt/d/airflow/airflow_project/airflow_venv/lib/python3.12/site-packages/airflow/example_dags/example_params_trigger_ui.py for tasks to queue
[2026-04-29T09:32:59.184+0300] {logging_mixin.py:188} INFO - [2026-04-29T09:32:59.180+0300] {dagbag.py:545} INFO - Filling up the DagBag from /mnt/d/airflow/airflow_project/airflow_venv/lib/python3.12/site-packages/airflow/example_dags/example_params_trigger_ui.py
[2026-04-29T09:32:59.260+0300] {processor.py:840} INFO - DAG(s) 'example_params_trigger_ui' retrieved from /mnt/d/airflow/airflow_project/airflow_venv/lib/python3.12/site-packages/airflow/example_dags/example_params_trigger_ui.py
[2026-04-29T09:32:59.353+0300] {logging_mixin.py:188} INFO - [2026-04-29T09:32:59.349+0300] {dag.py:3089} INFO - Sync 1 DAGs
[2026-04-29T09:32:59.389+0300] {logging_mixin.py:188} INFO - [2026-04-29T09:32:59.386+0300] {dag.py:3947} INFO - Setting next_dagrun for example_params_trigger_ui to None, run_after=None
[2026-04-29T09:32:59.558+0300] {processor.py:183} INFO - Processing /mnt/d/airflow/airflow_project/airflow_venv/lib/python3.12/site-packages/airflow/example_dags/example_params_trigger_ui.py took 0.419 seconds
[2026-04-29T09:35:21.707+0300] {processor.py:161} INFO - Started process (PID=33548) to work on /mnt/d/airflow/airflow_project/airflow_venv/lib/python3.12/site-packages/airflow/example_dags/example_params_trigger_ui.py
[2026-04-29T09:35:21.709+0300] {processor.py:830} INFO - Processing file /mnt/d/airflow/airflow_project/airflow_venv/lib/python3.12/site-packages/airflow/example_dags/example_params_trigger_ui.py for tasks to queue
[2026-04-29T09:35:21.711+0300] {logging_mixin.py:188} INFO - [2026-04-29T09:35:21.710+0300] {dagbag.py:545} INFO - Filling up the DagBag from /mnt/d/airflow/airflow_project/airflow_venv/lib/python3.12/site-packages/airflow/example_dags/example_params_trigger_ui.py
[2026-04-29T09:35:21.735+0300] {processor.py:840} INFO - DAG(s) 'example_params_trigger_ui' retrieved from /mnt/d/airflow/airflow_project/airflow_venv/lib/python3.12/site-packages/airflow/example_dags/example_params_trigger_ui.py
[2026-04-29T09:35:21.776+0300] {logging_mixin.py:188} INFO - [2026-04-29T09:35:21.775+0300] {dag.py:3089} INFO - Sync 1 DAGs
[2026-04-29T09:35:21.793+0300] {logging_mixin.py:188} INFO - [2026-04-29T09:35:21.793+0300] {dag.py:3947} INFO - Setting next_dagrun for example_params_trigger_ui to None, run_after=None
[2026-04-29T09:35:21.875+0300] {processor.py:183} INFO - Processing /mnt/d/airflow/airflow_project/airflow_venv/lib/python3.12/site-packages/airflow/example_dags/example_params_trigger_ui.py took 0.180 seconds
[2026-04-29T09:37:18.599+0300] {processor.py:161} INFO - Started process (PID=34257) to work on /mnt/d/airflow/airflow_project/airflow_venv/lib/python3.12/site-packages/airflow/example_dags/example_params_trigger_ui.py
[2026-04-29T09:37:18.604+0300] {processor.py:830} INFO - Processing file /mnt/d/airflow/airflow_project/airflow_venv/lib/python3.12/site-packages/airflow/example_dags/example_params_trigger_ui.py for tasks to queue
[2026-04-29T09:37:18.614+0300] {logging_mixin.py:188} INFO - [2026-04-29T09:37:18.610+0300] {dagbag.py:545} INFO - Filling up the DagBag from /mnt/d/airflow/airflow_project/airflow_venv/lib/python3.12/site-packages/airflow/example_dags/example_params_trigger_ui.py
[2026-04-29T09:37:18.700+0300] {processor.py:840} INFO - DAG(s) 'example_params_trigger_ui' retrieved from /mnt/d/airflow/airflow_project/airflow_venv/lib/python3.12/site-packages/airflow/example_dags/example_params_trigger_ui.py
[2026-04-29T09:37:18.808+0300] {logging_mixin.py:188} INFO - [2026-04-29T09:37:18.801+0300] {dag.py:3089} INFO - Sync 1 DAGs
[2026-04-29T09:37:18.833+0300] {logging_mixin.py:188} INFO - [2026-04-29T09:37:18.830+0300] {dag.py:3947} INFO - Setting next_dagrun for example_params_trigger_ui to None, run_after=None
[2026-04-29T09:37:19.010+0300] {processor.py:183} INFO - Processing /mnt/d/airflow/airflow_project/airflow_venv/lib/python3.12/site-packages/airflow/example_dags/example_params_trigger_ui.py took 0.448 seconds
[2026-04-29T09:39:34.227+0300] {processor.py:161} INFO - Started process (PID=35085) to work on /mnt/d/airflow/airflow_project/airflow_venv/lib/python3.12/site-packages/airflow/example_dags/example_params_trigger_ui.py
[2026-04-29T09:39:34.233+0300] {processor.py:830} INFO - Processing file /mnt/d/airflow/airflow_project/airflow_venv/lib/python3.12/site-packages/airflow/example_dags/example_params_trigger_ui.py for tasks to queue
[2026-04-29T09:39:34.242+0300] {logging_mixin.py:188} INFO - [2026-04-29T09:39:34.239+0300] {dagbag.py:545} INFO - Filling up the DagBag from /mnt/d/airflow/airflow_project/airflow_venv/lib/python3.12/site-packages/airflow/example_dags/example_params_trigger_ui.py
[2026-04-29T09:39:34.329+0300] {processor.py:840} INFO - DAG(s) 'example_params_trigger_ui' retrieved from /mnt/d/airflow/airflow_project/airflow_venv/lib/python3.12/site-packages/airflow/example_dags/example_params_trigger_ui.py
[2026-04-29T09:39:34.424+0300] {logging_mixin.py:188} INFO - [2026-04-29T09:39:34.419+0300] {dag.py:3089} INFO - Sync 1 DAGs
[2026-04-29T09:39:34.440+0300] {logging_mixin.py:188} INFO - [2026-04-29T09:39:34.439+0300] {dag.py:3947} INFO - Setting next_dagrun for example_params_trigger_ui to None, run_after=None
[2026-04-29T09:39:34.568+0300] {processor.py:183} INFO - Processing /mnt/d/airflow/airflow_project/airflow_venv/lib/python3.12/site-packages/airflow/example_dags/example_params_trigger_ui.py took 0.376 seconds
[2026-04-29T09:41:27.980+0300] {processor.py:161} INFO - Started process (PID=35743) to work on /mnt/d/airflow/airflow_project/airflow_venv/lib/python3.12/site-packages/airflow/example_dags/example_params_trigger_ui.py
[2026-04-29T09:41:27.983+0300] {processor.py:830} INFO - Processing file /mnt/d/airflow/airflow_project/airflow_venv/lib/python3.12/site-packages/airflow/example_dags/example_params_trigger_ui.py for tasks to queue
[2026-04-29T09:41:27.992+0300] {logging_mixin.py:188} INFO - [2026-04-29T09:41:27.989+0300] {dagbag.py:545} INFO - Filling up the DagBag from /mnt/d/airflow/airflow_project/airflow_venv/lib/python3.12/site-packages/airflow/example_dags/example_params_trigger_ui.py
[2026-04-29T09:41:28.071+0300] {processor.py:840} INFO - DAG(s) 'example_params_trigger_ui' retrieved from /mnt/d/airflow/airflow_project/airflow_venv/lib/python3.12/site-packages/airflow/example_dags/example_params_trigger_ui.py
[2026-04-29T09:41:28.176+0300] {logging_mixin.py:188} INFO - [2026-04-29T09:41:28.171+0300] {dag.py:3089} INFO - Sync 1 DAGs
[2026-04-29T09:41:28.212+0300] {logging_mixin.py:188} INFO - [2026-04-29T09:41:28.208+0300] {dag.py:3947} INFO - Setting next_dagrun for example_params_trigger_ui to None, run_after=None
[2026-04-29T09:41:28.442+0300] {processor.py:183} INFO - Processing /mnt/d/airflow/airflow_project/airflow_venv/lib/python3.12/site-packages/airflow/example_dags/example_params_trigger_ui.py took 0.488 seconds
[2026-04-29T09:43:47.082+0300] {processor.py:161} INFO - Started process (PID=36568) to work on /mnt/d/airflow/airflow_project/airflow_venv/lib/python3.12/site-packages/airflow/example_dags/example_params_trigger_ui.py
[2026-04-29T09:43:47.086+0300] {processor.py:830} INFO - Processing file /mnt/d/airflow/airflow_project/airflow_venv/lib/python3.12/site-packages/airflow/example_dags/example_params_trigger_ui.py for tasks to queue
[2026-04-29T09:43:47.094+0300] {logging_mixin.py:188} INFO - [2026-04-29T09:43:47.092+0300] {dagbag.py:545} INFO - Filling up the DagBag from /mnt/d/airflow/airflow_project/airflow_venv/lib/python3.12/site-packages/airflow/example_dags/example_params_trigger_ui.py
[2026-04-29T09:43:47.146+0300] {processor.py:840} INFO - DAG(s) 'example_params_trigger_ui' retrieved from /mnt/d/airflow/airflow_project/airflow_venv/lib/python3.12/site-packages/airflow/example_dags/example_params_trigger_ui.py
[2026-04-29T09:43:47.173+0300] {logging_mixin.py:188} INFO - [2026-04-29T09:43:47.172+0300] {dag.py:3089} INFO - Sync 1 DAGs
[2026-04-29T09:43:47.197+0300] {logging_mixin.py:188} INFO - [2026-04-29T09:43:47.195+0300] {dag.py:3947} INFO - Setting next_dagrun for example_params_trigger_ui to None, run_after=None
[2026-04-29T09:43:47.355+0300] {processor.py:183} INFO - Processing /mnt/d/airflow/airflow_project/airflow_venv/lib/python3.12/site-packages/airflow/example_dags/example_params_trigger_ui.py took 0.306 seconds
[2026-04-29T09:47:01.266+0300] {processor.py:161} INFO - Started process (PID=37668) to work on /mnt/d/airflow/airflow_project/airflow_venv/lib/python3.12/site-packages/airflow/example_dags/example_params_trigger_ui.py
[2026-04-29T09:47:01.267+0300] {processor.py:830} INFO - Processing file /mnt/d/airflow/airflow_project/airflow_venv/lib/python3.12/site-packages/airflow/example_dags/example_params_trigger_ui.py for tasks to queue
[2026-04-29T09:47:01.271+0300] {logging_mixin.py:188} INFO - [2026-04-29T09:47:01.270+0300] {dagbag.py:545} INFO - Filling up the DagBag from /mnt/d/airflow/airflow_project/airflow_venv/lib/python3.12/site-packages/airflow/example_dags/example_params_trigger_ui.py
[2026-04-29T09:47:01.319+0300] {processor.py:840} INFO - DAG(s) 'example_params_trigger_ui' retrieved from /mnt/d/airflow/airflow_project/airflow_venv/lib/python3.12/site-packages/airflow/example_dags/example_params_trigger_ui.py
[2026-04-29T09:47:02.923+0300] {logging_mixin.py:188} INFO - [2026-04-29T09:47:02.922+0300] {dag.py:3089} INFO - Sync 1 DAGs
[2026-04-29T09:47:03.051+0300] {logging_mixin.py:188} INFO - [2026-04-29T09:47:03.050+0300] {dag.py:3947} INFO - Setting next_dagrun for example_params_trigger_ui to None, run_after=None
[2026-04-29T09:47:03.158+0300] {processor.py:183} INFO - Processing /mnt/d/airflow/airflow_project/airflow_venv/lib/python3.12/site-packages/airflow/example_dags/example_params_trigger_ui.py took 1.911 seconds
[2026-04-29T09:48:33.497+0300] {processor.py:161} INFO - Started process (PID=38181) to work on /mnt/d/airflow/airflow_project/airflow_venv/lib/python3.12/site-packages/airflow/example_dags/example_params_trigger_ui.py
[2026-04-29T09:48:33.501+0300] {processor.py:830} INFO - Processing file /mnt/d/airflow/airflow_project/airflow_venv/lib/python3.12/site-packages/airflow/example_dags/example_params_trigger_ui.py for tasks to queue
[2026-04-29T09:48:33.508+0300] {logging_mixin.py:188} INFO - [2026-04-29T09:48:33.506+0300] {dagbag.py:545} INFO - Filling up the DagBag from /mnt/d/airflow/airflow_project/airflow_venv/lib/python3.12/site-packages/airflow/example_dags/example_params_trigger_ui.py
[2026-04-29T09:48:33.571+0300] {processor.py:840} INFO - DAG(s) 'example_params_trigger_ui' retrieved from /mnt/d/airflow/airflow_project/airflow_venv/lib/python3.12/site-packages/airflow/example_dags/example_params_trigger_ui.py
[2026-04-29T09:48:33.659+0300] {logging_mixin.py:188} INFO - [2026-04-29T09:48:33.656+0300] {dag.py:3089} INFO - Sync 1 DAGs
[2026-04-29T09:48:33.695+0300] {logging_mixin.py:188} INFO - [2026-04-29T09:48:33.693+0300] {dag.py:3947} INFO - Setting next_dagrun for example_params_trigger_ui to None, run_after=None
[2026-04-29T09:48:33.892+0300] {processor.py:183} INFO - Processing /mnt/d/airflow/airflow_project/airflow_venv/lib/python3.12/site-packages/airflow/example_dags/example_params_trigger_ui.py took 0.420 seconds
[2026-04-29T09:50:48.902+0300] {processor.py:161} INFO - Started process (PID=38954) to work on /mnt/d/airflow/airflow_project/airflow_venv/lib/python3.12/site-packages/airflow/example_dags/example_params_trigger_ui.py
[2026-04-29T09:50:48.907+0300] {processor.py:830} INFO - Processing file /mnt/d/airflow/airflow_project/airflow_venv/lib/python3.12/site-packages/airflow/example_dags/example_params_trigger_ui.py for tasks to queue
[2026-04-29T09:50:48.916+0300] {logging_mixin.py:188} INFO - [2026-04-29T09:50:48.912+0300] {dagbag.py:545} INFO - Filling up the DagBag from /mnt/d/airflow/airflow_project/airflow_venv/lib/python3.12/site-packages/airflow/example_dags/example_params_trigger_ui.py
[2026-04-29T09:50:49.007+0300] {processor.py:840} INFO - DAG(s) 'example_params_trigger_ui' retrieved from /mnt/d/airflow/airflow_project/airflow_venv/lib/python3.12/site-packages/airflow/example_dags/example_params_trigger_ui.py
[2026-04-29T09:50:49.097+0300] {logging_mixin.py:188} INFO - [2026-04-29T09:50:49.096+0300] {dag.py:3089} INFO - Sync 1 DAGs
[2026-04-29T09:50:49.133+0300] {logging_mixin.py:188} INFO - [2026-04-29T09:50:49.130+0300] {dag.py:3947} INFO - Setting next_dagrun for example_params_trigger_ui to None, run_after=None
[2026-04-29T09:50:49.259+0300] {processor.py:183} INFO - Processing /mnt/d/airflow/airflow_project/airflow_venv/lib/python3.12/site-packages/airflow/example_dags/example_params_trigger_ui.py took 0.392 seconds
[2026-04-29T09:54:25.909+0300] {processor.py:161} INFO - Started process (PID=40167) to work on /mnt/d/airflow/airflow_project/airflow_venv/lib/python3.12/site-packages/airflow/example_dags/example_params_trigger_ui.py
[2026-04-29T09:54:25.917+0300] {processor.py:830} INFO - Processing file /mnt/d/airflow/airflow_project/airflow_venv/lib/python3.12/site-packages/airflow/example_dags/example_params_trigger_ui.py for tasks to queue
[2026-04-29T09:54:25.924+0300] {logging_mixin.py:188} INFO - [2026-04-29T09:54:25.921+0300] {dagbag.py:545} INFO - Filling up the DagBag from /mnt/d/airflow/airflow_project/airflow_venv/lib/python3.12/site-packages/airflow/example_dags/example_params_trigger_ui.py
[2026-04-29T09:54:25.994+0300] {processor.py:840} INFO - DAG(s) 'example_params_trigger_ui' retrieved from /mnt/d/airflow/airflow_project/airflow_venv/lib/python3.12/site-packages/airflow/example_dags/example_params_trigger_ui.py
[2026-04-29T09:54:26.084+0300] {logging_mixin.py:188} INFO - [2026-04-29T09:54:26.083+0300] {dag.py:3089} INFO - Sync 1 DAGs
[2026-04-29T09:54:26.103+0300] {logging_mixin.py:188} INFO - [2026-04-29T09:54:26.102+0300] {dag.py:3947} INFO - Setting next_dagrun for example_params_trigger_ui to None, run_after=None
[2026-04-29T09:54:26.209+0300] {processor.py:183} INFO - Processing /mnt/d/airflow/airflow_project/airflow_venv/lib/python3.12/site-packages/airflow/example_dags/example_params_trigger_ui.py took 0.332 seconds
[2026-04-29T09:56:19.260+0300] {processor.py:161} INFO - Started process (PID=40837) to work on /mnt/d/airflow/airflow_project/airflow_venv/lib/python3.12/site-packages/airflow/example_dags/example_params_trigger_ui.py
[2026-04-29T09:56:19.262+0300] {processor.py:830} INFO - Processing file /mnt/d/airflow/airflow_project/airflow_venv/lib/python3.12/site-packages/airflow/example_dags/example_params_trigger_ui.py for tasks to queue
[2026-04-29T09:56:19.266+0300] {logging_mixin.py:188} INFO - [2026-04-29T09:56:19.265+0300] {dagbag.py:545} INFO - Filling up the DagBag from /mnt/d/airflow/airflow_project/airflow_venv/lib/python3.12/site-packages/airflow/example_dags/example_params_trigger_ui.py
[2026-04-29T09:56:19.299+0300] {processor.py:840} INFO - DAG(s) 'example_params_trigger_ui' retrieved from /mnt/d/airflow/airflow_project/airflow_venv/lib/python3.12/site-packages/airflow/example_dags/example_params_trigger_ui.py
[2026-04-29T09:56:19.362+0300] {logging_mixin.py:188} INFO - [2026-04-29T09:56:19.361+0300] {dag.py:3089} INFO - Sync 1 DAGs
[2026-04-29T09:56:19.381+0300] {logging_mixin.py:188} INFO - [2026-04-29T09:56:19.380+0300] {dag.py:3947} INFO - Setting next_dagrun for example_params_trigger_ui to None, run_after=None
[2026-04-29T09:56:19.690+0300] {processor.py:183} INFO - Processing /mnt/d/airflow/airflow_project/airflow_venv/lib/python3.12/site-packages/airflow/example_dags/example_params_trigger_ui.py took 0.446 seconds
[2026-04-29T09:59:42.119+0300] {processor.py:161} INFO - Started process (PID=41981) to work on /mnt/d/airflow/airflow_project/airflow_venv/lib/python3.12/site-packages/airflow/example_dags/example_params_trigger_ui.py
[2026-04-29T09:59:42.123+0300] {processor.py:830} INFO - Processing file /mnt/d/airflow/airflow_project/airflow_venv/lib/python3.12/site-packages/airflow/example_dags/example_params_trigger_ui.py for tasks to queue
[2026-04-29T09:59:42.135+0300] {logging_mixin.py:188} INFO - [2026-04-29T09:59:42.130+0300] {dagbag.py:545} INFO - Filling up the DagBag from /mnt/d/airflow/airflow_project/airflow_venv/lib/python3.12/site-packages/airflow/example_dags/example_params_trigger_ui.py
[2026-04-29T09:59:42.217+0300] {processor.py:840} INFO - DAG(s) 'example_params_trigger_ui' retrieved from /mnt/d/airflow/airflow_project/airflow_venv/lib/python3.12/site-packages/airflow/example_dags/example_params_trigger_ui.py
[2026-04-29T09:59:42.316+0300] {logging_mixin.py:188} INFO - [2026-04-29T09:59:42.313+0300] {dag.py:3089} INFO - Sync 1 DAGs
[2026-04-29T09:59:42.344+0300] {logging_mixin.py:188} INFO - [2026-04-29T09:59:42.341+0300] {dag.py:3947} INFO - Setting next_dagrun for example_params_trigger_ui to None, run_after=None
[2026-04-29T09:59:42.557+0300] {processor.py:183} INFO - Processing /mnt/d/airflow/airflow_project/airflow_venv/lib/python3.12/site-packages/airflow/example_dags/example_params_trigger_ui.py took 0.472 seconds
[2026-04-29T10:03:06.826+0300] {processor.py:161} INFO - Started process (PID=43108) to work on /mnt/d/airflow/airflow_project/airflow_venv/lib/python3.12/site-packages/airflow/example_dags/example_params_trigger_ui.py
[2026-04-29T10:03:06.829+0300] {processor.py:830} INFO - Processing file /mnt/d/airflow/airflow_project/airflow_venv/lib/python3.12/site-packages/airflow/example_dags/example_params_trigger_ui.py for tasks to queue
[2026-04-29T10:03:06.835+0300] {logging_mixin.py:188} INFO - [2026-04-29T10:03:06.833+0300] {dagbag.py:545} INFO - Filling up the DagBag from /mnt/d/airflow/airflow_project/airflow_venv/lib/python3.12/site-packages/airflow/example_dags/example_params_trigger_ui.py
[2026-04-29T10:03:06.898+0300] {processor.py:840} INFO - DAG(s) 'example_params_trigger_ui' retrieved from /mnt/d/airflow/airflow_project/airflow_venv/lib/python3.12/site-packages/airflow/example_dags/example_params_trigger_ui.py
[2026-04-29T10:03:06.979+0300] {logging_mixin.py:188} INFO - [2026-04-29T10:03:06.976+0300] {dag.py:3089} INFO - Sync 1 DAGs
[2026-04-29T10:03:07.001+0300] {logging_mixin.py:188} INFO - [2026-04-29T10:03:06.999+0300] {dag.py:3947} INFO - Setting next_dagrun for example_params_trigger_ui to None, run_after=None
[2026-04-29T10:03:07.169+0300] {processor.py:183} INFO - Processing /mnt/d/airflow/airflow_project/airflow_venv/lib/python3.12/site-packages/airflow/example_dags/example_params_trigger_ui.py took 0.363 seconds
[2026-04-29T10:05:49.183+0300] {processor.py:161} INFO - Started process (PID=44041) to work on /mnt/d/airflow/airflow_project/airflow_venv/lib/python3.12/site-packages/airflow/example_dags/example_params_trigger_ui.py
[2026-04-29T10:05:49.188+0300] {processor.py:830} INFO - Processing file /mnt/d/airflow/airflow_project/airflow_venv/lib/python3.12/site-packages/airflow/example_dags/example_params_trigger_ui.py for tasks to queue
[2026-04-29T10:05:49.197+0300] {logging_mixin.py:188} INFO - [2026-04-29T10:05:49.194+0300] {dagbag.py:545} INFO - Filling up the DagBag from /mnt/d/airflow/airflow_project/airflow_venv/lib/python3.12/site-packages/airflow/example_dags/example_params_trigger_ui.py
[2026-04-29T10:05:49.276+0300] {processor.py:840} INFO - DAG(s) 'example_params_trigger_ui' retrieved from /mnt/d/airflow/airflow_project/airflow_venv/lib/python3.12/site-packages/airflow/example_dags/example_params_trigger_ui.py
[2026-04-29T10:05:49.366+0300] {logging_mixin.py:188} INFO - [2026-04-29T10:05:49.364+0300] {dag.py:3089} INFO - Sync 1 DAGs
[2026-04-29T10:05:49.389+0300] {logging_mixin.py:188} INFO - [2026-04-29T10:05:49.387+0300] {dag.py:3947} INFO - Setting next_dagrun for example_params_trigger_ui to None, run_after=None
[2026-04-29T10:05:49.482+0300] {processor.py:183} INFO - Processing /mnt/d/airflow/airflow_project/airflow_venv/lib/python3.12/site-packages/airflow/example_dags/example_params_trigger_ui.py took 0.331 seconds
[2026-04-29T10:08:08.538+0300] {processor.py:161} INFO - Started process (PID=44814) to work on /mnt/d/airflow/airflow_project/airflow_venv/lib/python3.12/site-packages/airflow/example_dags/example_params_trigger_ui.py
[2026-04-29T10:08:08.543+0300] {processor.py:830} INFO - Processing file /mnt/d/airflow/airflow_project/airflow_venv/lib/python3.12/site-packages/airflow/example_dags/example_params_trigger_ui.py for tasks to queue
[2026-04-29T10:08:08.552+0300] {logging_mixin.py:188} INFO - [2026-04-29T10:08:08.549+0300] {dagbag.py:545} INFO - Filling up the DagBag from /mnt/d/airflow/airflow_project/airflow_venv/lib/python3.12/site-packages/airflow/example_dags/example_params_trigger_ui.py
[2026-04-29T10:08:08.618+0300] {processor.py:840} INFO - DAG(s) 'example_params_trigger_ui' retrieved from /mnt/d/airflow/airflow_project/airflow_venv/lib/python3.12/site-packages/airflow/example_dags/example_params_trigger_ui.py
[2026-04-29T10:08:08.689+0300] {logging_mixin.py:188} INFO - [2026-04-29T10:08:08.688+0300] {dag.py:3089} INFO - Sync 1 DAGs
[2026-04-29T10:08:08.708+0300] {logging_mixin.py:188} INFO - [2026-04-29T10:08:08.707+0300] {dag.py:3947} INFO - Setting next_dagrun for example_params_trigger_ui to None, run_after=None
[2026-04-29T10:08:08.876+0300] {processor.py:183} INFO - Processing /mnt/d/airflow/airflow_project/airflow_venv/lib/python3.12/site-packages/airflow/example_dags/example_params_trigger_ui.py took 0.369 seconds
[2026-04-29T10:10:08.581+0300] {processor.py:161} INFO - Started process (PID=45472) to work on /mnt/d/airflow/airflow_project/airflow_venv/lib/python3.12/site-packages/airflow/example_dags/example_params_trigger_ui.py
[2026-04-29T10:10:08.585+0300] {processor.py:830} INFO - Processing file /mnt/d/airflow/airflow_project/airflow_venv/lib/python3.12/site-packages/airflow/example_dags/example_params_trigger_ui.py for tasks to queue
[2026-04-29T10:10:08.591+0300] {logging_mixin.py:188} INFO - [2026-04-29T10:10:08.589+0300] {dagbag.py:545} INFO - Filling up the DagBag from /mnt/d/airflow/airflow_project/airflow_venv/lib/python3.12/site-packages/airflow/example_dags/example_params_trigger_ui.py
[2026-04-29T10:10:08.660+0300] {processor.py:840} INFO - DAG(s) 'example_params_trigger_ui' retrieved from /mnt/d/airflow/airflow_project/airflow_venv/lib/python3.12/site-packages/airflow/example_dags/example_params_trigger_ui.py
[2026-04-29T10:10:08.751+0300] {logging_mixin.py:188} INFO - [2026-04-29T10:10:08.749+0300] {dag.py:3089} INFO - Sync 1 DAGs
[2026-04-29T10:10:08.785+0300] {logging_mixin.py:188} INFO - [2026-04-29T10:10:08.782+0300] {dag.py:3947} INFO - Setting next_dagrun for example_params_trigger_ui to None, run_after=None
[2026-04-29T10:10:09.001+0300] {processor.py:183} INFO - Processing /mnt/d/airflow/airflow_project/airflow_venv/lib/python3.12/site-packages/airflow/example_dags/example_params_trigger_ui.py took 0.450 seconds
[2026-04-29T10:12:26.095+0300] {processor.py:161} INFO - Started process (PID=46240) to work on /mnt/d/airflow/airflow_project/airflow_venv/lib/python3.12/site-packages/airflow/example_dags/example_params_trigger_ui.py
[2026-04-29T10:12:26.097+0300] {processor.py:830} INFO - Processing file /mnt/d/airflow/airflow_project/airflow_venv/lib/python3.12/site-packages/airflow/example_dags/example_params_trigger_ui.py for tasks to queue
[2026-04-29T10:12:26.102+0300] {logging_mixin.py:188} INFO - [2026-04-29T10:12:26.100+0300] {dagbag.py:545} INFO - Filling up the DagBag from /mnt/d/airflow/airflow_project/airflow_venv/lib/python3.12/site-packages/airflow/example_dags/example_params_trigger_ui.py
[2026-04-29T10:12:26.137+0300] {processor.py:840} INFO - DAG(s) 'example_params_trigger_ui' retrieved from /mnt/d/airflow/airflow_project/airflow_venv/lib/python3.12/site-packages/airflow/example_dags/example_params_trigger_ui.py
[2026-04-29T10:12:26.203+0300] {logging_mixin.py:188} INFO - [2026-04-29T10:12:26.201+0300] {dag.py:3089} INFO - Sync 1 DAGs
[2026-04-29T10:12:26.230+0300] {logging_mixin.py:188} INFO - [2026-04-29T10:12:26.228+0300] {dag.py:3947} INFO - Setting next_dagrun for example_params_trigger_ui to None, run_after=None
[2026-04-29T10:12:26.336+0300] {processor.py:183} INFO - Processing /mnt/d/airflow/airflow_project/airflow_venv/lib/python3.12/site-packages/airflow/example_dags/example_params_trigger_ui.py took 0.258 seconds
