[2026-04-29T09:14:54.835+0300] {processor.py:161} INFO - Started process (PID=26429) to work on /mnt/d/airflow/airflow_project/airflow_venv/lib/python3.12/site-packages/airflow/example_dags/example_task_group.py
[2026-04-29T09:14:54.837+0300] {processor.py:830} INFO - Processing file /mnt/d/airflow/airflow_project/airflow_venv/lib/python3.12/site-packages/airflow/example_dags/example_task_group.py for tasks to queue
[2026-04-29T09:14:54.841+0300] {logging_mixin.py:188} INFO - [2026-04-29T09:14:54.840+0300] {dagbag.py:545} INFO - Filling up the DagBag from /mnt/d/airflow/airflow_project/airflow_venv/lib/python3.12/site-packages/airflow/example_dags/example_task_group.py
[2026-04-29T09:14:54.928+0300] {processor.py:840} INFO - DAG(s) 'example_task_group' retrieved from /mnt/d/airflow/airflow_project/airflow_venv/lib/python3.12/site-packages/airflow/example_dags/example_task_group.py
[2026-04-29T09:14:57.514+0300] {logging_mixin.py:188} INFO - [2026-04-29T09:14:57.512+0300] {override.py:1858} INFO - Created Permission View: can edit on DAG:example_task_group
[2026-04-29T09:14:57.609+0300] {logging_mixin.py:188} INFO - [2026-04-29T09:14:57.606+0300] {override.py:1858} INFO - Created Permission View: can delete on DAG:example_task_group
[2026-04-29T09:14:57.682+0300] {logging_mixin.py:188} INFO - [2026-04-29T09:14:57.680+0300] {override.py:1858} INFO - Created Permission View: can read on DAG:example_task_group
[2026-04-29T09:14:57.686+0300] {logging_mixin.py:188} INFO - [2026-04-29T09:14:57.684+0300] {dag.py:3089} INFO - Sync 1 DAGs
[2026-04-29T09:14:57.727+0300] {logging_mixin.py:188} INFO - [2026-04-29T09:14:57.725+0300] {dag.py:3111} INFO - Creating ORM DAG for example_task_group
[2026-04-29T09:14:57.751+0300] {logging_mixin.py:188} INFO - [2026-04-29T09:14:57.750+0300] {dag.py:3947} INFO - Setting next_dagrun for example_task_group to 2026-04-28 00:00:00+00:00, run_after=2026-04-29 00:00:00+00:00
[2026-04-29T09:14:57.912+0300] {processor.py:183} INFO - Processing /mnt/d/airflow/airflow_project/airflow_venv/lib/python3.12/site-packages/airflow/example_dags/example_task_group.py took 3.088 seconds
[2026-04-29T09:17:17.257+0300] {processor.py:161} INFO - Started process (PID=27232) to work on /mnt/d/airflow/airflow_project/airflow_venv/lib/python3.12/site-packages/airflow/example_dags/example_task_group.py
[2026-04-29T09:17:17.260+0300] {processor.py:830} INFO - Processing file /mnt/d/airflow/airflow_project/airflow_venv/lib/python3.12/site-packages/airflow/example_dags/example_task_group.py for tasks to queue
[2026-04-29T09:17:17.263+0300] {logging_mixin.py:188} INFO - [2026-04-29T09:17:17.263+0300] {dagbag.py:545} INFO - Filling up the DagBag from /mnt/d/airflow/airflow_project/airflow_venv/lib/python3.12/site-packages/airflow/example_dags/example_task_group.py
[2026-04-29T09:17:17.316+0300] {processor.py:840} INFO - DAG(s) 'example_task_group' retrieved from /mnt/d/airflow/airflow_project/airflow_venv/lib/python3.12/site-packages/airflow/example_dags/example_task_group.py
[2026-04-29T09:17:17.369+0300] {logging_mixin.py:188} INFO - [2026-04-29T09:17:17.368+0300] {dag.py:3089} INFO - Sync 1 DAGs
[2026-04-29T09:17:17.403+0300] {logging_mixin.py:188} INFO - [2026-04-29T09:17:17.402+0300] {dag.py:3947} INFO - Setting next_dagrun for example_task_group to 2026-04-28 00:00:00+00:00, run_after=2026-04-29 00:00:00+00:00
[2026-04-29T09:17:17.510+0300] {processor.py:183} INFO - Processing /mnt/d/airflow/airflow_project/airflow_venv/lib/python3.12/site-packages/airflow/example_dags/example_task_group.py took 0.280 seconds
[2026-04-29T09:18:29.107+0300] {processor.py:161} INFO - Started process (PID=27665) to work on /mnt/d/airflow/airflow_project/airflow_venv/lib/python3.12/site-packages/airflow/example_dags/example_task_group.py
[2026-04-29T09:18:29.109+0300] {processor.py:830} INFO - Processing file /mnt/d/airflow/airflow_project/airflow_venv/lib/python3.12/site-packages/airflow/example_dags/example_task_group.py for tasks to queue
[2026-04-29T09:18:29.112+0300] {logging_mixin.py:188} INFO - [2026-04-29T09:18:29.111+0300] {dagbag.py:545} INFO - Filling up the DagBag from /mnt/d/airflow/airflow_project/airflow_venv/lib/python3.12/site-packages/airflow/example_dags/example_task_group.py
[2026-04-29T09:18:29.143+0300] {processor.py:840} INFO - DAG(s) 'example_task_group' retrieved from /mnt/d/airflow/airflow_project/airflow_venv/lib/python3.12/site-packages/airflow/example_dags/example_task_group.py
[2026-04-29T09:18:29.239+0300] {logging_mixin.py:188} INFO - [2026-04-29T09:18:29.238+0300] {dag.py:3089} INFO - Sync 1 DAGs
[2026-04-29T09:18:29.283+0300] {logging_mixin.py:188} INFO - [2026-04-29T09:18:29.282+0300] {dag.py:3947} INFO - Setting next_dagrun for example_task_group to 2026-04-28 00:00:00+00:00, run_after=2026-04-29 00:00:00+00:00
[2026-04-29T09:18:29.420+0300] {processor.py:183} INFO - Processing /mnt/d/airflow/airflow_project/airflow_venv/lib/python3.12/site-packages/airflow/example_dags/example_task_group.py took 0.324 seconds
[2026-04-29T09:19:34.815+0300] {processor.py:161} INFO - Started process (PID=28064) to work on /mnt/d/airflow/airflow_project/airflow_venv/lib/python3.12/site-packages/airflow/example_dags/example_task_group.py
[2026-04-29T09:19:34.819+0300] {processor.py:830} INFO - Processing file /mnt/d/airflow/airflow_project/airflow_venv/lib/python3.12/site-packages/airflow/example_dags/example_task_group.py for tasks to queue
[2026-04-29T09:19:34.824+0300] {logging_mixin.py:188} INFO - [2026-04-29T09:19:34.822+0300] {dagbag.py:545} INFO - Filling up the DagBag from /mnt/d/airflow/airflow_project/airflow_venv/lib/python3.12/site-packages/airflow/example_dags/example_task_group.py
[2026-04-29T09:19:34.877+0300] {processor.py:840} INFO - DAG(s) 'example_task_group' retrieved from /mnt/d/airflow/airflow_project/airflow_venv/lib/python3.12/site-packages/airflow/example_dags/example_task_group.py
[2026-04-29T09:19:34.928+0300] {logging_mixin.py:188} INFO - [2026-04-29T09:19:34.926+0300] {dag.py:3089} INFO - Sync 1 DAGs
[2026-04-29T09:19:34.982+0300] {logging_mixin.py:188} INFO - [2026-04-29T09:19:34.980+0300] {dag.py:3947} INFO - Setting next_dagrun for example_task_group to 2026-04-28 00:00:00+00:00, run_after=2026-04-29 00:00:00+00:00
[2026-04-29T09:19:35.142+0300] {processor.py:183} INFO - Processing /mnt/d/airflow/airflow_project/airflow_venv/lib/python3.12/site-packages/airflow/example_dags/example_task_group.py took 0.357 seconds
[2026-04-29T09:20:50.199+0300] {processor.py:161} INFO - Started process (PID=28491) to work on /mnt/d/airflow/airflow_project/airflow_venv/lib/python3.12/site-packages/airflow/example_dags/example_task_group.py
[2026-04-29T09:20:50.201+0300] {processor.py:830} INFO - Processing file /mnt/d/airflow/airflow_project/airflow_venv/lib/python3.12/site-packages/airflow/example_dags/example_task_group.py for tasks to queue
[2026-04-29T09:20:50.203+0300] {logging_mixin.py:188} INFO - [2026-04-29T09:20:50.202+0300] {dagbag.py:545} INFO - Filling up the DagBag from /mnt/d/airflow/airflow_project/airflow_venv/lib/python3.12/site-packages/airflow/example_dags/example_task_group.py
[2026-04-29T09:20:50.304+0300] {processor.py:840} INFO - DAG(s) 'example_task_group' retrieved from /mnt/d/airflow/airflow_project/airflow_venv/lib/python3.12/site-packages/airflow/example_dags/example_task_group.py
[2026-04-29T09:20:50.378+0300] {logging_mixin.py:188} INFO - [2026-04-29T09:20:50.376+0300] {dag.py:3089} INFO - Sync 1 DAGs
[2026-04-29T09:20:50.442+0300] {logging_mixin.py:188} INFO - [2026-04-29T09:20:50.439+0300] {dag.py:3947} INFO - Setting next_dagrun for example_task_group to 2026-04-28 00:00:00+00:00, run_after=2026-04-29 00:00:00+00:00
[2026-04-29T09:20:50.642+0300] {processor.py:183} INFO - Processing /mnt/d/airflow/airflow_project/airflow_venv/lib/python3.12/site-packages/airflow/example_dags/example_task_group.py took 0.458 seconds
[2026-04-29T09:21:56.306+0300] {processor.py:161} INFO - Started process (PID=28870) to work on /mnt/d/airflow/airflow_project/airflow_venv/lib/python3.12/site-packages/airflow/example_dags/example_task_group.py
[2026-04-29T09:21:56.308+0300] {processor.py:830} INFO - Processing file /mnt/d/airflow/airflow_project/airflow_venv/lib/python3.12/site-packages/airflow/example_dags/example_task_group.py for tasks to queue
[2026-04-29T09:21:56.319+0300] {logging_mixin.py:188} INFO - [2026-04-29T09:21:56.316+0300] {dagbag.py:545} INFO - Filling up the DagBag from /mnt/d/airflow/airflow_project/airflow_venv/lib/python3.12/site-packages/airflow/example_dags/example_task_group.py
[2026-04-29T09:21:56.396+0300] {processor.py:840} INFO - DAG(s) 'example_task_group' retrieved from /mnt/d/airflow/airflow_project/airflow_venv/lib/python3.12/site-packages/airflow/example_dags/example_task_group.py
[2026-04-29T09:21:56.438+0300] {logging_mixin.py:188} INFO - [2026-04-29T09:21:56.436+0300] {dag.py:3089} INFO - Sync 1 DAGs
[2026-04-29T09:21:56.474+0300] {logging_mixin.py:188} INFO - [2026-04-29T09:21:56.473+0300] {dag.py:3947} INFO - Setting next_dagrun for example_task_group to 2026-04-28 00:00:00+00:00, run_after=2026-04-29 00:00:00+00:00
[2026-04-29T09:21:56.570+0300] {processor.py:183} INFO - Processing /mnt/d/airflow/airflow_project/airflow_venv/lib/python3.12/site-packages/airflow/example_dags/example_task_group.py took 0.278 seconds
[2026-04-29T09:22:52.781+0300] {processor.py:161} INFO - Started process (PID=29207) to work on /mnt/d/airflow/airflow_project/airflow_venv/lib/python3.12/site-packages/airflow/example_dags/example_task_group.py
[2026-04-29T09:22:52.783+0300] {processor.py:830} INFO - Processing file /mnt/d/airflow/airflow_project/airflow_venv/lib/python3.12/site-packages/airflow/example_dags/example_task_group.py for tasks to queue
[2026-04-29T09:22:52.790+0300] {logging_mixin.py:188} INFO - [2026-04-29T09:22:52.786+0300] {dagbag.py:545} INFO - Filling up the DagBag from /mnt/d/airflow/airflow_project/airflow_venv/lib/python3.12/site-packages/airflow/example_dags/example_task_group.py
[2026-04-29T09:22:52.855+0300] {processor.py:840} INFO - DAG(s) 'example_task_group' retrieved from /mnt/d/airflow/airflow_project/airflow_venv/lib/python3.12/site-packages/airflow/example_dags/example_task_group.py
[2026-04-29T09:22:52.898+0300] {logging_mixin.py:188} INFO - [2026-04-29T09:22:52.897+0300] {dag.py:3089} INFO - Sync 1 DAGs
[2026-04-29T09:22:52.930+0300] {logging_mixin.py:188} INFO - [2026-04-29T09:22:52.929+0300] {dag.py:3947} INFO - Setting next_dagrun for example_task_group to 2026-04-28 00:00:00+00:00, run_after=2026-04-29 00:00:00+00:00
[2026-04-29T09:22:53.010+0300] {processor.py:183} INFO - Processing /mnt/d/airflow/airflow_project/airflow_venv/lib/python3.12/site-packages/airflow/example_dags/example_task_group.py took 0.257 seconds
[2026-04-29T09:23:52.414+0300] {processor.py:161} INFO - Started process (PID=29550) to work on /mnt/d/airflow/airflow_project/airflow_venv/lib/python3.12/site-packages/airflow/example_dags/example_task_group.py
[2026-04-29T09:23:52.417+0300] {processor.py:830} INFO - Processing file /mnt/d/airflow/airflow_project/airflow_venv/lib/python3.12/site-packages/airflow/example_dags/example_task_group.py for tasks to queue
[2026-04-29T09:23:52.422+0300] {logging_mixin.py:188} INFO - [2026-04-29T09:23:52.419+0300] {dagbag.py:545} INFO - Filling up the DagBag from /mnt/d/airflow/airflow_project/airflow_venv/lib/python3.12/site-packages/airflow/example_dags/example_task_group.py
[2026-04-29T09:23:52.464+0300] {processor.py:840} INFO - DAG(s) 'example_task_group' retrieved from /mnt/d/airflow/airflow_project/airflow_venv/lib/python3.12/site-packages/airflow/example_dags/example_task_group.py
[2026-04-29T09:23:52.517+0300] {logging_mixin.py:188} INFO - [2026-04-29T09:23:52.516+0300] {dag.py:3089} INFO - Sync 1 DAGs
[2026-04-29T09:23:52.549+0300] {logging_mixin.py:188} INFO - [2026-04-29T09:23:52.548+0300] {dag.py:3947} INFO - Setting next_dagrun for example_task_group to 2026-04-28 00:00:00+00:00, run_after=2026-04-29 00:00:00+00:00
[2026-04-29T09:23:52.626+0300] {processor.py:183} INFO - Processing /mnt/d/airflow/airflow_project/airflow_venv/lib/python3.12/site-packages/airflow/example_dags/example_task_group.py took 0.241 seconds
[2026-04-29T09:25:03.862+0300] {processor.py:161} INFO - Started process (PID=29944) to work on /mnt/d/airflow/airflow_project/airflow_venv/lib/python3.12/site-packages/airflow/example_dags/example_task_group.py
[2026-04-29T09:25:03.868+0300] {processor.py:830} INFO - Processing file /mnt/d/airflow/airflow_project/airflow_venv/lib/python3.12/site-packages/airflow/example_dags/example_task_group.py for tasks to queue
[2026-04-29T09:25:03.877+0300] {logging_mixin.py:188} INFO - [2026-04-29T09:25:03.874+0300] {dagbag.py:545} INFO - Filling up the DagBag from /mnt/d/airflow/airflow_project/airflow_venv/lib/python3.12/site-packages/airflow/example_dags/example_task_group.py
[2026-04-29T09:25:03.974+0300] {processor.py:840} INFO - DAG(s) 'example_task_group' retrieved from /mnt/d/airflow/airflow_project/airflow_venv/lib/python3.12/site-packages/airflow/example_dags/example_task_group.py
[2026-04-29T09:25:04.067+0300] {logging_mixin.py:188} INFO - [2026-04-29T09:25:04.065+0300] {dag.py:3089} INFO - Sync 1 DAGs
[2026-04-29T09:25:04.132+0300] {logging_mixin.py:188} INFO - [2026-04-29T09:25:04.129+0300] {dag.py:3947} INFO - Setting next_dagrun for example_task_group to 2026-04-28 00:00:00+00:00, run_after=2026-04-29 00:00:00+00:00
[2026-04-29T09:25:04.338+0300] {processor.py:183} INFO - Processing /mnt/d/airflow/airflow_project/airflow_venv/lib/python3.12/site-packages/airflow/example_dags/example_task_group.py took 0.517 seconds
[2026-04-29T09:26:13.469+0300] {processor.py:161} INFO - Started process (PID=30339) to work on /mnt/d/airflow/airflow_project/airflow_venv/lib/python3.12/site-packages/airflow/example_dags/example_task_group.py
[2026-04-29T09:26:13.473+0300] {processor.py:830} INFO - Processing file /mnt/d/airflow/airflow_project/airflow_venv/lib/python3.12/site-packages/airflow/example_dags/example_task_group.py for tasks to queue
[2026-04-29T09:26:13.482+0300] {logging_mixin.py:188} INFO - [2026-04-29T09:26:13.478+0300] {dagbag.py:545} INFO - Filling up the DagBag from /mnt/d/airflow/airflow_project/airflow_venv/lib/python3.12/site-packages/airflow/example_dags/example_task_group.py
[2026-04-29T09:26:13.570+0300] {processor.py:840} INFO - DAG(s) 'example_task_group' retrieved from /mnt/d/airflow/airflow_project/airflow_venv/lib/python3.12/site-packages/airflow/example_dags/example_task_group.py
[2026-04-29T09:26:13.647+0300] {logging_mixin.py:188} INFO - [2026-04-29T09:26:13.645+0300] {dag.py:3089} INFO - Sync 1 DAGs
[2026-04-29T09:26:13.706+0300] {logging_mixin.py:188} INFO - [2026-04-29T09:26:13.703+0300] {dag.py:3947} INFO - Setting next_dagrun for example_task_group to 2026-04-28 00:00:00+00:00, run_after=2026-04-29 00:00:00+00:00
[2026-04-29T09:26:13.850+0300] {processor.py:183} INFO - Processing /mnt/d/airflow/airflow_project/airflow_venv/lib/python3.12/site-packages/airflow/example_dags/example_task_group.py took 0.413 seconds
[2026-04-29T09:27:26.927+0300] {processor.py:161} INFO - Started process (PID=30747) to work on /mnt/d/airflow/airflow_project/airflow_venv/lib/python3.12/site-packages/airflow/example_dags/example_task_group.py
[2026-04-29T09:27:26.931+0300] {processor.py:830} INFO - Processing file /mnt/d/airflow/airflow_project/airflow_venv/lib/python3.12/site-packages/airflow/example_dags/example_task_group.py for tasks to queue
[2026-04-29T09:27:26.939+0300] {logging_mixin.py:188} INFO - [2026-04-29T09:27:26.935+0300] {dagbag.py:545} INFO - Filling up the DagBag from /mnt/d/airflow/airflow_project/airflow_venv/lib/python3.12/site-packages/airflow/example_dags/example_task_group.py
[2026-04-29T09:27:27.010+0300] {processor.py:840} INFO - DAG(s) 'example_task_group' retrieved from /mnt/d/airflow/airflow_project/airflow_venv/lib/python3.12/site-packages/airflow/example_dags/example_task_group.py
[2026-04-29T09:27:27.078+0300] {logging_mixin.py:188} INFO - [2026-04-29T09:27:27.075+0300] {dag.py:3089} INFO - Sync 1 DAGs
[2026-04-29T09:27:27.148+0300] {logging_mixin.py:188} INFO - [2026-04-29T09:27:27.145+0300] {dag.py:3947} INFO - Setting next_dagrun for example_task_group to 2026-04-28 00:00:00+00:00, run_after=2026-04-29 00:00:00+00:00
[2026-04-29T09:27:27.352+0300] {processor.py:183} INFO - Processing /mnt/d/airflow/airflow_project/airflow_venv/lib/python3.12/site-packages/airflow/example_dags/example_task_group.py took 0.482 seconds
[2026-04-29T09:28:42.285+0300] {processor.py:161} INFO - Started process (PID=31177) to work on /mnt/d/airflow/airflow_project/airflow_venv/lib/python3.12/site-packages/airflow/example_dags/example_task_group.py
[2026-04-29T09:28:42.288+0300] {processor.py:830} INFO - Processing file /mnt/d/airflow/airflow_project/airflow_venv/lib/python3.12/site-packages/airflow/example_dags/example_task_group.py for tasks to queue
[2026-04-29T09:28:42.293+0300] {logging_mixin.py:188} INFO - [2026-04-29T09:28:42.291+0300] {dagbag.py:545} INFO - Filling up the DagBag from /mnt/d/airflow/airflow_project/airflow_venv/lib/python3.12/site-packages/airflow/example_dags/example_task_group.py
[2026-04-29T09:28:42.343+0300] {processor.py:840} INFO - DAG(s) 'example_task_group' retrieved from /mnt/d/airflow/airflow_project/airflow_venv/lib/python3.12/site-packages/airflow/example_dags/example_task_group.py
[2026-04-29T09:28:42.407+0300] {logging_mixin.py:188} INFO - [2026-04-29T09:28:42.404+0300] {dag.py:3089} INFO - Sync 1 DAGs
[2026-04-29T09:28:42.460+0300] {logging_mixin.py:188} INFO - [2026-04-29T09:28:42.457+0300] {dag.py:3947} INFO - Setting next_dagrun for example_task_group to 2026-04-28 00:00:00+00:00, run_after=2026-04-29 00:00:00+00:00
[2026-04-29T09:28:42.578+0300] {processor.py:183} INFO - Processing /mnt/d/airflow/airflow_project/airflow_venv/lib/python3.12/site-packages/airflow/example_dags/example_task_group.py took 0.321 seconds
[2026-04-29T09:30:13.384+0300] {processor.py:161} INFO - Started process (PID=31721) to work on /mnt/d/airflow/airflow_project/airflow_venv/lib/python3.12/site-packages/airflow/example_dags/example_task_group.py
[2026-04-29T09:30:13.387+0300] {processor.py:830} INFO - Processing file /mnt/d/airflow/airflow_project/airflow_venv/lib/python3.12/site-packages/airflow/example_dags/example_task_group.py for tasks to queue
[2026-04-29T09:30:13.424+0300] {logging_mixin.py:188} INFO - [2026-04-29T09:30:13.394+0300] {dagbag.py:545} INFO - Filling up the DagBag from /mnt/d/airflow/airflow_project/airflow_venv/lib/python3.12/site-packages/airflow/example_dags/example_task_group.py
[2026-04-29T09:30:13.546+0300] {processor.py:840} INFO - DAG(s) 'example_task_group' retrieved from /mnt/d/airflow/airflow_project/airflow_venv/lib/python3.12/site-packages/airflow/example_dags/example_task_group.py
[2026-04-29T09:30:13.854+0300] {logging_mixin.py:188} INFO - [2026-04-29T09:30:13.841+0300] {dag.py:3089} INFO - Sync 1 DAGs
[2026-04-29T09:30:14.074+0300] {logging_mixin.py:188} INFO - [2026-04-29T09:30:14.072+0300] {dag.py:3947} INFO - Setting next_dagrun for example_task_group to 2026-04-28 00:00:00+00:00, run_after=2026-04-29 00:00:00+00:00
[2026-04-29T09:30:14.478+0300] {processor.py:183} INFO - Processing /mnt/d/airflow/airflow_project/airflow_venv/lib/python3.12/site-packages/airflow/example_dags/example_task_group.py took 1.142 seconds
[2026-04-29T09:31:33.261+0300] {processor.py:161} INFO - Started process (PID=32195) to work on /mnt/d/airflow/airflow_project/airflow_venv/lib/python3.12/site-packages/airflow/example_dags/example_task_group.py
[2026-04-29T09:31:33.263+0300] {processor.py:830} INFO - Processing file /mnt/d/airflow/airflow_project/airflow_venv/lib/python3.12/site-packages/airflow/example_dags/example_task_group.py for tasks to queue
[2026-04-29T09:31:33.268+0300] {logging_mixin.py:188} INFO - [2026-04-29T09:31:33.266+0300] {dagbag.py:545} INFO - Filling up the DagBag from /mnt/d/airflow/airflow_project/airflow_venv/lib/python3.12/site-packages/airflow/example_dags/example_task_group.py
[2026-04-29T09:31:33.306+0300] {processor.py:840} INFO - DAG(s) 'example_task_group' retrieved from /mnt/d/airflow/airflow_project/airflow_venv/lib/python3.12/site-packages/airflow/example_dags/example_task_group.py
[2026-04-29T09:31:33.346+0300] {logging_mixin.py:188} INFO - [2026-04-29T09:31:33.345+0300] {dag.py:3089} INFO - Sync 1 DAGs
[2026-04-29T09:31:33.399+0300] {logging_mixin.py:188} INFO - [2026-04-29T09:31:33.383+0300] {dag.py:3947} INFO - Setting next_dagrun for example_task_group to 2026-04-28 00:00:00+00:00, run_after=2026-04-29 00:00:00+00:00
[2026-04-29T09:31:33.515+0300] {processor.py:183} INFO - Processing /mnt/d/airflow/airflow_project/airflow_venv/lib/python3.12/site-packages/airflow/example_dags/example_task_group.py took 0.274 seconds
[2026-04-29T09:32:41.578+0300] {processor.py:161} INFO - Started process (PID=32600) to work on /mnt/d/airflow/airflow_project/airflow_venv/lib/python3.12/site-packages/airflow/example_dags/example_task_group.py
[2026-04-29T09:32:41.581+0300] {processor.py:830} INFO - Processing file /mnt/d/airflow/airflow_project/airflow_venv/lib/python3.12/site-packages/airflow/example_dags/example_task_group.py for tasks to queue
[2026-04-29T09:32:41.587+0300] {logging_mixin.py:188} INFO - [2026-04-29T09:32:41.585+0300] {dagbag.py:545} INFO - Filling up the DagBag from /mnt/d/airflow/airflow_project/airflow_venv/lib/python3.12/site-packages/airflow/example_dags/example_task_group.py
[2026-04-29T09:32:41.672+0300] {processor.py:840} INFO - DAG(s) 'example_task_group' retrieved from /mnt/d/airflow/airflow_project/airflow_venv/lib/python3.12/site-packages/airflow/example_dags/example_task_group.py
[2026-04-29T09:32:41.734+0300] {logging_mixin.py:188} INFO - [2026-04-29T09:32:41.733+0300] {dag.py:3089} INFO - Sync 1 DAGs
[2026-04-29T09:32:41.770+0300] {logging_mixin.py:188} INFO - [2026-04-29T09:32:41.768+0300] {dag.py:3947} INFO - Setting next_dagrun for example_task_group to 2026-04-28 00:00:00+00:00, run_after=2026-04-29 00:00:00+00:00
[2026-04-29T09:32:41.904+0300] {processor.py:183} INFO - Processing /mnt/d/airflow/airflow_project/airflow_venv/lib/python3.12/site-packages/airflow/example_dags/example_task_group.py took 0.358 seconds
[2026-04-29T09:33:52.272+0300] {processor.py:161} INFO - Started process (PID=33025) to work on /mnt/d/airflow/airflow_project/airflow_venv/lib/python3.12/site-packages/airflow/example_dags/example_task_group.py
[2026-04-29T09:33:52.276+0300] {processor.py:830} INFO - Processing file /mnt/d/airflow/airflow_project/airflow_venv/lib/python3.12/site-packages/airflow/example_dags/example_task_group.py for tasks to queue
[2026-04-29T09:33:52.283+0300] {logging_mixin.py:188} INFO - [2026-04-29T09:33:52.281+0300] {dagbag.py:545} INFO - Filling up the DagBag from /mnt/d/airflow/airflow_project/airflow_venv/lib/python3.12/site-packages/airflow/example_dags/example_task_group.py
[2026-04-29T09:33:52.364+0300] {processor.py:840} INFO - DAG(s) 'example_task_group' retrieved from /mnt/d/airflow/airflow_project/airflow_venv/lib/python3.12/site-packages/airflow/example_dags/example_task_group.py
[2026-04-29T09:33:52.413+0300] {logging_mixin.py:188} INFO - [2026-04-29T09:33:52.410+0300] {dag.py:3089} INFO - Sync 1 DAGs
[2026-04-29T09:33:52.472+0300] {logging_mixin.py:188} INFO - [2026-04-29T09:33:52.470+0300] {dag.py:3947} INFO - Setting next_dagrun for example_task_group to 2026-04-28 00:00:00+00:00, run_after=2026-04-29 00:00:00+00:00
[2026-04-29T09:33:52.588+0300] {processor.py:183} INFO - Processing /mnt/d/airflow/airflow_project/airflow_venv/lib/python3.12/site-packages/airflow/example_dags/example_task_group.py took 0.348 seconds
[2026-04-29T09:35:04.382+0300] {processor.py:161} INFO - Started process (PID=33440) to work on /mnt/d/airflow/airflow_project/airflow_venv/lib/python3.12/site-packages/airflow/example_dags/example_task_group.py
[2026-04-29T09:35:04.387+0300] {processor.py:830} INFO - Processing file /mnt/d/airflow/airflow_project/airflow_venv/lib/python3.12/site-packages/airflow/example_dags/example_task_group.py for tasks to queue
[2026-04-29T09:35:04.394+0300] {logging_mixin.py:188} INFO - [2026-04-29T09:35:04.391+0300] {dagbag.py:545} INFO - Filling up the DagBag from /mnt/d/airflow/airflow_project/airflow_venv/lib/python3.12/site-packages/airflow/example_dags/example_task_group.py
[2026-04-29T09:35:04.468+0300] {processor.py:840} INFO - DAG(s) 'example_task_group' retrieved from /mnt/d/airflow/airflow_project/airflow_venv/lib/python3.12/site-packages/airflow/example_dags/example_task_group.py
[2026-04-29T09:35:04.530+0300] {logging_mixin.py:188} INFO - [2026-04-29T09:35:04.528+0300] {dag.py:3089} INFO - Sync 1 DAGs
[2026-04-29T09:35:04.581+0300] {logging_mixin.py:188} INFO - [2026-04-29T09:35:04.580+0300] {dag.py:3947} INFO - Setting next_dagrun for example_task_group to 2026-04-28 00:00:00+00:00, run_after=2026-04-29 00:00:00+00:00
[2026-04-29T09:35:04.692+0300] {processor.py:183} INFO - Processing /mnt/d/airflow/airflow_project/airflow_venv/lib/python3.12/site-packages/airflow/example_dags/example_task_group.py took 0.343 seconds
[2026-04-29T09:36:09.237+0300] {processor.py:161} INFO - Started process (PID=33844) to work on /mnt/d/airflow/airflow_project/airflow_venv/lib/python3.12/site-packages/airflow/example_dags/example_task_group.py
[2026-04-29T09:36:09.241+0300] {processor.py:830} INFO - Processing file /mnt/d/airflow/airflow_project/airflow_venv/lib/python3.12/site-packages/airflow/example_dags/example_task_group.py for tasks to queue
[2026-04-29T09:36:09.249+0300] {logging_mixin.py:188} INFO - [2026-04-29T09:36:09.246+0300] {dagbag.py:545} INFO - Filling up the DagBag from /mnt/d/airflow/airflow_project/airflow_venv/lib/python3.12/site-packages/airflow/example_dags/example_task_group.py
[2026-04-29T09:36:09.318+0300] {processor.py:840} INFO - DAG(s) 'example_task_group' retrieved from /mnt/d/airflow/airflow_project/airflow_venv/lib/python3.12/site-packages/airflow/example_dags/example_task_group.py
[2026-04-29T09:36:09.373+0300] {logging_mixin.py:188} INFO - [2026-04-29T09:36:09.372+0300] {dag.py:3089} INFO - Sync 1 DAGs
[2026-04-29T09:36:09.426+0300] {logging_mixin.py:188} INFO - [2026-04-29T09:36:09.424+0300] {dag.py:3947} INFO - Setting next_dagrun for example_task_group to 2026-04-28 00:00:00+00:00, run_after=2026-04-29 00:00:00+00:00
[2026-04-29T09:36:09.525+0300] {processor.py:183} INFO - Processing /mnt/d/airflow/airflow_project/airflow_venv/lib/python3.12/site-packages/airflow/example_dags/example_task_group.py took 0.311 seconds
[2026-04-29T09:37:07.942+0300] {processor.py:161} INFO - Started process (PID=34194) to work on /mnt/d/airflow/airflow_project/airflow_venv/lib/python3.12/site-packages/airflow/example_dags/example_task_group.py
[2026-04-29T09:37:07.948+0300] {processor.py:830} INFO - Processing file /mnt/d/airflow/airflow_project/airflow_venv/lib/python3.12/site-packages/airflow/example_dags/example_task_group.py for tasks to queue
[2026-04-29T09:37:07.958+0300] {logging_mixin.py:188} INFO - [2026-04-29T09:37:07.954+0300] {dagbag.py:545} INFO - Filling up the DagBag from /mnt/d/airflow/airflow_project/airflow_venv/lib/python3.12/site-packages/airflow/example_dags/example_task_group.py
[2026-04-29T09:37:08.042+0300] {processor.py:840} INFO - DAG(s) 'example_task_group' retrieved from /mnt/d/airflow/airflow_project/airflow_venv/lib/python3.12/site-packages/airflow/example_dags/example_task_group.py
[2026-04-29T09:37:08.125+0300] {logging_mixin.py:188} INFO - [2026-04-29T09:37:08.122+0300] {dag.py:3089} INFO - Sync 1 DAGs
[2026-04-29T09:37:08.193+0300] {logging_mixin.py:188} INFO - [2026-04-29T09:37:08.190+0300] {dag.py:3947} INFO - Setting next_dagrun for example_task_group to 2026-04-28 00:00:00+00:00, run_after=2026-04-29 00:00:00+00:00
[2026-04-29T09:37:08.315+0300] {processor.py:183} INFO - Processing /mnt/d/airflow/airflow_project/airflow_venv/lib/python3.12/site-packages/airflow/example_dags/example_task_group.py took 0.411 seconds
[2026-04-29T09:38:08.623+0300] {processor.py:161} INFO - Started process (PID=34575) to work on /mnt/d/airflow/airflow_project/airflow_venv/lib/python3.12/site-packages/airflow/example_dags/example_task_group.py
[2026-04-29T09:38:08.628+0300] {processor.py:830} INFO - Processing file /mnt/d/airflow/airflow_project/airflow_venv/lib/python3.12/site-packages/airflow/example_dags/example_task_group.py for tasks to queue
[2026-04-29T09:38:08.637+0300] {logging_mixin.py:188} INFO - [2026-04-29T09:38:08.634+0300] {dagbag.py:545} INFO - Filling up the DagBag from /mnt/d/airflow/airflow_project/airflow_venv/lib/python3.12/site-packages/airflow/example_dags/example_task_group.py
[2026-04-29T09:38:08.715+0300] {processor.py:840} INFO - DAG(s) 'example_task_group' retrieved from /mnt/d/airflow/airflow_project/airflow_venv/lib/python3.12/site-packages/airflow/example_dags/example_task_group.py
[2026-04-29T09:38:08.794+0300] {logging_mixin.py:188} INFO - [2026-04-29T09:38:08.792+0300] {dag.py:3089} INFO - Sync 1 DAGs
[2026-04-29T09:38:08.852+0300] {logging_mixin.py:188} INFO - [2026-04-29T09:38:08.850+0300] {dag.py:3947} INFO - Setting next_dagrun for example_task_group to 2026-04-28 00:00:00+00:00, run_after=2026-04-29 00:00:00+00:00
[2026-04-29T09:38:08.954+0300] {processor.py:183} INFO - Processing /mnt/d/airflow/airflow_project/airflow_venv/lib/python3.12/site-packages/airflow/example_dags/example_task_group.py took 0.366 seconds
[2026-04-29T09:39:17.088+0300] {processor.py:161} INFO - Started process (PID=34992) to work on /mnt/d/airflow/airflow_project/airflow_venv/lib/python3.12/site-packages/airflow/example_dags/example_task_group.py
[2026-04-29T09:39:17.093+0300] {processor.py:830} INFO - Processing file /mnt/d/airflow/airflow_project/airflow_venv/lib/python3.12/site-packages/airflow/example_dags/example_task_group.py for tasks to queue
[2026-04-29T09:39:17.099+0300] {logging_mixin.py:188} INFO - [2026-04-29T09:39:17.097+0300] {dagbag.py:545} INFO - Filling up the DagBag from /mnt/d/airflow/airflow_project/airflow_venv/lib/python3.12/site-packages/airflow/example_dags/example_task_group.py
[2026-04-29T09:39:17.151+0300] {processor.py:840} INFO - DAG(s) 'example_task_group' retrieved from /mnt/d/airflow/airflow_project/airflow_venv/lib/python3.12/site-packages/airflow/example_dags/example_task_group.py
[2026-04-29T09:39:17.206+0300] {logging_mixin.py:188} INFO - [2026-04-29T09:39:17.204+0300] {dag.py:3089} INFO - Sync 1 DAGs
[2026-04-29T09:39:17.263+0300] {logging_mixin.py:188} INFO - [2026-04-29T09:39:17.261+0300] {dag.py:3947} INFO - Setting next_dagrun for example_task_group to 2026-04-28 00:00:00+00:00, run_after=2026-04-29 00:00:00+00:00
[2026-04-29T09:39:17.455+0300] {processor.py:183} INFO - Processing /mnt/d/airflow/airflow_project/airflow_venv/lib/python3.12/site-packages/airflow/example_dags/example_task_group.py took 0.390 seconds
[2026-04-29T09:40:18.422+0300] {processor.py:161} INFO - Started process (PID=35348) to work on /mnt/d/airflow/airflow_project/airflow_venv/lib/python3.12/site-packages/airflow/example_dags/example_task_group.py
[2026-04-29T09:40:18.426+0300] {processor.py:830} INFO - Processing file /mnt/d/airflow/airflow_project/airflow_venv/lib/python3.12/site-packages/airflow/example_dags/example_task_group.py for tasks to queue
[2026-04-29T09:40:18.436+0300] {logging_mixin.py:188} INFO - [2026-04-29T09:40:18.433+0300] {dagbag.py:545} INFO - Filling up the DagBag from /mnt/d/airflow/airflow_project/airflow_venv/lib/python3.12/site-packages/airflow/example_dags/example_task_group.py
[2026-04-29T09:40:18.508+0300] {processor.py:840} INFO - DAG(s) 'example_task_group' retrieved from /mnt/d/airflow/airflow_project/airflow_venv/lib/python3.12/site-packages/airflow/example_dags/example_task_group.py
[2026-04-29T09:40:18.569+0300] {logging_mixin.py:188} INFO - [2026-04-29T09:40:18.568+0300] {dag.py:3089} INFO - Sync 1 DAGs
[2026-04-29T09:40:18.636+0300] {logging_mixin.py:188} INFO - [2026-04-29T09:40:18.633+0300] {dag.py:3947} INFO - Setting next_dagrun for example_task_group to 2026-04-28 00:00:00+00:00, run_after=2026-04-29 00:00:00+00:00
[2026-04-29T09:40:18.821+0300] {processor.py:183} INFO - Processing /mnt/d/airflow/airflow_project/airflow_venv/lib/python3.12/site-packages/airflow/example_dags/example_task_group.py took 0.431 seconds
[2026-04-29T09:41:15.050+0300] {processor.py:161} INFO - Started process (PID=35672) to work on /mnt/d/airflow/airflow_project/airflow_venv/lib/python3.12/site-packages/airflow/example_dags/example_task_group.py
[2026-04-29T09:41:15.054+0300] {processor.py:830} INFO - Processing file /mnt/d/airflow/airflow_project/airflow_venv/lib/python3.12/site-packages/airflow/example_dags/example_task_group.py for tasks to queue
[2026-04-29T09:41:15.063+0300] {logging_mixin.py:188} INFO - [2026-04-29T09:41:15.060+0300] {dagbag.py:545} INFO - Filling up the DagBag from /mnt/d/airflow/airflow_project/airflow_venv/lib/python3.12/site-packages/airflow/example_dags/example_task_group.py
[2026-04-29T09:41:15.138+0300] {processor.py:840} INFO - DAG(s) 'example_task_group' retrieved from /mnt/d/airflow/airflow_project/airflow_venv/lib/python3.12/site-packages/airflow/example_dags/example_task_group.py
[2026-04-29T09:41:15.212+0300] {logging_mixin.py:188} INFO - [2026-04-29T09:41:15.209+0300] {dag.py:3089} INFO - Sync 1 DAGs
[2026-04-29T09:41:15.320+0300] {logging_mixin.py:188} INFO - [2026-04-29T09:41:15.316+0300] {dag.py:3947} INFO - Setting next_dagrun for example_task_group to 2026-04-28 00:00:00+00:00, run_after=2026-04-29 00:00:00+00:00
[2026-04-29T09:41:15.547+0300] {processor.py:183} INFO - Processing /mnt/d/airflow/airflow_project/airflow_venv/lib/python3.12/site-packages/airflow/example_dags/example_task_group.py took 0.533 seconds
[2026-04-29T09:42:20.374+0300] {processor.py:161} INFO - Started process (PID=36029) to work on /mnt/d/airflow/airflow_project/airflow_venv/lib/python3.12/site-packages/airflow/example_dags/example_task_group.py
[2026-04-29T09:42:20.378+0300] {processor.py:830} INFO - Processing file /mnt/d/airflow/airflow_project/airflow_venv/lib/python3.12/site-packages/airflow/example_dags/example_task_group.py for tasks to queue
[2026-04-29T09:42:20.387+0300] {logging_mixin.py:188} INFO - [2026-04-29T09:42:20.384+0300] {dagbag.py:545} INFO - Filling up the DagBag from /mnt/d/airflow/airflow_project/airflow_venv/lib/python3.12/site-packages/airflow/example_dags/example_task_group.py
[2026-04-29T09:42:20.474+0300] {processor.py:840} INFO - DAG(s) 'example_task_group' retrieved from /mnt/d/airflow/airflow_project/airflow_venv/lib/python3.12/site-packages/airflow/example_dags/example_task_group.py
[2026-04-29T09:42:20.548+0300] {logging_mixin.py:188} INFO - [2026-04-29T09:42:20.545+0300] {dag.py:3089} INFO - Sync 1 DAGs
[2026-04-29T09:42:20.613+0300] {logging_mixin.py:188} INFO - [2026-04-29T09:42:20.610+0300] {dag.py:3947} INFO - Setting next_dagrun for example_task_group to 2026-04-28 00:00:00+00:00, run_after=2026-04-29 00:00:00+00:00
[2026-04-29T09:42:20.731+0300] {processor.py:183} INFO - Processing /mnt/d/airflow/airflow_project/airflow_venv/lib/python3.12/site-packages/airflow/example_dags/example_task_group.py took 0.395 seconds
[2026-04-29T09:43:24.182+0300] {processor.py:161} INFO - Started process (PID=36438) to work on /mnt/d/airflow/airflow_project/airflow_venv/lib/python3.12/site-packages/airflow/example_dags/example_task_group.py
[2026-04-29T09:43:24.187+0300] {processor.py:830} INFO - Processing file /mnt/d/airflow/airflow_project/airflow_venv/lib/python3.12/site-packages/airflow/example_dags/example_task_group.py for tasks to queue
[2026-04-29T09:43:24.195+0300] {logging_mixin.py:188} INFO - [2026-04-29T09:43:24.192+0300] {dagbag.py:545} INFO - Filling up the DagBag from /mnt/d/airflow/airflow_project/airflow_venv/lib/python3.12/site-packages/airflow/example_dags/example_task_group.py
[2026-04-29T09:43:24.259+0300] {processor.py:840} INFO - DAG(s) 'example_task_group' retrieved from /mnt/d/airflow/airflow_project/airflow_venv/lib/python3.12/site-packages/airflow/example_dags/example_task_group.py
[2026-04-29T09:43:24.302+0300] {logging_mixin.py:188} INFO - [2026-04-29T09:43:24.301+0300] {dag.py:3089} INFO - Sync 1 DAGs
[2026-04-29T09:43:24.339+0300] {logging_mixin.py:188} INFO - [2026-04-29T09:43:24.338+0300] {dag.py:3947} INFO - Setting next_dagrun for example_task_group to 2026-04-28 00:00:00+00:00, run_after=2026-04-29 00:00:00+00:00
[2026-04-29T09:43:24.414+0300] {processor.py:183} INFO - Processing /mnt/d/airflow/airflow_project/airflow_venv/lib/python3.12/site-packages/airflow/example_dags/example_task_group.py took 0.278 seconds
[2026-04-29T09:44:52.293+0300] {processor.py:161} INFO - Started process (PID=36956) to work on /mnt/d/airflow/airflow_project/airflow_venv/lib/python3.12/site-packages/airflow/example_dags/example_task_group.py
[2026-04-29T09:44:52.297+0300] {processor.py:830} INFO - Processing file /mnt/d/airflow/airflow_project/airflow_venv/lib/python3.12/site-packages/airflow/example_dags/example_task_group.py for tasks to queue
[2026-04-29T09:44:52.304+0300] {logging_mixin.py:188} INFO - [2026-04-29T09:44:52.301+0300] {dagbag.py:545} INFO - Filling up the DagBag from /mnt/d/airflow/airflow_project/airflow_venv/lib/python3.12/site-packages/airflow/example_dags/example_task_group.py
[2026-04-29T09:44:52.368+0300] {processor.py:840} INFO - DAG(s) 'example_task_group' retrieved from /mnt/d/airflow/airflow_project/airflow_venv/lib/python3.12/site-packages/airflow/example_dags/example_task_group.py
[2026-04-29T09:44:53.851+0300] {logging_mixin.py:188} INFO - [2026-04-29T09:44:53.850+0300] {dag.py:3089} INFO - Sync 1 DAGs
[2026-04-29T09:44:53.899+0300] {logging_mixin.py:188} INFO - [2026-04-29T09:44:53.897+0300] {dag.py:3947} INFO - Setting next_dagrun for example_task_group to 2026-04-28 00:00:00+00:00, run_after=2026-04-29 00:00:00+00:00
[2026-04-29T09:44:54.027+0300] {processor.py:183} INFO - Processing /mnt/d/airflow/airflow_project/airflow_venv/lib/python3.12/site-packages/airflow/example_dags/example_task_group.py took 1.768 seconds
[2026-04-29T09:46:26.632+0300] {processor.py:161} INFO - Started process (PID=37470) to work on /mnt/d/airflow/airflow_project/airflow_venv/lib/python3.12/site-packages/airflow/example_dags/example_task_group.py
[2026-04-29T09:46:26.635+0300] {processor.py:830} INFO - Processing file /mnt/d/airflow/airflow_project/airflow_venv/lib/python3.12/site-packages/airflow/example_dags/example_task_group.py for tasks to queue
[2026-04-29T09:46:26.643+0300] {logging_mixin.py:188} INFO - [2026-04-29T09:46:26.640+0300] {dagbag.py:545} INFO - Filling up the DagBag from /mnt/d/airflow/airflow_project/airflow_venv/lib/python3.12/site-packages/airflow/example_dags/example_task_group.py
[2026-04-29T09:46:26.701+0300] {processor.py:840} INFO - DAG(s) 'example_task_group' retrieved from /mnt/d/airflow/airflow_project/airflow_venv/lib/python3.12/site-packages/airflow/example_dags/example_task_group.py
[2026-04-29T09:46:26.752+0300] {logging_mixin.py:188} INFO - [2026-04-29T09:46:26.751+0300] {dag.py:3089} INFO - Sync 1 DAGs
[2026-04-29T09:46:26.804+0300] {logging_mixin.py:188} INFO - [2026-04-29T09:46:26.803+0300] {dag.py:3947} INFO - Setting next_dagrun for example_task_group to 2026-04-28 00:00:00+00:00, run_after=2026-04-29 00:00:00+00:00
[2026-04-29T09:46:26.924+0300] {processor.py:183} INFO - Processing /mnt/d/airflow/airflow_project/airflow_venv/lib/python3.12/site-packages/airflow/example_dags/example_task_group.py took 0.320 seconds
[2026-04-29T09:48:10.334+0300] {processor.py:161} INFO - Started process (PID=38051) to work on /mnt/d/airflow/airflow_project/airflow_venv/lib/python3.12/site-packages/airflow/example_dags/example_task_group.py
[2026-04-29T09:48:10.339+0300] {processor.py:830} INFO - Processing file /mnt/d/airflow/airflow_project/airflow_venv/lib/python3.12/site-packages/airflow/example_dags/example_task_group.py for tasks to queue
[2026-04-29T09:48:10.349+0300] {logging_mixin.py:188} INFO - [2026-04-29T09:48:10.345+0300] {dagbag.py:545} INFO - Filling up the DagBag from /mnt/d/airflow/airflow_project/airflow_venv/lib/python3.12/site-packages/airflow/example_dags/example_task_group.py
[2026-04-29T09:48:10.443+0300] {processor.py:840} INFO - DAG(s) 'example_task_group' retrieved from /mnt/d/airflow/airflow_project/airflow_venv/lib/python3.12/site-packages/airflow/example_dags/example_task_group.py
[2026-04-29T09:48:10.536+0300] {logging_mixin.py:188} INFO - [2026-04-29T09:48:10.532+0300] {dag.py:3089} INFO - Sync 1 DAGs
[2026-04-29T09:48:10.632+0300] {logging_mixin.py:188} INFO - [2026-04-29T09:48:10.628+0300] {dag.py:3947} INFO - Setting next_dagrun for example_task_group to 2026-04-28 00:00:00+00:00, run_after=2026-04-29 00:00:00+00:00
[2026-04-29T09:48:10.783+0300] {processor.py:183} INFO - Processing /mnt/d/airflow/airflow_project/airflow_venv/lib/python3.12/site-packages/airflow/example_dags/example_task_group.py took 0.488 seconds
[2026-04-29T09:49:22.497+0300] {processor.py:161} INFO - Started process (PID=38466) to work on /mnt/d/airflow/airflow_project/airflow_venv/lib/python3.12/site-packages/airflow/example_dags/example_task_group.py
[2026-04-29T09:49:22.502+0300] {processor.py:830} INFO - Processing file /mnt/d/airflow/airflow_project/airflow_venv/lib/python3.12/site-packages/airflow/example_dags/example_task_group.py for tasks to queue
[2026-04-29T09:49:22.510+0300] {logging_mixin.py:188} INFO - [2026-04-29T09:49:22.507+0300] {dagbag.py:545} INFO - Filling up the DagBag from /mnt/d/airflow/airflow_project/airflow_venv/lib/python3.12/site-packages/airflow/example_dags/example_task_group.py
[2026-04-29T09:49:22.588+0300] {processor.py:840} INFO - DAG(s) 'example_task_group' retrieved from /mnt/d/airflow/airflow_project/airflow_venv/lib/python3.12/site-packages/airflow/example_dags/example_task_group.py
[2026-04-29T09:49:22.678+0300] {logging_mixin.py:188} INFO - [2026-04-29T09:49:22.674+0300] {dag.py:3089} INFO - Sync 1 DAGs
[2026-04-29T09:49:22.762+0300] {logging_mixin.py:188} INFO - [2026-04-29T09:49:22.758+0300] {dag.py:3947} INFO - Setting next_dagrun for example_task_group to 2026-04-28 00:00:00+00:00, run_after=2026-04-29 00:00:00+00:00
[2026-04-29T09:49:22.922+0300] {processor.py:183} INFO - Processing /mnt/d/airflow/airflow_project/airflow_venv/lib/python3.12/site-packages/airflow/example_dags/example_task_group.py took 0.460 seconds
[2026-04-29T09:50:32.877+0300] {processor.py:161} INFO - Started process (PID=38850) to work on /mnt/d/airflow/airflow_project/airflow_venv/lib/python3.12/site-packages/airflow/example_dags/example_task_group.py
[2026-04-29T09:50:32.880+0300] {processor.py:830} INFO - Processing file /mnt/d/airflow/airflow_project/airflow_venv/lib/python3.12/site-packages/airflow/example_dags/example_task_group.py for tasks to queue
[2026-04-29T09:50:32.890+0300] {logging_mixin.py:188} INFO - [2026-04-29T09:50:32.887+0300] {dagbag.py:545} INFO - Filling up the DagBag from /mnt/d/airflow/airflow_project/airflow_venv/lib/python3.12/site-packages/airflow/example_dags/example_task_group.py
[2026-04-29T09:50:32.950+0300] {processor.py:840} INFO - DAG(s) 'example_task_group' retrieved from /mnt/d/airflow/airflow_project/airflow_venv/lib/python3.12/site-packages/airflow/example_dags/example_task_group.py
[2026-04-29T09:50:33.019+0300] {logging_mixin.py:188} INFO - [2026-04-29T09:50:33.013+0300] {dag.py:3089} INFO - Sync 1 DAGs
[2026-04-29T09:50:33.085+0300] {logging_mixin.py:188} INFO - [2026-04-29T09:50:33.083+0300] {dag.py:3947} INFO - Setting next_dagrun for example_task_group to 2026-04-28 00:00:00+00:00, run_after=2026-04-29 00:00:00+00:00
[2026-04-29T09:50:33.230+0300] {processor.py:183} INFO - Processing /mnt/d/airflow/airflow_project/airflow_venv/lib/python3.12/site-packages/airflow/example_dags/example_task_group.py took 0.384 seconds
[2026-04-29T09:51:42.162+0300] {processor.py:161} INFO - Started process (PID=39257) to work on /mnt/d/airflow/airflow_project/airflow_venv/lib/python3.12/site-packages/airflow/example_dags/example_task_group.py
[2026-04-29T09:51:42.168+0300] {processor.py:830} INFO - Processing file /mnt/d/airflow/airflow_project/airflow_venv/lib/python3.12/site-packages/airflow/example_dags/example_task_group.py for tasks to queue
[2026-04-29T09:51:42.175+0300] {logging_mixin.py:188} INFO - [2026-04-29T09:51:42.173+0300] {dagbag.py:545} INFO - Filling up the DagBag from /mnt/d/airflow/airflow_project/airflow_venv/lib/python3.12/site-packages/airflow/example_dags/example_task_group.py
[2026-04-29T09:51:42.216+0300] {processor.py:840} INFO - DAG(s) 'example_task_group' retrieved from /mnt/d/airflow/airflow_project/airflow_venv/lib/python3.12/site-packages/airflow/example_dags/example_task_group.py
[2026-04-29T09:51:42.280+0300] {logging_mixin.py:188} INFO - [2026-04-29T09:51:42.278+0300] {dag.py:3089} INFO - Sync 1 DAGs
[2026-04-29T09:51:42.374+0300] {logging_mixin.py:188} INFO - [2026-04-29T09:51:42.369+0300] {dag.py:3947} INFO - Setting next_dagrun for example_task_group to 2026-04-28 00:00:00+00:00, run_after=2026-04-29 00:00:00+00:00
[2026-04-29T09:51:42.771+0300] {processor.py:183} INFO - Processing /mnt/d/airflow/airflow_project/airflow_venv/lib/python3.12/site-packages/airflow/example_dags/example_task_group.py took 0.643 seconds
[2026-04-29T09:54:11.205+0300] {processor.py:161} INFO - Started process (PID=40081) to work on /mnt/d/airflow/airflow_project/airflow_venv/lib/python3.12/site-packages/airflow/example_dags/example_task_group.py
[2026-04-29T09:54:11.208+0300] {processor.py:830} INFO - Processing file /mnt/d/airflow/airflow_project/airflow_venv/lib/python3.12/site-packages/airflow/example_dags/example_task_group.py for tasks to queue
[2026-04-29T09:54:11.214+0300] {logging_mixin.py:188} INFO - [2026-04-29T09:54:11.212+0300] {dagbag.py:545} INFO - Filling up the DagBag from /mnt/d/airflow/airflow_project/airflow_venv/lib/python3.12/site-packages/airflow/example_dags/example_task_group.py
[2026-04-29T09:54:11.255+0300] {processor.py:840} INFO - DAG(s) 'example_task_group' retrieved from /mnt/d/airflow/airflow_project/airflow_venv/lib/python3.12/site-packages/airflow/example_dags/example_task_group.py
[2026-04-29T09:54:11.298+0300] {logging_mixin.py:188} INFO - [2026-04-29T09:54:11.297+0300] {dag.py:3089} INFO - Sync 1 DAGs
[2026-04-29T09:54:11.337+0300] {logging_mixin.py:188} INFO - [2026-04-29T09:54:11.336+0300] {dag.py:3947} INFO - Setting next_dagrun for example_task_group to 2026-04-28 00:00:00+00:00, run_after=2026-04-29 00:00:00+00:00
[2026-04-29T09:54:11.433+0300] {processor.py:183} INFO - Processing /mnt/d/airflow/airflow_project/airflow_venv/lib/python3.12/site-packages/airflow/example_dags/example_task_group.py took 0.252 seconds
[2026-04-29T09:55:53.540+0300] {processor.py:161} INFO - Started process (PID=40683) to work on /mnt/d/airflow/airflow_project/airflow_venv/lib/python3.12/site-packages/airflow/example_dags/example_task_group.py
[2026-04-29T09:55:53.542+0300] {processor.py:830} INFO - Processing file /mnt/d/airflow/airflow_project/airflow_venv/lib/python3.12/site-packages/airflow/example_dags/example_task_group.py for tasks to queue
[2026-04-29T09:55:53.546+0300] {logging_mixin.py:188} INFO - [2026-04-29T09:55:53.545+0300] {dagbag.py:545} INFO - Filling up the DagBag from /mnt/d/airflow/airflow_project/airflow_venv/lib/python3.12/site-packages/airflow/example_dags/example_task_group.py
[2026-04-29T09:55:53.574+0300] {processor.py:840} INFO - DAG(s) 'example_task_group' retrieved from /mnt/d/airflow/airflow_project/airflow_venv/lib/python3.12/site-packages/airflow/example_dags/example_task_group.py
[2026-04-29T09:55:53.608+0300] {logging_mixin.py:188} INFO - [2026-04-29T09:55:53.607+0300] {dag.py:3089} INFO - Sync 1 DAGs
[2026-04-29T09:55:53.643+0300] {logging_mixin.py:188} INFO - [2026-04-29T09:55:53.642+0300] {dag.py:3947} INFO - Setting next_dagrun for example_task_group to 2026-04-28 00:00:00+00:00, run_after=2026-04-29 00:00:00+00:00
[2026-04-29T09:55:53.781+0300] {processor.py:183} INFO - Processing /mnt/d/airflow/airflow_project/airflow_venv/lib/python3.12/site-packages/airflow/example_dags/example_task_group.py took 0.262 seconds
[2026-04-29T09:58:52.686+0300] {processor.py:161} INFO - Started process (PID=41719) to work on /mnt/d/airflow/airflow_project/airflow_venv/lib/python3.12/site-packages/airflow/example_dags/example_task_group.py
[2026-04-29T09:58:52.690+0300] {processor.py:830} INFO - Processing file /mnt/d/airflow/airflow_project/airflow_venv/lib/python3.12/site-packages/airflow/example_dags/example_task_group.py for tasks to queue
[2026-04-29T09:58:52.697+0300] {logging_mixin.py:188} INFO - [2026-04-29T09:58:52.695+0300] {dagbag.py:545} INFO - Filling up the DagBag from /mnt/d/airflow/airflow_project/airflow_venv/lib/python3.12/site-packages/airflow/example_dags/example_task_group.py
[2026-04-29T09:58:52.755+0300] {processor.py:840} INFO - DAG(s) 'example_task_group' retrieved from /mnt/d/airflow/airflow_project/airflow_venv/lib/python3.12/site-packages/airflow/example_dags/example_task_group.py
[2026-04-29T09:58:52.812+0300] {logging_mixin.py:188} INFO - [2026-04-29T09:58:52.810+0300] {dag.py:3089} INFO - Sync 1 DAGs
[2026-04-29T09:58:52.865+0300] {logging_mixin.py:188} INFO - [2026-04-29T09:58:52.863+0300] {dag.py:3947} INFO - Setting next_dagrun for example_task_group to 2026-04-28 00:00:00+00:00, run_after=2026-04-29 00:00:00+00:00
[2026-04-29T09:58:53.045+0300] {processor.py:183} INFO - Processing /mnt/d/airflow/airflow_project/airflow_venv/lib/python3.12/site-packages/airflow/example_dags/example_task_group.py took 0.392 seconds
[2026-04-29T10:00:29.472+0300] {processor.py:161} INFO - Started process (PID=42247) to work on /mnt/d/airflow/airflow_project/airflow_venv/lib/python3.12/site-packages/airflow/example_dags/example_task_group.py
[2026-04-29T10:00:29.477+0300] {processor.py:830} INFO - Processing file /mnt/d/airflow/airflow_project/airflow_venv/lib/python3.12/site-packages/airflow/example_dags/example_task_group.py for tasks to queue
[2026-04-29T10:00:29.485+0300] {logging_mixin.py:188} INFO - [2026-04-29T10:00:29.482+0300] {dagbag.py:545} INFO - Filling up the DagBag from /mnt/d/airflow/airflow_project/airflow_venv/lib/python3.12/site-packages/airflow/example_dags/example_task_group.py
[2026-04-29T10:00:29.559+0300] {processor.py:840} INFO - DAG(s) 'example_task_group' retrieved from /mnt/d/airflow/airflow_project/airflow_venv/lib/python3.12/site-packages/airflow/example_dags/example_task_group.py
[2026-04-29T10:00:29.626+0300] {logging_mixin.py:188} INFO - [2026-04-29T10:00:29.624+0300] {dag.py:3089} INFO - Sync 1 DAGs
[2026-04-29T10:00:29.773+0300] {logging_mixin.py:188} INFO - [2026-04-29T10:00:29.771+0300] {dag.py:3947} INFO - Setting next_dagrun for example_task_group to 2026-04-28 00:00:00+00:00, run_after=2026-04-29 00:00:00+00:00
[2026-04-29T10:00:29.906+0300] {processor.py:183} INFO - Processing /mnt/d/airflow/airflow_project/airflow_venv/lib/python3.12/site-packages/airflow/example_dags/example_task_group.py took 0.466 seconds
[2026-04-29T10:02:45.034+0300] {processor.py:161} INFO - Started process (PID=42979) to work on /mnt/d/airflow/airflow_project/airflow_venv/lib/python3.12/site-packages/airflow/example_dags/example_task_group.py
[2026-04-29T10:02:45.039+0300] {processor.py:830} INFO - Processing file /mnt/d/airflow/airflow_project/airflow_venv/lib/python3.12/site-packages/airflow/example_dags/example_task_group.py for tasks to queue
[2026-04-29T10:02:45.047+0300] {logging_mixin.py:188} INFO - [2026-04-29T10:02:45.044+0300] {dagbag.py:545} INFO - Filling up the DagBag from /mnt/d/airflow/airflow_project/airflow_venv/lib/python3.12/site-packages/airflow/example_dags/example_task_group.py
[2026-04-29T10:02:45.114+0300] {processor.py:840} INFO - DAG(s) 'example_task_group' retrieved from /mnt/d/airflow/airflow_project/airflow_venv/lib/python3.12/site-packages/airflow/example_dags/example_task_group.py
[2026-04-29T10:02:45.183+0300] {logging_mixin.py:188} INFO - [2026-04-29T10:02:45.180+0300] {dag.py:3089} INFO - Sync 1 DAGs
[2026-04-29T10:02:45.240+0300] {logging_mixin.py:188} INFO - [2026-04-29T10:02:45.237+0300] {dag.py:3947} INFO - Setting next_dagrun for example_task_group to 2026-04-28 00:00:00+00:00, run_after=2026-04-29 00:00:00+00:00
[2026-04-29T10:02:45.351+0300] {processor.py:183} INFO - Processing /mnt/d/airflow/airflow_project/airflow_venv/lib/python3.12/site-packages/airflow/example_dags/example_task_group.py took 0.347 seconds
[2026-04-29T10:04:27.845+0300] {processor.py:161} INFO - Started process (PID=43581) to work on /mnt/d/airflow/airflow_project/airflow_venv/lib/python3.12/site-packages/airflow/example_dags/example_task_group.py
[2026-04-29T10:04:27.847+0300] {processor.py:830} INFO - Processing file /mnt/d/airflow/airflow_project/airflow_venv/lib/python3.12/site-packages/airflow/example_dags/example_task_group.py for tasks to queue
[2026-04-29T10:04:27.851+0300] {logging_mixin.py:188} INFO - [2026-04-29T10:04:27.849+0300] {dagbag.py:545} INFO - Filling up the DagBag from /mnt/d/airflow/airflow_project/airflow_venv/lib/python3.12/site-packages/airflow/example_dags/example_task_group.py
[2026-04-29T10:04:27.897+0300] {processor.py:840} INFO - DAG(s) 'example_task_group' retrieved from /mnt/d/airflow/airflow_project/airflow_venv/lib/python3.12/site-packages/airflow/example_dags/example_task_group.py
[2026-04-29T10:04:27.949+0300] {logging_mixin.py:188} INFO - [2026-04-29T10:04:27.947+0300] {dag.py:3089} INFO - Sync 1 DAGs
[2026-04-29T10:04:28.127+0300] {logging_mixin.py:188} INFO - [2026-04-29T10:04:28.125+0300] {dag.py:3947} INFO - Setting next_dagrun for example_task_group to 2026-04-28 00:00:00+00:00, run_after=2026-04-29 00:00:00+00:00
[2026-04-29T10:04:28.205+0300] {processor.py:183} INFO - Processing /mnt/d/airflow/airflow_project/airflow_venv/lib/python3.12/site-packages/airflow/example_dags/example_task_group.py took 0.383 seconds
[2026-04-29T10:05:32.432+0300] {processor.py:161} INFO - Started process (PID=43940) to work on /mnt/d/airflow/airflow_project/airflow_venv/lib/python3.12/site-packages/airflow/example_dags/example_task_group.py
[2026-04-29T10:05:32.435+0300] {processor.py:830} INFO - Processing file /mnt/d/airflow/airflow_project/airflow_venv/lib/python3.12/site-packages/airflow/example_dags/example_task_group.py for tasks to queue
[2026-04-29T10:05:32.440+0300] {logging_mixin.py:188} INFO - [2026-04-29T10:05:32.438+0300] {dagbag.py:545} INFO - Filling up the DagBag from /mnt/d/airflow/airflow_project/airflow_venv/lib/python3.12/site-packages/airflow/example_dags/example_task_group.py
[2026-04-29T10:05:32.472+0300] {processor.py:840} INFO - DAG(s) 'example_task_group' retrieved from /mnt/d/airflow/airflow_project/airflow_venv/lib/python3.12/site-packages/airflow/example_dags/example_task_group.py
[2026-04-29T10:05:32.516+0300] {logging_mixin.py:188} INFO - [2026-04-29T10:05:32.515+0300] {dag.py:3089} INFO - Sync 1 DAGs
[2026-04-29T10:05:32.556+0300] {logging_mixin.py:188} INFO - [2026-04-29T10:05:32.554+0300] {dag.py:3947} INFO - Setting next_dagrun for example_task_group to 2026-04-28 00:00:00+00:00, run_after=2026-04-29 00:00:00+00:00
[2026-04-29T10:05:32.658+0300] {processor.py:183} INFO - Processing /mnt/d/airflow/airflow_project/airflow_venv/lib/python3.12/site-packages/airflow/example_dags/example_task_group.py took 0.244 seconds
[2026-04-29T10:06:39.597+0300] {processor.py:161} INFO - Started process (PID=44313) to work on /mnt/d/airflow/airflow_project/airflow_venv/lib/python3.12/site-packages/airflow/example_dags/example_task_group.py
[2026-04-29T10:06:39.600+0300] {processor.py:830} INFO - Processing file /mnt/d/airflow/airflow_project/airflow_venv/lib/python3.12/site-packages/airflow/example_dags/example_task_group.py for tasks to queue
[2026-04-29T10:06:39.606+0300] {logging_mixin.py:188} INFO - [2026-04-29T10:06:39.603+0300] {dagbag.py:545} INFO - Filling up the DagBag from /mnt/d/airflow/airflow_project/airflow_venv/lib/python3.12/site-packages/airflow/example_dags/example_task_group.py
[2026-04-29T10:06:39.654+0300] {processor.py:840} INFO - DAG(s) 'example_task_group' retrieved from /mnt/d/airflow/airflow_project/airflow_venv/lib/python3.12/site-packages/airflow/example_dags/example_task_group.py
[2026-04-29T10:06:39.708+0300] {logging_mixin.py:188} INFO - [2026-04-29T10:06:39.706+0300] {dag.py:3089} INFO - Sync 1 DAGs
[2026-04-29T10:06:39.761+0300] {logging_mixin.py:188} INFO - [2026-04-29T10:06:39.759+0300] {dag.py:3947} INFO - Setting next_dagrun for example_task_group to 2026-04-28 00:00:00+00:00, run_after=2026-04-29 00:00:00+00:00
[2026-04-29T10:06:40.048+0300] {processor.py:183} INFO - Processing /mnt/d/airflow/airflow_project/airflow_venv/lib/python3.12/site-packages/airflow/example_dags/example_task_group.py took 0.472 seconds
[2026-04-29T10:07:48.741+0300] {processor.py:161} INFO - Started process (PID=44704) to work on /mnt/d/airflow/airflow_project/airflow_venv/lib/python3.12/site-packages/airflow/example_dags/example_task_group.py
[2026-04-29T10:07:48.754+0300] {processor.py:830} INFO - Processing file /mnt/d/airflow/airflow_project/airflow_venv/lib/python3.12/site-packages/airflow/example_dags/example_task_group.py for tasks to queue
[2026-04-29T10:07:48.758+0300] {logging_mixin.py:188} INFO - [2026-04-29T10:07:48.757+0300] {dagbag.py:545} INFO - Filling up the DagBag from /mnt/d/airflow/airflow_project/airflow_venv/lib/python3.12/site-packages/airflow/example_dags/example_task_group.py
[2026-04-29T10:07:48.797+0300] {processor.py:840} INFO - DAG(s) 'example_task_group' retrieved from /mnt/d/airflow/airflow_project/airflow_venv/lib/python3.12/site-packages/airflow/example_dags/example_task_group.py
[2026-04-29T10:07:48.977+0300] {logging_mixin.py:188} INFO - [2026-04-29T10:07:48.975+0300] {dag.py:3089} INFO - Sync 1 DAGs
[2026-04-29T10:07:49.028+0300] {logging_mixin.py:188} INFO - [2026-04-29T10:07:49.025+0300] {dag.py:3947} INFO - Setting next_dagrun for example_task_group to 2026-04-28 00:00:00+00:00, run_after=2026-04-29 00:00:00+00:00
[2026-04-29T10:07:49.169+0300] {processor.py:183} INFO - Processing /mnt/d/airflow/airflow_project/airflow_venv/lib/python3.12/site-packages/airflow/example_dags/example_task_group.py took 0.444 seconds
[2026-04-29T10:08:50.912+0300] {processor.py:161} INFO - Started process (PID=45050) to work on /mnt/d/airflow/airflow_project/airflow_venv/lib/python3.12/site-packages/airflow/example_dags/example_task_group.py
[2026-04-29T10:08:50.918+0300] {processor.py:830} INFO - Processing file /mnt/d/airflow/airflow_project/airflow_venv/lib/python3.12/site-packages/airflow/example_dags/example_task_group.py for tasks to queue
[2026-04-29T10:08:50.923+0300] {logging_mixin.py:188} INFO - [2026-04-29T10:08:50.921+0300] {dagbag.py:545} INFO - Filling up the DagBag from /mnt/d/airflow/airflow_project/airflow_venv/lib/python3.12/site-packages/airflow/example_dags/example_task_group.py
[2026-04-29T10:08:50.961+0300] {processor.py:840} INFO - DAG(s) 'example_task_group' retrieved from /mnt/d/airflow/airflow_project/airflow_venv/lib/python3.12/site-packages/airflow/example_dags/example_task_group.py
[2026-04-29T10:08:51.006+0300] {logging_mixin.py:188} INFO - [2026-04-29T10:08:51.005+0300] {dag.py:3089} INFO - Sync 1 DAGs
[2026-04-29T10:08:51.046+0300] {logging_mixin.py:188} INFO - [2026-04-29T10:08:51.045+0300] {dag.py:3947} INFO - Setting next_dagrun for example_task_group to 2026-04-28 00:00:00+00:00, run_after=2026-04-29 00:00:00+00:00
[2026-04-29T10:08:51.113+0300] {processor.py:183} INFO - Processing /mnt/d/airflow/airflow_project/airflow_venv/lib/python3.12/site-packages/airflow/example_dags/example_task_group.py took 0.222 seconds
[2026-04-29T10:10:56.325+0300] {processor.py:161} INFO - Started process (PID=45742) to work on /mnt/d/airflow/airflow_project/airflow_venv/lib/python3.12/site-packages/airflow/example_dags/example_task_group.py
[2026-04-29T10:10:56.331+0300] {processor.py:830} INFO - Processing file /mnt/d/airflow/airflow_project/airflow_venv/lib/python3.12/site-packages/airflow/example_dags/example_task_group.py for tasks to queue
[2026-04-29T10:10:56.340+0300] {logging_mixin.py:188} INFO - [2026-04-29T10:10:56.337+0300] {dagbag.py:545} INFO - Filling up the DagBag from /mnt/d/airflow/airflow_project/airflow_venv/lib/python3.12/site-packages/airflow/example_dags/example_task_group.py
[2026-04-29T10:10:56.417+0300] {processor.py:840} INFO - DAG(s) 'example_task_group' retrieved from /mnt/d/airflow/airflow_project/airflow_venv/lib/python3.12/site-packages/airflow/example_dags/example_task_group.py
[2026-04-29T10:10:56.500+0300] {logging_mixin.py:188} INFO - [2026-04-29T10:10:56.497+0300] {dag.py:3089} INFO - Sync 1 DAGs
[2026-04-29T10:10:56.558+0300] {logging_mixin.py:188} INFO - [2026-04-29T10:10:56.557+0300] {dag.py:3947} INFO - Setting next_dagrun for example_task_group to 2026-04-28 00:00:00+00:00, run_after=2026-04-29 00:00:00+00:00
[2026-04-29T10:10:56.745+0300] {processor.py:183} INFO - Processing /mnt/d/airflow/airflow_project/airflow_venv/lib/python3.12/site-packages/airflow/example_dags/example_task_group.py took 0.457 seconds
[2026-04-29T10:12:07.742+0300] {processor.py:161} INFO - Started process (PID=46123) to work on /mnt/d/airflow/airflow_project/airflow_venv/lib/python3.12/site-packages/airflow/example_dags/example_task_group.py
[2026-04-29T10:12:07.746+0300] {processor.py:830} INFO - Processing file /mnt/d/airflow/airflow_project/airflow_venv/lib/python3.12/site-packages/airflow/example_dags/example_task_group.py for tasks to queue
[2026-04-29T10:12:07.753+0300] {logging_mixin.py:188} INFO - [2026-04-29T10:12:07.751+0300] {dagbag.py:545} INFO - Filling up the DagBag from /mnt/d/airflow/airflow_project/airflow_venv/lib/python3.12/site-packages/airflow/example_dags/example_task_group.py
[2026-04-29T10:12:07.825+0300] {processor.py:840} INFO - DAG(s) 'example_task_group' retrieved from /mnt/d/airflow/airflow_project/airflow_venv/lib/python3.12/site-packages/airflow/example_dags/example_task_group.py
[2026-04-29T10:12:07.886+0300] {logging_mixin.py:188} INFO - [2026-04-29T10:12:07.883+0300] {dag.py:3089} INFO - Sync 1 DAGs
[2026-04-29T10:12:07.931+0300] {logging_mixin.py:188} INFO - [2026-04-29T10:12:07.930+0300] {dag.py:3947} INFO - Setting next_dagrun for example_task_group to 2026-04-28 00:00:00+00:00, run_after=2026-04-29 00:00:00+00:00
[2026-04-29T10:12:08.155+0300] {processor.py:183} INFO - Processing /mnt/d/airflow/airflow_project/airflow_venv/lib/python3.12/site-packages/airflow/example_dags/example_task_group.py took 0.435 seconds
[2026-04-29T10:13:06.306+0300] {processor.py:161} INFO - Started process (PID=46471) to work on /mnt/d/airflow/airflow_project/airflow_venv/lib/python3.12/site-packages/airflow/example_dags/example_task_group.py
[2026-04-29T10:13:06.308+0300] {processor.py:830} INFO - Processing file /mnt/d/airflow/airflow_project/airflow_venv/lib/python3.12/site-packages/airflow/example_dags/example_task_group.py for tasks to queue
[2026-04-29T10:13:06.995+0300] {logging_mixin.py:188} INFO - [2026-04-29T10:13:06.994+0300] {dagbag.py:545} INFO - Filling up the DagBag from /mnt/d/airflow/airflow_project/airflow_venv/lib/python3.12/site-packages/airflow/example_dags/example_task_group.py
[2026-04-29T10:13:07.038+0300] {processor.py:840} INFO - DAG(s) 'example_task_group' retrieved from /mnt/d/airflow/airflow_project/airflow_venv/lib/python3.12/site-packages/airflow/example_dags/example_task_group.py
[2026-04-29T10:13:07.082+0300] {logging_mixin.py:188} INFO - [2026-04-29T10:13:07.081+0300] {dag.py:3089} INFO - Sync 1 DAGs
[2026-04-29T10:13:07.116+0300] {logging_mixin.py:188} INFO - [2026-04-29T10:13:07.115+0300] {dag.py:3947} INFO - Setting next_dagrun for example_task_group to 2026-04-28 00:00:00+00:00, run_after=2026-04-29 00:00:00+00:00
[2026-04-29T10:13:07.202+0300] {processor.py:183} INFO - Processing /mnt/d/airflow/airflow_project/airflow_venv/lib/python3.12/site-packages/airflow/example_dags/example_task_group.py took 0.238 seconds
