[2026-04-29T09:15:13.215+0300] {processor.py:161} INFO - Started process (PID=26535) to work on /mnt/d/airflow/airflow_project/airflow_venv/lib/python3.12/site-packages/airflow/example_dags/example_setup_teardown_taskflow.py
[2026-04-29T09:15:13.217+0300] {processor.py:830} INFO - Processing file /mnt/d/airflow/airflow_project/airflow_venv/lib/python3.12/site-packages/airflow/example_dags/example_setup_teardown_taskflow.py for tasks to queue
[2026-04-29T09:15:13.220+0300] {logging_mixin.py:188} INFO - [2026-04-29T09:15:13.219+0300] {dagbag.py:545} INFO - Filling up the DagBag from /mnt/d/airflow/airflow_project/airflow_venv/lib/python3.12/site-packages/airflow/example_dags/example_setup_teardown_taskflow.py
[2026-04-29T09:15:13.246+0300] {processor.py:840} INFO - DAG(s) 'example_setup_teardown_taskflow' retrieved from /mnt/d/airflow/airflow_project/airflow_venv/lib/python3.12/site-packages/airflow/example_dags/example_setup_teardown_taskflow.py
[2026-04-29T09:15:14.511+0300] {logging_mixin.py:188} INFO - [2026-04-29T09:15:14.509+0300] {override.py:1858} INFO - Created Permission View: can edit on DAG:example_setup_teardown_taskflow
[2026-04-29T09:15:14.578+0300] {logging_mixin.py:188} INFO - [2026-04-29T09:15:14.576+0300] {override.py:1858} INFO - Created Permission View: can delete on DAG:example_setup_teardown_taskflow
[2026-04-29T09:15:14.627+0300] {logging_mixin.py:188} INFO - [2026-04-29T09:15:14.626+0300] {override.py:1858} INFO - Created Permission View: can read on DAG:example_setup_teardown_taskflow
[2026-04-29T09:15:14.629+0300] {logging_mixin.py:188} INFO - [2026-04-29T09:15:14.628+0300] {dag.py:3089} INFO - Sync 1 DAGs
[2026-04-29T09:15:14.643+0300] {logging_mixin.py:188} INFO - [2026-04-29T09:15:14.642+0300] {dag.py:3111} INFO - Creating ORM DAG for example_setup_teardown_taskflow
[2026-04-29T09:15:14.661+0300] {logging_mixin.py:188} INFO - [2026-04-29T09:15:14.660+0300] {dag.py:3947} INFO - Setting next_dagrun for example_setup_teardown_taskflow to 2026-04-28 00:00:00+00:00, run_after=2026-04-29 00:00:00+00:00
[2026-04-29T09:15:14.857+0300] {processor.py:183} INFO - Processing /mnt/d/airflow/airflow_project/airflow_venv/lib/python3.12/site-packages/airflow/example_dags/example_setup_teardown_taskflow.py took 1.654 seconds
[2026-04-29T09:17:27.484+0300] {processor.py:161} INFO - Started process (PID=27289) to work on /mnt/d/airflow/airflow_project/airflow_venv/lib/python3.12/site-packages/airflow/example_dags/example_setup_teardown_taskflow.py
[2026-04-29T09:17:27.488+0300] {processor.py:830} INFO - Processing file /mnt/d/airflow/airflow_project/airflow_venv/lib/python3.12/site-packages/airflow/example_dags/example_setup_teardown_taskflow.py for tasks to queue
[2026-04-29T09:17:27.495+0300] {logging_mixin.py:188} INFO - [2026-04-29T09:17:27.492+0300] {dagbag.py:545} INFO - Filling up the DagBag from /mnt/d/airflow/airflow_project/airflow_venv/lib/python3.12/site-packages/airflow/example_dags/example_setup_teardown_taskflow.py
[2026-04-29T09:17:27.569+0300] {processor.py:840} INFO - DAG(s) 'example_setup_teardown_taskflow' retrieved from /mnt/d/airflow/airflow_project/airflow_venv/lib/python3.12/site-packages/airflow/example_dags/example_setup_teardown_taskflow.py
[2026-04-29T09:17:28.272+0300] {logging_mixin.py:188} INFO - [2026-04-29T09:17:28.269+0300] {dag.py:3089} INFO - Sync 1 DAGs
[2026-04-29T09:17:28.328+0300] {logging_mixin.py:188} INFO - [2026-04-29T09:17:28.327+0300] {dag.py:3947} INFO - Setting next_dagrun for example_setup_teardown_taskflow to 2026-04-28 00:00:00+00:00, run_after=2026-04-29 00:00:00+00:00
[2026-04-29T09:17:28.494+0300] {processor.py:183} INFO - Processing /mnt/d/airflow/airflow_project/airflow_venv/lib/python3.12/site-packages/airflow/example_dags/example_setup_teardown_taskflow.py took 0.409 seconds
[2026-04-29T09:18:40.606+0300] {processor.py:161} INFO - Started process (PID=27729) to work on /mnt/d/airflow/airflow_project/airflow_venv/lib/python3.12/site-packages/airflow/example_dags/example_setup_teardown_taskflow.py
[2026-04-29T09:18:40.610+0300] {processor.py:830} INFO - Processing file /mnt/d/airflow/airflow_project/airflow_venv/lib/python3.12/site-packages/airflow/example_dags/example_setup_teardown_taskflow.py for tasks to queue
[2026-04-29T09:18:40.619+0300] {logging_mixin.py:188} INFO - [2026-04-29T09:18:40.616+0300] {dagbag.py:545} INFO - Filling up the DagBag from /mnt/d/airflow/airflow_project/airflow_venv/lib/python3.12/site-packages/airflow/example_dags/example_setup_teardown_taskflow.py
[2026-04-29T09:18:40.705+0300] {processor.py:840} INFO - DAG(s) 'example_setup_teardown_taskflow' retrieved from /mnt/d/airflow/airflow_project/airflow_venv/lib/python3.12/site-packages/airflow/example_dags/example_setup_teardown_taskflow.py
[2026-04-29T09:18:40.775+0300] {logging_mixin.py:188} INFO - [2026-04-29T09:18:40.772+0300] {dag.py:3089} INFO - Sync 1 DAGs
[2026-04-29T09:18:40.827+0300] {logging_mixin.py:188} INFO - [2026-04-29T09:18:40.825+0300] {dag.py:3947} INFO - Setting next_dagrun for example_setup_teardown_taskflow to 2026-04-28 00:00:00+00:00, run_after=2026-04-29 00:00:00+00:00
[2026-04-29T09:18:40.931+0300] {processor.py:183} INFO - Processing /mnt/d/airflow/airflow_project/airflow_venv/lib/python3.12/site-packages/airflow/example_dags/example_setup_teardown_taskflow.py took 0.357 seconds
[2026-04-29T09:20:59.221+0300] {processor.py:161} INFO - Started process (PID=28540) to work on /mnt/d/airflow/airflow_project/airflow_venv/lib/python3.12/site-packages/airflow/example_dags/example_setup_teardown_taskflow.py
[2026-04-29T09:20:59.226+0300] {processor.py:830} INFO - Processing file /mnt/d/airflow/airflow_project/airflow_venv/lib/python3.12/site-packages/airflow/example_dags/example_setup_teardown_taskflow.py for tasks to queue
[2026-04-29T09:20:59.235+0300] {logging_mixin.py:188} INFO - [2026-04-29T09:20:59.231+0300] {dagbag.py:545} INFO - Filling up the DagBag from /mnt/d/airflow/airflow_project/airflow_venv/lib/python3.12/site-packages/airflow/example_dags/example_setup_teardown_taskflow.py
[2026-04-29T09:20:59.308+0300] {processor.py:840} INFO - DAG(s) 'example_setup_teardown_taskflow' retrieved from /mnt/d/airflow/airflow_project/airflow_venv/lib/python3.12/site-packages/airflow/example_dags/example_setup_teardown_taskflow.py
[2026-04-29T09:20:59.376+0300] {logging_mixin.py:188} INFO - [2026-04-29T09:20:59.373+0300] {dag.py:3089} INFO - Sync 1 DAGs
[2026-04-29T09:20:59.438+0300] {logging_mixin.py:188} INFO - [2026-04-29T09:20:59.435+0300] {dag.py:3947} INFO - Setting next_dagrun for example_setup_teardown_taskflow to 2026-04-28 00:00:00+00:00, run_after=2026-04-29 00:00:00+00:00
[2026-04-29T09:20:59.639+0300] {processor.py:183} INFO - Processing /mnt/d/airflow/airflow_project/airflow_venv/lib/python3.12/site-packages/airflow/example_dags/example_setup_teardown_taskflow.py took 0.450 seconds
[2026-04-29T09:22:03.729+0300] {processor.py:161} INFO - Started process (PID=28909) to work on /mnt/d/airflow/airflow_project/airflow_venv/lib/python3.12/site-packages/airflow/example_dags/example_setup_teardown_taskflow.py
[2026-04-29T09:22:03.731+0300] {processor.py:830} INFO - Processing file /mnt/d/airflow/airflow_project/airflow_venv/lib/python3.12/site-packages/airflow/example_dags/example_setup_teardown_taskflow.py for tasks to queue
[2026-04-29T09:22:03.736+0300] {logging_mixin.py:188} INFO - [2026-04-29T09:22:03.733+0300] {dagbag.py:545} INFO - Filling up the DagBag from /mnt/d/airflow/airflow_project/airflow_venv/lib/python3.12/site-packages/airflow/example_dags/example_setup_teardown_taskflow.py
[2026-04-29T09:22:03.771+0300] {processor.py:840} INFO - DAG(s) 'example_setup_teardown_taskflow' retrieved from /mnt/d/airflow/airflow_project/airflow_venv/lib/python3.12/site-packages/airflow/example_dags/example_setup_teardown_taskflow.py
[2026-04-29T09:22:03.799+0300] {logging_mixin.py:188} INFO - [2026-04-29T09:22:03.799+0300] {dag.py:3089} INFO - Sync 1 DAGs
[2026-04-29T09:22:03.834+0300] {logging_mixin.py:188} INFO - [2026-04-29T09:22:03.833+0300] {dag.py:3947} INFO - Setting next_dagrun for example_setup_teardown_taskflow to 2026-04-28 00:00:00+00:00, run_after=2026-04-29 00:00:00+00:00
[2026-04-29T09:22:03.932+0300] {processor.py:183} INFO - Processing /mnt/d/airflow/airflow_project/airflow_venv/lib/python3.12/site-packages/airflow/example_dags/example_setup_teardown_taskflow.py took 0.212 seconds
[2026-04-29T09:24:03.414+0300] {processor.py:161} INFO - Started process (PID=29611) to work on /mnt/d/airflow/airflow_project/airflow_venv/lib/python3.12/site-packages/airflow/example_dags/example_setup_teardown_taskflow.py
[2026-04-29T09:24:03.419+0300] {processor.py:830} INFO - Processing file /mnt/d/airflow/airflow_project/airflow_venv/lib/python3.12/site-packages/airflow/example_dags/example_setup_teardown_taskflow.py for tasks to queue
[2026-04-29T09:24:03.427+0300] {logging_mixin.py:188} INFO - [2026-04-29T09:24:03.424+0300] {dagbag.py:545} INFO - Filling up the DagBag from /mnt/d/airflow/airflow_project/airflow_venv/lib/python3.12/site-packages/airflow/example_dags/example_setup_teardown_taskflow.py
[2026-04-29T09:24:03.510+0300] {processor.py:840} INFO - DAG(s) 'example_setup_teardown_taskflow' retrieved from /mnt/d/airflow/airflow_project/airflow_venv/lib/python3.12/site-packages/airflow/example_dags/example_setup_teardown_taskflow.py
[2026-04-29T09:24:03.596+0300] {logging_mixin.py:188} INFO - [2026-04-29T09:24:03.593+0300] {dag.py:3089} INFO - Sync 1 DAGs
[2026-04-29T09:24:03.658+0300] {logging_mixin.py:188} INFO - [2026-04-29T09:24:03.652+0300] {dag.py:3947} INFO - Setting next_dagrun for example_setup_teardown_taskflow to 2026-04-28 00:00:00+00:00, run_after=2026-04-29 00:00:00+00:00
[2026-04-29T09:24:03.815+0300] {processor.py:183} INFO - Processing /mnt/d/airflow/airflow_project/airflow_venv/lib/python3.12/site-packages/airflow/example_dags/example_setup_teardown_taskflow.py took 0.434 seconds
[2026-04-29T09:25:14.271+0300] {processor.py:161} INFO - Started process (PID=30002) to work on /mnt/d/airflow/airflow_project/airflow_venv/lib/python3.12/site-packages/airflow/example_dags/example_setup_teardown_taskflow.py
[2026-04-29T09:25:14.275+0300] {processor.py:830} INFO - Processing file /mnt/d/airflow/airflow_project/airflow_venv/lib/python3.12/site-packages/airflow/example_dags/example_setup_teardown_taskflow.py for tasks to queue
[2026-04-29T09:25:14.284+0300] {logging_mixin.py:188} INFO - [2026-04-29T09:25:14.281+0300] {dagbag.py:545} INFO - Filling up the DagBag from /mnt/d/airflow/airflow_project/airflow_venv/lib/python3.12/site-packages/airflow/example_dags/example_setup_teardown_taskflow.py
[2026-04-29T09:25:14.334+0300] {processor.py:840} INFO - DAG(s) 'example_setup_teardown_taskflow' retrieved from /mnt/d/airflow/airflow_project/airflow_venv/lib/python3.12/site-packages/airflow/example_dags/example_setup_teardown_taskflow.py
[2026-04-29T09:25:14.387+0300] {logging_mixin.py:188} INFO - [2026-04-29T09:25:14.386+0300] {dag.py:3089} INFO - Sync 1 DAGs
[2026-04-29T09:25:14.434+0300] {logging_mixin.py:188} INFO - [2026-04-29T09:25:14.432+0300] {dag.py:3947} INFO - Setting next_dagrun for example_setup_teardown_taskflow to 2026-04-28 00:00:00+00:00, run_after=2026-04-29 00:00:00+00:00
[2026-04-29T09:25:14.593+0300] {processor.py:183} INFO - Processing /mnt/d/airflow/airflow_project/airflow_venv/lib/python3.12/site-packages/airflow/example_dags/example_setup_teardown_taskflow.py took 0.364 seconds
[2026-04-29T09:26:23.669+0300] {processor.py:161} INFO - Started process (PID=30398) to work on /mnt/d/airflow/airflow_project/airflow_venv/lib/python3.12/site-packages/airflow/example_dags/example_setup_teardown_taskflow.py
[2026-04-29T09:26:23.674+0300] {processor.py:830} INFO - Processing file /mnt/d/airflow/airflow_project/airflow_venv/lib/python3.12/site-packages/airflow/example_dags/example_setup_teardown_taskflow.py for tasks to queue
[2026-04-29T09:26:23.682+0300] {logging_mixin.py:188} INFO - [2026-04-29T09:26:23.679+0300] {dagbag.py:545} INFO - Filling up the DagBag from /mnt/d/airflow/airflow_project/airflow_venv/lib/python3.12/site-packages/airflow/example_dags/example_setup_teardown_taskflow.py
[2026-04-29T09:26:23.765+0300] {processor.py:840} INFO - DAG(s) 'example_setup_teardown_taskflow' retrieved from /mnt/d/airflow/airflow_project/airflow_venv/lib/python3.12/site-packages/airflow/example_dags/example_setup_teardown_taskflow.py
[2026-04-29T09:26:23.845+0300] {logging_mixin.py:188} INFO - [2026-04-29T09:26:23.842+0300] {dag.py:3089} INFO - Sync 1 DAGs
[2026-04-29T09:26:23.910+0300] {logging_mixin.py:188} INFO - [2026-04-29T09:26:23.908+0300] {dag.py:3947} INFO - Setting next_dagrun for example_setup_teardown_taskflow to 2026-04-28 00:00:00+00:00, run_after=2026-04-29 00:00:00+00:00
[2026-04-29T09:26:24.100+0300] {processor.py:183} INFO - Processing /mnt/d/airflow/airflow_project/airflow_venv/lib/python3.12/site-packages/airflow/example_dags/example_setup_teardown_taskflow.py took 0.462 seconds
[2026-04-29T09:27:37.730+0300] {processor.py:161} INFO - Started process (PID=30805) to work on /mnt/d/airflow/airflow_project/airflow_venv/lib/python3.12/site-packages/airflow/example_dags/example_setup_teardown_taskflow.py
[2026-04-29T09:27:37.734+0300] {processor.py:830} INFO - Processing file /mnt/d/airflow/airflow_project/airflow_venv/lib/python3.12/site-packages/airflow/example_dags/example_setup_teardown_taskflow.py for tasks to queue
[2026-04-29T09:27:37.743+0300] {logging_mixin.py:188} INFO - [2026-04-29T09:27:37.740+0300] {dagbag.py:545} INFO - Filling up the DagBag from /mnt/d/airflow/airflow_project/airflow_venv/lib/python3.12/site-packages/airflow/example_dags/example_setup_teardown_taskflow.py
[2026-04-29T09:27:37.817+0300] {processor.py:840} INFO - DAG(s) 'example_setup_teardown_taskflow' retrieved from /mnt/d/airflow/airflow_project/airflow_venv/lib/python3.12/site-packages/airflow/example_dags/example_setup_teardown_taskflow.py
[2026-04-29T09:27:37.895+0300] {logging_mixin.py:188} INFO - [2026-04-29T09:27:37.893+0300] {dag.py:3089} INFO - Sync 1 DAGs
[2026-04-29T09:27:37.946+0300] {logging_mixin.py:188} INFO - [2026-04-29T09:27:37.944+0300] {dag.py:3947} INFO - Setting next_dagrun for example_setup_teardown_taskflow to 2026-04-28 00:00:00+00:00, run_after=2026-04-29 00:00:00+00:00
[2026-04-29T09:27:38.062+0300] {processor.py:183} INFO - Processing /mnt/d/airflow/airflow_project/airflow_venv/lib/python3.12/site-packages/airflow/example_dags/example_setup_teardown_taskflow.py took 0.369 seconds
[2026-04-29T09:28:53.159+0300] {processor.py:161} INFO - Started process (PID=31247) to work on /mnt/d/airflow/airflow_project/airflow_venv/lib/python3.12/site-packages/airflow/example_dags/example_setup_teardown_taskflow.py
[2026-04-29T09:28:53.163+0300] {processor.py:830} INFO - Processing file /mnt/d/airflow/airflow_project/airflow_venv/lib/python3.12/site-packages/airflow/example_dags/example_setup_teardown_taskflow.py for tasks to queue
[2026-04-29T09:28:53.173+0300] {logging_mixin.py:188} INFO - [2026-04-29T09:28:53.169+0300] {dagbag.py:545} INFO - Filling up the DagBag from /mnt/d/airflow/airflow_project/airflow_venv/lib/python3.12/site-packages/airflow/example_dags/example_setup_teardown_taskflow.py
[2026-04-29T09:28:53.240+0300] {processor.py:840} INFO - DAG(s) 'example_setup_teardown_taskflow' retrieved from /mnt/d/airflow/airflow_project/airflow_venv/lib/python3.12/site-packages/airflow/example_dags/example_setup_teardown_taskflow.py
[2026-04-29T09:28:53.299+0300] {logging_mixin.py:188} INFO - [2026-04-29T09:28:53.297+0300] {dag.py:3089} INFO - Sync 1 DAGs
[2026-04-29T09:28:53.360+0300] {logging_mixin.py:188} INFO - [2026-04-29T09:28:53.357+0300] {dag.py:3947} INFO - Setting next_dagrun for example_setup_teardown_taskflow to 2026-04-28 00:00:00+00:00, run_after=2026-04-29 00:00:00+00:00
[2026-04-29T09:28:53.537+0300] {processor.py:183} INFO - Processing /mnt/d/airflow/airflow_project/airflow_venv/lib/python3.12/site-packages/airflow/example_dags/example_setup_teardown_taskflow.py took 0.407 seconds
[2026-04-29T09:30:28.084+0300] {processor.py:161} INFO - Started process (PID=31811) to work on /mnt/d/airflow/airflow_project/airflow_venv/lib/python3.12/site-packages/airflow/example_dags/example_setup_teardown_taskflow.py
[2026-04-29T09:30:28.087+0300] {processor.py:830} INFO - Processing file /mnt/d/airflow/airflow_project/airflow_venv/lib/python3.12/site-packages/airflow/example_dags/example_setup_teardown_taskflow.py for tasks to queue
[2026-04-29T09:30:28.091+0300] {logging_mixin.py:188} INFO - [2026-04-29T09:30:28.089+0300] {dagbag.py:545} INFO - Filling up the DagBag from /mnt/d/airflow/airflow_project/airflow_venv/lib/python3.12/site-packages/airflow/example_dags/example_setup_teardown_taskflow.py
[2026-04-29T09:30:28.135+0300] {processor.py:840} INFO - DAG(s) 'example_setup_teardown_taskflow' retrieved from /mnt/d/airflow/airflow_project/airflow_venv/lib/python3.12/site-packages/airflow/example_dags/example_setup_teardown_taskflow.py
[2026-04-29T09:30:28.209+0300] {logging_mixin.py:188} INFO - [2026-04-29T09:30:28.207+0300] {dag.py:3089} INFO - Sync 1 DAGs
[2026-04-29T09:30:28.296+0300] {logging_mixin.py:188} INFO - [2026-04-29T09:30:28.294+0300] {dag.py:3947} INFO - Setting next_dagrun for example_setup_teardown_taskflow to 2026-04-28 00:00:00+00:00, run_after=2026-04-29 00:00:00+00:00
[2026-04-29T09:30:28.515+0300] {processor.py:183} INFO - Processing /mnt/d/airflow/airflow_project/airflow_venv/lib/python3.12/site-packages/airflow/example_dags/example_setup_teardown_taskflow.py took 0.448 seconds
[2026-04-29T09:31:41.306+0300] {processor.py:161} INFO - Started process (PID=32245) to work on /mnt/d/airflow/airflow_project/airflow_venv/lib/python3.12/site-packages/airflow/example_dags/example_setup_teardown_taskflow.py
[2026-04-29T09:31:41.308+0300] {processor.py:830} INFO - Processing file /mnt/d/airflow/airflow_project/airflow_venv/lib/python3.12/site-packages/airflow/example_dags/example_setup_teardown_taskflow.py for tasks to queue
[2026-04-29T09:31:41.312+0300] {logging_mixin.py:188} INFO - [2026-04-29T09:31:41.310+0300] {dagbag.py:545} INFO - Filling up the DagBag from /mnt/d/airflow/airflow_project/airflow_venv/lib/python3.12/site-packages/airflow/example_dags/example_setup_teardown_taskflow.py
[2026-04-29T09:31:41.348+0300] {processor.py:840} INFO - DAG(s) 'example_setup_teardown_taskflow' retrieved from /mnt/d/airflow/airflow_project/airflow_venv/lib/python3.12/site-packages/airflow/example_dags/example_setup_teardown_taskflow.py
[2026-04-29T09:31:41.377+0300] {logging_mixin.py:188} INFO - [2026-04-29T09:31:41.377+0300] {dag.py:3089} INFO - Sync 1 DAGs
[2026-04-29T09:31:41.407+0300] {logging_mixin.py:188} INFO - [2026-04-29T09:31:41.406+0300] {dag.py:3947} INFO - Setting next_dagrun for example_setup_teardown_taskflow to 2026-04-28 00:00:00+00:00, run_after=2026-04-29 00:00:00+00:00
[2026-04-29T09:31:41.520+0300] {processor.py:183} INFO - Processing /mnt/d/airflow/airflow_project/airflow_venv/lib/python3.12/site-packages/airflow/example_dags/example_setup_teardown_taskflow.py took 0.228 seconds
[2026-04-29T09:32:51.134+0300] {processor.py:161} INFO - Started process (PID=32658) to work on /mnt/d/airflow/airflow_project/airflow_venv/lib/python3.12/site-packages/airflow/example_dags/example_setup_teardown_taskflow.py
[2026-04-29T09:32:51.137+0300] {processor.py:830} INFO - Processing file /mnt/d/airflow/airflow_project/airflow_venv/lib/python3.12/site-packages/airflow/example_dags/example_setup_teardown_taskflow.py for tasks to queue
[2026-04-29T09:32:51.143+0300] {logging_mixin.py:188} INFO - [2026-04-29T09:32:51.141+0300] {dagbag.py:545} INFO - Filling up the DagBag from /mnt/d/airflow/airflow_project/airflow_venv/lib/python3.12/site-packages/airflow/example_dags/example_setup_teardown_taskflow.py
[2026-04-29T09:32:51.185+0300] {processor.py:840} INFO - DAG(s) 'example_setup_teardown_taskflow' retrieved from /mnt/d/airflow/airflow_project/airflow_venv/lib/python3.12/site-packages/airflow/example_dags/example_setup_teardown_taskflow.py
[2026-04-29T09:32:51.238+0300] {logging_mixin.py:188} INFO - [2026-04-29T09:32:51.236+0300] {dag.py:3089} INFO - Sync 1 DAGs
[2026-04-29T09:32:51.280+0300] {logging_mixin.py:188} INFO - [2026-04-29T09:32:51.278+0300] {dag.py:3947} INFO - Setting next_dagrun for example_setup_teardown_taskflow to 2026-04-28 00:00:00+00:00, run_after=2026-04-29 00:00:00+00:00
[2026-04-29T09:32:51.460+0300] {processor.py:183} INFO - Processing /mnt/d/airflow/airflow_project/airflow_venv/lib/python3.12/site-packages/airflow/example_dags/example_setup_teardown_taskflow.py took 0.351 seconds
[2026-04-29T09:34:03.347+0300] {processor.py:161} INFO - Started process (PID=33084) to work on /mnt/d/airflow/airflow_project/airflow_venv/lib/python3.12/site-packages/airflow/example_dags/example_setup_teardown_taskflow.py
[2026-04-29T09:34:03.350+0300] {processor.py:830} INFO - Processing file /mnt/d/airflow/airflow_project/airflow_venv/lib/python3.12/site-packages/airflow/example_dags/example_setup_teardown_taskflow.py for tasks to queue
[2026-04-29T09:34:03.354+0300] {logging_mixin.py:188} INFO - [2026-04-29T09:34:03.353+0300] {dagbag.py:545} INFO - Filling up the DagBag from /mnt/d/airflow/airflow_project/airflow_venv/lib/python3.12/site-packages/airflow/example_dags/example_setup_teardown_taskflow.py
[2026-04-29T09:34:03.402+0300] {processor.py:840} INFO - DAG(s) 'example_setup_teardown_taskflow' retrieved from /mnt/d/airflow/airflow_project/airflow_venv/lib/python3.12/site-packages/airflow/example_dags/example_setup_teardown_taskflow.py
[2026-04-29T09:34:03.464+0300] {logging_mixin.py:188} INFO - [2026-04-29T09:34:03.462+0300] {dag.py:3089} INFO - Sync 1 DAGs
[2026-04-29T09:34:03.505+0300] {logging_mixin.py:188} INFO - [2026-04-29T09:34:03.504+0300] {dag.py:3947} INFO - Setting next_dagrun for example_setup_teardown_taskflow to 2026-04-28 00:00:00+00:00, run_after=2026-04-29 00:00:00+00:00
[2026-04-29T09:34:03.716+0300] {processor.py:183} INFO - Processing /mnt/d/airflow/airflow_project/airflow_venv/lib/python3.12/site-packages/airflow/example_dags/example_setup_teardown_taskflow.py took 0.397 seconds
[2026-04-29T09:35:14.634+0300] {processor.py:161} INFO - Started process (PID=33498) to work on /mnt/d/airflow/airflow_project/airflow_venv/lib/python3.12/site-packages/airflow/example_dags/example_setup_teardown_taskflow.py
[2026-04-29T09:35:14.635+0300] {processor.py:830} INFO - Processing file /mnt/d/airflow/airflow_project/airflow_venv/lib/python3.12/site-packages/airflow/example_dags/example_setup_teardown_taskflow.py for tasks to queue
[2026-04-29T09:35:14.637+0300] {logging_mixin.py:188} INFO - [2026-04-29T09:35:14.636+0300] {dagbag.py:545} INFO - Filling up the DagBag from /mnt/d/airflow/airflow_project/airflow_venv/lib/python3.12/site-packages/airflow/example_dags/example_setup_teardown_taskflow.py
[2026-04-29T09:35:14.652+0300] {processor.py:840} INFO - DAG(s) 'example_setup_teardown_taskflow' retrieved from /mnt/d/airflow/airflow_project/airflow_venv/lib/python3.12/site-packages/airflow/example_dags/example_setup_teardown_taskflow.py
[2026-04-29T09:35:14.676+0300] {logging_mixin.py:188} INFO - [2026-04-29T09:35:14.675+0300] {dag.py:3089} INFO - Sync 1 DAGs
[2026-04-29T09:35:14.695+0300] {logging_mixin.py:188} INFO - [2026-04-29T09:35:14.695+0300] {dag.py:3947} INFO - Setting next_dagrun for example_setup_teardown_taskflow to 2026-04-28 00:00:00+00:00, run_after=2026-04-29 00:00:00+00:00
[2026-04-29T09:35:14.782+0300] {processor.py:183} INFO - Processing /mnt/d/airflow/airflow_project/airflow_venv/lib/python3.12/site-packages/airflow/example_dags/example_setup_teardown_taskflow.py took 0.156 seconds
[2026-04-29T09:37:10.432+0300] {processor.py:161} INFO - Started process (PID=34214) to work on /mnt/d/airflow/airflow_project/airflow_venv/lib/python3.12/site-packages/airflow/example_dags/example_setup_teardown_taskflow.py
[2026-04-29T09:37:10.434+0300] {processor.py:830} INFO - Processing file /mnt/d/airflow/airflow_project/airflow_venv/lib/python3.12/site-packages/airflow/example_dags/example_setup_teardown_taskflow.py for tasks to queue
[2026-04-29T09:37:10.439+0300] {logging_mixin.py:188} INFO - [2026-04-29T09:37:10.437+0300] {dagbag.py:545} INFO - Filling up the DagBag from /mnt/d/airflow/airflow_project/airflow_venv/lib/python3.12/site-packages/airflow/example_dags/example_setup_teardown_taskflow.py
[2026-04-29T09:37:10.477+0300] {processor.py:840} INFO - DAG(s) 'example_setup_teardown_taskflow' retrieved from /mnt/d/airflow/airflow_project/airflow_venv/lib/python3.12/site-packages/airflow/example_dags/example_setup_teardown_taskflow.py
[2026-04-29T09:37:10.522+0300] {logging_mixin.py:188} INFO - [2026-04-29T09:37:10.521+0300] {dag.py:3089} INFO - Sync 1 DAGs
[2026-04-29T09:37:10.579+0300] {logging_mixin.py:188} INFO - [2026-04-29T09:37:10.578+0300] {dag.py:3947} INFO - Setting next_dagrun for example_setup_teardown_taskflow to 2026-04-28 00:00:00+00:00, run_after=2026-04-29 00:00:00+00:00
[2026-04-29T09:37:10.684+0300] {processor.py:183} INFO - Processing /mnt/d/airflow/airflow_project/airflow_venv/lib/python3.12/site-packages/airflow/example_dags/example_setup_teardown_taskflow.py took 0.270 seconds
[2026-04-29T09:38:18.139+0300] {processor.py:161} INFO - Started process (PID=34643) to work on /mnt/d/airflow/airflow_project/airflow_venv/lib/python3.12/site-packages/airflow/example_dags/example_setup_teardown_taskflow.py
[2026-04-29T09:38:18.141+0300] {processor.py:830} INFO - Processing file /mnt/d/airflow/airflow_project/airflow_venv/lib/python3.12/site-packages/airflow/example_dags/example_setup_teardown_taskflow.py for tasks to queue
[2026-04-29T09:38:18.147+0300] {logging_mixin.py:188} INFO - [2026-04-29T09:38:18.145+0300] {dagbag.py:545} INFO - Filling up the DagBag from /mnt/d/airflow/airflow_project/airflow_venv/lib/python3.12/site-packages/airflow/example_dags/example_setup_teardown_taskflow.py
[2026-04-29T09:38:18.187+0300] {processor.py:840} INFO - DAG(s) 'example_setup_teardown_taskflow' retrieved from /mnt/d/airflow/airflow_project/airflow_venv/lib/python3.12/site-packages/airflow/example_dags/example_setup_teardown_taskflow.py
[2026-04-29T09:38:18.234+0300] {logging_mixin.py:188} INFO - [2026-04-29T09:38:18.232+0300] {dag.py:3089} INFO - Sync 1 DAGs
[2026-04-29T09:38:18.285+0300] {logging_mixin.py:188} INFO - [2026-04-29T09:38:18.282+0300] {dag.py:3947} INFO - Setting next_dagrun for example_setup_teardown_taskflow to 2026-04-28 00:00:00+00:00, run_after=2026-04-29 00:00:00+00:00
[2026-04-29T09:38:18.523+0300] {processor.py:183} INFO - Processing /mnt/d/airflow/airflow_project/airflow_venv/lib/python3.12/site-packages/airflow/example_dags/example_setup_teardown_taskflow.py took 0.402 seconds
[2026-04-29T09:40:24.300+0300] {processor.py:161} INFO - Started process (PID=35374) to work on /mnt/d/airflow/airflow_project/airflow_venv/lib/python3.12/site-packages/airflow/example_dags/example_setup_teardown_taskflow.py
[2026-04-29T09:40:24.304+0300] {processor.py:830} INFO - Processing file /mnt/d/airflow/airflow_project/airflow_venv/lib/python3.12/site-packages/airflow/example_dags/example_setup_teardown_taskflow.py for tasks to queue
[2026-04-29T09:40:24.310+0300] {logging_mixin.py:188} INFO - [2026-04-29T09:40:24.308+0300] {dagbag.py:545} INFO - Filling up the DagBag from /mnt/d/airflow/airflow_project/airflow_venv/lib/python3.12/site-packages/airflow/example_dags/example_setup_teardown_taskflow.py
[2026-04-29T09:40:24.368+0300] {processor.py:840} INFO - DAG(s) 'example_setup_teardown_taskflow' retrieved from /mnt/d/airflow/airflow_project/airflow_venv/lib/python3.12/site-packages/airflow/example_dags/example_setup_teardown_taskflow.py
[2026-04-29T09:40:24.428+0300] {logging_mixin.py:188} INFO - [2026-04-29T09:40:24.426+0300] {dag.py:3089} INFO - Sync 1 DAGs
[2026-04-29T09:40:24.481+0300] {logging_mixin.py:188} INFO - [2026-04-29T09:40:24.478+0300] {dag.py:3947} INFO - Setting next_dagrun for example_setup_teardown_taskflow to 2026-04-28 00:00:00+00:00, run_after=2026-04-29 00:00:00+00:00
[2026-04-29T09:40:24.571+0300] {processor.py:183} INFO - Processing /mnt/d/airflow/airflow_project/airflow_venv/lib/python3.12/site-packages/airflow/example_dags/example_setup_teardown_taskflow.py took 0.298 seconds
[2026-04-29T09:42:30.785+0300] {processor.py:161} INFO - Started process (PID=36090) to work on /mnt/d/airflow/airflow_project/airflow_venv/lib/python3.12/site-packages/airflow/example_dags/example_setup_teardown_taskflow.py
[2026-04-29T09:42:30.789+0300] {processor.py:830} INFO - Processing file /mnt/d/airflow/airflow_project/airflow_venv/lib/python3.12/site-packages/airflow/example_dags/example_setup_teardown_taskflow.py for tasks to queue
[2026-04-29T09:42:30.795+0300] {logging_mixin.py:188} INFO - [2026-04-29T09:42:30.793+0300] {dagbag.py:545} INFO - Filling up the DagBag from /mnt/d/airflow/airflow_project/airflow_venv/lib/python3.12/site-packages/airflow/example_dags/example_setup_teardown_taskflow.py
[2026-04-29T09:42:30.850+0300] {processor.py:840} INFO - DAG(s) 'example_setup_teardown_taskflow' retrieved from /mnt/d/airflow/airflow_project/airflow_venv/lib/python3.12/site-packages/airflow/example_dags/example_setup_teardown_taskflow.py
[2026-04-29T09:42:30.909+0300] {logging_mixin.py:188} INFO - [2026-04-29T09:42:30.907+0300] {dag.py:3089} INFO - Sync 1 DAGs
[2026-04-29T09:42:30.962+0300] {logging_mixin.py:188} INFO - [2026-04-29T09:42:30.960+0300] {dag.py:3947} INFO - Setting next_dagrun for example_setup_teardown_taskflow to 2026-04-28 00:00:00+00:00, run_after=2026-04-29 00:00:00+00:00
[2026-04-29T09:42:31.150+0300] {processor.py:183} INFO - Processing /mnt/d/airflow/airflow_project/airflow_venv/lib/python3.12/site-packages/airflow/example_dags/example_setup_teardown_taskflow.py took 0.390 seconds
[2026-04-29T09:43:41.489+0300] {processor.py:161} INFO - Started process (PID=36534) to work on /mnt/d/airflow/airflow_project/airflow_venv/lib/python3.12/site-packages/airflow/example_dags/example_setup_teardown_taskflow.py
[2026-04-29T09:43:41.491+0300] {processor.py:830} INFO - Processing file /mnt/d/airflow/airflow_project/airflow_venv/lib/python3.12/site-packages/airflow/example_dags/example_setup_teardown_taskflow.py for tasks to queue
[2026-04-29T09:43:41.497+0300] {logging_mixin.py:188} INFO - [2026-04-29T09:43:41.494+0300] {dagbag.py:545} INFO - Filling up the DagBag from /mnt/d/airflow/airflow_project/airflow_venv/lib/python3.12/site-packages/airflow/example_dags/example_setup_teardown_taskflow.py
[2026-04-29T09:43:41.525+0300] {processor.py:840} INFO - DAG(s) 'example_setup_teardown_taskflow' retrieved from /mnt/d/airflow/airflow_project/airflow_venv/lib/python3.12/site-packages/airflow/example_dags/example_setup_teardown_taskflow.py
[2026-04-29T09:43:41.547+0300] {logging_mixin.py:188} INFO - [2026-04-29T09:43:41.546+0300] {dag.py:3089} INFO - Sync 1 DAGs
[2026-04-29T09:43:41.586+0300] {logging_mixin.py:188} INFO - [2026-04-29T09:43:41.584+0300] {dag.py:3947} INFO - Setting next_dagrun for example_setup_teardown_taskflow to 2026-04-28 00:00:00+00:00, run_after=2026-04-29 00:00:00+00:00
[2026-04-29T09:43:41.681+0300] {processor.py:183} INFO - Processing /mnt/d/airflow/airflow_project/airflow_venv/lib/python3.12/site-packages/airflow/example_dags/example_setup_teardown_taskflow.py took 0.209 seconds
[2026-04-29T09:46:37.895+0300] {processor.py:161} INFO - Started process (PID=37540) to work on /mnt/d/airflow/airflow_project/airflow_venv/lib/python3.12/site-packages/airflow/example_dags/example_setup_teardown_taskflow.py
[2026-04-29T09:46:37.898+0300] {processor.py:830} INFO - Processing file /mnt/d/airflow/airflow_project/airflow_venv/lib/python3.12/site-packages/airflow/example_dags/example_setup_teardown_taskflow.py for tasks to queue
[2026-04-29T09:46:37.903+0300] {logging_mixin.py:188} INFO - [2026-04-29T09:46:37.902+0300] {dagbag.py:545} INFO - Filling up the DagBag from /mnt/d/airflow/airflow_project/airflow_venv/lib/python3.12/site-packages/airflow/example_dags/example_setup_teardown_taskflow.py
[2026-04-29T09:46:37.954+0300] {processor.py:840} INFO - DAG(s) 'example_setup_teardown_taskflow' retrieved from /mnt/d/airflow/airflow_project/airflow_venv/lib/python3.12/site-packages/airflow/example_dags/example_setup_teardown_taskflow.py
[2026-04-29T09:46:40.591+0300] {logging_mixin.py:188} INFO - [2026-04-29T09:46:40.589+0300] {dag.py:3089} INFO - Sync 1 DAGs
[2026-04-29T09:46:40.626+0300] {logging_mixin.py:188} INFO - [2026-04-29T09:46:40.625+0300] {dag.py:3947} INFO - Setting next_dagrun for example_setup_teardown_taskflow to 2026-04-28 00:00:00+00:00, run_after=2026-04-29 00:00:00+00:00
[2026-04-29T09:46:40.920+0300] {processor.py:183} INFO - Processing /mnt/d/airflow/airflow_project/airflow_venv/lib/python3.12/site-packages/airflow/example_dags/example_setup_teardown_taskflow.py took 2.337 seconds
[2026-04-29T09:48:19.269+0300] {processor.py:161} INFO - Started process (PID=38099) to work on /mnt/d/airflow/airflow_project/airflow_venv/lib/python3.12/site-packages/airflow/example_dags/example_setup_teardown_taskflow.py
[2026-04-29T09:48:19.272+0300] {processor.py:830} INFO - Processing file /mnt/d/airflow/airflow_project/airflow_venv/lib/python3.12/site-packages/airflow/example_dags/example_setup_teardown_taskflow.py for tasks to queue
[2026-04-29T09:48:19.277+0300] {logging_mixin.py:188} INFO - [2026-04-29T09:48:19.275+0300] {dagbag.py:545} INFO - Filling up the DagBag from /mnt/d/airflow/airflow_project/airflow_venv/lib/python3.12/site-packages/airflow/example_dags/example_setup_teardown_taskflow.py
[2026-04-29T09:48:19.330+0300] {processor.py:840} INFO - DAG(s) 'example_setup_teardown_taskflow' retrieved from /mnt/d/airflow/airflow_project/airflow_venv/lib/python3.12/site-packages/airflow/example_dags/example_setup_teardown_taskflow.py
[2026-04-29T09:48:19.422+0300] {logging_mixin.py:188} INFO - [2026-04-29T09:48:19.419+0300] {dag.py:3089} INFO - Sync 1 DAGs
[2026-04-29T09:48:19.470+0300] {logging_mixin.py:188} INFO - [2026-04-29T09:48:19.468+0300] {dag.py:3947} INFO - Setting next_dagrun for example_setup_teardown_taskflow to 2026-04-28 00:00:00+00:00, run_after=2026-04-29 00:00:00+00:00
[2026-04-29T09:48:19.622+0300] {processor.py:183} INFO - Processing /mnt/d/airflow/airflow_project/airflow_venv/lib/python3.12/site-packages/airflow/example_dags/example_setup_teardown_taskflow.py took 0.375 seconds
[2026-04-29T09:49:34.145+0300] {processor.py:161} INFO - Started process (PID=38525) to work on /mnt/d/airflow/airflow_project/airflow_venv/lib/python3.12/site-packages/airflow/example_dags/example_setup_teardown_taskflow.py
[2026-04-29T09:49:34.150+0300] {processor.py:830} INFO - Processing file /mnt/d/airflow/airflow_project/airflow_venv/lib/python3.12/site-packages/airflow/example_dags/example_setup_teardown_taskflow.py for tasks to queue
[2026-04-29T09:49:34.159+0300] {logging_mixin.py:188} INFO - [2026-04-29T09:49:34.155+0300] {dagbag.py:545} INFO - Filling up the DagBag from /mnt/d/airflow/airflow_project/airflow_venv/lib/python3.12/site-packages/airflow/example_dags/example_setup_teardown_taskflow.py
[2026-04-29T09:49:34.255+0300] {processor.py:840} INFO - DAG(s) 'example_setup_teardown_taskflow' retrieved from /mnt/d/airflow/airflow_project/airflow_venv/lib/python3.12/site-packages/airflow/example_dags/example_setup_teardown_taskflow.py
[2026-04-29T09:49:34.326+0300] {logging_mixin.py:188} INFO - [2026-04-29T09:49:34.323+0300] {dag.py:3089} INFO - Sync 1 DAGs
[2026-04-29T09:49:34.383+0300] {logging_mixin.py:188} INFO - [2026-04-29T09:49:34.381+0300] {dag.py:3947} INFO - Setting next_dagrun for example_setup_teardown_taskflow to 2026-04-28 00:00:00+00:00, run_after=2026-04-29 00:00:00+00:00
[2026-04-29T09:49:34.567+0300] {processor.py:183} INFO - Processing /mnt/d/airflow/airflow_project/airflow_venv/lib/python3.12/site-packages/airflow/example_dags/example_setup_teardown_taskflow.py took 0.451 seconds
[2026-04-29T09:50:41.453+0300] {processor.py:161} INFO - Started process (PID=38901) to work on /mnt/d/airflow/airflow_project/airflow_venv/lib/python3.12/site-packages/airflow/example_dags/example_setup_teardown_taskflow.py
[2026-04-29T09:50:41.457+0300] {processor.py:830} INFO - Processing file /mnt/d/airflow/airflow_project/airflow_venv/lib/python3.12/site-packages/airflow/example_dags/example_setup_teardown_taskflow.py for tasks to queue
[2026-04-29T09:50:41.463+0300] {logging_mixin.py:188} INFO - [2026-04-29T09:50:41.461+0300] {dagbag.py:545} INFO - Filling up the DagBag from /mnt/d/airflow/airflow_project/airflow_venv/lib/python3.12/site-packages/airflow/example_dags/example_setup_teardown_taskflow.py
[2026-04-29T09:50:41.517+0300] {processor.py:840} INFO - DAG(s) 'example_setup_teardown_taskflow' retrieved from /mnt/d/airflow/airflow_project/airflow_venv/lib/python3.12/site-packages/airflow/example_dags/example_setup_teardown_taskflow.py
[2026-04-29T09:50:41.588+0300] {logging_mixin.py:188} INFO - [2026-04-29T09:50:41.585+0300] {dag.py:3089} INFO - Sync 1 DAGs
[2026-04-29T09:50:41.648+0300] {logging_mixin.py:188} INFO - [2026-04-29T09:50:41.645+0300] {dag.py:3947} INFO - Setting next_dagrun for example_setup_teardown_taskflow to 2026-04-28 00:00:00+00:00, run_after=2026-04-29 00:00:00+00:00
[2026-04-29T09:50:41.843+0300] {processor.py:183} INFO - Processing /mnt/d/airflow/airflow_project/airflow_venv/lib/python3.12/site-packages/airflow/example_dags/example_setup_teardown_taskflow.py took 0.410 seconds
[2026-04-29T09:54:18.173+0300] {processor.py:161} INFO - Started process (PID=40119) to work on /mnt/d/airflow/airflow_project/airflow_venv/lib/python3.12/site-packages/airflow/example_dags/example_setup_teardown_taskflow.py
[2026-04-29T09:54:18.175+0300] {processor.py:830} INFO - Processing file /mnt/d/airflow/airflow_project/airflow_venv/lib/python3.12/site-packages/airflow/example_dags/example_setup_teardown_taskflow.py for tasks to queue
[2026-04-29T09:54:18.181+0300] {logging_mixin.py:188} INFO - [2026-04-29T09:54:18.179+0300] {dagbag.py:545} INFO - Filling up the DagBag from /mnt/d/airflow/airflow_project/airflow_venv/lib/python3.12/site-packages/airflow/example_dags/example_setup_teardown_taskflow.py
[2026-04-29T09:54:18.221+0300] {processor.py:840} INFO - DAG(s) 'example_setup_teardown_taskflow' retrieved from /mnt/d/airflow/airflow_project/airflow_venv/lib/python3.12/site-packages/airflow/example_dags/example_setup_teardown_taskflow.py
[2026-04-29T09:54:18.279+0300] {logging_mixin.py:188} INFO - [2026-04-29T09:54:18.276+0300] {dag.py:3089} INFO - Sync 1 DAGs
[2026-04-29T09:54:18.321+0300] {logging_mixin.py:188} INFO - [2026-04-29T09:54:18.319+0300] {dag.py:3947} INFO - Setting next_dagrun for example_setup_teardown_taskflow to 2026-04-28 00:00:00+00:00, run_after=2026-04-29 00:00:00+00:00
[2026-04-29T09:54:18.409+0300] {processor.py:183} INFO - Processing /mnt/d/airflow/airflow_project/airflow_venv/lib/python3.12/site-packages/airflow/example_dags/example_setup_teardown_taskflow.py took 0.260 seconds
[2026-04-29T09:56:05.347+0300] {processor.py:161} INFO - Started process (PID=40750) to work on /mnt/d/airflow/airflow_project/airflow_venv/lib/python3.12/site-packages/airflow/example_dags/example_setup_teardown_taskflow.py
[2026-04-29T09:56:05.352+0300] {processor.py:830} INFO - Processing file /mnt/d/airflow/airflow_project/airflow_venv/lib/python3.12/site-packages/airflow/example_dags/example_setup_teardown_taskflow.py for tasks to queue
[2026-04-29T09:56:05.357+0300] {logging_mixin.py:188} INFO - [2026-04-29T09:56:05.355+0300] {dagbag.py:545} INFO - Filling up the DagBag from /mnt/d/airflow/airflow_project/airflow_venv/lib/python3.12/site-packages/airflow/example_dags/example_setup_teardown_taskflow.py
[2026-04-29T09:56:05.403+0300] {processor.py:840} INFO - DAG(s) 'example_setup_teardown_taskflow' retrieved from /mnt/d/airflow/airflow_project/airflow_venv/lib/python3.12/site-packages/airflow/example_dags/example_setup_teardown_taskflow.py
[2026-04-29T09:56:05.453+0300] {logging_mixin.py:188} INFO - [2026-04-29T09:56:05.452+0300] {dag.py:3089} INFO - Sync 1 DAGs
[2026-04-29T09:56:05.508+0300] {logging_mixin.py:188} INFO - [2026-04-29T09:56:05.505+0300] {dag.py:3947} INFO - Setting next_dagrun for example_setup_teardown_taskflow to 2026-04-28 00:00:00+00:00, run_after=2026-04-29 00:00:00+00:00
[2026-04-29T09:56:05.742+0300] {processor.py:183} INFO - Processing /mnt/d/airflow/airflow_project/airflow_venv/lib/python3.12/site-packages/airflow/example_dags/example_setup_teardown_taskflow.py took 0.415 seconds
[2026-04-29T09:59:02.523+0300] {processor.py:161} INFO - Started process (PID=41775) to work on /mnt/d/airflow/airflow_project/airflow_venv/lib/python3.12/site-packages/airflow/example_dags/example_setup_teardown_taskflow.py
[2026-04-29T09:59:02.525+0300] {processor.py:830} INFO - Processing file /mnt/d/airflow/airflow_project/airflow_venv/lib/python3.12/site-packages/airflow/example_dags/example_setup_teardown_taskflow.py for tasks to queue
[2026-04-29T09:59:02.529+0300] {logging_mixin.py:188} INFO - [2026-04-29T09:59:02.528+0300] {dagbag.py:545} INFO - Filling up the DagBag from /mnt/d/airflow/airflow_project/airflow_venv/lib/python3.12/site-packages/airflow/example_dags/example_setup_teardown_taskflow.py
[2026-04-29T09:59:02.570+0300] {processor.py:840} INFO - DAG(s) 'example_setup_teardown_taskflow' retrieved from /mnt/d/airflow/airflow_project/airflow_venv/lib/python3.12/site-packages/airflow/example_dags/example_setup_teardown_taskflow.py
[2026-04-29T09:59:02.617+0300] {logging_mixin.py:188} INFO - [2026-04-29T09:59:02.615+0300] {dag.py:3089} INFO - Sync 1 DAGs
[2026-04-29T09:59:02.673+0300] {logging_mixin.py:188} INFO - [2026-04-29T09:59:02.671+0300] {dag.py:3947} INFO - Setting next_dagrun for example_setup_teardown_taskflow to 2026-04-28 00:00:00+00:00, run_after=2026-04-29 00:00:00+00:00
[2026-04-29T09:59:02.859+0300] {processor.py:183} INFO - Processing /mnt/d/airflow/airflow_project/airflow_venv/lib/python3.12/site-packages/airflow/example_dags/example_setup_teardown_taskflow.py took 0.363 seconds
[2026-04-29T10:01:01.625+0300] {processor.py:161} INFO - Started process (PID=42419) to work on /mnt/d/airflow/airflow_project/airflow_venv/lib/python3.12/site-packages/airflow/example_dags/example_setup_teardown_taskflow.py
[2026-04-29T10:01:01.628+0300] {processor.py:830} INFO - Processing file /mnt/d/airflow/airflow_project/airflow_venv/lib/python3.12/site-packages/airflow/example_dags/example_setup_teardown_taskflow.py for tasks to queue
[2026-04-29T10:01:01.634+0300] {logging_mixin.py:188} INFO - [2026-04-29T10:01:01.632+0300] {dagbag.py:545} INFO - Filling up the DagBag from /mnt/d/airflow/airflow_project/airflow_venv/lib/python3.12/site-packages/airflow/example_dags/example_setup_teardown_taskflow.py
[2026-04-29T10:01:01.666+0300] {processor.py:840} INFO - DAG(s) 'example_setup_teardown_taskflow' retrieved from /mnt/d/airflow/airflow_project/airflow_venv/lib/python3.12/site-packages/airflow/example_dags/example_setup_teardown_taskflow.py
[2026-04-29T10:01:01.705+0300] {logging_mixin.py:188} INFO - [2026-04-29T10:01:01.704+0300] {dag.py:3089} INFO - Sync 1 DAGs
[2026-04-29T10:01:01.868+0300] {logging_mixin.py:188} INFO - [2026-04-29T10:01:01.866+0300] {dag.py:3947} INFO - Setting next_dagrun for example_setup_teardown_taskflow to 2026-04-28 00:00:00+00:00, run_after=2026-04-29 00:00:00+00:00
[2026-04-29T10:01:01.940+0300] {processor.py:183} INFO - Processing /mnt/d/airflow/airflow_project/airflow_venv/lib/python3.12/site-packages/airflow/example_dags/example_setup_teardown_taskflow.py took 0.341 seconds
[2026-04-29T10:02:53.310+0300] {processor.py:161} INFO - Started process (PID=43026) to work on /mnt/d/airflow/airflow_project/airflow_venv/lib/python3.12/site-packages/airflow/example_dags/example_setup_teardown_taskflow.py
[2026-04-29T10:02:53.313+0300] {processor.py:830} INFO - Processing file /mnt/d/airflow/airflow_project/airflow_venv/lib/python3.12/site-packages/airflow/example_dags/example_setup_teardown_taskflow.py for tasks to queue
[2026-04-29T10:02:53.318+0300] {logging_mixin.py:188} INFO - [2026-04-29T10:02:53.316+0300] {dagbag.py:545} INFO - Filling up the DagBag from /mnt/d/airflow/airflow_project/airflow_venv/lib/python3.12/site-packages/airflow/example_dags/example_setup_teardown_taskflow.py
[2026-04-29T10:02:53.375+0300] {processor.py:840} INFO - DAG(s) 'example_setup_teardown_taskflow' retrieved from /mnt/d/airflow/airflow_project/airflow_venv/lib/python3.12/site-packages/airflow/example_dags/example_setup_teardown_taskflow.py
[2026-04-29T10:02:53.432+0300] {logging_mixin.py:188} INFO - [2026-04-29T10:02:53.430+0300] {dag.py:3089} INFO - Sync 1 DAGs
[2026-04-29T10:02:53.489+0300] {logging_mixin.py:188} INFO - [2026-04-29T10:02:53.487+0300] {dag.py:3947} INFO - Setting next_dagrun for example_setup_teardown_taskflow to 2026-04-28 00:00:00+00:00, run_after=2026-04-29 00:00:00+00:00
[2026-04-29T10:02:53.644+0300] {processor.py:183} INFO - Processing /mnt/d/airflow/airflow_project/airflow_venv/lib/python3.12/site-packages/airflow/example_dags/example_setup_teardown_taskflow.py took 0.362 seconds
[2026-04-29T10:04:36.702+0300] {processor.py:161} INFO - Started process (PID=43631) to work on /mnt/d/airflow/airflow_project/airflow_venv/lib/python3.12/site-packages/airflow/example_dags/example_setup_teardown_taskflow.py
[2026-04-29T10:04:36.704+0300] {processor.py:830} INFO - Processing file /mnt/d/airflow/airflow_project/airflow_venv/lib/python3.12/site-packages/airflow/example_dags/example_setup_teardown_taskflow.py for tasks to queue
[2026-04-29T10:04:36.708+0300] {logging_mixin.py:188} INFO - [2026-04-29T10:04:36.707+0300] {dagbag.py:545} INFO - Filling up the DagBag from /mnt/d/airflow/airflow_project/airflow_venv/lib/python3.12/site-packages/airflow/example_dags/example_setup_teardown_taskflow.py
[2026-04-29T10:04:36.741+0300] {processor.py:840} INFO - DAG(s) 'example_setup_teardown_taskflow' retrieved from /mnt/d/airflow/airflow_project/airflow_venv/lib/python3.12/site-packages/airflow/example_dags/example_setup_teardown_taskflow.py
[2026-04-29T10:04:36.795+0300] {logging_mixin.py:188} INFO - [2026-04-29T10:04:36.793+0300] {dag.py:3089} INFO - Sync 1 DAGs
[2026-04-29T10:04:36.950+0300] {logging_mixin.py:188} INFO - [2026-04-29T10:04:36.949+0300] {dag.py:3947} INFO - Setting next_dagrun for example_setup_teardown_taskflow to 2026-04-28 00:00:00+00:00, run_after=2026-04-29 00:00:00+00:00
[2026-04-29T10:04:37.009+0300] {processor.py:183} INFO - Processing /mnt/d/airflow/airflow_project/airflow_venv/lib/python3.12/site-packages/airflow/example_dags/example_setup_teardown_taskflow.py took 0.331 seconds
[2026-04-29T10:06:50.568+0300] {processor.py:161} INFO - Started process (PID=44375) to work on /mnt/d/airflow/airflow_project/airflow_venv/lib/python3.12/site-packages/airflow/example_dags/example_setup_teardown_taskflow.py
[2026-04-29T10:06:50.573+0300] {processor.py:830} INFO - Processing file /mnt/d/airflow/airflow_project/airflow_venv/lib/python3.12/site-packages/airflow/example_dags/example_setup_teardown_taskflow.py for tasks to queue
[2026-04-29T10:06:50.578+0300] {logging_mixin.py:188} INFO - [2026-04-29T10:06:50.577+0300] {dagbag.py:545} INFO - Filling up the DagBag from /mnt/d/airflow/airflow_project/airflow_venv/lib/python3.12/site-packages/airflow/example_dags/example_setup_teardown_taskflow.py
[2026-04-29T10:06:50.641+0300] {processor.py:840} INFO - DAG(s) 'example_setup_teardown_taskflow' retrieved from /mnt/d/airflow/airflow_project/airflow_venv/lib/python3.12/site-packages/airflow/example_dags/example_setup_teardown_taskflow.py
[2026-04-29T10:06:50.700+0300] {logging_mixin.py:188} INFO - [2026-04-29T10:06:50.698+0300] {dag.py:3089} INFO - Sync 1 DAGs
[2026-04-29T10:06:50.883+0300] {logging_mixin.py:188} INFO - [2026-04-29T10:06:50.878+0300] {dag.py:3947} INFO - Setting next_dagrun for example_setup_teardown_taskflow to 2026-04-28 00:00:00+00:00, run_after=2026-04-29 00:00:00+00:00
[2026-04-29T10:06:51.106+0300] {processor.py:183} INFO - Processing /mnt/d/airflow/airflow_project/airflow_venv/lib/python3.12/site-packages/airflow/example_dags/example_setup_teardown_taskflow.py took 0.569 seconds
[2026-04-29T10:08:55.169+0300] {processor.py:161} INFO - Started process (PID=45075) to work on /mnt/d/airflow/airflow_project/airflow_venv/lib/python3.12/site-packages/airflow/example_dags/example_setup_teardown_taskflow.py
[2026-04-29T10:08:55.172+0300] {processor.py:830} INFO - Processing file /mnt/d/airflow/airflow_project/airflow_venv/lib/python3.12/site-packages/airflow/example_dags/example_setup_teardown_taskflow.py for tasks to queue
[2026-04-29T10:08:55.179+0300] {logging_mixin.py:188} INFO - [2026-04-29T10:08:55.176+0300] {dagbag.py:545} INFO - Filling up the DagBag from /mnt/d/airflow/airflow_project/airflow_venv/lib/python3.12/site-packages/airflow/example_dags/example_setup_teardown_taskflow.py
[2026-04-29T10:08:55.243+0300] {processor.py:840} INFO - DAG(s) 'example_setup_teardown_taskflow' retrieved from /mnt/d/airflow/airflow_project/airflow_venv/lib/python3.12/site-packages/airflow/example_dags/example_setup_teardown_taskflow.py
[2026-04-29T10:08:55.305+0300] {logging_mixin.py:188} INFO - [2026-04-29T10:08:55.303+0300] {dag.py:3089} INFO - Sync 1 DAGs
[2026-04-29T10:08:55.350+0300] {logging_mixin.py:188} INFO - [2026-04-29T10:08:55.349+0300] {dag.py:3947} INFO - Setting next_dagrun for example_setup_teardown_taskflow to 2026-04-28 00:00:00+00:00, run_after=2026-04-29 00:00:00+00:00
[2026-04-29T10:08:55.486+0300] {processor.py:183} INFO - Processing /mnt/d/airflow/airflow_project/airflow_venv/lib/python3.12/site-packages/airflow/example_dags/example_setup_teardown_taskflow.py took 0.347 seconds
[2026-04-29T10:11:06.858+0300] {processor.py:161} INFO - Started process (PID=45797) to work on /mnt/d/airflow/airflow_project/airflow_venv/lib/python3.12/site-packages/airflow/example_dags/example_setup_teardown_taskflow.py
[2026-04-29T10:11:06.863+0300] {processor.py:830} INFO - Processing file /mnt/d/airflow/airflow_project/airflow_venv/lib/python3.12/site-packages/airflow/example_dags/example_setup_teardown_taskflow.py for tasks to queue
[2026-04-29T10:11:06.872+0300] {logging_mixin.py:188} INFO - [2026-04-29T10:11:06.869+0300] {dagbag.py:545} INFO - Filling up the DagBag from /mnt/d/airflow/airflow_project/airflow_venv/lib/python3.12/site-packages/airflow/example_dags/example_setup_teardown_taskflow.py
[2026-04-29T10:11:06.953+0300] {processor.py:840} INFO - DAG(s) 'example_setup_teardown_taskflow' retrieved from /mnt/d/airflow/airflow_project/airflow_venv/lib/python3.12/site-packages/airflow/example_dags/example_setup_teardown_taskflow.py
[2026-04-29T10:11:07.028+0300] {logging_mixin.py:188} INFO - [2026-04-29T10:11:07.025+0300] {dag.py:3089} INFO - Sync 1 DAGs
[2026-04-29T10:11:07.098+0300] {logging_mixin.py:188} INFO - [2026-04-29T10:11:07.095+0300] {dag.py:3947} INFO - Setting next_dagrun for example_setup_teardown_taskflow to 2026-04-28 00:00:00+00:00, run_after=2026-04-29 00:00:00+00:00
[2026-04-29T10:11:07.299+0300] {processor.py:183} INFO - Processing /mnt/d/airflow/airflow_project/airflow_venv/lib/python3.12/site-packages/airflow/example_dags/example_setup_teardown_taskflow.py took 0.478 seconds
[2026-04-29T10:13:10.196+0300] {processor.py:161} INFO - Started process (PID=46485) to work on /mnt/d/airflow/airflow_project/airflow_venv/lib/python3.12/site-packages/airflow/example_dags/example_setup_teardown_taskflow.py
[2026-04-29T10:13:10.200+0300] {processor.py:830} INFO - Processing file /mnt/d/airflow/airflow_project/airflow_venv/lib/python3.12/site-packages/airflow/example_dags/example_setup_teardown_taskflow.py for tasks to queue
[2026-04-29T10:13:10.206+0300] {logging_mixin.py:188} INFO - [2026-04-29T10:13:10.204+0300] {dagbag.py:545} INFO - Filling up the DagBag from /mnt/d/airflow/airflow_project/airflow_venv/lib/python3.12/site-packages/airflow/example_dags/example_setup_teardown_taskflow.py
[2026-04-29T10:13:10.259+0300] {processor.py:840} INFO - DAG(s) 'example_setup_teardown_taskflow' retrieved from /mnt/d/airflow/airflow_project/airflow_venv/lib/python3.12/site-packages/airflow/example_dags/example_setup_teardown_taskflow.py
[2026-04-29T10:13:10.321+0300] {logging_mixin.py:188} INFO - [2026-04-29T10:13:10.319+0300] {dag.py:3089} INFO - Sync 1 DAGs
[2026-04-29T10:13:10.387+0300] {logging_mixin.py:188} INFO - [2026-04-29T10:13:10.385+0300] {dag.py:3947} INFO - Setting next_dagrun for example_setup_teardown_taskflow to 2026-04-28 00:00:00+00:00, run_after=2026-04-29 00:00:00+00:00
[2026-04-29T10:13:10.586+0300] {processor.py:183} INFO - Processing /mnt/d/airflow/airflow_project/airflow_venv/lib/python3.12/site-packages/airflow/example_dags/example_setup_teardown_taskflow.py took 0.411 seconds
