[2026-04-29T09:15:16.081+0300] {processor.py:161} INFO - Started process (PID=26546) to work on /mnt/d/airflow/airflow_project/airflow_venv/lib/python3.12/site-packages/airflow/example_dags/example_setup_teardown.py
[2026-04-29T09:15:16.084+0300] {processor.py:830} INFO - Processing file /mnt/d/airflow/airflow_project/airflow_venv/lib/python3.12/site-packages/airflow/example_dags/example_setup_teardown.py for tasks to queue
[2026-04-29T09:15:16.087+0300] {logging_mixin.py:188} INFO - [2026-04-29T09:15:16.086+0300] {dagbag.py:545} INFO - Filling up the DagBag from /mnt/d/airflow/airflow_project/airflow_venv/lib/python3.12/site-packages/airflow/example_dags/example_setup_teardown.py
[2026-04-29T09:15:16.115+0300] {processor.py:840} INFO - DAG(s) 'example_setup_teardown' retrieved from /mnt/d/airflow/airflow_project/airflow_venv/lib/python3.12/site-packages/airflow/example_dags/example_setup_teardown.py
[2026-04-29T09:15:17.640+0300] {logging_mixin.py:188} INFO - [2026-04-29T09:15:17.639+0300] {override.py:1858} INFO - Created Permission View: can edit on DAG:example_setup_teardown
[2026-04-29T09:15:17.713+0300] {logging_mixin.py:188} INFO - [2026-04-29T09:15:17.707+0300] {override.py:1858} INFO - Created Permission View: can delete on DAG:example_setup_teardown
[2026-04-29T09:15:17.793+0300] {logging_mixin.py:188} INFO - [2026-04-29T09:15:17.792+0300] {override.py:1858} INFO - Created Permission View: can read on DAG:example_setup_teardown
[2026-04-29T09:15:17.794+0300] {logging_mixin.py:188} INFO - [2026-04-29T09:15:17.794+0300] {dag.py:3089} INFO - Sync 1 DAGs
[2026-04-29T09:15:17.835+0300] {logging_mixin.py:188} INFO - [2026-04-29T09:15:17.834+0300] {dag.py:3111} INFO - Creating ORM DAG for example_setup_teardown
[2026-04-29T09:15:17.857+0300] {logging_mixin.py:188} INFO - [2026-04-29T09:15:17.856+0300] {dag.py:3947} INFO - Setting next_dagrun for example_setup_teardown to 2026-04-28 00:00:00+00:00, run_after=2026-04-29 00:00:00+00:00
[2026-04-29T09:15:17.985+0300] {processor.py:183} INFO - Processing /mnt/d/airflow/airflow_project/airflow_venv/lib/python3.12/site-packages/airflow/example_dags/example_setup_teardown.py took 1.919 seconds
[2026-04-29T09:17:29.913+0300] {processor.py:161} INFO - Started process (PID=27299) to work on /mnt/d/airflow/airflow_project/airflow_venv/lib/python3.12/site-packages/airflow/example_dags/example_setup_teardown.py
[2026-04-29T09:17:30.032+0300] {processor.py:830} INFO - Processing file /mnt/d/airflow/airflow_project/airflow_venv/lib/python3.12/site-packages/airflow/example_dags/example_setup_teardown.py for tasks to queue
[2026-04-29T09:17:30.059+0300] {logging_mixin.py:188} INFO - [2026-04-29T09:17:30.046+0300] {dagbag.py:545} INFO - Filling up the DagBag from /mnt/d/airflow/airflow_project/airflow_venv/lib/python3.12/site-packages/airflow/example_dags/example_setup_teardown.py
[2026-04-29T09:17:30.122+0300] {processor.py:840} INFO - DAG(s) 'example_setup_teardown' retrieved from /mnt/d/airflow/airflow_project/airflow_venv/lib/python3.12/site-packages/airflow/example_dags/example_setup_teardown.py
[2026-04-29T09:17:30.182+0300] {logging_mixin.py:188} INFO - [2026-04-29T09:17:30.170+0300] {dag.py:3089} INFO - Sync 1 DAGs
[2026-04-29T09:17:30.226+0300] {logging_mixin.py:188} INFO - [2026-04-29T09:17:30.225+0300] {dag.py:3947} INFO - Setting next_dagrun for example_setup_teardown to 2026-04-28 00:00:00+00:00, run_after=2026-04-29 00:00:00+00:00
[2026-04-29T09:17:30.274+0300] {processor.py:183} INFO - Processing /mnt/d/airflow/airflow_project/airflow_venv/lib/python3.12/site-packages/airflow/example_dags/example_setup_teardown.py took 0.386 seconds
[2026-04-29T09:18:42.378+0300] {processor.py:161} INFO - Started process (PID=27740) to work on /mnt/d/airflow/airflow_project/airflow_venv/lib/python3.12/site-packages/airflow/example_dags/example_setup_teardown.py
[2026-04-29T09:18:42.383+0300] {processor.py:830} INFO - Processing file /mnt/d/airflow/airflow_project/airflow_venv/lib/python3.12/site-packages/airflow/example_dags/example_setup_teardown.py for tasks to queue
[2026-04-29T09:18:42.390+0300] {logging_mixin.py:188} INFO - [2026-04-29T09:18:42.387+0300] {dagbag.py:545} INFO - Filling up the DagBag from /mnt/d/airflow/airflow_project/airflow_venv/lib/python3.12/site-packages/airflow/example_dags/example_setup_teardown.py
[2026-04-29T09:18:42.464+0300] {processor.py:840} INFO - DAG(s) 'example_setup_teardown' retrieved from /mnt/d/airflow/airflow_project/airflow_venv/lib/python3.12/site-packages/airflow/example_dags/example_setup_teardown.py
[2026-04-29T09:18:42.529+0300] {logging_mixin.py:188} INFO - [2026-04-29T09:18:42.528+0300] {dag.py:3089} INFO - Sync 1 DAGs
[2026-04-29T09:18:42.590+0300] {logging_mixin.py:188} INFO - [2026-04-29T09:18:42.588+0300] {dag.py:3947} INFO - Setting next_dagrun for example_setup_teardown to 2026-04-28 00:00:00+00:00, run_after=2026-04-29 00:00:00+00:00
[2026-04-29T09:18:42.743+0300] {processor.py:183} INFO - Processing /mnt/d/airflow/airflow_project/airflow_venv/lib/python3.12/site-packages/airflow/example_dags/example_setup_teardown.py took 0.396 seconds
[2026-04-29T09:21:01.003+0300] {processor.py:161} INFO - Started process (PID=28551) to work on /mnt/d/airflow/airflow_project/airflow_venv/lib/python3.12/site-packages/airflow/example_dags/example_setup_teardown.py
[2026-04-29T09:21:01.007+0300] {processor.py:830} INFO - Processing file /mnt/d/airflow/airflow_project/airflow_venv/lib/python3.12/site-packages/airflow/example_dags/example_setup_teardown.py for tasks to queue
[2026-04-29T09:21:01.013+0300] {logging_mixin.py:188} INFO - [2026-04-29T09:21:01.010+0300] {dagbag.py:545} INFO - Filling up the DagBag from /mnt/d/airflow/airflow_project/airflow_venv/lib/python3.12/site-packages/airflow/example_dags/example_setup_teardown.py
[2026-04-29T09:21:01.070+0300] {processor.py:840} INFO - DAG(s) 'example_setup_teardown' retrieved from /mnt/d/airflow/airflow_project/airflow_venv/lib/python3.12/site-packages/airflow/example_dags/example_setup_teardown.py
[2026-04-29T09:21:01.188+0300] {logging_mixin.py:188} INFO - [2026-04-29T09:21:01.187+0300] {dag.py:3089} INFO - Sync 1 DAGs
[2026-04-29T09:21:01.215+0300] {logging_mixin.py:188} INFO - [2026-04-29T09:21:01.214+0300] {dag.py:3947} INFO - Setting next_dagrun for example_setup_teardown to 2026-04-28 00:00:00+00:00, run_after=2026-04-29 00:00:00+00:00
[2026-04-29T09:21:01.386+0300] {processor.py:183} INFO - Processing /mnt/d/airflow/airflow_project/airflow_venv/lib/python3.12/site-packages/airflow/example_dags/example_setup_teardown.py took 0.404 seconds
[2026-04-29T09:22:56.618+0300] {processor.py:161} INFO - Started process (PID=29234) to work on /mnt/d/airflow/airflow_project/airflow_venv/lib/python3.12/site-packages/airflow/example_dags/example_setup_teardown.py
[2026-04-29T09:22:56.625+0300] {processor.py:830} INFO - Processing file /mnt/d/airflow/airflow_project/airflow_venv/lib/python3.12/site-packages/airflow/example_dags/example_setup_teardown.py for tasks to queue
[2026-04-29T09:22:56.635+0300] {logging_mixin.py:188} INFO - [2026-04-29T09:22:56.632+0300] {dagbag.py:545} INFO - Filling up the DagBag from /mnt/d/airflow/airflow_project/airflow_venv/lib/python3.12/site-packages/airflow/example_dags/example_setup_teardown.py
[2026-04-29T09:22:56.706+0300] {processor.py:840} INFO - DAG(s) 'example_setup_teardown' retrieved from /mnt/d/airflow/airflow_project/airflow_venv/lib/python3.12/site-packages/airflow/example_dags/example_setup_teardown.py
[2026-04-29T09:22:56.777+0300] {logging_mixin.py:188} INFO - [2026-04-29T09:22:56.773+0300] {dag.py:3089} INFO - Sync 1 DAGs
[2026-04-29T09:22:56.827+0300] {logging_mixin.py:188} INFO - [2026-04-29T09:22:56.823+0300] {dag.py:3947} INFO - Setting next_dagrun for example_setup_teardown to 2026-04-28 00:00:00+00:00, run_after=2026-04-29 00:00:00+00:00
[2026-04-29T09:22:56.964+0300] {processor.py:183} INFO - Processing /mnt/d/airflow/airflow_project/airflow_venv/lib/python3.12/site-packages/airflow/example_dags/example_setup_teardown.py took 0.397 seconds
[2026-04-29T09:25:15.951+0300] {processor.py:161} INFO - Started process (PID=30012) to work on /mnt/d/airflow/airflow_project/airflow_venv/lib/python3.12/site-packages/airflow/example_dags/example_setup_teardown.py
[2026-04-29T09:25:15.956+0300] {processor.py:830} INFO - Processing file /mnt/d/airflow/airflow_project/airflow_venv/lib/python3.12/site-packages/airflow/example_dags/example_setup_teardown.py for tasks to queue
[2026-04-29T09:25:15.964+0300] {logging_mixin.py:188} INFO - [2026-04-29T09:25:15.961+0300] {dagbag.py:545} INFO - Filling up the DagBag from /mnt/d/airflow/airflow_project/airflow_venv/lib/python3.12/site-packages/airflow/example_dags/example_setup_teardown.py
[2026-04-29T09:25:16.042+0300] {processor.py:840} INFO - DAG(s) 'example_setup_teardown' retrieved from /mnt/d/airflow/airflow_project/airflow_venv/lib/python3.12/site-packages/airflow/example_dags/example_setup_teardown.py
[2026-04-29T09:25:16.114+0300] {logging_mixin.py:188} INFO - [2026-04-29T09:25:16.112+0300] {dag.py:3089} INFO - Sync 1 DAGs
[2026-04-29T09:25:16.191+0300] {logging_mixin.py:188} INFO - [2026-04-29T09:25:16.188+0300] {dag.py:3947} INFO - Setting next_dagrun for example_setup_teardown to 2026-04-28 00:00:00+00:00, run_after=2026-04-29 00:00:00+00:00
[2026-04-29T09:25:16.418+0300] {processor.py:183} INFO - Processing /mnt/d/airflow/airflow_project/airflow_venv/lib/python3.12/site-packages/airflow/example_dags/example_setup_teardown.py took 0.493 seconds
[2026-04-29T09:26:25.588+0300] {processor.py:161} INFO - Started process (PID=30406) to work on /mnt/d/airflow/airflow_project/airflow_venv/lib/python3.12/site-packages/airflow/example_dags/example_setup_teardown.py
[2026-04-29T09:26:25.593+0300] {processor.py:830} INFO - Processing file /mnt/d/airflow/airflow_project/airflow_venv/lib/python3.12/site-packages/airflow/example_dags/example_setup_teardown.py for tasks to queue
[2026-04-29T09:26:25.602+0300] {logging_mixin.py:188} INFO - [2026-04-29T09:26:25.598+0300] {dagbag.py:545} INFO - Filling up the DagBag from /mnt/d/airflow/airflow_project/airflow_venv/lib/python3.12/site-packages/airflow/example_dags/example_setup_teardown.py
[2026-04-29T09:26:25.692+0300] {processor.py:840} INFO - DAG(s) 'example_setup_teardown' retrieved from /mnt/d/airflow/airflow_project/airflow_venv/lib/python3.12/site-packages/airflow/example_dags/example_setup_teardown.py
[2026-04-29T09:26:25.745+0300] {logging_mixin.py:188} INFO - [2026-04-29T09:26:25.743+0300] {dag.py:3089} INFO - Sync 1 DAGs
[2026-04-29T09:26:25.797+0300] {logging_mixin.py:188} INFO - [2026-04-29T09:26:25.795+0300] {dag.py:3947} INFO - Setting next_dagrun for example_setup_teardown to 2026-04-28 00:00:00+00:00, run_after=2026-04-29 00:00:00+00:00
[2026-04-29T09:26:25.904+0300] {processor.py:183} INFO - Processing /mnt/d/airflow/airflow_project/airflow_venv/lib/python3.12/site-packages/airflow/example_dags/example_setup_teardown.py took 0.356 seconds
[2026-04-29T09:27:38.729+0300] {processor.py:161} INFO - Started process (PID=30815) to work on /mnt/d/airflow/airflow_project/airflow_venv/lib/python3.12/site-packages/airflow/example_dags/example_setup_teardown.py
[2026-04-29T09:27:38.734+0300] {processor.py:830} INFO - Processing file /mnt/d/airflow/airflow_project/airflow_venv/lib/python3.12/site-packages/airflow/example_dags/example_setup_teardown.py for tasks to queue
[2026-04-29T09:27:38.741+0300] {logging_mixin.py:188} INFO - [2026-04-29T09:27:38.739+0300] {dagbag.py:545} INFO - Filling up the DagBag from /mnt/d/airflow/airflow_project/airflow_venv/lib/python3.12/site-packages/airflow/example_dags/example_setup_teardown.py
[2026-04-29T09:27:38.815+0300] {processor.py:840} INFO - DAG(s) 'example_setup_teardown' retrieved from /mnt/d/airflow/airflow_project/airflow_venv/lib/python3.12/site-packages/airflow/example_dags/example_setup_teardown.py
[2026-04-29T09:27:38.883+0300] {logging_mixin.py:188} INFO - [2026-04-29T09:27:38.880+0300] {dag.py:3089} INFO - Sync 1 DAGs
[2026-04-29T09:27:38.960+0300] {logging_mixin.py:188} INFO - [2026-04-29T09:27:38.957+0300] {dag.py:3947} INFO - Setting next_dagrun for example_setup_teardown to 2026-04-28 00:00:00+00:00, run_after=2026-04-29 00:00:00+00:00
[2026-04-29T09:27:39.159+0300] {processor.py:183} INFO - Processing /mnt/d/airflow/airflow_project/airflow_venv/lib/python3.12/site-packages/airflow/example_dags/example_setup_teardown.py took 0.463 seconds
[2026-04-29T09:28:54.451+0300] {processor.py:161} INFO - Started process (PID=31249) to work on /mnt/d/airflow/airflow_project/airflow_venv/lib/python3.12/site-packages/airflow/example_dags/example_setup_teardown.py
[2026-04-29T09:28:54.455+0300] {processor.py:830} INFO - Processing file /mnt/d/airflow/airflow_project/airflow_venv/lib/python3.12/site-packages/airflow/example_dags/example_setup_teardown.py for tasks to queue
[2026-04-29T09:28:54.465+0300] {logging_mixin.py:188} INFO - [2026-04-29T09:28:54.462+0300] {dagbag.py:545} INFO - Filling up the DagBag from /mnt/d/airflow/airflow_project/airflow_venv/lib/python3.12/site-packages/airflow/example_dags/example_setup_teardown.py
[2026-04-29T09:28:54.541+0300] {processor.py:840} INFO - DAG(s) 'example_setup_teardown' retrieved from /mnt/d/airflow/airflow_project/airflow_venv/lib/python3.12/site-packages/airflow/example_dags/example_setup_teardown.py
[2026-04-29T09:28:54.620+0300] {logging_mixin.py:188} INFO - [2026-04-29T09:28:54.617+0300] {dag.py:3089} INFO - Sync 1 DAGs
[2026-04-29T09:28:54.691+0300] {logging_mixin.py:188} INFO - [2026-04-29T09:28:54.688+0300] {dag.py:3947} INFO - Setting next_dagrun for example_setup_teardown to 2026-04-28 00:00:00+00:00, run_after=2026-04-29 00:00:00+00:00
[2026-04-29T09:28:54.872+0300] {processor.py:183} INFO - Processing /mnt/d/airflow/airflow_project/airflow_venv/lib/python3.12/site-packages/airflow/example_dags/example_setup_teardown.py took 0.452 seconds
[2026-04-29T09:30:29.386+0300] {processor.py:161} INFO - Started process (PID=31823) to work on /mnt/d/airflow/airflow_project/airflow_venv/lib/python3.12/site-packages/airflow/example_dags/example_setup_teardown.py
[2026-04-29T09:30:29.391+0300] {processor.py:830} INFO - Processing file /mnt/d/airflow/airflow_project/airflow_venv/lib/python3.12/site-packages/airflow/example_dags/example_setup_teardown.py for tasks to queue
[2026-04-29T09:30:29.397+0300] {logging_mixin.py:188} INFO - [2026-04-29T09:30:29.395+0300] {dagbag.py:545} INFO - Filling up the DagBag from /mnt/d/airflow/airflow_project/airflow_venv/lib/python3.12/site-packages/airflow/example_dags/example_setup_teardown.py
[2026-04-29T09:30:29.549+0300] {processor.py:840} INFO - DAG(s) 'example_setup_teardown' retrieved from /mnt/d/airflow/airflow_project/airflow_venv/lib/python3.12/site-packages/airflow/example_dags/example_setup_teardown.py
[2026-04-29T09:30:29.595+0300] {logging_mixin.py:188} INFO - [2026-04-29T09:30:29.592+0300] {dag.py:3089} INFO - Sync 1 DAGs
[2026-04-29T09:30:29.631+0300] {logging_mixin.py:188} INFO - [2026-04-29T09:30:29.629+0300] {dag.py:3947} INFO - Setting next_dagrun for example_setup_teardown to 2026-04-28 00:00:00+00:00, run_after=2026-04-29 00:00:00+00:00
[2026-04-29T09:30:29.790+0300] {processor.py:183} INFO - Processing /mnt/d/airflow/airflow_project/airflow_venv/lib/python3.12/site-packages/airflow/example_dags/example_setup_teardown.py took 0.443 seconds
[2026-04-29T09:31:42.349+0300] {processor.py:161} INFO - Started process (PID=32255) to work on /mnt/d/airflow/airflow_project/airflow_venv/lib/python3.12/site-packages/airflow/example_dags/example_setup_teardown.py
[2026-04-29T09:31:42.351+0300] {processor.py:830} INFO - Processing file /mnt/d/airflow/airflow_project/airflow_venv/lib/python3.12/site-packages/airflow/example_dags/example_setup_teardown.py for tasks to queue
[2026-04-29T09:31:42.354+0300] {logging_mixin.py:188} INFO - [2026-04-29T09:31:42.353+0300] {dagbag.py:545} INFO - Filling up the DagBag from /mnt/d/airflow/airflow_project/airflow_venv/lib/python3.12/site-packages/airflow/example_dags/example_setup_teardown.py
[2026-04-29T09:31:42.390+0300] {processor.py:840} INFO - DAG(s) 'example_setup_teardown' retrieved from /mnt/d/airflow/airflow_project/airflow_venv/lib/python3.12/site-packages/airflow/example_dags/example_setup_teardown.py
[2026-04-29T09:31:42.423+0300] {logging_mixin.py:188} INFO - [2026-04-29T09:31:42.422+0300] {dag.py:3089} INFO - Sync 1 DAGs
[2026-04-29T09:31:42.455+0300] {logging_mixin.py:188} INFO - [2026-04-29T09:31:42.454+0300] {dag.py:3947} INFO - Setting next_dagrun for example_setup_teardown to 2026-04-28 00:00:00+00:00, run_after=2026-04-29 00:00:00+00:00
[2026-04-29T09:31:42.513+0300] {processor.py:183} INFO - Processing /mnt/d/airflow/airflow_project/airflow_venv/lib/python3.12/site-packages/airflow/example_dags/example_setup_teardown.py took 0.173 seconds
[2026-04-29T09:32:53.523+0300] {processor.py:161} INFO - Started process (PID=32669) to work on /mnt/d/airflow/airflow_project/airflow_venv/lib/python3.12/site-packages/airflow/example_dags/example_setup_teardown.py
[2026-04-29T09:32:53.525+0300] {processor.py:830} INFO - Processing file /mnt/d/airflow/airflow_project/airflow_venv/lib/python3.12/site-packages/airflow/example_dags/example_setup_teardown.py for tasks to queue
[2026-04-29T09:32:53.531+0300] {logging_mixin.py:188} INFO - [2026-04-29T09:32:53.529+0300] {dagbag.py:545} INFO - Filling up the DagBag from /mnt/d/airflow/airflow_project/airflow_venv/lib/python3.12/site-packages/airflow/example_dags/example_setup_teardown.py
[2026-04-29T09:32:53.603+0300] {processor.py:840} INFO - DAG(s) 'example_setup_teardown' retrieved from /mnt/d/airflow/airflow_project/airflow_venv/lib/python3.12/site-packages/airflow/example_dags/example_setup_teardown.py
[2026-04-29T09:32:53.677+0300] {logging_mixin.py:188} INFO - [2026-04-29T09:32:53.674+0300] {dag.py:3089} INFO - Sync 1 DAGs
[2026-04-29T09:32:53.744+0300] {logging_mixin.py:188} INFO - [2026-04-29T09:32:53.741+0300] {dag.py:3947} INFO - Setting next_dagrun for example_setup_teardown to 2026-04-28 00:00:00+00:00, run_after=2026-04-29 00:00:00+00:00
[2026-04-29T09:32:53.956+0300] {processor.py:183} INFO - Processing /mnt/d/airflow/airflow_project/airflow_venv/lib/python3.12/site-packages/airflow/example_dags/example_setup_teardown.py took 0.443 seconds
[2026-04-29T09:35:16.318+0300] {processor.py:161} INFO - Started process (PID=33515) to work on /mnt/d/airflow/airflow_project/airflow_venv/lib/python3.12/site-packages/airflow/example_dags/example_setup_teardown.py
[2026-04-29T09:35:16.320+0300] {processor.py:830} INFO - Processing file /mnt/d/airflow/airflow_project/airflow_venv/lib/python3.12/site-packages/airflow/example_dags/example_setup_teardown.py for tasks to queue
[2026-04-29T09:35:16.323+0300] {logging_mixin.py:188} INFO - [2026-04-29T09:35:16.322+0300] {dagbag.py:545} INFO - Filling up the DagBag from /mnt/d/airflow/airflow_project/airflow_venv/lib/python3.12/site-packages/airflow/example_dags/example_setup_teardown.py
[2026-04-29T09:35:16.348+0300] {processor.py:840} INFO - DAG(s) 'example_setup_teardown' retrieved from /mnt/d/airflow/airflow_project/airflow_venv/lib/python3.12/site-packages/airflow/example_dags/example_setup_teardown.py
[2026-04-29T09:35:16.374+0300] {logging_mixin.py:188} INFO - [2026-04-29T09:35:16.373+0300] {dag.py:3089} INFO - Sync 1 DAGs
[2026-04-29T09:35:16.399+0300] {logging_mixin.py:188} INFO - [2026-04-29T09:35:16.398+0300] {dag.py:3947} INFO - Setting next_dagrun for example_setup_teardown to 2026-04-28 00:00:00+00:00, run_after=2026-04-29 00:00:00+00:00
[2026-04-29T09:35:16.480+0300] {processor.py:183} INFO - Processing /mnt/d/airflow/airflow_project/airflow_venv/lib/python3.12/site-packages/airflow/example_dags/example_setup_teardown.py took 0.182 seconds
[2026-04-29T09:37:11.316+0300] {processor.py:161} INFO - Started process (PID=34216) to work on /mnt/d/airflow/airflow_project/airflow_venv/lib/python3.12/site-packages/airflow/example_dags/example_setup_teardown.py
[2026-04-29T09:37:11.320+0300] {processor.py:830} INFO - Processing file /mnt/d/airflow/airflow_project/airflow_venv/lib/python3.12/site-packages/airflow/example_dags/example_setup_teardown.py for tasks to queue
[2026-04-29T09:37:11.329+0300] {logging_mixin.py:188} INFO - [2026-04-29T09:37:11.326+0300] {dagbag.py:545} INFO - Filling up the DagBag from /mnt/d/airflow/airflow_project/airflow_venv/lib/python3.12/site-packages/airflow/example_dags/example_setup_teardown.py
[2026-04-29T09:37:11.481+0300] {processor.py:840} INFO - DAG(s) 'example_setup_teardown' retrieved from /mnt/d/airflow/airflow_project/airflow_venv/lib/python3.12/site-packages/airflow/example_dags/example_setup_teardown.py
[2026-04-29T09:37:11.556+0300] {logging_mixin.py:188} INFO - [2026-04-29T09:37:11.554+0300] {dag.py:3089} INFO - Sync 1 DAGs
[2026-04-29T09:37:11.616+0300] {logging_mixin.py:188} INFO - [2026-04-29T09:37:11.614+0300] {dag.py:3947} INFO - Setting next_dagrun for example_setup_teardown to 2026-04-28 00:00:00+00:00, run_after=2026-04-29 00:00:00+00:00
[2026-04-29T09:37:11.752+0300] {processor.py:183} INFO - Processing /mnt/d/airflow/airflow_project/airflow_venv/lib/python3.12/site-packages/airflow/example_dags/example_setup_teardown.py took 0.474 seconds
[2026-04-29T09:39:27.632+0300] {processor.py:161} INFO - Started process (PID=35050) to work on /mnt/d/airflow/airflow_project/airflow_venv/lib/python3.12/site-packages/airflow/example_dags/example_setup_teardown.py
[2026-04-29T09:39:27.637+0300] {processor.py:830} INFO - Processing file /mnt/d/airflow/airflow_project/airflow_venv/lib/python3.12/site-packages/airflow/example_dags/example_setup_teardown.py for tasks to queue
[2026-04-29T09:39:27.646+0300] {logging_mixin.py:188} INFO - [2026-04-29T09:39:27.643+0300] {dagbag.py:545} INFO - Filling up the DagBag from /mnt/d/airflow/airflow_project/airflow_venv/lib/python3.12/site-packages/airflow/example_dags/example_setup_teardown.py
[2026-04-29T09:39:27.723+0300] {processor.py:840} INFO - DAG(s) 'example_setup_teardown' retrieved from /mnt/d/airflow/airflow_project/airflow_venv/lib/python3.12/site-packages/airflow/example_dags/example_setup_teardown.py
[2026-04-29T09:39:27.803+0300] {logging_mixin.py:188} INFO - [2026-04-29T09:39:27.800+0300] {dag.py:3089} INFO - Sync 1 DAGs
[2026-04-29T09:39:27.878+0300] {logging_mixin.py:188} INFO - [2026-04-29T09:39:27.875+0300] {dag.py:3947} INFO - Setting next_dagrun for example_setup_teardown to 2026-04-28 00:00:00+00:00, run_after=2026-04-29 00:00:00+00:00
[2026-04-29T09:39:28.023+0300] {processor.py:183} INFO - Processing /mnt/d/airflow/airflow_project/airflow_venv/lib/python3.12/site-packages/airflow/example_dags/example_setup_teardown.py took 0.425 seconds
[2026-04-29T09:41:20.570+0300] {processor.py:161} INFO - Started process (PID=35697) to work on /mnt/d/airflow/airflow_project/airflow_venv/lib/python3.12/site-packages/airflow/example_dags/example_setup_teardown.py
[2026-04-29T09:41:20.575+0300] {processor.py:830} INFO - Processing file /mnt/d/airflow/airflow_project/airflow_venv/lib/python3.12/site-packages/airflow/example_dags/example_setup_teardown.py for tasks to queue
[2026-04-29T09:41:20.584+0300] {logging_mixin.py:188} INFO - [2026-04-29T09:41:20.580+0300] {dagbag.py:545} INFO - Filling up the DagBag from /mnt/d/airflow/airflow_project/airflow_venv/lib/python3.12/site-packages/airflow/example_dags/example_setup_teardown.py
[2026-04-29T09:41:20.671+0300] {processor.py:840} INFO - DAG(s) 'example_setup_teardown' retrieved from /mnt/d/airflow/airflow_project/airflow_venv/lib/python3.12/site-packages/airflow/example_dags/example_setup_teardown.py
[2026-04-29T09:41:20.748+0300] {logging_mixin.py:188} INFO - [2026-04-29T09:41:20.746+0300] {dag.py:3089} INFO - Sync 1 DAGs
[2026-04-29T09:41:20.808+0300] {logging_mixin.py:188} INFO - [2026-04-29T09:41:20.806+0300] {dag.py:3947} INFO - Setting next_dagrun for example_setup_teardown to 2026-04-28 00:00:00+00:00, run_after=2026-04-29 00:00:00+00:00
[2026-04-29T09:41:20.927+0300] {processor.py:183} INFO - Processing /mnt/d/airflow/airflow_project/airflow_venv/lib/python3.12/site-packages/airflow/example_dags/example_setup_teardown.py took 0.392 seconds
[2026-04-29T09:42:32.475+0300] {processor.py:161} INFO - Started process (PID=36100) to work on /mnt/d/airflow/airflow_project/airflow_venv/lib/python3.12/site-packages/airflow/example_dags/example_setup_teardown.py
[2026-04-29T09:42:32.478+0300] {processor.py:830} INFO - Processing file /mnt/d/airflow/airflow_project/airflow_venv/lib/python3.12/site-packages/airflow/example_dags/example_setup_teardown.py for tasks to queue
[2026-04-29T09:42:32.484+0300] {logging_mixin.py:188} INFO - [2026-04-29T09:42:32.482+0300] {dagbag.py:545} INFO - Filling up the DagBag from /mnt/d/airflow/airflow_project/airflow_venv/lib/python3.12/site-packages/airflow/example_dags/example_setup_teardown.py
[2026-04-29T09:42:32.539+0300] {processor.py:840} INFO - DAG(s) 'example_setup_teardown' retrieved from /mnt/d/airflow/airflow_project/airflow_venv/lib/python3.12/site-packages/airflow/example_dags/example_setup_teardown.py
[2026-04-29T09:42:32.613+0300] {logging_mixin.py:188} INFO - [2026-04-29T09:42:32.612+0300] {dag.py:3089} INFO - Sync 1 DAGs
[2026-04-29T09:42:32.653+0300] {logging_mixin.py:188} INFO - [2026-04-29T09:42:32.651+0300] {dag.py:3947} INFO - Setting next_dagrun for example_setup_teardown to 2026-04-28 00:00:00+00:00, run_after=2026-04-29 00:00:00+00:00
[2026-04-29T09:42:32.755+0300] {processor.py:183} INFO - Processing /mnt/d/airflow/airflow_project/airflow_venv/lib/python3.12/site-packages/airflow/example_dags/example_setup_teardown.py took 0.326 seconds
[2026-04-29T09:45:04.357+0300] {processor.py:161} INFO - Started process (PID=37014) to work on /mnt/d/airflow/airflow_project/airflow_venv/lib/python3.12/site-packages/airflow/example_dags/example_setup_teardown.py
[2026-04-29T09:45:04.361+0300] {processor.py:830} INFO - Processing file /mnt/d/airflow/airflow_project/airflow_venv/lib/python3.12/site-packages/airflow/example_dags/example_setup_teardown.py for tasks to queue
[2026-04-29T09:45:04.367+0300] {logging_mixin.py:188} INFO - [2026-04-29T09:45:04.366+0300] {dagbag.py:545} INFO - Filling up the DagBag from /mnt/d/airflow/airflow_project/airflow_venv/lib/python3.12/site-packages/airflow/example_dags/example_setup_teardown.py
[2026-04-29T09:45:04.407+0300] {processor.py:840} INFO - DAG(s) 'example_setup_teardown' retrieved from /mnt/d/airflow/airflow_project/airflow_venv/lib/python3.12/site-packages/airflow/example_dags/example_setup_teardown.py
[2026-04-29T09:45:05.834+0300] {logging_mixin.py:188} INFO - [2026-04-29T09:45:05.832+0300] {dag.py:3089} INFO - Sync 1 DAGs
[2026-04-29T09:45:05.878+0300] {logging_mixin.py:188} INFO - [2026-04-29T09:45:05.877+0300] {dag.py:3947} INFO - Setting next_dagrun for example_setup_teardown to 2026-04-28 00:00:00+00:00, run_after=2026-04-29 00:00:00+00:00
[2026-04-29T09:45:05.968+0300] {processor.py:183} INFO - Processing /mnt/d/airflow/airflow_project/airflow_venv/lib/python3.12/site-packages/airflow/example_dags/example_setup_teardown.py took 1.646 seconds
[2026-04-29T09:46:42.334+0300] {processor.py:161} INFO - Started process (PID=37553) to work on /mnt/d/airflow/airflow_project/airflow_venv/lib/python3.12/site-packages/airflow/example_dags/example_setup_teardown.py
[2026-04-29T09:46:42.337+0300] {processor.py:830} INFO - Processing file /mnt/d/airflow/airflow_project/airflow_venv/lib/python3.12/site-packages/airflow/example_dags/example_setup_teardown.py for tasks to queue
[2026-04-29T09:46:42.345+0300] {logging_mixin.py:188} INFO - [2026-04-29T09:46:42.342+0300] {dagbag.py:545} INFO - Filling up the DagBag from /mnt/d/airflow/airflow_project/airflow_venv/lib/python3.12/site-packages/airflow/example_dags/example_setup_teardown.py
[2026-04-29T09:46:42.418+0300] {processor.py:840} INFO - DAG(s) 'example_setup_teardown' retrieved from /mnt/d/airflow/airflow_project/airflow_venv/lib/python3.12/site-packages/airflow/example_dags/example_setup_teardown.py
[2026-04-29T09:46:42.491+0300] {logging_mixin.py:188} INFO - [2026-04-29T09:46:42.489+0300] {dag.py:3089} INFO - Sync 1 DAGs
[2026-04-29T09:46:42.549+0300] {logging_mixin.py:188} INFO - [2026-04-29T09:46:42.547+0300] {dag.py:3947} INFO - Setting next_dagrun for example_setup_teardown to 2026-04-28 00:00:00+00:00, run_after=2026-04-29 00:00:00+00:00
[2026-04-29T09:46:42.626+0300] {processor.py:183} INFO - Processing /mnt/d/airflow/airflow_project/airflow_venv/lib/python3.12/site-packages/airflow/example_dags/example_setup_teardown.py took 0.308 seconds
[2026-04-29T09:48:21.100+0300] {processor.py:161} INFO - Started process (PID=38110) to work on /mnt/d/airflow/airflow_project/airflow_venv/lib/python3.12/site-packages/airflow/example_dags/example_setup_teardown.py
[2026-04-29T09:48:21.105+0300] {processor.py:830} INFO - Processing file /mnt/d/airflow/airflow_project/airflow_venv/lib/python3.12/site-packages/airflow/example_dags/example_setup_teardown.py for tasks to queue
[2026-04-29T09:48:21.113+0300] {logging_mixin.py:188} INFO - [2026-04-29T09:48:21.110+0300] {dagbag.py:545} INFO - Filling up the DagBag from /mnt/d/airflow/airflow_project/airflow_venv/lib/python3.12/site-packages/airflow/example_dags/example_setup_teardown.py
[2026-04-29T09:48:21.169+0300] {processor.py:840} INFO - DAG(s) 'example_setup_teardown' retrieved from /mnt/d/airflow/airflow_project/airflow_venv/lib/python3.12/site-packages/airflow/example_dags/example_setup_teardown.py
[2026-04-29T09:48:21.228+0300] {logging_mixin.py:188} INFO - [2026-04-29T09:48:21.225+0300] {dag.py:3089} INFO - Sync 1 DAGs
[2026-04-29T09:48:21.284+0300] {logging_mixin.py:188} INFO - [2026-04-29T09:48:21.282+0300] {dag.py:3947} INFO - Setting next_dagrun for example_setup_teardown to 2026-04-28 00:00:00+00:00, run_after=2026-04-29 00:00:00+00:00
[2026-04-29T09:48:21.456+0300] {processor.py:183} INFO - Processing /mnt/d/airflow/airflow_project/airflow_venv/lib/python3.12/site-packages/airflow/example_dags/example_setup_teardown.py took 0.387 seconds
[2026-04-29T09:49:36.028+0300] {processor.py:161} INFO - Started process (PID=38536) to work on /mnt/d/airflow/airflow_project/airflow_venv/lib/python3.12/site-packages/airflow/example_dags/example_setup_teardown.py
[2026-04-29T09:49:36.033+0300] {processor.py:830} INFO - Processing file /mnt/d/airflow/airflow_project/airflow_venv/lib/python3.12/site-packages/airflow/example_dags/example_setup_teardown.py for tasks to queue
[2026-04-29T09:49:36.039+0300] {logging_mixin.py:188} INFO - [2026-04-29T09:49:36.037+0300] {dagbag.py:545} INFO - Filling up the DagBag from /mnt/d/airflow/airflow_project/airflow_venv/lib/python3.12/site-packages/airflow/example_dags/example_setup_teardown.py
[2026-04-29T09:49:36.093+0300] {processor.py:840} INFO - DAG(s) 'example_setup_teardown' retrieved from /mnt/d/airflow/airflow_project/airflow_venv/lib/python3.12/site-packages/airflow/example_dags/example_setup_teardown.py
[2026-04-29T09:49:36.136+0300] {logging_mixin.py:188} INFO - [2026-04-29T09:49:36.135+0300] {dag.py:3089} INFO - Sync 1 DAGs
[2026-04-29T09:49:36.178+0300] {logging_mixin.py:188} INFO - [2026-04-29T09:49:36.177+0300] {dag.py:3947} INFO - Setting next_dagrun for example_setup_teardown to 2026-04-28 00:00:00+00:00, run_after=2026-04-29 00:00:00+00:00
[2026-04-29T09:49:36.274+0300] {processor.py:183} INFO - Processing /mnt/d/airflow/airflow_project/airflow_venv/lib/python3.12/site-packages/airflow/example_dags/example_setup_teardown.py took 0.278 seconds
[2026-04-29T09:51:53.188+0300] {processor.py:161} INFO - Started process (PID=39326) to work on /mnt/d/airflow/airflow_project/airflow_venv/lib/python3.12/site-packages/airflow/example_dags/example_setup_teardown.py
[2026-04-29T09:51:53.192+0300] {processor.py:830} INFO - Processing file /mnt/d/airflow/airflow_project/airflow_venv/lib/python3.12/site-packages/airflow/example_dags/example_setup_teardown.py for tasks to queue
[2026-04-29T09:51:53.197+0300] {logging_mixin.py:188} INFO - [2026-04-29T09:51:53.195+0300] {dagbag.py:545} INFO - Filling up the DagBag from /mnt/d/airflow/airflow_project/airflow_venv/lib/python3.12/site-packages/airflow/example_dags/example_setup_teardown.py
[2026-04-29T09:51:53.255+0300] {processor.py:840} INFO - DAG(s) 'example_setup_teardown' retrieved from /mnt/d/airflow/airflow_project/airflow_venv/lib/python3.12/site-packages/airflow/example_dags/example_setup_teardown.py
[2026-04-29T09:51:53.310+0300] {logging_mixin.py:188} INFO - [2026-04-29T09:51:53.308+0300] {dag.py:3089} INFO - Sync 1 DAGs
[2026-04-29T09:51:53.363+0300] {logging_mixin.py:188} INFO - [2026-04-29T09:51:53.360+0300] {dag.py:3947} INFO - Setting next_dagrun for example_setup_teardown to 2026-04-28 00:00:00+00:00, run_after=2026-04-29 00:00:00+00:00
[2026-04-29T09:51:53.578+0300] {processor.py:183} INFO - Processing /mnt/d/airflow/airflow_project/airflow_venv/lib/python3.12/site-packages/airflow/example_dags/example_setup_teardown.py took 0.413 seconds
[2026-04-29T09:56:07.399+0300] {processor.py:161} INFO - Started process (PID=40765) to work on /mnt/d/airflow/airflow_project/airflow_venv/lib/python3.12/site-packages/airflow/example_dags/example_setup_teardown.py
[2026-04-29T09:56:07.404+0300] {processor.py:830} INFO - Processing file /mnt/d/airflow/airflow_project/airflow_venv/lib/python3.12/site-packages/airflow/example_dags/example_setup_teardown.py for tasks to queue
[2026-04-29T09:56:07.413+0300] {logging_mixin.py:188} INFO - [2026-04-29T09:56:07.410+0300] {dagbag.py:545} INFO - Filling up the DagBag from /mnt/d/airflow/airflow_project/airflow_venv/lib/python3.12/site-packages/airflow/example_dags/example_setup_teardown.py
[2026-04-29T09:56:07.480+0300] {processor.py:840} INFO - DAG(s) 'example_setup_teardown' retrieved from /mnt/d/airflow/airflow_project/airflow_venv/lib/python3.12/site-packages/airflow/example_dags/example_setup_teardown.py
[2026-04-29T09:56:07.527+0300] {logging_mixin.py:188} INFO - [2026-04-29T09:56:07.526+0300] {dag.py:3089} INFO - Sync 1 DAGs
[2026-04-29T09:56:07.571+0300] {logging_mixin.py:188} INFO - [2026-04-29T09:56:07.570+0300] {dag.py:3947} INFO - Setting next_dagrun for example_setup_teardown to 2026-04-28 00:00:00+00:00, run_after=2026-04-29 00:00:00+00:00
[2026-04-29T09:56:07.812+0300] {processor.py:183} INFO - Processing /mnt/d/airflow/airflow_project/airflow_venv/lib/python3.12/site-packages/airflow/example_dags/example_setup_teardown.py took 0.442 seconds
[2026-04-29T09:59:03.616+0300] {processor.py:161} INFO - Started process (PID=41785) to work on /mnt/d/airflow/airflow_project/airflow_venv/lib/python3.12/site-packages/airflow/example_dags/example_setup_teardown.py
[2026-04-29T09:59:03.621+0300] {processor.py:830} INFO - Processing file /mnt/d/airflow/airflow_project/airflow_venv/lib/python3.12/site-packages/airflow/example_dags/example_setup_teardown.py for tasks to queue
[2026-04-29T09:59:03.629+0300] {logging_mixin.py:188} INFO - [2026-04-29T09:59:03.626+0300] {dagbag.py:545} INFO - Filling up the DagBag from /mnt/d/airflow/airflow_project/airflow_venv/lib/python3.12/site-packages/airflow/example_dags/example_setup_teardown.py
[2026-04-29T09:59:03.741+0300] {processor.py:840} INFO - DAG(s) 'example_setup_teardown' retrieved from /mnt/d/airflow/airflow_project/airflow_venv/lib/python3.12/site-packages/airflow/example_dags/example_setup_teardown.py
[2026-04-29T09:59:03.806+0300] {logging_mixin.py:188} INFO - [2026-04-29T09:59:03.803+0300] {dag.py:3089} INFO - Sync 1 DAGs
[2026-04-29T09:59:03.863+0300] {logging_mixin.py:188} INFO - [2026-04-29T09:59:03.861+0300] {dag.py:3947} INFO - Setting next_dagrun for example_setup_teardown to 2026-04-28 00:00:00+00:00, run_after=2026-04-29 00:00:00+00:00
[2026-04-29T09:59:04.074+0300] {processor.py:183} INFO - Processing /mnt/d/airflow/airflow_project/airflow_venv/lib/python3.12/site-packages/airflow/example_dags/example_setup_teardown.py took 0.496 seconds
[2026-04-29T10:01:03.315+0300] {processor.py:161} INFO - Started process (PID=42422) to work on /mnt/d/airflow/airflow_project/airflow_venv/lib/python3.12/site-packages/airflow/example_dags/example_setup_teardown.py
[2026-04-29T10:01:03.319+0300] {processor.py:830} INFO - Processing file /mnt/d/airflow/airflow_project/airflow_venv/lib/python3.12/site-packages/airflow/example_dags/example_setup_teardown.py for tasks to queue
[2026-04-29T10:01:03.327+0300] {logging_mixin.py:188} INFO - [2026-04-29T10:01:03.324+0300] {dagbag.py:545} INFO - Filling up the DagBag from /mnt/d/airflow/airflow_project/airflow_venv/lib/python3.12/site-packages/airflow/example_dags/example_setup_teardown.py
[2026-04-29T10:01:03.384+0300] {processor.py:840} INFO - DAG(s) 'example_setup_teardown' retrieved from /mnt/d/airflow/airflow_project/airflow_venv/lib/python3.12/site-packages/airflow/example_dags/example_setup_teardown.py
[2026-04-29T10:01:03.436+0300] {logging_mixin.py:188} INFO - [2026-04-29T10:01:03.434+0300] {dag.py:3089} INFO - Sync 1 DAGs
[2026-04-29T10:01:03.577+0300] {logging_mixin.py:188} INFO - [2026-04-29T10:01:03.575+0300] {dag.py:3947} INFO - Setting next_dagrun for example_setup_teardown to 2026-04-28 00:00:00+00:00, run_after=2026-04-29 00:00:00+00:00
[2026-04-29T10:01:03.703+0300] {processor.py:183} INFO - Processing /mnt/d/airflow/airflow_project/airflow_venv/lib/python3.12/site-packages/airflow/example_dags/example_setup_teardown.py took 0.420 seconds
[2026-04-29T10:02:55.187+0300] {processor.py:161} INFO - Started process (PID=43038) to work on /mnt/d/airflow/airflow_project/airflow_venv/lib/python3.12/site-packages/airflow/example_dags/example_setup_teardown.py
[2026-04-29T10:02:55.190+0300] {processor.py:830} INFO - Processing file /mnt/d/airflow/airflow_project/airflow_venv/lib/python3.12/site-packages/airflow/example_dags/example_setup_teardown.py for tasks to queue
[2026-04-29T10:02:55.197+0300] {logging_mixin.py:188} INFO - [2026-04-29T10:02:55.195+0300] {dagbag.py:545} INFO - Filling up the DagBag from /mnt/d/airflow/airflow_project/airflow_venv/lib/python3.12/site-packages/airflow/example_dags/example_setup_teardown.py
[2026-04-29T10:02:55.242+0300] {processor.py:840} INFO - DAG(s) 'example_setup_teardown' retrieved from /mnt/d/airflow/airflow_project/airflow_venv/lib/python3.12/site-packages/airflow/example_dags/example_setup_teardown.py
[2026-04-29T10:02:55.293+0300] {logging_mixin.py:188} INFO - [2026-04-29T10:02:55.291+0300] {dag.py:3089} INFO - Sync 1 DAGs
[2026-04-29T10:02:55.345+0300] {logging_mixin.py:188} INFO - [2026-04-29T10:02:55.344+0300] {dag.py:3947} INFO - Setting next_dagrun for example_setup_teardown to 2026-04-28 00:00:00+00:00, run_after=2026-04-29 00:00:00+00:00
[2026-04-29T10:02:55.536+0300] {processor.py:183} INFO - Processing /mnt/d/airflow/airflow_project/airflow_venv/lib/python3.12/site-packages/airflow/example_dags/example_setup_teardown.py took 0.374 seconds
[2026-04-29T10:05:37.077+0300] {processor.py:161} INFO - Started process (PID=43964) to work on /mnt/d/airflow/airflow_project/airflow_venv/lib/python3.12/site-packages/airflow/example_dags/example_setup_teardown.py
[2026-04-29T10:05:37.079+0300] {processor.py:830} INFO - Processing file /mnt/d/airflow/airflow_project/airflow_venv/lib/python3.12/site-packages/airflow/example_dags/example_setup_teardown.py for tasks to queue
[2026-04-29T10:05:37.084+0300] {logging_mixin.py:188} INFO - [2026-04-29T10:05:37.083+0300] {dagbag.py:545} INFO - Filling up the DagBag from /mnt/d/airflow/airflow_project/airflow_venv/lib/python3.12/site-packages/airflow/example_dags/example_setup_teardown.py
[2026-04-29T10:05:37.144+0300] {processor.py:840} INFO - DAG(s) 'example_setup_teardown' retrieved from /mnt/d/airflow/airflow_project/airflow_venv/lib/python3.12/site-packages/airflow/example_dags/example_setup_teardown.py
[2026-04-29T10:05:37.197+0300] {logging_mixin.py:188} INFO - [2026-04-29T10:05:37.195+0300] {dag.py:3089} INFO - Sync 1 DAGs
[2026-04-29T10:05:37.239+0300] {logging_mixin.py:188} INFO - [2026-04-29T10:05:37.237+0300] {dag.py:3947} INFO - Setting next_dagrun for example_setup_teardown to 2026-04-28 00:00:00+00:00, run_after=2026-04-29 00:00:00+00:00
[2026-04-29T10:05:37.342+0300] {processor.py:183} INFO - Processing /mnt/d/airflow/airflow_project/airflow_venv/lib/python3.12/site-packages/airflow/example_dags/example_setup_teardown.py took 0.283 seconds
[2026-04-29T10:07:58.182+0300] {processor.py:161} INFO - Started process (PID=44759) to work on /mnt/d/airflow/airflow_project/airflow_venv/lib/python3.12/site-packages/airflow/example_dags/example_setup_teardown.py
[2026-04-29T10:07:58.188+0300] {processor.py:830} INFO - Processing file /mnt/d/airflow/airflow_project/airflow_venv/lib/python3.12/site-packages/airflow/example_dags/example_setup_teardown.py for tasks to queue
[2026-04-29T10:07:58.192+0300] {logging_mixin.py:188} INFO - [2026-04-29T10:07:58.191+0300] {dagbag.py:545} INFO - Filling up the DagBag from /mnt/d/airflow/airflow_project/airflow_venv/lib/python3.12/site-packages/airflow/example_dags/example_setup_teardown.py
[2026-04-29T10:07:58.221+0300] {processor.py:840} INFO - DAG(s) 'example_setup_teardown' retrieved from /mnt/d/airflow/airflow_project/airflow_venv/lib/python3.12/site-packages/airflow/example_dags/example_setup_teardown.py
[2026-04-29T10:07:58.360+0300] {logging_mixin.py:188} INFO - [2026-04-29T10:07:58.358+0300] {dag.py:3089} INFO - Sync 1 DAGs
[2026-04-29T10:07:58.404+0300] {logging_mixin.py:188} INFO - [2026-04-29T10:07:58.398+0300] {dag.py:3947} INFO - Setting next_dagrun for example_setup_teardown to 2026-04-28 00:00:00+00:00, run_after=2026-04-29 00:00:00+00:00
[2026-04-29T10:07:58.526+0300] {processor.py:183} INFO - Processing /mnt/d/airflow/airflow_project/airflow_venv/lib/python3.12/site-packages/airflow/example_dags/example_setup_teardown.py took 0.362 seconds
[2026-04-29T10:09:56.454+0300] {processor.py:161} INFO - Started process (PID=45405) to work on /mnt/d/airflow/airflow_project/airflow_venv/lib/python3.12/site-packages/airflow/example_dags/example_setup_teardown.py
[2026-04-29T10:09:56.458+0300] {processor.py:830} INFO - Processing file /mnt/d/airflow/airflow_project/airflow_venv/lib/python3.12/site-packages/airflow/example_dags/example_setup_teardown.py for tasks to queue
[2026-04-29T10:09:56.466+0300] {logging_mixin.py:188} INFO - [2026-04-29T10:09:56.463+0300] {dagbag.py:545} INFO - Filling up the DagBag from /mnt/d/airflow/airflow_project/airflow_venv/lib/python3.12/site-packages/airflow/example_dags/example_setup_teardown.py
[2026-04-29T10:09:56.538+0300] {processor.py:840} INFO - DAG(s) 'example_setup_teardown' retrieved from /mnt/d/airflow/airflow_project/airflow_venv/lib/python3.12/site-packages/airflow/example_dags/example_setup_teardown.py
[2026-04-29T10:09:56.601+0300] {logging_mixin.py:188} INFO - [2026-04-29T10:09:56.599+0300] {dag.py:3089} INFO - Sync 1 DAGs
[2026-04-29T10:09:56.648+0300] {logging_mixin.py:188} INFO - [2026-04-29T10:09:56.646+0300] {dag.py:3947} INFO - Setting next_dagrun for example_setup_teardown to 2026-04-28 00:00:00+00:00, run_after=2026-04-29 00:00:00+00:00
[2026-04-29T10:09:56.776+0300] {processor.py:183} INFO - Processing /mnt/d/airflow/airflow_project/airflow_venv/lib/python3.12/site-packages/airflow/example_dags/example_setup_teardown.py took 0.351 seconds
[2026-04-29T10:12:16.054+0300] {processor.py:161} INFO - Started process (PID=46179) to work on /mnt/d/airflow/airflow_project/airflow_venv/lib/python3.12/site-packages/airflow/example_dags/example_setup_teardown.py
[2026-04-29T10:12:16.058+0300] {processor.py:830} INFO - Processing file /mnt/d/airflow/airflow_project/airflow_venv/lib/python3.12/site-packages/airflow/example_dags/example_setup_teardown.py for tasks to queue
[2026-04-29T10:12:16.065+0300] {logging_mixin.py:188} INFO - [2026-04-29T10:12:16.063+0300] {dagbag.py:545} INFO - Filling up the DagBag from /mnt/d/airflow/airflow_project/airflow_venv/lib/python3.12/site-packages/airflow/example_dags/example_setup_teardown.py
[2026-04-29T10:12:16.123+0300] {processor.py:840} INFO - DAG(s) 'example_setup_teardown' retrieved from /mnt/d/airflow/airflow_project/airflow_venv/lib/python3.12/site-packages/airflow/example_dags/example_setup_teardown.py
[2026-04-29T10:12:16.168+0300] {logging_mixin.py:188} INFO - [2026-04-29T10:12:16.166+0300] {dag.py:3089} INFO - Sync 1 DAGs
[2026-04-29T10:12:16.216+0300] {logging_mixin.py:188} INFO - [2026-04-29T10:12:16.215+0300] {dag.py:3947} INFO - Setting next_dagrun for example_setup_teardown to 2026-04-28 00:00:00+00:00, run_after=2026-04-29 00:00:00+00:00
[2026-04-29T10:12:16.308+0300] {processor.py:183} INFO - Processing /mnt/d/airflow/airflow_project/airflow_venv/lib/python3.12/site-packages/airflow/example_dags/example_setup_teardown.py took 0.284 seconds
