[2026-04-29T09:14:36.923+0300] {processor.py:161} INFO - Started process (PID=26332) to work on /mnt/d/airflow/airflow_project/airflow_venv/lib/python3.12/site-packages/airflow/example_dags/example_xcom.py
[2026-04-29T09:14:36.924+0300] {processor.py:830} INFO - Processing file /mnt/d/airflow/airflow_project/airflow_venv/lib/python3.12/site-packages/airflow/example_dags/example_xcom.py for tasks to queue
[2026-04-29T09:14:36.927+0300] {logging_mixin.py:188} INFO - [2026-04-29T09:14:36.926+0300] {dagbag.py:545} INFO - Filling up the DagBag from /mnt/d/airflow/airflow_project/airflow_venv/lib/python3.12/site-packages/airflow/example_dags/example_xcom.py
[2026-04-29T09:14:37.018+0300] {processor.py:840} INFO - DAG(s) 'example_xcom' retrieved from /mnt/d/airflow/airflow_project/airflow_venv/lib/python3.12/site-packages/airflow/example_dags/example_xcom.py
[2026-04-29T09:14:38.759+0300] {logging_mixin.py:188} INFO - [2026-04-29T09:14:38.757+0300] {override.py:1858} INFO - Created Permission View: can edit on DAG:example_xcom
[2026-04-29T09:14:38.803+0300] {logging_mixin.py:188} INFO - [2026-04-29T09:14:38.802+0300] {override.py:1858} INFO - Created Permission View: can delete on DAG:example_xcom
[2026-04-29T09:14:38.830+0300] {logging_mixin.py:188} INFO - [2026-04-29T09:14:38.830+0300] {override.py:1858} INFO - Created Permission View: can read on DAG:example_xcom
[2026-04-29T09:14:38.833+0300] {logging_mixin.py:188} INFO - [2026-04-29T09:14:38.832+0300] {dag.py:3089} INFO - Sync 1 DAGs
[2026-04-29T09:14:38.856+0300] {logging_mixin.py:188} INFO - [2026-04-29T09:14:38.855+0300] {dag.py:3111} INFO - Creating ORM DAG for example_xcom
[2026-04-29T09:14:38.867+0300] {logging_mixin.py:188} INFO - [2026-04-29T09:14:38.866+0300] {dag.py:3947} INFO - Setting next_dagrun for example_xcom to 2021-01-01 00:00:00+00:00, run_after=2021-01-01 00:00:00+00:00
[2026-04-29T09:14:38.987+0300] {processor.py:183} INFO - Processing /mnt/d/airflow/airflow_project/airflow_venv/lib/python3.12/site-packages/airflow/example_dags/example_xcom.py took 2.077 seconds
[2026-04-29T09:17:08.491+0300] {processor.py:161} INFO - Started process (PID=27176) to work on /mnt/d/airflow/airflow_project/airflow_venv/lib/python3.12/site-packages/airflow/example_dags/example_xcom.py
[2026-04-29T09:17:08.496+0300] {processor.py:830} INFO - Processing file /mnt/d/airflow/airflow_project/airflow_venv/lib/python3.12/site-packages/airflow/example_dags/example_xcom.py for tasks to queue
[2026-04-29T09:17:08.506+0300] {logging_mixin.py:188} INFO - [2026-04-29T09:17:08.502+0300] {dagbag.py:545} INFO - Filling up the DagBag from /mnt/d/airflow/airflow_project/airflow_venv/lib/python3.12/site-packages/airflow/example_dags/example_xcom.py
[2026-04-29T09:17:08.602+0300] {processor.py:840} INFO - DAG(s) 'example_xcom' retrieved from /mnt/d/airflow/airflow_project/airflow_venv/lib/python3.12/site-packages/airflow/example_dags/example_xcom.py
[2026-04-29T09:17:08.681+0300] {logging_mixin.py:188} INFO - [2026-04-29T09:17:08.679+0300] {dag.py:3089} INFO - Sync 1 DAGs
[2026-04-29T09:17:08.727+0300] {logging_mixin.py:188} INFO - [2026-04-29T09:17:08.722+0300] {dag.py:3947} INFO - Setting next_dagrun for example_xcom to 2021-01-01 00:00:00+00:00, run_after=2021-01-01 00:00:00+00:00
[2026-04-29T09:17:08.921+0300] {processor.py:183} INFO - Processing /mnt/d/airflow/airflow_project/airflow_venv/lib/python3.12/site-packages/airflow/example_dags/example_xcom.py took 0.467 seconds
[2026-04-29T09:18:20.393+0300] {processor.py:161} INFO - Started process (PID=27615) to work on /mnt/d/airflow/airflow_project/airflow_venv/lib/python3.12/site-packages/airflow/example_dags/example_xcom.py
[2026-04-29T09:18:20.397+0300] {processor.py:830} INFO - Processing file /mnt/d/airflow/airflow_project/airflow_venv/lib/python3.12/site-packages/airflow/example_dags/example_xcom.py for tasks to queue
[2026-04-29T09:18:20.404+0300] {logging_mixin.py:188} INFO - [2026-04-29T09:18:20.401+0300] {dagbag.py:545} INFO - Filling up the DagBag from /mnt/d/airflow/airflow_project/airflow_venv/lib/python3.12/site-packages/airflow/example_dags/example_xcom.py
[2026-04-29T09:18:20.465+0300] {processor.py:840} INFO - DAG(s) 'example_xcom' retrieved from /mnt/d/airflow/airflow_project/airflow_venv/lib/python3.12/site-packages/airflow/example_dags/example_xcom.py
[2026-04-29T09:18:20.517+0300] {logging_mixin.py:188} INFO - [2026-04-29T09:18:20.515+0300] {dag.py:3089} INFO - Sync 1 DAGs
[2026-04-29T09:18:20.549+0300] {logging_mixin.py:188} INFO - [2026-04-29T09:18:20.547+0300] {dag.py:3947} INFO - Setting next_dagrun for example_xcom to 2021-01-01 00:00:00+00:00, run_after=2021-01-01 00:00:00+00:00
[2026-04-29T09:18:20.712+0300] {processor.py:183} INFO - Processing /mnt/d/airflow/airflow_project/airflow_venv/lib/python3.12/site-packages/airflow/example_dags/example_xcom.py took 0.339 seconds
[2026-04-29T09:19:26.388+0300] {processor.py:161} INFO - Started process (PID=28001) to work on /mnt/d/airflow/airflow_project/airflow_venv/lib/python3.12/site-packages/airflow/example_dags/example_xcom.py
[2026-04-29T09:19:26.392+0300] {processor.py:830} INFO - Processing file /mnt/d/airflow/airflow_project/airflow_venv/lib/python3.12/site-packages/airflow/example_dags/example_xcom.py for tasks to queue
[2026-04-29T09:19:26.399+0300] {logging_mixin.py:188} INFO - [2026-04-29T09:19:26.397+0300] {dagbag.py:545} INFO - Filling up the DagBag from /mnt/d/airflow/airflow_project/airflow_venv/lib/python3.12/site-packages/airflow/example_dags/example_xcom.py
[2026-04-29T09:19:26.466+0300] {processor.py:840} INFO - DAG(s) 'example_xcom' retrieved from /mnt/d/airflow/airflow_project/airflow_venv/lib/python3.12/site-packages/airflow/example_dags/example_xcom.py
[2026-04-29T09:19:26.532+0300] {logging_mixin.py:188} INFO - [2026-04-29T09:19:26.530+0300] {dag.py:3089} INFO - Sync 1 DAGs
[2026-04-29T09:19:26.569+0300] {logging_mixin.py:188} INFO - [2026-04-29T09:19:26.567+0300] {dag.py:3947} INFO - Setting next_dagrun for example_xcom to 2021-01-01 00:00:00+00:00, run_after=2021-01-01 00:00:00+00:00
[2026-04-29T09:19:26.751+0300] {processor.py:183} INFO - Processing /mnt/d/airflow/airflow_project/airflow_venv/lib/python3.12/site-packages/airflow/example_dags/example_xcom.py took 0.393 seconds
[2026-04-29T09:20:40.379+0300] {processor.py:161} INFO - Started process (PID=28435) to work on /mnt/d/airflow/airflow_project/airflow_venv/lib/python3.12/site-packages/airflow/example_dags/example_xcom.py
[2026-04-29T09:20:40.382+0300] {processor.py:830} INFO - Processing file /mnt/d/airflow/airflow_project/airflow_venv/lib/python3.12/site-packages/airflow/example_dags/example_xcom.py for tasks to queue
[2026-04-29T09:20:40.389+0300] {logging_mixin.py:188} INFO - [2026-04-29T09:20:40.386+0300] {dagbag.py:545} INFO - Filling up the DagBag from /mnt/d/airflow/airflow_project/airflow_venv/lib/python3.12/site-packages/airflow/example_dags/example_xcom.py
[2026-04-29T09:20:40.472+0300] {processor.py:840} INFO - DAG(s) 'example_xcom' retrieved from /mnt/d/airflow/airflow_project/airflow_venv/lib/python3.12/site-packages/airflow/example_dags/example_xcom.py
[2026-04-29T09:20:40.552+0300] {logging_mixin.py:188} INFO - [2026-04-29T09:20:40.550+0300] {dag.py:3089} INFO - Sync 1 DAGs
[2026-04-29T09:20:40.602+0300] {logging_mixin.py:188} INFO - [2026-04-29T09:20:40.600+0300] {dag.py:3947} INFO - Setting next_dagrun for example_xcom to 2021-01-01 00:00:00+00:00, run_after=2021-01-01 00:00:00+00:00
[2026-04-29T09:20:40.788+0300] {processor.py:183} INFO - Processing /mnt/d/airflow/airflow_project/airflow_venv/lib/python3.12/site-packages/airflow/example_dags/example_xcom.py took 0.431 seconds
[2026-04-29T09:21:46.982+0300] {processor.py:161} INFO - Started process (PID=28811) to work on /mnt/d/airflow/airflow_project/airflow_venv/lib/python3.12/site-packages/airflow/example_dags/example_xcom.py
[2026-04-29T09:21:46.985+0300] {processor.py:830} INFO - Processing file /mnt/d/airflow/airflow_project/airflow_venv/lib/python3.12/site-packages/airflow/example_dags/example_xcom.py for tasks to queue
[2026-04-29T09:21:46.991+0300] {logging_mixin.py:188} INFO - [2026-04-29T09:21:46.989+0300] {dagbag.py:545} INFO - Filling up the DagBag from /mnt/d/airflow/airflow_project/airflow_venv/lib/python3.12/site-packages/airflow/example_dags/example_xcom.py
[2026-04-29T09:21:47.058+0300] {processor.py:840} INFO - DAG(s) 'example_xcom' retrieved from /mnt/d/airflow/airflow_project/airflow_venv/lib/python3.12/site-packages/airflow/example_dags/example_xcom.py
[2026-04-29T09:21:47.108+0300] {logging_mixin.py:188} INFO - [2026-04-29T09:21:47.105+0300] {dag.py:3089} INFO - Sync 1 DAGs
[2026-04-29T09:21:47.150+0300] {logging_mixin.py:188} INFO - [2026-04-29T09:21:47.147+0300] {dag.py:3947} INFO - Setting next_dagrun for example_xcom to 2021-01-01 00:00:00+00:00, run_after=2021-01-01 00:00:00+00:00
[2026-04-29T09:21:47.273+0300] {processor.py:183} INFO - Processing /mnt/d/airflow/airflow_project/airflow_venv/lib/python3.12/site-packages/airflow/example_dags/example_xcom.py took 0.309 seconds
[2026-04-29T09:22:45.058+0300] {processor.py:161} INFO - Started process (PID=29160) to work on /mnt/d/airflow/airflow_project/airflow_venv/lib/python3.12/site-packages/airflow/example_dags/example_xcom.py
[2026-04-29T09:22:45.061+0300] {processor.py:830} INFO - Processing file /mnt/d/airflow/airflow_project/airflow_venv/lib/python3.12/site-packages/airflow/example_dags/example_xcom.py for tasks to queue
[2026-04-29T09:22:45.065+0300] {logging_mixin.py:188} INFO - [2026-04-29T09:22:45.064+0300] {dagbag.py:545} INFO - Filling up the DagBag from /mnt/d/airflow/airflow_project/airflow_venv/lib/python3.12/site-packages/airflow/example_dags/example_xcom.py
[2026-04-29T09:22:45.116+0300] {processor.py:840} INFO - DAG(s) 'example_xcom' retrieved from /mnt/d/airflow/airflow_project/airflow_venv/lib/python3.12/site-packages/airflow/example_dags/example_xcom.py
[2026-04-29T09:22:45.160+0300] {logging_mixin.py:188} INFO - [2026-04-29T09:22:45.158+0300] {dag.py:3089} INFO - Sync 1 DAGs
[2026-04-29T09:22:45.205+0300] {logging_mixin.py:188} INFO - [2026-04-29T09:22:45.202+0300] {dag.py:3947} INFO - Setting next_dagrun for example_xcom to 2021-01-01 00:00:00+00:00, run_after=2021-01-01 00:00:00+00:00
[2026-04-29T09:22:45.382+0300] {processor.py:183} INFO - Processing /mnt/d/airflow/airflow_project/airflow_venv/lib/python3.12/site-packages/airflow/example_dags/example_xcom.py took 0.344 seconds
[2026-04-29T09:23:43.793+0300] {processor.py:161} INFO - Started process (PID=29502) to work on /mnt/d/airflow/airflow_project/airflow_venv/lib/python3.12/site-packages/airflow/example_dags/example_xcom.py
[2026-04-29T09:23:43.798+0300] {processor.py:830} INFO - Processing file /mnt/d/airflow/airflow_project/airflow_venv/lib/python3.12/site-packages/airflow/example_dags/example_xcom.py for tasks to queue
[2026-04-29T09:23:43.806+0300] {logging_mixin.py:188} INFO - [2026-04-29T09:23:43.803+0300] {dagbag.py:545} INFO - Filling up the DagBag from /mnt/d/airflow/airflow_project/airflow_venv/lib/python3.12/site-packages/airflow/example_dags/example_xcom.py
[2026-04-29T09:23:43.884+0300] {processor.py:840} INFO - DAG(s) 'example_xcom' retrieved from /mnt/d/airflow/airflow_project/airflow_venv/lib/python3.12/site-packages/airflow/example_dags/example_xcom.py
[2026-04-29T09:23:43.951+0300] {logging_mixin.py:188} INFO - [2026-04-29T09:23:43.948+0300] {dag.py:3089} INFO - Sync 1 DAGs
[2026-04-29T09:23:44.014+0300] {logging_mixin.py:188} INFO - [2026-04-29T09:23:44.009+0300] {dag.py:3947} INFO - Setting next_dagrun for example_xcom to 2021-01-01 00:00:00+00:00, run_after=2021-01-01 00:00:00+00:00
[2026-04-29T09:23:44.239+0300] {processor.py:183} INFO - Processing /mnt/d/airflow/airflow_project/airflow_venv/lib/python3.12/site-packages/airflow/example_dags/example_xcom.py took 0.478 seconds
[2026-04-29T09:24:54.433+0300] {processor.py:161} INFO - Started process (PID=29898) to work on /mnt/d/airflow/airflow_project/airflow_venv/lib/python3.12/site-packages/airflow/example_dags/example_xcom.py
[2026-04-29T09:24:54.439+0300] {processor.py:830} INFO - Processing file /mnt/d/airflow/airflow_project/airflow_venv/lib/python3.12/site-packages/airflow/example_dags/example_xcom.py for tasks to queue
[2026-04-29T09:24:54.447+0300] {logging_mixin.py:188} INFO - [2026-04-29T09:24:54.444+0300] {dagbag.py:545} INFO - Filling up the DagBag from /mnt/d/airflow/airflow_project/airflow_venv/lib/python3.12/site-packages/airflow/example_dags/example_xcom.py
[2026-04-29T09:24:54.532+0300] {processor.py:840} INFO - DAG(s) 'example_xcom' retrieved from /mnt/d/airflow/airflow_project/airflow_venv/lib/python3.12/site-packages/airflow/example_dags/example_xcom.py
[2026-04-29T09:24:54.602+0300] {logging_mixin.py:188} INFO - [2026-04-29T09:24:54.598+0300] {dag.py:3089} INFO - Sync 1 DAGs
[2026-04-29T09:24:54.646+0300] {logging_mixin.py:188} INFO - [2026-04-29T09:24:54.643+0300] {dag.py:3947} INFO - Setting next_dagrun for example_xcom to 2021-01-01 00:00:00+00:00, run_after=2021-01-01 00:00:00+00:00
[2026-04-29T09:24:54.830+0300] {processor.py:183} INFO - Processing /mnt/d/airflow/airflow_project/airflow_venv/lib/python3.12/site-packages/airflow/example_dags/example_xcom.py took 0.429 seconds
[2026-04-29T09:26:04.846+0300] {processor.py:161} INFO - Started process (PID=30291) to work on /mnt/d/airflow/airflow_project/airflow_venv/lib/python3.12/site-packages/airflow/example_dags/example_xcom.py
[2026-04-29T09:26:04.850+0300] {processor.py:830} INFO - Processing file /mnt/d/airflow/airflow_project/airflow_venv/lib/python3.12/site-packages/airflow/example_dags/example_xcom.py for tasks to queue
[2026-04-29T09:26:04.858+0300] {logging_mixin.py:188} INFO - [2026-04-29T09:26:04.855+0300] {dagbag.py:545} INFO - Filling up the DagBag from /mnt/d/airflow/airflow_project/airflow_venv/lib/python3.12/site-packages/airflow/example_dags/example_xcom.py
[2026-04-29T09:26:04.922+0300] {processor.py:840} INFO - DAG(s) 'example_xcom' retrieved from /mnt/d/airflow/airflow_project/airflow_venv/lib/python3.12/site-packages/airflow/example_dags/example_xcom.py
[2026-04-29T09:26:04.989+0300] {logging_mixin.py:188} INFO - [2026-04-29T09:26:04.986+0300] {dag.py:3089} INFO - Sync 1 DAGs
[2026-04-29T09:26:05.044+0300] {logging_mixin.py:188} INFO - [2026-04-29T09:26:05.041+0300] {dag.py:3947} INFO - Setting next_dagrun for example_xcom to 2021-01-01 00:00:00+00:00, run_after=2021-01-01 00:00:00+00:00
[2026-04-29T09:26:05.202+0300] {processor.py:183} INFO - Processing /mnt/d/airflow/airflow_project/airflow_venv/lib/python3.12/site-packages/airflow/example_dags/example_xcom.py took 0.387 seconds
[2026-04-29T09:27:17.307+0300] {processor.py:161} INFO - Started process (PID=30701) to work on /mnt/d/airflow/airflow_project/airflow_venv/lib/python3.12/site-packages/airflow/example_dags/example_xcom.py
[2026-04-29T09:27:17.311+0300] {processor.py:830} INFO - Processing file /mnt/d/airflow/airflow_project/airflow_venv/lib/python3.12/site-packages/airflow/example_dags/example_xcom.py for tasks to queue
[2026-04-29T09:27:17.320+0300] {logging_mixin.py:188} INFO - [2026-04-29T09:27:17.317+0300] {dagbag.py:545} INFO - Filling up the DagBag from /mnt/d/airflow/airflow_project/airflow_venv/lib/python3.12/site-packages/airflow/example_dags/example_xcom.py
[2026-04-29T09:27:17.386+0300] {processor.py:840} INFO - DAG(s) 'example_xcom' retrieved from /mnt/d/airflow/airflow_project/airflow_venv/lib/python3.12/site-packages/airflow/example_dags/example_xcom.py
[2026-04-29T09:27:17.468+0300] {logging_mixin.py:188} INFO - [2026-04-29T09:27:17.465+0300] {dag.py:3089} INFO - Sync 1 DAGs
[2026-04-29T09:27:17.511+0300] {logging_mixin.py:188} INFO - [2026-04-29T09:27:17.509+0300] {dag.py:3947} INFO - Setting next_dagrun for example_xcom to 2021-01-01 00:00:00+00:00, run_after=2021-01-01 00:00:00+00:00
[2026-04-29T09:27:17.700+0300] {processor.py:183} INFO - Processing /mnt/d/airflow/airflow_project/airflow_venv/lib/python3.12/site-packages/airflow/example_dags/example_xcom.py took 0.427 seconds
[2026-04-29T09:28:33.469+0300] {processor.py:161} INFO - Started process (PID=31129) to work on /mnt/d/airflow/airflow_project/airflow_venv/lib/python3.12/site-packages/airflow/example_dags/example_xcom.py
[2026-04-29T09:28:33.470+0300] {processor.py:830} INFO - Processing file /mnt/d/airflow/airflow_project/airflow_venv/lib/python3.12/site-packages/airflow/example_dags/example_xcom.py for tasks to queue
[2026-04-29T09:28:33.473+0300] {logging_mixin.py:188} INFO - [2026-04-29T09:28:33.472+0300] {dagbag.py:545} INFO - Filling up the DagBag from /mnt/d/airflow/airflow_project/airflow_venv/lib/python3.12/site-packages/airflow/example_dags/example_xcom.py
[2026-04-29T09:28:33.503+0300] {processor.py:840} INFO - DAG(s) 'example_xcom' retrieved from /mnt/d/airflow/airflow_project/airflow_venv/lib/python3.12/site-packages/airflow/example_dags/example_xcom.py
[2026-04-29T09:28:33.533+0300] {logging_mixin.py:188} INFO - [2026-04-29T09:28:33.533+0300] {dag.py:3089} INFO - Sync 1 DAGs
[2026-04-29T09:28:33.559+0300] {logging_mixin.py:188} INFO - [2026-04-29T09:28:33.557+0300] {dag.py:3947} INFO - Setting next_dagrun for example_xcom to 2021-01-01 00:00:00+00:00, run_after=2021-01-01 00:00:00+00:00
[2026-04-29T09:28:33.636+0300] {processor.py:183} INFO - Processing /mnt/d/airflow/airflow_project/airflow_venv/lib/python3.12/site-packages/airflow/example_dags/example_xcom.py took 0.178 seconds
[2026-04-29T09:29:53.474+0300] {processor.py:161} INFO - Started process (PID=31605) to work on /mnt/d/airflow/airflow_project/airflow_venv/lib/python3.12/site-packages/airflow/example_dags/example_xcom.py
[2026-04-29T09:29:53.477+0300] {processor.py:830} INFO - Processing file /mnt/d/airflow/airflow_project/airflow_venv/lib/python3.12/site-packages/airflow/example_dags/example_xcom.py for tasks to queue
[2026-04-29T09:29:53.484+0300] {logging_mixin.py:188} INFO - [2026-04-29T09:29:53.480+0300] {dagbag.py:545} INFO - Filling up the DagBag from /mnt/d/airflow/airflow_project/airflow_venv/lib/python3.12/site-packages/airflow/example_dags/example_xcom.py
[2026-04-29T09:29:53.798+0300] {processor.py:840} INFO - DAG(s) 'example_xcom' retrieved from /mnt/d/airflow/airflow_project/airflow_venv/lib/python3.12/site-packages/airflow/example_dags/example_xcom.py
[2026-04-29T09:29:53.896+0300] {logging_mixin.py:188} INFO - [2026-04-29T09:29:53.895+0300] {dag.py:3089} INFO - Sync 1 DAGs
[2026-04-29T09:29:54.015+0300] {logging_mixin.py:188} INFO - [2026-04-29T09:29:54.012+0300] {dag.py:3947} INFO - Setting next_dagrun for example_xcom to 2021-01-01 00:00:00+00:00, run_after=2021-01-01 00:00:00+00:00
[2026-04-29T09:29:54.156+0300] {processor.py:183} INFO - Processing /mnt/d/airflow/airflow_project/airflow_venv/lib/python3.12/site-packages/airflow/example_dags/example_xcom.py took 0.709 seconds
[2026-04-29T09:31:25.920+0300] {processor.py:161} INFO - Started process (PID=32159) to work on /mnt/d/airflow/airflow_project/airflow_venv/lib/python3.12/site-packages/airflow/example_dags/example_xcom.py
[2026-04-29T09:31:25.921+0300] {processor.py:830} INFO - Processing file /mnt/d/airflow/airflow_project/airflow_venv/lib/python3.12/site-packages/airflow/example_dags/example_xcom.py for tasks to queue
[2026-04-29T09:31:25.955+0300] {logging_mixin.py:188} INFO - [2026-04-29T09:31:25.923+0300] {dagbag.py:545} INFO - Filling up the DagBag from /mnt/d/airflow/airflow_project/airflow_venv/lib/python3.12/site-packages/airflow/example_dags/example_xcom.py
[2026-04-29T09:31:25.988+0300] {processor.py:840} INFO - DAG(s) 'example_xcom' retrieved from /mnt/d/airflow/airflow_project/airflow_venv/lib/python3.12/site-packages/airflow/example_dags/example_xcom.py
[2026-04-29T09:31:26.011+0300] {logging_mixin.py:188} INFO - [2026-04-29T09:31:26.010+0300] {dag.py:3089} INFO - Sync 1 DAGs
[2026-04-29T09:31:26.027+0300] {logging_mixin.py:188} INFO - [2026-04-29T09:31:26.026+0300] {dag.py:3947} INFO - Setting next_dagrun for example_xcom to 2021-01-01 00:00:00+00:00, run_after=2021-01-01 00:00:00+00:00
[2026-04-29T09:31:26.086+0300] {processor.py:183} INFO - Processing /mnt/d/airflow/airflow_project/airflow_venv/lib/python3.12/site-packages/airflow/example_dags/example_xcom.py took 0.174 seconds
[2026-04-29T09:32:32.861+0300] {processor.py:161} INFO - Started process (PID=32552) to work on /mnt/d/airflow/airflow_project/airflow_venv/lib/python3.12/site-packages/airflow/example_dags/example_xcom.py
[2026-04-29T09:32:32.865+0300] {processor.py:830} INFO - Processing file /mnt/d/airflow/airflow_project/airflow_venv/lib/python3.12/site-packages/airflow/example_dags/example_xcom.py for tasks to queue
[2026-04-29T09:32:32.868+0300] {logging_mixin.py:188} INFO - [2026-04-29T09:32:32.867+0300] {dagbag.py:545} INFO - Filling up the DagBag from /mnt/d/airflow/airflow_project/airflow_venv/lib/python3.12/site-packages/airflow/example_dags/example_xcom.py
[2026-04-29T09:32:32.908+0300] {processor.py:840} INFO - DAG(s) 'example_xcom' retrieved from /mnt/d/airflow/airflow_project/airflow_venv/lib/python3.12/site-packages/airflow/example_dags/example_xcom.py
[2026-04-29T09:32:32.932+0300] {logging_mixin.py:188} INFO - [2026-04-29T09:32:32.932+0300] {dag.py:3089} INFO - Sync 1 DAGs
[2026-04-29T09:32:32.954+0300] {logging_mixin.py:188} INFO - [2026-04-29T09:32:32.953+0300] {dag.py:3947} INFO - Setting next_dagrun for example_xcom to 2021-01-01 00:00:00+00:00, run_after=2021-01-01 00:00:00+00:00
[2026-04-29T09:32:33.274+0300] {processor.py:183} INFO - Processing /mnt/d/airflow/airflow_project/airflow_venv/lib/python3.12/site-packages/airflow/example_dags/example_xcom.py took 0.434 seconds
[2026-04-29T09:33:43.480+0300] {processor.py:161} INFO - Started process (PID=32975) to work on /mnt/d/airflow/airflow_project/airflow_venv/lib/python3.12/site-packages/airflow/example_dags/example_xcom.py
[2026-04-29T09:33:43.483+0300] {processor.py:830} INFO - Processing file /mnt/d/airflow/airflow_project/airflow_venv/lib/python3.12/site-packages/airflow/example_dags/example_xcom.py for tasks to queue
[2026-04-29T09:33:43.493+0300] {logging_mixin.py:188} INFO - [2026-04-29T09:33:43.487+0300] {dagbag.py:545} INFO - Filling up the DagBag from /mnt/d/airflow/airflow_project/airflow_venv/lib/python3.12/site-packages/airflow/example_dags/example_xcom.py
[2026-04-29T09:33:43.544+0300] {processor.py:840} INFO - DAG(s) 'example_xcom' retrieved from /mnt/d/airflow/airflow_project/airflow_venv/lib/python3.12/site-packages/airflow/example_dags/example_xcom.py
[2026-04-29T09:33:43.594+0300] {logging_mixin.py:188} INFO - [2026-04-29T09:33:43.592+0300] {dag.py:3089} INFO - Sync 1 DAGs
[2026-04-29T09:33:43.630+0300] {logging_mixin.py:188} INFO - [2026-04-29T09:33:43.628+0300] {dag.py:3947} INFO - Setting next_dagrun for example_xcom to 2021-01-01 00:00:00+00:00, run_after=2021-01-01 00:00:00+00:00
[2026-04-29T09:33:43.755+0300] {processor.py:183} INFO - Processing /mnt/d/airflow/airflow_project/airflow_venv/lib/python3.12/site-packages/airflow/example_dags/example_xcom.py took 0.304 seconds
[2026-04-29T09:34:56.031+0300] {processor.py:161} INFO - Started process (PID=33393) to work on /mnt/d/airflow/airflow_project/airflow_venv/lib/python3.12/site-packages/airflow/example_dags/example_xcom.py
[2026-04-29T09:34:56.038+0300] {processor.py:830} INFO - Processing file /mnt/d/airflow/airflow_project/airflow_venv/lib/python3.12/site-packages/airflow/example_dags/example_xcom.py for tasks to queue
[2026-04-29T09:34:56.044+0300] {logging_mixin.py:188} INFO - [2026-04-29T09:34:56.042+0300] {dagbag.py:545} INFO - Filling up the DagBag from /mnt/d/airflow/airflow_project/airflow_venv/lib/python3.12/site-packages/airflow/example_dags/example_xcom.py
[2026-04-29T09:34:56.101+0300] {processor.py:840} INFO - DAG(s) 'example_xcom' retrieved from /mnt/d/airflow/airflow_project/airflow_venv/lib/python3.12/site-packages/airflow/example_dags/example_xcom.py
[2026-04-29T09:34:56.173+0300] {logging_mixin.py:188} INFO - [2026-04-29T09:34:56.171+0300] {dag.py:3089} INFO - Sync 1 DAGs
[2026-04-29T09:34:56.207+0300] {logging_mixin.py:188} INFO - [2026-04-29T09:34:56.204+0300] {dag.py:3947} INFO - Setting next_dagrun for example_xcom to 2021-01-01 00:00:00+00:00, run_after=2021-01-01 00:00:00+00:00
[2026-04-29T09:34:56.372+0300] {processor.py:183} INFO - Processing /mnt/d/airflow/airflow_project/airflow_venv/lib/python3.12/site-packages/airflow/example_dags/example_xcom.py took 0.366 seconds
[2026-04-29T09:36:00.508+0300] {processor.py:161} INFO - Started process (PID=33798) to work on /mnt/d/airflow/airflow_project/airflow_venv/lib/python3.12/site-packages/airflow/example_dags/example_xcom.py
[2026-04-29T09:36:00.514+0300] {processor.py:830} INFO - Processing file /mnt/d/airflow/airflow_project/airflow_venv/lib/python3.12/site-packages/airflow/example_dags/example_xcom.py for tasks to queue
[2026-04-29T09:36:00.522+0300] {logging_mixin.py:188} INFO - [2026-04-29T09:36:00.519+0300] {dagbag.py:545} INFO - Filling up the DagBag from /mnt/d/airflow/airflow_project/airflow_venv/lib/python3.12/site-packages/airflow/example_dags/example_xcom.py
[2026-04-29T09:36:00.586+0300] {processor.py:840} INFO - DAG(s) 'example_xcom' retrieved from /mnt/d/airflow/airflow_project/airflow_venv/lib/python3.12/site-packages/airflow/example_dags/example_xcom.py
[2026-04-29T09:36:00.662+0300] {logging_mixin.py:188} INFO - [2026-04-29T09:36:00.659+0300] {dag.py:3089} INFO - Sync 1 DAGs
[2026-04-29T09:36:00.726+0300] {logging_mixin.py:188} INFO - [2026-04-29T09:36:00.720+0300] {dag.py:3947} INFO - Setting next_dagrun for example_xcom to 2021-01-01 00:00:00+00:00, run_after=2021-01-01 00:00:00+00:00
[2026-04-29T09:36:00.877+0300] {processor.py:183} INFO - Processing /mnt/d/airflow/airflow_project/airflow_venv/lib/python3.12/site-packages/airflow/example_dags/example_xcom.py took 0.401 seconds
[2026-04-29T09:37:00.369+0300] {processor.py:161} INFO - Started process (PID=34143) to work on /mnt/d/airflow/airflow_project/airflow_venv/lib/python3.12/site-packages/airflow/example_dags/example_xcom.py
[2026-04-29T09:37:00.372+0300] {processor.py:830} INFO - Processing file /mnt/d/airflow/airflow_project/airflow_venv/lib/python3.12/site-packages/airflow/example_dags/example_xcom.py for tasks to queue
[2026-04-29T09:37:00.378+0300] {logging_mixin.py:188} INFO - [2026-04-29T09:37:00.376+0300] {dagbag.py:545} INFO - Filling up the DagBag from /mnt/d/airflow/airflow_project/airflow_venv/lib/python3.12/site-packages/airflow/example_dags/example_xcom.py
[2026-04-29T09:37:00.426+0300] {processor.py:840} INFO - DAG(s) 'example_xcom' retrieved from /mnt/d/airflow/airflow_project/airflow_venv/lib/python3.12/site-packages/airflow/example_dags/example_xcom.py
[2026-04-29T09:37:00.488+0300] {logging_mixin.py:188} INFO - [2026-04-29T09:37:00.487+0300] {dag.py:3089} INFO - Sync 1 DAGs
[2026-04-29T09:37:00.525+0300] {logging_mixin.py:188} INFO - [2026-04-29T09:37:00.524+0300] {dag.py:3947} INFO - Setting next_dagrun for example_xcom to 2021-01-01 00:00:00+00:00, run_after=2021-01-01 00:00:00+00:00
[2026-04-29T09:37:00.622+0300] {processor.py:183} INFO - Processing /mnt/d/airflow/airflow_project/airflow_venv/lib/python3.12/site-packages/airflow/example_dags/example_xcom.py took 0.277 seconds
[2026-04-29T09:37:59.685+0300] {processor.py:161} INFO - Started process (PID=34524) to work on /mnt/d/airflow/airflow_project/airflow_venv/lib/python3.12/site-packages/airflow/example_dags/example_xcom.py
[2026-04-29T09:37:59.691+0300] {processor.py:830} INFO - Processing file /mnt/d/airflow/airflow_project/airflow_venv/lib/python3.12/site-packages/airflow/example_dags/example_xcom.py for tasks to queue
[2026-04-29T09:37:59.701+0300] {logging_mixin.py:188} INFO - [2026-04-29T09:37:59.697+0300] {dagbag.py:545} INFO - Filling up the DagBag from /mnt/d/airflow/airflow_project/airflow_venv/lib/python3.12/site-packages/airflow/example_dags/example_xcom.py
[2026-04-29T09:37:59.776+0300] {processor.py:840} INFO - DAG(s) 'example_xcom' retrieved from /mnt/d/airflow/airflow_project/airflow_venv/lib/python3.12/site-packages/airflow/example_dags/example_xcom.py
[2026-04-29T09:37:59.843+0300] {logging_mixin.py:188} INFO - [2026-04-29T09:37:59.842+0300] {dag.py:3089} INFO - Sync 1 DAGs
[2026-04-29T09:37:59.876+0300] {logging_mixin.py:188} INFO - [2026-04-29T09:37:59.875+0300] {dag.py:3947} INFO - Setting next_dagrun for example_xcom to 2021-01-01 00:00:00+00:00, run_after=2021-01-01 00:00:00+00:00
[2026-04-29T09:38:00.050+0300] {processor.py:183} INFO - Processing /mnt/d/airflow/airflow_project/airflow_venv/lib/python3.12/site-packages/airflow/example_dags/example_xcom.py took 0.414 seconds
[2026-04-29T09:39:06.800+0300] {processor.py:161} INFO - Started process (PID=34934) to work on /mnt/d/airflow/airflow_project/airflow_venv/lib/python3.12/site-packages/airflow/example_dags/example_xcom.py
[2026-04-29T09:39:06.804+0300] {processor.py:830} INFO - Processing file /mnt/d/airflow/airflow_project/airflow_venv/lib/python3.12/site-packages/airflow/example_dags/example_xcom.py for tasks to queue
[2026-04-29T09:39:06.811+0300] {logging_mixin.py:188} INFO - [2026-04-29T09:39:06.808+0300] {dagbag.py:545} INFO - Filling up the DagBag from /mnt/d/airflow/airflow_project/airflow_venv/lib/python3.12/site-packages/airflow/example_dags/example_xcom.py
[2026-04-29T09:39:06.879+0300] {processor.py:840} INFO - DAG(s) 'example_xcom' retrieved from /mnt/d/airflow/airflow_project/airflow_venv/lib/python3.12/site-packages/airflow/example_dags/example_xcom.py
[2026-04-29T09:39:06.950+0300] {logging_mixin.py:188} INFO - [2026-04-29T09:39:06.948+0300] {dag.py:3089} INFO - Sync 1 DAGs
[2026-04-29T09:39:06.994+0300] {logging_mixin.py:188} INFO - [2026-04-29T09:39:06.991+0300] {dag.py:3947} INFO - Setting next_dagrun for example_xcom to 2021-01-01 00:00:00+00:00, run_after=2021-01-01 00:00:00+00:00
[2026-04-29T09:39:07.140+0300] {processor.py:183} INFO - Processing /mnt/d/airflow/airflow_project/airflow_venv/lib/python3.12/site-packages/airflow/example_dags/example_xcom.py took 0.371 seconds
[2026-04-29T09:40:10.021+0300] {processor.py:161} INFO - Started process (PID=35292) to work on /mnt/d/airflow/airflow_project/airflow_venv/lib/python3.12/site-packages/airflow/example_dags/example_xcom.py
[2026-04-29T09:40:10.027+0300] {processor.py:830} INFO - Processing file /mnt/d/airflow/airflow_project/airflow_venv/lib/python3.12/site-packages/airflow/example_dags/example_xcom.py for tasks to queue
[2026-04-29T09:40:10.036+0300] {logging_mixin.py:188} INFO - [2026-04-29T09:40:10.033+0300] {dagbag.py:545} INFO - Filling up the DagBag from /mnt/d/airflow/airflow_project/airflow_venv/lib/python3.12/site-packages/airflow/example_dags/example_xcom.py
[2026-04-29T09:40:10.102+0300] {processor.py:840} INFO - DAG(s) 'example_xcom' retrieved from /mnt/d/airflow/airflow_project/airflow_venv/lib/python3.12/site-packages/airflow/example_dags/example_xcom.py
[2026-04-29T09:40:10.168+0300] {logging_mixin.py:188} INFO - [2026-04-29T09:40:10.165+0300] {dag.py:3089} INFO - Sync 1 DAGs
[2026-04-29T09:40:10.208+0300] {logging_mixin.py:188} INFO - [2026-04-29T09:40:10.206+0300] {dag.py:3947} INFO - Setting next_dagrun for example_xcom to 2021-01-01 00:00:00+00:00, run_after=2021-01-01 00:00:00+00:00
[2026-04-29T09:40:10.351+0300] {processor.py:183} INFO - Processing /mnt/d/airflow/airflow_project/airflow_venv/lib/python3.12/site-packages/airflow/example_dags/example_xcom.py took 0.370 seconds
[2026-04-29T09:41:06.816+0300] {processor.py:161} INFO - Started process (PID=35626) to work on /mnt/d/airflow/airflow_project/airflow_venv/lib/python3.12/site-packages/airflow/example_dags/example_xcom.py
[2026-04-29T09:41:06.819+0300] {processor.py:830} INFO - Processing file /mnt/d/airflow/airflow_project/airflow_venv/lib/python3.12/site-packages/airflow/example_dags/example_xcom.py for tasks to queue
[2026-04-29T09:41:06.825+0300] {logging_mixin.py:188} INFO - [2026-04-29T09:41:06.823+0300] {dagbag.py:545} INFO - Filling up the DagBag from /mnt/d/airflow/airflow_project/airflow_venv/lib/python3.12/site-packages/airflow/example_dags/example_xcom.py
[2026-04-29T09:41:06.866+0300] {processor.py:840} INFO - DAG(s) 'example_xcom' retrieved from /mnt/d/airflow/airflow_project/airflow_venv/lib/python3.12/site-packages/airflow/example_dags/example_xcom.py
[2026-04-29T09:41:06.908+0300] {logging_mixin.py:188} INFO - [2026-04-29T09:41:06.907+0300] {dag.py:3089} INFO - Sync 1 DAGs
[2026-04-29T09:41:06.935+0300] {logging_mixin.py:188} INFO - [2026-04-29T09:41:06.934+0300] {dag.py:3947} INFO - Setting next_dagrun for example_xcom to 2021-01-01 00:00:00+00:00, run_after=2021-01-01 00:00:00+00:00
[2026-04-29T09:41:07.051+0300] {processor.py:183} INFO - Processing /mnt/d/airflow/airflow_project/airflow_venv/lib/python3.12/site-packages/airflow/example_dags/example_xcom.py took 0.252 seconds
[2026-04-29T09:42:10.610+0300] {processor.py:161} INFO - Started process (PID=35983) to work on /mnt/d/airflow/airflow_project/airflow_venv/lib/python3.12/site-packages/airflow/example_dags/example_xcom.py
[2026-04-29T09:42:10.614+0300] {processor.py:830} INFO - Processing file /mnt/d/airflow/airflow_project/airflow_venv/lib/python3.12/site-packages/airflow/example_dags/example_xcom.py for tasks to queue
[2026-04-29T09:42:10.620+0300] {logging_mixin.py:188} INFO - [2026-04-29T09:42:10.617+0300] {dagbag.py:545} INFO - Filling up the DagBag from /mnt/d/airflow/airflow_project/airflow_venv/lib/python3.12/site-packages/airflow/example_dags/example_xcom.py
[2026-04-29T09:42:10.688+0300] {processor.py:840} INFO - DAG(s) 'example_xcom' retrieved from /mnt/d/airflow/airflow_project/airflow_venv/lib/python3.12/site-packages/airflow/example_dags/example_xcom.py
[2026-04-29T09:42:10.774+0300] {logging_mixin.py:188} INFO - [2026-04-29T09:42:10.771+0300] {dag.py:3089} INFO - Sync 1 DAGs
[2026-04-29T09:42:10.830+0300] {logging_mixin.py:188} INFO - [2026-04-29T09:42:10.827+0300] {dag.py:3947} INFO - Setting next_dagrun for example_xcom to 2021-01-01 00:00:00+00:00, run_after=2021-01-01 00:00:00+00:00
[2026-04-29T09:42:10.999+0300] {processor.py:183} INFO - Processing /mnt/d/airflow/airflow_project/airflow_venv/lib/python3.12/site-packages/airflow/example_dags/example_xcom.py took 0.412 seconds
[2026-04-29T09:43:16.355+0300] {processor.py:161} INFO - Started process (PID=36392) to work on /mnt/d/airflow/airflow_project/airflow_venv/lib/python3.12/site-packages/airflow/example_dags/example_xcom.py
[2026-04-29T09:43:16.358+0300] {processor.py:830} INFO - Processing file /mnt/d/airflow/airflow_project/airflow_venv/lib/python3.12/site-packages/airflow/example_dags/example_xcom.py for tasks to queue
[2026-04-29T09:43:16.362+0300] {logging_mixin.py:188} INFO - [2026-04-29T09:43:16.360+0300] {dagbag.py:545} INFO - Filling up the DagBag from /mnt/d/airflow/airflow_project/airflow_venv/lib/python3.12/site-packages/airflow/example_dags/example_xcom.py
[2026-04-29T09:43:16.403+0300] {processor.py:840} INFO - DAG(s) 'example_xcom' retrieved from /mnt/d/airflow/airflow_project/airflow_venv/lib/python3.12/site-packages/airflow/example_dags/example_xcom.py
[2026-04-29T09:43:16.449+0300] {logging_mixin.py:188} INFO - [2026-04-29T09:43:16.448+0300] {dag.py:3089} INFO - Sync 1 DAGs
[2026-04-29T09:43:16.479+0300] {logging_mixin.py:188} INFO - [2026-04-29T09:43:16.478+0300] {dag.py:3947} INFO - Setting next_dagrun for example_xcom to 2021-01-01 00:00:00+00:00, run_after=2021-01-01 00:00:00+00:00
[2026-04-29T09:43:16.574+0300] {processor.py:183} INFO - Processing /mnt/d/airflow/airflow_project/airflow_venv/lib/python3.12/site-packages/airflow/example_dags/example_xcom.py took 0.234 seconds
[2026-04-29T09:44:36.776+0300] {processor.py:161} INFO - Started process (PID=36865) to work on /mnt/d/airflow/airflow_project/airflow_venv/lib/python3.12/site-packages/airflow/example_dags/example_xcom.py
[2026-04-29T09:44:36.779+0300] {processor.py:830} INFO - Processing file /mnt/d/airflow/airflow_project/airflow_venv/lib/python3.12/site-packages/airflow/example_dags/example_xcom.py for tasks to queue
[2026-04-29T09:44:36.783+0300] {logging_mixin.py:188} INFO - [2026-04-29T09:44:36.782+0300] {dagbag.py:545} INFO - Filling up the DagBag from /mnt/d/airflow/airflow_project/airflow_venv/lib/python3.12/site-packages/airflow/example_dags/example_xcom.py
[2026-04-29T09:44:36.810+0300] {processor.py:840} INFO - DAG(s) 'example_xcom' retrieved from /mnt/d/airflow/airflow_project/airflow_venv/lib/python3.12/site-packages/airflow/example_dags/example_xcom.py
[2026-04-29T09:44:38.470+0300] {logging_mixin.py:188} INFO - [2026-04-29T09:44:38.468+0300] {dag.py:3089} INFO - Sync 1 DAGs
[2026-04-29T09:44:38.502+0300] {logging_mixin.py:188} INFO - [2026-04-29T09:44:38.500+0300] {dag.py:3947} INFO - Setting next_dagrun for example_xcom to 2021-01-01 00:00:00+00:00, run_after=2021-01-01 00:00:00+00:00
[2026-04-29T09:44:38.589+0300] {processor.py:183} INFO - Processing /mnt/d/airflow/airflow_project/airflow_venv/lib/python3.12/site-packages/airflow/example_dags/example_xcom.py took 1.828 seconds
[2026-04-29T09:46:19.014+0300] {processor.py:161} INFO - Started process (PID=37417) to work on /mnt/d/airflow/airflow_project/airflow_venv/lib/python3.12/site-packages/airflow/example_dags/example_xcom.py
[2026-04-29T09:46:19.018+0300] {processor.py:830} INFO - Processing file /mnt/d/airflow/airflow_project/airflow_venv/lib/python3.12/site-packages/airflow/example_dags/example_xcom.py for tasks to queue
[2026-04-29T09:46:19.025+0300] {logging_mixin.py:188} INFO - [2026-04-29T09:46:19.022+0300] {dagbag.py:545} INFO - Filling up the DagBag from /mnt/d/airflow/airflow_project/airflow_venv/lib/python3.12/site-packages/airflow/example_dags/example_xcom.py
[2026-04-29T09:46:19.092+0300] {processor.py:840} INFO - DAG(s) 'example_xcom' retrieved from /mnt/d/airflow/airflow_project/airflow_venv/lib/python3.12/site-packages/airflow/example_dags/example_xcom.py
[2026-04-29T09:46:19.151+0300] {logging_mixin.py:188} INFO - [2026-04-29T09:46:19.149+0300] {dag.py:3089} INFO - Sync 1 DAGs
[2026-04-29T09:46:19.191+0300] {logging_mixin.py:188} INFO - [2026-04-29T09:46:19.188+0300] {dag.py:3947} INFO - Setting next_dagrun for example_xcom to 2021-01-01 00:00:00+00:00, run_after=2021-01-01 00:00:00+00:00
[2026-04-29T09:46:19.386+0300] {processor.py:183} INFO - Processing /mnt/d/airflow/airflow_project/airflow_venv/lib/python3.12/site-packages/airflow/example_dags/example_xcom.py took 0.401 seconds
[2026-04-29T09:48:01.615+0300] {processor.py:161} INFO - Started process (PID=38005) to work on /mnt/d/airflow/airflow_project/airflow_venv/lib/python3.12/site-packages/airflow/example_dags/example_xcom.py
[2026-04-29T09:48:01.621+0300] {processor.py:830} INFO - Processing file /mnt/d/airflow/airflow_project/airflow_venv/lib/python3.12/site-packages/airflow/example_dags/example_xcom.py for tasks to queue
[2026-04-29T09:48:01.629+0300] {logging_mixin.py:188} INFO - [2026-04-29T09:48:01.627+0300] {dagbag.py:545} INFO - Filling up the DagBag from /mnt/d/airflow/airflow_project/airflow_venv/lib/python3.12/site-packages/airflow/example_dags/example_xcom.py
[2026-04-29T09:48:01.704+0300] {processor.py:840} INFO - DAG(s) 'example_xcom' retrieved from /mnt/d/airflow/airflow_project/airflow_venv/lib/python3.12/site-packages/airflow/example_dags/example_xcom.py
[2026-04-29T09:48:01.753+0300] {logging_mixin.py:188} INFO - [2026-04-29T09:48:01.752+0300] {dag.py:3089} INFO - Sync 1 DAGs
[2026-04-29T09:48:01.782+0300] {logging_mixin.py:188} INFO - [2026-04-29T09:48:01.781+0300] {dag.py:3947} INFO - Setting next_dagrun for example_xcom to 2021-01-01 00:00:00+00:00, run_after=2021-01-01 00:00:00+00:00
[2026-04-29T09:48:01.942+0300] {processor.py:183} INFO - Processing /mnt/d/airflow/airflow_project/airflow_venv/lib/python3.12/site-packages/airflow/example_dags/example_xcom.py took 0.366 seconds
[2026-04-29T09:49:15.048+0300] {processor.py:161} INFO - Started process (PID=38419) to work on /mnt/d/airflow/airflow_project/airflow_venv/lib/python3.12/site-packages/airflow/example_dags/example_xcom.py
[2026-04-29T09:49:15.051+0300] {processor.py:830} INFO - Processing file /mnt/d/airflow/airflow_project/airflow_venv/lib/python3.12/site-packages/airflow/example_dags/example_xcom.py for tasks to queue
[2026-04-29T09:49:15.058+0300] {logging_mixin.py:188} INFO - [2026-04-29T09:49:15.054+0300] {dagbag.py:545} INFO - Filling up the DagBag from /mnt/d/airflow/airflow_project/airflow_venv/lib/python3.12/site-packages/airflow/example_dags/example_xcom.py
[2026-04-29T09:49:15.114+0300] {processor.py:840} INFO - DAG(s) 'example_xcom' retrieved from /mnt/d/airflow/airflow_project/airflow_venv/lib/python3.12/site-packages/airflow/example_dags/example_xcom.py
[2026-04-29T09:49:15.173+0300] {logging_mixin.py:188} INFO - [2026-04-29T09:49:15.171+0300] {dag.py:3089} INFO - Sync 1 DAGs
[2026-04-29T09:49:15.223+0300] {logging_mixin.py:188} INFO - [2026-04-29T09:49:15.220+0300] {dag.py:3947} INFO - Setting next_dagrun for example_xcom to 2021-01-01 00:00:00+00:00, run_after=2021-01-01 00:00:00+00:00
[2026-04-29T09:49:15.364+0300] {processor.py:183} INFO - Processing /mnt/d/airflow/airflow_project/airflow_venv/lib/python3.12/site-packages/airflow/example_dags/example_xcom.py took 0.349 seconds
[2026-04-29T09:50:24.943+0300] {processor.py:161} INFO - Started process (PID=38810) to work on /mnt/d/airflow/airflow_project/airflow_venv/lib/python3.12/site-packages/airflow/example_dags/example_xcom.py
[2026-04-29T09:50:24.948+0300] {processor.py:830} INFO - Processing file /mnt/d/airflow/airflow_project/airflow_venv/lib/python3.12/site-packages/airflow/example_dags/example_xcom.py for tasks to queue
[2026-04-29T09:50:24.955+0300] {logging_mixin.py:188} INFO - [2026-04-29T09:50:24.953+0300] {dagbag.py:545} INFO - Filling up the DagBag from /mnt/d/airflow/airflow_project/airflow_venv/lib/python3.12/site-packages/airflow/example_dags/example_xcom.py
[2026-04-29T09:50:25.017+0300] {processor.py:840} INFO - DAG(s) 'example_xcom' retrieved from /mnt/d/airflow/airflow_project/airflow_venv/lib/python3.12/site-packages/airflow/example_dags/example_xcom.py
[2026-04-29T09:50:25.090+0300] {logging_mixin.py:188} INFO - [2026-04-29T09:50:25.087+0300] {dag.py:3089} INFO - Sync 1 DAGs
[2026-04-29T09:50:25.150+0300] {logging_mixin.py:188} INFO - [2026-04-29T09:50:25.147+0300] {dag.py:3947} INFO - Setting next_dagrun for example_xcom to 2021-01-01 00:00:00+00:00, run_after=2021-01-01 00:00:00+00:00
[2026-04-29T09:50:25.321+0300] {processor.py:183} INFO - Processing /mnt/d/airflow/airflow_project/airflow_venv/lib/python3.12/site-packages/airflow/example_dags/example_xcom.py took 0.411 seconds
[2026-04-29T09:51:34.127+0300] {processor.py:161} INFO - Started process (PID=39216) to work on /mnt/d/airflow/airflow_project/airflow_venv/lib/python3.12/site-packages/airflow/example_dags/example_xcom.py
[2026-04-29T09:51:34.130+0300] {processor.py:830} INFO - Processing file /mnt/d/airflow/airflow_project/airflow_venv/lib/python3.12/site-packages/airflow/example_dags/example_xcom.py for tasks to queue
[2026-04-29T09:51:34.135+0300] {logging_mixin.py:188} INFO - [2026-04-29T09:51:34.134+0300] {dagbag.py:545} INFO - Filling up the DagBag from /mnt/d/airflow/airflow_project/airflow_venv/lib/python3.12/site-packages/airflow/example_dags/example_xcom.py
[2026-04-29T09:51:34.169+0300] {processor.py:840} INFO - DAG(s) 'example_xcom' retrieved from /mnt/d/airflow/airflow_project/airflow_venv/lib/python3.12/site-packages/airflow/example_dags/example_xcom.py
[2026-04-29T09:51:34.212+0300] {logging_mixin.py:188} INFO - [2026-04-29T09:51:34.210+0300] {dag.py:3089} INFO - Sync 1 DAGs
[2026-04-29T09:51:34.243+0300] {logging_mixin.py:188} INFO - [2026-04-29T09:51:34.241+0300] {dag.py:3947} INFO - Setting next_dagrun for example_xcom to 2021-01-01 00:00:00+00:00, run_after=2021-01-01 00:00:00+00:00
[2026-04-29T09:51:34.419+0300] {processor.py:183} INFO - Processing /mnt/d/airflow/airflow_project/airflow_venv/lib/python3.12/site-packages/airflow/example_dags/example_xcom.py took 0.314 seconds
[2026-04-29T09:54:02.293+0300] {processor.py:161} INFO - Started process (PID=40025) to work on /mnt/d/airflow/airflow_project/airflow_venv/lib/python3.12/site-packages/airflow/example_dags/example_xcom.py
[2026-04-29T09:54:02.297+0300] {processor.py:830} INFO - Processing file /mnt/d/airflow/airflow_project/airflow_venv/lib/python3.12/site-packages/airflow/example_dags/example_xcom.py for tasks to queue
[2026-04-29T09:54:02.304+0300] {logging_mixin.py:188} INFO - [2026-04-29T09:54:02.302+0300] {dagbag.py:545} INFO - Filling up the DagBag from /mnt/d/airflow/airflow_project/airflow_venv/lib/python3.12/site-packages/airflow/example_dags/example_xcom.py
[2026-04-29T09:54:02.346+0300] {processor.py:840} INFO - DAG(s) 'example_xcom' retrieved from /mnt/d/airflow/airflow_project/airflow_venv/lib/python3.12/site-packages/airflow/example_dags/example_xcom.py
[2026-04-29T09:54:02.422+0300] {logging_mixin.py:188} INFO - [2026-04-29T09:54:02.418+0300] {dag.py:3089} INFO - Sync 1 DAGs
[2026-04-29T09:54:02.484+0300] {logging_mixin.py:188} INFO - [2026-04-29T09:54:02.482+0300] {dag.py:3947} INFO - Setting next_dagrun for example_xcom to 2021-01-01 00:00:00+00:00, run_after=2021-01-01 00:00:00+00:00
[2026-04-29T09:54:02.664+0300] {processor.py:183} INFO - Processing /mnt/d/airflow/airflow_project/airflow_venv/lib/python3.12/site-packages/airflow/example_dags/example_xcom.py took 0.401 seconds
[2026-04-29T09:55:45.741+0300] {processor.py:161} INFO - Started process (PID=40631) to work on /mnt/d/airflow/airflow_project/airflow_venv/lib/python3.12/site-packages/airflow/example_dags/example_xcom.py
[2026-04-29T09:55:45.746+0300] {processor.py:830} INFO - Processing file /mnt/d/airflow/airflow_project/airflow_venv/lib/python3.12/site-packages/airflow/example_dags/example_xcom.py for tasks to queue
[2026-04-29T09:55:45.754+0300] {logging_mixin.py:188} INFO - [2026-04-29T09:55:45.751+0300] {dagbag.py:545} INFO - Filling up the DagBag from /mnt/d/airflow/airflow_project/airflow_venv/lib/python3.12/site-packages/airflow/example_dags/example_xcom.py
[2026-04-29T09:55:45.827+0300] {processor.py:840} INFO - DAG(s) 'example_xcom' retrieved from /mnt/d/airflow/airflow_project/airflow_venv/lib/python3.12/site-packages/airflow/example_dags/example_xcom.py
[2026-04-29T09:55:45.880+0300] {logging_mixin.py:188} INFO - [2026-04-29T09:55:45.879+0300] {dag.py:3089} INFO - Sync 1 DAGs
[2026-04-29T09:55:45.949+0300] {logging_mixin.py:188} INFO - [2026-04-29T09:55:45.945+0300] {dag.py:3947} INFO - Setting next_dagrun for example_xcom to 2021-01-01 00:00:00+00:00, run_after=2021-01-01 00:00:00+00:00
[2026-04-29T09:55:46.048+0300] {processor.py:183} INFO - Processing /mnt/d/airflow/airflow_project/airflow_venv/lib/python3.12/site-packages/airflow/example_dags/example_xcom.py took 0.343 seconds
[2026-04-29T09:58:43.885+0300] {processor.py:161} INFO - Started process (PID=41668) to work on /mnt/d/airflow/airflow_project/airflow_venv/lib/python3.12/site-packages/airflow/example_dags/example_xcom.py
[2026-04-29T09:58:43.888+0300] {processor.py:830} INFO - Processing file /mnt/d/airflow/airflow_project/airflow_venv/lib/python3.12/site-packages/airflow/example_dags/example_xcom.py for tasks to queue
[2026-04-29T09:58:43.896+0300] {logging_mixin.py:188} INFO - [2026-04-29T09:58:43.893+0300] {dagbag.py:545} INFO - Filling up the DagBag from /mnt/d/airflow/airflow_project/airflow_venv/lib/python3.12/site-packages/airflow/example_dags/example_xcom.py
[2026-04-29T09:58:43.957+0300] {processor.py:840} INFO - DAG(s) 'example_xcom' retrieved from /mnt/d/airflow/airflow_project/airflow_venv/lib/python3.12/site-packages/airflow/example_dags/example_xcom.py
[2026-04-29T09:58:44.031+0300] {logging_mixin.py:188} INFO - [2026-04-29T09:58:44.027+0300] {dag.py:3089} INFO - Sync 1 DAGs
[2026-04-29T09:58:44.078+0300] {logging_mixin.py:188} INFO - [2026-04-29T09:58:44.075+0300] {dag.py:3947} INFO - Setting next_dagrun for example_xcom to 2021-01-01 00:00:00+00:00, run_after=2021-01-01 00:00:00+00:00
[2026-04-29T09:58:44.220+0300] {processor.py:183} INFO - Processing /mnt/d/airflow/airflow_project/airflow_venv/lib/python3.12/site-packages/airflow/example_dags/example_xcom.py took 0.363 seconds
[2026-04-29T10:00:21.527+0300] {processor.py:161} INFO - Started process (PID=42200) to work on /mnt/d/airflow/airflow_project/airflow_venv/lib/python3.12/site-packages/airflow/example_dags/example_xcom.py
[2026-04-29T10:00:21.529+0300] {processor.py:830} INFO - Processing file /mnt/d/airflow/airflow_project/airflow_venv/lib/python3.12/site-packages/airflow/example_dags/example_xcom.py for tasks to queue
[2026-04-29T10:00:21.534+0300] {logging_mixin.py:188} INFO - [2026-04-29T10:00:21.532+0300] {dagbag.py:545} INFO - Filling up the DagBag from /mnt/d/airflow/airflow_project/airflow_venv/lib/python3.12/site-packages/airflow/example_dags/example_xcom.py
[2026-04-29T10:00:21.560+0300] {processor.py:840} INFO - DAG(s) 'example_xcom' retrieved from /mnt/d/airflow/airflow_project/airflow_venv/lib/python3.12/site-packages/airflow/example_dags/example_xcom.py
[2026-04-29T10:00:21.607+0300] {logging_mixin.py:188} INFO - [2026-04-29T10:00:21.604+0300] {dag.py:3089} INFO - Sync 1 DAGs
[2026-04-29T10:00:21.743+0300] {logging_mixin.py:188} INFO - [2026-04-29T10:00:21.742+0300] {dag.py:3947} INFO - Setting next_dagrun for example_xcom to 2021-01-01 00:00:00+00:00, run_after=2021-01-01 00:00:00+00:00
[2026-04-29T10:00:21.884+0300] {processor.py:183} INFO - Processing /mnt/d/airflow/airflow_project/airflow_venv/lib/python3.12/site-packages/airflow/example_dags/example_xcom.py took 0.374 seconds
[2026-04-29T10:02:35.389+0300] {processor.py:161} INFO - Started process (PID=42934) to work on /mnt/d/airflow/airflow_project/airflow_venv/lib/python3.12/site-packages/airflow/example_dags/example_xcom.py
[2026-04-29T10:02:35.394+0300] {processor.py:830} INFO - Processing file /mnt/d/airflow/airflow_project/airflow_venv/lib/python3.12/site-packages/airflow/example_dags/example_xcom.py for tasks to queue
[2026-04-29T10:02:35.403+0300] {logging_mixin.py:188} INFO - [2026-04-29T10:02:35.400+0300] {dagbag.py:545} INFO - Filling up the DagBag from /mnt/d/airflow/airflow_project/airflow_venv/lib/python3.12/site-packages/airflow/example_dags/example_xcom.py
[2026-04-29T10:02:35.487+0300] {processor.py:840} INFO - DAG(s) 'example_xcom' retrieved from /mnt/d/airflow/airflow_project/airflow_venv/lib/python3.12/site-packages/airflow/example_dags/example_xcom.py
[2026-04-29T10:02:35.553+0300] {logging_mixin.py:188} INFO - [2026-04-29T10:02:35.551+0300] {dag.py:3089} INFO - Sync 1 DAGs
[2026-04-29T10:02:35.597+0300] {logging_mixin.py:188} INFO - [2026-04-29T10:02:35.593+0300] {dag.py:3947} INFO - Setting next_dagrun for example_xcom to 2021-01-01 00:00:00+00:00, run_after=2021-01-01 00:00:00+00:00
[2026-04-29T10:02:35.713+0300] {processor.py:183} INFO - Processing /mnt/d/airflow/airflow_project/airflow_venv/lib/python3.12/site-packages/airflow/example_dags/example_xcom.py took 0.360 seconds
[2026-04-29T10:04:18.986+0300] {processor.py:161} INFO - Started process (PID=43530) to work on /mnt/d/airflow/airflow_project/airflow_venv/lib/python3.12/site-packages/airflow/example_dags/example_xcom.py
[2026-04-29T10:04:18.989+0300] {processor.py:830} INFO - Processing file /mnt/d/airflow/airflow_project/airflow_venv/lib/python3.12/site-packages/airflow/example_dags/example_xcom.py for tasks to queue
[2026-04-29T10:04:18.994+0300] {logging_mixin.py:188} INFO - [2026-04-29T10:04:18.992+0300] {dagbag.py:545} INFO - Filling up the DagBag from /mnt/d/airflow/airflow_project/airflow_venv/lib/python3.12/site-packages/airflow/example_dags/example_xcom.py
[2026-04-29T10:04:19.039+0300] {processor.py:840} INFO - DAG(s) 'example_xcom' retrieved from /mnt/d/airflow/airflow_project/airflow_venv/lib/python3.12/site-packages/airflow/example_dags/example_xcom.py
[2026-04-29T10:04:19.078+0300] {logging_mixin.py:188} INFO - [2026-04-29T10:04:19.076+0300] {dag.py:3089} INFO - Sync 1 DAGs
[2026-04-29T10:04:19.238+0300] {logging_mixin.py:188} INFO - [2026-04-29T10:04:19.236+0300] {dag.py:3947} INFO - Setting next_dagrun for example_xcom to 2021-01-01 00:00:00+00:00, run_after=2021-01-01 00:00:00+00:00
[2026-04-29T10:04:19.338+0300] {processor.py:183} INFO - Processing /mnt/d/airflow/airflow_project/airflow_venv/lib/python3.12/site-packages/airflow/example_dags/example_xcom.py took 0.375 seconds
[2026-04-29T10:05:24.827+0300] {processor.py:161} INFO - Started process (PID=43896) to work on /mnt/d/airflow/airflow_project/airflow_venv/lib/python3.12/site-packages/airflow/example_dags/example_xcom.py
[2026-04-29T10:05:24.832+0300] {processor.py:830} INFO - Processing file /mnt/d/airflow/airflow_project/airflow_venv/lib/python3.12/site-packages/airflow/example_dags/example_xcom.py for tasks to queue
[2026-04-29T10:05:24.841+0300] {logging_mixin.py:188} INFO - [2026-04-29T10:05:24.838+0300] {dagbag.py:545} INFO - Filling up the DagBag from /mnt/d/airflow/airflow_project/airflow_venv/lib/python3.12/site-packages/airflow/example_dags/example_xcom.py
[2026-04-29T10:05:24.923+0300] {processor.py:840} INFO - DAG(s) 'example_xcom' retrieved from /mnt/d/airflow/airflow_project/airflow_venv/lib/python3.12/site-packages/airflow/example_dags/example_xcom.py
[2026-04-29T10:05:24.999+0300] {logging_mixin.py:188} INFO - [2026-04-29T10:05:24.996+0300] {dag.py:3089} INFO - Sync 1 DAGs
[2026-04-29T10:05:25.048+0300] {logging_mixin.py:188} INFO - [2026-04-29T10:05:25.044+0300] {dag.py:3947} INFO - Setting next_dagrun for example_xcom to 2021-01-01 00:00:00+00:00, run_after=2021-01-01 00:00:00+00:00
[2026-04-29T10:05:25.252+0300] {processor.py:183} INFO - Processing /mnt/d/airflow/airflow_project/airflow_venv/lib/python3.12/site-packages/airflow/example_dags/example_xcom.py took 0.461 seconds
[2026-04-29T10:06:30.867+0300] {processor.py:161} INFO - Started process (PID=44269) to work on /mnt/d/airflow/airflow_project/airflow_venv/lib/python3.12/site-packages/airflow/example_dags/example_xcom.py
[2026-04-29T10:06:30.872+0300] {processor.py:830} INFO - Processing file /mnt/d/airflow/airflow_project/airflow_venv/lib/python3.12/site-packages/airflow/example_dags/example_xcom.py for tasks to queue
[2026-04-29T10:06:30.881+0300] {logging_mixin.py:188} INFO - [2026-04-29T10:06:30.879+0300] {dagbag.py:545} INFO - Filling up the DagBag from /mnt/d/airflow/airflow_project/airflow_venv/lib/python3.12/site-packages/airflow/example_dags/example_xcom.py
[2026-04-29T10:06:30.940+0300] {processor.py:840} INFO - DAG(s) 'example_xcom' retrieved from /mnt/d/airflow/airflow_project/airflow_venv/lib/python3.12/site-packages/airflow/example_dags/example_xcom.py
[2026-04-29T10:06:31.003+0300] {logging_mixin.py:188} INFO - [2026-04-29T10:06:31.000+0300] {dag.py:3089} INFO - Sync 1 DAGs
[2026-04-29T10:06:31.051+0300] {logging_mixin.py:188} INFO - [2026-04-29T10:06:31.047+0300] {dag.py:3947} INFO - Setting next_dagrun for example_xcom to 2021-01-01 00:00:00+00:00, run_after=2021-01-01 00:00:00+00:00
[2026-04-29T10:06:31.384+0300] {processor.py:183} INFO - Processing /mnt/d/airflow/airflow_project/airflow_venv/lib/python3.12/site-packages/airflow/example_dags/example_xcom.py took 0.578 seconds
[2026-04-29T10:07:39.773+0300] {processor.py:161} INFO - Started process (PID=44656) to work on /mnt/d/airflow/airflow_project/airflow_venv/lib/python3.12/site-packages/airflow/example_dags/example_xcom.py
[2026-04-29T10:07:39.775+0300] {processor.py:830} INFO - Processing file /mnt/d/airflow/airflow_project/airflow_venv/lib/python3.12/site-packages/airflow/example_dags/example_xcom.py for tasks to queue
[2026-04-29T10:07:39.778+0300] {logging_mixin.py:188} INFO - [2026-04-29T10:07:39.777+0300] {dagbag.py:545} INFO - Filling up the DagBag from /mnt/d/airflow/airflow_project/airflow_venv/lib/python3.12/site-packages/airflow/example_dags/example_xcom.py
[2026-04-29T10:07:39.811+0300] {processor.py:840} INFO - DAG(s) 'example_xcom' retrieved from /mnt/d/airflow/airflow_project/airflow_venv/lib/python3.12/site-packages/airflow/example_dags/example_xcom.py
[2026-04-29T10:07:39.986+0300] {logging_mixin.py:188} INFO - [2026-04-29T10:07:39.984+0300] {dag.py:3089} INFO - Sync 1 DAGs
[2026-04-29T10:07:40.027+0300] {logging_mixin.py:188} INFO - [2026-04-29T10:07:40.025+0300] {dag.py:3947} INFO - Setting next_dagrun for example_xcom to 2021-01-01 00:00:00+00:00, run_after=2021-01-01 00:00:00+00:00
[2026-04-29T10:07:40.186+0300] {processor.py:183} INFO - Processing /mnt/d/airflow/airflow_project/airflow_venv/lib/python3.12/site-packages/airflow/example_dags/example_xcom.py took 0.427 seconds
[2026-04-29T10:08:43.326+0300] {processor.py:161} INFO - Started process (PID=45005) to work on /mnt/d/airflow/airflow_project/airflow_venv/lib/python3.12/site-packages/airflow/example_dags/example_xcom.py
[2026-04-29T10:08:43.331+0300] {processor.py:830} INFO - Processing file /mnt/d/airflow/airflow_project/airflow_venv/lib/python3.12/site-packages/airflow/example_dags/example_xcom.py for tasks to queue
[2026-04-29T10:08:43.339+0300] {logging_mixin.py:188} INFO - [2026-04-29T10:08:43.337+0300] {dagbag.py:545} INFO - Filling up the DagBag from /mnt/d/airflow/airflow_project/airflow_venv/lib/python3.12/site-packages/airflow/example_dags/example_xcom.py
[2026-04-29T10:08:43.390+0300] {processor.py:840} INFO - DAG(s) 'example_xcom' retrieved from /mnt/d/airflow/airflow_project/airflow_venv/lib/python3.12/site-packages/airflow/example_dags/example_xcom.py
[2026-04-29T10:08:43.434+0300] {logging_mixin.py:188} INFO - [2026-04-29T10:08:43.433+0300] {dag.py:3089} INFO - Sync 1 DAGs
[2026-04-29T10:08:43.467+0300] {logging_mixin.py:188} INFO - [2026-04-29T10:08:43.466+0300] {dag.py:3947} INFO - Setting next_dagrun for example_xcom to 2021-01-01 00:00:00+00:00, run_after=2021-01-01 00:00:00+00:00
[2026-04-29T10:08:43.536+0300] {processor.py:183} INFO - Processing /mnt/d/airflow/airflow_project/airflow_venv/lib/python3.12/site-packages/airflow/example_dags/example_xcom.py took 0.233 seconds
[2026-04-29T10:09:42.136+0300] {processor.py:161} INFO - Started process (PID=45333) to work on /mnt/d/airflow/airflow_project/airflow_venv/lib/python3.12/site-packages/airflow/example_dags/example_xcom.py
[2026-04-29T10:09:42.141+0300] {processor.py:830} INFO - Processing file /mnt/d/airflow/airflow_project/airflow_venv/lib/python3.12/site-packages/airflow/example_dags/example_xcom.py for tasks to queue
[2026-04-29T10:09:42.150+0300] {logging_mixin.py:188} INFO - [2026-04-29T10:09:42.147+0300] {dagbag.py:545} INFO - Filling up the DagBag from /mnt/d/airflow/airflow_project/airflow_venv/lib/python3.12/site-packages/airflow/example_dags/example_xcom.py
[2026-04-29T10:09:42.229+0300] {processor.py:840} INFO - DAG(s) 'example_xcom' retrieved from /mnt/d/airflow/airflow_project/airflow_venv/lib/python3.12/site-packages/airflow/example_dags/example_xcom.py
[2026-04-29T10:09:42.305+0300] {logging_mixin.py:188} INFO - [2026-04-29T10:09:42.302+0300] {dag.py:3089} INFO - Sync 1 DAGs
[2026-04-29T10:09:42.355+0300] {logging_mixin.py:188} INFO - [2026-04-29T10:09:42.352+0300] {dag.py:3947} INFO - Setting next_dagrun for example_xcom to 2021-01-01 00:00:00+00:00, run_after=2021-01-01 00:00:00+00:00
[2026-04-29T10:09:42.558+0300] {processor.py:183} INFO - Processing /mnt/d/airflow/airflow_project/airflow_venv/lib/python3.12/site-packages/airflow/example_dags/example_xcom.py took 0.459 seconds
[2026-04-29T10:10:46.572+0300] {processor.py:161} INFO - Started process (PID=45693) to work on /mnt/d/airflow/airflow_project/airflow_venv/lib/python3.12/site-packages/airflow/example_dags/example_xcom.py
[2026-04-29T10:10:46.577+0300] {processor.py:830} INFO - Processing file /mnt/d/airflow/airflow_project/airflow_venv/lib/python3.12/site-packages/airflow/example_dags/example_xcom.py for tasks to queue
[2026-04-29T10:10:46.585+0300] {logging_mixin.py:188} INFO - [2026-04-29T10:10:46.582+0300] {dagbag.py:545} INFO - Filling up the DagBag from /mnt/d/airflow/airflow_project/airflow_venv/lib/python3.12/site-packages/airflow/example_dags/example_xcom.py
[2026-04-29T10:10:46.658+0300] {processor.py:840} INFO - DAG(s) 'example_xcom' retrieved from /mnt/d/airflow/airflow_project/airflow_venv/lib/python3.12/site-packages/airflow/example_dags/example_xcom.py
[2026-04-29T10:10:46.731+0300] {logging_mixin.py:188} INFO - [2026-04-29T10:10:46.728+0300] {dag.py:3089} INFO - Sync 1 DAGs
[2026-04-29T10:10:46.778+0300] {logging_mixin.py:188} INFO - [2026-04-29T10:10:46.774+0300] {dag.py:3947} INFO - Setting next_dagrun for example_xcom to 2021-01-01 00:00:00+00:00, run_after=2021-01-01 00:00:00+00:00
[2026-04-29T10:10:47.013+0300] {processor.py:183} INFO - Processing /mnt/d/airflow/airflow_project/airflow_venv/lib/python3.12/site-packages/airflow/example_dags/example_xcom.py took 0.473 seconds
[2026-04-29T10:11:58.135+0300] {processor.py:161} INFO - Started process (PID=46078) to work on /mnt/d/airflow/airflow_project/airflow_venv/lib/python3.12/site-packages/airflow/example_dags/example_xcom.py
[2026-04-29T10:11:58.139+0300] {processor.py:830} INFO - Processing file /mnt/d/airflow/airflow_project/airflow_venv/lib/python3.12/site-packages/airflow/example_dags/example_xcom.py for tasks to queue
[2026-04-29T10:11:58.148+0300] {logging_mixin.py:188} INFO - [2026-04-29T10:11:58.145+0300] {dagbag.py:545} INFO - Filling up the DagBag from /mnt/d/airflow/airflow_project/airflow_venv/lib/python3.12/site-packages/airflow/example_dags/example_xcom.py
[2026-04-29T10:11:58.226+0300] {processor.py:840} INFO - DAG(s) 'example_xcom' retrieved from /mnt/d/airflow/airflow_project/airflow_venv/lib/python3.12/site-packages/airflow/example_dags/example_xcom.py
[2026-04-29T10:11:58.303+0300] {logging_mixin.py:188} INFO - [2026-04-29T10:11:58.300+0300] {dag.py:3089} INFO - Sync 1 DAGs
[2026-04-29T10:11:58.346+0300] {logging_mixin.py:188} INFO - [2026-04-29T10:11:58.343+0300] {dag.py:3947} INFO - Setting next_dagrun for example_xcom to 2021-01-01 00:00:00+00:00, run_after=2021-01-01 00:00:00+00:00
[2026-04-29T10:11:58.576+0300] {processor.py:183} INFO - Processing /mnt/d/airflow/airflow_project/airflow_venv/lib/python3.12/site-packages/airflow/example_dags/example_xcom.py took 0.476 seconds
[2026-04-29T10:13:00.547+0300] {processor.py:161} INFO - Started process (PID=46435) to work on /mnt/d/airflow/airflow_project/airflow_venv/lib/python3.12/site-packages/airflow/example_dags/example_xcom.py
[2026-04-29T10:13:00.550+0300] {processor.py:830} INFO - Processing file /mnt/d/airflow/airflow_project/airflow_venv/lib/python3.12/site-packages/airflow/example_dags/example_xcom.py for tasks to queue
[2026-04-29T10:13:00.558+0300] {logging_mixin.py:188} INFO - [2026-04-29T10:13:00.555+0300] {dagbag.py:545} INFO - Filling up the DagBag from /mnt/d/airflow/airflow_project/airflow_venv/lib/python3.12/site-packages/airflow/example_dags/example_xcom.py
[2026-04-29T10:13:00.617+0300] {processor.py:840} INFO - DAG(s) 'example_xcom' retrieved from /mnt/d/airflow/airflow_project/airflow_venv/lib/python3.12/site-packages/airflow/example_dags/example_xcom.py
[2026-04-29T10:13:00.693+0300] {logging_mixin.py:188} INFO - [2026-04-29T10:13:00.690+0300] {dag.py:3089} INFO - Sync 1 DAGs
[2026-04-29T10:13:00.745+0300] {logging_mixin.py:188} INFO - [2026-04-29T10:13:00.741+0300] {dag.py:3947} INFO - Setting next_dagrun for example_xcom to 2021-01-01 00:00:00+00:00, run_after=2021-01-01 00:00:00+00:00
[2026-04-29T10:13:00.898+0300] {processor.py:183} INFO - Processing /mnt/d/airflow/airflow_project/airflow_venv/lib/python3.12/site-packages/airflow/example_dags/example_xcom.py took 0.385 seconds
