[2026-04-29T09:16:32.877+0300] {processor.py:161} INFO - Started process (PID=26967) to work on /mnt/d/airflow/airflow_project/airflow_venv/lib/python3.12/site-packages/airflow/example_dags/example_branch_datetime_operator.py
[2026-04-29T09:16:32.880+0300] {processor.py:830} INFO - Processing file /mnt/d/airflow/airflow_project/airflow_venv/lib/python3.12/site-packages/airflow/example_dags/example_branch_datetime_operator.py for tasks to queue
[2026-04-29T09:16:32.884+0300] {logging_mixin.py:188} INFO - [2026-04-29T09:16:32.882+0300] {dagbag.py:545} INFO - Filling up the DagBag from /mnt/d/airflow/airflow_project/airflow_venv/lib/python3.12/site-packages/airflow/example_dags/example_branch_datetime_operator.py
[2026-04-29T09:16:32.971+0300] {processor.py:840} INFO - DAG(s) 'example_branch_datetime_operator', 'example_branch_datetime_operator_2', 'example_branch_datetime_operator_3' retrieved from /mnt/d/airflow/airflow_project/airflow_venv/lib/python3.12/site-packages/airflow/example_dags/example_branch_datetime_operator.py
[2026-04-29T09:16:34.303+0300] {logging_mixin.py:188} INFO - [2026-04-29T09:16:34.300+0300] {override.py:1858} INFO - Created Permission View: can edit on DAG:example_branch_datetime_operator
[2026-04-29T09:16:34.329+0300] {logging_mixin.py:188} INFO - [2026-04-29T09:16:34.329+0300] {override.py:1858} INFO - Created Permission View: can delete on DAG:example_branch_datetime_operator
[2026-04-29T09:16:34.355+0300] {logging_mixin.py:188} INFO - [2026-04-29T09:16:34.354+0300] {override.py:1858} INFO - Created Permission View: can read on DAG:example_branch_datetime_operator
[2026-04-29T09:16:34.405+0300] {logging_mixin.py:188} INFO - [2026-04-29T09:16:34.404+0300] {override.py:1858} INFO - Created Permission View: can edit on DAG:example_branch_datetime_operator_2
[2026-04-29T09:16:34.432+0300] {logging_mixin.py:188} INFO - [2026-04-29T09:16:34.431+0300] {override.py:1858} INFO - Created Permission View: can delete on DAG:example_branch_datetime_operator_2
[2026-04-29T09:16:34.458+0300] {logging_mixin.py:188} INFO - [2026-04-29T09:16:34.458+0300] {override.py:1858} INFO - Created Permission View: can read on DAG:example_branch_datetime_operator_2
[2026-04-29T09:16:34.509+0300] {logging_mixin.py:188} INFO - [2026-04-29T09:16:34.508+0300] {override.py:1858} INFO - Created Permission View: can edit on DAG:example_branch_datetime_operator_3
[2026-04-29T09:16:34.537+0300] {logging_mixin.py:188} INFO - [2026-04-29T09:16:34.536+0300] {override.py:1858} INFO - Created Permission View: can delete on DAG:example_branch_datetime_operator_3
[2026-04-29T09:16:34.565+0300] {logging_mixin.py:188} INFO - [2026-04-29T09:16:34.564+0300] {override.py:1858} INFO - Created Permission View: can read on DAG:example_branch_datetime_operator_3
[2026-04-29T09:16:34.567+0300] {logging_mixin.py:188} INFO - [2026-04-29T09:16:34.566+0300] {dag.py:3089} INFO - Sync 3 DAGs
[2026-04-29T09:16:34.584+0300] {logging_mixin.py:188} INFO - [2026-04-29T09:16:34.583+0300] {dag.py:3111} INFO - Creating ORM DAG for example_branch_datetime_operator_2
[2026-04-29T09:16:34.585+0300] {logging_mixin.py:188} INFO - [2026-04-29T09:16:34.585+0300] {dag.py:3111} INFO - Creating ORM DAG for example_branch_datetime_operator
[2026-04-29T09:16:34.587+0300] {logging_mixin.py:188} INFO - [2026-04-29T09:16:34.586+0300] {dag.py:3111} INFO - Creating ORM DAG for example_branch_datetime_operator_3
[2026-04-29T09:16:34.600+0300] {logging_mixin.py:188} INFO - [2026-04-29T09:16:34.600+0300] {dag.py:3947} INFO - Setting next_dagrun for example_branch_datetime_operator to 2026-04-28 00:00:00+00:00, run_after=2026-04-29 00:00:00+00:00
[2026-04-29T09:16:34.603+0300] {logging_mixin.py:188} INFO - [2026-04-29T09:16:34.603+0300] {dag.py:3947} INFO - Setting next_dagrun for example_branch_datetime_operator_2 to 2026-04-28 00:00:00+00:00, run_after=2026-04-29 00:00:00+00:00
[2026-04-29T09:16:34.606+0300] {logging_mixin.py:188} INFO - [2026-04-29T09:16:34.605+0300] {dag.py:3947} INFO - Setting next_dagrun for example_branch_datetime_operator_3 to 2026-04-28 00:00:00+00:00, run_after=2026-04-29 00:00:00+00:00
[2026-04-29T09:16:34.718+0300] {processor.py:183} INFO - Processing /mnt/d/airflow/airflow_project/airflow_venv/lib/python3.12/site-packages/airflow/example_dags/example_branch_datetime_operator.py took 1.861 seconds
[2026-04-29T09:18:53.277+0300] {processor.py:161} INFO - Started process (PID=27804) to work on /mnt/d/airflow/airflow_project/airflow_venv/lib/python3.12/site-packages/airflow/example_dags/example_branch_datetime_operator.py
[2026-04-29T09:18:53.282+0300] {processor.py:830} INFO - Processing file /mnt/d/airflow/airflow_project/airflow_venv/lib/python3.12/site-packages/airflow/example_dags/example_branch_datetime_operator.py for tasks to queue
[2026-04-29T09:18:53.293+0300] {logging_mixin.py:188} INFO - [2026-04-29T09:18:53.289+0300] {dagbag.py:545} INFO - Filling up the DagBag from /mnt/d/airflow/airflow_project/airflow_venv/lib/python3.12/site-packages/airflow/example_dags/example_branch_datetime_operator.py
[2026-04-29T09:18:53.482+0300] {processor.py:840} INFO - DAG(s) 'example_branch_datetime_operator', 'example_branch_datetime_operator_3', 'example_branch_datetime_operator_2' retrieved from /mnt/d/airflow/airflow_project/airflow_venv/lib/python3.12/site-packages/airflow/example_dags/example_branch_datetime_operator.py
[2026-04-29T09:18:53.600+0300] {logging_mixin.py:188} INFO - [2026-04-29T09:18:53.597+0300] {dag.py:3089} INFO - Sync 3 DAGs
[2026-04-29T09:18:53.651+0300] {logging_mixin.py:188} INFO - [2026-04-29T09:18:53.648+0300] {dag.py:3947} INFO - Setting next_dagrun for example_branch_datetime_operator to 2026-04-28 00:00:00+00:00, run_after=2026-04-29 00:00:00+00:00
[2026-04-29T09:18:53.667+0300] {logging_mixin.py:188} INFO - [2026-04-29T09:18:53.664+0300] {dag.py:3947} INFO - Setting next_dagrun for example_branch_datetime_operator_2 to 2026-04-28 00:00:00+00:00, run_after=2026-04-29 00:00:00+00:00
[2026-04-29T09:18:53.680+0300] {logging_mixin.py:188} INFO - [2026-04-29T09:18:53.677+0300] {dag.py:3947} INFO - Setting next_dagrun for example_branch_datetime_operator_3 to 2026-04-28 00:00:00+00:00, run_after=2026-04-29 00:00:00+00:00
[2026-04-29T09:18:53.863+0300] {processor.py:183} INFO - Processing /mnt/d/airflow/airflow_project/airflow_venv/lib/python3.12/site-packages/airflow/example_dags/example_branch_datetime_operator.py took 0.628 seconds
[2026-04-29T09:21:15.620+0300] {processor.py:161} INFO - Started process (PID=28634) to work on /mnt/d/airflow/airflow_project/airflow_venv/lib/python3.12/site-packages/airflow/example_dags/example_branch_datetime_operator.py
[2026-04-29T09:21:15.624+0300] {processor.py:830} INFO - Processing file /mnt/d/airflow/airflow_project/airflow_venv/lib/python3.12/site-packages/airflow/example_dags/example_branch_datetime_operator.py for tasks to queue
[2026-04-29T09:21:15.631+0300] {logging_mixin.py:188} INFO - [2026-04-29T09:21:15.628+0300] {dagbag.py:545} INFO - Filling up the DagBag from /mnt/d/airflow/airflow_project/airflow_venv/lib/python3.12/site-packages/airflow/example_dags/example_branch_datetime_operator.py
[2026-04-29T09:21:15.775+0300] {processor.py:840} INFO - DAG(s) 'example_branch_datetime_operator_2', 'example_branch_datetime_operator_3', 'example_branch_datetime_operator' retrieved from /mnt/d/airflow/airflow_project/airflow_venv/lib/python3.12/site-packages/airflow/example_dags/example_branch_datetime_operator.py
[2026-04-29T09:21:15.872+0300] {logging_mixin.py:188} INFO - [2026-04-29T09:21:15.869+0300] {dag.py:3089} INFO - Sync 3 DAGs
[2026-04-29T09:21:15.915+0300] {logging_mixin.py:188} INFO - [2026-04-29T09:21:15.912+0300] {dag.py:3947} INFO - Setting next_dagrun for example_branch_datetime_operator to 2026-04-28 00:00:00+00:00, run_after=2026-04-29 00:00:00+00:00
[2026-04-29T09:21:15.931+0300] {logging_mixin.py:188} INFO - [2026-04-29T09:21:15.928+0300] {dag.py:3947} INFO - Setting next_dagrun for example_branch_datetime_operator_2 to 2026-04-28 00:00:00+00:00, run_after=2026-04-29 00:00:00+00:00
[2026-04-29T09:21:15.944+0300] {logging_mixin.py:188} INFO - [2026-04-29T09:21:15.941+0300] {dag.py:3947} INFO - Setting next_dagrun for example_branch_datetime_operator_3 to 2026-04-28 00:00:00+00:00, run_after=2026-04-29 00:00:00+00:00
[2026-04-29T09:21:16.163+0300] {processor.py:183} INFO - Processing /mnt/d/airflow/airflow_project/airflow_venv/lib/python3.12/site-packages/airflow/example_dags/example_branch_datetime_operator.py took 0.596 seconds
[2026-04-29T09:23:13.273+0300] {processor.py:161} INFO - Started process (PID=29326) to work on /mnt/d/airflow/airflow_project/airflow_venv/lib/python3.12/site-packages/airflow/example_dags/example_branch_datetime_operator.py
[2026-04-29T09:23:13.276+0300] {processor.py:830} INFO - Processing file /mnt/d/airflow/airflow_project/airflow_venv/lib/python3.12/site-packages/airflow/example_dags/example_branch_datetime_operator.py for tasks to queue
[2026-04-29T09:23:13.283+0300] {logging_mixin.py:188} INFO - [2026-04-29T09:23:13.280+0300] {dagbag.py:545} INFO - Filling up the DagBag from /mnt/d/airflow/airflow_project/airflow_venv/lib/python3.12/site-packages/airflow/example_dags/example_branch_datetime_operator.py
[2026-04-29T09:23:13.452+0300] {processor.py:840} INFO - DAG(s) 'example_branch_datetime_operator_2', 'example_branch_datetime_operator', 'example_branch_datetime_operator_3' retrieved from /mnt/d/airflow/airflow_project/airflow_venv/lib/python3.12/site-packages/airflow/example_dags/example_branch_datetime_operator.py
[2026-04-29T09:23:13.548+0300] {logging_mixin.py:188} INFO - [2026-04-29T09:23:13.545+0300] {dag.py:3089} INFO - Sync 3 DAGs
[2026-04-29T09:23:13.596+0300] {logging_mixin.py:188} INFO - [2026-04-29T09:23:13.594+0300] {dag.py:3947} INFO - Setting next_dagrun for example_branch_datetime_operator to 2026-04-28 00:00:00+00:00, run_after=2026-04-29 00:00:00+00:00
[2026-04-29T09:23:13.613+0300] {logging_mixin.py:188} INFO - [2026-04-29T09:23:13.610+0300] {dag.py:3947} INFO - Setting next_dagrun for example_branch_datetime_operator_2 to 2026-04-28 00:00:00+00:00, run_after=2026-04-29 00:00:00+00:00
[2026-04-29T09:23:13.622+0300] {logging_mixin.py:188} INFO - [2026-04-29T09:23:13.620+0300] {dag.py:3947} INFO - Setting next_dagrun for example_branch_datetime_operator_3 to 2026-04-28 00:00:00+00:00, run_after=2026-04-29 00:00:00+00:00
[2026-04-29T09:23:13.793+0300] {processor.py:183} INFO - Processing /mnt/d/airflow/airflow_project/airflow_venv/lib/python3.12/site-packages/airflow/example_dags/example_branch_datetime_operator.py took 0.541 seconds
[2026-04-29T09:25:32.459+0300] {processor.py:161} INFO - Started process (PID=30106) to work on /mnt/d/airflow/airflow_project/airflow_venv/lib/python3.12/site-packages/airflow/example_dags/example_branch_datetime_operator.py
[2026-04-29T09:25:32.463+0300] {processor.py:830} INFO - Processing file /mnt/d/airflow/airflow_project/airflow_venv/lib/python3.12/site-packages/airflow/example_dags/example_branch_datetime_operator.py for tasks to queue
[2026-04-29T09:25:32.472+0300] {logging_mixin.py:188} INFO - [2026-04-29T09:25:32.468+0300] {dagbag.py:545} INFO - Filling up the DagBag from /mnt/d/airflow/airflow_project/airflow_venv/lib/python3.12/site-packages/airflow/example_dags/example_branch_datetime_operator.py
[2026-04-29T09:25:32.647+0300] {processor.py:840} INFO - DAG(s) 'example_branch_datetime_operator', 'example_branch_datetime_operator_2', 'example_branch_datetime_operator_3' retrieved from /mnt/d/airflow/airflow_project/airflow_venv/lib/python3.12/site-packages/airflow/example_dags/example_branch_datetime_operator.py
[2026-04-29T09:25:32.753+0300] {logging_mixin.py:188} INFO - [2026-04-29T09:25:32.750+0300] {dag.py:3089} INFO - Sync 3 DAGs
[2026-04-29T09:25:32.800+0300] {logging_mixin.py:188} INFO - [2026-04-29T09:25:32.798+0300] {dag.py:3947} INFO - Setting next_dagrun for example_branch_datetime_operator to 2026-04-28 00:00:00+00:00, run_after=2026-04-29 00:00:00+00:00
[2026-04-29T09:25:32.817+0300] {logging_mixin.py:188} INFO - [2026-04-29T09:25:32.814+0300] {dag.py:3947} INFO - Setting next_dagrun for example_branch_datetime_operator_2 to 2026-04-28 00:00:00+00:00, run_after=2026-04-29 00:00:00+00:00
[2026-04-29T09:25:32.833+0300] {logging_mixin.py:188} INFO - [2026-04-29T09:25:32.829+0300] {dag.py:3947} INFO - Setting next_dagrun for example_branch_datetime_operator_3 to 2026-04-28 00:00:00+00:00, run_after=2026-04-29 00:00:00+00:00
[2026-04-29T09:25:33.040+0300] {processor.py:183} INFO - Processing /mnt/d/airflow/airflow_project/airflow_venv/lib/python3.12/site-packages/airflow/example_dags/example_branch_datetime_operator.py took 0.622 seconds
[2026-04-29T09:27:57.891+0300] {processor.py:161} INFO - Started process (PID=30921) to work on /mnt/d/airflow/airflow_project/airflow_venv/lib/python3.12/site-packages/airflow/example_dags/example_branch_datetime_operator.py
[2026-04-29T09:27:57.895+0300] {processor.py:830} INFO - Processing file /mnt/d/airflow/airflow_project/airflow_venv/lib/python3.12/site-packages/airflow/example_dags/example_branch_datetime_operator.py for tasks to queue
[2026-04-29T09:27:57.901+0300] {logging_mixin.py:188} INFO - [2026-04-29T09:27:57.899+0300] {dagbag.py:545} INFO - Filling up the DagBag from /mnt/d/airflow/airflow_project/airflow_venv/lib/python3.12/site-packages/airflow/example_dags/example_branch_datetime_operator.py
[2026-04-29T09:27:57.977+0300] {processor.py:840} INFO - DAG(s) 'example_branch_datetime_operator_3', 'example_branch_datetime_operator_2', 'example_branch_datetime_operator' retrieved from /mnt/d/airflow/airflow_project/airflow_venv/lib/python3.12/site-packages/airflow/example_dags/example_branch_datetime_operator.py
[2026-04-29T09:27:58.015+0300] {logging_mixin.py:188} INFO - [2026-04-29T09:27:58.015+0300] {dag.py:3089} INFO - Sync 3 DAGs
[2026-04-29T09:27:58.037+0300] {logging_mixin.py:188} INFO - [2026-04-29T09:27:58.035+0300] {dag.py:3947} INFO - Setting next_dagrun for example_branch_datetime_operator to 2026-04-28 00:00:00+00:00, run_after=2026-04-29 00:00:00+00:00
[2026-04-29T09:27:58.044+0300] {logging_mixin.py:188} INFO - [2026-04-29T09:27:58.043+0300] {dag.py:3947} INFO - Setting next_dagrun for example_branch_datetime_operator_2 to 2026-04-28 00:00:00+00:00, run_after=2026-04-29 00:00:00+00:00
[2026-04-29T09:27:58.049+0300] {logging_mixin.py:188} INFO - [2026-04-29T09:27:58.048+0300] {dag.py:3947} INFO - Setting next_dagrun for example_branch_datetime_operator_3 to 2026-04-28 00:00:00+00:00, run_after=2026-04-29 00:00:00+00:00
[2026-04-29T09:27:58.140+0300] {processor.py:183} INFO - Processing /mnt/d/airflow/airflow_project/airflow_venv/lib/python3.12/site-packages/airflow/example_dags/example_branch_datetime_operator.py took 0.275 seconds
[2026-04-29T09:30:53.512+0300] {processor.py:161} INFO - Started process (PID=31963) to work on /mnt/d/airflow/airflow_project/airflow_venv/lib/python3.12/site-packages/airflow/example_dags/example_branch_datetime_operator.py
[2026-04-29T09:30:53.514+0300] {processor.py:830} INFO - Processing file /mnt/d/airflow/airflow_project/airflow_venv/lib/python3.12/site-packages/airflow/example_dags/example_branch_datetime_operator.py for tasks to queue
[2026-04-29T09:30:53.519+0300] {logging_mixin.py:188} INFO - [2026-04-29T09:30:53.517+0300] {dagbag.py:545} INFO - Filling up the DagBag from /mnt/d/airflow/airflow_project/airflow_venv/lib/python3.12/site-packages/airflow/example_dags/example_branch_datetime_operator.py
[2026-04-29T09:30:53.600+0300] {processor.py:840} INFO - DAG(s) 'example_branch_datetime_operator_2', 'example_branch_datetime_operator', 'example_branch_datetime_operator_3' retrieved from /mnt/d/airflow/airflow_project/airflow_venv/lib/python3.12/site-packages/airflow/example_dags/example_branch_datetime_operator.py
[2026-04-29T09:30:53.632+0300] {logging_mixin.py:188} INFO - [2026-04-29T09:30:53.631+0300] {dag.py:3089} INFO - Sync 3 DAGs
[2026-04-29T09:30:53.679+0300] {logging_mixin.py:188} INFO - [2026-04-29T09:30:53.678+0300] {dag.py:3947} INFO - Setting next_dagrun for example_branch_datetime_operator to 2026-04-28 00:00:00+00:00, run_after=2026-04-29 00:00:00+00:00
[2026-04-29T09:30:53.685+0300] {logging_mixin.py:188} INFO - [2026-04-29T09:30:53.684+0300] {dag.py:3947} INFO - Setting next_dagrun for example_branch_datetime_operator_2 to 2026-04-28 00:00:00+00:00, run_after=2026-04-29 00:00:00+00:00
[2026-04-29T09:30:53.691+0300] {logging_mixin.py:188} INFO - [2026-04-29T09:30:53.690+0300] {dag.py:3947} INFO - Setting next_dagrun for example_branch_datetime_operator_3 to 2026-04-28 00:00:00+00:00, run_after=2026-04-29 00:00:00+00:00
[2026-04-29T09:30:53.729+0300] {processor.py:183} INFO - Processing /mnt/d/airflow/airflow_project/airflow_venv/lib/python3.12/site-packages/airflow/example_dags/example_branch_datetime_operator.py took 0.258 seconds
[2026-04-29T09:33:10.254+0300] {processor.py:161} INFO - Started process (PID=32763) to work on /mnt/d/airflow/airflow_project/airflow_venv/lib/python3.12/site-packages/airflow/example_dags/example_branch_datetime_operator.py
[2026-04-29T09:33:10.258+0300] {processor.py:830} INFO - Processing file /mnt/d/airflow/airflow_project/airflow_venv/lib/python3.12/site-packages/airflow/example_dags/example_branch_datetime_operator.py for tasks to queue
[2026-04-29T09:33:10.266+0300] {logging_mixin.py:188} INFO - [2026-04-29T09:33:10.263+0300] {dagbag.py:545} INFO - Filling up the DagBag from /mnt/d/airflow/airflow_project/airflow_venv/lib/python3.12/site-packages/airflow/example_dags/example_branch_datetime_operator.py
[2026-04-29T09:33:10.424+0300] {processor.py:840} INFO - DAG(s) 'example_branch_datetime_operator_2', 'example_branch_datetime_operator_3', 'example_branch_datetime_operator' retrieved from /mnt/d/airflow/airflow_project/airflow_venv/lib/python3.12/site-packages/airflow/example_dags/example_branch_datetime_operator.py
[2026-04-29T09:33:10.542+0300] {logging_mixin.py:188} INFO - [2026-04-29T09:33:10.540+0300] {dag.py:3089} INFO - Sync 3 DAGs
[2026-04-29T09:33:10.583+0300] {logging_mixin.py:188} INFO - [2026-04-29T09:33:10.581+0300] {dag.py:3947} INFO - Setting next_dagrun for example_branch_datetime_operator to 2026-04-28 00:00:00+00:00, run_after=2026-04-29 00:00:00+00:00
[2026-04-29T09:33:10.594+0300] {logging_mixin.py:188} INFO - [2026-04-29T09:33:10.592+0300] {dag.py:3947} INFO - Setting next_dagrun for example_branch_datetime_operator_2 to 2026-04-28 00:00:00+00:00, run_after=2026-04-29 00:00:00+00:00
[2026-04-29T09:33:10.605+0300] {logging_mixin.py:188} INFO - [2026-04-29T09:33:10.602+0300] {dag.py:3947} INFO - Setting next_dagrun for example_branch_datetime_operator_3 to 2026-04-28 00:00:00+00:00, run_after=2026-04-29 00:00:00+00:00
[2026-04-29T09:33:10.788+0300] {processor.py:183} INFO - Processing /mnt/d/airflow/airflow_project/airflow_venv/lib/python3.12/site-packages/airflow/example_dags/example_branch_datetime_operator.py took 0.556 seconds
[2026-04-29T09:35:29.711+0300] {processor.py:161} INFO - Started process (PID=33601) to work on /mnt/d/airflow/airflow_project/airflow_venv/lib/python3.12/site-packages/airflow/example_dags/example_branch_datetime_operator.py
[2026-04-29T09:35:29.715+0300] {processor.py:830} INFO - Processing file /mnt/d/airflow/airflow_project/airflow_venv/lib/python3.12/site-packages/airflow/example_dags/example_branch_datetime_operator.py for tasks to queue
[2026-04-29T09:35:29.722+0300] {logging_mixin.py:188} INFO - [2026-04-29T09:35:29.719+0300] {dagbag.py:545} INFO - Filling up the DagBag from /mnt/d/airflow/airflow_project/airflow_venv/lib/python3.12/site-packages/airflow/example_dags/example_branch_datetime_operator.py
[2026-04-29T09:35:29.897+0300] {processor.py:840} INFO - DAG(s) 'example_branch_datetime_operator_2', 'example_branch_datetime_operator_3', 'example_branch_datetime_operator' retrieved from /mnt/d/airflow/airflow_project/airflow_venv/lib/python3.12/site-packages/airflow/example_dags/example_branch_datetime_operator.py
[2026-04-29T09:35:29.987+0300] {logging_mixin.py:188} INFO - [2026-04-29T09:35:29.984+0300] {dag.py:3089} INFO - Sync 3 DAGs
[2026-04-29T09:35:30.037+0300] {logging_mixin.py:188} INFO - [2026-04-29T09:35:30.034+0300] {dag.py:3947} INFO - Setting next_dagrun for example_branch_datetime_operator to 2026-04-28 00:00:00+00:00, run_after=2026-04-29 00:00:00+00:00
[2026-04-29T09:35:30.054+0300] {logging_mixin.py:188} INFO - [2026-04-29T09:35:30.051+0300] {dag.py:3947} INFO - Setting next_dagrun for example_branch_datetime_operator_2 to 2026-04-28 00:00:00+00:00, run_after=2026-04-29 00:00:00+00:00
[2026-04-29T09:35:30.066+0300] {logging_mixin.py:188} INFO - [2026-04-29T09:35:30.064+0300] {dag.py:3947} INFO - Setting next_dagrun for example_branch_datetime_operator_3 to 2026-04-28 00:00:00+00:00, run_after=2026-04-29 00:00:00+00:00
[2026-04-29T09:35:30.270+0300] {processor.py:183} INFO - Processing /mnt/d/airflow/airflow_project/airflow_venv/lib/python3.12/site-packages/airflow/example_dags/example_branch_datetime_operator.py took 0.590 seconds
[2026-04-29T09:37:27.735+0300] {processor.py:161} INFO - Started process (PID=34314) to work on /mnt/d/airflow/airflow_project/airflow_venv/lib/python3.12/site-packages/airflow/example_dags/example_branch_datetime_operator.py
[2026-04-29T09:37:27.737+0300] {processor.py:830} INFO - Processing file /mnt/d/airflow/airflow_project/airflow_venv/lib/python3.12/site-packages/airflow/example_dags/example_branch_datetime_operator.py for tasks to queue
[2026-04-29T09:37:27.740+0300] {logging_mixin.py:188} INFO - [2026-04-29T09:37:27.739+0300] {dagbag.py:545} INFO - Filling up the DagBag from /mnt/d/airflow/airflow_project/airflow_venv/lib/python3.12/site-packages/airflow/example_dags/example_branch_datetime_operator.py
[2026-04-29T09:37:27.825+0300] {processor.py:840} INFO - DAG(s) 'example_branch_datetime_operator_3', 'example_branch_datetime_operator_2', 'example_branch_datetime_operator' retrieved from /mnt/d/airflow/airflow_project/airflow_venv/lib/python3.12/site-packages/airflow/example_dags/example_branch_datetime_operator.py
[2026-04-29T09:37:27.886+0300] {logging_mixin.py:188} INFO - [2026-04-29T09:37:27.884+0300] {dag.py:3089} INFO - Sync 3 DAGs
[2026-04-29T09:37:27.920+0300] {logging_mixin.py:188} INFO - [2026-04-29T09:37:27.918+0300] {dag.py:3947} INFO - Setting next_dagrun for example_branch_datetime_operator to 2026-04-28 00:00:00+00:00, run_after=2026-04-29 00:00:00+00:00
[2026-04-29T09:37:27.931+0300] {logging_mixin.py:188} INFO - [2026-04-29T09:37:27.928+0300] {dag.py:3947} INFO - Setting next_dagrun for example_branch_datetime_operator_2 to 2026-04-28 00:00:00+00:00, run_after=2026-04-29 00:00:00+00:00
[2026-04-29T09:37:27.941+0300] {logging_mixin.py:188} INFO - [2026-04-29T09:37:27.938+0300] {dag.py:3947} INFO - Setting next_dagrun for example_branch_datetime_operator_3 to 2026-04-28 00:00:00+00:00, run_after=2026-04-29 00:00:00+00:00
[2026-04-29T09:37:28.085+0300] {processor.py:183} INFO - Processing /mnt/d/airflow/airflow_project/airflow_venv/lib/python3.12/site-packages/airflow/example_dags/example_branch_datetime_operator.py took 0.370 seconds
[2026-04-29T09:39:42.393+0300] {processor.py:161} INFO - Started process (PID=35134) to work on /mnt/d/airflow/airflow_project/airflow_venv/lib/python3.12/site-packages/airflow/example_dags/example_branch_datetime_operator.py
[2026-04-29T09:39:42.395+0300] {processor.py:830} INFO - Processing file /mnt/d/airflow/airflow_project/airflow_venv/lib/python3.12/site-packages/airflow/example_dags/example_branch_datetime_operator.py for tasks to queue
[2026-04-29T09:39:42.404+0300] {logging_mixin.py:188} INFO - [2026-04-29T09:39:42.402+0300] {dagbag.py:545} INFO - Filling up the DagBag from /mnt/d/airflow/airflow_project/airflow_venv/lib/python3.12/site-packages/airflow/example_dags/example_branch_datetime_operator.py
[2026-04-29T09:39:42.495+0300] {processor.py:840} INFO - DAG(s) 'example_branch_datetime_operator_2', 'example_branch_datetime_operator', 'example_branch_datetime_operator_3' retrieved from /mnt/d/airflow/airflow_project/airflow_venv/lib/python3.12/site-packages/airflow/example_dags/example_branch_datetime_operator.py
[2026-04-29T09:39:42.548+0300] {logging_mixin.py:188} INFO - [2026-04-29T09:39:42.547+0300] {dag.py:3089} INFO - Sync 3 DAGs
[2026-04-29T09:39:42.588+0300] {logging_mixin.py:188} INFO - [2026-04-29T09:39:42.587+0300] {dag.py:3947} INFO - Setting next_dagrun for example_branch_datetime_operator to 2026-04-28 00:00:00+00:00, run_after=2026-04-29 00:00:00+00:00
[2026-04-29T09:39:42.607+0300] {logging_mixin.py:188} INFO - [2026-04-29T09:39:42.606+0300] {dag.py:3947} INFO - Setting next_dagrun for example_branch_datetime_operator_2 to 2026-04-28 00:00:00+00:00, run_after=2026-04-29 00:00:00+00:00
[2026-04-29T09:39:42.619+0300] {logging_mixin.py:188} INFO - [2026-04-29T09:39:42.616+0300] {dag.py:3947} INFO - Setting next_dagrun for example_branch_datetime_operator_3 to 2026-04-28 00:00:00+00:00, run_after=2026-04-29 00:00:00+00:00
[2026-04-29T09:39:42.795+0300] {processor.py:183} INFO - Processing /mnt/d/airflow/airflow_project/airflow_venv/lib/python3.12/site-packages/airflow/example_dags/example_branch_datetime_operator.py took 0.429 seconds
[2026-04-29T09:41:37.923+0300] {processor.py:161} INFO - Started process (PID=35800) to work on /mnt/d/airflow/airflow_project/airflow_venv/lib/python3.12/site-packages/airflow/example_dags/example_branch_datetime_operator.py
[2026-04-29T09:41:37.928+0300] {processor.py:830} INFO - Processing file /mnt/d/airflow/airflow_project/airflow_venv/lib/python3.12/site-packages/airflow/example_dags/example_branch_datetime_operator.py for tasks to queue
[2026-04-29T09:41:37.937+0300] {logging_mixin.py:188} INFO - [2026-04-29T09:41:37.933+0300] {dagbag.py:545} INFO - Filling up the DagBag from /mnt/d/airflow/airflow_project/airflow_venv/lib/python3.12/site-packages/airflow/example_dags/example_branch_datetime_operator.py
[2026-04-29T09:41:38.106+0300] {processor.py:840} INFO - DAG(s) 'example_branch_datetime_operator_2', 'example_branch_datetime_operator_3', 'example_branch_datetime_operator' retrieved from /mnt/d/airflow/airflow_project/airflow_venv/lib/python3.12/site-packages/airflow/example_dags/example_branch_datetime_operator.py
[2026-04-29T09:41:38.212+0300] {logging_mixin.py:188} INFO - [2026-04-29T09:41:38.208+0300] {dag.py:3089} INFO - Sync 3 DAGs
[2026-04-29T09:41:38.259+0300] {logging_mixin.py:188} INFO - [2026-04-29T09:41:38.257+0300] {dag.py:3947} INFO - Setting next_dagrun for example_branch_datetime_operator to 2026-04-28 00:00:00+00:00, run_after=2026-04-29 00:00:00+00:00
[2026-04-29T09:41:38.272+0300] {logging_mixin.py:188} INFO - [2026-04-29T09:41:38.270+0300] {dag.py:3947} INFO - Setting next_dagrun for example_branch_datetime_operator_2 to 2026-04-28 00:00:00+00:00, run_after=2026-04-29 00:00:00+00:00
[2026-04-29T09:41:38.282+0300] {logging_mixin.py:188} INFO - [2026-04-29T09:41:38.280+0300] {dag.py:3947} INFO - Setting next_dagrun for example_branch_datetime_operator_3 to 2026-04-28 00:00:00+00:00, run_after=2026-04-29 00:00:00+00:00
[2026-04-29T09:41:38.486+0300] {processor.py:183} INFO - Processing /mnt/d/airflow/airflow_project/airflow_venv/lib/python3.12/site-packages/airflow/example_dags/example_branch_datetime_operator.py took 0.599 seconds
[2026-04-29T09:43:56.313+0300] {processor.py:161} INFO - Started process (PID=36619) to work on /mnt/d/airflow/airflow_project/airflow_venv/lib/python3.12/site-packages/airflow/example_dags/example_branch_datetime_operator.py
[2026-04-29T09:43:56.317+0300] {processor.py:830} INFO - Processing file /mnt/d/airflow/airflow_project/airflow_venv/lib/python3.12/site-packages/airflow/example_dags/example_branch_datetime_operator.py for tasks to queue
[2026-04-29T09:43:56.325+0300] {logging_mixin.py:188} INFO - [2026-04-29T09:43:56.322+0300] {dagbag.py:545} INFO - Filling up the DagBag from /mnt/d/airflow/airflow_project/airflow_venv/lib/python3.12/site-packages/airflow/example_dags/example_branch_datetime_operator.py
[2026-04-29T09:43:56.417+0300] {processor.py:840} INFO - DAG(s) 'example_branch_datetime_operator_3', 'example_branch_datetime_operator_2', 'example_branch_datetime_operator' retrieved from /mnt/d/airflow/airflow_project/airflow_venv/lib/python3.12/site-packages/airflow/example_dags/example_branch_datetime_operator.py
[2026-04-29T09:43:56.451+0300] {logging_mixin.py:188} INFO - [2026-04-29T09:43:56.450+0300] {dag.py:3089} INFO - Sync 3 DAGs
[2026-04-29T09:43:56.484+0300] {logging_mixin.py:188} INFO - [2026-04-29T09:43:56.482+0300] {dag.py:3947} INFO - Setting next_dagrun for example_branch_datetime_operator to 2026-04-28 00:00:00+00:00, run_after=2026-04-29 00:00:00+00:00
[2026-04-29T09:43:56.492+0300] {logging_mixin.py:188} INFO - [2026-04-29T09:43:56.490+0300] {dag.py:3947} INFO - Setting next_dagrun for example_branch_datetime_operator_2 to 2026-04-28 00:00:00+00:00, run_after=2026-04-29 00:00:00+00:00
[2026-04-29T09:43:56.498+0300] {logging_mixin.py:188} INFO - [2026-04-29T09:43:56.497+0300] {dag.py:3947} INFO - Setting next_dagrun for example_branch_datetime_operator_3 to 2026-04-28 00:00:00+00:00, run_after=2026-04-29 00:00:00+00:00
[2026-04-29T09:43:56.604+0300] {processor.py:183} INFO - Processing /mnt/d/airflow/airflow_project/airflow_venv/lib/python3.12/site-packages/airflow/example_dags/example_branch_datetime_operator.py took 0.322 seconds
[2026-04-29T09:47:24.643+0300] {processor.py:161} INFO - Started process (PID=37791) to work on /mnt/d/airflow/airflow_project/airflow_venv/lib/python3.12/site-packages/airflow/example_dags/example_branch_datetime_operator.py
[2026-04-29T09:47:24.648+0300] {processor.py:830} INFO - Processing file /mnt/d/airflow/airflow_project/airflow_venv/lib/python3.12/site-packages/airflow/example_dags/example_branch_datetime_operator.py for tasks to queue
[2026-04-29T09:47:24.655+0300] {logging_mixin.py:188} INFO - [2026-04-29T09:47:24.652+0300] {dagbag.py:545} INFO - Filling up the DagBag from /mnt/d/airflow/airflow_project/airflow_venv/lib/python3.12/site-packages/airflow/example_dags/example_branch_datetime_operator.py
[2026-04-29T09:47:24.838+0300] {processor.py:840} INFO - DAG(s) 'example_branch_datetime_operator_3', 'example_branch_datetime_operator', 'example_branch_datetime_operator_2' retrieved from /mnt/d/airflow/airflow_project/airflow_venv/lib/python3.12/site-packages/airflow/example_dags/example_branch_datetime_operator.py
[2026-04-29T09:47:26.500+0300] {logging_mixin.py:188} INFO - [2026-04-29T09:47:26.499+0300] {dag.py:3089} INFO - Sync 3 DAGs
[2026-04-29T09:47:26.664+0300] {logging_mixin.py:188} INFO - [2026-04-29T09:47:26.662+0300] {dag.py:3947} INFO - Setting next_dagrun for example_branch_datetime_operator to 2026-04-28 00:00:00+00:00, run_after=2026-04-29 00:00:00+00:00
[2026-04-29T09:47:26.675+0300] {logging_mixin.py:188} INFO - [2026-04-29T09:47:26.673+0300] {dag.py:3947} INFO - Setting next_dagrun for example_branch_datetime_operator_2 to 2026-04-28 00:00:00+00:00, run_after=2026-04-29 00:00:00+00:00
[2026-04-29T09:47:26.684+0300] {logging_mixin.py:188} INFO - [2026-04-29T09:47:26.682+0300] {dag.py:3947} INFO - Setting next_dagrun for example_branch_datetime_operator_3 to 2026-04-28 00:00:00+00:00, run_after=2026-04-29 00:00:00+00:00
[2026-04-29T09:47:26.910+0300] {processor.py:183} INFO - Processing /mnt/d/airflow/airflow_project/airflow_venv/lib/python3.12/site-packages/airflow/example_dags/example_branch_datetime_operator.py took 2.296 seconds
[2026-04-29T09:49:51.777+0300] {processor.py:161} INFO - Started process (PID=38629) to work on /mnt/d/airflow/airflow_project/airflow_venv/lib/python3.12/site-packages/airflow/example_dags/example_branch_datetime_operator.py
[2026-04-29T09:49:51.782+0300] {processor.py:830} INFO - Processing file /mnt/d/airflow/airflow_project/airflow_venv/lib/python3.12/site-packages/airflow/example_dags/example_branch_datetime_operator.py for tasks to queue
[2026-04-29T09:49:51.792+0300] {logging_mixin.py:188} INFO - [2026-04-29T09:49:51.789+0300] {dagbag.py:545} INFO - Filling up the DagBag from /mnt/d/airflow/airflow_project/airflow_venv/lib/python3.12/site-packages/airflow/example_dags/example_branch_datetime_operator.py
[2026-04-29T09:49:51.934+0300] {processor.py:840} INFO - DAG(s) 'example_branch_datetime_operator_2', 'example_branch_datetime_operator', 'example_branch_datetime_operator_3' retrieved from /mnt/d/airflow/airflow_project/airflow_venv/lib/python3.12/site-packages/airflow/example_dags/example_branch_datetime_operator.py
[2026-04-29T09:49:52.076+0300] {logging_mixin.py:188} INFO - [2026-04-29T09:49:52.073+0300] {dag.py:3089} INFO - Sync 3 DAGs
[2026-04-29T09:49:52.140+0300] {logging_mixin.py:188} INFO - [2026-04-29T09:49:52.138+0300] {dag.py:3947} INFO - Setting next_dagrun for example_branch_datetime_operator to 2026-04-28 00:00:00+00:00, run_after=2026-04-29 00:00:00+00:00
[2026-04-29T09:49:52.154+0300] {logging_mixin.py:188} INFO - [2026-04-29T09:49:52.152+0300] {dag.py:3947} INFO - Setting next_dagrun for example_branch_datetime_operator_2 to 2026-04-28 00:00:00+00:00, run_after=2026-04-29 00:00:00+00:00
[2026-04-29T09:49:52.171+0300] {logging_mixin.py:188} INFO - [2026-04-29T09:49:52.168+0300] {dag.py:3947} INFO - Setting next_dagrun for example_branch_datetime_operator_3 to 2026-04-28 00:00:00+00:00, run_after=2026-04-29 00:00:00+00:00
[2026-04-29T09:49:52.294+0300] {processor.py:183} INFO - Processing /mnt/d/airflow/airflow_project/airflow_venv/lib/python3.12/site-packages/airflow/example_dags/example_branch_datetime_operator.py took 0.562 seconds
[2026-04-29T09:52:07.632+0300] {processor.py:161} INFO - Started process (PID=39405) to work on /mnt/d/airflow/airflow_project/airflow_venv/lib/python3.12/site-packages/airflow/example_dags/example_branch_datetime_operator.py
[2026-04-29T09:52:07.637+0300] {processor.py:830} INFO - Processing file /mnt/d/airflow/airflow_project/airflow_venv/lib/python3.12/site-packages/airflow/example_dags/example_branch_datetime_operator.py for tasks to queue
[2026-04-29T09:52:07.643+0300] {logging_mixin.py:188} INFO - [2026-04-29T09:52:07.641+0300] {dagbag.py:545} INFO - Filling up the DagBag from /mnt/d/airflow/airflow_project/airflow_venv/lib/python3.12/site-packages/airflow/example_dags/example_branch_datetime_operator.py
[2026-04-29T09:52:07.721+0300] {processor.py:840} INFO - DAG(s) 'example_branch_datetime_operator', 'example_branch_datetime_operator_2', 'example_branch_datetime_operator_3' retrieved from /mnt/d/airflow/airflow_project/airflow_venv/lib/python3.12/site-packages/airflow/example_dags/example_branch_datetime_operator.py
[2026-04-29T09:52:07.782+0300] {logging_mixin.py:188} INFO - [2026-04-29T09:52:07.780+0300] {dag.py:3089} INFO - Sync 3 DAGs
[2026-04-29T09:52:07.822+0300] {logging_mixin.py:188} INFO - [2026-04-29T09:52:07.820+0300] {dag.py:3947} INFO - Setting next_dagrun for example_branch_datetime_operator to 2026-04-28 00:00:00+00:00, run_after=2026-04-29 00:00:00+00:00
[2026-04-29T09:52:07.943+0300] {logging_mixin.py:188} INFO - [2026-04-29T09:52:07.940+0300] {dag.py:3947} INFO - Setting next_dagrun for example_branch_datetime_operator_2 to 2026-04-28 00:00:00+00:00, run_after=2026-04-29 00:00:00+00:00
[2026-04-29T09:52:07.957+0300] {logging_mixin.py:188} INFO - [2026-04-29T09:52:07.953+0300] {dag.py:3947} INFO - Setting next_dagrun for example_branch_datetime_operator_3 to 2026-04-28 00:00:00+00:00, run_after=2026-04-29 00:00:00+00:00
[2026-04-29T09:52:08.172+0300] {processor.py:183} INFO - Processing /mnt/d/airflow/airflow_project/airflow_venv/lib/python3.12/site-packages/airflow/example_dags/example_branch_datetime_operator.py took 0.563 seconds
[2026-04-29T09:57:15.714+0300] {processor.py:161} INFO - Started process (PID=41169) to work on /mnt/d/airflow/airflow_project/airflow_venv/lib/python3.12/site-packages/airflow/example_dags/example_branch_datetime_operator.py
[2026-04-29T09:57:15.718+0300] {processor.py:830} INFO - Processing file /mnt/d/airflow/airflow_project/airflow_venv/lib/python3.12/site-packages/airflow/example_dags/example_branch_datetime_operator.py for tasks to queue
[2026-04-29T09:57:15.724+0300] {logging_mixin.py:188} INFO - [2026-04-29T09:57:15.722+0300] {dagbag.py:545} INFO - Filling up the DagBag from /mnt/d/airflow/airflow_project/airflow_venv/lib/python3.12/site-packages/airflow/example_dags/example_branch_datetime_operator.py
[2026-04-29T09:57:15.861+0300] {processor.py:840} INFO - DAG(s) 'example_branch_datetime_operator', 'example_branch_datetime_operator_2', 'example_branch_datetime_operator_3' retrieved from /mnt/d/airflow/airflow_project/airflow_venv/lib/python3.12/site-packages/airflow/example_dags/example_branch_datetime_operator.py
[2026-04-29T09:57:15.949+0300] {logging_mixin.py:188} INFO - [2026-04-29T09:57:15.947+0300] {dag.py:3089} INFO - Sync 3 DAGs
[2026-04-29T09:57:15.993+0300] {logging_mixin.py:188} INFO - [2026-04-29T09:57:15.990+0300] {dag.py:3947} INFO - Setting next_dagrun for example_branch_datetime_operator to 2026-04-28 00:00:00+00:00, run_after=2026-04-29 00:00:00+00:00
[2026-04-29T09:57:16.004+0300] {logging_mixin.py:188} INFO - [2026-04-29T09:57:16.003+0300] {dag.py:3947} INFO - Setting next_dagrun for example_branch_datetime_operator_2 to 2026-04-28 00:00:00+00:00, run_after=2026-04-29 00:00:00+00:00
[2026-04-29T09:57:16.017+0300] {logging_mixin.py:188} INFO - [2026-04-29T09:57:16.014+0300] {dag.py:3947} INFO - Setting next_dagrun for example_branch_datetime_operator_3 to 2026-04-28 00:00:00+00:00, run_after=2026-04-29 00:00:00+00:00
[2026-04-29T09:57:16.181+0300] {processor.py:183} INFO - Processing /mnt/d/airflow/airflow_project/airflow_venv/lib/python3.12/site-packages/airflow/example_dags/example_branch_datetime_operator.py took 0.495 seconds
[2026-04-29T10:01:30.470+0300] {processor.py:161} INFO - Started process (PID=42579) to work on /mnt/d/airflow/airflow_project/airflow_venv/lib/python3.12/site-packages/airflow/example_dags/example_branch_datetime_operator.py
[2026-04-29T10:01:30.474+0300] {processor.py:830} INFO - Processing file /mnt/d/airflow/airflow_project/airflow_venv/lib/python3.12/site-packages/airflow/example_dags/example_branch_datetime_operator.py for tasks to queue
[2026-04-29T10:01:30.482+0300] {logging_mixin.py:188} INFO - [2026-04-29T10:01:30.479+0300] {dagbag.py:545} INFO - Filling up the DagBag from /mnt/d/airflow/airflow_project/airflow_venv/lib/python3.12/site-packages/airflow/example_dags/example_branch_datetime_operator.py
[2026-04-29T10:01:30.646+0300] {processor.py:840} INFO - DAG(s) 'example_branch_datetime_operator_2', 'example_branch_datetime_operator', 'example_branch_datetime_operator_3' retrieved from /mnt/d/airflow/airflow_project/airflow_venv/lib/python3.12/site-packages/airflow/example_dags/example_branch_datetime_operator.py
[2026-04-29T10:01:30.776+0300] {logging_mixin.py:188} INFO - [2026-04-29T10:01:30.772+0300] {dag.py:3089} INFO - Sync 3 DAGs
[2026-04-29T10:01:30.834+0300] {logging_mixin.py:188} INFO - [2026-04-29T10:01:30.831+0300] {dag.py:3947} INFO - Setting next_dagrun for example_branch_datetime_operator to 2026-04-28 00:00:00+00:00, run_after=2026-04-29 00:00:00+00:00
[2026-04-29T10:01:30.852+0300] {logging_mixin.py:188} INFO - [2026-04-29T10:01:30.849+0300] {dag.py:3947} INFO - Setting next_dagrun for example_branch_datetime_operator_2 to 2026-04-28 00:00:00+00:00, run_after=2026-04-29 00:00:00+00:00
[2026-04-29T10:01:30.866+0300] {logging_mixin.py:188} INFO - [2026-04-29T10:01:30.863+0300] {dag.py:3947} INFO - Setting next_dagrun for example_branch_datetime_operator_3 to 2026-04-28 00:00:00+00:00, run_after=2026-04-29 00:00:00+00:00
[2026-04-29T10:01:30.980+0300] {processor.py:183} INFO - Processing /mnt/d/airflow/airflow_project/airflow_venv/lib/python3.12/site-packages/airflow/example_dags/example_branch_datetime_operator.py took 0.542 seconds
[2026-04-29T10:04:54.829+0300] {processor.py:161} INFO - Started process (PID=43732) to work on /mnt/d/airflow/airflow_project/airflow_venv/lib/python3.12/site-packages/airflow/example_dags/example_branch_datetime_operator.py
[2026-04-29T10:04:54.834+0300] {processor.py:830} INFO - Processing file /mnt/d/airflow/airflow_project/airflow_venv/lib/python3.12/site-packages/airflow/example_dags/example_branch_datetime_operator.py for tasks to queue
[2026-04-29T10:04:54.844+0300] {logging_mixin.py:188} INFO - [2026-04-29T10:04:54.841+0300] {dagbag.py:545} INFO - Filling up the DagBag from /mnt/d/airflow/airflow_project/airflow_venv/lib/python3.12/site-packages/airflow/example_dags/example_branch_datetime_operator.py
[2026-04-29T10:04:55.011+0300] {processor.py:840} INFO - DAG(s) 'example_branch_datetime_operator', 'example_branch_datetime_operator_2', 'example_branch_datetime_operator_3' retrieved from /mnt/d/airflow/airflow_project/airflow_venv/lib/python3.12/site-packages/airflow/example_dags/example_branch_datetime_operator.py
[2026-04-29T10:04:55.063+0300] {logging_mixin.py:188} INFO - [2026-04-29T10:04:55.062+0300] {dag.py:3089} INFO - Sync 3 DAGs
[2026-04-29T10:04:55.098+0300] {logging_mixin.py:188} INFO - [2026-04-29T10:04:55.097+0300] {dag.py:3947} INFO - Setting next_dagrun for example_branch_datetime_operator to 2026-04-28 00:00:00+00:00, run_after=2026-04-29 00:00:00+00:00
[2026-04-29T10:04:55.105+0300] {logging_mixin.py:188} INFO - [2026-04-29T10:04:55.104+0300] {dag.py:3947} INFO - Setting next_dagrun for example_branch_datetime_operator_2 to 2026-04-28 00:00:00+00:00, run_after=2026-04-29 00:00:00+00:00
[2026-04-29T10:04:55.111+0300] {logging_mixin.py:188} INFO - [2026-04-29T10:04:55.109+0300] {dag.py:3947} INFO - Setting next_dagrun for example_branch_datetime_operator_3 to 2026-04-28 00:00:00+00:00, run_after=2026-04-29 00:00:00+00:00
[2026-04-29T10:04:55.219+0300] {processor.py:183} INFO - Processing /mnt/d/airflow/airflow_project/airflow_venv/lib/python3.12/site-packages/airflow/example_dags/example_branch_datetime_operator.py took 0.434 seconds
[2026-04-29T10:07:09.195+0300] {processor.py:161} INFO - Started process (PID=44480) to work on /mnt/d/airflow/airflow_project/airflow_venv/lib/python3.12/site-packages/airflow/example_dags/example_branch_datetime_operator.py
[2026-04-29T10:07:09.198+0300] {processor.py:830} INFO - Processing file /mnt/d/airflow/airflow_project/airflow_venv/lib/python3.12/site-packages/airflow/example_dags/example_branch_datetime_operator.py for tasks to queue
[2026-04-29T10:07:09.202+0300] {logging_mixin.py:188} INFO - [2026-04-29T10:07:09.201+0300] {dagbag.py:545} INFO - Filling up the DagBag from /mnt/d/airflow/airflow_project/airflow_venv/lib/python3.12/site-packages/airflow/example_dags/example_branch_datetime_operator.py
[2026-04-29T10:07:09.299+0300] {processor.py:840} INFO - DAG(s) 'example_branch_datetime_operator_3', 'example_branch_datetime_operator_2', 'example_branch_datetime_operator' retrieved from /mnt/d/airflow/airflow_project/airflow_venv/lib/python3.12/site-packages/airflow/example_dags/example_branch_datetime_operator.py
[2026-04-29T10:07:09.376+0300] {logging_mixin.py:188} INFO - [2026-04-29T10:07:09.373+0300] {dag.py:3089} INFO - Sync 3 DAGs
[2026-04-29T10:07:09.554+0300] {logging_mixin.py:188} INFO - [2026-04-29T10:07:09.552+0300] {dag.py:3947} INFO - Setting next_dagrun for example_branch_datetime_operator to 2026-04-28 00:00:00+00:00, run_after=2026-04-29 00:00:00+00:00
[2026-04-29T10:07:09.567+0300] {logging_mixin.py:188} INFO - [2026-04-29T10:07:09.562+0300] {dag.py:3947} INFO - Setting next_dagrun for example_branch_datetime_operator_2 to 2026-04-28 00:00:00+00:00, run_after=2026-04-29 00:00:00+00:00
[2026-04-29T10:07:09.576+0300] {logging_mixin.py:188} INFO - [2026-04-29T10:07:09.574+0300] {dag.py:3947} INFO - Setting next_dagrun for example_branch_datetime_operator_3 to 2026-04-28 00:00:00+00:00, run_after=2026-04-29 00:00:00+00:00
[2026-04-29T10:07:09.745+0300] {processor.py:183} INFO - Processing /mnt/d/airflow/airflow_project/airflow_venv/lib/python3.12/site-packages/airflow/example_dags/example_branch_datetime_operator.py took 0.570 seconds
[2026-04-29T10:09:10.070+0300] {processor.py:161} INFO - Started process (PID=45157) to work on /mnt/d/airflow/airflow_project/airflow_venv/lib/python3.12/site-packages/airflow/example_dags/example_branch_datetime_operator.py
[2026-04-29T10:09:10.074+0300] {processor.py:830} INFO - Processing file /mnt/d/airflow/airflow_project/airflow_venv/lib/python3.12/site-packages/airflow/example_dags/example_branch_datetime_operator.py for tasks to queue
[2026-04-29T10:09:10.082+0300] {logging_mixin.py:188} INFO - [2026-04-29T10:09:10.080+0300] {dagbag.py:545} INFO - Filling up the DagBag from /mnt/d/airflow/airflow_project/airflow_venv/lib/python3.12/site-packages/airflow/example_dags/example_branch_datetime_operator.py
[2026-04-29T10:09:10.202+0300] {processor.py:840} INFO - DAG(s) 'example_branch_datetime_operator_3', 'example_branch_datetime_operator', 'example_branch_datetime_operator_2' retrieved from /mnt/d/airflow/airflow_project/airflow_venv/lib/python3.12/site-packages/airflow/example_dags/example_branch_datetime_operator.py
[2026-04-29T10:09:10.280+0300] {logging_mixin.py:188} INFO - [2026-04-29T10:09:10.278+0300] {dag.py:3089} INFO - Sync 3 DAGs
[2026-04-29T10:09:10.324+0300] {logging_mixin.py:188} INFO - [2026-04-29T10:09:10.321+0300] {dag.py:3947} INFO - Setting next_dagrun for example_branch_datetime_operator to 2026-04-28 00:00:00+00:00, run_after=2026-04-29 00:00:00+00:00
[2026-04-29T10:09:10.336+0300] {logging_mixin.py:188} INFO - [2026-04-29T10:09:10.334+0300] {dag.py:3947} INFO - Setting next_dagrun for example_branch_datetime_operator_2 to 2026-04-28 00:00:00+00:00, run_after=2026-04-29 00:00:00+00:00
[2026-04-29T10:09:10.345+0300] {logging_mixin.py:188} INFO - [2026-04-29T10:09:10.343+0300] {dag.py:3947} INFO - Setting next_dagrun for example_branch_datetime_operator_3 to 2026-04-28 00:00:00+00:00, run_after=2026-04-29 00:00:00+00:00
[2026-04-29T10:09:10.492+0300] {processor.py:183} INFO - Processing /mnt/d/airflow/airflow_project/airflow_venv/lib/python3.12/site-packages/airflow/example_dags/example_branch_datetime_operator.py took 0.460 seconds
[2026-04-29T10:11:24.678+0300] {processor.py:161} INFO - Started process (PID=45896) to work on /mnt/d/airflow/airflow_project/airflow_venv/lib/python3.12/site-packages/airflow/example_dags/example_branch_datetime_operator.py
[2026-04-29T10:11:24.683+0300] {processor.py:830} INFO - Processing file /mnt/d/airflow/airflow_project/airflow_venv/lib/python3.12/site-packages/airflow/example_dags/example_branch_datetime_operator.py for tasks to queue
[2026-04-29T10:11:24.692+0300] {logging_mixin.py:188} INFO - [2026-04-29T10:11:24.689+0300] {dagbag.py:545} INFO - Filling up the DagBag from /mnt/d/airflow/airflow_project/airflow_venv/lib/python3.12/site-packages/airflow/example_dags/example_branch_datetime_operator.py
[2026-04-29T10:11:24.867+0300] {processor.py:840} INFO - DAG(s) 'example_branch_datetime_operator_3', 'example_branch_datetime_operator_2', 'example_branch_datetime_operator' retrieved from /mnt/d/airflow/airflow_project/airflow_venv/lib/python3.12/site-packages/airflow/example_dags/example_branch_datetime_operator.py
[2026-04-29T10:11:24.966+0300] {logging_mixin.py:188} INFO - [2026-04-29T10:11:24.965+0300] {dag.py:3089} INFO - Sync 3 DAGs
[2026-04-29T10:11:25.005+0300] {logging_mixin.py:188} INFO - [2026-04-29T10:11:25.003+0300] {dag.py:3947} INFO - Setting next_dagrun for example_branch_datetime_operator to 2026-04-28 00:00:00+00:00, run_after=2026-04-29 00:00:00+00:00
[2026-04-29T10:11:25.014+0300] {logging_mixin.py:188} INFO - [2026-04-29T10:11:25.012+0300] {dag.py:3947} INFO - Setting next_dagrun for example_branch_datetime_operator_2 to 2026-04-28 00:00:00+00:00, run_after=2026-04-29 00:00:00+00:00
[2026-04-29T10:11:25.020+0300] {logging_mixin.py:188} INFO - [2026-04-29T10:11:25.019+0300] {dag.py:3947} INFO - Setting next_dagrun for example_branch_datetime_operator_3 to 2026-04-28 00:00:00+00:00, run_after=2026-04-29 00:00:00+00:00
[2026-04-29T10:11:25.143+0300] {processor.py:183} INFO - Processing /mnt/d/airflow/airflow_project/airflow_venv/lib/python3.12/site-packages/airflow/example_dags/example_branch_datetime_operator.py took 0.502 seconds
[2026-04-29T10:13:28.157+0300] {processor.py:161} INFO - Started process (PID=46589) to work on /mnt/d/airflow/airflow_project/airflow_venv/lib/python3.12/site-packages/airflow/example_dags/example_branch_datetime_operator.py
[2026-04-29T10:13:28.161+0300] {processor.py:830} INFO - Processing file /mnt/d/airflow/airflow_project/airflow_venv/lib/python3.12/site-packages/airflow/example_dags/example_branch_datetime_operator.py for tasks to queue
[2026-04-29T10:13:28.168+0300] {logging_mixin.py:188} INFO - [2026-04-29T10:13:28.165+0300] {dagbag.py:545} INFO - Filling up the DagBag from /mnt/d/airflow/airflow_project/airflow_venv/lib/python3.12/site-packages/airflow/example_dags/example_branch_datetime_operator.py
[2026-04-29T10:13:28.299+0300] {processor.py:840} INFO - DAG(s) 'example_branch_datetime_operator_3', 'example_branch_datetime_operator_2', 'example_branch_datetime_operator' retrieved from /mnt/d/airflow/airflow_project/airflow_venv/lib/python3.12/site-packages/airflow/example_dags/example_branch_datetime_operator.py
[2026-04-29T10:13:28.394+0300] {logging_mixin.py:188} INFO - [2026-04-29T10:13:28.392+0300] {dag.py:3089} INFO - Sync 3 DAGs
[2026-04-29T10:13:28.437+0300] {logging_mixin.py:188} INFO - [2026-04-29T10:13:28.434+0300] {dag.py:3947} INFO - Setting next_dagrun for example_branch_datetime_operator to 2026-04-28 00:00:00+00:00, run_after=2026-04-29 00:00:00+00:00
[2026-04-29T10:13:28.451+0300] {logging_mixin.py:188} INFO - [2026-04-29T10:13:28.448+0300] {dag.py:3947} INFO - Setting next_dagrun for example_branch_datetime_operator_2 to 2026-04-28 00:00:00+00:00, run_after=2026-04-29 00:00:00+00:00
[2026-04-29T10:13:28.461+0300] {logging_mixin.py:188} INFO - [2026-04-29T10:13:28.457+0300] {dag.py:3947} INFO - Setting next_dagrun for example_branch_datetime_operator_3 to 2026-04-28 00:00:00+00:00, run_after=2026-04-29 00:00:00+00:00
[2026-04-29T10:13:28.605+0300] {processor.py:183} INFO - Processing /mnt/d/airflow/airflow_project/airflow_venv/lib/python3.12/site-packages/airflow/example_dags/example_branch_datetime_operator.py took 0.466 seconds
