[2026-04-29T09:15:01.700+0300] {processor.py:161} INFO - Started process (PID=26464) to work on /mnt/d/airflow/airflow_project/airflow_venv/lib/python3.12/site-packages/airflow/example_dags/example_sla_dag.py
[2026-04-29T09:15:01.702+0300] {processor.py:830} INFO - Processing file /mnt/d/airflow/airflow_project/airflow_venv/lib/python3.12/site-packages/airflow/example_dags/example_sla_dag.py for tasks to queue
[2026-04-29T09:15:01.706+0300] {logging_mixin.py:188} INFO - [2026-04-29T09:15:01.704+0300] {dagbag.py:545} INFO - Filling up the DagBag from /mnt/d/airflow/airflow_project/airflow_venv/lib/python3.12/site-packages/airflow/example_dags/example_sla_dag.py
[2026-04-29T09:15:01.739+0300] {processor.py:840} INFO - DAG(s) 'example_sla_dag' retrieved from /mnt/d/airflow/airflow_project/airflow_venv/lib/python3.12/site-packages/airflow/example_dags/example_sla_dag.py
[2026-04-29T09:15:02.650+0300] {logging_mixin.py:188} INFO - [2026-04-29T09:15:02.649+0300] {override.py:1858} INFO - Created Permission View: can edit on DAG:example_sla_dag
[2026-04-29T09:15:02.682+0300] {logging_mixin.py:188} INFO - [2026-04-29T09:15:02.680+0300] {override.py:1858} INFO - Created Permission View: can delete on DAG:example_sla_dag
[2026-04-29T09:15:02.709+0300] {logging_mixin.py:188} INFO - [2026-04-29T09:15:02.708+0300] {override.py:1858} INFO - Created Permission View: can read on DAG:example_sla_dag
[2026-04-29T09:15:02.711+0300] {logging_mixin.py:188} INFO - [2026-04-29T09:15:02.710+0300] {dag.py:3089} INFO - Sync 1 DAGs
[2026-04-29T09:15:02.725+0300] {logging_mixin.py:188} INFO - [2026-04-29T09:15:02.724+0300] {dag.py:3111} INFO - Creating ORM DAG for example_sla_dag
[2026-04-29T09:15:02.757+0300] {logging_mixin.py:188} INFO - [2026-04-29T09:15:02.756+0300] {dag.py:3947} INFO - Setting next_dagrun for example_sla_dag to 2026-04-29 06:12:00+00:00, run_after=2026-04-29 06:14:00+00:00
[2026-04-29T09:15:02.884+0300] {processor.py:183} INFO - Processing /mnt/d/airflow/airflow_project/airflow_venv/lib/python3.12/site-packages/airflow/example_dags/example_sla_dag.py took 1.196 seconds
[2026-04-29T09:17:20.759+0300] {processor.py:161} INFO - Started process (PID=27245) to work on /mnt/d/airflow/airflow_project/airflow_venv/lib/python3.12/site-packages/airflow/example_dags/example_sla_dag.py
[2026-04-29T09:17:20.762+0300] {processor.py:830} INFO - Processing file /mnt/d/airflow/airflow_project/airflow_venv/lib/python3.12/site-packages/airflow/example_dags/example_sla_dag.py for tasks to queue
[2026-04-29T09:17:20.766+0300] {logging_mixin.py:188} INFO - [2026-04-29T09:17:20.764+0300] {dagbag.py:545} INFO - Filling up the DagBag from /mnt/d/airflow/airflow_project/airflow_venv/lib/python3.12/site-packages/airflow/example_dags/example_sla_dag.py
[2026-04-29T09:17:20.812+0300] {processor.py:840} INFO - DAG(s) 'example_sla_dag' retrieved from /mnt/d/airflow/airflow_project/airflow_venv/lib/python3.12/site-packages/airflow/example_dags/example_sla_dag.py
[2026-04-29T09:17:20.849+0300] {logging_mixin.py:188} INFO - [2026-04-29T09:17:20.847+0300] {dag.py:3089} INFO - Sync 1 DAGs
[2026-04-29T09:17:20.897+0300] {logging_mixin.py:188} INFO - [2026-04-29T09:17:20.896+0300] {dag.py:3947} INFO - Setting next_dagrun for example_sla_dag to 2026-04-29 06:14:00+00:00, run_after=2026-04-29 06:16:00+00:00
[2026-04-29T09:17:21.037+0300] {processor.py:183} INFO - Processing /mnt/d/airflow/airflow_project/airflow_venv/lib/python3.12/site-packages/airflow/example_dags/example_sla_dag.py took 0.299 seconds
[2026-04-29T09:18:32.589+0300] {processor.py:161} INFO - Started process (PID=27686) to work on /mnt/d/airflow/airflow_project/airflow_venv/lib/python3.12/site-packages/airflow/example_dags/example_sla_dag.py
[2026-04-29T09:18:32.594+0300] {processor.py:830} INFO - Processing file /mnt/d/airflow/airflow_project/airflow_venv/lib/python3.12/site-packages/airflow/example_dags/example_sla_dag.py for tasks to queue
[2026-04-29T09:18:32.605+0300] {logging_mixin.py:188} INFO - [2026-04-29T09:18:32.600+0300] {dagbag.py:545} INFO - Filling up the DagBag from /mnt/d/airflow/airflow_project/airflow_venv/lib/python3.12/site-packages/airflow/example_dags/example_sla_dag.py
[2026-04-29T09:18:32.692+0300] {processor.py:840} INFO - DAG(s) 'example_sla_dag' retrieved from /mnt/d/airflow/airflow_project/airflow_venv/lib/python3.12/site-packages/airflow/example_dags/example_sla_dag.py
[2026-04-29T09:18:32.759+0300] {logging_mixin.py:188} INFO - [2026-04-29T09:18:32.756+0300] {dag.py:3089} INFO - Sync 1 DAGs
[2026-04-29T09:18:32.822+0300] {logging_mixin.py:188} INFO - [2026-04-29T09:18:32.820+0300] {dag.py:3947} INFO - Setting next_dagrun for example_sla_dag to 2026-04-29 06:16:00+00:00, run_after=2026-04-29 06:18:00+00:00
[2026-04-29T09:18:33.012+0300] {processor.py:183} INFO - Processing /mnt/d/airflow/airflow_project/airflow_venv/lib/python3.12/site-packages/airflow/example_dags/example_sla_dag.py took 0.469 seconds
[2026-04-29T09:19:38.710+0300] {processor.py:161} INFO - Started process (PID=28092) to work on /mnt/d/airflow/airflow_project/airflow_venv/lib/python3.12/site-packages/airflow/example_dags/example_sla_dag.py
[2026-04-29T09:19:38.716+0300] {processor.py:830} INFO - Processing file /mnt/d/airflow/airflow_project/airflow_venv/lib/python3.12/site-packages/airflow/example_dags/example_sla_dag.py for tasks to queue
[2026-04-29T09:19:38.721+0300] {logging_mixin.py:188} INFO - [2026-04-29T09:19:38.719+0300] {dagbag.py:545} INFO - Filling up the DagBag from /mnt/d/airflow/airflow_project/airflow_venv/lib/python3.12/site-packages/airflow/example_dags/example_sla_dag.py
[2026-04-29T09:19:38.886+0300] {processor.py:840} INFO - DAG(s) 'example_sla_dag' retrieved from /mnt/d/airflow/airflow_project/airflow_venv/lib/python3.12/site-packages/airflow/example_dags/example_sla_dag.py
[2026-04-29T09:19:38.940+0300] {logging_mixin.py:188} INFO - [2026-04-29T09:19:38.938+0300] {dag.py:3089} INFO - Sync 1 DAGs
[2026-04-29T09:19:39.015+0300] {logging_mixin.py:188} INFO - [2026-04-29T09:19:39.012+0300] {dag.py:3947} INFO - Setting next_dagrun for example_sla_dag to 2026-04-29 06:16:00+00:00, run_after=2026-04-29 06:18:00+00:00
[2026-04-29T09:19:39.265+0300] {processor.py:183} INFO - Processing /mnt/d/airflow/airflow_project/airflow_venv/lib/python3.12/site-packages/airflow/example_dags/example_sla_dag.py took 0.581 seconds
[2026-04-29T09:20:54.046+0300] {processor.py:161} INFO - Started process (PID=28512) to work on /mnt/d/airflow/airflow_project/airflow_venv/lib/python3.12/site-packages/airflow/example_dags/example_sla_dag.py
[2026-04-29T09:20:54.050+0300] {processor.py:830} INFO - Processing file /mnt/d/airflow/airflow_project/airflow_venv/lib/python3.12/site-packages/airflow/example_dags/example_sla_dag.py for tasks to queue
[2026-04-29T09:20:54.058+0300] {logging_mixin.py:188} INFO - [2026-04-29T09:20:54.055+0300] {dagbag.py:545} INFO - Filling up the DagBag from /mnt/d/airflow/airflow_project/airflow_venv/lib/python3.12/site-packages/airflow/example_dags/example_sla_dag.py
[2026-04-29T09:20:54.135+0300] {processor.py:840} INFO - DAG(s) 'example_sla_dag' retrieved from /mnt/d/airflow/airflow_project/airflow_venv/lib/python3.12/site-packages/airflow/example_dags/example_sla_dag.py
[2026-04-29T09:20:54.170+0300] {logging_mixin.py:188} INFO - [2026-04-29T09:20:54.169+0300] {dag.py:3089} INFO - Sync 1 DAGs
[2026-04-29T09:20:54.406+0300] {logging_mixin.py:188} INFO - [2026-04-29T09:20:54.403+0300] {dag.py:3947} INFO - Setting next_dagrun for example_sla_dag to 2026-04-29 06:18:00+00:00, run_after=2026-04-29 06:20:00+00:00
[2026-04-29T09:20:54.637+0300] {processor.py:183} INFO - Processing /mnt/d/airflow/airflow_project/airflow_venv/lib/python3.12/site-packages/airflow/example_dags/example_sla_dag.py took 0.620 seconds
[2026-04-29T09:21:58.600+0300] {processor.py:161} INFO - Started process (PID=28882) to work on /mnt/d/airflow/airflow_project/airflow_venv/lib/python3.12/site-packages/airflow/example_dags/example_sla_dag.py
[2026-04-29T09:21:58.602+0300] {processor.py:830} INFO - Processing file /mnt/d/airflow/airflow_project/airflow_venv/lib/python3.12/site-packages/airflow/example_dags/example_sla_dag.py for tasks to queue
[2026-04-29T09:21:58.606+0300] {logging_mixin.py:188} INFO - [2026-04-29T09:21:58.604+0300] {dagbag.py:545} INFO - Filling up the DagBag from /mnt/d/airflow/airflow_project/airflow_venv/lib/python3.12/site-packages/airflow/example_dags/example_sla_dag.py
[2026-04-29T09:21:58.651+0300] {processor.py:840} INFO - DAG(s) 'example_sla_dag' retrieved from /mnt/d/airflow/airflow_project/airflow_venv/lib/python3.12/site-packages/airflow/example_dags/example_sla_dag.py
[2026-04-29T09:21:58.695+0300] {logging_mixin.py:188} INFO - [2026-04-29T09:21:58.689+0300] {dag.py:3089} INFO - Sync 1 DAGs
[2026-04-29T09:21:58.738+0300] {logging_mixin.py:188} INFO - [2026-04-29T09:21:58.737+0300] {dag.py:3947} INFO - Setting next_dagrun for example_sla_dag to 2026-04-29 06:18:00+00:00, run_after=2026-04-29 06:20:00+00:00
[2026-04-29T09:21:58.815+0300] {processor.py:183} INFO - Processing /mnt/d/airflow/airflow_project/airflow_venv/lib/python3.12/site-packages/airflow/example_dags/example_sla_dag.py took 0.228 seconds
[2026-04-29T09:23:55.910+0300] {processor.py:161} INFO - Started process (PID=29574) to work on /mnt/d/airflow/airflow_project/airflow_venv/lib/python3.12/site-packages/airflow/example_dags/example_sla_dag.py
[2026-04-29T09:23:55.914+0300] {processor.py:830} INFO - Processing file /mnt/d/airflow/airflow_project/airflow_venv/lib/python3.12/site-packages/airflow/example_dags/example_sla_dag.py for tasks to queue
[2026-04-29T09:23:55.922+0300] {logging_mixin.py:188} INFO - [2026-04-29T09:23:55.920+0300] {dagbag.py:545} INFO - Filling up the DagBag from /mnt/d/airflow/airflow_project/airflow_venv/lib/python3.12/site-packages/airflow/example_dags/example_sla_dag.py
[2026-04-29T09:23:56.011+0300] {processor.py:840} INFO - DAG(s) 'example_sla_dag' retrieved from /mnt/d/airflow/airflow_project/airflow_venv/lib/python3.12/site-packages/airflow/example_dags/example_sla_dag.py
[2026-04-29T09:23:56.068+0300] {logging_mixin.py:188} INFO - [2026-04-29T09:23:56.067+0300] {dag.py:3089} INFO - Sync 1 DAGs
[2026-04-29T09:23:56.112+0300] {logging_mixin.py:188} INFO - [2026-04-29T09:23:56.111+0300] {dag.py:3947} INFO - Setting next_dagrun for example_sla_dag to 2026-04-29 06:20:00+00:00, run_after=2026-04-29 06:22:00+00:00
[2026-04-29T09:23:56.184+0300] {processor.py:183} INFO - Processing /mnt/d/airflow/airflow_project/airflow_venv/lib/python3.12/site-packages/airflow/example_dags/example_sla_dag.py took 0.306 seconds
[2026-04-29T09:25:07.818+0300] {processor.py:161} INFO - Started process (PID=29966) to work on /mnt/d/airflow/airflow_project/airflow_venv/lib/python3.12/site-packages/airflow/example_dags/example_sla_dag.py
[2026-04-29T09:25:07.823+0300] {processor.py:830} INFO - Processing file /mnt/d/airflow/airflow_project/airflow_venv/lib/python3.12/site-packages/airflow/example_dags/example_sla_dag.py for tasks to queue
[2026-04-29T09:25:07.830+0300] {logging_mixin.py:188} INFO - [2026-04-29T09:25:07.827+0300] {dagbag.py:545} INFO - Filling up the DagBag from /mnt/d/airflow/airflow_project/airflow_venv/lib/python3.12/site-packages/airflow/example_dags/example_sla_dag.py
[2026-04-29T09:25:07.915+0300] {processor.py:840} INFO - DAG(s) 'example_sla_dag' retrieved from /mnt/d/airflow/airflow_project/airflow_venv/lib/python3.12/site-packages/airflow/example_dags/example_sla_dag.py
[2026-04-29T09:25:07.987+0300] {logging_mixin.py:188} INFO - [2026-04-29T09:25:07.984+0300] {dag.py:3089} INFO - Sync 1 DAGs
[2026-04-29T09:25:08.082+0300] {logging_mixin.py:188} INFO - [2026-04-29T09:25:08.079+0300] {dag.py:3947} INFO - Setting next_dagrun for example_sla_dag to 2026-04-29 06:22:00+00:00, run_after=2026-04-29 06:24:00+00:00
[2026-04-29T09:25:08.254+0300] {processor.py:183} INFO - Processing /mnt/d/airflow/airflow_project/airflow_venv/lib/python3.12/site-packages/airflow/example_dags/example_sla_dag.py took 0.469 seconds
[2026-04-29T09:26:15.701+0300] {processor.py:161} INFO - Started process (PID=30353) to work on /mnt/d/airflow/airflow_project/airflow_venv/lib/python3.12/site-packages/airflow/example_dags/example_sla_dag.py
[2026-04-29T09:26:15.705+0300] {processor.py:830} INFO - Processing file /mnt/d/airflow/airflow_project/airflow_venv/lib/python3.12/site-packages/airflow/example_dags/example_sla_dag.py for tasks to queue
[2026-04-29T09:26:15.714+0300] {logging_mixin.py:188} INFO - [2026-04-29T09:26:15.710+0300] {dagbag.py:545} INFO - Filling up the DagBag from /mnt/d/airflow/airflow_project/airflow_venv/lib/python3.12/site-packages/airflow/example_dags/example_sla_dag.py
[2026-04-29T09:26:15.800+0300] {processor.py:840} INFO - DAG(s) 'example_sla_dag' retrieved from /mnt/d/airflow/airflow_project/airflow_venv/lib/python3.12/site-packages/airflow/example_dags/example_sla_dag.py
[2026-04-29T09:26:15.852+0300] {logging_mixin.py:188} INFO - [2026-04-29T09:26:15.849+0300] {dag.py:3089} INFO - Sync 1 DAGs
[2026-04-29T09:26:15.914+0300] {logging_mixin.py:188} INFO - [2026-04-29T09:26:15.912+0300] {dag.py:3947} INFO - Setting next_dagrun for example_sla_dag to 2026-04-29 06:24:00+00:00, run_after=2026-04-29 06:26:00+00:00
[2026-04-29T09:26:16.816+0300] {processor.py:183} INFO - Processing /mnt/d/airflow/airflow_project/airflow_venv/lib/python3.12/site-packages/airflow/example_dags/example_sla_dag.py took 0.412 seconds
[2026-04-29T09:27:30.872+0300] {processor.py:161} INFO - Started process (PID=30768) to work on /mnt/d/airflow/airflow_project/airflow_venv/lib/python3.12/site-packages/airflow/example_dags/example_sla_dag.py
[2026-04-29T09:27:30.877+0300] {processor.py:830} INFO - Processing file /mnt/d/airflow/airflow_project/airflow_venv/lib/python3.12/site-packages/airflow/example_dags/example_sla_dag.py for tasks to queue
[2026-04-29T09:27:30.887+0300] {logging_mixin.py:188} INFO - [2026-04-29T09:27:30.883+0300] {dagbag.py:545} INFO - Filling up the DagBag from /mnt/d/airflow/airflow_project/airflow_venv/lib/python3.12/site-packages/airflow/example_dags/example_sla_dag.py
[2026-04-29T09:27:31.072+0300] {processor.py:840} INFO - DAG(s) 'example_sla_dag' retrieved from /mnt/d/airflow/airflow_project/airflow_venv/lib/python3.12/site-packages/airflow/example_dags/example_sla_dag.py
[2026-04-29T09:27:31.136+0300] {logging_mixin.py:188} INFO - [2026-04-29T09:27:31.133+0300] {dag.py:3089} INFO - Sync 1 DAGs
[2026-04-29T09:27:31.222+0300] {logging_mixin.py:188} INFO - [2026-04-29T09:27:31.219+0300] {dag.py:3947} INFO - Setting next_dagrun for example_sla_dag to 2026-04-29 06:24:00+00:00, run_after=2026-04-29 06:26:00+00:00
[2026-04-29T09:27:31.421+0300] {processor.py:183} INFO - Processing /mnt/d/airflow/airflow_project/airflow_venv/lib/python3.12/site-packages/airflow/example_dags/example_sla_dag.py took 0.591 seconds
[2026-04-29T09:28:45.865+0300] {processor.py:161} INFO - Started process (PID=31199) to work on /mnt/d/airflow/airflow_project/airflow_venv/lib/python3.12/site-packages/airflow/example_dags/example_sla_dag.py
[2026-04-29T09:28:45.869+0300] {processor.py:830} INFO - Processing file /mnt/d/airflow/airflow_project/airflow_venv/lib/python3.12/site-packages/airflow/example_dags/example_sla_dag.py for tasks to queue
[2026-04-29T09:28:45.877+0300] {logging_mixin.py:188} INFO - [2026-04-29T09:28:45.875+0300] {dagbag.py:545} INFO - Filling up the DagBag from /mnt/d/airflow/airflow_project/airflow_venv/lib/python3.12/site-packages/airflow/example_dags/example_sla_dag.py
[2026-04-29T09:28:45.969+0300] {processor.py:840} INFO - DAG(s) 'example_sla_dag' retrieved from /mnt/d/airflow/airflow_project/airflow_venv/lib/python3.12/site-packages/airflow/example_dags/example_sla_dag.py
[2026-04-29T09:28:46.033+0300] {logging_mixin.py:188} INFO - [2026-04-29T09:28:46.030+0300] {dag.py:3089} INFO - Sync 1 DAGs
[2026-04-29T09:28:46.114+0300] {logging_mixin.py:188} INFO - [2026-04-29T09:28:46.112+0300] {dag.py:3947} INFO - Setting next_dagrun for example_sla_dag to 2026-04-29 06:26:00+00:00, run_after=2026-04-29 06:28:00+00:00
[2026-04-29T09:28:46.351+0300] {processor.py:183} INFO - Processing /mnt/d/airflow/airflow_project/airflow_venv/lib/python3.12/site-packages/airflow/example_dags/example_sla_dag.py took 0.516 seconds
[2026-04-29T09:30:20.630+0300] {processor.py:161} INFO - Started process (PID=31756) to work on /mnt/d/airflow/airflow_project/airflow_venv/lib/python3.12/site-packages/airflow/example_dags/example_sla_dag.py
[2026-04-29T09:30:20.635+0300] {processor.py:830} INFO - Processing file /mnt/d/airflow/airflow_project/airflow_venv/lib/python3.12/site-packages/airflow/example_dags/example_sla_dag.py for tasks to queue
[2026-04-29T09:30:20.643+0300] {logging_mixin.py:188} INFO - [2026-04-29T09:30:20.640+0300] {dagbag.py:545} INFO - Filling up the DagBag from /mnt/d/airflow/airflow_project/airflow_venv/lib/python3.12/site-packages/airflow/example_dags/example_sla_dag.py
[2026-04-29T09:30:20.884+0300] {processor.py:840} INFO - DAG(s) 'example_sla_dag' retrieved from /mnt/d/airflow/airflow_project/airflow_venv/lib/python3.12/site-packages/airflow/example_dags/example_sla_dag.py
[2026-04-29T09:30:20.952+0300] {logging_mixin.py:188} INFO - [2026-04-29T09:30:20.950+0300] {dag.py:3089} INFO - Sync 1 DAGs
[2026-04-29T09:30:21.047+0300] {logging_mixin.py:188} INFO - [2026-04-29T09:30:21.045+0300] {dag.py:3947} INFO - Setting next_dagrun for example_sla_dag to 2026-04-29 06:28:00+00:00, run_after=2026-04-29 06:30:00+00:00
[2026-04-29T09:30:21.248+0300] {processor.py:183} INFO - Processing /mnt/d/airflow/airflow_project/airflow_venv/lib/python3.12/site-packages/airflow/example_dags/example_sla_dag.py took 0.677 seconds
[2026-04-29T09:31:36.769+0300] {processor.py:161} INFO - Started process (PID=32219) to work on /mnt/d/airflow/airflow_project/airflow_venv/lib/python3.12/site-packages/airflow/example_dags/example_sla_dag.py
[2026-04-29T09:31:36.774+0300] {processor.py:830} INFO - Processing file /mnt/d/airflow/airflow_project/airflow_venv/lib/python3.12/site-packages/airflow/example_dags/example_sla_dag.py for tasks to queue
[2026-04-29T09:31:36.782+0300] {logging_mixin.py:188} INFO - [2026-04-29T09:31:36.780+0300] {dagbag.py:545} INFO - Filling up the DagBag from /mnt/d/airflow/airflow_project/airflow_venv/lib/python3.12/site-packages/airflow/example_dags/example_sla_dag.py
[2026-04-29T09:31:36.854+0300] {processor.py:840} INFO - DAG(s) 'example_sla_dag' retrieved from /mnt/d/airflow/airflow_project/airflow_venv/lib/python3.12/site-packages/airflow/example_dags/example_sla_dag.py
[2026-04-29T09:31:36.913+0300] {logging_mixin.py:188} INFO - [2026-04-29T09:31:36.910+0300] {dag.py:3089} INFO - Sync 1 DAGs
[2026-04-29T09:31:36.966+0300] {logging_mixin.py:188} INFO - [2026-04-29T09:31:36.964+0300] {dag.py:3947} INFO - Setting next_dagrun for example_sla_dag to 2026-04-29 06:28:00+00:00, run_after=2026-04-29 06:30:00+00:00
[2026-04-29T09:31:37.137+0300] {processor.py:183} INFO - Processing /mnt/d/airflow/airflow_project/airflow_venv/lib/python3.12/site-packages/airflow/example_dags/example_sla_dag.py took 0.398 seconds
[2026-04-29T09:32:44.178+0300] {processor.py:161} INFO - Started process (PID=32621) to work on /mnt/d/airflow/airflow_project/airflow_venv/lib/python3.12/site-packages/airflow/example_dags/example_sla_dag.py
[2026-04-29T09:32:44.182+0300] {processor.py:830} INFO - Processing file /mnt/d/airflow/airflow_project/airflow_venv/lib/python3.12/site-packages/airflow/example_dags/example_sla_dag.py for tasks to queue
[2026-04-29T09:32:44.190+0300] {logging_mixin.py:188} INFO - [2026-04-29T09:32:44.186+0300] {dagbag.py:545} INFO - Filling up the DagBag from /mnt/d/airflow/airflow_project/airflow_venv/lib/python3.12/site-packages/airflow/example_dags/example_sla_dag.py
[2026-04-29T09:32:44.277+0300] {processor.py:840} INFO - DAG(s) 'example_sla_dag' retrieved from /mnt/d/airflow/airflow_project/airflow_venv/lib/python3.12/site-packages/airflow/example_dags/example_sla_dag.py
[2026-04-29T09:32:44.336+0300] {logging_mixin.py:188} INFO - [2026-04-29T09:32:44.334+0300] {dag.py:3089} INFO - Sync 1 DAGs
[2026-04-29T09:32:44.408+0300] {logging_mixin.py:188} INFO - [2026-04-29T09:32:44.406+0300] {dag.py:3947} INFO - Setting next_dagrun for example_sla_dag to 2026-04-29 06:30:00+00:00, run_after=2026-04-29 06:32:00+00:00
[2026-04-29T09:32:44.595+0300] {processor.py:183} INFO - Processing /mnt/d/airflow/airflow_project/airflow_venv/lib/python3.12/site-packages/airflow/example_dags/example_sla_dag.py took 0.448 seconds
[2026-04-29T09:33:55.829+0300] {processor.py:161} INFO - Started process (PID=33046) to work on /mnt/d/airflow/airflow_project/airflow_venv/lib/python3.12/site-packages/airflow/example_dags/example_sla_dag.py
[2026-04-29T09:33:55.834+0300] {processor.py:830} INFO - Processing file /mnt/d/airflow/airflow_project/airflow_venv/lib/python3.12/site-packages/airflow/example_dags/example_sla_dag.py for tasks to queue
[2026-04-29T09:33:55.843+0300] {logging_mixin.py:188} INFO - [2026-04-29T09:33:55.840+0300] {dagbag.py:545} INFO - Filling up the DagBag from /mnt/d/airflow/airflow_project/airflow_venv/lib/python3.12/site-packages/airflow/example_dags/example_sla_dag.py
[2026-04-29T09:33:56.006+0300] {processor.py:840} INFO - DAG(s) 'example_sla_dag' retrieved from /mnt/d/airflow/airflow_project/airflow_venv/lib/python3.12/site-packages/airflow/example_dags/example_sla_dag.py
[2026-04-29T09:33:56.081+0300] {logging_mixin.py:188} INFO - [2026-04-29T09:33:56.076+0300] {dag.py:3089} INFO - Sync 1 DAGs
[2026-04-29T09:33:56.198+0300] {logging_mixin.py:188} INFO - [2026-04-29T09:33:56.190+0300] {dag.py:3947} INFO - Setting next_dagrun for example_sla_dag to 2026-04-29 06:30:00+00:00, run_after=2026-04-29 06:32:00+00:00
[2026-04-29T09:33:56.370+0300] {processor.py:183} INFO - Processing /mnt/d/airflow/airflow_project/airflow_venv/lib/python3.12/site-packages/airflow/example_dags/example_sla_dag.py took 0.570 seconds
[2026-04-29T09:35:08.786+0300] {processor.py:161} INFO - Started process (PID=33462) to work on /mnt/d/airflow/airflow_project/airflow_venv/lib/python3.12/site-packages/airflow/example_dags/example_sla_dag.py
[2026-04-29T09:35:08.790+0300] {processor.py:830} INFO - Processing file /mnt/d/airflow/airflow_project/airflow_venv/lib/python3.12/site-packages/airflow/example_dags/example_sla_dag.py for tasks to queue
[2026-04-29T09:35:08.796+0300] {logging_mixin.py:188} INFO - [2026-04-29T09:35:08.794+0300] {dagbag.py:545} INFO - Filling up the DagBag from /mnt/d/airflow/airflow_project/airflow_venv/lib/python3.12/site-packages/airflow/example_dags/example_sla_dag.py
[2026-04-29T09:35:08.882+0300] {processor.py:840} INFO - DAG(s) 'example_sla_dag' retrieved from /mnt/d/airflow/airflow_project/airflow_venv/lib/python3.12/site-packages/airflow/example_dags/example_sla_dag.py
[2026-04-29T09:35:08.947+0300] {logging_mixin.py:188} INFO - [2026-04-29T09:35:08.945+0300] {dag.py:3089} INFO - Sync 1 DAGs
[2026-04-29T09:35:09.016+0300] {logging_mixin.py:188} INFO - [2026-04-29T09:35:09.014+0300] {dag.py:3947} INFO - Setting next_dagrun for example_sla_dag to 2026-04-29 06:32:00+00:00, run_after=2026-04-29 06:34:00+00:00
[2026-04-29T09:35:09.184+0300] {processor.py:183} INFO - Processing /mnt/d/airflow/airflow_project/airflow_venv/lib/python3.12/site-packages/airflow/example_dags/example_sla_dag.py took 0.431 seconds
[2026-04-29T09:36:13.068+0300] {processor.py:161} INFO - Started process (PID=33868) to work on /mnt/d/airflow/airflow_project/airflow_venv/lib/python3.12/site-packages/airflow/example_dags/example_sla_dag.py
[2026-04-29T09:36:13.070+0300] {processor.py:830} INFO - Processing file /mnt/d/airflow/airflow_project/airflow_venv/lib/python3.12/site-packages/airflow/example_dags/example_sla_dag.py for tasks to queue
[2026-04-29T09:36:13.076+0300] {logging_mixin.py:188} INFO - [2026-04-29T09:36:13.074+0300] {dagbag.py:545} INFO - Filling up the DagBag from /mnt/d/airflow/airflow_project/airflow_venv/lib/python3.12/site-packages/airflow/example_dags/example_sla_dag.py
[2026-04-29T09:36:13.105+0300] {processor.py:840} INFO - DAG(s) 'example_sla_dag' retrieved from /mnt/d/airflow/airflow_project/airflow_venv/lib/python3.12/site-packages/airflow/example_dags/example_sla_dag.py
[2026-04-29T09:36:13.134+0300] {logging_mixin.py:188} INFO - [2026-04-29T09:36:13.133+0300] {dag.py:3089} INFO - Sync 1 DAGs
[2026-04-29T09:36:13.171+0300] {logging_mixin.py:188} INFO - [2026-04-29T09:36:13.169+0300] {dag.py:3947} INFO - Setting next_dagrun for example_sla_dag to 2026-04-29 06:34:00+00:00, run_after=2026-04-29 06:36:00+00:00
[2026-04-29T09:36:13.323+0300] {processor.py:183} INFO - Processing /mnt/d/airflow/airflow_project/airflow_venv/lib/python3.12/site-packages/airflow/example_dags/example_sla_dag.py took 0.271 seconds
[2026-04-29T09:38:12.177+0300] {processor.py:161} INFO - Started process (PID=34598) to work on /mnt/d/airflow/airflow_project/airflow_venv/lib/python3.12/site-packages/airflow/example_dags/example_sla_dag.py
[2026-04-29T09:38:12.183+0300] {processor.py:830} INFO - Processing file /mnt/d/airflow/airflow_project/airflow_venv/lib/python3.12/site-packages/airflow/example_dags/example_sla_dag.py for tasks to queue
[2026-04-29T09:38:12.195+0300] {logging_mixin.py:188} INFO - [2026-04-29T09:38:12.191+0300] {dagbag.py:545} INFO - Filling up the DagBag from /mnt/d/airflow/airflow_project/airflow_venv/lib/python3.12/site-packages/airflow/example_dags/example_sla_dag.py
[2026-04-29T09:38:12.315+0300] {processor.py:840} INFO - DAG(s) 'example_sla_dag' retrieved from /mnt/d/airflow/airflow_project/airflow_venv/lib/python3.12/site-packages/airflow/example_dags/example_sla_dag.py
[2026-04-29T09:38:12.391+0300] {logging_mixin.py:188} INFO - [2026-04-29T09:38:12.389+0300] {dag.py:3089} INFO - Sync 1 DAGs
[2026-04-29T09:38:12.460+0300] {logging_mixin.py:188} INFO - [2026-04-29T09:38:12.458+0300] {dag.py:3947} INFO - Setting next_dagrun for example_sla_dag to 2026-04-29 06:36:00+00:00, run_after=2026-04-29 06:38:00+00:00
[2026-04-29T09:38:12.678+0300] {processor.py:183} INFO - Processing /mnt/d/airflow/airflow_project/airflow_venv/lib/python3.12/site-packages/airflow/example_dags/example_sla_dag.py took 0.540 seconds
[2026-04-29T09:39:20.516+0300] {processor.py:161} INFO - Started process (PID=35013) to work on /mnt/d/airflow/airflow_project/airflow_venv/lib/python3.12/site-packages/airflow/example_dags/example_sla_dag.py
[2026-04-29T09:39:20.520+0300] {processor.py:830} INFO - Processing file /mnt/d/airflow/airflow_project/airflow_venv/lib/python3.12/site-packages/airflow/example_dags/example_sla_dag.py for tasks to queue
[2026-04-29T09:39:20.526+0300] {logging_mixin.py:188} INFO - [2026-04-29T09:39:20.524+0300] {dagbag.py:545} INFO - Filling up the DagBag from /mnt/d/airflow/airflow_project/airflow_venv/lib/python3.12/site-packages/airflow/example_dags/example_sla_dag.py
[2026-04-29T09:39:20.590+0300] {processor.py:840} INFO - DAG(s) 'example_sla_dag' retrieved from /mnt/d/airflow/airflow_project/airflow_venv/lib/python3.12/site-packages/airflow/example_dags/example_sla_dag.py
[2026-04-29T09:39:20.641+0300] {logging_mixin.py:188} INFO - [2026-04-29T09:39:20.639+0300] {dag.py:3089} INFO - Sync 1 DAGs
[2026-04-29T09:39:20.715+0300] {logging_mixin.py:188} INFO - [2026-04-29T09:39:20.714+0300] {dag.py:3947} INFO - Setting next_dagrun for example_sla_dag to 2026-04-29 06:36:00+00:00, run_after=2026-04-29 06:38:00+00:00
[2026-04-29T09:39:20.805+0300] {processor.py:183} INFO - Processing /mnt/d/airflow/airflow_project/airflow_venv/lib/python3.12/site-packages/airflow/example_dags/example_sla_dag.py took 0.317 seconds
[2026-04-29T09:40:22.006+0300] {processor.py:161} INFO - Started process (PID=35361) to work on /mnt/d/airflow/airflow_project/airflow_venv/lib/python3.12/site-packages/airflow/example_dags/example_sla_dag.py
[2026-04-29T09:40:22.010+0300] {processor.py:830} INFO - Processing file /mnt/d/airflow/airflow_project/airflow_venv/lib/python3.12/site-packages/airflow/example_dags/example_sla_dag.py for tasks to queue
[2026-04-29T09:40:22.017+0300] {logging_mixin.py:188} INFO - [2026-04-29T09:40:22.014+0300] {dagbag.py:545} INFO - Filling up the DagBag from /mnt/d/airflow/airflow_project/airflow_venv/lib/python3.12/site-packages/airflow/example_dags/example_sla_dag.py
[2026-04-29T09:40:22.078+0300] {processor.py:840} INFO - DAG(s) 'example_sla_dag' retrieved from /mnt/d/airflow/airflow_project/airflow_venv/lib/python3.12/site-packages/airflow/example_dags/example_sla_dag.py
[2026-04-29T09:40:22.119+0300] {logging_mixin.py:188} INFO - [2026-04-29T09:40:22.118+0300] {dag.py:3089} INFO - Sync 1 DAGs
[2026-04-29T09:40:22.175+0300] {logging_mixin.py:188} INFO - [2026-04-29T09:40:22.174+0300] {dag.py:3947} INFO - Setting next_dagrun for example_sla_dag to 2026-04-29 06:38:00+00:00, run_after=2026-04-29 06:40:00+00:00
[2026-04-29T09:40:22.271+0300] {processor.py:183} INFO - Processing /mnt/d/airflow/airflow_project/airflow_venv/lib/python3.12/site-packages/airflow/example_dags/example_sla_dag.py took 0.291 seconds
[2026-04-29T09:42:24.084+0300] {processor.py:161} INFO - Started process (PID=36052) to work on /mnt/d/airflow/airflow_project/airflow_venv/lib/python3.12/site-packages/airflow/example_dags/example_sla_dag.py
[2026-04-29T09:42:24.086+0300] {processor.py:830} INFO - Processing file /mnt/d/airflow/airflow_project/airflow_venv/lib/python3.12/site-packages/airflow/example_dags/example_sla_dag.py for tasks to queue
[2026-04-29T09:42:24.091+0300] {logging_mixin.py:188} INFO - [2026-04-29T09:42:24.089+0300] {dagbag.py:545} INFO - Filling up the DagBag from /mnt/d/airflow/airflow_project/airflow_venv/lib/python3.12/site-packages/airflow/example_dags/example_sla_dag.py
[2026-04-29T09:42:24.125+0300] {processor.py:840} INFO - DAG(s) 'example_sla_dag' retrieved from /mnt/d/airflow/airflow_project/airflow_venv/lib/python3.12/site-packages/airflow/example_dags/example_sla_dag.py
[2026-04-29T09:42:24.162+0300] {logging_mixin.py:188} INFO - [2026-04-29T09:42:24.160+0300] {dag.py:3089} INFO - Sync 1 DAGs
[2026-04-29T09:42:24.216+0300] {logging_mixin.py:188} INFO - [2026-04-29T09:42:24.214+0300] {dag.py:3947} INFO - Setting next_dagrun for example_sla_dag to 2026-04-29 06:40:00+00:00, run_after=2026-04-29 06:42:00+00:00
[2026-04-29T09:42:24.308+0300] {processor.py:183} INFO - Processing /mnt/d/airflow/airflow_project/airflow_venv/lib/python3.12/site-packages/airflow/example_dags/example_sla_dag.py took 0.241 seconds
[2026-04-29T09:43:27.173+0300] {processor.py:161} INFO - Started process (PID=36451) to work on /mnt/d/airflow/airflow_project/airflow_venv/lib/python3.12/site-packages/airflow/example_dags/example_sla_dag.py
[2026-04-29T09:43:27.175+0300] {processor.py:830} INFO - Processing file /mnt/d/airflow/airflow_project/airflow_venv/lib/python3.12/site-packages/airflow/example_dags/example_sla_dag.py for tasks to queue
[2026-04-29T09:43:27.179+0300] {logging_mixin.py:188} INFO - [2026-04-29T09:43:27.178+0300] {dagbag.py:545} INFO - Filling up the DagBag from /mnt/d/airflow/airflow_project/airflow_venv/lib/python3.12/site-packages/airflow/example_dags/example_sla_dag.py
[2026-04-29T09:43:27.214+0300] {processor.py:840} INFO - DAG(s) 'example_sla_dag' retrieved from /mnt/d/airflow/airflow_project/airflow_venv/lib/python3.12/site-packages/airflow/example_dags/example_sla_dag.py
[2026-04-29T09:43:27.250+0300] {logging_mixin.py:188} INFO - [2026-04-29T09:43:27.249+0300] {dag.py:3089} INFO - Sync 1 DAGs
[2026-04-29T09:43:27.290+0300] {logging_mixin.py:188} INFO - [2026-04-29T09:43:27.289+0300] {dag.py:3947} INFO - Setting next_dagrun for example_sla_dag to 2026-04-29 06:40:00+00:00, run_after=2026-04-29 06:42:00+00:00
[2026-04-29T09:43:27.383+0300] {processor.py:183} INFO - Processing /mnt/d/airflow/airflow_project/airflow_venv/lib/python3.12/site-packages/airflow/example_dags/example_sla_dag.py took 0.228 seconds
[2026-04-29T09:44:56.919+0300] {processor.py:161} INFO - Started process (PID=36980) to work on /mnt/d/airflow/airflow_project/airflow_venv/lib/python3.12/site-packages/airflow/example_dags/example_sla_dag.py
[2026-04-29T09:44:56.923+0300] {processor.py:830} INFO - Processing file /mnt/d/airflow/airflow_project/airflow_venv/lib/python3.12/site-packages/airflow/example_dags/example_sla_dag.py for tasks to queue
[2026-04-29T09:44:56.931+0300] {logging_mixin.py:188} INFO - [2026-04-29T09:44:56.928+0300] {dagbag.py:545} INFO - Filling up the DagBag from /mnt/d/airflow/airflow_project/airflow_venv/lib/python3.12/site-packages/airflow/example_dags/example_sla_dag.py
[2026-04-29T09:44:57.039+0300] {processor.py:840} INFO - DAG(s) 'example_sla_dag' retrieved from /mnt/d/airflow/airflow_project/airflow_venv/lib/python3.12/site-packages/airflow/example_dags/example_sla_dag.py
[2026-04-29T09:44:58.595+0300] {logging_mixin.py:188} INFO - [2026-04-29T09:44:58.589+0300] {dag.py:3089} INFO - Sync 1 DAGs
[2026-04-29T09:44:58.651+0300] {logging_mixin.py:188} INFO - [2026-04-29T09:44:58.650+0300] {dag.py:3947} INFO - Setting next_dagrun for example_sla_dag to 2026-04-29 06:42:00+00:00, run_after=2026-04-29 06:44:00+00:00
[2026-04-29T09:44:58.785+0300] {processor.py:183} INFO - Processing /mnt/d/airflow/airflow_project/airflow_venv/lib/python3.12/site-packages/airflow/example_dags/example_sla_dag.py took 1.890 seconds
[2026-04-29T09:46:30.312+0300] {processor.py:161} INFO - Started process (PID=37495) to work on /mnt/d/airflow/airflow_project/airflow_venv/lib/python3.12/site-packages/airflow/example_dags/example_sla_dag.py
[2026-04-29T09:46:30.318+0300] {processor.py:830} INFO - Processing file /mnt/d/airflow/airflow_project/airflow_venv/lib/python3.12/site-packages/airflow/example_dags/example_sla_dag.py for tasks to queue
[2026-04-29T09:46:30.326+0300] {logging_mixin.py:188} INFO - [2026-04-29T09:46:30.323+0300] {dagbag.py:545} INFO - Filling up the DagBag from /mnt/d/airflow/airflow_project/airflow_venv/lib/python3.12/site-packages/airflow/example_dags/example_sla_dag.py
[2026-04-29T09:46:30.430+0300] {processor.py:840} INFO - DAG(s) 'example_sla_dag' retrieved from /mnt/d/airflow/airflow_project/airflow_venv/lib/python3.12/site-packages/airflow/example_dags/example_sla_dag.py
[2026-04-29T09:46:30.509+0300] {logging_mixin.py:188} INFO - [2026-04-29T09:46:30.506+0300] {dag.py:3089} INFO - Sync 1 DAGs
[2026-04-29T09:46:30.587+0300] {logging_mixin.py:188} INFO - [2026-04-29T09:46:30.585+0300] {dag.py:3947} INFO - Setting next_dagrun for example_sla_dag to 2026-04-29 06:44:00+00:00, run_after=2026-04-29 06:46:00+00:00
[2026-04-29T09:46:30.820+0300] {processor.py:183} INFO - Processing /mnt/d/airflow/airflow_project/airflow_venv/lib/python3.12/site-packages/airflow/example_dags/example_sla_dag.py took 0.541 seconds
[2026-04-29T09:48:12.630+0300] {processor.py:161} INFO - Started process (PID=38064) to work on /mnt/d/airflow/airflow_project/airflow_venv/lib/python3.12/site-packages/airflow/example_dags/example_sla_dag.py
[2026-04-29T09:48:12.636+0300] {processor.py:830} INFO - Processing file /mnt/d/airflow/airflow_project/airflow_venv/lib/python3.12/site-packages/airflow/example_dags/example_sla_dag.py for tasks to queue
[2026-04-29T09:48:12.645+0300] {logging_mixin.py:188} INFO - [2026-04-29T09:48:12.643+0300] {dagbag.py:545} INFO - Filling up the DagBag from /mnt/d/airflow/airflow_project/airflow_venv/lib/python3.12/site-packages/airflow/example_dags/example_sla_dag.py
[2026-04-29T09:48:12.740+0300] {processor.py:840} INFO - DAG(s) 'example_sla_dag' retrieved from /mnt/d/airflow/airflow_project/airflow_venv/lib/python3.12/site-packages/airflow/example_dags/example_sla_dag.py
[2026-04-29T09:48:12.806+0300] {logging_mixin.py:188} INFO - [2026-04-29T09:48:12.802+0300] {dag.py:3089} INFO - Sync 1 DAGs
[2026-04-29T09:48:12.898+0300] {logging_mixin.py:188} INFO - [2026-04-29T09:48:12.895+0300] {dag.py:3947} INFO - Setting next_dagrun for example_sla_dag to 2026-04-29 06:46:00+00:00, run_after=2026-04-29 06:48:00+00:00
[2026-04-29T09:48:13.115+0300] {processor.py:183} INFO - Processing /mnt/d/airflow/airflow_project/airflow_venv/lib/python3.12/site-packages/airflow/example_dags/example_sla_dag.py took 0.518 seconds
[2026-04-29T09:49:26.981+0300] {processor.py:161} INFO - Started process (PID=38490) to work on /mnt/d/airflow/airflow_project/airflow_venv/lib/python3.12/site-packages/airflow/example_dags/example_sla_dag.py
[2026-04-29T09:49:26.984+0300] {processor.py:830} INFO - Processing file /mnt/d/airflow/airflow_project/airflow_venv/lib/python3.12/site-packages/airflow/example_dags/example_sla_dag.py for tasks to queue
[2026-04-29T09:49:26.989+0300] {logging_mixin.py:188} INFO - [2026-04-29T09:49:26.987+0300] {dagbag.py:545} INFO - Filling up the DagBag from /mnt/d/airflow/airflow_project/airflow_venv/lib/python3.12/site-packages/airflow/example_dags/example_sla_dag.py
[2026-04-29T09:49:27.041+0300] {processor.py:840} INFO - DAG(s) 'example_sla_dag' retrieved from /mnt/d/airflow/airflow_project/airflow_venv/lib/python3.12/site-packages/airflow/example_dags/example_sla_dag.py
[2026-04-29T09:49:27.087+0300] {logging_mixin.py:188} INFO - [2026-04-29T09:49:27.085+0300] {dag.py:3089} INFO - Sync 1 DAGs
[2026-04-29T09:49:27.165+0300] {logging_mixin.py:188} INFO - [2026-04-29T09:49:27.163+0300] {dag.py:3947} INFO - Setting next_dagrun for example_sla_dag to 2026-04-29 06:46:00+00:00, run_after=2026-04-29 06:48:00+00:00
[2026-04-29T09:49:27.336+0300] {processor.py:183} INFO - Processing /mnt/d/airflow/airflow_project/airflow_venv/lib/python3.12/site-packages/airflow/example_dags/example_sla_dag.py took 0.377 seconds
[2026-04-29T09:50:35.784+0300] {processor.py:161} INFO - Started process (PID=38863) to work on /mnt/d/airflow/airflow_project/airflow_venv/lib/python3.12/site-packages/airflow/example_dags/example_sla_dag.py
[2026-04-29T09:50:35.787+0300] {processor.py:830} INFO - Processing file /mnt/d/airflow/airflow_project/airflow_venv/lib/python3.12/site-packages/airflow/example_dags/example_sla_dag.py for tasks to queue
[2026-04-29T09:50:35.792+0300] {logging_mixin.py:188} INFO - [2026-04-29T09:50:35.790+0300] {dagbag.py:545} INFO - Filling up the DagBag from /mnt/d/airflow/airflow_project/airflow_venv/lib/python3.12/site-packages/airflow/example_dags/example_sla_dag.py
[2026-04-29T09:50:35.829+0300] {processor.py:840} INFO - DAG(s) 'example_sla_dag' retrieved from /mnt/d/airflow/airflow_project/airflow_venv/lib/python3.12/site-packages/airflow/example_dags/example_sla_dag.py
[2026-04-29T09:50:35.866+0300] {logging_mixin.py:188} INFO - [2026-04-29T09:50:35.864+0300] {dag.py:3089} INFO - Sync 1 DAGs
[2026-04-29T09:50:35.906+0300] {logging_mixin.py:188} INFO - [2026-04-29T09:50:35.905+0300] {dag.py:3947} INFO - Setting next_dagrun for example_sla_dag to 2026-04-29 06:48:00+00:00, run_after=2026-04-29 06:50:00+00:00
[2026-04-29T09:50:35.979+0300] {processor.py:183} INFO - Processing /mnt/d/airflow/airflow_project/airflow_venv/lib/python3.12/site-packages/airflow/example_dags/example_sla_dag.py took 0.220 seconds
[2026-04-29T09:51:46.270+0300] {processor.py:161} INFO - Started process (PID=39287) to work on /mnt/d/airflow/airflow_project/airflow_venv/lib/python3.12/site-packages/airflow/example_dags/example_sla_dag.py
[2026-04-29T09:51:46.272+0300] {processor.py:830} INFO - Processing file /mnt/d/airflow/airflow_project/airflow_venv/lib/python3.12/site-packages/airflow/example_dags/example_sla_dag.py for tasks to queue
[2026-04-29T09:51:46.277+0300] {logging_mixin.py:188} INFO - [2026-04-29T09:51:46.275+0300] {dagbag.py:545} INFO - Filling up the DagBag from /mnt/d/airflow/airflow_project/airflow_venv/lib/python3.12/site-packages/airflow/example_dags/example_sla_dag.py
[2026-04-29T09:51:46.317+0300] {processor.py:840} INFO - DAG(s) 'example_sla_dag' retrieved from /mnt/d/airflow/airflow_project/airflow_venv/lib/python3.12/site-packages/airflow/example_dags/example_sla_dag.py
[2026-04-29T09:51:46.353+0300] {logging_mixin.py:188} INFO - [2026-04-29T09:51:46.352+0300] {dag.py:3089} INFO - Sync 1 DAGs
[2026-04-29T09:51:46.403+0300] {logging_mixin.py:188} INFO - [2026-04-29T09:51:46.401+0300] {dag.py:3947} INFO - Setting next_dagrun for example_sla_dag to 2026-04-29 06:48:00+00:00, run_after=2026-04-29 06:50:00+00:00
[2026-04-29T09:51:46.614+0300] {processor.py:183} INFO - Processing /mnt/d/airflow/airflow_project/airflow_venv/lib/python3.12/site-packages/airflow/example_dags/example_sla_dag.py took 0.362 seconds
[2026-04-29T09:54:16.244+0300] {processor.py:161} INFO - Started process (PID=40107) to work on /mnt/d/airflow/airflow_project/airflow_venv/lib/python3.12/site-packages/airflow/example_dags/example_sla_dag.py
[2026-04-29T09:54:16.248+0300] {processor.py:830} INFO - Processing file /mnt/d/airflow/airflow_project/airflow_venv/lib/python3.12/site-packages/airflow/example_dags/example_sla_dag.py for tasks to queue
[2026-04-29T09:54:16.254+0300] {logging_mixin.py:188} INFO - [2026-04-29T09:54:16.252+0300] {dagbag.py:545} INFO - Filling up the DagBag from /mnt/d/airflow/airflow_project/airflow_venv/lib/python3.12/site-packages/airflow/example_dags/example_sla_dag.py
[2026-04-29T09:54:16.319+0300] {processor.py:840} INFO - DAG(s) 'example_sla_dag' retrieved from /mnt/d/airflow/airflow_project/airflow_venv/lib/python3.12/site-packages/airflow/example_dags/example_sla_dag.py
[2026-04-29T09:54:16.373+0300] {logging_mixin.py:188} INFO - [2026-04-29T09:54:16.370+0300] {dag.py:3089} INFO - Sync 1 DAGs
[2026-04-29T09:54:16.438+0300] {logging_mixin.py:188} INFO - [2026-04-29T09:54:16.435+0300] {dag.py:3947} INFO - Setting next_dagrun for example_sla_dag to 2026-04-29 06:52:00+00:00, run_after=2026-04-29 06:54:00+00:00
[2026-04-29T09:54:16.606+0300] {processor.py:183} INFO - Processing /mnt/d/airflow/airflow_project/airflow_venv/lib/python3.12/site-packages/airflow/example_dags/example_sla_dag.py took 0.389 seconds
[2026-04-29T09:55:57.114+0300] {processor.py:161} INFO - Started process (PID=40709) to work on /mnt/d/airflow/airflow_project/airflow_venv/lib/python3.12/site-packages/airflow/example_dags/example_sla_dag.py
[2026-04-29T09:55:57.117+0300] {processor.py:830} INFO - Processing file /mnt/d/airflow/airflow_project/airflow_venv/lib/python3.12/site-packages/airflow/example_dags/example_sla_dag.py for tasks to queue
[2026-04-29T09:55:57.122+0300] {logging_mixin.py:188} INFO - [2026-04-29T09:55:57.120+0300] {dagbag.py:545} INFO - Filling up the DagBag from /mnt/d/airflow/airflow_project/airflow_venv/lib/python3.12/site-packages/airflow/example_dags/example_sla_dag.py
[2026-04-29T09:55:57.187+0300] {processor.py:840} INFO - DAG(s) 'example_sla_dag' retrieved from /mnt/d/airflow/airflow_project/airflow_venv/lib/python3.12/site-packages/airflow/example_dags/example_sla_dag.py
[2026-04-29T09:55:57.263+0300] {logging_mixin.py:188} INFO - [2026-04-29T09:55:57.259+0300] {dag.py:3089} INFO - Sync 1 DAGs
[2026-04-29T09:55:57.364+0300] {logging_mixin.py:188} INFO - [2026-04-29T09:55:57.360+0300] {dag.py:3947} INFO - Setting next_dagrun for example_sla_dag to 2026-04-29 06:52:00+00:00, run_after=2026-04-29 06:54:00+00:00
[2026-04-29T09:55:57.514+0300] {processor.py:183} INFO - Processing /mnt/d/airflow/airflow_project/airflow_venv/lib/python3.12/site-packages/airflow/example_dags/example_sla_dag.py took 0.419 seconds
[2026-04-29T09:58:56.238+0300] {processor.py:161} INFO - Started process (PID=41741) to work on /mnt/d/airflow/airflow_project/airflow_venv/lib/python3.12/site-packages/airflow/example_dags/example_sla_dag.py
[2026-04-29T09:58:56.242+0300] {processor.py:830} INFO - Processing file /mnt/d/airflow/airflow_project/airflow_venv/lib/python3.12/site-packages/airflow/example_dags/example_sla_dag.py for tasks to queue
[2026-04-29T09:58:56.249+0300] {logging_mixin.py:188} INFO - [2026-04-29T09:58:56.246+0300] {dagbag.py:545} INFO - Filling up the DagBag from /mnt/d/airflow/airflow_project/airflow_venv/lib/python3.12/site-packages/airflow/example_dags/example_sla_dag.py
[2026-04-29T09:58:56.319+0300] {processor.py:840} INFO - DAG(s) 'example_sla_dag' retrieved from /mnt/d/airflow/airflow_project/airflow_venv/lib/python3.12/site-packages/airflow/example_dags/example_sla_dag.py
[2026-04-29T09:58:56.368+0300] {logging_mixin.py:188} INFO - [2026-04-29T09:58:56.366+0300] {dag.py:3089} INFO - Sync 1 DAGs
[2026-04-29T09:58:56.433+0300] {logging_mixin.py:188} INFO - [2026-04-29T09:58:56.431+0300] {dag.py:3947} INFO - Setting next_dagrun for example_sla_dag to 2026-04-29 06:56:00+00:00, run_after=2026-04-29 06:58:00+00:00
[2026-04-29T09:58:56.617+0300] {processor.py:183} INFO - Processing /mnt/d/airflow/airflow_project/airflow_venv/lib/python3.12/site-packages/airflow/example_dags/example_sla_dag.py took 0.403 seconds
[2026-04-29T10:00:33.124+0300] {processor.py:161} INFO - Started process (PID=42269) to work on /mnt/d/airflow/airflow_project/airflow_venv/lib/python3.12/site-packages/airflow/example_dags/example_sla_dag.py
[2026-04-29T10:00:33.128+0300] {processor.py:830} INFO - Processing file /mnt/d/airflow/airflow_project/airflow_venv/lib/python3.12/site-packages/airflow/example_dags/example_sla_dag.py for tasks to queue
[2026-04-29T10:00:33.136+0300] {logging_mixin.py:188} INFO - [2026-04-29T10:00:33.133+0300] {dagbag.py:545} INFO - Filling up the DagBag from /mnt/d/airflow/airflow_project/airflow_venv/lib/python3.12/site-packages/airflow/example_dags/example_sla_dag.py
[2026-04-29T10:00:33.204+0300] {processor.py:840} INFO - DAG(s) 'example_sla_dag' retrieved from /mnt/d/airflow/airflow_project/airflow_venv/lib/python3.12/site-packages/airflow/example_dags/example_sla_dag.py
[2026-04-29T10:00:33.263+0300] {logging_mixin.py:188} INFO - [2026-04-29T10:00:33.261+0300] {dag.py:3089} INFO - Sync 1 DAGs
[2026-04-29T10:00:33.444+0300] {logging_mixin.py:188} INFO - [2026-04-29T10:00:33.442+0300] {dag.py:3947} INFO - Setting next_dagrun for example_sla_dag to 2026-04-29 06:58:00+00:00, run_after=2026-04-29 07:00:00+00:00
[2026-04-29T10:00:33.586+0300] {processor.py:183} INFO - Processing /mnt/d/airflow/airflow_project/airflow_venv/lib/python3.12/site-packages/airflow/example_dags/example_sla_dag.py took 0.495 seconds
[2026-04-29T10:02:47.233+0300] {processor.py:161} INFO - Started process (PID=42991) to work on /mnt/d/airflow/airflow_project/airflow_venv/lib/python3.12/site-packages/airflow/example_dags/example_sla_dag.py
[2026-04-29T10:02:47.237+0300] {processor.py:830} INFO - Processing file /mnt/d/airflow/airflow_project/airflow_venv/lib/python3.12/site-packages/airflow/example_dags/example_sla_dag.py for tasks to queue
[2026-04-29T10:02:47.245+0300] {logging_mixin.py:188} INFO - [2026-04-29T10:02:47.242+0300] {dagbag.py:545} INFO - Filling up the DagBag from /mnt/d/airflow/airflow_project/airflow_venv/lib/python3.12/site-packages/airflow/example_dags/example_sla_dag.py
[2026-04-29T10:02:47.347+0300] {processor.py:840} INFO - DAG(s) 'example_sla_dag' retrieved from /mnt/d/airflow/airflow_project/airflow_venv/lib/python3.12/site-packages/airflow/example_dags/example_sla_dag.py
[2026-04-29T10:02:47.443+0300] {logging_mixin.py:188} INFO - [2026-04-29T10:02:47.437+0300] {dag.py:3089} INFO - Sync 1 DAGs
[2026-04-29T10:02:47.526+0300] {logging_mixin.py:188} INFO - [2026-04-29T10:02:47.525+0300] {dag.py:3947} INFO - Setting next_dagrun for example_sla_dag to 2026-04-29 07:00:00+00:00, run_after=2026-04-29 07:02:00+00:00
[2026-04-29T10:02:47.659+0300] {processor.py:183} INFO - Processing /mnt/d/airflow/airflow_project/airflow_venv/lib/python3.12/site-packages/airflow/example_dags/example_sla_dag.py took 0.458 seconds
[2026-04-29T10:04:31.588+0300] {processor.py:161} INFO - Started process (PID=43605) to work on /mnt/d/airflow/airflow_project/airflow_venv/lib/python3.12/site-packages/airflow/example_dags/example_sla_dag.py
[2026-04-29T10:04:31.593+0300] {processor.py:830} INFO - Processing file /mnt/d/airflow/airflow_project/airflow_venv/lib/python3.12/site-packages/airflow/example_dags/example_sla_dag.py for tasks to queue
[2026-04-29T10:04:31.601+0300] {logging_mixin.py:188} INFO - [2026-04-29T10:04:31.598+0300] {dagbag.py:545} INFO - Filling up the DagBag from /mnt/d/airflow/airflow_project/airflow_venv/lib/python3.12/site-packages/airflow/example_dags/example_sla_dag.py
[2026-04-29T10:04:31.690+0300] {processor.py:840} INFO - DAG(s) 'example_sla_dag' retrieved from /mnt/d/airflow/airflow_project/airflow_venv/lib/python3.12/site-packages/airflow/example_dags/example_sla_dag.py
[2026-04-29T10:04:31.736+0300] {logging_mixin.py:188} INFO - [2026-04-29T10:04:31.735+0300] {dag.py:3089} INFO - Sync 1 DAGs
[2026-04-29T10:04:31.865+0300] {logging_mixin.py:188} INFO - [2026-04-29T10:04:31.864+0300] {dag.py:3947} INFO - Setting next_dagrun for example_sla_dag to 2026-04-29 07:02:00+00:00, run_after=2026-04-29 07:04:00+00:00
[2026-04-29T10:04:31.959+0300] {processor.py:183} INFO - Processing /mnt/d/airflow/airflow_project/airflow_venv/lib/python3.12/site-packages/airflow/example_dags/example_sla_dag.py took 0.402 seconds
[2026-04-29T10:05:36.114+0300] {processor.py:161} INFO - Started process (PID=43962) to work on /mnt/d/airflow/airflow_project/airflow_venv/lib/python3.12/site-packages/airflow/example_dags/example_sla_dag.py
[2026-04-29T10:05:36.119+0300] {processor.py:830} INFO - Processing file /mnt/d/airflow/airflow_project/airflow_venv/lib/python3.12/site-packages/airflow/example_dags/example_sla_dag.py for tasks to queue
[2026-04-29T10:05:36.128+0300] {logging_mixin.py:188} INFO - [2026-04-29T10:05:36.124+0300] {dagbag.py:545} INFO - Filling up the DagBag from /mnt/d/airflow/airflow_project/airflow_venv/lib/python3.12/site-packages/airflow/example_dags/example_sla_dag.py
[2026-04-29T10:05:36.223+0300] {processor.py:840} INFO - DAG(s) 'example_sla_dag' retrieved from /mnt/d/airflow/airflow_project/airflow_venv/lib/python3.12/site-packages/airflow/example_dags/example_sla_dag.py
[2026-04-29T10:05:36.298+0300] {logging_mixin.py:188} INFO - [2026-04-29T10:05:36.295+0300] {dag.py:3089} INFO - Sync 1 DAGs
[2026-04-29T10:05:36.378+0300] {logging_mixin.py:188} INFO - [2026-04-29T10:05:36.376+0300] {dag.py:3947} INFO - Setting next_dagrun for example_sla_dag to 2026-04-29 07:02:00+00:00, run_after=2026-04-29 07:04:00+00:00
[2026-04-29T10:05:36.556+0300] {processor.py:183} INFO - Processing /mnt/d/airflow/airflow_project/airflow_venv/lib/python3.12/site-packages/airflow/example_dags/example_sla_dag.py took 0.473 seconds
[2026-04-29T10:06:42.835+0300] {processor.py:161} INFO - Started process (PID=44336) to work on /mnt/d/airflow/airflow_project/airflow_venv/lib/python3.12/site-packages/airflow/example_dags/example_sla_dag.py
[2026-04-29T10:06:42.840+0300] {processor.py:830} INFO - Processing file /mnt/d/airflow/airflow_project/airflow_venv/lib/python3.12/site-packages/airflow/example_dags/example_sla_dag.py for tasks to queue
[2026-04-29T10:06:42.848+0300] {logging_mixin.py:188} INFO - [2026-04-29T10:06:42.845+0300] {dagbag.py:545} INFO - Filling up the DagBag from /mnt/d/airflow/airflow_project/airflow_venv/lib/python3.12/site-packages/airflow/example_dags/example_sla_dag.py
[2026-04-29T10:06:42.940+0300] {processor.py:840} INFO - DAG(s) 'example_sla_dag' retrieved from /mnt/d/airflow/airflow_project/airflow_venv/lib/python3.12/site-packages/airflow/example_dags/example_sla_dag.py
[2026-04-29T10:06:43.017+0300] {logging_mixin.py:188} INFO - [2026-04-29T10:06:43.013+0300] {dag.py:3089} INFO - Sync 1 DAGs
[2026-04-29T10:06:43.110+0300] {logging_mixin.py:188} INFO - [2026-04-29T10:06:43.107+0300] {dag.py:3947} INFO - Setting next_dagrun for example_sla_dag to 2026-04-29 07:04:00+00:00, run_after=2026-04-29 07:06:00+00:00
[2026-04-29T10:06:43.441+0300] {processor.py:183} INFO - Processing /mnt/d/airflow/airflow_project/airflow_venv/lib/python3.12/site-packages/airflow/example_dags/example_sla_dag.py took 0.641 seconds
[2026-04-29T10:07:52.737+0300] {processor.py:161} INFO - Started process (PID=44726) to work on /mnt/d/airflow/airflow_project/airflow_venv/lib/python3.12/site-packages/airflow/example_dags/example_sla_dag.py
[2026-04-29T10:07:52.739+0300] {processor.py:830} INFO - Processing file /mnt/d/airflow/airflow_project/airflow_venv/lib/python3.12/site-packages/airflow/example_dags/example_sla_dag.py for tasks to queue
[2026-04-29T10:07:52.747+0300] {logging_mixin.py:188} INFO - [2026-04-29T10:07:52.744+0300] {dagbag.py:545} INFO - Filling up the DagBag from /mnt/d/airflow/airflow_project/airflow_venv/lib/python3.12/site-packages/airflow/example_dags/example_sla_dag.py
[2026-04-29T10:07:52.816+0300] {processor.py:840} INFO - DAG(s) 'example_sla_dag' retrieved from /mnt/d/airflow/airflow_project/airflow_venv/lib/python3.12/site-packages/airflow/example_dags/example_sla_dag.py
[2026-04-29T10:07:52.985+0300] {logging_mixin.py:188} INFO - [2026-04-29T10:07:52.983+0300] {dag.py:3089} INFO - Sync 1 DAGs
[2026-04-29T10:07:53.044+0300] {logging_mixin.py:188} INFO - [2026-04-29T10:07:53.043+0300] {dag.py:3947} INFO - Setting next_dagrun for example_sla_dag to 2026-04-29 07:04:00+00:00, run_after=2026-04-29 07:06:00+00:00
[2026-04-29T10:07:53.193+0300] {processor.py:183} INFO - Processing /mnt/d/airflow/airflow_project/airflow_venv/lib/python3.12/site-packages/airflow/example_dags/example_sla_dag.py took 0.484 seconds
[2026-04-29T10:09:50.872+0300] {processor.py:161} INFO - Started process (PID=45381) to work on /mnt/d/airflow/airflow_project/airflow_venv/lib/python3.12/site-packages/airflow/example_dags/example_sla_dag.py
[2026-04-29T10:09:50.877+0300] {processor.py:830} INFO - Processing file /mnt/d/airflow/airflow_project/airflow_venv/lib/python3.12/site-packages/airflow/example_dags/example_sla_dag.py for tasks to queue
[2026-04-29T10:09:50.886+0300] {logging_mixin.py:188} INFO - [2026-04-29T10:09:50.883+0300] {dagbag.py:545} INFO - Filling up the DagBag from /mnt/d/airflow/airflow_project/airflow_venv/lib/python3.12/site-packages/airflow/example_dags/example_sla_dag.py
[2026-04-29T10:09:50.980+0300] {processor.py:840} INFO - DAG(s) 'example_sla_dag' retrieved from /mnt/d/airflow/airflow_project/airflow_venv/lib/python3.12/site-packages/airflow/example_dags/example_sla_dag.py
[2026-04-29T10:09:51.055+0300] {logging_mixin.py:188} INFO - [2026-04-29T10:09:51.052+0300] {dag.py:3089} INFO - Sync 1 DAGs
[2026-04-29T10:09:51.151+0300] {logging_mixin.py:188} INFO - [2026-04-29T10:09:51.148+0300] {dag.py:3947} INFO - Setting next_dagrun for example_sla_dag to 2026-04-29 07:06:00+00:00, run_after=2026-04-29 07:08:00+00:00
[2026-04-29T10:09:51.340+0300] {processor.py:183} INFO - Processing /mnt/d/airflow/airflow_project/airflow_venv/lib/python3.12/site-packages/airflow/example_dags/example_sla_dag.py took 0.502 seconds
[2026-04-29T10:10:59.778+0300] {processor.py:161} INFO - Started process (PID=45763) to work on /mnt/d/airflow/airflow_project/airflow_venv/lib/python3.12/site-packages/airflow/example_dags/example_sla_dag.py
[2026-04-29T10:10:59.780+0300] {processor.py:830} INFO - Processing file /mnt/d/airflow/airflow_project/airflow_venv/lib/python3.12/site-packages/airflow/example_dags/example_sla_dag.py for tasks to queue
[2026-04-29T10:10:59.786+0300] {logging_mixin.py:188} INFO - [2026-04-29T10:10:59.785+0300] {dagbag.py:545} INFO - Filling up the DagBag from /mnt/d/airflow/airflow_project/airflow_venv/lib/python3.12/site-packages/airflow/example_dags/example_sla_dag.py
[2026-04-29T10:10:59.830+0300] {processor.py:840} INFO - DAG(s) 'example_sla_dag' retrieved from /mnt/d/airflow/airflow_project/airflow_venv/lib/python3.12/site-packages/airflow/example_dags/example_sla_dag.py
[2026-04-29T10:10:59.890+0300] {logging_mixin.py:188} INFO - [2026-04-29T10:10:59.887+0300] {dag.py:3089} INFO - Sync 1 DAGs
[2026-04-29T10:10:59.970+0300] {logging_mixin.py:188} INFO - [2026-04-29T10:10:59.967+0300] {dag.py:3947} INFO - Setting next_dagrun for example_sla_dag to 2026-04-29 07:08:00+00:00, run_after=2026-04-29 07:10:00+00:00
[2026-04-29T10:11:00.180+0300] {processor.py:183} INFO - Processing /mnt/d/airflow/airflow_project/airflow_venv/lib/python3.12/site-packages/airflow/example_dags/example_sla_dag.py took 0.434 seconds
[2026-04-29T10:12:10.264+0300] {processor.py:161} INFO - Started process (PID=46144) to work on /mnt/d/airflow/airflow_project/airflow_venv/lib/python3.12/site-packages/airflow/example_dags/example_sla_dag.py
[2026-04-29T10:12:10.267+0300] {processor.py:830} INFO - Processing file /mnt/d/airflow/airflow_project/airflow_venv/lib/python3.12/site-packages/airflow/example_dags/example_sla_dag.py for tasks to queue
[2026-04-29T10:12:10.277+0300] {logging_mixin.py:188} INFO - [2026-04-29T10:12:10.274+0300] {dagbag.py:545} INFO - Filling up the DagBag from /mnt/d/airflow/airflow_project/airflow_venv/lib/python3.12/site-packages/airflow/example_dags/example_sla_dag.py
[2026-04-29T10:12:10.360+0300] {processor.py:840} INFO - DAG(s) 'example_sla_dag' retrieved from /mnt/d/airflow/airflow_project/airflow_venv/lib/python3.12/site-packages/airflow/example_dags/example_sla_dag.py
[2026-04-29T10:12:10.428+0300] {logging_mixin.py:188} INFO - [2026-04-29T10:12:10.426+0300] {dag.py:3089} INFO - Sync 1 DAGs
[2026-04-29T10:12:10.485+0300] {logging_mixin.py:188} INFO - [2026-04-29T10:12:10.484+0300] {dag.py:3947} INFO - Setting next_dagrun for example_sla_dag to 2026-04-29 07:10:00+00:00, run_after=2026-04-29 07:12:00+00:00
[2026-04-29T10:12:10.565+0300] {processor.py:183} INFO - Processing /mnt/d/airflow/airflow_project/airflow_venv/lib/python3.12/site-packages/airflow/example_dags/example_sla_dag.py took 0.319 seconds
