[2026-04-29T09:16:25.773+0300] {processor.py:161} INFO - Started process (PID=26931) to work on /mnt/d/airflow/airflow_project/airflow_venv/lib/python3.12/site-packages/airflow/example_dags/example_branch_labels.py
[2026-04-29T09:16:25.778+0300] {processor.py:830} INFO - Processing file /mnt/d/airflow/airflow_project/airflow_venv/lib/python3.12/site-packages/airflow/example_dags/example_branch_labels.py for tasks to queue
[2026-04-29T09:16:25.787+0300] {logging_mixin.py:188} INFO - [2026-04-29T09:16:25.783+0300] {dagbag.py:545} INFO - Filling up the DagBag from /mnt/d/airflow/airflow_project/airflow_venv/lib/python3.12/site-packages/airflow/example_dags/example_branch_labels.py
[2026-04-29T09:16:25.898+0300] {processor.py:840} INFO - DAG(s) 'example_branch_labels' retrieved from /mnt/d/airflow/airflow_project/airflow_venv/lib/python3.12/site-packages/airflow/example_dags/example_branch_labels.py
[2026-04-29T09:16:28.161+0300] {logging_mixin.py:188} INFO - [2026-04-29T09:16:28.157+0300] {override.py:1858} INFO - Created Permission View: can edit on DAG:example_branch_labels
[2026-04-29T09:16:28.189+0300] {logging_mixin.py:188} INFO - [2026-04-29T09:16:28.189+0300] {override.py:1858} INFO - Created Permission View: can delete on DAG:example_branch_labels
[2026-04-29T09:16:28.230+0300] {logging_mixin.py:188} INFO - [2026-04-29T09:16:28.229+0300] {override.py:1858} INFO - Created Permission View: can read on DAG:example_branch_labels
[2026-04-29T09:16:28.232+0300] {logging_mixin.py:188} INFO - [2026-04-29T09:16:28.231+0300] {dag.py:3089} INFO - Sync 1 DAGs
[2026-04-29T09:16:28.247+0300] {logging_mixin.py:188} INFO - [2026-04-29T09:16:28.246+0300] {dag.py:3111} INFO - Creating ORM DAG for example_branch_labels
[2026-04-29T09:16:28.262+0300] {logging_mixin.py:188} INFO - [2026-04-29T09:16:28.261+0300] {dag.py:3947} INFO - Setting next_dagrun for example_branch_labels to 2026-04-28 00:00:00+00:00, run_after=2026-04-29 00:00:00+00:00
[2026-04-29T09:16:28.346+0300] {processor.py:183} INFO - Processing /mnt/d/airflow/airflow_project/airflow_venv/lib/python3.12/site-packages/airflow/example_dags/example_branch_labels.py took 2.613 seconds
[2026-04-29T09:18:50.033+0300] {processor.py:161} INFO - Started process (PID=27780) to work on /mnt/d/airflow/airflow_project/airflow_venv/lib/python3.12/site-packages/airflow/example_dags/example_branch_labels.py
[2026-04-29T09:18:50.036+0300] {processor.py:830} INFO - Processing file /mnt/d/airflow/airflow_project/airflow_venv/lib/python3.12/site-packages/airflow/example_dags/example_branch_labels.py for tasks to queue
[2026-04-29T09:18:50.040+0300] {logging_mixin.py:188} INFO - [2026-04-29T09:18:50.038+0300] {dagbag.py:545} INFO - Filling up the DagBag from /mnt/d/airflow/airflow_project/airflow_venv/lib/python3.12/site-packages/airflow/example_dags/example_branch_labels.py
[2026-04-29T09:18:50.081+0300] {processor.py:840} INFO - DAG(s) 'example_branch_labels' retrieved from /mnt/d/airflow/airflow_project/airflow_venv/lib/python3.12/site-packages/airflow/example_dags/example_branch_labels.py
[2026-04-29T09:18:50.108+0300] {logging_mixin.py:188} INFO - [2026-04-29T09:18:50.107+0300] {dag.py:3089} INFO - Sync 1 DAGs
[2026-04-29T09:18:50.128+0300] {logging_mixin.py:188} INFO - [2026-04-29T09:18:50.128+0300] {dag.py:3947} INFO - Setting next_dagrun for example_branch_labels to 2026-04-28 00:00:00+00:00, run_after=2026-04-29 00:00:00+00:00
[2026-04-29T09:18:50.197+0300] {processor.py:183} INFO - Processing /mnt/d/airflow/airflow_project/airflow_venv/lib/python3.12/site-packages/airflow/example_dags/example_branch_labels.py took 0.179 seconds
[2026-04-29T09:21:12.814+0300] {processor.py:161} INFO - Started process (PID=28620) to work on /mnt/d/airflow/airflow_project/airflow_venv/lib/python3.12/site-packages/airflow/example_dags/example_branch_labels.py
[2026-04-29T09:21:12.818+0300] {processor.py:830} INFO - Processing file /mnt/d/airflow/airflow_project/airflow_venv/lib/python3.12/site-packages/airflow/example_dags/example_branch_labels.py for tasks to queue
[2026-04-29T09:21:12.827+0300] {logging_mixin.py:188} INFO - [2026-04-29T09:21:12.824+0300] {dagbag.py:545} INFO - Filling up the DagBag from /mnt/d/airflow/airflow_project/airflow_venv/lib/python3.12/site-packages/airflow/example_dags/example_branch_labels.py
[2026-04-29T09:21:12.931+0300] {processor.py:840} INFO - DAG(s) 'example_branch_labels' retrieved from /mnt/d/airflow/airflow_project/airflow_venv/lib/python3.12/site-packages/airflow/example_dags/example_branch_labels.py
[2026-04-29T09:21:13.010+0300] {logging_mixin.py:188} INFO - [2026-04-29T09:21:13.009+0300] {dag.py:3089} INFO - Sync 1 DAGs
[2026-04-29T09:21:13.059+0300] {logging_mixin.py:188} INFO - [2026-04-29T09:21:13.056+0300] {dag.py:3947} INFO - Setting next_dagrun for example_branch_labels to 2026-04-28 00:00:00+00:00, run_after=2026-04-29 00:00:00+00:00
[2026-04-29T09:21:13.209+0300] {processor.py:183} INFO - Processing /mnt/d/airflow/airflow_project/airflow_venv/lib/python3.12/site-packages/airflow/example_dags/example_branch_labels.py took 0.439 seconds
[2026-04-29T09:23:09.656+0300] {processor.py:161} INFO - Started process (PID=29304) to work on /mnt/d/airflow/airflow_project/airflow_venv/lib/python3.12/site-packages/airflow/example_dags/example_branch_labels.py
[2026-04-29T09:23:09.659+0300] {processor.py:830} INFO - Processing file /mnt/d/airflow/airflow_project/airflow_venv/lib/python3.12/site-packages/airflow/example_dags/example_branch_labels.py for tasks to queue
[2026-04-29T09:23:09.663+0300] {logging_mixin.py:188} INFO - [2026-04-29T09:23:09.662+0300] {dagbag.py:545} INFO - Filling up the DagBag from /mnt/d/airflow/airflow_project/airflow_venv/lib/python3.12/site-packages/airflow/example_dags/example_branch_labels.py
[2026-04-29T09:23:09.756+0300] {processor.py:840} INFO - DAG(s) 'example_branch_labels' retrieved from /mnt/d/airflow/airflow_project/airflow_venv/lib/python3.12/site-packages/airflow/example_dags/example_branch_labels.py
[2026-04-29T09:23:09.832+0300] {logging_mixin.py:188} INFO - [2026-04-29T09:23:09.829+0300] {dag.py:3089} INFO - Sync 1 DAGs
[2026-04-29T09:23:09.879+0300] {logging_mixin.py:188} INFO - [2026-04-29T09:23:09.876+0300] {dag.py:3947} INFO - Setting next_dagrun for example_branch_labels to 2026-04-28 00:00:00+00:00, run_after=2026-04-29 00:00:00+00:00
[2026-04-29T09:23:10.061+0300] {processor.py:183} INFO - Processing /mnt/d/airflow/airflow_project/airflow_venv/lib/python3.12/site-packages/airflow/example_dags/example_branch_labels.py took 0.437 seconds
[2026-04-29T09:25:28.885+0300] {processor.py:161} INFO - Started process (PID=30085) to work on /mnt/d/airflow/airflow_project/airflow_venv/lib/python3.12/site-packages/airflow/example_dags/example_branch_labels.py
[2026-04-29T09:25:28.889+0300] {processor.py:830} INFO - Processing file /mnt/d/airflow/airflow_project/airflow_venv/lib/python3.12/site-packages/airflow/example_dags/example_branch_labels.py for tasks to queue
[2026-04-29T09:25:28.898+0300] {logging_mixin.py:188} INFO - [2026-04-29T09:25:28.895+0300] {dagbag.py:545} INFO - Filling up the DagBag from /mnt/d/airflow/airflow_project/airflow_venv/lib/python3.12/site-packages/airflow/example_dags/example_branch_labels.py
[2026-04-29T09:25:29.004+0300] {processor.py:840} INFO - DAG(s) 'example_branch_labels' retrieved from /mnt/d/airflow/airflow_project/airflow_venv/lib/python3.12/site-packages/airflow/example_dags/example_branch_labels.py
[2026-04-29T09:25:29.077+0300] {logging_mixin.py:188} INFO - [2026-04-29T09:25:29.074+0300] {dag.py:3089} INFO - Sync 1 DAGs
[2026-04-29T09:25:29.123+0300] {logging_mixin.py:188} INFO - [2026-04-29T09:25:29.121+0300] {dag.py:3947} INFO - Setting next_dagrun for example_branch_labels to 2026-04-28 00:00:00+00:00, run_after=2026-04-29 00:00:00+00:00
[2026-04-29T09:25:29.314+0300] {processor.py:183} INFO - Processing /mnt/d/airflow/airflow_project/airflow_venv/lib/python3.12/site-packages/airflow/example_dags/example_branch_labels.py took 0.462 seconds
[2026-04-29T09:27:54.014+0300] {processor.py:161} INFO - Started process (PID=30899) to work on /mnt/d/airflow/airflow_project/airflow_venv/lib/python3.12/site-packages/airflow/example_dags/example_branch_labels.py
[2026-04-29T09:27:54.019+0300] {processor.py:830} INFO - Processing file /mnt/d/airflow/airflow_project/airflow_venv/lib/python3.12/site-packages/airflow/example_dags/example_branch_labels.py for tasks to queue
[2026-04-29T09:27:54.028+0300] {logging_mixin.py:188} INFO - [2026-04-29T09:27:54.025+0300] {dagbag.py:545} INFO - Filling up the DagBag from /mnt/d/airflow/airflow_project/airflow_venv/lib/python3.12/site-packages/airflow/example_dags/example_branch_labels.py
[2026-04-29T09:27:54.154+0300] {processor.py:840} INFO - DAG(s) 'example_branch_labels' retrieved from /mnt/d/airflow/airflow_project/airflow_venv/lib/python3.12/site-packages/airflow/example_dags/example_branch_labels.py
[2026-04-29T09:27:54.224+0300] {logging_mixin.py:188} INFO - [2026-04-29T09:27:54.221+0300] {dag.py:3089} INFO - Sync 1 DAGs
[2026-04-29T09:27:54.273+0300] {logging_mixin.py:188} INFO - [2026-04-29T09:27:54.270+0300] {dag.py:3947} INFO - Setting next_dagrun for example_branch_labels to 2026-04-28 00:00:00+00:00, run_after=2026-04-29 00:00:00+00:00
[2026-04-29T09:27:54.491+0300] {processor.py:183} INFO - Processing /mnt/d/airflow/airflow_project/airflow_venv/lib/python3.12/site-packages/airflow/example_dags/example_branch_labels.py took 0.510 seconds
[2026-04-29T09:30:49.806+0300] {processor.py:161} INFO - Started process (PID=31941) to work on /mnt/d/airflow/airflow_project/airflow_venv/lib/python3.12/site-packages/airflow/example_dags/example_branch_labels.py
[2026-04-29T09:30:49.822+0300] {processor.py:830} INFO - Processing file /mnt/d/airflow/airflow_project/airflow_venv/lib/python3.12/site-packages/airflow/example_dags/example_branch_labels.py for tasks to queue
[2026-04-29T09:30:49.834+0300] {logging_mixin.py:188} INFO - [2026-04-29T09:30:49.829+0300] {dagbag.py:545} INFO - Filling up the DagBag from /mnt/d/airflow/airflow_project/airflow_venv/lib/python3.12/site-packages/airflow/example_dags/example_branch_labels.py
[2026-04-29T09:30:50.006+0300] {processor.py:840} INFO - DAG(s) 'example_branch_labels' retrieved from /mnt/d/airflow/airflow_project/airflow_venv/lib/python3.12/site-packages/airflow/example_dags/example_branch_labels.py
[2026-04-29T09:30:50.109+0300] {logging_mixin.py:188} INFO - [2026-04-29T09:30:50.107+0300] {dag.py:3089} INFO - Sync 1 DAGs
[2026-04-29T09:30:50.142+0300] {logging_mixin.py:188} INFO - [2026-04-29T09:30:50.140+0300] {dag.py:3947} INFO - Setting next_dagrun for example_branch_labels to 2026-04-28 00:00:00+00:00, run_after=2026-04-29 00:00:00+00:00
[2026-04-29T09:30:50.265+0300] {processor.py:183} INFO - Processing /mnt/d/airflow/airflow_project/airflow_venv/lib/python3.12/site-packages/airflow/example_dags/example_branch_labels.py took 0.487 seconds
[2026-04-29T09:33:06.297+0300] {processor.py:161} INFO - Started process (PID=32741) to work on /mnt/d/airflow/airflow_project/airflow_venv/lib/python3.12/site-packages/airflow/example_dags/example_branch_labels.py
[2026-04-29T09:33:06.300+0300] {processor.py:830} INFO - Processing file /mnt/d/airflow/airflow_project/airflow_venv/lib/python3.12/site-packages/airflow/example_dags/example_branch_labels.py for tasks to queue
[2026-04-29T09:33:06.309+0300] {logging_mixin.py:188} INFO - [2026-04-29T09:33:06.305+0300] {dagbag.py:545} INFO - Filling up the DagBag from /mnt/d/airflow/airflow_project/airflow_venv/lib/python3.12/site-packages/airflow/example_dags/example_branch_labels.py
[2026-04-29T09:33:06.437+0300] {processor.py:840} INFO - DAG(s) 'example_branch_labels' retrieved from /mnt/d/airflow/airflow_project/airflow_venv/lib/python3.12/site-packages/airflow/example_dags/example_branch_labels.py
[2026-04-29T09:33:06.545+0300] {logging_mixin.py:188} INFO - [2026-04-29T09:33:06.542+0300] {dag.py:3089} INFO - Sync 1 DAGs
[2026-04-29T09:33:06.598+0300] {logging_mixin.py:188} INFO - [2026-04-29T09:33:06.595+0300] {dag.py:3947} INFO - Setting next_dagrun for example_branch_labels to 2026-04-28 00:00:00+00:00, run_after=2026-04-29 00:00:00+00:00
[2026-04-29T09:33:06.831+0300] {processor.py:183} INFO - Processing /mnt/d/airflow/airflow_project/airflow_venv/lib/python3.12/site-packages/airflow/example_dags/example_branch_labels.py took 0.561 seconds
[2026-04-29T09:35:27.004+0300] {processor.py:161} INFO - Started process (PID=33587) to work on /mnt/d/airflow/airflow_project/airflow_venv/lib/python3.12/site-packages/airflow/example_dags/example_branch_labels.py
[2026-04-29T09:35:27.007+0300] {processor.py:830} INFO - Processing file /mnt/d/airflow/airflow_project/airflow_venv/lib/python3.12/site-packages/airflow/example_dags/example_branch_labels.py for tasks to queue
[2026-04-29T09:35:27.011+0300] {logging_mixin.py:188} INFO - [2026-04-29T09:35:27.009+0300] {dagbag.py:545} INFO - Filling up the DagBag from /mnt/d/airflow/airflow_project/airflow_venv/lib/python3.12/site-packages/airflow/example_dags/example_branch_labels.py
[2026-04-29T09:35:27.052+0300] {processor.py:840} INFO - DAG(s) 'example_branch_labels' retrieved from /mnt/d/airflow/airflow_project/airflow_venv/lib/python3.12/site-packages/airflow/example_dags/example_branch_labels.py
[2026-04-29T09:35:27.088+0300] {logging_mixin.py:188} INFO - [2026-04-29T09:35:27.087+0300] {dag.py:3089} INFO - Sync 1 DAGs
[2026-04-29T09:35:27.109+0300] {logging_mixin.py:188} INFO - [2026-04-29T09:35:27.108+0300] {dag.py:3947} INFO - Setting next_dagrun for example_branch_labels to 2026-04-28 00:00:00+00:00, run_after=2026-04-29 00:00:00+00:00
[2026-04-29T09:35:27.166+0300] {processor.py:183} INFO - Processing /mnt/d/airflow/airflow_project/airflow_venv/lib/python3.12/site-packages/airflow/example_dags/example_branch_labels.py took 0.174 seconds
[2026-04-29T09:37:24.505+0300] {processor.py:161} INFO - Started process (PID=34292) to work on /mnt/d/airflow/airflow_project/airflow_venv/lib/python3.12/site-packages/airflow/example_dags/example_branch_labels.py
[2026-04-29T09:37:24.509+0300] {processor.py:830} INFO - Processing file /mnt/d/airflow/airflow_project/airflow_venv/lib/python3.12/site-packages/airflow/example_dags/example_branch_labels.py for tasks to queue
[2026-04-29T09:37:24.518+0300] {logging_mixin.py:188} INFO - [2026-04-29T09:37:24.513+0300] {dagbag.py:545} INFO - Filling up the DagBag from /mnt/d/airflow/airflow_project/airflow_venv/lib/python3.12/site-packages/airflow/example_dags/example_branch_labels.py
[2026-04-29T09:37:24.624+0300] {processor.py:840} INFO - DAG(s) 'example_branch_labels' retrieved from /mnt/d/airflow/airflow_project/airflow_venv/lib/python3.12/site-packages/airflow/example_dags/example_branch_labels.py
[2026-04-29T09:37:24.706+0300] {logging_mixin.py:188} INFO - [2026-04-29T09:37:24.702+0300] {dag.py:3089} INFO - Sync 1 DAGs
[2026-04-29T09:37:24.778+0300] {logging_mixin.py:188} INFO - [2026-04-29T09:37:24.773+0300] {dag.py:3947} INFO - Setting next_dagrun for example_branch_labels to 2026-04-28 00:00:00+00:00, run_after=2026-04-29 00:00:00+00:00
[2026-04-29T09:37:25.041+0300] {processor.py:183} INFO - Processing /mnt/d/airflow/airflow_project/airflow_venv/lib/python3.12/site-packages/airflow/example_dags/example_branch_labels.py took 0.565 seconds
[2026-04-29T09:39:39.950+0300] {processor.py:161} INFO - Started process (PID=35120) to work on /mnt/d/airflow/airflow_project/airflow_venv/lib/python3.12/site-packages/airflow/example_dags/example_branch_labels.py
[2026-04-29T09:39:39.953+0300] {processor.py:830} INFO - Processing file /mnt/d/airflow/airflow_project/airflow_venv/lib/python3.12/site-packages/airflow/example_dags/example_branch_labels.py for tasks to queue
[2026-04-29T09:39:39.959+0300] {logging_mixin.py:188} INFO - [2026-04-29T09:39:39.957+0300] {dagbag.py:545} INFO - Filling up the DagBag from /mnt/d/airflow/airflow_project/airflow_venv/lib/python3.12/site-packages/airflow/example_dags/example_branch_labels.py
[2026-04-29T09:39:40.021+0300] {processor.py:840} INFO - DAG(s) 'example_branch_labels' retrieved from /mnt/d/airflow/airflow_project/airflow_venv/lib/python3.12/site-packages/airflow/example_dags/example_branch_labels.py
[2026-04-29T09:39:40.142+0300] {logging_mixin.py:188} INFO - [2026-04-29T09:39:40.138+0300] {dag.py:3089} INFO - Sync 1 DAGs
[2026-04-29T09:39:40.191+0300] {logging_mixin.py:188} INFO - [2026-04-29T09:39:40.189+0300] {dag.py:3947} INFO - Setting next_dagrun for example_branch_labels to 2026-04-28 00:00:00+00:00, run_after=2026-04-29 00:00:00+00:00
[2026-04-29T09:39:40.294+0300] {processor.py:183} INFO - Processing /mnt/d/airflow/airflow_project/airflow_venv/lib/python3.12/site-packages/airflow/example_dags/example_branch_labels.py took 0.373 seconds
[2026-04-29T09:41:34.677+0300] {processor.py:161} INFO - Started process (PID=35778) to work on /mnt/d/airflow/airflow_project/airflow_venv/lib/python3.12/site-packages/airflow/example_dags/example_branch_labels.py
[2026-04-29T09:41:34.681+0300] {processor.py:830} INFO - Processing file /mnt/d/airflow/airflow_project/airflow_venv/lib/python3.12/site-packages/airflow/example_dags/example_branch_labels.py for tasks to queue
[2026-04-29T09:41:34.689+0300] {logging_mixin.py:188} INFO - [2026-04-29T09:41:34.687+0300] {dagbag.py:545} INFO - Filling up the DagBag from /mnt/d/airflow/airflow_project/airflow_venv/lib/python3.12/site-packages/airflow/example_dags/example_branch_labels.py
[2026-04-29T09:41:34.778+0300] {processor.py:840} INFO - DAG(s) 'example_branch_labels' retrieved from /mnt/d/airflow/airflow_project/airflow_venv/lib/python3.12/site-packages/airflow/example_dags/example_branch_labels.py
[2026-04-29T09:41:34.866+0300] {logging_mixin.py:188} INFO - [2026-04-29T09:41:34.863+0300] {dag.py:3089} INFO - Sync 1 DAGs
[2026-04-29T09:41:34.920+0300] {logging_mixin.py:188} INFO - [2026-04-29T09:41:34.918+0300] {dag.py:3947} INFO - Setting next_dagrun for example_branch_labels to 2026-04-28 00:00:00+00:00, run_after=2026-04-29 00:00:00+00:00
[2026-04-29T09:41:35.080+0300] {processor.py:183} INFO - Processing /mnt/d/airflow/airflow_project/airflow_venv/lib/python3.12/site-packages/airflow/example_dags/example_branch_labels.py took 0.439 seconds
[2026-04-29T09:43:52.045+0300] {processor.py:161} INFO - Started process (PID=36605) to work on /mnt/d/airflow/airflow_project/airflow_venv/lib/python3.12/site-packages/airflow/example_dags/example_branch_labels.py
[2026-04-29T09:43:52.048+0300] {processor.py:830} INFO - Processing file /mnt/d/airflow/airflow_project/airflow_venv/lib/python3.12/site-packages/airflow/example_dags/example_branch_labels.py for tasks to queue
[2026-04-29T09:43:52.053+0300] {logging_mixin.py:188} INFO - [2026-04-29T09:43:52.051+0300] {dagbag.py:545} INFO - Filling up the DagBag from /mnt/d/airflow/airflow_project/airflow_venv/lib/python3.12/site-packages/airflow/example_dags/example_branch_labels.py
[2026-04-29T09:43:52.155+0300] {processor.py:840} INFO - DAG(s) 'example_branch_labels' retrieved from /mnt/d/airflow/airflow_project/airflow_venv/lib/python3.12/site-packages/airflow/example_dags/example_branch_labels.py
[2026-04-29T09:43:52.210+0300] {logging_mixin.py:188} INFO - [2026-04-29T09:43:52.199+0300] {dag.py:3089} INFO - Sync 1 DAGs
[2026-04-29T09:43:52.244+0300] {logging_mixin.py:188} INFO - [2026-04-29T09:43:52.242+0300] {dag.py:3947} INFO - Setting next_dagrun for example_branch_labels to 2026-04-28 00:00:00+00:00, run_after=2026-04-29 00:00:00+00:00
[2026-04-29T09:43:52.332+0300] {processor.py:183} INFO - Processing /mnt/d/airflow/airflow_project/airflow_venv/lib/python3.12/site-packages/airflow/example_dags/example_branch_labels.py took 0.313 seconds
[2026-04-29T09:47:17.850+0300] {processor.py:161} INFO - Started process (PID=37751) to work on /mnt/d/airflow/airflow_project/airflow_venv/lib/python3.12/site-packages/airflow/example_dags/example_branch_labels.py
[2026-04-29T09:47:17.857+0300] {processor.py:830} INFO - Processing file /mnt/d/airflow/airflow_project/airflow_venv/lib/python3.12/site-packages/airflow/example_dags/example_branch_labels.py for tasks to queue
[2026-04-29T09:47:17.862+0300] {logging_mixin.py:188} INFO - [2026-04-29T09:47:17.861+0300] {dagbag.py:545} INFO - Filling up the DagBag from /mnt/d/airflow/airflow_project/airflow_venv/lib/python3.12/site-packages/airflow/example_dags/example_branch_labels.py
[2026-04-29T09:47:17.941+0300] {processor.py:840} INFO - DAG(s) 'example_branch_labels' retrieved from /mnt/d/airflow/airflow_project/airflow_venv/lib/python3.12/site-packages/airflow/example_dags/example_branch_labels.py
[2026-04-29T09:47:19.473+0300] {logging_mixin.py:188} INFO - [2026-04-29T09:47:19.472+0300] {dag.py:3089} INFO - Sync 1 DAGs
[2026-04-29T09:47:19.650+0300] {logging_mixin.py:188} INFO - [2026-04-29T09:47:19.646+0300] {dag.py:3947} INFO - Setting next_dagrun for example_branch_labels to 2026-04-28 00:00:00+00:00, run_after=2026-04-29 00:00:00+00:00
[2026-04-29T09:47:19.890+0300] {processor.py:183} INFO - Processing /mnt/d/airflow/airflow_project/airflow_venv/lib/python3.12/site-packages/airflow/example_dags/example_branch_labels.py took 2.076 seconds
[2026-04-29T09:49:48.623+0300] {processor.py:161} INFO - Started process (PID=38608) to work on /mnt/d/airflow/airflow_project/airflow_venv/lib/python3.12/site-packages/airflow/example_dags/example_branch_labels.py
[2026-04-29T09:49:48.631+0300] {processor.py:830} INFO - Processing file /mnt/d/airflow/airflow_project/airflow_venv/lib/python3.12/site-packages/airflow/example_dags/example_branch_labels.py for tasks to queue
[2026-04-29T09:49:48.635+0300] {logging_mixin.py:188} INFO - [2026-04-29T09:49:48.634+0300] {dagbag.py:545} INFO - Filling up the DagBag from /mnt/d/airflow/airflow_project/airflow_venv/lib/python3.12/site-packages/airflow/example_dags/example_branch_labels.py
[2026-04-29T09:49:48.719+0300] {processor.py:840} INFO - DAG(s) 'example_branch_labels' retrieved from /mnt/d/airflow/airflow_project/airflow_venv/lib/python3.12/site-packages/airflow/example_dags/example_branch_labels.py
[2026-04-29T09:49:48.782+0300] {logging_mixin.py:188} INFO - [2026-04-29T09:49:48.780+0300] {dag.py:3089} INFO - Sync 1 DAGs
[2026-04-29T09:49:48.832+0300] {logging_mixin.py:188} INFO - [2026-04-29T09:49:48.830+0300] {dag.py:3947} INFO - Setting next_dagrun for example_branch_labels to 2026-04-28 00:00:00+00:00, run_after=2026-04-29 00:00:00+00:00
[2026-04-29T09:49:49.023+0300] {processor.py:183} INFO - Processing /mnt/d/airflow/airflow_project/airflow_venv/lib/python3.12/site-packages/airflow/example_dags/example_branch_labels.py took 0.425 seconds
[2026-04-29T09:52:03.742+0300] {processor.py:161} INFO - Started process (PID=39383) to work on /mnt/d/airflow/airflow_project/airflow_venv/lib/python3.12/site-packages/airflow/example_dags/example_branch_labels.py
[2026-04-29T09:52:03.748+0300] {processor.py:830} INFO - Processing file /mnt/d/airflow/airflow_project/airflow_venv/lib/python3.12/site-packages/airflow/example_dags/example_branch_labels.py for tasks to queue
[2026-04-29T09:52:03.759+0300] {logging_mixin.py:188} INFO - [2026-04-29T09:52:03.754+0300] {dagbag.py:545} INFO - Filling up the DagBag from /mnt/d/airflow/airflow_project/airflow_venv/lib/python3.12/site-packages/airflow/example_dags/example_branch_labels.py
[2026-04-29T09:52:03.875+0300] {processor.py:840} INFO - DAG(s) 'example_branch_labels' retrieved from /mnt/d/airflow/airflow_project/airflow_venv/lib/python3.12/site-packages/airflow/example_dags/example_branch_labels.py
[2026-04-29T09:52:03.956+0300] {logging_mixin.py:188} INFO - [2026-04-29T09:52:03.953+0300] {dag.py:3089} INFO - Sync 1 DAGs
[2026-04-29T09:52:04.014+0300] {logging_mixin.py:188} INFO - [2026-04-29T09:52:04.011+0300] {dag.py:3947} INFO - Setting next_dagrun for example_branch_labels to 2026-04-28 00:00:00+00:00, run_after=2026-04-29 00:00:00+00:00
[2026-04-29T09:52:04.394+0300] {processor.py:183} INFO - Processing /mnt/d/airflow/airflow_project/airflow_venv/lib/python3.12/site-packages/airflow/example_dags/example_branch_labels.py took 0.692 seconds
[2026-04-29T09:57:11.626+0300] {processor.py:161} INFO - Started process (PID=41146) to work on /mnt/d/airflow/airflow_project/airflow_venv/lib/python3.12/site-packages/airflow/example_dags/example_branch_labels.py
[2026-04-29T09:57:11.629+0300] {processor.py:830} INFO - Processing file /mnt/d/airflow/airflow_project/airflow_venv/lib/python3.12/site-packages/airflow/example_dags/example_branch_labels.py for tasks to queue
[2026-04-29T09:57:11.637+0300] {logging_mixin.py:188} INFO - [2026-04-29T09:57:11.635+0300] {dagbag.py:545} INFO - Filling up the DagBag from /mnt/d/airflow/airflow_project/airflow_venv/lib/python3.12/site-packages/airflow/example_dags/example_branch_labels.py
[2026-04-29T09:57:11.719+0300] {processor.py:840} INFO - DAG(s) 'example_branch_labels' retrieved from /mnt/d/airflow/airflow_project/airflow_venv/lib/python3.12/site-packages/airflow/example_dags/example_branch_labels.py
[2026-04-29T09:57:11.775+0300] {logging_mixin.py:188} INFO - [2026-04-29T09:57:11.773+0300] {dag.py:3089} INFO - Sync 1 DAGs
[2026-04-29T09:57:11.809+0300] {logging_mixin.py:188} INFO - [2026-04-29T09:57:11.807+0300] {dag.py:3947} INFO - Setting next_dagrun for example_branch_labels to 2026-04-28 00:00:00+00:00, run_after=2026-04-29 00:00:00+00:00
[2026-04-29T09:57:11.965+0300] {processor.py:183} INFO - Processing /mnt/d/airflow/airflow_project/airflow_venv/lib/python3.12/site-packages/airflow/example_dags/example_branch_labels.py took 0.368 seconds
[2026-04-29T10:01:26.492+0300] {processor.py:161} INFO - Started process (PID=42557) to work on /mnt/d/airflow/airflow_project/airflow_venv/lib/python3.12/site-packages/airflow/example_dags/example_branch_labels.py
[2026-04-29T10:01:26.495+0300] {processor.py:830} INFO - Processing file /mnt/d/airflow/airflow_project/airflow_venv/lib/python3.12/site-packages/airflow/example_dags/example_branch_labels.py for tasks to queue
[2026-04-29T10:01:26.501+0300] {logging_mixin.py:188} INFO - [2026-04-29T10:01:26.499+0300] {dagbag.py:545} INFO - Filling up the DagBag from /mnt/d/airflow/airflow_project/airflow_venv/lib/python3.12/site-packages/airflow/example_dags/example_branch_labels.py
[2026-04-29T10:01:26.550+0300] {processor.py:840} INFO - DAG(s) 'example_branch_labels' retrieved from /mnt/d/airflow/airflow_project/airflow_venv/lib/python3.12/site-packages/airflow/example_dags/example_branch_labels.py
[2026-04-29T10:01:26.607+0300] {logging_mixin.py:188} INFO - [2026-04-29T10:01:26.606+0300] {dag.py:3089} INFO - Sync 1 DAGs
[2026-04-29T10:01:26.642+0300] {logging_mixin.py:188} INFO - [2026-04-29T10:01:26.641+0300] {dag.py:3947} INFO - Setting next_dagrun for example_branch_labels to 2026-04-28 00:00:00+00:00, run_after=2026-04-29 00:00:00+00:00
[2026-04-29T10:01:26.748+0300] {processor.py:183} INFO - Processing /mnt/d/airflow/airflow_project/airflow_venv/lib/python3.12/site-packages/airflow/example_dags/example_branch_labels.py took 0.279 seconds
[2026-04-29T10:04:51.890+0300] {processor.py:161} INFO - Started process (PID=43712) to work on /mnt/d/airflow/airflow_project/airflow_venv/lib/python3.12/site-packages/airflow/example_dags/example_branch_labels.py
[2026-04-29T10:04:51.894+0300] {processor.py:830} INFO - Processing file /mnt/d/airflow/airflow_project/airflow_venv/lib/python3.12/site-packages/airflow/example_dags/example_branch_labels.py for tasks to queue
[2026-04-29T10:04:51.900+0300] {logging_mixin.py:188} INFO - [2026-04-29T10:04:51.898+0300] {dagbag.py:545} INFO - Filling up the DagBag from /mnt/d/airflow/airflow_project/airflow_venv/lib/python3.12/site-packages/airflow/example_dags/example_branch_labels.py
[2026-04-29T10:04:51.956+0300] {processor.py:840} INFO - DAG(s) 'example_branch_labels' retrieved from /mnt/d/airflow/airflow_project/airflow_venv/lib/python3.12/site-packages/airflow/example_dags/example_branch_labels.py
[2026-04-29T10:04:52.002+0300] {logging_mixin.py:188} INFO - [2026-04-29T10:04:52.001+0300] {dag.py:3089} INFO - Sync 1 DAGs
[2026-04-29T10:04:52.029+0300] {logging_mixin.py:188} INFO - [2026-04-29T10:04:52.028+0300] {dag.py:3947} INFO - Setting next_dagrun for example_branch_labels to 2026-04-28 00:00:00+00:00, run_after=2026-04-29 00:00:00+00:00
[2026-04-29T10:04:52.139+0300] {processor.py:183} INFO - Processing /mnt/d/airflow/airflow_project/airflow_venv/lib/python3.12/site-packages/airflow/example_dags/example_branch_labels.py took 0.283 seconds
[2026-04-29T10:07:05.677+0300] {processor.py:161} INFO - Started process (PID=44465) to work on /mnt/d/airflow/airflow_project/airflow_venv/lib/python3.12/site-packages/airflow/example_dags/example_branch_labels.py
[2026-04-29T10:07:05.680+0300] {processor.py:830} INFO - Processing file /mnt/d/airflow/airflow_project/airflow_venv/lib/python3.12/site-packages/airflow/example_dags/example_branch_labels.py for tasks to queue
[2026-04-29T10:07:05.686+0300] {logging_mixin.py:188} INFO - [2026-04-29T10:07:05.684+0300] {dagbag.py:545} INFO - Filling up the DagBag from /mnt/d/airflow/airflow_project/airflow_venv/lib/python3.12/site-packages/airflow/example_dags/example_branch_labels.py
[2026-04-29T10:07:05.761+0300] {processor.py:840} INFO - DAG(s) 'example_branch_labels' retrieved from /mnt/d/airflow/airflow_project/airflow_venv/lib/python3.12/site-packages/airflow/example_dags/example_branch_labels.py
[2026-04-29T10:07:05.817+0300] {logging_mixin.py:188} INFO - [2026-04-29T10:07:05.815+0300] {dag.py:3089} INFO - Sync 1 DAGs
[2026-04-29T10:07:06.017+0300] {logging_mixin.py:188} INFO - [2026-04-29T10:07:06.015+0300] {dag.py:3947} INFO - Setting next_dagrun for example_branch_labels to 2026-04-28 00:00:00+00:00, run_after=2026-04-29 00:00:00+00:00
[2026-04-29T10:07:06.195+0300] {processor.py:183} INFO - Processing /mnt/d/airflow/airflow_project/airflow_venv/lib/python3.12/site-packages/airflow/example_dags/example_branch_labels.py took 0.549 seconds
[2026-04-29T10:09:06.712+0300] {processor.py:161} INFO - Started process (PID=45144) to work on /mnt/d/airflow/airflow_project/airflow_venv/lib/python3.12/site-packages/airflow/example_dags/example_branch_labels.py
[2026-04-29T10:09:06.716+0300] {processor.py:830} INFO - Processing file /mnt/d/airflow/airflow_project/airflow_venv/lib/python3.12/site-packages/airflow/example_dags/example_branch_labels.py for tasks to queue
[2026-04-29T10:09:06.723+0300] {logging_mixin.py:188} INFO - [2026-04-29T10:09:06.721+0300] {dagbag.py:545} INFO - Filling up the DagBag from /mnt/d/airflow/airflow_project/airflow_venv/lib/python3.12/site-packages/airflow/example_dags/example_branch_labels.py
[2026-04-29T10:09:06.819+0300] {processor.py:840} INFO - DAG(s) 'example_branch_labels' retrieved from /mnt/d/airflow/airflow_project/airflow_venv/lib/python3.12/site-packages/airflow/example_dags/example_branch_labels.py
[2026-04-29T10:09:06.878+0300] {logging_mixin.py:188} INFO - [2026-04-29T10:09:06.875+0300] {dag.py:3089} INFO - Sync 1 DAGs
[2026-04-29T10:09:06.926+0300] {logging_mixin.py:188} INFO - [2026-04-29T10:09:06.924+0300] {dag.py:3947} INFO - Setting next_dagrun for example_branch_labels to 2026-04-28 00:00:00+00:00, run_after=2026-04-29 00:00:00+00:00
[2026-04-29T10:09:07.090+0300] {processor.py:183} INFO - Processing /mnt/d/airflow/airflow_project/airflow_venv/lib/python3.12/site-packages/airflow/example_dags/example_branch_labels.py took 0.409 seconds
[2026-04-29T10:11:21.388+0300] {processor.py:161} INFO - Started process (PID=45875) to work on /mnt/d/airflow/airflow_project/airflow_venv/lib/python3.12/site-packages/airflow/example_dags/example_branch_labels.py
[2026-04-29T10:11:21.393+0300] {processor.py:830} INFO - Processing file /mnt/d/airflow/airflow_project/airflow_venv/lib/python3.12/site-packages/airflow/example_dags/example_branch_labels.py for tasks to queue
[2026-04-29T10:11:21.402+0300] {logging_mixin.py:188} INFO - [2026-04-29T10:11:21.399+0300] {dagbag.py:545} INFO - Filling up the DagBag from /mnt/d/airflow/airflow_project/airflow_venv/lib/python3.12/site-packages/airflow/example_dags/example_branch_labels.py
[2026-04-29T10:11:21.516+0300] {processor.py:840} INFO - DAG(s) 'example_branch_labels' retrieved from /mnt/d/airflow/airflow_project/airflow_venv/lib/python3.12/site-packages/airflow/example_dags/example_branch_labels.py
[2026-04-29T10:11:21.584+0300] {logging_mixin.py:188} INFO - [2026-04-29T10:11:21.582+0300] {dag.py:3089} INFO - Sync 1 DAGs
[2026-04-29T10:11:21.627+0300] {logging_mixin.py:188} INFO - [2026-04-29T10:11:21.625+0300] {dag.py:3947} INFO - Setting next_dagrun for example_branch_labels to 2026-04-28 00:00:00+00:00, run_after=2026-04-29 00:00:00+00:00
[2026-04-29T10:11:21.751+0300] {processor.py:183} INFO - Processing /mnt/d/airflow/airflow_project/airflow_venv/lib/python3.12/site-packages/airflow/example_dags/example_branch_labels.py took 0.397 seconds
[2026-04-29T10:13:25.027+0300] {processor.py:161} INFO - Started process (PID=46576) to work on /mnt/d/airflow/airflow_project/airflow_venv/lib/python3.12/site-packages/airflow/example_dags/example_branch_labels.py
[2026-04-29T10:13:25.030+0300] {processor.py:830} INFO - Processing file /mnt/d/airflow/airflow_project/airflow_venv/lib/python3.12/site-packages/airflow/example_dags/example_branch_labels.py for tasks to queue
[2026-04-29T10:13:25.037+0300] {logging_mixin.py:188} INFO - [2026-04-29T10:13:25.035+0300] {dagbag.py:545} INFO - Filling up the DagBag from /mnt/d/airflow/airflow_project/airflow_venv/lib/python3.12/site-packages/airflow/example_dags/example_branch_labels.py
[2026-04-29T10:13:25.143+0300] {processor.py:840} INFO - DAG(s) 'example_branch_labels' retrieved from /mnt/d/airflow/airflow_project/airflow_venv/lib/python3.12/site-packages/airflow/example_dags/example_branch_labels.py
[2026-04-29T10:13:25.203+0300] {logging_mixin.py:188} INFO - [2026-04-29T10:13:25.201+0300] {dag.py:3089} INFO - Sync 1 DAGs
[2026-04-29T10:13:25.242+0300] {logging_mixin.py:188} INFO - [2026-04-29T10:13:25.240+0300] {dag.py:3947} INFO - Setting next_dagrun for example_branch_labels to 2026-04-28 00:00:00+00:00, run_after=2026-04-29 00:00:00+00:00
[2026-04-29T10:13:25.313+0300] {processor.py:183} INFO - Processing /mnt/d/airflow/airflow_project/airflow_venv/lib/python3.12/site-packages/airflow/example_dags/example_branch_labels.py took 0.315 seconds
