[2026-04-29T09:14:44.366+0300] {processor.py:161} INFO - Started process (PID=26367) to work on /mnt/d/airflow/airflow_project/airflow_venv/lib/python3.12/site-packages/airflow/example_dags/example_trigger_controller_dag.py
[2026-04-29T09:14:44.368+0300] {processor.py:830} INFO - Processing file /mnt/d/airflow/airflow_project/airflow_venv/lib/python3.12/site-packages/airflow/example_dags/example_trigger_controller_dag.py for tasks to queue
[2026-04-29T09:14:44.372+0300] {logging_mixin.py:188} INFO - [2026-04-29T09:14:44.371+0300] {dagbag.py:545} INFO - Filling up the DagBag from /mnt/d/airflow/airflow_project/airflow_venv/lib/python3.12/site-packages/airflow/example_dags/example_trigger_controller_dag.py
[2026-04-29T09:14:44.441+0300] {processor.py:840} INFO - DAG(s) 'example_trigger_controller_dag' retrieved from /mnt/d/airflow/airflow_project/airflow_venv/lib/python3.12/site-packages/airflow/example_dags/example_trigger_controller_dag.py
[2026-04-29T09:14:45.859+0300] {logging_mixin.py:188} INFO - [2026-04-29T09:14:45.857+0300] {override.py:1858} INFO - Created Permission View: can edit on DAG:example_trigger_controller_dag
[2026-04-29T09:14:45.902+0300] {logging_mixin.py:188} INFO - [2026-04-29T09:14:45.900+0300] {override.py:1858} INFO - Created Permission View: can delete on DAG:example_trigger_controller_dag
[2026-04-29T09:14:45.980+0300] {logging_mixin.py:188} INFO - [2026-04-29T09:14:45.978+0300] {override.py:1858} INFO - Created Permission View: can read on DAG:example_trigger_controller_dag
[2026-04-29T09:14:45.983+0300] {logging_mixin.py:188} INFO - [2026-04-29T09:14:45.981+0300] {dag.py:3089} INFO - Sync 1 DAGs
[2026-04-29T09:14:46.006+0300] {logging_mixin.py:188} INFO - [2026-04-29T09:14:46.005+0300] {dag.py:3111} INFO - Creating ORM DAG for example_trigger_controller_dag
[2026-04-29T09:14:46.024+0300] {logging_mixin.py:188} INFO - [2026-04-29T09:14:46.023+0300] {dag.py:3947} INFO - Setting next_dagrun for example_trigger_controller_dag to 2021-01-01 00:00:00+00:00, run_after=2021-01-01 00:00:00+00:00
[2026-04-29T09:14:46.120+0300] {processor.py:183} INFO - Processing /mnt/d/airflow/airflow_project/airflow_venv/lib/python3.12/site-packages/airflow/example_dags/example_trigger_controller_dag.py took 1.764 seconds
[2026-04-29T09:17:11.892+0300] {processor.py:161} INFO - Started process (PID=27198) to work on /mnt/d/airflow/airflow_project/airflow_venv/lib/python3.12/site-packages/airflow/example_dags/example_trigger_controller_dag.py
[2026-04-29T09:17:11.895+0300] {processor.py:830} INFO - Processing file /mnt/d/airflow/airflow_project/airflow_venv/lib/python3.12/site-packages/airflow/example_dags/example_trigger_controller_dag.py for tasks to queue
[2026-04-29T09:17:11.902+0300] {logging_mixin.py:188} INFO - [2026-04-29T09:17:11.899+0300] {dagbag.py:545} INFO - Filling up the DagBag from /mnt/d/airflow/airflow_project/airflow_venv/lib/python3.12/site-packages/airflow/example_dags/example_trigger_controller_dag.py
[2026-04-29T09:17:11.952+0300] {processor.py:840} INFO - DAG(s) 'example_trigger_controller_dag' retrieved from /mnt/d/airflow/airflow_project/airflow_venv/lib/python3.12/site-packages/airflow/example_dags/example_trigger_controller_dag.py
[2026-04-29T09:17:12.005+0300] {logging_mixin.py:188} INFO - [2026-04-29T09:17:12.003+0300] {dag.py:3089} INFO - Sync 1 DAGs
[2026-04-29T09:17:12.042+0300] {logging_mixin.py:188} INFO - [2026-04-29T09:17:12.040+0300] {dag.py:3947} INFO - Setting next_dagrun for example_trigger_controller_dag to 2021-01-01 00:00:00+00:00, run_after=2021-01-01 00:00:00+00:00
[2026-04-29T09:17:12.220+0300] {processor.py:183} INFO - Processing /mnt/d/airflow/airflow_project/airflow_venv/lib/python3.12/site-packages/airflow/example_dags/example_trigger_controller_dag.py took 0.353 seconds
[2026-04-29T09:18:23.984+0300] {processor.py:161} INFO - Started process (PID=27639) to work on /mnt/d/airflow/airflow_project/airflow_venv/lib/python3.12/site-packages/airflow/example_dags/example_trigger_controller_dag.py
[2026-04-29T09:18:23.988+0300] {processor.py:830} INFO - Processing file /mnt/d/airflow/airflow_project/airflow_venv/lib/python3.12/site-packages/airflow/example_dags/example_trigger_controller_dag.py for tasks to queue
[2026-04-29T09:18:23.994+0300] {logging_mixin.py:188} INFO - [2026-04-29T09:18:23.992+0300] {dagbag.py:545} INFO - Filling up the DagBag from /mnt/d/airflow/airflow_project/airflow_venv/lib/python3.12/site-packages/airflow/example_dags/example_trigger_controller_dag.py
[2026-04-29T09:18:24.067+0300] {processor.py:840} INFO - DAG(s) 'example_trigger_controller_dag' retrieved from /mnt/d/airflow/airflow_project/airflow_venv/lib/python3.12/site-packages/airflow/example_dags/example_trigger_controller_dag.py
[2026-04-29T09:18:24.127+0300] {logging_mixin.py:188} INFO - [2026-04-29T09:18:24.124+0300] {dag.py:3089} INFO - Sync 1 DAGs
[2026-04-29T09:18:24.168+0300] {logging_mixin.py:188} INFO - [2026-04-29T09:18:24.164+0300] {dag.py:3947} INFO - Setting next_dagrun for example_trigger_controller_dag to 2021-01-01 00:00:00+00:00, run_after=2021-01-01 00:00:00+00:00
[2026-04-29T09:18:24.315+0300] {processor.py:183} INFO - Processing /mnt/d/airflow/airflow_project/airflow_venv/lib/python3.12/site-packages/airflow/example_dags/example_trigger_controller_dag.py took 0.365 seconds
[2026-04-29T09:19:30.074+0300] {processor.py:161} INFO - Started process (PID=28038) to work on /mnt/d/airflow/airflow_project/airflow_venv/lib/python3.12/site-packages/airflow/example_dags/example_trigger_controller_dag.py
[2026-04-29T09:19:30.078+0300] {processor.py:830} INFO - Processing file /mnt/d/airflow/airflow_project/airflow_venv/lib/python3.12/site-packages/airflow/example_dags/example_trigger_controller_dag.py for tasks to queue
[2026-04-29T09:19:30.086+0300] {logging_mixin.py:188} INFO - [2026-04-29T09:19:30.083+0300] {dagbag.py:545} INFO - Filling up the DagBag from /mnt/d/airflow/airflow_project/airflow_venv/lib/python3.12/site-packages/airflow/example_dags/example_trigger_controller_dag.py
[2026-04-29T09:19:30.169+0300] {processor.py:840} INFO - DAG(s) 'example_trigger_controller_dag' retrieved from /mnt/d/airflow/airflow_project/airflow_venv/lib/python3.12/site-packages/airflow/example_dags/example_trigger_controller_dag.py
[2026-04-29T09:19:30.244+0300] {logging_mixin.py:188} INFO - [2026-04-29T09:19:30.241+0300] {dag.py:3089} INFO - Sync 1 DAGs
[2026-04-29T09:19:30.294+0300] {logging_mixin.py:188} INFO - [2026-04-29T09:19:30.291+0300] {dag.py:3947} INFO - Setting next_dagrun for example_trigger_controller_dag to 2021-01-01 00:00:00+00:00, run_after=2021-01-01 00:00:00+00:00
[2026-04-29T09:19:30.485+0300] {processor.py:183} INFO - Processing /mnt/d/airflow/airflow_project/airflow_venv/lib/python3.12/site-packages/airflow/example_dags/example_trigger_controller_dag.py took 0.447 seconds
[2026-04-29T09:20:44.250+0300] {processor.py:161} INFO - Started process (PID=28457) to work on /mnt/d/airflow/airflow_project/airflow_venv/lib/python3.12/site-packages/airflow/example_dags/example_trigger_controller_dag.py
[2026-04-29T09:20:44.252+0300] {processor.py:830} INFO - Processing file /mnt/d/airflow/airflow_project/airflow_venv/lib/python3.12/site-packages/airflow/example_dags/example_trigger_controller_dag.py for tasks to queue
[2026-04-29T09:20:44.257+0300] {logging_mixin.py:188} INFO - [2026-04-29T09:20:44.255+0300] {dagbag.py:545} INFO - Filling up the DagBag from /mnt/d/airflow/airflow_project/airflow_venv/lib/python3.12/site-packages/airflow/example_dags/example_trigger_controller_dag.py
[2026-04-29T09:20:44.299+0300] {processor.py:840} INFO - DAG(s) 'example_trigger_controller_dag' retrieved from /mnt/d/airflow/airflow_project/airflow_venv/lib/python3.12/site-packages/airflow/example_dags/example_trigger_controller_dag.py
[2026-04-29T09:20:44.336+0300] {logging_mixin.py:188} INFO - [2026-04-29T09:20:44.335+0300] {dag.py:3089} INFO - Sync 1 DAGs
[2026-04-29T09:20:44.368+0300] {logging_mixin.py:188} INFO - [2026-04-29T09:20:44.366+0300] {dag.py:3947} INFO - Setting next_dagrun for example_trigger_controller_dag to 2021-01-01 00:00:00+00:00, run_after=2021-01-01 00:00:00+00:00
[2026-04-29T09:20:44.560+0300] {processor.py:183} INFO - Processing /mnt/d/airflow/airflow_project/airflow_venv/lib/python3.12/site-packages/airflow/example_dags/example_trigger_controller_dag.py took 0.329 seconds
[2026-04-29T09:21:50.556+0300] {processor.py:161} INFO - Started process (PID=28835) to work on /mnt/d/airflow/airflow_project/airflow_venv/lib/python3.12/site-packages/airflow/example_dags/example_trigger_controller_dag.py
[2026-04-29T09:21:50.560+0300] {processor.py:830} INFO - Processing file /mnt/d/airflow/airflow_project/airflow_venv/lib/python3.12/site-packages/airflow/example_dags/example_trigger_controller_dag.py for tasks to queue
[2026-04-29T09:21:50.566+0300] {logging_mixin.py:188} INFO - [2026-04-29T09:21:50.564+0300] {dagbag.py:545} INFO - Filling up the DagBag from /mnt/d/airflow/airflow_project/airflow_venv/lib/python3.12/site-packages/airflow/example_dags/example_trigger_controller_dag.py
[2026-04-29T09:21:50.610+0300] {processor.py:840} INFO - DAG(s) 'example_trigger_controller_dag' retrieved from /mnt/d/airflow/airflow_project/airflow_venv/lib/python3.12/site-packages/airflow/example_dags/example_trigger_controller_dag.py
[2026-04-29T09:21:50.667+0300] {logging_mixin.py:188} INFO - [2026-04-29T09:21:50.665+0300] {dag.py:3089} INFO - Sync 1 DAGs
[2026-04-29T09:21:50.701+0300] {logging_mixin.py:188} INFO - [2026-04-29T09:21:50.699+0300] {dag.py:3947} INFO - Setting next_dagrun for example_trigger_controller_dag to 2021-01-01 00:00:00+00:00, run_after=2021-01-01 00:00:00+00:00
[2026-04-29T09:21:50.886+0300] {processor.py:183} INFO - Processing /mnt/d/airflow/airflow_project/airflow_venv/lib/python3.12/site-packages/airflow/example_dags/example_trigger_controller_dag.py took 0.359 seconds
[2026-04-29T09:22:47.190+0300] {processor.py:161} INFO - Started process (PID=29181) to work on /mnt/d/airflow/airflow_project/airflow_venv/lib/python3.12/site-packages/airflow/example_dags/example_trigger_controller_dag.py
[2026-04-29T09:22:47.192+0300] {processor.py:830} INFO - Processing file /mnt/d/airflow/airflow_project/airflow_venv/lib/python3.12/site-packages/airflow/example_dags/example_trigger_controller_dag.py for tasks to queue
[2026-04-29T09:22:47.198+0300] {logging_mixin.py:188} INFO - [2026-04-29T09:22:47.195+0300] {dagbag.py:545} INFO - Filling up the DagBag from /mnt/d/airflow/airflow_project/airflow_venv/lib/python3.12/site-packages/airflow/example_dags/example_trigger_controller_dag.py
[2026-04-29T09:22:47.262+0300] {processor.py:840} INFO - DAG(s) 'example_trigger_controller_dag' retrieved from /mnt/d/airflow/airflow_project/airflow_venv/lib/python3.12/site-packages/airflow/example_dags/example_trigger_controller_dag.py
[2026-04-29T09:22:47.328+0300] {logging_mixin.py:188} INFO - [2026-04-29T09:22:47.325+0300] {dag.py:3089} INFO - Sync 1 DAGs
[2026-04-29T09:22:47.371+0300] {logging_mixin.py:188} INFO - [2026-04-29T09:22:47.368+0300] {dag.py:3947} INFO - Setting next_dagrun for example_trigger_controller_dag to 2021-01-01 00:00:00+00:00, run_after=2021-01-01 00:00:00+00:00
[2026-04-29T09:22:47.613+0300] {processor.py:183} INFO - Processing /mnt/d/airflow/airflow_project/airflow_venv/lib/python3.12/site-packages/airflow/example_dags/example_trigger_controller_dag.py took 0.451 seconds
[2026-04-29T09:23:46.694+0300] {processor.py:161} INFO - Started process (PID=29516) to work on /mnt/d/airflow/airflow_project/airflow_venv/lib/python3.12/site-packages/airflow/example_dags/example_trigger_controller_dag.py
[2026-04-29T09:23:46.698+0300] {processor.py:830} INFO - Processing file /mnt/d/airflow/airflow_project/airflow_venv/lib/python3.12/site-packages/airflow/example_dags/example_trigger_controller_dag.py for tasks to queue
[2026-04-29T09:23:46.705+0300] {logging_mixin.py:188} INFO - [2026-04-29T09:23:46.703+0300] {dagbag.py:545} INFO - Filling up the DagBag from /mnt/d/airflow/airflow_project/airflow_venv/lib/python3.12/site-packages/airflow/example_dags/example_trigger_controller_dag.py
[2026-04-29T09:23:46.775+0300] {processor.py:840} INFO - DAG(s) 'example_trigger_controller_dag' retrieved from /mnt/d/airflow/airflow_project/airflow_venv/lib/python3.12/site-packages/airflow/example_dags/example_trigger_controller_dag.py
[2026-04-29T09:23:46.845+0300] {logging_mixin.py:188} INFO - [2026-04-29T09:23:46.842+0300] {dag.py:3089} INFO - Sync 1 DAGs
[2026-04-29T09:23:46.905+0300] {logging_mixin.py:188} INFO - [2026-04-29T09:23:46.902+0300] {dag.py:3947} INFO - Setting next_dagrun for example_trigger_controller_dag to 2021-01-01 00:00:00+00:00, run_after=2021-01-01 00:00:00+00:00
[2026-04-29T09:23:47.111+0300] {processor.py:183} INFO - Processing /mnt/d/airflow/airflow_project/airflow_venv/lib/python3.12/site-packages/airflow/example_dags/example_trigger_controller_dag.py took 0.449 seconds
[2026-04-29T09:24:57.857+0300] {processor.py:161} INFO - Started process (PID=29917) to work on /mnt/d/airflow/airflow_project/airflow_venv/lib/python3.12/site-packages/airflow/example_dags/example_trigger_controller_dag.py
[2026-04-29T09:24:57.862+0300] {processor.py:830} INFO - Processing file /mnt/d/airflow/airflow_project/airflow_venv/lib/python3.12/site-packages/airflow/example_dags/example_trigger_controller_dag.py for tasks to queue
[2026-04-29T09:24:57.870+0300] {logging_mixin.py:188} INFO - [2026-04-29T09:24:57.866+0300] {dagbag.py:545} INFO - Filling up the DagBag from /mnt/d/airflow/airflow_project/airflow_venv/lib/python3.12/site-packages/airflow/example_dags/example_trigger_controller_dag.py
[2026-04-29T09:24:57.954+0300] {processor.py:840} INFO - DAG(s) 'example_trigger_controller_dag' retrieved from /mnt/d/airflow/airflow_project/airflow_venv/lib/python3.12/site-packages/airflow/example_dags/example_trigger_controller_dag.py
[2026-04-29T09:24:58.027+0300] {logging_mixin.py:188} INFO - [2026-04-29T09:24:58.024+0300] {dag.py:3089} INFO - Sync 1 DAGs
[2026-04-29T09:24:58.074+0300] {logging_mixin.py:188} INFO - [2026-04-29T09:24:58.071+0300] {dag.py:3947} INFO - Setting next_dagrun for example_trigger_controller_dag to 2021-01-01 00:00:00+00:00, run_after=2021-01-01 00:00:00+00:00
[2026-04-29T09:24:58.235+0300] {processor.py:183} INFO - Processing /mnt/d/airflow/airflow_project/airflow_venv/lib/python3.12/site-packages/airflow/example_dags/example_trigger_controller_dag.py took 0.410 seconds
[2026-04-29T09:26:08.062+0300] {processor.py:161} INFO - Started process (PID=30306) to work on /mnt/d/airflow/airflow_project/airflow_venv/lib/python3.12/site-packages/airflow/example_dags/example_trigger_controller_dag.py
[2026-04-29T09:26:08.067+0300] {processor.py:830} INFO - Processing file /mnt/d/airflow/airflow_project/airflow_venv/lib/python3.12/site-packages/airflow/example_dags/example_trigger_controller_dag.py for tasks to queue
[2026-04-29T09:26:08.075+0300] {logging_mixin.py:188} INFO - [2026-04-29T09:26:08.071+0300] {dagbag.py:545} INFO - Filling up the DagBag from /mnt/d/airflow/airflow_project/airflow_venv/lib/python3.12/site-packages/airflow/example_dags/example_trigger_controller_dag.py
[2026-04-29T09:26:08.150+0300] {processor.py:840} INFO - DAG(s) 'example_trigger_controller_dag' retrieved from /mnt/d/airflow/airflow_project/airflow_venv/lib/python3.12/site-packages/airflow/example_dags/example_trigger_controller_dag.py
[2026-04-29T09:26:08.221+0300] {logging_mixin.py:188} INFO - [2026-04-29T09:26:08.218+0300] {dag.py:3089} INFO - Sync 1 DAGs
[2026-04-29T09:26:08.269+0300] {logging_mixin.py:188} INFO - [2026-04-29T09:26:08.266+0300] {dag.py:3947} INFO - Setting next_dagrun for example_trigger_controller_dag to 2021-01-01 00:00:00+00:00, run_after=2021-01-01 00:00:00+00:00
[2026-04-29T09:26:08.468+0300] {processor.py:183} INFO - Processing /mnt/d/airflow/airflow_project/airflow_venv/lib/python3.12/site-packages/airflow/example_dags/example_trigger_controller_dag.py took 0.436 seconds
[2026-04-29T09:27:20.912+0300] {processor.py:161} INFO - Started process (PID=30715) to work on /mnt/d/airflow/airflow_project/airflow_venv/lib/python3.12/site-packages/airflow/example_dags/example_trigger_controller_dag.py
[2026-04-29T09:27:20.917+0300] {processor.py:830} INFO - Processing file /mnt/d/airflow/airflow_project/airflow_venv/lib/python3.12/site-packages/airflow/example_dags/example_trigger_controller_dag.py for tasks to queue
[2026-04-29T09:27:20.925+0300] {logging_mixin.py:188} INFO - [2026-04-29T09:27:20.922+0300] {dagbag.py:545} INFO - Filling up the DagBag from /mnt/d/airflow/airflow_project/airflow_venv/lib/python3.12/site-packages/airflow/example_dags/example_trigger_controller_dag.py
[2026-04-29T09:27:20.995+0300] {processor.py:840} INFO - DAG(s) 'example_trigger_controller_dag' retrieved from /mnt/d/airflow/airflow_project/airflow_venv/lib/python3.12/site-packages/airflow/example_dags/example_trigger_controller_dag.py
[2026-04-29T09:27:21.082+0300] {logging_mixin.py:188} INFO - [2026-04-29T09:27:21.080+0300] {dag.py:3089} INFO - Sync 1 DAGs
[2026-04-29T09:27:21.150+0300] {logging_mixin.py:188} INFO - [2026-04-29T09:27:21.148+0300] {dag.py:3947} INFO - Setting next_dagrun for example_trigger_controller_dag to 2021-01-01 00:00:00+00:00, run_after=2021-01-01 00:00:00+00:00
[2026-04-29T09:27:21.368+0300] {processor.py:183} INFO - Processing /mnt/d/airflow/airflow_project/airflow_venv/lib/python3.12/site-packages/airflow/example_dags/example_trigger_controller_dag.py took 0.484 seconds
[2026-04-29T09:28:37.089+0300] {processor.py:161} INFO - Started process (PID=31152) to work on /mnt/d/airflow/airflow_project/airflow_venv/lib/python3.12/site-packages/airflow/example_dags/example_trigger_controller_dag.py
[2026-04-29T09:28:37.092+0300] {processor.py:830} INFO - Processing file /mnt/d/airflow/airflow_project/airflow_venv/lib/python3.12/site-packages/airflow/example_dags/example_trigger_controller_dag.py for tasks to queue
[2026-04-29T09:28:37.096+0300] {logging_mixin.py:188} INFO - [2026-04-29T09:28:37.094+0300] {dagbag.py:545} INFO - Filling up the DagBag from /mnt/d/airflow/airflow_project/airflow_venv/lib/python3.12/site-packages/airflow/example_dags/example_trigger_controller_dag.py
[2026-04-29T09:28:37.133+0300] {processor.py:840} INFO - DAG(s) 'example_trigger_controller_dag' retrieved from /mnt/d/airflow/airflow_project/airflow_venv/lib/python3.12/site-packages/airflow/example_dags/example_trigger_controller_dag.py
[2026-04-29T09:28:37.178+0300] {logging_mixin.py:188} INFO - [2026-04-29T09:28:37.176+0300] {dag.py:3089} INFO - Sync 1 DAGs
[2026-04-29T09:28:37.212+0300] {logging_mixin.py:188} INFO - [2026-04-29T09:28:37.210+0300] {dag.py:3947} INFO - Setting next_dagrun for example_trigger_controller_dag to 2021-01-01 00:00:00+00:00, run_after=2021-01-01 00:00:00+00:00
[2026-04-29T09:28:37.341+0300] {processor.py:183} INFO - Processing /mnt/d/airflow/airflow_project/airflow_venv/lib/python3.12/site-packages/airflow/example_dags/example_trigger_controller_dag.py took 0.269 seconds
[2026-04-29T09:30:04.420+0300] {processor.py:161} INFO - Started process (PID=31671) to work on /mnt/d/airflow/airflow_project/airflow_venv/lib/python3.12/site-packages/airflow/example_dags/example_trigger_controller_dag.py
[2026-04-29T09:30:04.424+0300] {processor.py:830} INFO - Processing file /mnt/d/airflow/airflow_project/airflow_venv/lib/python3.12/site-packages/airflow/example_dags/example_trigger_controller_dag.py for tasks to queue
[2026-04-29T09:30:04.432+0300] {logging_mixin.py:188} INFO - [2026-04-29T09:30:04.429+0300] {dagbag.py:545} INFO - Filling up the DagBag from /mnt/d/airflow/airflow_project/airflow_venv/lib/python3.12/site-packages/airflow/example_dags/example_trigger_controller_dag.py
[2026-04-29T09:30:04.505+0300] {processor.py:840} INFO - DAG(s) 'example_trigger_controller_dag' retrieved from /mnt/d/airflow/airflow_project/airflow_venv/lib/python3.12/site-packages/airflow/example_dags/example_trigger_controller_dag.py
[2026-04-29T09:30:04.585+0300] {logging_mixin.py:188} INFO - [2026-04-29T09:30:04.582+0300] {dag.py:3089} INFO - Sync 1 DAGs
[2026-04-29T09:30:04.631+0300] {logging_mixin.py:188} INFO - [2026-04-29T09:30:04.629+0300] {dag.py:3947} INFO - Setting next_dagrun for example_trigger_controller_dag to 2021-01-01 00:00:00+00:00, run_after=2021-01-01 00:00:00+00:00
[2026-04-29T09:30:04.810+0300] {processor.py:183} INFO - Processing /mnt/d/airflow/airflow_project/airflow_venv/lib/python3.12/site-packages/airflow/example_dags/example_trigger_controller_dag.py took 0.423 seconds
[2026-04-29T09:31:29.096+0300] {processor.py:161} INFO - Started process (PID=32172) to work on /mnt/d/airflow/airflow_project/airflow_venv/lib/python3.12/site-packages/airflow/example_dags/example_trigger_controller_dag.py
[2026-04-29T09:31:29.099+0300] {processor.py:830} INFO - Processing file /mnt/d/airflow/airflow_project/airflow_venv/lib/python3.12/site-packages/airflow/example_dags/example_trigger_controller_dag.py for tasks to queue
[2026-04-29T09:31:29.104+0300] {logging_mixin.py:188} INFO - [2026-04-29T09:31:29.102+0300] {dagbag.py:545} INFO - Filling up the DagBag from /mnt/d/airflow/airflow_project/airflow_venv/lib/python3.12/site-packages/airflow/example_dags/example_trigger_controller_dag.py
[2026-04-29T09:31:29.150+0300] {processor.py:840} INFO - DAG(s) 'example_trigger_controller_dag' retrieved from /mnt/d/airflow/airflow_project/airflow_venv/lib/python3.12/site-packages/airflow/example_dags/example_trigger_controller_dag.py
[2026-04-29T09:31:29.187+0300] {logging_mixin.py:188} INFO - [2026-04-29T09:31:29.186+0300] {dag.py:3089} INFO - Sync 1 DAGs
[2026-04-29T09:31:29.209+0300] {logging_mixin.py:188} INFO - [2026-04-29T09:31:29.208+0300] {dag.py:3947} INFO - Setting next_dagrun for example_trigger_controller_dag to 2021-01-01 00:00:00+00:00, run_after=2021-01-01 00:00:00+00:00
[2026-04-29T09:31:29.412+0300] {processor.py:183} INFO - Processing /mnt/d/airflow/airflow_project/airflow_venv/lib/python3.12/site-packages/airflow/example_dags/example_trigger_controller_dag.py took 0.339 seconds
[2026-04-29T09:32:36.457+0300] {processor.py:161} INFO - Started process (PID=32574) to work on /mnt/d/airflow/airflow_project/airflow_venv/lib/python3.12/site-packages/airflow/example_dags/example_trigger_controller_dag.py
[2026-04-29T09:32:36.458+0300] {processor.py:830} INFO - Processing file /mnt/d/airflow/airflow_project/airflow_venv/lib/python3.12/site-packages/airflow/example_dags/example_trigger_controller_dag.py for tasks to queue
[2026-04-29T09:32:36.473+0300] {logging_mixin.py:188} INFO - [2026-04-29T09:32:36.462+0300] {dagbag.py:545} INFO - Filling up the DagBag from /mnt/d/airflow/airflow_project/airflow_venv/lib/python3.12/site-packages/airflow/example_dags/example_trigger_controller_dag.py
[2026-04-29T09:32:36.567+0300] {processor.py:840} INFO - DAG(s) 'example_trigger_controller_dag' retrieved from /mnt/d/airflow/airflow_project/airflow_venv/lib/python3.12/site-packages/airflow/example_dags/example_trigger_controller_dag.py
[2026-04-29T09:32:36.646+0300] {logging_mixin.py:188} INFO - [2026-04-29T09:32:36.644+0300] {dag.py:3089} INFO - Sync 1 DAGs
[2026-04-29T09:32:36.687+0300] {logging_mixin.py:188} INFO - [2026-04-29T09:32:36.683+0300] {dag.py:3947} INFO - Setting next_dagrun for example_trigger_controller_dag to 2021-01-01 00:00:00+00:00, run_after=2021-01-01 00:00:00+00:00
[2026-04-29T09:32:36.871+0300] {processor.py:183} INFO - Processing /mnt/d/airflow/airflow_project/airflow_venv/lib/python3.12/site-packages/airflow/example_dags/example_trigger_controller_dag.py took 0.429 seconds
[2026-04-29T09:33:46.850+0300] {processor.py:161} INFO - Started process (PID=32999) to work on /mnt/d/airflow/airflow_project/airflow_venv/lib/python3.12/site-packages/airflow/example_dags/example_trigger_controller_dag.py
[2026-04-29T09:33:46.853+0300] {processor.py:830} INFO - Processing file /mnt/d/airflow/airflow_project/airflow_venv/lib/python3.12/site-packages/airflow/example_dags/example_trigger_controller_dag.py for tasks to queue
[2026-04-29T09:33:46.859+0300] {logging_mixin.py:188} INFO - [2026-04-29T09:33:46.857+0300] {dagbag.py:545} INFO - Filling up the DagBag from /mnt/d/airflow/airflow_project/airflow_venv/lib/python3.12/site-packages/airflow/example_dags/example_trigger_controller_dag.py
[2026-04-29T09:33:46.910+0300] {processor.py:840} INFO - DAG(s) 'example_trigger_controller_dag' retrieved from /mnt/d/airflow/airflow_project/airflow_venv/lib/python3.12/site-packages/airflow/example_dags/example_trigger_controller_dag.py
[2026-04-29T09:33:46.956+0300] {logging_mixin.py:188} INFO - [2026-04-29T09:33:46.954+0300] {dag.py:3089} INFO - Sync 1 DAGs
[2026-04-29T09:33:46.989+0300] {logging_mixin.py:188} INFO - [2026-04-29T09:33:46.988+0300] {dag.py:3947} INFO - Setting next_dagrun for example_trigger_controller_dag to 2021-01-01 00:00:00+00:00, run_after=2021-01-01 00:00:00+00:00
[2026-04-29T09:33:47.227+0300] {processor.py:183} INFO - Processing /mnt/d/airflow/airflow_project/airflow_venv/lib/python3.12/site-packages/airflow/example_dags/example_trigger_controller_dag.py took 0.396 seconds
[2026-04-29T09:34:59.518+0300] {processor.py:161} INFO - Started process (PID=33408) to work on /mnt/d/airflow/airflow_project/airflow_venv/lib/python3.12/site-packages/airflow/example_dags/example_trigger_controller_dag.py
[2026-04-29T09:34:59.524+0300] {processor.py:830} INFO - Processing file /mnt/d/airflow/airflow_project/airflow_venv/lib/python3.12/site-packages/airflow/example_dags/example_trigger_controller_dag.py for tasks to queue
[2026-04-29T09:34:59.537+0300] {logging_mixin.py:188} INFO - [2026-04-29T09:34:59.531+0300] {dagbag.py:545} INFO - Filling up the DagBag from /mnt/d/airflow/airflow_project/airflow_venv/lib/python3.12/site-packages/airflow/example_dags/example_trigger_controller_dag.py
[2026-04-29T09:34:59.615+0300] {processor.py:840} INFO - DAG(s) 'example_trigger_controller_dag' retrieved from /mnt/d/airflow/airflow_project/airflow_venv/lib/python3.12/site-packages/airflow/example_dags/example_trigger_controller_dag.py
[2026-04-29T09:34:59.711+0300] {logging_mixin.py:188} INFO - [2026-04-29T09:34:59.708+0300] {dag.py:3089} INFO - Sync 1 DAGs
[2026-04-29T09:34:59.788+0300] {logging_mixin.py:188} INFO - [2026-04-29T09:34:59.784+0300] {dag.py:3947} INFO - Setting next_dagrun for example_trigger_controller_dag to 2021-01-01 00:00:00+00:00, run_after=2021-01-01 00:00:00+00:00
[2026-04-29T09:34:59.922+0300] {processor.py:183} INFO - Processing /mnt/d/airflow/airflow_project/airflow_venv/lib/python3.12/site-packages/airflow/example_dags/example_trigger_controller_dag.py took 0.426 seconds
[2026-04-29T09:36:03.954+0300] {processor.py:161} INFO - Started process (PID=33819) to work on /mnt/d/airflow/airflow_project/airflow_venv/lib/python3.12/site-packages/airflow/example_dags/example_trigger_controller_dag.py
[2026-04-29T09:36:03.958+0300] {processor.py:830} INFO - Processing file /mnt/d/airflow/airflow_project/airflow_venv/lib/python3.12/site-packages/airflow/example_dags/example_trigger_controller_dag.py for tasks to queue
[2026-04-29T09:36:03.963+0300] {logging_mixin.py:188} INFO - [2026-04-29T09:36:03.961+0300] {dagbag.py:545} INFO - Filling up the DagBag from /mnt/d/airflow/airflow_project/airflow_venv/lib/python3.12/site-packages/airflow/example_dags/example_trigger_controller_dag.py
[2026-04-29T09:36:04.020+0300] {processor.py:840} INFO - DAG(s) 'example_trigger_controller_dag' retrieved from /mnt/d/airflow/airflow_project/airflow_venv/lib/python3.12/site-packages/airflow/example_dags/example_trigger_controller_dag.py
[2026-04-29T09:36:04.085+0300] {logging_mixin.py:188} INFO - [2026-04-29T09:36:04.082+0300] {dag.py:3089} INFO - Sync 1 DAGs
[2026-04-29T09:36:04.136+0300] {logging_mixin.py:188} INFO - [2026-04-29T09:36:04.132+0300] {dag.py:3947} INFO - Setting next_dagrun for example_trigger_controller_dag to 2021-01-01 00:00:00+00:00, run_after=2021-01-01 00:00:00+00:00
[2026-04-29T09:36:04.258+0300] {processor.py:183} INFO - Processing /mnt/d/airflow/airflow_project/airflow_venv/lib/python3.12/site-packages/airflow/example_dags/example_trigger_controller_dag.py took 0.330 seconds
[2026-04-29T09:37:03.659+0300] {processor.py:161} INFO - Started process (PID=34157) to work on /mnt/d/airflow/airflow_project/airflow_venv/lib/python3.12/site-packages/airflow/example_dags/example_trigger_controller_dag.py
[2026-04-29T09:37:03.661+0300] {processor.py:830} INFO - Processing file /mnt/d/airflow/airflow_project/airflow_venv/lib/python3.12/site-packages/airflow/example_dags/example_trigger_controller_dag.py for tasks to queue
[2026-04-29T09:37:03.665+0300] {logging_mixin.py:188} INFO - [2026-04-29T09:37:03.664+0300] {dagbag.py:545} INFO - Filling up the DagBag from /mnt/d/airflow/airflow_project/airflow_venv/lib/python3.12/site-packages/airflow/example_dags/example_trigger_controller_dag.py
[2026-04-29T09:37:03.686+0300] {processor.py:840} INFO - DAG(s) 'example_trigger_controller_dag' retrieved from /mnt/d/airflow/airflow_project/airflow_venv/lib/python3.12/site-packages/airflow/example_dags/example_trigger_controller_dag.py
[2026-04-29T09:37:03.717+0300] {logging_mixin.py:188} INFO - [2026-04-29T09:37:03.716+0300] {dag.py:3089} INFO - Sync 1 DAGs
[2026-04-29T09:37:03.746+0300] {logging_mixin.py:188} INFO - [2026-04-29T09:37:03.745+0300] {dag.py:3947} INFO - Setting next_dagrun for example_trigger_controller_dag to 2021-01-01 00:00:00+00:00, run_after=2021-01-01 00:00:00+00:00
[2026-04-29T09:37:03.859+0300] {processor.py:183} INFO - Processing /mnt/d/airflow/airflow_project/airflow_venv/lib/python3.12/site-packages/airflow/example_dags/example_trigger_controller_dag.py took 0.212 seconds
[2026-04-29T09:38:03.315+0300] {processor.py:161} INFO - Started process (PID=34544) to work on /mnt/d/airflow/airflow_project/airflow_venv/lib/python3.12/site-packages/airflow/example_dags/example_trigger_controller_dag.py
[2026-04-29T09:38:03.320+0300] {processor.py:830} INFO - Processing file /mnt/d/airflow/airflow_project/airflow_venv/lib/python3.12/site-packages/airflow/example_dags/example_trigger_controller_dag.py for tasks to queue
[2026-04-29T09:38:03.332+0300] {logging_mixin.py:188} INFO - [2026-04-29T09:38:03.328+0300] {dagbag.py:545} INFO - Filling up the DagBag from /mnt/d/airflow/airflow_project/airflow_venv/lib/python3.12/site-packages/airflow/example_dags/example_trigger_controller_dag.py
[2026-04-29T09:38:03.424+0300] {processor.py:840} INFO - DAG(s) 'example_trigger_controller_dag' retrieved from /mnt/d/airflow/airflow_project/airflow_venv/lib/python3.12/site-packages/airflow/example_dags/example_trigger_controller_dag.py
[2026-04-29T09:38:03.488+0300] {logging_mixin.py:188} INFO - [2026-04-29T09:38:03.485+0300] {dag.py:3089} INFO - Sync 1 DAGs
[2026-04-29T09:38:03.539+0300] {logging_mixin.py:188} INFO - [2026-04-29T09:38:03.534+0300] {dag.py:3947} INFO - Setting next_dagrun for example_trigger_controller_dag to 2021-01-01 00:00:00+00:00, run_after=2021-01-01 00:00:00+00:00
[2026-04-29T09:38:03.743+0300] {processor.py:183} INFO - Processing /mnt/d/airflow/airflow_project/airflow_venv/lib/python3.12/site-packages/airflow/example_dags/example_trigger_controller_dag.py took 0.458 seconds
[2026-04-29T09:39:11.574+0300] {processor.py:161} INFO - Started process (PID=34958) to work on /mnt/d/airflow/airflow_project/airflow_venv/lib/python3.12/site-packages/airflow/example_dags/example_trigger_controller_dag.py
[2026-04-29T09:39:11.576+0300] {processor.py:830} INFO - Processing file /mnt/d/airflow/airflow_project/airflow_venv/lib/python3.12/site-packages/airflow/example_dags/example_trigger_controller_dag.py for tasks to queue
[2026-04-29T09:39:11.581+0300] {logging_mixin.py:188} INFO - [2026-04-29T09:39:11.579+0300] {dagbag.py:545} INFO - Filling up the DagBag from /mnt/d/airflow/airflow_project/airflow_venv/lib/python3.12/site-packages/airflow/example_dags/example_trigger_controller_dag.py
[2026-04-29T09:39:11.619+0300] {processor.py:840} INFO - DAG(s) 'example_trigger_controller_dag' retrieved from /mnt/d/airflow/airflow_project/airflow_venv/lib/python3.12/site-packages/airflow/example_dags/example_trigger_controller_dag.py
[2026-04-29T09:39:11.654+0300] {logging_mixin.py:188} INFO - [2026-04-29T09:39:11.654+0300] {dag.py:3089} INFO - Sync 1 DAGs
[2026-04-29T09:39:11.684+0300] {logging_mixin.py:188} INFO - [2026-04-29T09:39:11.683+0300] {dag.py:3947} INFO - Setting next_dagrun for example_trigger_controller_dag to 2021-01-01 00:00:00+00:00, run_after=2021-01-01 00:00:00+00:00
[2026-04-29T09:39:11.833+0300] {processor.py:183} INFO - Processing /mnt/d/airflow/airflow_project/airflow_venv/lib/python3.12/site-packages/airflow/example_dags/example_trigger_controller_dag.py took 0.277 seconds
[2026-04-29T09:40:13.232+0300] {processor.py:161} INFO - Started process (PID=35316) to work on /mnt/d/airflow/airflow_project/airflow_venv/lib/python3.12/site-packages/airflow/example_dags/example_trigger_controller_dag.py
[2026-04-29T09:40:13.236+0300] {processor.py:830} INFO - Processing file /mnt/d/airflow/airflow_project/airflow_venv/lib/python3.12/site-packages/airflow/example_dags/example_trigger_controller_dag.py for tasks to queue
[2026-04-29T09:40:13.243+0300] {logging_mixin.py:188} INFO - [2026-04-29T09:40:13.240+0300] {dagbag.py:545} INFO - Filling up the DagBag from /mnt/d/airflow/airflow_project/airflow_venv/lib/python3.12/site-packages/airflow/example_dags/example_trigger_controller_dag.py
[2026-04-29T09:40:13.299+0300] {processor.py:840} INFO - DAG(s) 'example_trigger_controller_dag' retrieved from /mnt/d/airflow/airflow_project/airflow_venv/lib/python3.12/site-packages/airflow/example_dags/example_trigger_controller_dag.py
[2026-04-29T09:40:13.368+0300] {logging_mixin.py:188} INFO - [2026-04-29T09:40:13.366+0300] {dag.py:3089} INFO - Sync 1 DAGs
[2026-04-29T09:40:13.419+0300] {logging_mixin.py:188} INFO - [2026-04-29T09:40:13.416+0300] {dag.py:3947} INFO - Setting next_dagrun for example_trigger_controller_dag to 2021-01-01 00:00:00+00:00, run_after=2021-01-01 00:00:00+00:00
[2026-04-29T09:40:13.592+0300] {processor.py:183} INFO - Processing /mnt/d/airflow/airflow_project/airflow_venv/lib/python3.12/site-packages/airflow/example_dags/example_trigger_controller_dag.py took 0.388 seconds
[2026-04-29T09:41:10.514+0300] {processor.py:161} INFO - Started process (PID=35640) to work on /mnt/d/airflow/airflow_project/airflow_venv/lib/python3.12/site-packages/airflow/example_dags/example_trigger_controller_dag.py
[2026-04-29T09:41:10.518+0300] {processor.py:830} INFO - Processing file /mnt/d/airflow/airflow_project/airflow_venv/lib/python3.12/site-packages/airflow/example_dags/example_trigger_controller_dag.py for tasks to queue
[2026-04-29T09:41:10.523+0300] {logging_mixin.py:188} INFO - [2026-04-29T09:41:10.522+0300] {dagbag.py:545} INFO - Filling up the DagBag from /mnt/d/airflow/airflow_project/airflow_venv/lib/python3.12/site-packages/airflow/example_dags/example_trigger_controller_dag.py
[2026-04-29T09:41:10.579+0300] {processor.py:840} INFO - DAG(s) 'example_trigger_controller_dag' retrieved from /mnt/d/airflow/airflow_project/airflow_venv/lib/python3.12/site-packages/airflow/example_dags/example_trigger_controller_dag.py
[2026-04-29T09:41:10.637+0300] {logging_mixin.py:188} INFO - [2026-04-29T09:41:10.635+0300] {dag.py:3089} INFO - Sync 1 DAGs
[2026-04-29T09:41:10.679+0300] {logging_mixin.py:188} INFO - [2026-04-29T09:41:10.676+0300] {dag.py:3947} INFO - Setting next_dagrun for example_trigger_controller_dag to 2021-01-01 00:00:00+00:00, run_after=2021-01-01 00:00:00+00:00
[2026-04-29T09:41:10.900+0300] {processor.py:183} INFO - Processing /mnt/d/airflow/airflow_project/airflow_venv/lib/python3.12/site-packages/airflow/example_dags/example_trigger_controller_dag.py took 0.421 seconds
[2026-04-29T09:42:14.108+0300] {processor.py:161} INFO - Started process (PID=35996) to work on /mnt/d/airflow/airflow_project/airflow_venv/lib/python3.12/site-packages/airflow/example_dags/example_trigger_controller_dag.py
[2026-04-29T09:42:14.111+0300] {processor.py:830} INFO - Processing file /mnt/d/airflow/airflow_project/airflow_venv/lib/python3.12/site-packages/airflow/example_dags/example_trigger_controller_dag.py for tasks to queue
[2026-04-29T09:42:14.119+0300] {logging_mixin.py:188} INFO - [2026-04-29T09:42:14.115+0300] {dagbag.py:545} INFO - Filling up the DagBag from /mnt/d/airflow/airflow_project/airflow_venv/lib/python3.12/site-packages/airflow/example_dags/example_trigger_controller_dag.py
[2026-04-29T09:42:14.188+0300] {processor.py:840} INFO - DAG(s) 'example_trigger_controller_dag' retrieved from /mnt/d/airflow/airflow_project/airflow_venv/lib/python3.12/site-packages/airflow/example_dags/example_trigger_controller_dag.py
[2026-04-29T09:42:14.249+0300] {logging_mixin.py:188} INFO - [2026-04-29T09:42:14.245+0300] {dag.py:3089} INFO - Sync 1 DAGs
[2026-04-29T09:42:14.288+0300] {logging_mixin.py:188} INFO - [2026-04-29T09:42:14.286+0300] {dag.py:3947} INFO - Setting next_dagrun for example_trigger_controller_dag to 2021-01-01 00:00:00+00:00, run_after=2021-01-01 00:00:00+00:00
[2026-04-29T09:42:14.472+0300] {processor.py:183} INFO - Processing /mnt/d/airflow/airflow_project/airflow_venv/lib/python3.12/site-packages/airflow/example_dags/example_trigger_controller_dag.py took 0.394 seconds
[2026-04-29T09:43:19.026+0300] {processor.py:161} INFO - Started process (PID=36414) to work on /mnt/d/airflow/airflow_project/airflow_venv/lib/python3.12/site-packages/airflow/example_dags/example_trigger_controller_dag.py
[2026-04-29T09:43:19.029+0300] {processor.py:830} INFO - Processing file /mnt/d/airflow/airflow_project/airflow_venv/lib/python3.12/site-packages/airflow/example_dags/example_trigger_controller_dag.py for tasks to queue
[2026-04-29T09:43:19.034+0300] {logging_mixin.py:188} INFO - [2026-04-29T09:43:19.033+0300] {dagbag.py:545} INFO - Filling up the DagBag from /mnt/d/airflow/airflow_project/airflow_venv/lib/python3.12/site-packages/airflow/example_dags/example_trigger_controller_dag.py
[2026-04-29T09:43:19.069+0300] {processor.py:840} INFO - DAG(s) 'example_trigger_controller_dag' retrieved from /mnt/d/airflow/airflow_project/airflow_venv/lib/python3.12/site-packages/airflow/example_dags/example_trigger_controller_dag.py
[2026-04-29T09:43:19.104+0300] {logging_mixin.py:188} INFO - [2026-04-29T09:43:19.103+0300] {dag.py:3089} INFO - Sync 1 DAGs
[2026-04-29T09:43:19.138+0300] {logging_mixin.py:188} INFO - [2026-04-29T09:43:19.136+0300] {dag.py:3947} INFO - Setting next_dagrun for example_trigger_controller_dag to 2021-01-01 00:00:00+00:00, run_after=2021-01-01 00:00:00+00:00
[2026-04-29T09:43:19.249+0300] {processor.py:183} INFO - Processing /mnt/d/airflow/airflow_project/airflow_venv/lib/python3.12/site-packages/airflow/example_dags/example_trigger_controller_dag.py took 0.268 seconds
[2026-04-29T09:44:42.882+0300] {processor.py:161} INFO - Started process (PID=36898) to work on /mnt/d/airflow/airflow_project/airflow_venv/lib/python3.12/site-packages/airflow/example_dags/example_trigger_controller_dag.py
[2026-04-29T09:44:42.884+0300] {processor.py:830} INFO - Processing file /mnt/d/airflow/airflow_project/airflow_venv/lib/python3.12/site-packages/airflow/example_dags/example_trigger_controller_dag.py for tasks to queue
[2026-04-29T09:44:42.889+0300] {logging_mixin.py:188} INFO - [2026-04-29T09:44:42.887+0300] {dagbag.py:545} INFO - Filling up the DagBag from /mnt/d/airflow/airflow_project/airflow_venv/lib/python3.12/site-packages/airflow/example_dags/example_trigger_controller_dag.py
[2026-04-29T09:44:42.925+0300] {processor.py:840} INFO - DAG(s) 'example_trigger_controller_dag' retrieved from /mnt/d/airflow/airflow_project/airflow_venv/lib/python3.12/site-packages/airflow/example_dags/example_trigger_controller_dag.py
[2026-04-29T09:44:44.466+0300] {logging_mixin.py:188} INFO - [2026-04-29T09:44:44.465+0300] {dag.py:3089} INFO - Sync 1 DAGs
[2026-04-29T09:44:44.490+0300] {logging_mixin.py:188} INFO - [2026-04-29T09:44:44.489+0300] {dag.py:3947} INFO - Setting next_dagrun for example_trigger_controller_dag to 2021-01-01 00:00:00+00:00, run_after=2021-01-01 00:00:00+00:00
[2026-04-29T09:44:44.585+0300] {processor.py:183} INFO - Processing /mnt/d/airflow/airflow_project/airflow_venv/lib/python3.12/site-packages/airflow/example_dags/example_trigger_controller_dag.py took 1.722 seconds
[2026-04-29T09:46:22.708+0300] {processor.py:161} INFO - Started process (PID=37445) to work on /mnt/d/airflow/airflow_project/airflow_venv/lib/python3.12/site-packages/airflow/example_dags/example_trigger_controller_dag.py
[2026-04-29T09:46:22.713+0300] {processor.py:830} INFO - Processing file /mnt/d/airflow/airflow_project/airflow_venv/lib/python3.12/site-packages/airflow/example_dags/example_trigger_controller_dag.py for tasks to queue
[2026-04-29T09:46:22.725+0300] {logging_mixin.py:188} INFO - [2026-04-29T09:46:22.719+0300] {dagbag.py:545} INFO - Filling up the DagBag from /mnt/d/airflow/airflow_project/airflow_venv/lib/python3.12/site-packages/airflow/example_dags/example_trigger_controller_dag.py
[2026-04-29T09:46:22.807+0300] {processor.py:840} INFO - DAG(s) 'example_trigger_controller_dag' retrieved from /mnt/d/airflow/airflow_project/airflow_venv/lib/python3.12/site-packages/airflow/example_dags/example_trigger_controller_dag.py
[2026-04-29T09:46:22.877+0300] {logging_mixin.py:188} INFO - [2026-04-29T09:46:22.875+0300] {dag.py:3089} INFO - Sync 1 DAGs
[2026-04-29T09:46:22.960+0300] {logging_mixin.py:188} INFO - [2026-04-29T09:46:22.955+0300] {dag.py:3947} INFO - Setting next_dagrun for example_trigger_controller_dag to 2021-01-01 00:00:00+00:00, run_after=2021-01-01 00:00:00+00:00
[2026-04-29T09:46:23.175+0300] {processor.py:183} INFO - Processing /mnt/d/airflow/airflow_project/airflow_venv/lib/python3.12/site-packages/airflow/example_dags/example_trigger_controller_dag.py took 0.512 seconds
[2026-04-29T09:48:05.100+0300] {processor.py:161} INFO - Started process (PID=38018) to work on /mnt/d/airflow/airflow_project/airflow_venv/lib/python3.12/site-packages/airflow/example_dags/example_trigger_controller_dag.py
[2026-04-29T09:48:05.103+0300] {processor.py:830} INFO - Processing file /mnt/d/airflow/airflow_project/airflow_venv/lib/python3.12/site-packages/airflow/example_dags/example_trigger_controller_dag.py for tasks to queue
[2026-04-29T09:48:05.108+0300] {logging_mixin.py:188} INFO - [2026-04-29T09:48:05.106+0300] {dagbag.py:545} INFO - Filling up the DagBag from /mnt/d/airflow/airflow_project/airflow_venv/lib/python3.12/site-packages/airflow/example_dags/example_trigger_controller_dag.py
[2026-04-29T09:48:05.146+0300] {processor.py:840} INFO - DAG(s) 'example_trigger_controller_dag' retrieved from /mnt/d/airflow/airflow_project/airflow_venv/lib/python3.12/site-packages/airflow/example_dags/example_trigger_controller_dag.py
[2026-04-29T09:48:05.184+0300] {logging_mixin.py:188} INFO - [2026-04-29T09:48:05.182+0300] {dag.py:3089} INFO - Sync 1 DAGs
[2026-04-29T09:48:05.216+0300] {logging_mixin.py:188} INFO - [2026-04-29T09:48:05.215+0300] {dag.py:3947} INFO - Setting next_dagrun for example_trigger_controller_dag to 2021-01-01 00:00:00+00:00, run_after=2021-01-01 00:00:00+00:00
[2026-04-29T09:48:05.356+0300] {processor.py:183} INFO - Processing /mnt/d/airflow/airflow_project/airflow_venv/lib/python3.12/site-packages/airflow/example_dags/example_trigger_controller_dag.py took 0.278 seconds
[2026-04-29T09:49:18.290+0300] {processor.py:161} INFO - Started process (PID=38441) to work on /mnt/d/airflow/airflow_project/airflow_venv/lib/python3.12/site-packages/airflow/example_dags/example_trigger_controller_dag.py
[2026-04-29T09:49:18.293+0300] {processor.py:830} INFO - Processing file /mnt/d/airflow/airflow_project/airflow_venv/lib/python3.12/site-packages/airflow/example_dags/example_trigger_controller_dag.py for tasks to queue
[2026-04-29T09:49:18.299+0300] {logging_mixin.py:188} INFO - [2026-04-29T09:49:18.297+0300] {dagbag.py:545} INFO - Filling up the DagBag from /mnt/d/airflow/airflow_project/airflow_venv/lib/python3.12/site-packages/airflow/example_dags/example_trigger_controller_dag.py
[2026-04-29T09:49:18.324+0300] {processor.py:840} INFO - DAG(s) 'example_trigger_controller_dag' retrieved from /mnt/d/airflow/airflow_project/airflow_venv/lib/python3.12/site-packages/airflow/example_dags/example_trigger_controller_dag.py
[2026-04-29T09:49:18.368+0300] {logging_mixin.py:188} INFO - [2026-04-29T09:49:18.366+0300] {dag.py:3089} INFO - Sync 1 DAGs
[2026-04-29T09:49:18.406+0300] {logging_mixin.py:188} INFO - [2026-04-29T09:49:18.404+0300] {dag.py:3947} INFO - Setting next_dagrun for example_trigger_controller_dag to 2021-01-01 00:00:00+00:00, run_after=2021-01-01 00:00:00+00:00
[2026-04-29T09:49:18.533+0300] {processor.py:183} INFO - Processing /mnt/d/airflow/airflow_project/airflow_venv/lib/python3.12/site-packages/airflow/example_dags/example_trigger_controller_dag.py took 0.266 seconds
[2026-04-29T09:50:27.311+0300] {processor.py:161} INFO - Started process (PID=38824) to work on /mnt/d/airflow/airflow_project/airflow_venv/lib/python3.12/site-packages/airflow/example_dags/example_trigger_controller_dag.py
[2026-04-29T09:50:27.315+0300] {processor.py:830} INFO - Processing file /mnt/d/airflow/airflow_project/airflow_venv/lib/python3.12/site-packages/airflow/example_dags/example_trigger_controller_dag.py for tasks to queue
[2026-04-29T09:50:27.322+0300] {logging_mixin.py:188} INFO - [2026-04-29T09:50:27.320+0300] {dagbag.py:545} INFO - Filling up the DagBag from /mnt/d/airflow/airflow_project/airflow_venv/lib/python3.12/site-packages/airflow/example_dags/example_trigger_controller_dag.py
[2026-04-29T09:50:27.375+0300] {processor.py:840} INFO - DAG(s) 'example_trigger_controller_dag' retrieved from /mnt/d/airflow/airflow_project/airflow_venv/lib/python3.12/site-packages/airflow/example_dags/example_trigger_controller_dag.py
[2026-04-29T09:50:27.447+0300] {logging_mixin.py:188} INFO - [2026-04-29T09:50:27.444+0300] {dag.py:3089} INFO - Sync 1 DAGs
[2026-04-29T09:50:27.496+0300] {logging_mixin.py:188} INFO - [2026-04-29T09:50:27.493+0300] {dag.py:3947} INFO - Setting next_dagrun for example_trigger_controller_dag to 2021-01-01 00:00:00+00:00, run_after=2021-01-01 00:00:00+00:00
[2026-04-29T09:50:27.689+0300] {processor.py:183} INFO - Processing /mnt/d/airflow/airflow_project/airflow_venv/lib/python3.12/site-packages/airflow/example_dags/example_trigger_controller_dag.py took 0.414 seconds
[2026-04-29T09:51:37.281+0300] {processor.py:161} INFO - Started process (PID=39228) to work on /mnt/d/airflow/airflow_project/airflow_venv/lib/python3.12/site-packages/airflow/example_dags/example_trigger_controller_dag.py
[2026-04-29T09:51:37.284+0300] {processor.py:830} INFO - Processing file /mnt/d/airflow/airflow_project/airflow_venv/lib/python3.12/site-packages/airflow/example_dags/example_trigger_controller_dag.py for tasks to queue
[2026-04-29T09:51:37.289+0300] {logging_mixin.py:188} INFO - [2026-04-29T09:51:37.287+0300] {dagbag.py:545} INFO - Filling up the DagBag from /mnt/d/airflow/airflow_project/airflow_venv/lib/python3.12/site-packages/airflow/example_dags/example_trigger_controller_dag.py
[2026-04-29T09:51:37.317+0300] {processor.py:840} INFO - DAG(s) 'example_trigger_controller_dag' retrieved from /mnt/d/airflow/airflow_project/airflow_venv/lib/python3.12/site-packages/airflow/example_dags/example_trigger_controller_dag.py
[2026-04-29T09:51:37.361+0300] {logging_mixin.py:188} INFO - [2026-04-29T09:51:37.360+0300] {dag.py:3089} INFO - Sync 1 DAGs
[2026-04-29T09:51:37.397+0300] {logging_mixin.py:188} INFO - [2026-04-29T09:51:37.395+0300] {dag.py:3947} INFO - Setting next_dagrun for example_trigger_controller_dag to 2021-01-01 00:00:00+00:00, run_after=2021-01-01 00:00:00+00:00
[2026-04-29T09:51:37.586+0300] {processor.py:183} INFO - Processing /mnt/d/airflow/airflow_project/airflow_venv/lib/python3.12/site-packages/airflow/example_dags/example_trigger_controller_dag.py took 0.326 seconds
[2026-04-29T09:54:06.261+0300] {processor.py:161} INFO - Started process (PID=40048) to work on /mnt/d/airflow/airflow_project/airflow_venv/lib/python3.12/site-packages/airflow/example_dags/example_trigger_controller_dag.py
[2026-04-29T09:54:06.266+0300] {processor.py:830} INFO - Processing file /mnt/d/airflow/airflow_project/airflow_venv/lib/python3.12/site-packages/airflow/example_dags/example_trigger_controller_dag.py for tasks to queue
[2026-04-29T09:54:06.276+0300] {logging_mixin.py:188} INFO - [2026-04-29T09:54:06.273+0300] {dagbag.py:545} INFO - Filling up the DagBag from /mnt/d/airflow/airflow_project/airflow_venv/lib/python3.12/site-packages/airflow/example_dags/example_trigger_controller_dag.py
[2026-04-29T09:54:06.350+0300] {processor.py:840} INFO - DAG(s) 'example_trigger_controller_dag' retrieved from /mnt/d/airflow/airflow_project/airflow_venv/lib/python3.12/site-packages/airflow/example_dags/example_trigger_controller_dag.py
[2026-04-29T09:54:06.437+0300] {logging_mixin.py:188} INFO - [2026-04-29T09:54:06.434+0300] {dag.py:3089} INFO - Sync 1 DAGs
[2026-04-29T09:54:06.505+0300] {logging_mixin.py:188} INFO - [2026-04-29T09:54:06.501+0300] {dag.py:3947} INFO - Setting next_dagrun for example_trigger_controller_dag to 2021-01-01 00:00:00+00:00, run_after=2021-01-01 00:00:00+00:00
[2026-04-29T09:54:06.681+0300] {processor.py:183} INFO - Processing /mnt/d/airflow/airflow_project/airflow_venv/lib/python3.12/site-packages/airflow/example_dags/example_trigger_controller_dag.py took 0.459 seconds
[2026-04-29T09:55:49.475+0300] {processor.py:161} INFO - Started process (PID=40658) to work on /mnt/d/airflow/airflow_project/airflow_venv/lib/python3.12/site-packages/airflow/example_dags/example_trigger_controller_dag.py
[2026-04-29T09:55:49.477+0300] {processor.py:830} INFO - Processing file /mnt/d/airflow/airflow_project/airflow_venv/lib/python3.12/site-packages/airflow/example_dags/example_trigger_controller_dag.py for tasks to queue
[2026-04-29T09:55:49.482+0300] {logging_mixin.py:188} INFO - [2026-04-29T09:55:49.480+0300] {dagbag.py:545} INFO - Filling up the DagBag from /mnt/d/airflow/airflow_project/airflow_venv/lib/python3.12/site-packages/airflow/example_dags/example_trigger_controller_dag.py
[2026-04-29T09:55:49.508+0300] {processor.py:840} INFO - DAG(s) 'example_trigger_controller_dag' retrieved from /mnt/d/airflow/airflow_project/airflow_venv/lib/python3.12/site-packages/airflow/example_dags/example_trigger_controller_dag.py
[2026-04-29T09:55:49.542+0300] {logging_mixin.py:188} INFO - [2026-04-29T09:55:49.541+0300] {dag.py:3089} INFO - Sync 1 DAGs
[2026-04-29T09:55:49.572+0300] {logging_mixin.py:188} INFO - [2026-04-29T09:55:49.571+0300] {dag.py:3947} INFO - Setting next_dagrun for example_trigger_controller_dag to 2021-01-01 00:00:00+00:00, run_after=2021-01-01 00:00:00+00:00
[2026-04-29T09:55:49.703+0300] {processor.py:183} INFO - Processing /mnt/d/airflow/airflow_project/airflow_venv/lib/python3.12/site-packages/airflow/example_dags/example_trigger_controller_dag.py took 0.249 seconds
[2026-04-29T09:58:47.556+0300] {processor.py:161} INFO - Started process (PID=41693) to work on /mnt/d/airflow/airflow_project/airflow_venv/lib/python3.12/site-packages/airflow/example_dags/example_trigger_controller_dag.py
[2026-04-29T09:58:47.558+0300] {processor.py:830} INFO - Processing file /mnt/d/airflow/airflow_project/airflow_venv/lib/python3.12/site-packages/airflow/example_dags/example_trigger_controller_dag.py for tasks to queue
[2026-04-29T09:58:47.563+0300] {logging_mixin.py:188} INFO - [2026-04-29T09:58:47.561+0300] {dagbag.py:545} INFO - Filling up the DagBag from /mnt/d/airflow/airflow_project/airflow_venv/lib/python3.12/site-packages/airflow/example_dags/example_trigger_controller_dag.py
[2026-04-29T09:58:47.611+0300] {processor.py:840} INFO - DAG(s) 'example_trigger_controller_dag' retrieved from /mnt/d/airflow/airflow_project/airflow_venv/lib/python3.12/site-packages/airflow/example_dags/example_trigger_controller_dag.py
[2026-04-29T09:58:47.649+0300] {logging_mixin.py:188} INFO - [2026-04-29T09:58:47.648+0300] {dag.py:3089} INFO - Sync 1 DAGs
[2026-04-29T09:58:47.688+0300] {logging_mixin.py:188} INFO - [2026-04-29T09:58:47.685+0300] {dag.py:3947} INFO - Setting next_dagrun for example_trigger_controller_dag to 2021-01-01 00:00:00+00:00, run_after=2021-01-01 00:00:00+00:00
[2026-04-29T09:58:47.823+0300] {processor.py:183} INFO - Processing /mnt/d/airflow/airflow_project/airflow_venv/lib/python3.12/site-packages/airflow/example_dags/example_trigger_controller_dag.py took 0.291 seconds
[2026-04-29T10:00:24.047+0300] {processor.py:161} INFO - Started process (PID=42222) to work on /mnt/d/airflow/airflow_project/airflow_venv/lib/python3.12/site-packages/airflow/example_dags/example_trigger_controller_dag.py
[2026-04-29T10:00:24.052+0300] {processor.py:830} INFO - Processing file /mnt/d/airflow/airflow_project/airflow_venv/lib/python3.12/site-packages/airflow/example_dags/example_trigger_controller_dag.py for tasks to queue
[2026-04-29T10:00:24.060+0300] {logging_mixin.py:188} INFO - [2026-04-29T10:00:24.057+0300] {dagbag.py:545} INFO - Filling up the DagBag from /mnt/d/airflow/airflow_project/airflow_venv/lib/python3.12/site-packages/airflow/example_dags/example_trigger_controller_dag.py
[2026-04-29T10:00:24.120+0300] {processor.py:840} INFO - DAG(s) 'example_trigger_controller_dag' retrieved from /mnt/d/airflow/airflow_project/airflow_venv/lib/python3.12/site-packages/airflow/example_dags/example_trigger_controller_dag.py
[2026-04-29T10:00:24.171+0300] {logging_mixin.py:188} INFO - [2026-04-29T10:00:24.169+0300] {dag.py:3089} INFO - Sync 1 DAGs
[2026-04-29T10:00:24.312+0300] {logging_mixin.py:188} INFO - [2026-04-29T10:00:24.310+0300] {dag.py:3947} INFO - Setting next_dagrun for example_trigger_controller_dag to 2021-01-01 00:00:00+00:00, run_after=2021-01-01 00:00:00+00:00
[2026-04-29T10:00:24.453+0300] {processor.py:183} INFO - Processing /mnt/d/airflow/airflow_project/airflow_venv/lib/python3.12/site-packages/airflow/example_dags/example_trigger_controller_dag.py took 0.434 seconds
[2026-04-29T10:02:39.841+0300] {processor.py:161} INFO - Started process (PID=42956) to work on /mnt/d/airflow/airflow_project/airflow_venv/lib/python3.12/site-packages/airflow/example_dags/example_trigger_controller_dag.py
[2026-04-29T10:02:39.846+0300] {processor.py:830} INFO - Processing file /mnt/d/airflow/airflow_project/airflow_venv/lib/python3.12/site-packages/airflow/example_dags/example_trigger_controller_dag.py for tasks to queue
[2026-04-29T10:02:39.856+0300] {logging_mixin.py:188} INFO - [2026-04-29T10:02:39.853+0300] {dagbag.py:545} INFO - Filling up the DagBag from /mnt/d/airflow/airflow_project/airflow_venv/lib/python3.12/site-packages/airflow/example_dags/example_trigger_controller_dag.py
[2026-04-29T10:02:39.929+0300] {processor.py:840} INFO - DAG(s) 'example_trigger_controller_dag' retrieved from /mnt/d/airflow/airflow_project/airflow_venv/lib/python3.12/site-packages/airflow/example_dags/example_trigger_controller_dag.py
[2026-04-29T10:02:40.005+0300] {logging_mixin.py:188} INFO - [2026-04-29T10:02:40.002+0300] {dag.py:3089} INFO - Sync 1 DAGs
[2026-04-29T10:02:40.057+0300] {logging_mixin.py:188} INFO - [2026-04-29T10:02:40.053+0300] {dag.py:3947} INFO - Setting next_dagrun for example_trigger_controller_dag to 2021-01-01 00:00:00+00:00, run_after=2021-01-01 00:00:00+00:00
[2026-04-29T10:02:40.276+0300] {processor.py:183} INFO - Processing /mnt/d/airflow/airflow_project/airflow_venv/lib/python3.12/site-packages/airflow/example_dags/example_trigger_controller_dag.py took 0.469 seconds
[2026-04-29T10:04:22.403+0300] {processor.py:161} INFO - Started process (PID=43545) to work on /mnt/d/airflow/airflow_project/airflow_venv/lib/python3.12/site-packages/airflow/example_dags/example_trigger_controller_dag.py
[2026-04-29T10:04:22.406+0300] {processor.py:830} INFO - Processing file /mnt/d/airflow/airflow_project/airflow_venv/lib/python3.12/site-packages/airflow/example_dags/example_trigger_controller_dag.py for tasks to queue
[2026-04-29T10:04:22.410+0300] {logging_mixin.py:188} INFO - [2026-04-29T10:04:22.408+0300] {dagbag.py:545} INFO - Filling up the DagBag from /mnt/d/airflow/airflow_project/airflow_venv/lib/python3.12/site-packages/airflow/example_dags/example_trigger_controller_dag.py
[2026-04-29T10:04:22.443+0300] {processor.py:840} INFO - DAG(s) 'example_trigger_controller_dag' retrieved from /mnt/d/airflow/airflow_project/airflow_venv/lib/python3.12/site-packages/airflow/example_dags/example_trigger_controller_dag.py
[2026-04-29T10:04:22.495+0300] {logging_mixin.py:188} INFO - [2026-04-29T10:04:22.493+0300] {dag.py:3089} INFO - Sync 1 DAGs
[2026-04-29T10:04:22.678+0300] {logging_mixin.py:188} INFO - [2026-04-29T10:04:22.675+0300] {dag.py:3947} INFO - Setting next_dagrun for example_trigger_controller_dag to 2021-01-01 00:00:00+00:00, run_after=2021-01-01 00:00:00+00:00
[2026-04-29T10:04:22.793+0300] {processor.py:183} INFO - Processing /mnt/d/airflow/airflow_project/airflow_venv/lib/python3.12/site-packages/airflow/example_dags/example_trigger_controller_dag.py took 0.407 seconds
[2026-04-29T10:05:28.457+0300] {processor.py:161} INFO - Started process (PID=43917) to work on /mnt/d/airflow/airflow_project/airflow_venv/lib/python3.12/site-packages/airflow/example_dags/example_trigger_controller_dag.py
[2026-04-29T10:05:28.460+0300] {processor.py:830} INFO - Processing file /mnt/d/airflow/airflow_project/airflow_venv/lib/python3.12/site-packages/airflow/example_dags/example_trigger_controller_dag.py for tasks to queue
[2026-04-29T10:05:28.465+0300] {logging_mixin.py:188} INFO - [2026-04-29T10:05:28.463+0300] {dagbag.py:545} INFO - Filling up the DagBag from /mnt/d/airflow/airflow_project/airflow_venv/lib/python3.12/site-packages/airflow/example_dags/example_trigger_controller_dag.py
[2026-04-29T10:05:28.509+0300] {processor.py:840} INFO - DAG(s) 'example_trigger_controller_dag' retrieved from /mnt/d/airflow/airflow_project/airflow_venv/lib/python3.12/site-packages/airflow/example_dags/example_trigger_controller_dag.py
[2026-04-29T10:05:28.547+0300] {logging_mixin.py:188} INFO - [2026-04-29T10:05:28.546+0300] {dag.py:3089} INFO - Sync 1 DAGs
[2026-04-29T10:05:28.576+0300] {logging_mixin.py:188} INFO - [2026-04-29T10:05:28.575+0300] {dag.py:3947} INFO - Setting next_dagrun for example_trigger_controller_dag to 2021-01-01 00:00:00+00:00, run_after=2021-01-01 00:00:00+00:00
[2026-04-29T10:05:28.678+0300] {processor.py:183} INFO - Processing /mnt/d/airflow/airflow_project/airflow_venv/lib/python3.12/site-packages/airflow/example_dags/example_trigger_controller_dag.py took 0.252 seconds
[2026-04-29T10:06:33.975+0300] {processor.py:161} INFO - Started process (PID=44281) to work on /mnt/d/airflow/airflow_project/airflow_venv/lib/python3.12/site-packages/airflow/example_dags/example_trigger_controller_dag.py
[2026-04-29T10:06:33.980+0300] {processor.py:830} INFO - Processing file /mnt/d/airflow/airflow_project/airflow_venv/lib/python3.12/site-packages/airflow/example_dags/example_trigger_controller_dag.py for tasks to queue
[2026-04-29T10:06:33.988+0300] {logging_mixin.py:188} INFO - [2026-04-29T10:06:33.985+0300] {dagbag.py:545} INFO - Filling up the DagBag from /mnt/d/airflow/airflow_project/airflow_venv/lib/python3.12/site-packages/airflow/example_dags/example_trigger_controller_dag.py
[2026-04-29T10:06:34.060+0300] {processor.py:840} INFO - DAG(s) 'example_trigger_controller_dag' retrieved from /mnt/d/airflow/airflow_project/airflow_venv/lib/python3.12/site-packages/airflow/example_dags/example_trigger_controller_dag.py
[2026-04-29T10:06:34.136+0300] {logging_mixin.py:188} INFO - [2026-04-29T10:06:34.133+0300] {dag.py:3089} INFO - Sync 1 DAGs
[2026-04-29T10:06:34.192+0300] {logging_mixin.py:188} INFO - [2026-04-29T10:06:34.189+0300] {dag.py:3947} INFO - Setting next_dagrun for example_trigger_controller_dag to 2021-01-01 00:00:00+00:00, run_after=2021-01-01 00:00:00+00:00
[2026-04-29T10:06:34.519+0300] {processor.py:183} INFO - Processing /mnt/d/airflow/airflow_project/airflow_venv/lib/python3.12/site-packages/airflow/example_dags/example_trigger_controller_dag.py took 0.577 seconds
[2026-04-29T10:07:43.462+0300] {processor.py:161} INFO - Started process (PID=44678) to work on /mnt/d/airflow/airflow_project/airflow_venv/lib/python3.12/site-packages/airflow/example_dags/example_trigger_controller_dag.py
[2026-04-29T10:07:43.467+0300] {processor.py:830} INFO - Processing file /mnt/d/airflow/airflow_project/airflow_venv/lib/python3.12/site-packages/airflow/example_dags/example_trigger_controller_dag.py for tasks to queue
[2026-04-29T10:07:43.477+0300] {logging_mixin.py:188} INFO - [2026-04-29T10:07:43.473+0300] {dagbag.py:545} INFO - Filling up the DagBag from /mnt/d/airflow/airflow_project/airflow_venv/lib/python3.12/site-packages/airflow/example_dags/example_trigger_controller_dag.py
[2026-04-29T10:07:43.551+0300] {processor.py:840} INFO - DAG(s) 'example_trigger_controller_dag' retrieved from /mnt/d/airflow/airflow_project/airflow_venv/lib/python3.12/site-packages/airflow/example_dags/example_trigger_controller_dag.py
[2026-04-29T10:07:43.744+0300] {logging_mixin.py:188} INFO - [2026-04-29T10:07:43.742+0300] {dag.py:3089} INFO - Sync 1 DAGs
[2026-04-29T10:07:43.776+0300] {logging_mixin.py:188} INFO - [2026-04-29T10:07:43.774+0300] {dag.py:3947} INFO - Setting next_dagrun for example_trigger_controller_dag to 2021-01-01 00:00:00+00:00, run_after=2021-01-01 00:00:00+00:00
[2026-04-29T10:07:43.908+0300] {processor.py:183} INFO - Processing /mnt/d/airflow/airflow_project/airflow_venv/lib/python3.12/site-packages/airflow/example_dags/example_trigger_controller_dag.py took 0.480 seconds
[2026-04-29T10:08:46.220+0300] {processor.py:161} INFO - Started process (PID=45026) to work on /mnt/d/airflow/airflow_project/airflow_venv/lib/python3.12/site-packages/airflow/example_dags/example_trigger_controller_dag.py
[2026-04-29T10:08:46.223+0300] {processor.py:830} INFO - Processing file /mnt/d/airflow/airflow_project/airflow_venv/lib/python3.12/site-packages/airflow/example_dags/example_trigger_controller_dag.py for tasks to queue
[2026-04-29T10:08:46.228+0300] {logging_mixin.py:188} INFO - [2026-04-29T10:08:46.227+0300] {dagbag.py:545} INFO - Filling up the DagBag from /mnt/d/airflow/airflow_project/airflow_venv/lib/python3.12/site-packages/airflow/example_dags/example_trigger_controller_dag.py
[2026-04-29T10:08:46.265+0300] {processor.py:840} INFO - DAG(s) 'example_trigger_controller_dag' retrieved from /mnt/d/airflow/airflow_project/airflow_venv/lib/python3.12/site-packages/airflow/example_dags/example_trigger_controller_dag.py
[2026-04-29T10:08:46.323+0300] {logging_mixin.py:188} INFO - [2026-04-29T10:08:46.321+0300] {dag.py:3089} INFO - Sync 1 DAGs
[2026-04-29T10:08:46.361+0300] {logging_mixin.py:188} INFO - [2026-04-29T10:08:46.358+0300] {dag.py:3947} INFO - Setting next_dagrun for example_trigger_controller_dag to 2021-01-01 00:00:00+00:00, run_after=2021-01-01 00:00:00+00:00
[2026-04-29T10:08:46.518+0300] {processor.py:183} INFO - Processing /mnt/d/airflow/airflow_project/airflow_venv/lib/python3.12/site-packages/airflow/example_dags/example_trigger_controller_dag.py took 0.319 seconds
[2026-04-29T10:09:45.855+0300] {processor.py:161} INFO - Started process (PID=45358) to work on /mnt/d/airflow/airflow_project/airflow_venv/lib/python3.12/site-packages/airflow/example_dags/example_trigger_controller_dag.py
[2026-04-29T10:09:45.858+0300] {processor.py:830} INFO - Processing file /mnt/d/airflow/airflow_project/airflow_venv/lib/python3.12/site-packages/airflow/example_dags/example_trigger_controller_dag.py for tasks to queue
[2026-04-29T10:09:45.863+0300] {logging_mixin.py:188} INFO - [2026-04-29T10:09:45.862+0300] {dagbag.py:545} INFO - Filling up the DagBag from /mnt/d/airflow/airflow_project/airflow_venv/lib/python3.12/site-packages/airflow/example_dags/example_trigger_controller_dag.py
[2026-04-29T10:09:45.897+0300] {processor.py:840} INFO - DAG(s) 'example_trigger_controller_dag' retrieved from /mnt/d/airflow/airflow_project/airflow_venv/lib/python3.12/site-packages/airflow/example_dags/example_trigger_controller_dag.py
[2026-04-29T10:09:45.943+0300] {logging_mixin.py:188} INFO - [2026-04-29T10:09:45.941+0300] {dag.py:3089} INFO - Sync 1 DAGs
[2026-04-29T10:09:45.978+0300] {logging_mixin.py:188} INFO - [2026-04-29T10:09:45.977+0300] {dag.py:3947} INFO - Setting next_dagrun for example_trigger_controller_dag to 2021-01-01 00:00:00+00:00, run_after=2021-01-01 00:00:00+00:00
[2026-04-29T10:09:46.129+0300] {processor.py:183} INFO - Processing /mnt/d/airflow/airflow_project/airflow_venv/lib/python3.12/site-packages/airflow/example_dags/example_trigger_controller_dag.py took 0.292 seconds
[2026-04-29T10:10:50.287+0300] {processor.py:161} INFO - Started process (PID=45717) to work on /mnt/d/airflow/airflow_project/airflow_venv/lib/python3.12/site-packages/airflow/example_dags/example_trigger_controller_dag.py
[2026-04-29T10:10:50.292+0300] {processor.py:830} INFO - Processing file /mnt/d/airflow/airflow_project/airflow_venv/lib/python3.12/site-packages/airflow/example_dags/example_trigger_controller_dag.py for tasks to queue
[2026-04-29T10:10:50.300+0300] {logging_mixin.py:188} INFO - [2026-04-29T10:10:50.297+0300] {dagbag.py:545} INFO - Filling up the DagBag from /mnt/d/airflow/airflow_project/airflow_venv/lib/python3.12/site-packages/airflow/example_dags/example_trigger_controller_dag.py
[2026-04-29T10:10:50.337+0300] {processor.py:840} INFO - DAG(s) 'example_trigger_controller_dag' retrieved from /mnt/d/airflow/airflow_project/airflow_venv/lib/python3.12/site-packages/airflow/example_dags/example_trigger_controller_dag.py
[2026-04-29T10:10:50.391+0300] {logging_mixin.py:188} INFO - [2026-04-29T10:10:50.388+0300] {dag.py:3089} INFO - Sync 1 DAGs
[2026-04-29T10:10:50.446+0300] {logging_mixin.py:188} INFO - [2026-04-29T10:10:50.443+0300] {dag.py:3947} INFO - Setting next_dagrun for example_trigger_controller_dag to 2021-01-01 00:00:00+00:00, run_after=2021-01-01 00:00:00+00:00
[2026-04-29T10:10:50.604+0300] {processor.py:183} INFO - Processing /mnt/d/airflow/airflow_project/airflow_venv/lib/python3.12/site-packages/airflow/example_dags/example_trigger_controller_dag.py took 0.349 seconds
[2026-04-29T10:12:02.543+0300] {processor.py:161} INFO - Started process (PID=46099) to work on /mnt/d/airflow/airflow_project/airflow_venv/lib/python3.12/site-packages/airflow/example_dags/example_trigger_controller_dag.py
[2026-04-29T10:12:02.548+0300] {processor.py:830} INFO - Processing file /mnt/d/airflow/airflow_project/airflow_venv/lib/python3.12/site-packages/airflow/example_dags/example_trigger_controller_dag.py for tasks to queue
[2026-04-29T10:12:02.553+0300] {logging_mixin.py:188} INFO - [2026-04-29T10:12:02.551+0300] {dagbag.py:545} INFO - Filling up the DagBag from /mnt/d/airflow/airflow_project/airflow_venv/lib/python3.12/site-packages/airflow/example_dags/example_trigger_controller_dag.py
[2026-04-29T10:12:02.592+0300] {processor.py:840} INFO - DAG(s) 'example_trigger_controller_dag' retrieved from /mnt/d/airflow/airflow_project/airflow_venv/lib/python3.12/site-packages/airflow/example_dags/example_trigger_controller_dag.py
[2026-04-29T10:12:02.637+0300] {logging_mixin.py:188} INFO - [2026-04-29T10:12:02.636+0300] {dag.py:3089} INFO - Sync 1 DAGs
[2026-04-29T10:12:02.667+0300] {logging_mixin.py:188} INFO - [2026-04-29T10:12:02.665+0300] {dag.py:3947} INFO - Setting next_dagrun for example_trigger_controller_dag to 2021-01-01 00:00:00+00:00, run_after=2021-01-01 00:00:00+00:00
[2026-04-29T10:12:02.834+0300] {processor.py:183} INFO - Processing /mnt/d/airflow/airflow_project/airflow_venv/lib/python3.12/site-packages/airflow/example_dags/example_trigger_controller_dag.py took 0.319 seconds
[2026-04-29T10:13:03.105+0300] {processor.py:161} INFO - Started process (PID=46448) to work on /mnt/d/airflow/airflow_project/airflow_venv/lib/python3.12/site-packages/airflow/example_dags/example_trigger_controller_dag.py
[2026-04-29T10:13:03.108+0300] {processor.py:830} INFO - Processing file /mnt/d/airflow/airflow_project/airflow_venv/lib/python3.12/site-packages/airflow/example_dags/example_trigger_controller_dag.py for tasks to queue
[2026-04-29T10:13:03.111+0300] {logging_mixin.py:188} INFO - [2026-04-29T10:13:03.110+0300] {dagbag.py:545} INFO - Filling up the DagBag from /mnt/d/airflow/airflow_project/airflow_venv/lib/python3.12/site-packages/airflow/example_dags/example_trigger_controller_dag.py
[2026-04-29T10:13:03.147+0300] {processor.py:840} INFO - DAG(s) 'example_trigger_controller_dag' retrieved from /mnt/d/airflow/airflow_project/airflow_venv/lib/python3.12/site-packages/airflow/example_dags/example_trigger_controller_dag.py
[2026-04-29T10:13:03.195+0300] {logging_mixin.py:188} INFO - [2026-04-29T10:13:03.193+0300] {dag.py:3089} INFO - Sync 1 DAGs
[2026-04-29T10:13:03.228+0300] {logging_mixin.py:188} INFO - [2026-04-29T10:13:03.227+0300] {dag.py:3947} INFO - Setting next_dagrun for example_trigger_controller_dag to 2021-01-01 00:00:00+00:00, run_after=2021-01-01 00:00:00+00:00
[2026-04-29T10:13:03.300+0300] {processor.py:183} INFO - Processing /mnt/d/airflow/airflow_project/airflow_venv/lib/python3.12/site-packages/airflow/example_dags/example_trigger_controller_dag.py took 0.212 seconds
