[2026-04-29T09:14:17.278+0300] {processor.py:161} INFO - Started process (PID=26206) to work on /mnt/d/airflow/airflow_project/airflow_venv/lib/python3.12/site-packages/airflow/example_dags/tutorial_taskflow_api_virtualenv.py
[2026-04-29T09:14:17.281+0300] {processor.py:830} INFO - Processing file /mnt/d/airflow/airflow_project/airflow_venv/lib/python3.12/site-packages/airflow/example_dags/tutorial_taskflow_api_virtualenv.py for tasks to queue
[2026-04-29T09:14:17.286+0300] {logging_mixin.py:188} INFO - [2026-04-29T09:14:17.285+0300] {dagbag.py:545} INFO - Filling up the DagBag from /mnt/d/airflow/airflow_project/airflow_venv/lib/python3.12/site-packages/airflow/example_dags/tutorial_taskflow_api_virtualenv.py
[2026-04-29T09:14:17.385+0300] {processor.py:840} INFO - DAG(s) 'tutorial_taskflow_api_virtualenv' retrieved from /mnt/d/airflow/airflow_project/airflow_venv/lib/python3.12/site-packages/airflow/example_dags/tutorial_taskflow_api_virtualenv.py
[2026-04-29T09:14:18.714+0300] {logging_mixin.py:188} INFO - [2026-04-29T09:14:18.713+0300] {override.py:1858} INFO - Created Permission View: can edit on DAG:tutorial_taskflow_api_virtualenv
[2026-04-29T09:14:18.811+0300] {logging_mixin.py:188} INFO - [2026-04-29T09:14:18.808+0300] {override.py:1858} INFO - Created Permission View: can delete on DAG:tutorial_taskflow_api_virtualenv
[2026-04-29T09:14:18.859+0300] {logging_mixin.py:188} INFO - [2026-04-29T09:14:18.858+0300] {override.py:1858} INFO - Created Permission View: can read on DAG:tutorial_taskflow_api_virtualenv
[2026-04-29T09:14:18.866+0300] {logging_mixin.py:188} INFO - [2026-04-29T09:14:18.864+0300] {dag.py:3089} INFO - Sync 1 DAGs
[2026-04-29T09:14:18.884+0300] {logging_mixin.py:188} INFO - [2026-04-29T09:14:18.883+0300] {dag.py:3111} INFO - Creating ORM DAG for tutorial_taskflow_api_virtualenv
[2026-04-29T09:14:18.887+0300] {logging_mixin.py:188} INFO - [2026-04-29T09:14:18.885+0300] {dag.py:3947} INFO - Setting next_dagrun for tutorial_taskflow_api_virtualenv to None, run_after=None
[2026-04-29T09:14:18.979+0300] {processor.py:183} INFO - Processing /mnt/d/airflow/airflow_project/airflow_venv/lib/python3.12/site-packages/airflow/example_dags/tutorial_taskflow_api_virtualenv.py took 1.719 seconds
[2026-04-29T09:16:57.708+0300] {processor.py:161} INFO - Started process (PID=27114) to work on /mnt/d/airflow/airflow_project/airflow_venv/lib/python3.12/site-packages/airflow/example_dags/tutorial_taskflow_api_virtualenv.py
[2026-04-29T09:16:57.713+0300] {processor.py:830} INFO - Processing file /mnt/d/airflow/airflow_project/airflow_venv/lib/python3.12/site-packages/airflow/example_dags/tutorial_taskflow_api_virtualenv.py for tasks to queue
[2026-04-29T09:16:57.722+0300] {logging_mixin.py:188} INFO - [2026-04-29T09:16:57.718+0300] {dagbag.py:545} INFO - Filling up the DagBag from /mnt/d/airflow/airflow_project/airflow_venv/lib/python3.12/site-packages/airflow/example_dags/tutorial_taskflow_api_virtualenv.py
[2026-04-29T09:16:57.851+0300] {processor.py:840} INFO - DAG(s) 'tutorial_taskflow_api_virtualenv' retrieved from /mnt/d/airflow/airflow_project/airflow_venv/lib/python3.12/site-packages/airflow/example_dags/tutorial_taskflow_api_virtualenv.py
[2026-04-29T09:16:57.922+0300] {logging_mixin.py:188} INFO - [2026-04-29T09:16:57.919+0300] {dag.py:3089} INFO - Sync 1 DAGs
[2026-04-29T09:16:57.953+0300] {logging_mixin.py:188} INFO - [2026-04-29T09:16:57.950+0300] {dag.py:3947} INFO - Setting next_dagrun for tutorial_taskflow_api_virtualenv to None, run_after=None
[2026-04-29T09:16:58.168+0300] {processor.py:183} INFO - Processing /mnt/d/airflow/airflow_project/airflow_venv/lib/python3.12/site-packages/airflow/example_dags/tutorial_taskflow_api_virtualenv.py took 0.497 seconds
[2026-04-29T09:18:11.410+0300] {processor.py:161} INFO - Started process (PID=27563) to work on /mnt/d/airflow/airflow_project/airflow_venv/lib/python3.12/site-packages/airflow/example_dags/tutorial_taskflow_api_virtualenv.py
[2026-04-29T09:18:11.412+0300] {processor.py:830} INFO - Processing file /mnt/d/airflow/airflow_project/airflow_venv/lib/python3.12/site-packages/airflow/example_dags/tutorial_taskflow_api_virtualenv.py for tasks to queue
[2026-04-29T09:18:11.416+0300] {logging_mixin.py:188} INFO - [2026-04-29T09:18:11.415+0300] {dagbag.py:545} INFO - Filling up the DagBag from /mnt/d/airflow/airflow_project/airflow_venv/lib/python3.12/site-packages/airflow/example_dags/tutorial_taskflow_api_virtualenv.py
[2026-04-29T09:18:11.470+0300] {processor.py:840} INFO - DAG(s) 'tutorial_taskflow_api_virtualenv' retrieved from /mnt/d/airflow/airflow_project/airflow_venv/lib/python3.12/site-packages/airflow/example_dags/tutorial_taskflow_api_virtualenv.py
[2026-04-29T09:18:11.525+0300] {logging_mixin.py:188} INFO - [2026-04-29T09:18:11.523+0300] {dag.py:3089} INFO - Sync 1 DAGs
[2026-04-29T09:18:11.539+0300] {logging_mixin.py:188} INFO - [2026-04-29T09:18:11.539+0300] {dag.py:3947} INFO - Setting next_dagrun for tutorial_taskflow_api_virtualenv to None, run_after=None
[2026-04-29T09:18:11.650+0300] {processor.py:183} INFO - Processing /mnt/d/airflow/airflow_project/airflow_venv/lib/python3.12/site-packages/airflow/example_dags/tutorial_taskflow_api_virtualenv.py took 0.250 seconds
[2026-04-29T09:19:15.960+0300] {processor.py:161} INFO - Started process (PID=27933) to work on /mnt/d/airflow/airflow_project/airflow_venv/lib/python3.12/site-packages/airflow/example_dags/tutorial_taskflow_api_virtualenv.py
[2026-04-29T09:19:15.964+0300] {processor.py:830} INFO - Processing file /mnt/d/airflow/airflow_project/airflow_venv/lib/python3.12/site-packages/airflow/example_dags/tutorial_taskflow_api_virtualenv.py for tasks to queue
[2026-04-29T09:19:15.972+0300] {logging_mixin.py:188} INFO - [2026-04-29T09:19:15.969+0300] {dagbag.py:545} INFO - Filling up the DagBag from /mnt/d/airflow/airflow_project/airflow_venv/lib/python3.12/site-packages/airflow/example_dags/tutorial_taskflow_api_virtualenv.py
[2026-04-29T09:19:16.095+0300] {processor.py:840} INFO - DAG(s) 'tutorial_taskflow_api_virtualenv' retrieved from /mnt/d/airflow/airflow_project/airflow_venv/lib/python3.12/site-packages/airflow/example_dags/tutorial_taskflow_api_virtualenv.py
[2026-04-29T09:19:16.164+0300] {logging_mixin.py:188} INFO - [2026-04-29T09:19:16.161+0300] {dag.py:3089} INFO - Sync 1 DAGs
[2026-04-29T09:19:16.191+0300] {logging_mixin.py:188} INFO - [2026-04-29T09:19:16.188+0300] {dag.py:3947} INFO - Setting next_dagrun for tutorial_taskflow_api_virtualenv to None, run_after=None
[2026-04-29T09:19:16.378+0300] {processor.py:183} INFO - Processing /mnt/d/airflow/airflow_project/airflow_venv/lib/python3.12/site-packages/airflow/example_dags/tutorial_taskflow_api_virtualenv.py took 0.450 seconds
[2026-04-29T09:20:29.407+0300] {processor.py:161} INFO - Started process (PID=28376) to work on /mnt/d/airflow/airflow_project/airflow_venv/lib/python3.12/site-packages/airflow/example_dags/tutorial_taskflow_api_virtualenv.py
[2026-04-29T09:20:29.413+0300] {processor.py:830} INFO - Processing file /mnt/d/airflow/airflow_project/airflow_venv/lib/python3.12/site-packages/airflow/example_dags/tutorial_taskflow_api_virtualenv.py for tasks to queue
[2026-04-29T09:20:29.424+0300] {logging_mixin.py:188} INFO - [2026-04-29T09:20:29.419+0300] {dagbag.py:545} INFO - Filling up the DagBag from /mnt/d/airflow/airflow_project/airflow_venv/lib/python3.12/site-packages/airflow/example_dags/tutorial_taskflow_api_virtualenv.py
[2026-04-29T09:20:29.563+0300] {processor.py:840} INFO - DAG(s) 'tutorial_taskflow_api_virtualenv' retrieved from /mnt/d/airflow/airflow_project/airflow_venv/lib/python3.12/site-packages/airflow/example_dags/tutorial_taskflow_api_virtualenv.py
[2026-04-29T09:20:29.658+0300] {logging_mixin.py:188} INFO - [2026-04-29T09:20:29.654+0300] {dag.py:3089} INFO - Sync 1 DAGs
[2026-04-29T09:20:29.694+0300] {logging_mixin.py:188} INFO - [2026-04-29T09:20:29.690+0300] {dag.py:3947} INFO - Setting next_dagrun for tutorial_taskflow_api_virtualenv to None, run_after=None
[2026-04-29T09:20:29.912+0300] {processor.py:183} INFO - Processing /mnt/d/airflow/airflow_project/airflow_venv/lib/python3.12/site-packages/airflow/example_dags/tutorial_taskflow_api_virtualenv.py took 0.534 seconds
[2026-04-29T09:21:38.161+0300] {processor.py:161} INFO - Started process (PID=28760) to work on /mnt/d/airflow/airflow_project/airflow_venv/lib/python3.12/site-packages/airflow/example_dags/tutorial_taskflow_api_virtualenv.py
[2026-04-29T09:21:38.164+0300] {processor.py:830} INFO - Processing file /mnt/d/airflow/airflow_project/airflow_venv/lib/python3.12/site-packages/airflow/example_dags/tutorial_taskflow_api_virtualenv.py for tasks to queue
[2026-04-29T09:21:38.168+0300] {logging_mixin.py:188} INFO - [2026-04-29T09:21:38.167+0300] {dagbag.py:545} INFO - Filling up the DagBag from /mnt/d/airflow/airflow_project/airflow_venv/lib/python3.12/site-packages/airflow/example_dags/tutorial_taskflow_api_virtualenv.py
[2026-04-29T09:21:38.220+0300] {processor.py:840} INFO - DAG(s) 'tutorial_taskflow_api_virtualenv' retrieved from /mnt/d/airflow/airflow_project/airflow_venv/lib/python3.12/site-packages/airflow/example_dags/tutorial_taskflow_api_virtualenv.py
[2026-04-29T09:21:38.258+0300] {logging_mixin.py:188} INFO - [2026-04-29T09:21:38.256+0300] {dag.py:3089} INFO - Sync 1 DAGs
[2026-04-29T09:21:38.278+0300] {logging_mixin.py:188} INFO - [2026-04-29T09:21:38.276+0300] {dag.py:3947} INFO - Setting next_dagrun for tutorial_taskflow_api_virtualenv to None, run_after=None
[2026-04-29T09:21:38.434+0300] {processor.py:183} INFO - Processing /mnt/d/airflow/airflow_project/airflow_venv/lib/python3.12/site-packages/airflow/example_dags/tutorial_taskflow_api_virtualenv.py took 0.305 seconds
[2026-04-29T09:22:34.990+0300] {processor.py:161} INFO - Started process (PID=29100) to work on /mnt/d/airflow/airflow_project/airflow_venv/lib/python3.12/site-packages/airflow/example_dags/tutorial_taskflow_api_virtualenv.py
[2026-04-29T09:22:34.992+0300] {processor.py:830} INFO - Processing file /mnt/d/airflow/airflow_project/airflow_venv/lib/python3.12/site-packages/airflow/example_dags/tutorial_taskflow_api_virtualenv.py for tasks to queue
[2026-04-29T09:22:34.998+0300] {logging_mixin.py:188} INFO - [2026-04-29T09:22:34.996+0300] {dagbag.py:545} INFO - Filling up the DagBag from /mnt/d/airflow/airflow_project/airflow_venv/lib/python3.12/site-packages/airflow/example_dags/tutorial_taskflow_api_virtualenv.py
[2026-04-29T09:22:35.067+0300] {processor.py:840} INFO - DAG(s) 'tutorial_taskflow_api_virtualenv' retrieved from /mnt/d/airflow/airflow_project/airflow_venv/lib/python3.12/site-packages/airflow/example_dags/tutorial_taskflow_api_virtualenv.py
[2026-04-29T09:22:35.138+0300] {logging_mixin.py:188} INFO - [2026-04-29T09:22:35.136+0300] {dag.py:3089} INFO - Sync 1 DAGs
[2026-04-29T09:22:35.156+0300] {logging_mixin.py:188} INFO - [2026-04-29T09:22:35.155+0300] {dag.py:3947} INFO - Setting next_dagrun for tutorial_taskflow_api_virtualenv to None, run_after=None
[2026-04-29T09:22:35.250+0300] {processor.py:183} INFO - Processing /mnt/d/airflow/airflow_project/airflow_venv/lib/python3.12/site-packages/airflow/example_dags/tutorial_taskflow_api_virtualenv.py took 0.276 seconds
[2026-04-29T09:23:34.804+0300] {processor.py:161} INFO - Started process (PID=29446) to work on /mnt/d/airflow/airflow_project/airflow_venv/lib/python3.12/site-packages/airflow/example_dags/tutorial_taskflow_api_virtualenv.py
[2026-04-29T09:23:34.810+0300] {processor.py:830} INFO - Processing file /mnt/d/airflow/airflow_project/airflow_venv/lib/python3.12/site-packages/airflow/example_dags/tutorial_taskflow_api_virtualenv.py for tasks to queue
[2026-04-29T09:23:34.816+0300] {logging_mixin.py:188} INFO - [2026-04-29T09:23:34.814+0300] {dagbag.py:545} INFO - Filling up the DagBag from /mnt/d/airflow/airflow_project/airflow_venv/lib/python3.12/site-packages/airflow/example_dags/tutorial_taskflow_api_virtualenv.py
[2026-04-29T09:23:34.922+0300] {processor.py:840} INFO - DAG(s) 'tutorial_taskflow_api_virtualenv' retrieved from /mnt/d/airflow/airflow_project/airflow_venv/lib/python3.12/site-packages/airflow/example_dags/tutorial_taskflow_api_virtualenv.py
[2026-04-29T09:23:34.989+0300] {logging_mixin.py:188} INFO - [2026-04-29T09:23:34.986+0300] {dag.py:3089} INFO - Sync 1 DAGs
[2026-04-29T09:23:35.014+0300] {logging_mixin.py:188} INFO - [2026-04-29T09:23:35.011+0300] {dag.py:3947} INFO - Setting next_dagrun for tutorial_taskflow_api_virtualenv to None, run_after=None
[2026-04-29T09:23:35.180+0300] {processor.py:183} INFO - Processing /mnt/d/airflow/airflow_project/airflow_venv/lib/python3.12/site-packages/airflow/example_dags/tutorial_taskflow_api_virtualenv.py took 0.410 seconds
[2026-04-29T09:24:43.594+0300] {processor.py:161} INFO - Started process (PID=29830) to work on /mnt/d/airflow/airflow_project/airflow_venv/lib/python3.12/site-packages/airflow/example_dags/tutorial_taskflow_api_virtualenv.py
[2026-04-29T09:24:43.597+0300] {processor.py:830} INFO - Processing file /mnt/d/airflow/airflow_project/airflow_venv/lib/python3.12/site-packages/airflow/example_dags/tutorial_taskflow_api_virtualenv.py for tasks to queue
[2026-04-29T09:24:43.601+0300] {logging_mixin.py:188} INFO - [2026-04-29T09:24:43.599+0300] {dagbag.py:545} INFO - Filling up the DagBag from /mnt/d/airflow/airflow_project/airflow_venv/lib/python3.12/site-packages/airflow/example_dags/tutorial_taskflow_api_virtualenv.py
[2026-04-29T09:24:43.698+0300] {processor.py:840} INFO - DAG(s) 'tutorial_taskflow_api_virtualenv' retrieved from /mnt/d/airflow/airflow_project/airflow_venv/lib/python3.12/site-packages/airflow/example_dags/tutorial_taskflow_api_virtualenv.py
[2026-04-29T09:24:43.761+0300] {logging_mixin.py:188} INFO - [2026-04-29T09:24:43.758+0300] {dag.py:3089} INFO - Sync 1 DAGs
[2026-04-29T09:24:43.786+0300] {logging_mixin.py:188} INFO - [2026-04-29T09:24:43.783+0300] {dag.py:3947} INFO - Setting next_dagrun for tutorial_taskflow_api_virtualenv to None, run_after=None
[2026-04-29T09:24:43.936+0300] {processor.py:183} INFO - Processing /mnt/d/airflow/airflow_project/airflow_venv/lib/python3.12/site-packages/airflow/example_dags/tutorial_taskflow_api_virtualenv.py took 0.361 seconds
[2026-04-29T09:25:55.843+0300] {processor.py:161} INFO - Started process (PID=30234) to work on /mnt/d/airflow/airflow_project/airflow_venv/lib/python3.12/site-packages/airflow/example_dags/tutorial_taskflow_api_virtualenv.py
[2026-04-29T09:25:55.847+0300] {processor.py:830} INFO - Processing file /mnt/d/airflow/airflow_project/airflow_venv/lib/python3.12/site-packages/airflow/example_dags/tutorial_taskflow_api_virtualenv.py for tasks to queue
[2026-04-29T09:25:55.856+0300] {logging_mixin.py:188} INFO - [2026-04-29T09:25:55.852+0300] {dagbag.py:545} INFO - Filling up the DagBag from /mnt/d/airflow/airflow_project/airflow_venv/lib/python3.12/site-packages/airflow/example_dags/tutorial_taskflow_api_virtualenv.py
[2026-04-29T09:25:55.957+0300] {processor.py:840} INFO - DAG(s) 'tutorial_taskflow_api_virtualenv' retrieved from /mnt/d/airflow/airflow_project/airflow_venv/lib/python3.12/site-packages/airflow/example_dags/tutorial_taskflow_api_virtualenv.py
[2026-04-29T09:25:56.020+0300] {logging_mixin.py:188} INFO - [2026-04-29T09:25:56.017+0300] {dag.py:3089} INFO - Sync 1 DAGs
[2026-04-29T09:25:56.047+0300] {logging_mixin.py:188} INFO - [2026-04-29T09:25:56.044+0300] {dag.py:3947} INFO - Setting next_dagrun for tutorial_taskflow_api_virtualenv to None, run_after=None
[2026-04-29T09:25:56.194+0300] {processor.py:183} INFO - Processing /mnt/d/airflow/airflow_project/airflow_venv/lib/python3.12/site-packages/airflow/example_dags/tutorial_taskflow_api_virtualenv.py took 0.383 seconds
[2026-04-29T09:27:06.869+0300] {processor.py:161} INFO - Started process (PID=30632) to work on /mnt/d/airflow/airflow_project/airflow_venv/lib/python3.12/site-packages/airflow/example_dags/tutorial_taskflow_api_virtualenv.py
[2026-04-29T09:27:06.873+0300] {processor.py:830} INFO - Processing file /mnt/d/airflow/airflow_project/airflow_venv/lib/python3.12/site-packages/airflow/example_dags/tutorial_taskflow_api_virtualenv.py for tasks to queue
[2026-04-29T09:27:06.881+0300] {logging_mixin.py:188} INFO - [2026-04-29T09:27:06.878+0300] {dagbag.py:545} INFO - Filling up the DagBag from /mnt/d/airflow/airflow_project/airflow_venv/lib/python3.12/site-packages/airflow/example_dags/tutorial_taskflow_api_virtualenv.py
[2026-04-29T09:27:06.956+0300] {processor.py:840} INFO - DAG(s) 'tutorial_taskflow_api_virtualenv' retrieved from /mnt/d/airflow/airflow_project/airflow_venv/lib/python3.12/site-packages/airflow/example_dags/tutorial_taskflow_api_virtualenv.py
[2026-04-29T09:27:07.014+0300] {logging_mixin.py:188} INFO - [2026-04-29T09:27:07.011+0300] {dag.py:3089} INFO - Sync 1 DAGs
[2026-04-29T09:27:07.040+0300] {logging_mixin.py:188} INFO - [2026-04-29T09:27:07.038+0300] {dag.py:3947} INFO - Setting next_dagrun for tutorial_taskflow_api_virtualenv to None, run_after=None
[2026-04-29T09:27:07.244+0300] {processor.py:183} INFO - Processing /mnt/d/airflow/airflow_project/airflow_venv/lib/python3.12/site-packages/airflow/example_dags/tutorial_taskflow_api_virtualenv.py took 0.404 seconds
[2026-04-29T09:28:22.158+0300] {processor.py:161} INFO - Started process (PID=31066) to work on /mnt/d/airflow/airflow_project/airflow_venv/lib/python3.12/site-packages/airflow/example_dags/tutorial_taskflow_api_virtualenv.py
[2026-04-29T09:28:22.163+0300] {processor.py:830} INFO - Processing file /mnt/d/airflow/airflow_project/airflow_venv/lib/python3.12/site-packages/airflow/example_dags/tutorial_taskflow_api_virtualenv.py for tasks to queue
[2026-04-29T09:28:22.170+0300] {logging_mixin.py:188} INFO - [2026-04-29T09:28:22.167+0300] {dagbag.py:545} INFO - Filling up the DagBag from /mnt/d/airflow/airflow_project/airflow_venv/lib/python3.12/site-packages/airflow/example_dags/tutorial_taskflow_api_virtualenv.py
[2026-04-29T09:28:22.321+0300] {processor.py:840} INFO - DAG(s) 'tutorial_taskflow_api_virtualenv' retrieved from /mnt/d/airflow/airflow_project/airflow_venv/lib/python3.12/site-packages/airflow/example_dags/tutorial_taskflow_api_virtualenv.py
[2026-04-29T09:28:22.393+0300] {logging_mixin.py:188} INFO - [2026-04-29T09:28:22.390+0300] {dag.py:3089} INFO - Sync 1 DAGs
[2026-04-29T09:28:22.417+0300] {logging_mixin.py:188} INFO - [2026-04-29T09:28:22.415+0300] {dag.py:3947} INFO - Setting next_dagrun for tutorial_taskflow_api_virtualenv to None, run_after=None
[2026-04-29T09:28:22.626+0300] {processor.py:183} INFO - Processing /mnt/d/airflow/airflow_project/airflow_venv/lib/python3.12/site-packages/airflow/example_dags/tutorial_taskflow_api_virtualenv.py took 0.512 seconds
[2026-04-29T09:29:42.582+0300] {processor.py:161} INFO - Started process (PID=31538) to work on /mnt/d/airflow/airflow_project/airflow_venv/lib/python3.12/site-packages/airflow/example_dags/tutorial_taskflow_api_virtualenv.py
[2026-04-29T09:29:42.586+0300] {processor.py:830} INFO - Processing file /mnt/d/airflow/airflow_project/airflow_venv/lib/python3.12/site-packages/airflow/example_dags/tutorial_taskflow_api_virtualenv.py for tasks to queue
[2026-04-29T09:29:42.592+0300] {logging_mixin.py:188} INFO - [2026-04-29T09:29:42.590+0300] {dagbag.py:545} INFO - Filling up the DagBag from /mnt/d/airflow/airflow_project/airflow_venv/lib/python3.12/site-packages/airflow/example_dags/tutorial_taskflow_api_virtualenv.py
[2026-04-29T09:29:42.688+0300] {processor.py:840} INFO - DAG(s) 'tutorial_taskflow_api_virtualenv' retrieved from /mnt/d/airflow/airflow_project/airflow_venv/lib/python3.12/site-packages/airflow/example_dags/tutorial_taskflow_api_virtualenv.py
[2026-04-29T09:29:42.741+0300] {logging_mixin.py:188} INFO - [2026-04-29T09:29:42.736+0300] {dag.py:3089} INFO - Sync 1 DAGs
[2026-04-29T09:29:42.757+0300] {logging_mixin.py:188} INFO - [2026-04-29T09:29:42.756+0300] {dag.py:3947} INFO - Setting next_dagrun for tutorial_taskflow_api_virtualenv to None, run_after=None
[2026-04-29T09:29:42.851+0300] {processor.py:183} INFO - Processing /mnt/d/airflow/airflow_project/airflow_venv/lib/python3.12/site-packages/airflow/example_dags/tutorial_taskflow_api_virtualenv.py took 0.296 seconds
[2026-04-29T09:31:16.520+0300] {processor.py:161} INFO - Started process (PID=32104) to work on /mnt/d/airflow/airflow_project/airflow_venv/lib/python3.12/site-packages/airflow/example_dags/tutorial_taskflow_api_virtualenv.py
[2026-04-29T09:31:16.524+0300] {processor.py:830} INFO - Processing file /mnt/d/airflow/airflow_project/airflow_venv/lib/python3.12/site-packages/airflow/example_dags/tutorial_taskflow_api_virtualenv.py for tasks to queue
[2026-04-29T09:31:16.529+0300] {logging_mixin.py:188} INFO - [2026-04-29T09:31:16.527+0300] {dagbag.py:545} INFO - Filling up the DagBag from /mnt/d/airflow/airflow_project/airflow_venv/lib/python3.12/site-packages/airflow/example_dags/tutorial_taskflow_api_virtualenv.py
[2026-04-29T09:31:16.608+0300] {processor.py:840} INFO - DAG(s) 'tutorial_taskflow_api_virtualenv' retrieved from /mnt/d/airflow/airflow_project/airflow_venv/lib/python3.12/site-packages/airflow/example_dags/tutorial_taskflow_api_virtualenv.py
[2026-04-29T09:31:16.683+0300] {logging_mixin.py:188} INFO - [2026-04-29T09:31:16.680+0300] {dag.py:3089} INFO - Sync 1 DAGs
[2026-04-29T09:31:16.712+0300] {logging_mixin.py:188} INFO - [2026-04-29T09:31:16.711+0300] {dag.py:3947} INFO - Setting next_dagrun for tutorial_taskflow_api_virtualenv to None, run_after=None
[2026-04-29T09:31:16.887+0300] {processor.py:183} INFO - Processing /mnt/d/airflow/airflow_project/airflow_venv/lib/python3.12/site-packages/airflow/example_dags/tutorial_taskflow_api_virtualenv.py took 0.392 seconds
[2026-04-29T09:32:22.380+0300] {processor.py:161} INFO - Started process (PID=32492) to work on /mnt/d/airflow/airflow_project/airflow_venv/lib/python3.12/site-packages/airflow/example_dags/tutorial_taskflow_api_virtualenv.py
[2026-04-29T09:32:22.383+0300] {processor.py:830} INFO - Processing file /mnt/d/airflow/airflow_project/airflow_venv/lib/python3.12/site-packages/airflow/example_dags/tutorial_taskflow_api_virtualenv.py for tasks to queue
[2026-04-29T09:32:22.389+0300] {logging_mixin.py:188} INFO - [2026-04-29T09:32:22.386+0300] {dagbag.py:545} INFO - Filling up the DagBag from /mnt/d/airflow/airflow_project/airflow_venv/lib/python3.12/site-packages/airflow/example_dags/tutorial_taskflow_api_virtualenv.py
[2026-04-29T09:32:22.483+0300] {processor.py:840} INFO - DAG(s) 'tutorial_taskflow_api_virtualenv' retrieved from /mnt/d/airflow/airflow_project/airflow_venv/lib/python3.12/site-packages/airflow/example_dags/tutorial_taskflow_api_virtualenv.py
[2026-04-29T09:32:22.541+0300] {logging_mixin.py:188} INFO - [2026-04-29T09:32:22.539+0300] {dag.py:3089} INFO - Sync 1 DAGs
[2026-04-29T09:32:22.562+0300] {logging_mixin.py:188} INFO - [2026-04-29T09:32:22.557+0300] {dag.py:3947} INFO - Setting next_dagrun for tutorial_taskflow_api_virtualenv to None, run_after=None
[2026-04-29T09:32:22.770+0300] {processor.py:183} INFO - Processing /mnt/d/airflow/airflow_project/airflow_venv/lib/python3.12/site-packages/airflow/example_dags/tutorial_taskflow_api_virtualenv.py took 0.413 seconds
[2026-04-29T09:33:32.278+0300] {processor.py:161} INFO - Started process (PID=32919) to work on /mnt/d/airflow/airflow_project/airflow_venv/lib/python3.12/site-packages/airflow/example_dags/tutorial_taskflow_api_virtualenv.py
[2026-04-29T09:33:32.281+0300] {processor.py:830} INFO - Processing file /mnt/d/airflow/airflow_project/airflow_venv/lib/python3.12/site-packages/airflow/example_dags/tutorial_taskflow_api_virtualenv.py for tasks to queue
[2026-04-29T09:33:32.287+0300] {logging_mixin.py:188} INFO - [2026-04-29T09:33:32.285+0300] {dagbag.py:545} INFO - Filling up the DagBag from /mnt/d/airflow/airflow_project/airflow_venv/lib/python3.12/site-packages/airflow/example_dags/tutorial_taskflow_api_virtualenv.py
[2026-04-29T09:33:32.372+0300] {processor.py:840} INFO - DAG(s) 'tutorial_taskflow_api_virtualenv' retrieved from /mnt/d/airflow/airflow_project/airflow_venv/lib/python3.12/site-packages/airflow/example_dags/tutorial_taskflow_api_virtualenv.py
[2026-04-29T09:33:32.425+0300] {logging_mixin.py:188} INFO - [2026-04-29T09:33:32.423+0300] {dag.py:3089} INFO - Sync 1 DAGs
[2026-04-29T09:33:32.444+0300] {logging_mixin.py:188} INFO - [2026-04-29T09:33:32.442+0300] {dag.py:3947} INFO - Setting next_dagrun for tutorial_taskflow_api_virtualenv to None, run_after=None
[2026-04-29T09:33:32.662+0300] {processor.py:183} INFO - Processing /mnt/d/airflow/airflow_project/airflow_venv/lib/python3.12/site-packages/airflow/example_dags/tutorial_taskflow_api_virtualenv.py took 0.410 seconds
[2026-04-29T09:34:44.803+0300] {processor.py:161} INFO - Started process (PID=33322) to work on /mnt/d/airflow/airflow_project/airflow_venv/lib/python3.12/site-packages/airflow/example_dags/tutorial_taskflow_api_virtualenv.py
[2026-04-29T09:34:44.807+0300] {processor.py:830} INFO - Processing file /mnt/d/airflow/airflow_project/airflow_venv/lib/python3.12/site-packages/airflow/example_dags/tutorial_taskflow_api_virtualenv.py for tasks to queue
[2026-04-29T09:34:44.814+0300] {logging_mixin.py:188} INFO - [2026-04-29T09:34:44.811+0300] {dagbag.py:545} INFO - Filling up the DagBag from /mnt/d/airflow/airflow_project/airflow_venv/lib/python3.12/site-packages/airflow/example_dags/tutorial_taskflow_api_virtualenv.py
[2026-04-29T09:34:44.921+0300] {processor.py:840} INFO - DAG(s) 'tutorial_taskflow_api_virtualenv' retrieved from /mnt/d/airflow/airflow_project/airflow_venv/lib/python3.12/site-packages/airflow/example_dags/tutorial_taskflow_api_virtualenv.py
[2026-04-29T09:34:44.987+0300] {logging_mixin.py:188} INFO - [2026-04-29T09:34:44.985+0300] {dag.py:3089} INFO - Sync 1 DAGs
[2026-04-29T09:34:45.007+0300] {logging_mixin.py:188} INFO - [2026-04-29T09:34:45.005+0300] {dag.py:3947} INFO - Setting next_dagrun for tutorial_taskflow_api_virtualenv to None, run_after=None
[2026-04-29T09:34:45.138+0300] {processor.py:183} INFO - Processing /mnt/d/airflow/airflow_project/airflow_venv/lib/python3.12/site-packages/airflow/example_dags/tutorial_taskflow_api_virtualenv.py took 0.363 seconds
[2026-04-29T09:35:51.570+0300] {processor.py:161} INFO - Started process (PID=33741) to work on /mnt/d/airflow/airflow_project/airflow_venv/lib/python3.12/site-packages/airflow/example_dags/tutorial_taskflow_api_virtualenv.py
[2026-04-29T09:35:51.573+0300] {processor.py:830} INFO - Processing file /mnt/d/airflow/airflow_project/airflow_venv/lib/python3.12/site-packages/airflow/example_dags/tutorial_taskflow_api_virtualenv.py for tasks to queue
[2026-04-29T09:35:51.579+0300] {logging_mixin.py:188} INFO - [2026-04-29T09:35:51.577+0300] {dagbag.py:545} INFO - Filling up the DagBag from /mnt/d/airflow/airflow_project/airflow_venv/lib/python3.12/site-packages/airflow/example_dags/tutorial_taskflow_api_virtualenv.py
[2026-04-29T09:35:51.639+0300] {processor.py:840} INFO - DAG(s) 'tutorial_taskflow_api_virtualenv' retrieved from /mnt/d/airflow/airflow_project/airflow_venv/lib/python3.12/site-packages/airflow/example_dags/tutorial_taskflow_api_virtualenv.py
[2026-04-29T09:35:51.684+0300] {logging_mixin.py:188} INFO - [2026-04-29T09:35:51.683+0300] {dag.py:3089} INFO - Sync 1 DAGs
[2026-04-29T09:35:51.706+0300] {logging_mixin.py:188} INFO - [2026-04-29T09:35:51.705+0300] {dag.py:3947} INFO - Setting next_dagrun for tutorial_taskflow_api_virtualenv to None, run_after=None
[2026-04-29T09:35:51.806+0300] {processor.py:183} INFO - Processing /mnt/d/airflow/airflow_project/airflow_venv/lib/python3.12/site-packages/airflow/example_dags/tutorial_taskflow_api_virtualenv.py took 0.261 seconds
[2026-04-29T09:36:50.666+0300] {processor.py:161} INFO - Started process (PID=34084) to work on /mnt/d/airflow/airflow_project/airflow_venv/lib/python3.12/site-packages/airflow/example_dags/tutorial_taskflow_api_virtualenv.py
[2026-04-29T09:36:50.672+0300] {processor.py:830} INFO - Processing file /mnt/d/airflow/airflow_project/airflow_venv/lib/python3.12/site-packages/airflow/example_dags/tutorial_taskflow_api_virtualenv.py for tasks to queue
[2026-04-29T09:36:50.682+0300] {logging_mixin.py:188} INFO - [2026-04-29T09:36:50.678+0300] {dagbag.py:545} INFO - Filling up the DagBag from /mnt/d/airflow/airflow_project/airflow_venv/lib/python3.12/site-packages/airflow/example_dags/tutorial_taskflow_api_virtualenv.py
[2026-04-29T09:36:50.799+0300] {processor.py:840} INFO - DAG(s) 'tutorial_taskflow_api_virtualenv' retrieved from /mnt/d/airflow/airflow_project/airflow_venv/lib/python3.12/site-packages/airflow/example_dags/tutorial_taskflow_api_virtualenv.py
[2026-04-29T09:36:50.869+0300] {logging_mixin.py:188} INFO - [2026-04-29T09:36:50.867+0300] {dag.py:3089} INFO - Sync 1 DAGs
[2026-04-29T09:36:50.895+0300] {logging_mixin.py:188} INFO - [2026-04-29T09:36:50.893+0300] {dag.py:3947} INFO - Setting next_dagrun for tutorial_taskflow_api_virtualenv to None, run_after=None
[2026-04-29T09:36:51.034+0300] {processor.py:183} INFO - Processing /mnt/d/airflow/airflow_project/airflow_venv/lib/python3.12/site-packages/airflow/example_dags/tutorial_taskflow_api_virtualenv.py took 0.408 seconds
[2026-04-29T09:37:48.212+0300] {processor.py:161} INFO - Started process (PID=34458) to work on /mnt/d/airflow/airflow_project/airflow_venv/lib/python3.12/site-packages/airflow/example_dags/tutorial_taskflow_api_virtualenv.py
[2026-04-29T09:37:48.217+0300] {processor.py:830} INFO - Processing file /mnt/d/airflow/airflow_project/airflow_venv/lib/python3.12/site-packages/airflow/example_dags/tutorial_taskflow_api_virtualenv.py for tasks to queue
[2026-04-29T09:37:48.227+0300] {logging_mixin.py:188} INFO - [2026-04-29T09:37:48.222+0300] {dagbag.py:545} INFO - Filling up the DagBag from /mnt/d/airflow/airflow_project/airflow_venv/lib/python3.12/site-packages/airflow/example_dags/tutorial_taskflow_api_virtualenv.py
[2026-04-29T09:37:48.340+0300] {processor.py:840} INFO - DAG(s) 'tutorial_taskflow_api_virtualenv' retrieved from /mnt/d/airflow/airflow_project/airflow_venv/lib/python3.12/site-packages/airflow/example_dags/tutorial_taskflow_api_virtualenv.py
[2026-04-29T09:37:48.414+0300] {logging_mixin.py:188} INFO - [2026-04-29T09:37:48.411+0300] {dag.py:3089} INFO - Sync 1 DAGs
[2026-04-29T09:37:48.445+0300] {logging_mixin.py:188} INFO - [2026-04-29T09:37:48.442+0300] {dag.py:3947} INFO - Setting next_dagrun for tutorial_taskflow_api_virtualenv to None, run_after=None
[2026-04-29T09:37:48.608+0300] {processor.py:183} INFO - Processing /mnt/d/airflow/airflow_project/airflow_venv/lib/python3.12/site-packages/airflow/example_dags/tutorial_taskflow_api_virtualenv.py took 0.437 seconds
[2026-04-29T09:38:55.490+0300] {processor.py:161} INFO - Started process (PID=34869) to work on /mnt/d/airflow/airflow_project/airflow_venv/lib/python3.12/site-packages/airflow/example_dags/tutorial_taskflow_api_virtualenv.py
[2026-04-29T09:38:55.494+0300] {processor.py:830} INFO - Processing file /mnt/d/airflow/airflow_project/airflow_venv/lib/python3.12/site-packages/airflow/example_dags/tutorial_taskflow_api_virtualenv.py for tasks to queue
[2026-04-29T09:38:55.503+0300] {logging_mixin.py:188} INFO - [2026-04-29T09:38:55.500+0300] {dagbag.py:545} INFO - Filling up the DagBag from /mnt/d/airflow/airflow_project/airflow_venv/lib/python3.12/site-packages/airflow/example_dags/tutorial_taskflow_api_virtualenv.py
[2026-04-29T09:38:55.600+0300] {processor.py:840} INFO - DAG(s) 'tutorial_taskflow_api_virtualenv' retrieved from /mnt/d/airflow/airflow_project/airflow_venv/lib/python3.12/site-packages/airflow/example_dags/tutorial_taskflow_api_virtualenv.py
[2026-04-29T09:38:55.660+0300] {logging_mixin.py:188} INFO - [2026-04-29T09:38:55.658+0300] {dag.py:3089} INFO - Sync 1 DAGs
[2026-04-29T09:38:55.684+0300] {logging_mixin.py:188} INFO - [2026-04-29T09:38:55.682+0300] {dag.py:3947} INFO - Setting next_dagrun for tutorial_taskflow_api_virtualenv to None, run_after=None
[2026-04-29T09:38:55.863+0300] {processor.py:183} INFO - Processing /mnt/d/airflow/airflow_project/airflow_venv/lib/python3.12/site-packages/airflow/example_dags/tutorial_taskflow_api_virtualenv.py took 0.399 seconds
[2026-04-29T09:40:01.081+0300] {processor.py:161} INFO - Started process (PID=35244) to work on /mnt/d/airflow/airflow_project/airflow_venv/lib/python3.12/site-packages/airflow/example_dags/tutorial_taskflow_api_virtualenv.py
[2026-04-29T09:40:01.085+0300] {processor.py:830} INFO - Processing file /mnt/d/airflow/airflow_project/airflow_venv/lib/python3.12/site-packages/airflow/example_dags/tutorial_taskflow_api_virtualenv.py for tasks to queue
[2026-04-29T09:40:01.094+0300] {logging_mixin.py:188} INFO - [2026-04-29T09:40:01.090+0300] {dagbag.py:545} INFO - Filling up the DagBag from /mnt/d/airflow/airflow_project/airflow_venv/lib/python3.12/site-packages/airflow/example_dags/tutorial_taskflow_api_virtualenv.py
[2026-04-29T09:40:01.179+0300] {processor.py:840} INFO - DAG(s) 'tutorial_taskflow_api_virtualenv' retrieved from /mnt/d/airflow/airflow_project/airflow_venv/lib/python3.12/site-packages/airflow/example_dags/tutorial_taskflow_api_virtualenv.py
[2026-04-29T09:40:01.234+0300] {logging_mixin.py:188} INFO - [2026-04-29T09:40:01.232+0300] {dag.py:3089} INFO - Sync 1 DAGs
[2026-04-29T09:40:01.256+0300] {logging_mixin.py:188} INFO - [2026-04-29T09:40:01.255+0300] {dag.py:3947} INFO - Setting next_dagrun for tutorial_taskflow_api_virtualenv to None, run_after=None
[2026-04-29T09:40:01.367+0300] {processor.py:183} INFO - Processing /mnt/d/airflow/airflow_project/airflow_venv/lib/python3.12/site-packages/airflow/example_dags/tutorial_taskflow_api_virtualenv.py took 0.323 seconds
[2026-04-29T09:40:57.912+0300] {processor.py:161} INFO - Started process (PID=35579) to work on /mnt/d/airflow/airflow_project/airflow_venv/lib/python3.12/site-packages/airflow/example_dags/tutorial_taskflow_api_virtualenv.py
[2026-04-29T09:40:57.916+0300] {processor.py:830} INFO - Processing file /mnt/d/airflow/airflow_project/airflow_venv/lib/python3.12/site-packages/airflow/example_dags/tutorial_taskflow_api_virtualenv.py for tasks to queue
[2026-04-29T09:40:57.924+0300] {logging_mixin.py:188} INFO - [2026-04-29T09:40:57.921+0300] {dagbag.py:545} INFO - Filling up the DagBag from /mnt/d/airflow/airflow_project/airflow_venv/lib/python3.12/site-packages/airflow/example_dags/tutorial_taskflow_api_virtualenv.py
[2026-04-29T09:40:57.991+0300] {processor.py:840} INFO - DAG(s) 'tutorial_taskflow_api_virtualenv' retrieved from /mnt/d/airflow/airflow_project/airflow_venv/lib/python3.12/site-packages/airflow/example_dags/tutorial_taskflow_api_virtualenv.py
[2026-04-29T09:40:58.043+0300] {logging_mixin.py:188} INFO - [2026-04-29T09:40:58.042+0300] {dag.py:3089} INFO - Sync 1 DAGs
[2026-04-29T09:40:58.064+0300] {logging_mixin.py:188} INFO - [2026-04-29T09:40:58.063+0300] {dag.py:3947} INFO - Setting next_dagrun for tutorial_taskflow_api_virtualenv to None, run_after=None
[2026-04-29T09:40:58.166+0300] {processor.py:183} INFO - Processing /mnt/d/airflow/airflow_project/airflow_venv/lib/python3.12/site-packages/airflow/example_dags/tutorial_taskflow_api_virtualenv.py took 0.287 seconds
[2026-04-29T09:41:59.697+0300] {processor.py:161} INFO - Started process (PID=35917) to work on /mnt/d/airflow/airflow_project/airflow_venv/lib/python3.12/site-packages/airflow/example_dags/tutorial_taskflow_api_virtualenv.py
[2026-04-29T09:41:59.700+0300] {processor.py:830} INFO - Processing file /mnt/d/airflow/airflow_project/airflow_venv/lib/python3.12/site-packages/airflow/example_dags/tutorial_taskflow_api_virtualenv.py for tasks to queue
[2026-04-29T09:41:59.710+0300] {logging_mixin.py:188} INFO - [2026-04-29T09:41:59.708+0300] {dagbag.py:545} INFO - Filling up the DagBag from /mnt/d/airflow/airflow_project/airflow_venv/lib/python3.12/site-packages/airflow/example_dags/tutorial_taskflow_api_virtualenv.py
[2026-04-29T09:41:59.776+0300] {processor.py:840} INFO - DAG(s) 'tutorial_taskflow_api_virtualenv' retrieved from /mnt/d/airflow/airflow_project/airflow_venv/lib/python3.12/site-packages/airflow/example_dags/tutorial_taskflow_api_virtualenv.py
[2026-04-29T09:41:59.843+0300] {logging_mixin.py:188} INFO - [2026-04-29T09:41:59.840+0300] {dag.py:3089} INFO - Sync 1 DAGs
[2026-04-29T09:41:59.879+0300] {logging_mixin.py:188} INFO - [2026-04-29T09:41:59.875+0300] {dag.py:3947} INFO - Setting next_dagrun for tutorial_taskflow_api_virtualenv to None, run_after=None
[2026-04-29T09:42:00.076+0300] {processor.py:183} INFO - Processing /mnt/d/airflow/airflow_project/airflow_venv/lib/python3.12/site-packages/airflow/example_dags/tutorial_taskflow_api_virtualenv.py took 0.409 seconds
[2026-04-29T09:43:08.560+0300] {processor.py:161} INFO - Started process (PID=36343) to work on /mnt/d/airflow/airflow_project/airflow_venv/lib/python3.12/site-packages/airflow/example_dags/tutorial_taskflow_api_virtualenv.py
[2026-04-29T09:43:08.563+0300] {processor.py:830} INFO - Processing file /mnt/d/airflow/airflow_project/airflow_venv/lib/python3.12/site-packages/airflow/example_dags/tutorial_taskflow_api_virtualenv.py for tasks to queue
[2026-04-29T09:43:08.570+0300] {logging_mixin.py:188} INFO - [2026-04-29T09:43:08.568+0300] {dagbag.py:545} INFO - Filling up the DagBag from /mnt/d/airflow/airflow_project/airflow_venv/lib/python3.12/site-packages/airflow/example_dags/tutorial_taskflow_api_virtualenv.py
[2026-04-29T09:43:08.625+0300] {processor.py:840} INFO - DAG(s) 'tutorial_taskflow_api_virtualenv' retrieved from /mnt/d/airflow/airflow_project/airflow_venv/lib/python3.12/site-packages/airflow/example_dags/tutorial_taskflow_api_virtualenv.py
[2026-04-29T09:43:08.669+0300] {logging_mixin.py:188} INFO - [2026-04-29T09:43:08.668+0300] {dag.py:3089} INFO - Sync 1 DAGs
[2026-04-29T09:43:08.687+0300] {logging_mixin.py:188} INFO - [2026-04-29T09:43:08.685+0300] {dag.py:3947} INFO - Setting next_dagrun for tutorial_taskflow_api_virtualenv to None, run_after=None
[2026-04-29T09:43:08.773+0300] {processor.py:183} INFO - Processing /mnt/d/airflow/airflow_project/airflow_venv/lib/python3.12/site-packages/airflow/example_dags/tutorial_taskflow_api_virtualenv.py took 0.238 seconds
[2026-04-29T09:44:17.910+0300] {processor.py:161} INFO - Started process (PID=36754) to work on /mnt/d/airflow/airflow_project/airflow_venv/lib/python3.12/site-packages/airflow/example_dags/tutorial_taskflow_api_virtualenv.py
[2026-04-29T09:44:17.916+0300] {processor.py:830} INFO - Processing file /mnt/d/airflow/airflow_project/airflow_venv/lib/python3.12/site-packages/airflow/example_dags/tutorial_taskflow_api_virtualenv.py for tasks to queue
[2026-04-29T09:44:17.922+0300] {logging_mixin.py:188} INFO - [2026-04-29T09:44:17.921+0300] {dagbag.py:545} INFO - Filling up the DagBag from /mnt/d/airflow/airflow_project/airflow_venv/lib/python3.12/site-packages/airflow/example_dags/tutorial_taskflow_api_virtualenv.py
[2026-04-29T09:44:17.975+0300] {processor.py:840} INFO - DAG(s) 'tutorial_taskflow_api_virtualenv' retrieved from /mnt/d/airflow/airflow_project/airflow_venv/lib/python3.12/site-packages/airflow/example_dags/tutorial_taskflow_api_virtualenv.py
[2026-04-29T09:44:19.371+0300] {logging_mixin.py:188} INFO - [2026-04-29T09:44:19.370+0300] {dag.py:3089} INFO - Sync 1 DAGs
[2026-04-29T09:44:19.385+0300] {logging_mixin.py:188} INFO - [2026-04-29T09:44:19.384+0300] {dag.py:3947} INFO - Setting next_dagrun for tutorial_taskflow_api_virtualenv to None, run_after=None
[2026-04-29T09:44:19.468+0300] {processor.py:183} INFO - Processing /mnt/d/airflow/airflow_project/airflow_venv/lib/python3.12/site-packages/airflow/example_dags/tutorial_taskflow_api_virtualenv.py took 1.589 seconds
[2026-04-29T09:46:09.246+0300] {processor.py:161} INFO - Started process (PID=37365) to work on /mnt/d/airflow/airflow_project/airflow_venv/lib/python3.12/site-packages/airflow/example_dags/tutorial_taskflow_api_virtualenv.py
[2026-04-29T09:46:09.254+0300] {processor.py:830} INFO - Processing file /mnt/d/airflow/airflow_project/airflow_venv/lib/python3.12/site-packages/airflow/example_dags/tutorial_taskflow_api_virtualenv.py for tasks to queue
[2026-04-29T09:46:09.259+0300] {logging_mixin.py:188} INFO - [2026-04-29T09:46:09.257+0300] {dagbag.py:545} INFO - Filling up the DagBag from /mnt/d/airflow/airflow_project/airflow_venv/lib/python3.12/site-packages/airflow/example_dags/tutorial_taskflow_api_virtualenv.py
[2026-04-29T09:46:09.324+0300] {processor.py:840} INFO - DAG(s) 'tutorial_taskflow_api_virtualenv' retrieved from /mnt/d/airflow/airflow_project/airflow_venv/lib/python3.12/site-packages/airflow/example_dags/tutorial_taskflow_api_virtualenv.py
[2026-04-29T09:46:09.365+0300] {logging_mixin.py:188} INFO - [2026-04-29T09:46:09.363+0300] {dag.py:3089} INFO - Sync 1 DAGs
[2026-04-29T09:46:09.382+0300] {logging_mixin.py:188} INFO - [2026-04-29T09:46:09.381+0300] {dag.py:3947} INFO - Setting next_dagrun for tutorial_taskflow_api_virtualenv to None, run_after=None
[2026-04-29T09:46:09.515+0300] {processor.py:183} INFO - Processing /mnt/d/airflow/airflow_project/airflow_venv/lib/python3.12/site-packages/airflow/example_dags/tutorial_taskflow_api_virtualenv.py took 0.299 seconds
[2026-04-29T09:47:51.215+0300] {processor.py:161} INFO - Started process (PID=37945) to work on /mnt/d/airflow/airflow_project/airflow_venv/lib/python3.12/site-packages/airflow/example_dags/tutorial_taskflow_api_virtualenv.py
[2026-04-29T09:47:51.218+0300] {processor.py:830} INFO - Processing file /mnt/d/airflow/airflow_project/airflow_venv/lib/python3.12/site-packages/airflow/example_dags/tutorial_taskflow_api_virtualenv.py for tasks to queue
[2026-04-29T09:47:51.224+0300] {logging_mixin.py:188} INFO - [2026-04-29T09:47:51.222+0300] {dagbag.py:545} INFO - Filling up the DagBag from /mnt/d/airflow/airflow_project/airflow_venv/lib/python3.12/site-packages/airflow/example_dags/tutorial_taskflow_api_virtualenv.py
[2026-04-29T09:47:51.277+0300] {processor.py:840} INFO - DAG(s) 'tutorial_taskflow_api_virtualenv' retrieved from /mnt/d/airflow/airflow_project/airflow_venv/lib/python3.12/site-packages/airflow/example_dags/tutorial_taskflow_api_virtualenv.py
[2026-04-29T09:47:51.324+0300] {logging_mixin.py:188} INFO - [2026-04-29T09:47:51.323+0300] {dag.py:3089} INFO - Sync 1 DAGs
[2026-04-29T09:47:51.351+0300] {logging_mixin.py:188} INFO - [2026-04-29T09:47:51.350+0300] {dag.py:3947} INFO - Setting next_dagrun for tutorial_taskflow_api_virtualenv to None, run_after=None
[2026-04-29T09:47:51.496+0300] {processor.py:183} INFO - Processing /mnt/d/airflow/airflow_project/airflow_venv/lib/python3.12/site-packages/airflow/example_dags/tutorial_taskflow_api_virtualenv.py took 0.306 seconds
[2026-04-29T09:49:05.371+0300] {processor.py:161} INFO - Started process (PID=38360) to work on /mnt/d/airflow/airflow_project/airflow_venv/lib/python3.12/site-packages/airflow/example_dags/tutorial_taskflow_api_virtualenv.py
[2026-04-29T09:49:05.374+0300] {processor.py:830} INFO - Processing file /mnt/d/airflow/airflow_project/airflow_venv/lib/python3.12/site-packages/airflow/example_dags/tutorial_taskflow_api_virtualenv.py for tasks to queue
[2026-04-29T09:49:05.380+0300] {logging_mixin.py:188} INFO - [2026-04-29T09:49:05.377+0300] {dagbag.py:545} INFO - Filling up the DagBag from /mnt/d/airflow/airflow_project/airflow_venv/lib/python3.12/site-packages/airflow/example_dags/tutorial_taskflow_api_virtualenv.py
[2026-04-29T09:49:05.446+0300] {processor.py:840} INFO - DAG(s) 'tutorial_taskflow_api_virtualenv' retrieved from /mnt/d/airflow/airflow_project/airflow_venv/lib/python3.12/site-packages/airflow/example_dags/tutorial_taskflow_api_virtualenv.py
[2026-04-29T09:49:05.485+0300] {logging_mixin.py:188} INFO - [2026-04-29T09:49:05.484+0300] {dag.py:3089} INFO - Sync 1 DAGs
[2026-04-29T09:49:05.503+0300] {logging_mixin.py:188} INFO - [2026-04-29T09:49:05.502+0300] {dag.py:3947} INFO - Setting next_dagrun for tutorial_taskflow_api_virtualenv to None, run_after=None
[2026-04-29T09:49:05.591+0300] {processor.py:183} INFO - Processing /mnt/d/airflow/airflow_project/airflow_venv/lib/python3.12/site-packages/airflow/example_dags/tutorial_taskflow_api_virtualenv.py took 0.235 seconds
[2026-04-29T09:50:15.260+0300] {processor.py:161} INFO - Started process (PID=38753) to work on /mnt/d/airflow/airflow_project/airflow_venv/lib/python3.12/site-packages/airflow/example_dags/tutorial_taskflow_api_virtualenv.py
[2026-04-29T09:50:15.262+0300] {processor.py:830} INFO - Processing file /mnt/d/airflow/airflow_project/airflow_venv/lib/python3.12/site-packages/airflow/example_dags/tutorial_taskflow_api_virtualenv.py for tasks to queue
[2026-04-29T09:50:15.267+0300] {logging_mixin.py:188} INFO - [2026-04-29T09:50:15.265+0300] {dagbag.py:545} INFO - Filling up the DagBag from /mnt/d/airflow/airflow_project/airflow_venv/lib/python3.12/site-packages/airflow/example_dags/tutorial_taskflow_api_virtualenv.py
[2026-04-29T09:50:15.310+0300] {processor.py:840} INFO - DAG(s) 'tutorial_taskflow_api_virtualenv' retrieved from /mnt/d/airflow/airflow_project/airflow_venv/lib/python3.12/site-packages/airflow/example_dags/tutorial_taskflow_api_virtualenv.py
[2026-04-29T09:50:15.351+0300] {logging_mixin.py:188} INFO - [2026-04-29T09:50:15.350+0300] {dag.py:3089} INFO - Sync 1 DAGs
[2026-04-29T09:50:15.375+0300] {logging_mixin.py:188} INFO - [2026-04-29T09:50:15.373+0300] {dag.py:3947} INFO - Setting next_dagrun for tutorial_taskflow_api_virtualenv to None, run_after=None
[2026-04-29T09:50:15.570+0300] {processor.py:183} INFO - Processing /mnt/d/airflow/airflow_project/airflow_venv/lib/python3.12/site-packages/airflow/example_dags/tutorial_taskflow_api_virtualenv.py took 0.332 seconds
[2026-04-29T09:51:25.050+0300] {processor.py:161} INFO - Started process (PID=39159) to work on /mnt/d/airflow/airflow_project/airflow_venv/lib/python3.12/site-packages/airflow/example_dags/tutorial_taskflow_api_virtualenv.py
[2026-04-29T09:51:25.053+0300] {processor.py:830} INFO - Processing file /mnt/d/airflow/airflow_project/airflow_venv/lib/python3.12/site-packages/airflow/example_dags/tutorial_taskflow_api_virtualenv.py for tasks to queue
[2026-04-29T09:51:25.060+0300] {logging_mixin.py:188} INFO - [2026-04-29T09:51:25.058+0300] {dagbag.py:545} INFO - Filling up the DagBag from /mnt/d/airflow/airflow_project/airflow_venv/lib/python3.12/site-packages/airflow/example_dags/tutorial_taskflow_api_virtualenv.py
[2026-04-29T09:51:25.135+0300] {processor.py:840} INFO - DAG(s) 'tutorial_taskflow_api_virtualenv' retrieved from /mnt/d/airflow/airflow_project/airflow_venv/lib/python3.12/site-packages/airflow/example_dags/tutorial_taskflow_api_virtualenv.py
[2026-04-29T09:51:25.187+0300] {logging_mixin.py:188} INFO - [2026-04-29T09:51:25.186+0300] {dag.py:3089} INFO - Sync 1 DAGs
[2026-04-29T09:51:25.213+0300] {logging_mixin.py:188} INFO - [2026-04-29T09:51:25.205+0300] {dag.py:3947} INFO - Setting next_dagrun for tutorial_taskflow_api_virtualenv to None, run_after=None
[2026-04-29T09:51:25.305+0300] {processor.py:183} INFO - Processing /mnt/d/airflow/airflow_project/airflow_venv/lib/python3.12/site-packages/airflow/example_dags/tutorial_taskflow_api_virtualenv.py took 0.282 seconds
[2026-04-29T09:53:52.315+0300] {processor.py:161} INFO - Started process (PID=39974) to work on /mnt/d/airflow/airflow_project/airflow_venv/lib/python3.12/site-packages/airflow/example_dags/tutorial_taskflow_api_virtualenv.py
[2026-04-29T09:53:52.319+0300] {processor.py:830} INFO - Processing file /mnt/d/airflow/airflow_project/airflow_venv/lib/python3.12/site-packages/airflow/example_dags/tutorial_taskflow_api_virtualenv.py for tasks to queue
[2026-04-29T09:53:52.323+0300] {logging_mixin.py:188} INFO - [2026-04-29T09:53:52.321+0300] {dagbag.py:545} INFO - Filling up the DagBag from /mnt/d/airflow/airflow_project/airflow_venv/lib/python3.12/site-packages/airflow/example_dags/tutorial_taskflow_api_virtualenv.py
[2026-04-29T09:53:52.377+0300] {processor.py:840} INFO - DAG(s) 'tutorial_taskflow_api_virtualenv' retrieved from /mnt/d/airflow/airflow_project/airflow_venv/lib/python3.12/site-packages/airflow/example_dags/tutorial_taskflow_api_virtualenv.py
[2026-04-29T09:53:52.420+0300] {logging_mixin.py:188} INFO - [2026-04-29T09:53:52.419+0300] {dag.py:3089} INFO - Sync 1 DAGs
[2026-04-29T09:53:52.440+0300] {logging_mixin.py:188} INFO - [2026-04-29T09:53:52.439+0300] {dag.py:3947} INFO - Setting next_dagrun for tutorial_taskflow_api_virtualenv to None, run_after=None
[2026-04-29T09:53:52.533+0300] {processor.py:183} INFO - Processing /mnt/d/airflow/airflow_project/airflow_venv/lib/python3.12/site-packages/airflow/example_dags/tutorial_taskflow_api_virtualenv.py took 0.238 seconds
[2026-04-29T09:55:34.901+0300] {processor.py:161} INFO - Started process (PID=40565) to work on /mnt/d/airflow/airflow_project/airflow_venv/lib/python3.12/site-packages/airflow/example_dags/tutorial_taskflow_api_virtualenv.py
[2026-04-29T09:55:34.902+0300] {processor.py:830} INFO - Processing file /mnt/d/airflow/airflow_project/airflow_venv/lib/python3.12/site-packages/airflow/example_dags/tutorial_taskflow_api_virtualenv.py for tasks to queue
[2026-04-29T09:55:34.914+0300] {logging_mixin.py:188} INFO - [2026-04-29T09:55:34.904+0300] {dagbag.py:545} INFO - Filling up the DagBag from /mnt/d/airflow/airflow_project/airflow_venv/lib/python3.12/site-packages/airflow/example_dags/tutorial_taskflow_api_virtualenv.py
[2026-04-29T09:55:34.982+0300] {processor.py:840} INFO - DAG(s) 'tutorial_taskflow_api_virtualenv' retrieved from /mnt/d/airflow/airflow_project/airflow_venv/lib/python3.12/site-packages/airflow/example_dags/tutorial_taskflow_api_virtualenv.py
[2026-04-29T09:55:35.035+0300] {logging_mixin.py:188} INFO - [2026-04-29T09:55:35.034+0300] {dag.py:3089} INFO - Sync 1 DAGs
[2026-04-29T09:55:35.058+0300] {logging_mixin.py:188} INFO - [2026-04-29T09:55:35.056+0300] {dag.py:3947} INFO - Setting next_dagrun for tutorial_taskflow_api_virtualenv to None, run_after=None
[2026-04-29T09:55:35.153+0300] {processor.py:183} INFO - Processing /mnt/d/airflow/airflow_project/airflow_venv/lib/python3.12/site-packages/airflow/example_dags/tutorial_taskflow_api_virtualenv.py took 0.265 seconds
[2026-04-29T09:57:39.218+0300] {processor.py:161} INFO - Started process (PID=41313) to work on /mnt/d/airflow/airflow_project/airflow_venv/lib/python3.12/site-packages/airflow/example_dags/tutorial_taskflow_api_virtualenv.py
[2026-04-29T09:57:39.224+0300] {processor.py:830} INFO - Processing file /mnt/d/airflow/airflow_project/airflow_venv/lib/python3.12/site-packages/airflow/example_dags/tutorial_taskflow_api_virtualenv.py for tasks to queue
[2026-04-29T09:57:39.231+0300] {logging_mixin.py:188} INFO - [2026-04-29T09:57:39.229+0300] {dagbag.py:545} INFO - Filling up the DagBag from /mnt/d/airflow/airflow_project/airflow_venv/lib/python3.12/site-packages/airflow/example_dags/tutorial_taskflow_api_virtualenv.py
[2026-04-29T09:57:39.351+0300] {processor.py:840} INFO - DAG(s) 'tutorial_taskflow_api_virtualenv' retrieved from /mnt/d/airflow/airflow_project/airflow_venv/lib/python3.12/site-packages/airflow/example_dags/tutorial_taskflow_api_virtualenv.py
[2026-04-29T09:57:39.425+0300] {logging_mixin.py:188} INFO - [2026-04-29T09:57:39.422+0300] {dag.py:3089} INFO - Sync 1 DAGs
[2026-04-29T09:57:39.451+0300] {logging_mixin.py:188} INFO - [2026-04-29T09:57:39.448+0300] {dag.py:3947} INFO - Setting next_dagrun for tutorial_taskflow_api_virtualenv to None, run_after=None
[2026-04-29T09:57:39.654+0300] {processor.py:183} INFO - Processing /mnt/d/airflow/airflow_project/airflow_venv/lib/python3.12/site-packages/airflow/example_dags/tutorial_taskflow_api_virtualenv.py took 0.478 seconds
[2026-04-29T10:00:10.685+0300] {processor.py:161} INFO - Started process (PID=42144) to work on /mnt/d/airflow/airflow_project/airflow_venv/lib/python3.12/site-packages/airflow/example_dags/tutorial_taskflow_api_virtualenv.py
[2026-04-29T10:00:10.687+0300] {processor.py:830} INFO - Processing file /mnt/d/airflow/airflow_project/airflow_venv/lib/python3.12/site-packages/airflow/example_dags/tutorial_taskflow_api_virtualenv.py for tasks to queue
[2026-04-29T10:00:10.691+0300] {logging_mixin.py:188} INFO - [2026-04-29T10:00:10.689+0300] {dagbag.py:545} INFO - Filling up the DagBag from /mnt/d/airflow/airflow_project/airflow_venv/lib/python3.12/site-packages/airflow/example_dags/tutorial_taskflow_api_virtualenv.py
[2026-04-29T10:00:10.783+0300] {processor.py:840} INFO - DAG(s) 'tutorial_taskflow_api_virtualenv' retrieved from /mnt/d/airflow/airflow_project/airflow_venv/lib/python3.12/site-packages/airflow/example_dags/tutorial_taskflow_api_virtualenv.py
[2026-04-29T10:00:10.848+0300] {logging_mixin.py:188} INFO - [2026-04-29T10:00:10.846+0300] {dag.py:3089} INFO - Sync 1 DAGs
[2026-04-29T10:00:10.873+0300] {logging_mixin.py:188} INFO - [2026-04-29T10:00:10.871+0300] {dag.py:3947} INFO - Setting next_dagrun for tutorial_taskflow_api_virtualenv to None, run_after=None
[2026-04-29T10:00:11.177+0300] {processor.py:183} INFO - Processing /mnt/d/airflow/airflow_project/airflow_venv/lib/python3.12/site-packages/airflow/example_dags/tutorial_taskflow_api_virtualenv.py took 0.511 seconds
[2026-04-29T10:01:54.147+0300] {processor.py:161} INFO - Started process (PID=42709) to work on /mnt/d/airflow/airflow_project/airflow_venv/lib/python3.12/site-packages/airflow/example_dags/tutorial_taskflow_api_virtualenv.py
[2026-04-29T10:01:54.151+0300] {processor.py:830} INFO - Processing file /mnt/d/airflow/airflow_project/airflow_venv/lib/python3.12/site-packages/airflow/example_dags/tutorial_taskflow_api_virtualenv.py for tasks to queue
[2026-04-29T10:01:54.156+0300] {logging_mixin.py:188} INFO - [2026-04-29T10:01:54.155+0300] {dagbag.py:545} INFO - Filling up the DagBag from /mnt/d/airflow/airflow_project/airflow_venv/lib/python3.12/site-packages/airflow/example_dags/tutorial_taskflow_api_virtualenv.py
[2026-04-29T10:01:54.252+0300] {processor.py:840} INFO - DAG(s) 'tutorial_taskflow_api_virtualenv' retrieved from /mnt/d/airflow/airflow_project/airflow_venv/lib/python3.12/site-packages/airflow/example_dags/tutorial_taskflow_api_virtualenv.py
[2026-04-29T10:01:54.312+0300] {logging_mixin.py:188} INFO - [2026-04-29T10:01:54.310+0300] {dag.py:3089} INFO - Sync 1 DAGs
[2026-04-29T10:01:54.340+0300] {logging_mixin.py:188} INFO - [2026-04-29T10:01:54.337+0300] {dag.py:3947} INFO - Setting next_dagrun for tutorial_taskflow_api_virtualenv to None, run_after=None
[2026-04-29T10:01:54.590+0300] {processor.py:183} INFO - Processing /mnt/d/airflow/airflow_project/airflow_venv/lib/python3.12/site-packages/airflow/example_dags/tutorial_taskflow_api_virtualenv.py took 0.467 seconds
[2026-04-29T10:04:08.693+0300] {processor.py:161} INFO - Started process (PID=43460) to work on /mnt/d/airflow/airflow_project/airflow_venv/lib/python3.12/site-packages/airflow/example_dags/tutorial_taskflow_api_virtualenv.py
[2026-04-29T10:04:08.698+0300] {processor.py:830} INFO - Processing file /mnt/d/airflow/airflow_project/airflow_venv/lib/python3.12/site-packages/airflow/example_dags/tutorial_taskflow_api_virtualenv.py for tasks to queue
[2026-04-29T10:04:08.705+0300] {logging_mixin.py:188} INFO - [2026-04-29T10:04:08.703+0300] {dagbag.py:545} INFO - Filling up the DagBag from /mnt/d/airflow/airflow_project/airflow_venv/lib/python3.12/site-packages/airflow/example_dags/tutorial_taskflow_api_virtualenv.py
[2026-04-29T10:04:08.789+0300] {processor.py:840} INFO - DAG(s) 'tutorial_taskflow_api_virtualenv' retrieved from /mnt/d/airflow/airflow_project/airflow_venv/lib/python3.12/site-packages/airflow/example_dags/tutorial_taskflow_api_virtualenv.py
[2026-04-29T10:04:08.865+0300] {logging_mixin.py:188} INFO - [2026-04-29T10:04:08.863+0300] {dag.py:3089} INFO - Sync 1 DAGs
[2026-04-29T10:04:08.893+0300] {logging_mixin.py:188} INFO - [2026-04-29T10:04:08.891+0300] {dag.py:3947} INFO - Setting next_dagrun for tutorial_taskflow_api_virtualenv to None, run_after=None
[2026-04-29T10:04:09.203+0300] {processor.py:183} INFO - Processing /mnt/d/airflow/airflow_project/airflow_venv/lib/python3.12/site-packages/airflow/example_dags/tutorial_taskflow_api_virtualenv.py took 0.540 seconds
[2026-04-29T10:05:14.512+0300] {processor.py:161} INFO - Started process (PID=43847) to work on /mnt/d/airflow/airflow_project/airflow_venv/lib/python3.12/site-packages/airflow/example_dags/tutorial_taskflow_api_virtualenv.py
[2026-04-29T10:05:14.516+0300] {processor.py:830} INFO - Processing file /mnt/d/airflow/airflow_project/airflow_venv/lib/python3.12/site-packages/airflow/example_dags/tutorial_taskflow_api_virtualenv.py for tasks to queue
[2026-04-29T10:05:14.525+0300] {logging_mixin.py:188} INFO - [2026-04-29T10:05:14.522+0300] {dagbag.py:545} INFO - Filling up the DagBag from /mnt/d/airflow/airflow_project/airflow_venv/lib/python3.12/site-packages/airflow/example_dags/tutorial_taskflow_api_virtualenv.py
[2026-04-29T10:05:14.607+0300] {processor.py:840} INFO - DAG(s) 'tutorial_taskflow_api_virtualenv' retrieved from /mnt/d/airflow/airflow_project/airflow_venv/lib/python3.12/site-packages/airflow/example_dags/tutorial_taskflow_api_virtualenv.py
[2026-04-29T10:05:14.653+0300] {logging_mixin.py:188} INFO - [2026-04-29T10:05:14.651+0300] {dag.py:3089} INFO - Sync 1 DAGs
[2026-04-29T10:05:14.674+0300] {logging_mixin.py:188} INFO - [2026-04-29T10:05:14.672+0300] {dag.py:3947} INFO - Setting next_dagrun for tutorial_taskflow_api_virtualenv to None, run_after=None
[2026-04-29T10:05:14.845+0300] {processor.py:183} INFO - Processing /mnt/d/airflow/airflow_project/airflow_venv/lib/python3.12/site-packages/airflow/example_dags/tutorial_taskflow_api_virtualenv.py took 0.362 seconds
[2026-04-29T10:06:18.817+0300] {processor.py:161} INFO - Started process (PID=44202) to work on /mnt/d/airflow/airflow_project/airflow_venv/lib/python3.12/site-packages/airflow/example_dags/tutorial_taskflow_api_virtualenv.py
[2026-04-29T10:06:18.821+0300] {processor.py:830} INFO - Processing file /mnt/d/airflow/airflow_project/airflow_venv/lib/python3.12/site-packages/airflow/example_dags/tutorial_taskflow_api_virtualenv.py for tasks to queue
[2026-04-29T10:06:18.827+0300] {logging_mixin.py:188} INFO - [2026-04-29T10:06:18.825+0300] {dagbag.py:545} INFO - Filling up the DagBag from /mnt/d/airflow/airflow_project/airflow_venv/lib/python3.12/site-packages/airflow/example_dags/tutorial_taskflow_api_virtualenv.py
[2026-04-29T10:06:18.915+0300] {processor.py:840} INFO - DAG(s) 'tutorial_taskflow_api_virtualenv' retrieved from /mnt/d/airflow/airflow_project/airflow_venv/lib/python3.12/site-packages/airflow/example_dags/tutorial_taskflow_api_virtualenv.py
[2026-04-29T10:06:18.972+0300] {logging_mixin.py:188} INFO - [2026-04-29T10:06:18.970+0300] {dag.py:3089} INFO - Sync 1 DAGs
[2026-04-29T10:06:18.997+0300] {logging_mixin.py:188} INFO - [2026-04-29T10:06:18.995+0300] {dag.py:3947} INFO - Setting next_dagrun for tutorial_taskflow_api_virtualenv to None, run_after=None
[2026-04-29T10:06:19.159+0300] {processor.py:183} INFO - Processing /mnt/d/airflow/airflow_project/airflow_venv/lib/python3.12/site-packages/airflow/example_dags/tutorial_taskflow_api_virtualenv.py took 0.367 seconds
[2026-04-29T10:07:28.153+0300] {processor.py:161} INFO - Started process (PID=44594) to work on /mnt/d/airflow/airflow_project/airflow_venv/lib/python3.12/site-packages/airflow/example_dags/tutorial_taskflow_api_virtualenv.py
[2026-04-29T10:07:28.158+0300] {processor.py:830} INFO - Processing file /mnt/d/airflow/airflow_project/airflow_venv/lib/python3.12/site-packages/airflow/example_dags/tutorial_taskflow_api_virtualenv.py for tasks to queue
[2026-04-29T10:07:28.164+0300] {logging_mixin.py:188} INFO - [2026-04-29T10:07:28.162+0300] {dagbag.py:545} INFO - Filling up the DagBag from /mnt/d/airflow/airflow_project/airflow_venv/lib/python3.12/site-packages/airflow/example_dags/tutorial_taskflow_api_virtualenv.py
[2026-04-29T10:07:28.250+0300] {processor.py:840} INFO - DAG(s) 'tutorial_taskflow_api_virtualenv' retrieved from /mnt/d/airflow/airflow_project/airflow_venv/lib/python3.12/site-packages/airflow/example_dags/tutorial_taskflow_api_virtualenv.py
[2026-04-29T10:07:28.417+0300] {logging_mixin.py:188} INFO - [2026-04-29T10:07:28.415+0300] {dag.py:3089} INFO - Sync 1 DAGs
[2026-04-29T10:07:28.438+0300] {logging_mixin.py:188} INFO - [2026-04-29T10:07:28.436+0300] {dag.py:3947} INFO - Setting next_dagrun for tutorial_taskflow_api_virtualenv to None, run_after=None
[2026-04-29T10:07:28.575+0300] {processor.py:183} INFO - Processing /mnt/d/airflow/airflow_project/airflow_venv/lib/python3.12/site-packages/airflow/example_dags/tutorial_taskflow_api_virtualenv.py took 0.450 seconds
[2026-04-29T10:08:33.269+0300] {processor.py:161} INFO - Started process (PID=44958) to work on /mnt/d/airflow/airflow_project/airflow_venv/lib/python3.12/site-packages/airflow/example_dags/tutorial_taskflow_api_virtualenv.py
[2026-04-29T10:08:33.271+0300] {processor.py:830} INFO - Processing file /mnt/d/airflow/airflow_project/airflow_venv/lib/python3.12/site-packages/airflow/example_dags/tutorial_taskflow_api_virtualenv.py for tasks to queue
[2026-04-29T10:08:33.274+0300] {logging_mixin.py:188} INFO - [2026-04-29T10:08:33.273+0300] {dagbag.py:545} INFO - Filling up the DagBag from /mnt/d/airflow/airflow_project/airflow_venv/lib/python3.12/site-packages/airflow/example_dags/tutorial_taskflow_api_virtualenv.py
[2026-04-29T10:08:33.318+0300] {processor.py:840} INFO - DAG(s) 'tutorial_taskflow_api_virtualenv' retrieved from /mnt/d/airflow/airflow_project/airflow_venv/lib/python3.12/site-packages/airflow/example_dags/tutorial_taskflow_api_virtualenv.py
[2026-04-29T10:08:33.375+0300] {logging_mixin.py:188} INFO - [2026-04-29T10:08:33.373+0300] {dag.py:3089} INFO - Sync 1 DAGs
[2026-04-29T10:08:33.397+0300] {logging_mixin.py:188} INFO - [2026-04-29T10:08:33.395+0300] {dag.py:3947} INFO - Setting next_dagrun for tutorial_taskflow_api_virtualenv to None, run_after=None
[2026-04-29T10:08:33.483+0300] {processor.py:183} INFO - Processing /mnt/d/airflow/airflow_project/airflow_venv/lib/python3.12/site-packages/airflow/example_dags/tutorial_taskflow_api_virtualenv.py took 0.234 seconds
[2026-04-29T10:09:31.488+0300] {processor.py:161} INFO - Started process (PID=45276) to work on /mnt/d/airflow/airflow_project/airflow_venv/lib/python3.12/site-packages/airflow/example_dags/tutorial_taskflow_api_virtualenv.py
[2026-04-29T10:09:31.493+0300] {processor.py:830} INFO - Processing file /mnt/d/airflow/airflow_project/airflow_venv/lib/python3.12/site-packages/airflow/example_dags/tutorial_taskflow_api_virtualenv.py for tasks to queue
[2026-04-29T10:09:31.503+0300] {logging_mixin.py:188} INFO - [2026-04-29T10:09:31.499+0300] {dagbag.py:545} INFO - Filling up the DagBag from /mnt/d/airflow/airflow_project/airflow_venv/lib/python3.12/site-packages/airflow/example_dags/tutorial_taskflow_api_virtualenv.py
[2026-04-29T10:09:31.613+0300] {processor.py:840} INFO - DAG(s) 'tutorial_taskflow_api_virtualenv' retrieved from /mnt/d/airflow/airflow_project/airflow_venv/lib/python3.12/site-packages/airflow/example_dags/tutorial_taskflow_api_virtualenv.py
[2026-04-29T10:09:31.684+0300] {logging_mixin.py:188} INFO - [2026-04-29T10:09:31.682+0300] {dag.py:3089} INFO - Sync 1 DAGs
[2026-04-29T10:09:31.712+0300] {logging_mixin.py:188} INFO - [2026-04-29T10:09:31.710+0300] {dag.py:3947} INFO - Setting next_dagrun for tutorial_taskflow_api_virtualenv to None, run_after=None
[2026-04-29T10:09:31.815+0300] {processor.py:183} INFO - Processing /mnt/d/airflow/airflow_project/airflow_venv/lib/python3.12/site-packages/airflow/example_dags/tutorial_taskflow_api_virtualenv.py took 0.363 seconds
[2026-04-29T10:10:37.946+0300] {processor.py:161} INFO - Started process (PID=45638) to work on /mnt/d/airflow/airflow_project/airflow_venv/lib/python3.12/site-packages/airflow/example_dags/tutorial_taskflow_api_virtualenv.py
[2026-04-29T10:10:37.950+0300] {processor.py:830} INFO - Processing file /mnt/d/airflow/airflow_project/airflow_venv/lib/python3.12/site-packages/airflow/example_dags/tutorial_taskflow_api_virtualenv.py for tasks to queue
[2026-04-29T10:10:37.957+0300] {logging_mixin.py:188} INFO - [2026-04-29T10:10:37.955+0300] {dagbag.py:545} INFO - Filling up the DagBag from /mnt/d/airflow/airflow_project/airflow_venv/lib/python3.12/site-packages/airflow/example_dags/tutorial_taskflow_api_virtualenv.py
[2026-04-29T10:10:38.044+0300] {processor.py:840} INFO - DAG(s) 'tutorial_taskflow_api_virtualenv' retrieved from /mnt/d/airflow/airflow_project/airflow_venv/lib/python3.12/site-packages/airflow/example_dags/tutorial_taskflow_api_virtualenv.py
[2026-04-29T10:10:38.094+0300] {logging_mixin.py:188} INFO - [2026-04-29T10:10:38.092+0300] {dag.py:3089} INFO - Sync 1 DAGs
[2026-04-29T10:10:38.124+0300] {logging_mixin.py:188} INFO - [2026-04-29T10:10:38.122+0300] {dag.py:3947} INFO - Setting next_dagrun for tutorial_taskflow_api_virtualenv to None, run_after=None
[2026-04-29T10:10:38.297+0300] {processor.py:183} INFO - Processing /mnt/d/airflow/airflow_project/airflow_venv/lib/python3.12/site-packages/airflow/example_dags/tutorial_taskflow_api_virtualenv.py took 0.384 seconds
[2026-04-29T10:11:47.520+0300] {processor.py:161} INFO - Started process (PID=46019) to work on /mnt/d/airflow/airflow_project/airflow_venv/lib/python3.12/site-packages/airflow/example_dags/tutorial_taskflow_api_virtualenv.py
[2026-04-29T10:11:47.524+0300] {processor.py:830} INFO - Processing file /mnt/d/airflow/airflow_project/airflow_venv/lib/python3.12/site-packages/airflow/example_dags/tutorial_taskflow_api_virtualenv.py for tasks to queue
[2026-04-29T10:11:47.531+0300] {logging_mixin.py:188} INFO - [2026-04-29T10:11:47.528+0300] {dagbag.py:545} INFO - Filling up the DagBag from /mnt/d/airflow/airflow_project/airflow_venv/lib/python3.12/site-packages/airflow/example_dags/tutorial_taskflow_api_virtualenv.py
[2026-04-29T10:11:47.620+0300] {processor.py:840} INFO - DAG(s) 'tutorial_taskflow_api_virtualenv' retrieved from /mnt/d/airflow/airflow_project/airflow_venv/lib/python3.12/site-packages/airflow/example_dags/tutorial_taskflow_api_virtualenv.py
[2026-04-29T10:11:47.679+0300] {logging_mixin.py:188} INFO - [2026-04-29T10:11:47.677+0300] {dag.py:3089} INFO - Sync 1 DAGs
[2026-04-29T10:11:47.701+0300] {logging_mixin.py:188} INFO - [2026-04-29T10:11:47.699+0300] {dag.py:3947} INFO - Setting next_dagrun for tutorial_taskflow_api_virtualenv to None, run_after=None
[2026-04-29T10:11:47.857+0300] {processor.py:183} INFO - Processing /mnt/d/airflow/airflow_project/airflow_venv/lib/python3.12/site-packages/airflow/example_dags/tutorial_taskflow_api_virtualenv.py took 0.397 seconds
[2026-04-29T10:12:51.018+0300] {processor.py:161} INFO - Started process (PID=46377) to work on /mnt/d/airflow/airflow_project/airflow_venv/lib/python3.12/site-packages/airflow/example_dags/tutorial_taskflow_api_virtualenv.py
[2026-04-29T10:12:51.023+0300] {processor.py:830} INFO - Processing file /mnt/d/airflow/airflow_project/airflow_venv/lib/python3.12/site-packages/airflow/example_dags/tutorial_taskflow_api_virtualenv.py for tasks to queue
[2026-04-29T10:12:51.031+0300] {logging_mixin.py:188} INFO - [2026-04-29T10:12:51.028+0300] {dagbag.py:545} INFO - Filling up the DagBag from /mnt/d/airflow/airflow_project/airflow_venv/lib/python3.12/site-packages/airflow/example_dags/tutorial_taskflow_api_virtualenv.py
[2026-04-29T10:12:51.111+0300] {processor.py:840} INFO - DAG(s) 'tutorial_taskflow_api_virtualenv' retrieved from /mnt/d/airflow/airflow_project/airflow_venv/lib/python3.12/site-packages/airflow/example_dags/tutorial_taskflow_api_virtualenv.py
[2026-04-29T10:12:51.157+0300] {logging_mixin.py:188} INFO - [2026-04-29T10:12:51.155+0300] {dag.py:3089} INFO - Sync 1 DAGs
[2026-04-29T10:12:51.175+0300] {logging_mixin.py:188} INFO - [2026-04-29T10:12:51.174+0300] {dag.py:3947} INFO - Setting next_dagrun for tutorial_taskflow_api_virtualenv to None, run_after=None
[2026-04-29T10:12:51.287+0300] {processor.py:183} INFO - Processing /mnt/d/airflow/airflow_project/airflow_venv/lib/python3.12/site-packages/airflow/example_dags/tutorial_taskflow_api_virtualenv.py took 0.301 seconds
