[2026-04-29T09:14:23.649+0300] {processor.py:161} INFO - Started process (PID=26239) to work on /mnt/d/airflow/airflow_project/airflow_venv/lib/python3.12/site-packages/airflow/example_dags/tutorial_objectstorage.py
[2026-04-29T09:14:23.651+0300] {processor.py:830} INFO - Processing file /mnt/d/airflow/airflow_project/airflow_venv/lib/python3.12/site-packages/airflow/example_dags/tutorial_objectstorage.py for tasks to queue
[2026-04-29T09:14:23.655+0300] {logging_mixin.py:188} INFO - [2026-04-29T09:14:23.652+0300] {dagbag.py:545} INFO - Filling up the DagBag from /mnt/d/airflow/airflow_project/airflow_venv/lib/python3.12/site-packages/airflow/example_dags/tutorial_objectstorage.py
[2026-04-29T09:14:23.813+0300] {processor.py:840} INFO - DAG(s) 'tutorial_objectstorage' retrieved from /mnt/d/airflow/airflow_project/airflow_venv/lib/python3.12/site-packages/airflow/example_dags/tutorial_objectstorage.py
[2026-04-29T09:14:25.210+0300] {logging_mixin.py:188} INFO - [2026-04-29T09:14:25.208+0300] {override.py:1858} INFO - Created Permission View: can edit on DAG:tutorial_objectstorage
[2026-04-29T09:14:25.236+0300] {logging_mixin.py:188} INFO - [2026-04-29T09:14:25.235+0300] {override.py:1858} INFO - Created Permission View: can delete on DAG:tutorial_objectstorage
[2026-04-29T09:14:25.307+0300] {logging_mixin.py:188} INFO - [2026-04-29T09:14:25.306+0300] {override.py:1858} INFO - Created Permission View: can read on DAG:tutorial_objectstorage
[2026-04-29T09:14:25.322+0300] {logging_mixin.py:188} INFO - [2026-04-29T09:14:25.311+0300] {dag.py:3089} INFO - Sync 1 DAGs
[2026-04-29T09:14:25.345+0300] {logging_mixin.py:188} INFO - [2026-04-29T09:14:25.344+0300] {dag.py:3111} INFO - Creating ORM DAG for tutorial_objectstorage
[2026-04-29T09:14:25.348+0300] {logging_mixin.py:188} INFO - [2026-04-29T09:14:25.347+0300] {dag.py:3947} INFO - Setting next_dagrun for tutorial_objectstorage to None, run_after=None
[2026-04-29T09:14:25.399+0300] {processor.py:183} INFO - Processing /mnt/d/airflow/airflow_project/airflow_venv/lib/python3.12/site-packages/airflow/example_dags/tutorial_objectstorage.py took 1.763 seconds
[2026-04-29T09:17:01.409+0300] {processor.py:161} INFO - Started process (PID=27136) to work on /mnt/d/airflow/airflow_project/airflow_venv/lib/python3.12/site-packages/airflow/example_dags/tutorial_objectstorage.py
[2026-04-29T09:17:01.411+0300] {processor.py:830} INFO - Processing file /mnt/d/airflow/airflow_project/airflow_venv/lib/python3.12/site-packages/airflow/example_dags/tutorial_objectstorage.py for tasks to queue
[2026-04-29T09:17:01.418+0300] {logging_mixin.py:188} INFO - [2026-04-29T09:17:01.417+0300] {dagbag.py:545} INFO - Filling up the DagBag from /mnt/d/airflow/airflow_project/airflow_venv/lib/python3.12/site-packages/airflow/example_dags/tutorial_objectstorage.py
[2026-04-29T09:17:01.475+0300] {processor.py:840} INFO - DAG(s) 'tutorial_objectstorage' retrieved from /mnt/d/airflow/airflow_project/airflow_venv/lib/python3.12/site-packages/airflow/example_dags/tutorial_objectstorage.py
[2026-04-29T09:17:01.519+0300] {logging_mixin.py:188} INFO - [2026-04-29T09:17:01.517+0300] {dag.py:3089} INFO - Sync 1 DAGs
[2026-04-29T09:17:01.536+0300] {logging_mixin.py:188} INFO - [2026-04-29T09:17:01.535+0300] {dag.py:3947} INFO - Setting next_dagrun for tutorial_objectstorage to None, run_after=None
[2026-04-29T09:17:01.736+0300] {processor.py:183} INFO - Processing /mnt/d/airflow/airflow_project/airflow_venv/lib/python3.12/site-packages/airflow/example_dags/tutorial_objectstorage.py took 0.348 seconds
[2026-04-29T09:18:13.944+0300] {processor.py:161} INFO - Started process (PID=27577) to work on /mnt/d/airflow/airflow_project/airflow_venv/lib/python3.12/site-packages/airflow/example_dags/tutorial_objectstorage.py
[2026-04-29T09:18:13.948+0300] {processor.py:830} INFO - Processing file /mnt/d/airflow/airflow_project/airflow_venv/lib/python3.12/site-packages/airflow/example_dags/tutorial_objectstorage.py for tasks to queue
[2026-04-29T09:18:13.956+0300] {logging_mixin.py:188} INFO - [2026-04-29T09:18:13.953+0300] {dagbag.py:545} INFO - Filling up the DagBag from /mnt/d/airflow/airflow_project/airflow_venv/lib/python3.12/site-packages/airflow/example_dags/tutorial_objectstorage.py
[2026-04-29T09:18:14.036+0300] {processor.py:840} INFO - DAG(s) 'tutorial_objectstorage' retrieved from /mnt/d/airflow/airflow_project/airflow_venv/lib/python3.12/site-packages/airflow/example_dags/tutorial_objectstorage.py
[2026-04-29T09:18:14.116+0300] {logging_mixin.py:188} INFO - [2026-04-29T09:18:14.112+0300] {dag.py:3089} INFO - Sync 1 DAGs
[2026-04-29T09:18:14.152+0300] {logging_mixin.py:188} INFO - [2026-04-29T09:18:14.148+0300] {dag.py:3947} INFO - Setting next_dagrun for tutorial_objectstorage to None, run_after=None
[2026-04-29T09:18:14.357+0300] {processor.py:183} INFO - Processing /mnt/d/airflow/airflow_project/airflow_venv/lib/python3.12/site-packages/airflow/example_dags/tutorial_objectstorage.py took 0.446 seconds
[2026-04-29T09:19:19.128+0300] {processor.py:161} INFO - Started process (PID=27948) to work on /mnt/d/airflow/airflow_project/airflow_venv/lib/python3.12/site-packages/airflow/example_dags/tutorial_objectstorage.py
[2026-04-29T09:19:19.133+0300] {processor.py:830} INFO - Processing file /mnt/d/airflow/airflow_project/airflow_venv/lib/python3.12/site-packages/airflow/example_dags/tutorial_objectstorage.py for tasks to queue
[2026-04-29T09:19:19.142+0300] {logging_mixin.py:188} INFO - [2026-04-29T09:19:19.139+0300] {dagbag.py:545} INFO - Filling up the DagBag from /mnt/d/airflow/airflow_project/airflow_venv/lib/python3.12/site-packages/airflow/example_dags/tutorial_objectstorage.py
[2026-04-29T09:19:19.214+0300] {processor.py:840} INFO - DAG(s) 'tutorial_objectstorage' retrieved from /mnt/d/airflow/airflow_project/airflow_venv/lib/python3.12/site-packages/airflow/example_dags/tutorial_objectstorage.py
[2026-04-29T09:19:19.277+0300] {logging_mixin.py:188} INFO - [2026-04-29T09:19:19.275+0300] {dag.py:3089} INFO - Sync 1 DAGs
[2026-04-29T09:19:19.295+0300] {logging_mixin.py:188} INFO - [2026-04-29T09:19:19.294+0300] {dag.py:3947} INFO - Setting next_dagrun for tutorial_objectstorage to None, run_after=None
[2026-04-29T09:19:19.413+0300] {processor.py:183} INFO - Processing /mnt/d/airflow/airflow_project/airflow_venv/lib/python3.12/site-packages/airflow/example_dags/tutorial_objectstorage.py took 0.319 seconds
[2026-04-29T09:20:33.132+0300] {processor.py:161} INFO - Started process (PID=28397) to work on /mnt/d/airflow/airflow_project/airflow_venv/lib/python3.12/site-packages/airflow/example_dags/tutorial_objectstorage.py
[2026-04-29T09:20:33.136+0300] {processor.py:830} INFO - Processing file /mnt/d/airflow/airflow_project/airflow_venv/lib/python3.12/site-packages/airflow/example_dags/tutorial_objectstorage.py for tasks to queue
[2026-04-29T09:20:33.147+0300] {logging_mixin.py:188} INFO - [2026-04-29T09:20:33.144+0300] {dagbag.py:545} INFO - Filling up the DagBag from /mnt/d/airflow/airflow_project/airflow_venv/lib/python3.12/site-packages/airflow/example_dags/tutorial_objectstorage.py
[2026-04-29T09:20:33.237+0300] {processor.py:840} INFO - DAG(s) 'tutorial_objectstorage' retrieved from /mnt/d/airflow/airflow_project/airflow_venv/lib/python3.12/site-packages/airflow/example_dags/tutorial_objectstorage.py
[2026-04-29T09:20:33.326+0300] {logging_mixin.py:188} INFO - [2026-04-29T09:20:33.322+0300] {dag.py:3089} INFO - Sync 1 DAGs
[2026-04-29T09:20:33.356+0300] {logging_mixin.py:188} INFO - [2026-04-29T09:20:33.352+0300] {dag.py:3947} INFO - Setting next_dagrun for tutorial_objectstorage to None, run_after=None
[2026-04-29T09:20:33.561+0300] {processor.py:183} INFO - Processing /mnt/d/airflow/airflow_project/airflow_venv/lib/python3.12/site-packages/airflow/example_dags/tutorial_objectstorage.py took 0.469 seconds
[2026-04-29T09:21:40.984+0300] {processor.py:161} INFO - Started process (PID=28784) to work on /mnt/d/airflow/airflow_project/airflow_venv/lib/python3.12/site-packages/airflow/example_dags/tutorial_objectstorage.py
[2026-04-29T09:21:40.986+0300] {processor.py:830} INFO - Processing file /mnt/d/airflow/airflow_project/airflow_venv/lib/python3.12/site-packages/airflow/example_dags/tutorial_objectstorage.py for tasks to queue
[2026-04-29T09:21:40.990+0300] {logging_mixin.py:188} INFO - [2026-04-29T09:21:40.989+0300] {dagbag.py:545} INFO - Filling up the DagBag from /mnt/d/airflow/airflow_project/airflow_venv/lib/python3.12/site-packages/airflow/example_dags/tutorial_objectstorage.py
[2026-04-29T09:21:41.029+0300] {processor.py:840} INFO - DAG(s) 'tutorial_objectstorage' retrieved from /mnt/d/airflow/airflow_project/airflow_venv/lib/python3.12/site-packages/airflow/example_dags/tutorial_objectstorage.py
[2026-04-29T09:21:41.082+0300] {logging_mixin.py:188} INFO - [2026-04-29T09:21:41.080+0300] {dag.py:3089} INFO - Sync 1 DAGs
[2026-04-29T09:21:41.104+0300] {logging_mixin.py:188} INFO - [2026-04-29T09:21:41.102+0300] {dag.py:3947} INFO - Setting next_dagrun for tutorial_objectstorage to None, run_after=None
[2026-04-29T09:21:41.300+0300] {processor.py:183} INFO - Processing /mnt/d/airflow/airflow_project/airflow_venv/lib/python3.12/site-packages/airflow/example_dags/tutorial_objectstorage.py took 0.333 seconds
[2026-04-29T09:22:37.418+0300] {processor.py:161} INFO - Started process (PID=29120) to work on /mnt/d/airflow/airflow_project/airflow_venv/lib/python3.12/site-packages/airflow/example_dags/tutorial_objectstorage.py
[2026-04-29T09:22:37.421+0300] {processor.py:830} INFO - Processing file /mnt/d/airflow/airflow_project/airflow_venv/lib/python3.12/site-packages/airflow/example_dags/tutorial_objectstorage.py for tasks to queue
[2026-04-29T09:22:37.426+0300] {logging_mixin.py:188} INFO - [2026-04-29T09:22:37.424+0300] {dagbag.py:545} INFO - Filling up the DagBag from /mnt/d/airflow/airflow_project/airflow_venv/lib/python3.12/site-packages/airflow/example_dags/tutorial_objectstorage.py
[2026-04-29T09:22:37.473+0300] {processor.py:840} INFO - DAG(s) 'tutorial_objectstorage' retrieved from /mnt/d/airflow/airflow_project/airflow_venv/lib/python3.12/site-packages/airflow/example_dags/tutorial_objectstorage.py
[2026-04-29T09:22:37.539+0300] {logging_mixin.py:188} INFO - [2026-04-29T09:22:37.536+0300] {dag.py:3089} INFO - Sync 1 DAGs
[2026-04-29T09:22:37.568+0300] {logging_mixin.py:188} INFO - [2026-04-29T09:22:37.564+0300] {dag.py:3947} INFO - Setting next_dagrun for tutorial_objectstorage to None, run_after=None
[2026-04-29T09:22:37.776+0300] {processor.py:183} INFO - Processing /mnt/d/airflow/airflow_project/airflow_venv/lib/python3.12/site-packages/airflow/example_dags/tutorial_objectstorage.py took 0.382 seconds
[2026-04-29T09:23:38.265+0300] {processor.py:161} INFO - Started process (PID=29468) to work on /mnt/d/airflow/airflow_project/airflow_venv/lib/python3.12/site-packages/airflow/example_dags/tutorial_objectstorage.py
[2026-04-29T09:23:38.270+0300] {processor.py:830} INFO - Processing file /mnt/d/airflow/airflow_project/airflow_venv/lib/python3.12/site-packages/airflow/example_dags/tutorial_objectstorage.py for tasks to queue
[2026-04-29T09:23:38.280+0300] {logging_mixin.py:188} INFO - [2026-04-29T09:23:38.277+0300] {dagbag.py:545} INFO - Filling up the DagBag from /mnt/d/airflow/airflow_project/airflow_venv/lib/python3.12/site-packages/airflow/example_dags/tutorial_objectstorage.py
[2026-04-29T09:23:38.355+0300] {processor.py:840} INFO - DAG(s) 'tutorial_objectstorage' retrieved from /mnt/d/airflow/airflow_project/airflow_venv/lib/python3.12/site-packages/airflow/example_dags/tutorial_objectstorage.py
[2026-04-29T09:23:38.422+0300] {logging_mixin.py:188} INFO - [2026-04-29T09:23:38.419+0300] {dag.py:3089} INFO - Sync 1 DAGs
[2026-04-29T09:23:38.450+0300] {logging_mixin.py:188} INFO - [2026-04-29T09:23:38.447+0300] {dag.py:3947} INFO - Setting next_dagrun for tutorial_objectstorage to None, run_after=None
[2026-04-29T09:23:38.661+0300] {processor.py:183} INFO - Processing /mnt/d/airflow/airflow_project/airflow_venv/lib/python3.12/site-packages/airflow/example_dags/tutorial_objectstorage.py took 0.440 seconds
[2026-04-29T09:24:47.468+0300] {processor.py:161} INFO - Started process (PID=29852) to work on /mnt/d/airflow/airflow_project/airflow_venv/lib/python3.12/site-packages/airflow/example_dags/tutorial_objectstorage.py
[2026-04-29T09:24:47.470+0300] {processor.py:830} INFO - Processing file /mnt/d/airflow/airflow_project/airflow_venv/lib/python3.12/site-packages/airflow/example_dags/tutorial_objectstorage.py for tasks to queue
[2026-04-29T09:24:47.477+0300] {logging_mixin.py:188} INFO - [2026-04-29T09:24:47.474+0300] {dagbag.py:545} INFO - Filling up the DagBag from /mnt/d/airflow/airflow_project/airflow_venv/lib/python3.12/site-packages/airflow/example_dags/tutorial_objectstorage.py
[2026-04-29T09:24:47.567+0300] {processor.py:840} INFO - DAG(s) 'tutorial_objectstorage' retrieved from /mnt/d/airflow/airflow_project/airflow_venv/lib/python3.12/site-packages/airflow/example_dags/tutorial_objectstorage.py
[2026-04-29T09:24:47.630+0300] {logging_mixin.py:188} INFO - [2026-04-29T09:24:47.627+0300] {dag.py:3089} INFO - Sync 1 DAGs
[2026-04-29T09:24:47.653+0300] {logging_mixin.py:188} INFO - [2026-04-29T09:24:47.650+0300] {dag.py:3947} INFO - Setting next_dagrun for tutorial_objectstorage to None, run_after=None
[2026-04-29T09:24:47.878+0300] {processor.py:183} INFO - Processing /mnt/d/airflow/airflow_project/airflow_venv/lib/python3.12/site-packages/airflow/example_dags/tutorial_objectstorage.py took 0.441 seconds
[2026-04-29T09:25:58.843+0300] {processor.py:161} INFO - Started process (PID=30255) to work on /mnt/d/airflow/airflow_project/airflow_venv/lib/python3.12/site-packages/airflow/example_dags/tutorial_objectstorage.py
[2026-04-29T09:25:58.848+0300] {processor.py:830} INFO - Processing file /mnt/d/airflow/airflow_project/airflow_venv/lib/python3.12/site-packages/airflow/example_dags/tutorial_objectstorage.py for tasks to queue
[2026-04-29T09:25:58.855+0300] {logging_mixin.py:188} INFO - [2026-04-29T09:25:58.853+0300] {dagbag.py:545} INFO - Filling up the DagBag from /mnt/d/airflow/airflow_project/airflow_venv/lib/python3.12/site-packages/airflow/example_dags/tutorial_objectstorage.py
[2026-04-29T09:25:58.929+0300] {processor.py:840} INFO - DAG(s) 'tutorial_objectstorage' retrieved from /mnt/d/airflow/airflow_project/airflow_venv/lib/python3.12/site-packages/airflow/example_dags/tutorial_objectstorage.py
[2026-04-29T09:25:58.996+0300] {logging_mixin.py:188} INFO - [2026-04-29T09:25:58.994+0300] {dag.py:3089} INFO - Sync 1 DAGs
[2026-04-29T09:25:59.024+0300] {logging_mixin.py:188} INFO - [2026-04-29T09:25:59.021+0300] {dag.py:3947} INFO - Setting next_dagrun for tutorial_objectstorage to None, run_after=None
[2026-04-29T09:25:59.118+0300] {processor.py:183} INFO - Processing /mnt/d/airflow/airflow_project/airflow_venv/lib/python3.12/site-packages/airflow/example_dags/tutorial_objectstorage.py took 0.320 seconds
[2026-04-29T09:27:10.402+0300] {processor.py:161} INFO - Started process (PID=30654) to work on /mnt/d/airflow/airflow_project/airflow_venv/lib/python3.12/site-packages/airflow/example_dags/tutorial_objectstorage.py
[2026-04-29T09:27:10.405+0300] {processor.py:830} INFO - Processing file /mnt/d/airflow/airflow_project/airflow_venv/lib/python3.12/site-packages/airflow/example_dags/tutorial_objectstorage.py for tasks to queue
[2026-04-29T09:27:10.409+0300] {logging_mixin.py:188} INFO - [2026-04-29T09:27:10.408+0300] {dagbag.py:545} INFO - Filling up the DagBag from /mnt/d/airflow/airflow_project/airflow_venv/lib/python3.12/site-packages/airflow/example_dags/tutorial_objectstorage.py
[2026-04-29T09:27:10.471+0300] {processor.py:840} INFO - DAG(s) 'tutorial_objectstorage' retrieved from /mnt/d/airflow/airflow_project/airflow_venv/lib/python3.12/site-packages/airflow/example_dags/tutorial_objectstorage.py
[2026-04-29T09:27:10.509+0300] {logging_mixin.py:188} INFO - [2026-04-29T09:27:10.507+0300] {dag.py:3089} INFO - Sync 1 DAGs
[2026-04-29T09:27:10.524+0300] {logging_mixin.py:188} INFO - [2026-04-29T09:27:10.523+0300] {dag.py:3947} INFO - Setting next_dagrun for tutorial_objectstorage to None, run_after=None
[2026-04-29T09:27:10.629+0300] {processor.py:183} INFO - Processing /mnt/d/airflow/airflow_project/airflow_venv/lib/python3.12/site-packages/airflow/example_dags/tutorial_objectstorage.py took 0.257 seconds
[2026-04-29T09:28:26.038+0300] {processor.py:161} INFO - Started process (PID=31088) to work on /mnt/d/airflow/airflow_project/airflow_venv/lib/python3.12/site-packages/airflow/example_dags/tutorial_objectstorage.py
[2026-04-29T09:28:26.041+0300] {processor.py:830} INFO - Processing file /mnt/d/airflow/airflow_project/airflow_venv/lib/python3.12/site-packages/airflow/example_dags/tutorial_objectstorage.py for tasks to queue
[2026-04-29T09:28:26.046+0300] {logging_mixin.py:188} INFO - [2026-04-29T09:28:26.043+0300] {dagbag.py:545} INFO - Filling up the DagBag from /mnt/d/airflow/airflow_project/airflow_venv/lib/python3.12/site-packages/airflow/example_dags/tutorial_objectstorage.py
[2026-04-29T09:28:26.078+0300] {processor.py:840} INFO - DAG(s) 'tutorial_objectstorage' retrieved from /mnt/d/airflow/airflow_project/airflow_venv/lib/python3.12/site-packages/airflow/example_dags/tutorial_objectstorage.py
[2026-04-29T09:28:26.124+0300] {logging_mixin.py:188} INFO - [2026-04-29T09:28:26.123+0300] {dag.py:3089} INFO - Sync 1 DAGs
[2026-04-29T09:28:26.137+0300] {logging_mixin.py:188} INFO - [2026-04-29T09:28:26.136+0300] {dag.py:3947} INFO - Setting next_dagrun for tutorial_objectstorage to None, run_after=None
[2026-04-29T09:28:26.200+0300] {processor.py:183} INFO - Processing /mnt/d/airflow/airflow_project/airflow_venv/lib/python3.12/site-packages/airflow/example_dags/tutorial_objectstorage.py took 0.209 seconds
[2026-04-29T09:29:45.023+0300] {processor.py:161} INFO - Started process (PID=31551) to work on /mnt/d/airflow/airflow_project/airflow_venv/lib/python3.12/site-packages/airflow/example_dags/tutorial_objectstorage.py
[2026-04-29T09:29:45.028+0300] {processor.py:830} INFO - Processing file /mnt/d/airflow/airflow_project/airflow_venv/lib/python3.12/site-packages/airflow/example_dags/tutorial_objectstorage.py for tasks to queue
[2026-04-29T09:29:45.036+0300] {logging_mixin.py:188} INFO - [2026-04-29T09:29:45.034+0300] {dagbag.py:545} INFO - Filling up the DagBag from /mnt/d/airflow/airflow_project/airflow_venv/lib/python3.12/site-packages/airflow/example_dags/tutorial_objectstorage.py
[2026-04-29T09:29:45.089+0300] {processor.py:840} INFO - DAG(s) 'tutorial_objectstorage' retrieved from /mnt/d/airflow/airflow_project/airflow_venv/lib/python3.12/site-packages/airflow/example_dags/tutorial_objectstorage.py
[2026-04-29T09:29:45.154+0300] {logging_mixin.py:188} INFO - [2026-04-29T09:29:45.152+0300] {dag.py:3089} INFO - Sync 1 DAGs
[2026-04-29T09:29:45.199+0300] {logging_mixin.py:188} INFO - [2026-04-29T09:29:45.191+0300] {dag.py:3947} INFO - Setting next_dagrun for tutorial_objectstorage to None, run_after=None
[2026-04-29T09:29:45.340+0300] {processor.py:183} INFO - Processing /mnt/d/airflow/airflow_project/airflow_venv/lib/python3.12/site-packages/airflow/example_dags/tutorial_objectstorage.py took 0.339 seconds
[2026-04-29T09:31:20.124+0300] {processor.py:161} INFO - Started process (PID=32127) to work on /mnt/d/airflow/airflow_project/airflow_venv/lib/python3.12/site-packages/airflow/example_dags/tutorial_objectstorage.py
[2026-04-29T09:31:20.128+0300] {processor.py:830} INFO - Processing file /mnt/d/airflow/airflow_project/airflow_venv/lib/python3.12/site-packages/airflow/example_dags/tutorial_objectstorage.py for tasks to queue
[2026-04-29T09:31:20.136+0300] {logging_mixin.py:188} INFO - [2026-04-29T09:31:20.133+0300] {dagbag.py:545} INFO - Filling up the DagBag from /mnt/d/airflow/airflow_project/airflow_venv/lib/python3.12/site-packages/airflow/example_dags/tutorial_objectstorage.py
[2026-04-29T09:31:20.219+0300] {processor.py:840} INFO - DAG(s) 'tutorial_objectstorage' retrieved from /mnt/d/airflow/airflow_project/airflow_venv/lib/python3.12/site-packages/airflow/example_dags/tutorial_objectstorage.py
[2026-04-29T09:31:20.303+0300] {logging_mixin.py:188} INFO - [2026-04-29T09:31:20.300+0300] {dag.py:3089} INFO - Sync 1 DAGs
[2026-04-29T09:31:20.331+0300] {logging_mixin.py:188} INFO - [2026-04-29T09:31:20.329+0300] {dag.py:3947} INFO - Setting next_dagrun for tutorial_objectstorage to None, run_after=None
[2026-04-29T09:31:20.560+0300] {processor.py:183} INFO - Processing /mnt/d/airflow/airflow_project/airflow_venv/lib/python3.12/site-packages/airflow/example_dags/tutorial_objectstorage.py took 0.462 seconds
[2026-04-29T09:32:25.768+0300] {processor.py:161} INFO - Started process (PID=32513) to work on /mnt/d/airflow/airflow_project/airflow_venv/lib/python3.12/site-packages/airflow/example_dags/tutorial_objectstorage.py
[2026-04-29T09:32:25.773+0300] {processor.py:830} INFO - Processing file /mnt/d/airflow/airflow_project/airflow_venv/lib/python3.12/site-packages/airflow/example_dags/tutorial_objectstorage.py for tasks to queue
[2026-04-29T09:32:25.781+0300] {logging_mixin.py:188} INFO - [2026-04-29T09:32:25.778+0300] {dagbag.py:545} INFO - Filling up the DagBag from /mnt/d/airflow/airflow_project/airflow_venv/lib/python3.12/site-packages/airflow/example_dags/tutorial_objectstorage.py
[2026-04-29T09:32:25.853+0300] {processor.py:840} INFO - DAG(s) 'tutorial_objectstorage' retrieved from /mnt/d/airflow/airflow_project/airflow_venv/lib/python3.12/site-packages/airflow/example_dags/tutorial_objectstorage.py
[2026-04-29T09:32:25.917+0300] {logging_mixin.py:188} INFO - [2026-04-29T09:32:25.914+0300] {dag.py:3089} INFO - Sync 1 DAGs
[2026-04-29T09:32:25.944+0300] {logging_mixin.py:188} INFO - [2026-04-29T09:32:25.940+0300] {dag.py:3947} INFO - Setting next_dagrun for tutorial_objectstorage to None, run_after=None
[2026-04-29T09:32:26.155+0300] {processor.py:183} INFO - Processing /mnt/d/airflow/airflow_project/airflow_venv/lib/python3.12/site-packages/airflow/example_dags/tutorial_objectstorage.py took 0.418 seconds
[2026-04-29T09:33:36.002+0300] {processor.py:161} INFO - Started process (PID=32933) to work on /mnt/d/airflow/airflow_project/airflow_venv/lib/python3.12/site-packages/airflow/example_dags/tutorial_objectstorage.py
[2026-04-29T09:33:36.006+0300] {processor.py:830} INFO - Processing file /mnt/d/airflow/airflow_project/airflow_venv/lib/python3.12/site-packages/airflow/example_dags/tutorial_objectstorage.py for tasks to queue
[2026-04-29T09:33:36.012+0300] {logging_mixin.py:188} INFO - [2026-04-29T09:33:36.010+0300] {dagbag.py:545} INFO - Filling up the DagBag from /mnt/d/airflow/airflow_project/airflow_venv/lib/python3.12/site-packages/airflow/example_dags/tutorial_objectstorage.py
[2026-04-29T09:33:36.078+0300] {processor.py:840} INFO - DAG(s) 'tutorial_objectstorage' retrieved from /mnt/d/airflow/airflow_project/airflow_venv/lib/python3.12/site-packages/airflow/example_dags/tutorial_objectstorage.py
[2026-04-29T09:33:36.175+0300] {logging_mixin.py:188} INFO - [2026-04-29T09:33:36.172+0300] {dag.py:3089} INFO - Sync 1 DAGs
[2026-04-29T09:33:36.196+0300] {logging_mixin.py:188} INFO - [2026-04-29T09:33:36.194+0300] {dag.py:3947} INFO - Setting next_dagrun for tutorial_objectstorage to None, run_after=None
[2026-04-29T09:33:36.393+0300] {processor.py:183} INFO - Processing /mnt/d/airflow/airflow_project/airflow_venv/lib/python3.12/site-packages/airflow/example_dags/tutorial_objectstorage.py took 0.421 seconds
[2026-04-29T09:34:48.551+0300] {processor.py:161} INFO - Started process (PID=33347) to work on /mnt/d/airflow/airflow_project/airflow_venv/lib/python3.12/site-packages/airflow/example_dags/tutorial_objectstorage.py
[2026-04-29T09:34:48.555+0300] {processor.py:830} INFO - Processing file /mnt/d/airflow/airflow_project/airflow_venv/lib/python3.12/site-packages/airflow/example_dags/tutorial_objectstorage.py for tasks to queue
[2026-04-29T09:34:48.563+0300] {logging_mixin.py:188} INFO - [2026-04-29T09:34:48.559+0300] {dagbag.py:545} INFO - Filling up the DagBag from /mnt/d/airflow/airflow_project/airflow_venv/lib/python3.12/site-packages/airflow/example_dags/tutorial_objectstorage.py
[2026-04-29T09:34:48.651+0300] {processor.py:840} INFO - DAG(s) 'tutorial_objectstorage' retrieved from /mnt/d/airflow/airflow_project/airflow_venv/lib/python3.12/site-packages/airflow/example_dags/tutorial_objectstorage.py
[2026-04-29T09:34:48.781+0300] {logging_mixin.py:188} INFO - [2026-04-29T09:34:48.777+0300] {dag.py:3089} INFO - Sync 1 DAGs
[2026-04-29T09:34:48.810+0300] {logging_mixin.py:188} INFO - [2026-04-29T09:34:48.808+0300] {dag.py:3947} INFO - Setting next_dagrun for tutorial_objectstorage to None, run_after=None
[2026-04-29T09:34:48.922+0300] {processor.py:183} INFO - Processing /mnt/d/airflow/airflow_project/airflow_venv/lib/python3.12/site-packages/airflow/example_dags/tutorial_objectstorage.py took 0.436 seconds
[2026-04-29T09:35:53.628+0300] {processor.py:161} INFO - Started process (PID=33755) to work on /mnt/d/airflow/airflow_project/airflow_venv/lib/python3.12/site-packages/airflow/example_dags/tutorial_objectstorage.py
[2026-04-29T09:35:53.632+0300] {processor.py:830} INFO - Processing file /mnt/d/airflow/airflow_project/airflow_venv/lib/python3.12/site-packages/airflow/example_dags/tutorial_objectstorage.py for tasks to queue
[2026-04-29T09:35:53.639+0300] {logging_mixin.py:188} INFO - [2026-04-29T09:35:53.637+0300] {dagbag.py:545} INFO - Filling up the DagBag from /mnt/d/airflow/airflow_project/airflow_venv/lib/python3.12/site-packages/airflow/example_dags/tutorial_objectstorage.py
[2026-04-29T09:35:53.696+0300] {processor.py:840} INFO - DAG(s) 'tutorial_objectstorage' retrieved from /mnt/d/airflow/airflow_project/airflow_venv/lib/python3.12/site-packages/airflow/example_dags/tutorial_objectstorage.py
[2026-04-29T09:35:53.755+0300] {logging_mixin.py:188} INFO - [2026-04-29T09:35:53.754+0300] {dag.py:3089} INFO - Sync 1 DAGs
[2026-04-29T09:35:53.781+0300] {logging_mixin.py:188} INFO - [2026-04-29T09:35:53.777+0300] {dag.py:3947} INFO - Setting next_dagrun for tutorial_objectstorage to None, run_after=None
[2026-04-29T09:35:53.901+0300] {processor.py:183} INFO - Processing /mnt/d/airflow/airflow_project/airflow_venv/lib/python3.12/site-packages/airflow/example_dags/tutorial_objectstorage.py took 0.299 seconds
[2026-04-29T09:36:54.171+0300] {processor.py:161} INFO - Started process (PID=34105) to work on /mnt/d/airflow/airflow_project/airflow_venv/lib/python3.12/site-packages/airflow/example_dags/tutorial_objectstorage.py
[2026-04-29T09:36:54.175+0300] {processor.py:830} INFO - Processing file /mnt/d/airflow/airflow_project/airflow_venv/lib/python3.12/site-packages/airflow/example_dags/tutorial_objectstorage.py for tasks to queue
[2026-04-29T09:36:54.180+0300] {logging_mixin.py:188} INFO - [2026-04-29T09:36:54.179+0300] {dagbag.py:545} INFO - Filling up the DagBag from /mnt/d/airflow/airflow_project/airflow_venv/lib/python3.12/site-packages/airflow/example_dags/tutorial_objectstorage.py
[2026-04-29T09:36:54.214+0300] {processor.py:840} INFO - DAG(s) 'tutorial_objectstorage' retrieved from /mnt/d/airflow/airflow_project/airflow_venv/lib/python3.12/site-packages/airflow/example_dags/tutorial_objectstorage.py
[2026-04-29T09:36:54.262+0300] {logging_mixin.py:188} INFO - [2026-04-29T09:36:54.261+0300] {dag.py:3089} INFO - Sync 1 DAGs
[2026-04-29T09:36:54.284+0300] {logging_mixin.py:188} INFO - [2026-04-29T09:36:54.283+0300] {dag.py:3947} INFO - Setting next_dagrun for tutorial_objectstorage to None, run_after=None
[2026-04-29T09:36:54.494+0300] {processor.py:183} INFO - Processing /mnt/d/airflow/airflow_project/airflow_venv/lib/python3.12/site-packages/airflow/example_dags/tutorial_objectstorage.py took 0.350 seconds
[2026-04-29T09:37:52.732+0300] {processor.py:161} INFO - Started process (PID=34483) to work on /mnt/d/airflow/airflow_project/airflow_venv/lib/python3.12/site-packages/airflow/example_dags/tutorial_objectstorage.py
[2026-04-29T09:37:52.735+0300] {processor.py:830} INFO - Processing file /mnt/d/airflow/airflow_project/airflow_venv/lib/python3.12/site-packages/airflow/example_dags/tutorial_objectstorage.py for tasks to queue
[2026-04-29T09:37:52.740+0300] {logging_mixin.py:188} INFO - [2026-04-29T09:37:52.738+0300] {dagbag.py:545} INFO - Filling up the DagBag from /mnt/d/airflow/airflow_project/airflow_venv/lib/python3.12/site-packages/airflow/example_dags/tutorial_objectstorage.py
[2026-04-29T09:37:52.793+0300] {processor.py:840} INFO - DAG(s) 'tutorial_objectstorage' retrieved from /mnt/d/airflow/airflow_project/airflow_venv/lib/python3.12/site-packages/airflow/example_dags/tutorial_objectstorage.py
[2026-04-29T09:37:52.838+0300] {logging_mixin.py:188} INFO - [2026-04-29T09:37:52.837+0300] {dag.py:3089} INFO - Sync 1 DAGs
[2026-04-29T09:37:52.857+0300] {logging_mixin.py:188} INFO - [2026-04-29T09:37:52.856+0300] {dag.py:3947} INFO - Setting next_dagrun for tutorial_objectstorage to None, run_after=None
[2026-04-29T09:37:52.953+0300] {processor.py:183} INFO - Processing /mnt/d/airflow/airflow_project/airflow_venv/lib/python3.12/site-packages/airflow/example_dags/tutorial_objectstorage.py took 0.247 seconds
[2026-04-29T09:38:59.735+0300] {processor.py:161} INFO - Started process (PID=34898) to work on /mnt/d/airflow/airflow_project/airflow_venv/lib/python3.12/site-packages/airflow/example_dags/tutorial_objectstorage.py
[2026-04-29T09:38:59.738+0300] {processor.py:830} INFO - Processing file /mnt/d/airflow/airflow_project/airflow_venv/lib/python3.12/site-packages/airflow/example_dags/tutorial_objectstorage.py for tasks to queue
[2026-04-29T09:38:59.745+0300] {logging_mixin.py:188} INFO - [2026-04-29T09:38:59.742+0300] {dagbag.py:545} INFO - Filling up the DagBag from /mnt/d/airflow/airflow_project/airflow_venv/lib/python3.12/site-packages/airflow/example_dags/tutorial_objectstorage.py
[2026-04-29T09:38:59.788+0300] {processor.py:840} INFO - DAG(s) 'tutorial_objectstorage' retrieved from /mnt/d/airflow/airflow_project/airflow_venv/lib/python3.12/site-packages/airflow/example_dags/tutorial_objectstorage.py
[2026-04-29T09:38:59.831+0300] {logging_mixin.py:188} INFO - [2026-04-29T09:38:59.830+0300] {dag.py:3089} INFO - Sync 1 DAGs
[2026-04-29T09:38:59.849+0300] {logging_mixin.py:188} INFO - [2026-04-29T09:38:59.848+0300] {dag.py:3947} INFO - Setting next_dagrun for tutorial_objectstorage to None, run_after=None
[2026-04-29T09:39:00.019+0300] {processor.py:183} INFO - Processing /mnt/d/airflow/airflow_project/airflow_venv/lib/python3.12/site-packages/airflow/example_dags/tutorial_objectstorage.py took 0.307 seconds
[2026-04-29T09:40:04.415+0300] {processor.py:161} INFO - Started process (PID=35266) to work on /mnt/d/airflow/airflow_project/airflow_venv/lib/python3.12/site-packages/airflow/example_dags/tutorial_objectstorage.py
[2026-04-29T09:40:04.419+0300] {processor.py:830} INFO - Processing file /mnt/d/airflow/airflow_project/airflow_venv/lib/python3.12/site-packages/airflow/example_dags/tutorial_objectstorage.py for tasks to queue
[2026-04-29T09:40:04.425+0300] {logging_mixin.py:188} INFO - [2026-04-29T09:40:04.423+0300] {dagbag.py:545} INFO - Filling up the DagBag from /mnt/d/airflow/airflow_project/airflow_venv/lib/python3.12/site-packages/airflow/example_dags/tutorial_objectstorage.py
[2026-04-29T09:40:04.488+0300] {processor.py:840} INFO - DAG(s) 'tutorial_objectstorage' retrieved from /mnt/d/airflow/airflow_project/airflow_venv/lib/python3.12/site-packages/airflow/example_dags/tutorial_objectstorage.py
[2026-04-29T09:40:04.535+0300] {logging_mixin.py:188} INFO - [2026-04-29T09:40:04.534+0300] {dag.py:3089} INFO - Sync 1 DAGs
[2026-04-29T09:40:04.555+0300] {logging_mixin.py:188} INFO - [2026-04-29T09:40:04.554+0300] {dag.py:3947} INFO - Setting next_dagrun for tutorial_objectstorage to None, run_after=None
[2026-04-29T09:40:04.770+0300] {processor.py:183} INFO - Processing /mnt/d/airflow/airflow_project/airflow_venv/lib/python3.12/site-packages/airflow/example_dags/tutorial_objectstorage.py took 0.385 seconds
[2026-04-29T09:41:01.208+0300] {processor.py:161} INFO - Started process (PID=35592) to work on /mnt/d/airflow/airflow_project/airflow_venv/lib/python3.12/site-packages/airflow/example_dags/tutorial_objectstorage.py
[2026-04-29T09:41:01.210+0300] {processor.py:830} INFO - Processing file /mnt/d/airflow/airflow_project/airflow_venv/lib/python3.12/site-packages/airflow/example_dags/tutorial_objectstorage.py for tasks to queue
[2026-04-29T09:41:01.214+0300] {logging_mixin.py:188} INFO - [2026-04-29T09:41:01.212+0300] {dagbag.py:545} INFO - Filling up the DagBag from /mnt/d/airflow/airflow_project/airflow_venv/lib/python3.12/site-packages/airflow/example_dags/tutorial_objectstorage.py
[2026-04-29T09:41:01.245+0300] {processor.py:840} INFO - DAG(s) 'tutorial_objectstorage' retrieved from /mnt/d/airflow/airflow_project/airflow_venv/lib/python3.12/site-packages/airflow/example_dags/tutorial_objectstorage.py
[2026-04-29T09:41:01.292+0300] {logging_mixin.py:188} INFO - [2026-04-29T09:41:01.290+0300] {dag.py:3089} INFO - Sync 1 DAGs
[2026-04-29T09:41:01.311+0300] {logging_mixin.py:188} INFO - [2026-04-29T09:41:01.309+0300] {dag.py:3947} INFO - Setting next_dagrun for tutorial_objectstorage to None, run_after=None
[2026-04-29T09:41:01.394+0300] {processor.py:183} INFO - Processing /mnt/d/airflow/airflow_project/airflow_venv/lib/python3.12/site-packages/airflow/example_dags/tutorial_objectstorage.py took 0.202 seconds
[2026-04-29T09:42:03.454+0300] {processor.py:161} INFO - Started process (PID=35938) to work on /mnt/d/airflow/airflow_project/airflow_venv/lib/python3.12/site-packages/airflow/example_dags/tutorial_objectstorage.py
[2026-04-29T09:42:03.458+0300] {processor.py:830} INFO - Processing file /mnt/d/airflow/airflow_project/airflow_venv/lib/python3.12/site-packages/airflow/example_dags/tutorial_objectstorage.py for tasks to queue
[2026-04-29T09:42:03.464+0300] {logging_mixin.py:188} INFO - [2026-04-29T09:42:03.462+0300] {dagbag.py:545} INFO - Filling up the DagBag from /mnt/d/airflow/airflow_project/airflow_venv/lib/python3.12/site-packages/airflow/example_dags/tutorial_objectstorage.py
[2026-04-29T09:42:03.525+0300] {processor.py:840} INFO - DAG(s) 'tutorial_objectstorage' retrieved from /mnt/d/airflow/airflow_project/airflow_venv/lib/python3.12/site-packages/airflow/example_dags/tutorial_objectstorage.py
[2026-04-29T09:42:03.593+0300] {logging_mixin.py:188} INFO - [2026-04-29T09:42:03.591+0300] {dag.py:3089} INFO - Sync 1 DAGs
[2026-04-29T09:42:03.627+0300] {logging_mixin.py:188} INFO - [2026-04-29T09:42:03.624+0300] {dag.py:3947} INFO - Setting next_dagrun for tutorial_objectstorage to None, run_after=None
[2026-04-29T09:42:03.829+0300] {processor.py:183} INFO - Processing /mnt/d/airflow/airflow_project/airflow_venv/lib/python3.12/site-packages/airflow/example_dags/tutorial_objectstorage.py took 0.403 seconds
[2026-04-29T09:43:10.824+0300] {processor.py:161} INFO - Started process (PID=36358) to work on /mnt/d/airflow/airflow_project/airflow_venv/lib/python3.12/site-packages/airflow/example_dags/tutorial_objectstorage.py
[2026-04-29T09:43:10.826+0300] {processor.py:830} INFO - Processing file /mnt/d/airflow/airflow_project/airflow_venv/lib/python3.12/site-packages/airflow/example_dags/tutorial_objectstorage.py for tasks to queue
[2026-04-29T09:43:10.830+0300] {logging_mixin.py:188} INFO - [2026-04-29T09:43:10.828+0300] {dagbag.py:545} INFO - Filling up the DagBag from /mnt/d/airflow/airflow_project/airflow_venv/lib/python3.12/site-packages/airflow/example_dags/tutorial_objectstorage.py
[2026-04-29T09:43:10.869+0300] {processor.py:840} INFO - DAG(s) 'tutorial_objectstorage' retrieved from /mnt/d/airflow/airflow_project/airflow_venv/lib/python3.12/site-packages/airflow/example_dags/tutorial_objectstorage.py
[2026-04-29T09:43:10.911+0300] {logging_mixin.py:188} INFO - [2026-04-29T09:43:10.909+0300] {dag.py:3089} INFO - Sync 1 DAGs
[2026-04-29T09:43:10.930+0300] {logging_mixin.py:188} INFO - [2026-04-29T09:43:10.928+0300] {dag.py:3947} INFO - Setting next_dagrun for tutorial_objectstorage to None, run_after=None
[2026-04-29T09:43:11.011+0300] {processor.py:183} INFO - Processing /mnt/d/airflow/airflow_project/airflow_venv/lib/python3.12/site-packages/airflow/example_dags/tutorial_objectstorage.py took 0.202 seconds
[2026-04-29T09:44:23.720+0300] {processor.py:161} INFO - Started process (PID=36790) to work on /mnt/d/airflow/airflow_project/airflow_venv/lib/python3.12/site-packages/airflow/example_dags/tutorial_objectstorage.py
[2026-04-29T09:44:23.723+0300] {processor.py:830} INFO - Processing file /mnt/d/airflow/airflow_project/airflow_venv/lib/python3.12/site-packages/airflow/example_dags/tutorial_objectstorage.py for tasks to queue
[2026-04-29T09:44:23.729+0300] {logging_mixin.py:188} INFO - [2026-04-29T09:44:23.727+0300] {dagbag.py:545} INFO - Filling up the DagBag from /mnt/d/airflow/airflow_project/airflow_venv/lib/python3.12/site-packages/airflow/example_dags/tutorial_objectstorage.py
[2026-04-29T09:44:23.771+0300] {processor.py:840} INFO - DAG(s) 'tutorial_objectstorage' retrieved from /mnt/d/airflow/airflow_project/airflow_venv/lib/python3.12/site-packages/airflow/example_dags/tutorial_objectstorage.py
[2026-04-29T09:44:25.215+0300] {logging_mixin.py:188} INFO - [2026-04-29T09:44:25.213+0300] {dag.py:3089} INFO - Sync 1 DAGs
[2026-04-29T09:44:25.234+0300] {logging_mixin.py:188} INFO - [2026-04-29T09:44:25.232+0300] {dag.py:3947} INFO - Setting next_dagrun for tutorial_objectstorage to None, run_after=None
[2026-04-29T09:44:25.327+0300] {processor.py:183} INFO - Processing /mnt/d/airflow/airflow_project/airflow_venv/lib/python3.12/site-packages/airflow/example_dags/tutorial_objectstorage.py took 1.628 seconds
[2026-04-29T09:46:11.736+0300] {processor.py:161} INFO - Started process (PID=37380) to work on /mnt/d/airflow/airflow_project/airflow_venv/lib/python3.12/site-packages/airflow/example_dags/tutorial_objectstorage.py
[2026-04-29T09:46:11.740+0300] {processor.py:830} INFO - Processing file /mnt/d/airflow/airflow_project/airflow_venv/lib/python3.12/site-packages/airflow/example_dags/tutorial_objectstorage.py for tasks to queue
[2026-04-29T09:46:11.747+0300] {logging_mixin.py:188} INFO - [2026-04-29T09:46:11.745+0300] {dagbag.py:545} INFO - Filling up the DagBag from /mnt/d/airflow/airflow_project/airflow_venv/lib/python3.12/site-packages/airflow/example_dags/tutorial_objectstorage.py
[2026-04-29T09:46:11.794+0300] {processor.py:840} INFO - DAG(s) 'tutorial_objectstorage' retrieved from /mnt/d/airflow/airflow_project/airflow_venv/lib/python3.12/site-packages/airflow/example_dags/tutorial_objectstorage.py
[2026-04-29T09:46:11.852+0300] {logging_mixin.py:188} INFO - [2026-04-29T09:46:11.850+0300] {dag.py:3089} INFO - Sync 1 DAGs
[2026-04-29T09:46:11.885+0300] {logging_mixin.py:188} INFO - [2026-04-29T09:46:11.883+0300] {dag.py:3947} INFO - Setting next_dagrun for tutorial_objectstorage to None, run_after=None
[2026-04-29T09:46:12.068+0300] {processor.py:183} INFO - Processing /mnt/d/airflow/airflow_project/airflow_venv/lib/python3.12/site-packages/airflow/example_dags/tutorial_objectstorage.py took 0.356 seconds
[2026-04-29T09:47:54.566+0300] {processor.py:161} INFO - Started process (PID=37960) to work on /mnt/d/airflow/airflow_project/airflow_venv/lib/python3.12/site-packages/airflow/example_dags/tutorial_objectstorage.py
[2026-04-29T09:47:54.569+0300] {processor.py:830} INFO - Processing file /mnt/d/airflow/airflow_project/airflow_venv/lib/python3.12/site-packages/airflow/example_dags/tutorial_objectstorage.py for tasks to queue
[2026-04-29T09:47:54.576+0300] {logging_mixin.py:188} INFO - [2026-04-29T09:47:54.573+0300] {dagbag.py:545} INFO - Filling up the DagBag from /mnt/d/airflow/airflow_project/airflow_venv/lib/python3.12/site-packages/airflow/example_dags/tutorial_objectstorage.py
[2026-04-29T09:47:54.661+0300] {processor.py:840} INFO - DAG(s) 'tutorial_objectstorage' retrieved from /mnt/d/airflow/airflow_project/airflow_venv/lib/python3.12/site-packages/airflow/example_dags/tutorial_objectstorage.py
[2026-04-29T09:47:54.724+0300] {logging_mixin.py:188} INFO - [2026-04-29T09:47:54.722+0300] {dag.py:3089} INFO - Sync 1 DAGs
[2026-04-29T09:47:54.746+0300] {logging_mixin.py:188} INFO - [2026-04-29T09:47:54.744+0300] {dag.py:3947} INFO - Setting next_dagrun for tutorial_objectstorage to None, run_after=None
[2026-04-29T09:47:54.903+0300] {processor.py:183} INFO - Processing /mnt/d/airflow/airflow_project/airflow_venv/lib/python3.12/site-packages/airflow/example_dags/tutorial_objectstorage.py took 0.369 seconds
[2026-04-29T09:49:08.387+0300] {processor.py:161} INFO - Started process (PID=38382) to work on /mnt/d/airflow/airflow_project/airflow_venv/lib/python3.12/site-packages/airflow/example_dags/tutorial_objectstorage.py
[2026-04-29T09:49:08.391+0300] {processor.py:830} INFO - Processing file /mnt/d/airflow/airflow_project/airflow_venv/lib/python3.12/site-packages/airflow/example_dags/tutorial_objectstorage.py for tasks to queue
[2026-04-29T09:49:08.398+0300] {logging_mixin.py:188} INFO - [2026-04-29T09:49:08.396+0300] {dagbag.py:545} INFO - Filling up the DagBag from /mnt/d/airflow/airflow_project/airflow_venv/lib/python3.12/site-packages/airflow/example_dags/tutorial_objectstorage.py
[2026-04-29T09:49:08.462+0300] {processor.py:840} INFO - DAG(s) 'tutorial_objectstorage' retrieved from /mnt/d/airflow/airflow_project/airflow_venv/lib/python3.12/site-packages/airflow/example_dags/tutorial_objectstorage.py
[2026-04-29T09:49:08.521+0300] {logging_mixin.py:188} INFO - [2026-04-29T09:49:08.517+0300] {dag.py:3089} INFO - Sync 1 DAGs
[2026-04-29T09:49:08.550+0300] {logging_mixin.py:188} INFO - [2026-04-29T09:49:08.548+0300] {dag.py:3947} INFO - Setting next_dagrun for tutorial_objectstorage to None, run_after=None
[2026-04-29T09:49:08.663+0300] {processor.py:183} INFO - Processing /mnt/d/airflow/airflow_project/airflow_venv/lib/python3.12/site-packages/airflow/example_dags/tutorial_objectstorage.py took 0.299 seconds
[2026-04-29T09:50:17.905+0300] {processor.py:161} INFO - Started process (PID=38767) to work on /mnt/d/airflow/airflow_project/airflow_venv/lib/python3.12/site-packages/airflow/example_dags/tutorial_objectstorage.py
[2026-04-29T09:50:17.909+0300] {processor.py:830} INFO - Processing file /mnt/d/airflow/airflow_project/airflow_venv/lib/python3.12/site-packages/airflow/example_dags/tutorial_objectstorage.py for tasks to queue
[2026-04-29T09:50:17.916+0300] {logging_mixin.py:188} INFO - [2026-04-29T09:50:17.913+0300] {dagbag.py:545} INFO - Filling up the DagBag from /mnt/d/airflow/airflow_project/airflow_venv/lib/python3.12/site-packages/airflow/example_dags/tutorial_objectstorage.py
[2026-04-29T09:50:17.994+0300] {processor.py:840} INFO - DAG(s) 'tutorial_objectstorage' retrieved from /mnt/d/airflow/airflow_project/airflow_venv/lib/python3.12/site-packages/airflow/example_dags/tutorial_objectstorage.py
[2026-04-29T09:50:18.059+0300] {logging_mixin.py:188} INFO - [2026-04-29T09:50:18.057+0300] {dag.py:3089} INFO - Sync 1 DAGs
[2026-04-29T09:50:18.087+0300] {logging_mixin.py:188} INFO - [2026-04-29T09:50:18.083+0300] {dag.py:3947} INFO - Setting next_dagrun for tutorial_objectstorage to None, run_after=None
[2026-04-29T09:50:18.290+0300] {processor.py:183} INFO - Processing /mnt/d/airflow/airflow_project/airflow_venv/lib/python3.12/site-packages/airflow/example_dags/tutorial_objectstorage.py took 0.419 seconds
[2026-04-29T09:51:27.466+0300] {processor.py:161} INFO - Started process (PID=39179) to work on /mnt/d/airflow/airflow_project/airflow_venv/lib/python3.12/site-packages/airflow/example_dags/tutorial_objectstorage.py
[2026-04-29T09:51:27.469+0300] {processor.py:830} INFO - Processing file /mnt/d/airflow/airflow_project/airflow_venv/lib/python3.12/site-packages/airflow/example_dags/tutorial_objectstorage.py for tasks to queue
[2026-04-29T09:51:27.475+0300] {logging_mixin.py:188} INFO - [2026-04-29T09:51:27.473+0300] {dagbag.py:545} INFO - Filling up the DagBag from /mnt/d/airflow/airflow_project/airflow_venv/lib/python3.12/site-packages/airflow/example_dags/tutorial_objectstorage.py
[2026-04-29T09:51:27.544+0300] {processor.py:840} INFO - DAG(s) 'tutorial_objectstorage' retrieved from /mnt/d/airflow/airflow_project/airflow_venv/lib/python3.12/site-packages/airflow/example_dags/tutorial_objectstorage.py
[2026-04-29T09:51:27.590+0300] {logging_mixin.py:188} INFO - [2026-04-29T09:51:27.587+0300] {dag.py:3089} INFO - Sync 1 DAGs
[2026-04-29T09:51:27.613+0300] {logging_mixin.py:188} INFO - [2026-04-29T09:51:27.611+0300] {dag.py:3947} INFO - Setting next_dagrun for tutorial_objectstorage to None, run_after=None
[2026-04-29T09:51:27.769+0300] {processor.py:183} INFO - Processing /mnt/d/airflow/airflow_project/airflow_venv/lib/python3.12/site-packages/airflow/example_dags/tutorial_objectstorage.py took 0.326 seconds
[2026-04-29T09:53:55.543+0300] {processor.py:161} INFO - Started process (PID=39991) to work on /mnt/d/airflow/airflow_project/airflow_venv/lib/python3.12/site-packages/airflow/example_dags/tutorial_objectstorage.py
[2026-04-29T09:53:55.546+0300] {processor.py:830} INFO - Processing file /mnt/d/airflow/airflow_project/airflow_venv/lib/python3.12/site-packages/airflow/example_dags/tutorial_objectstorage.py for tasks to queue
[2026-04-29T09:53:55.552+0300] {logging_mixin.py:188} INFO - [2026-04-29T09:53:55.550+0300] {dagbag.py:545} INFO - Filling up the DagBag from /mnt/d/airflow/airflow_project/airflow_venv/lib/python3.12/site-packages/airflow/example_dags/tutorial_objectstorage.py
[2026-04-29T09:53:55.593+0300] {processor.py:840} INFO - DAG(s) 'tutorial_objectstorage' retrieved from /mnt/d/airflow/airflow_project/airflow_venv/lib/python3.12/site-packages/airflow/example_dags/tutorial_objectstorage.py
[2026-04-29T09:53:55.633+0300] {logging_mixin.py:188} INFO - [2026-04-29T09:53:55.632+0300] {dag.py:3089} INFO - Sync 1 DAGs
[2026-04-29T09:53:55.653+0300] {logging_mixin.py:188} INFO - [2026-04-29T09:53:55.652+0300] {dag.py:3947} INFO - Setting next_dagrun for tutorial_objectstorage to None, run_after=None
[2026-04-29T09:53:55.784+0300] {processor.py:183} INFO - Processing /mnt/d/airflow/airflow_project/airflow_venv/lib/python3.12/site-packages/airflow/example_dags/tutorial_objectstorage.py took 0.263 seconds
[2026-04-29T09:55:38.496+0300] {processor.py:161} INFO - Started process (PID=40589) to work on /mnt/d/airflow/airflow_project/airflow_venv/lib/python3.12/site-packages/airflow/example_dags/tutorial_objectstorage.py
[2026-04-29T09:55:38.499+0300] {processor.py:830} INFO - Processing file /mnt/d/airflow/airflow_project/airflow_venv/lib/python3.12/site-packages/airflow/example_dags/tutorial_objectstorage.py for tasks to queue
[2026-04-29T09:55:38.506+0300] {logging_mixin.py:188} INFO - [2026-04-29T09:55:38.504+0300] {dagbag.py:545} INFO - Filling up the DagBag from /mnt/d/airflow/airflow_project/airflow_venv/lib/python3.12/site-packages/airflow/example_dags/tutorial_objectstorage.py
[2026-04-29T09:55:38.554+0300] {processor.py:840} INFO - DAG(s) 'tutorial_objectstorage' retrieved from /mnt/d/airflow/airflow_project/airflow_venv/lib/python3.12/site-packages/airflow/example_dags/tutorial_objectstorage.py
[2026-04-29T09:55:38.599+0300] {logging_mixin.py:188} INFO - [2026-04-29T09:55:38.598+0300] {dag.py:3089} INFO - Sync 1 DAGs
[2026-04-29T09:55:38.634+0300] {logging_mixin.py:188} INFO - [2026-04-29T09:55:38.633+0300] {dag.py:3947} INFO - Setting next_dagrun for tutorial_objectstorage to None, run_after=None
[2026-04-29T09:55:38.746+0300] {processor.py:183} INFO - Processing /mnt/d/airflow/airflow_project/airflow_venv/lib/python3.12/site-packages/airflow/example_dags/tutorial_objectstorage.py took 0.269 seconds
[2026-04-29T09:57:44.007+0300] {processor.py:161} INFO - Started process (PID=41341) to work on /mnt/d/airflow/airflow_project/airflow_venv/lib/python3.12/site-packages/airflow/example_dags/tutorial_objectstorage.py
[2026-04-29T09:57:44.013+0300] {processor.py:830} INFO - Processing file /mnt/d/airflow/airflow_project/airflow_venv/lib/python3.12/site-packages/airflow/example_dags/tutorial_objectstorage.py for tasks to queue
[2026-04-29T09:57:44.020+0300] {logging_mixin.py:188} INFO - [2026-04-29T09:57:44.017+0300] {dagbag.py:545} INFO - Filling up the DagBag from /mnt/d/airflow/airflow_project/airflow_venv/lib/python3.12/site-packages/airflow/example_dags/tutorial_objectstorage.py
[2026-04-29T09:57:44.085+0300] {processor.py:840} INFO - DAG(s) 'tutorial_objectstorage' retrieved from /mnt/d/airflow/airflow_project/airflow_venv/lib/python3.12/site-packages/airflow/example_dags/tutorial_objectstorage.py
[2026-04-29T09:57:44.164+0300] {logging_mixin.py:188} INFO - [2026-04-29T09:57:44.161+0300] {dag.py:3089} INFO - Sync 1 DAGs
[2026-04-29T09:57:44.201+0300] {logging_mixin.py:188} INFO - [2026-04-29T09:57:44.198+0300] {dag.py:3947} INFO - Setting next_dagrun for tutorial_objectstorage to None, run_after=None
[2026-04-29T09:57:44.382+0300] {processor.py:183} INFO - Processing /mnt/d/airflow/airflow_project/airflow_venv/lib/python3.12/site-packages/airflow/example_dags/tutorial_objectstorage.py took 0.407 seconds
[2026-04-29T10:00:14.646+0300] {processor.py:161} INFO - Started process (PID=42166) to work on /mnt/d/airflow/airflow_project/airflow_venv/lib/python3.12/site-packages/airflow/example_dags/tutorial_objectstorage.py
[2026-04-29T10:00:14.650+0300] {processor.py:830} INFO - Processing file /mnt/d/airflow/airflow_project/airflow_venv/lib/python3.12/site-packages/airflow/example_dags/tutorial_objectstorage.py for tasks to queue
[2026-04-29T10:00:14.658+0300] {logging_mixin.py:188} INFO - [2026-04-29T10:00:14.653+0300] {dagbag.py:545} INFO - Filling up the DagBag from /mnt/d/airflow/airflow_project/airflow_venv/lib/python3.12/site-packages/airflow/example_dags/tutorial_objectstorage.py
[2026-04-29T10:00:14.696+0300] {processor.py:840} INFO - DAG(s) 'tutorial_objectstorage' retrieved from /mnt/d/airflow/airflow_project/airflow_venv/lib/python3.12/site-packages/airflow/example_dags/tutorial_objectstorage.py
[2026-04-29T10:00:14.733+0300] {logging_mixin.py:188} INFO - [2026-04-29T10:00:14.732+0300] {dag.py:3089} INFO - Sync 1 DAGs
[2026-04-29T10:00:14.751+0300] {logging_mixin.py:188} INFO - [2026-04-29T10:00:14.750+0300] {dag.py:3947} INFO - Setting next_dagrun for tutorial_objectstorage to None, run_after=None
[2026-04-29T10:00:14.957+0300] {processor.py:183} INFO - Processing /mnt/d/airflow/airflow_project/airflow_venv/lib/python3.12/site-packages/airflow/example_dags/tutorial_objectstorage.py took 0.336 seconds
[2026-04-29T10:01:58.146+0300] {processor.py:161} INFO - Started process (PID=42731) to work on /mnt/d/airflow/airflow_project/airflow_venv/lib/python3.12/site-packages/airflow/example_dags/tutorial_objectstorage.py
[2026-04-29T10:01:58.151+0300] {processor.py:830} INFO - Processing file /mnt/d/airflow/airflow_project/airflow_venv/lib/python3.12/site-packages/airflow/example_dags/tutorial_objectstorage.py for tasks to queue
[2026-04-29T10:01:58.161+0300] {logging_mixin.py:188} INFO - [2026-04-29T10:01:58.158+0300] {dagbag.py:545} INFO - Filling up the DagBag from /mnt/d/airflow/airflow_project/airflow_venv/lib/python3.12/site-packages/airflow/example_dags/tutorial_objectstorage.py
[2026-04-29T10:01:58.239+0300] {processor.py:840} INFO - DAG(s) 'tutorial_objectstorage' retrieved from /mnt/d/airflow/airflow_project/airflow_venv/lib/python3.12/site-packages/airflow/example_dags/tutorial_objectstorage.py
[2026-04-29T10:01:58.328+0300] {logging_mixin.py:188} INFO - [2026-04-29T10:01:58.325+0300] {dag.py:3089} INFO - Sync 1 DAGs
[2026-04-29T10:01:58.364+0300] {logging_mixin.py:188} INFO - [2026-04-29T10:01:58.361+0300] {dag.py:3947} INFO - Setting next_dagrun for tutorial_objectstorage to None, run_after=None
[2026-04-29T10:01:58.577+0300] {processor.py:183} INFO - Processing /mnt/d/airflow/airflow_project/airflow_venv/lib/python3.12/site-packages/airflow/example_dags/tutorial_objectstorage.py took 0.466 seconds
[2026-04-29T10:04:12.356+0300] {processor.py:161} INFO - Started process (PID=43491) to work on /mnt/d/airflow/airflow_project/airflow_venv/lib/python3.12/site-packages/airflow/example_dags/tutorial_objectstorage.py
[2026-04-29T10:04:12.361+0300] {processor.py:830} INFO - Processing file /mnt/d/airflow/airflow_project/airflow_venv/lib/python3.12/site-packages/airflow/example_dags/tutorial_objectstorage.py for tasks to queue
[2026-04-29T10:04:12.369+0300] {logging_mixin.py:188} INFO - [2026-04-29T10:04:12.366+0300] {dagbag.py:545} INFO - Filling up the DagBag from /mnt/d/airflow/airflow_project/airflow_venv/lib/python3.12/site-packages/airflow/example_dags/tutorial_objectstorage.py
[2026-04-29T10:04:12.440+0300] {processor.py:840} INFO - DAG(s) 'tutorial_objectstorage' retrieved from /mnt/d/airflow/airflow_project/airflow_venv/lib/python3.12/site-packages/airflow/example_dags/tutorial_objectstorage.py
[2026-04-29T10:04:12.503+0300] {logging_mixin.py:188} INFO - [2026-04-29T10:04:12.502+0300] {dag.py:3089} INFO - Sync 1 DAGs
[2026-04-29T10:04:12.531+0300] {logging_mixin.py:188} INFO - [2026-04-29T10:04:12.529+0300] {dag.py:3947} INFO - Setting next_dagrun for tutorial_objectstorage to None, run_after=None
[2026-04-29T10:04:12.786+0300] {processor.py:183} INFO - Processing /mnt/d/airflow/airflow_project/airflow_venv/lib/python3.12/site-packages/airflow/example_dags/tutorial_objectstorage.py took 0.467 seconds
[2026-04-29T10:05:17.437+0300] {processor.py:161} INFO - Started process (PID=43862) to work on /mnt/d/airflow/airflow_project/airflow_venv/lib/python3.12/site-packages/airflow/example_dags/tutorial_objectstorage.py
[2026-04-29T10:05:17.441+0300] {processor.py:830} INFO - Processing file /mnt/d/airflow/airflow_project/airflow_venv/lib/python3.12/site-packages/airflow/example_dags/tutorial_objectstorage.py for tasks to queue
[2026-04-29T10:05:17.447+0300] {logging_mixin.py:188} INFO - [2026-04-29T10:05:17.445+0300] {dagbag.py:545} INFO - Filling up the DagBag from /mnt/d/airflow/airflow_project/airflow_venv/lib/python3.12/site-packages/airflow/example_dags/tutorial_objectstorage.py
[2026-04-29T10:05:17.516+0300] {processor.py:840} INFO - DAG(s) 'tutorial_objectstorage' retrieved from /mnt/d/airflow/airflow_project/airflow_venv/lib/python3.12/site-packages/airflow/example_dags/tutorial_objectstorage.py
[2026-04-29T10:05:17.581+0300] {logging_mixin.py:188} INFO - [2026-04-29T10:05:17.580+0300] {dag.py:3089} INFO - Sync 1 DAGs
[2026-04-29T10:05:17.602+0300] {logging_mixin.py:188} INFO - [2026-04-29T10:05:17.601+0300] {dag.py:3947} INFO - Setting next_dagrun for tutorial_objectstorage to None, run_after=None
[2026-04-29T10:05:17.718+0300] {processor.py:183} INFO - Processing /mnt/d/airflow/airflow_project/airflow_venv/lib/python3.12/site-packages/airflow/example_dags/tutorial_objectstorage.py took 0.313 seconds
[2026-04-29T10:06:22.417+0300] {processor.py:161} INFO - Started process (PID=44223) to work on /mnt/d/airflow/airflow_project/airflow_venv/lib/python3.12/site-packages/airflow/example_dags/tutorial_objectstorage.py
[2026-04-29T10:06:22.420+0300] {processor.py:830} INFO - Processing file /mnt/d/airflow/airflow_project/airflow_venv/lib/python3.12/site-packages/airflow/example_dags/tutorial_objectstorage.py for tasks to queue
[2026-04-29T10:06:22.426+0300] {logging_mixin.py:188} INFO - [2026-04-29T10:06:22.424+0300] {dagbag.py:545} INFO - Filling up the DagBag from /mnt/d/airflow/airflow_project/airflow_venv/lib/python3.12/site-packages/airflow/example_dags/tutorial_objectstorage.py
[2026-04-29T10:06:22.488+0300] {processor.py:840} INFO - DAG(s) 'tutorial_objectstorage' retrieved from /mnt/d/airflow/airflow_project/airflow_venv/lib/python3.12/site-packages/airflow/example_dags/tutorial_objectstorage.py
[2026-04-29T10:06:22.546+0300] {logging_mixin.py:188} INFO - [2026-04-29T10:06:22.544+0300] {dag.py:3089} INFO - Sync 1 DAGs
[2026-04-29T10:06:22.574+0300] {logging_mixin.py:188} INFO - [2026-04-29T10:06:22.572+0300] {dag.py:3947} INFO - Setting next_dagrun for tutorial_objectstorage to None, run_after=None
[2026-04-29T10:06:22.668+0300] {processor.py:183} INFO - Processing /mnt/d/airflow/airflow_project/airflow_venv/lib/python3.12/site-packages/airflow/example_dags/tutorial_objectstorage.py took 0.282 seconds
[2026-04-29T10:07:31.689+0300] {processor.py:161} INFO - Started process (PID=44609) to work on /mnt/d/airflow/airflow_project/airflow_venv/lib/python3.12/site-packages/airflow/example_dags/tutorial_objectstorage.py
[2026-04-29T10:07:31.696+0300] {processor.py:830} INFO - Processing file /mnt/d/airflow/airflow_project/airflow_venv/lib/python3.12/site-packages/airflow/example_dags/tutorial_objectstorage.py for tasks to queue
[2026-04-29T10:07:31.706+0300] {logging_mixin.py:188} INFO - [2026-04-29T10:07:31.702+0300] {dagbag.py:545} INFO - Filling up the DagBag from /mnt/d/airflow/airflow_project/airflow_venv/lib/python3.12/site-packages/airflow/example_dags/tutorial_objectstorage.py
[2026-04-29T10:07:31.765+0300] {processor.py:840} INFO - DAG(s) 'tutorial_objectstorage' retrieved from /mnt/d/airflow/airflow_project/airflow_venv/lib/python3.12/site-packages/airflow/example_dags/tutorial_objectstorage.py
[2026-04-29T10:07:31.814+0300] {logging_mixin.py:188} INFO - [2026-04-29T10:07:31.812+0300] {dag.py:3089} INFO - Sync 1 DAGs
[2026-04-29T10:07:31.936+0300] {logging_mixin.py:188} INFO - [2026-04-29T10:07:31.934+0300] {dag.py:3947} INFO - Setting next_dagrun for tutorial_objectstorage to None, run_after=None
[2026-04-29T10:07:32.050+0300] {processor.py:183} INFO - Processing /mnt/d/airflow/airflow_project/airflow_venv/lib/python3.12/site-packages/airflow/example_dags/tutorial_objectstorage.py took 0.390 seconds
[2026-04-29T10:08:36.403+0300] {processor.py:161} INFO - Started process (PID=44970) to work on /mnt/d/airflow/airflow_project/airflow_venv/lib/python3.12/site-packages/airflow/example_dags/tutorial_objectstorage.py
[2026-04-29T10:08:36.406+0300] {processor.py:830} INFO - Processing file /mnt/d/airflow/airflow_project/airflow_venv/lib/python3.12/site-packages/airflow/example_dags/tutorial_objectstorage.py for tasks to queue
[2026-04-29T10:08:36.412+0300] {logging_mixin.py:188} INFO - [2026-04-29T10:08:36.410+0300] {dagbag.py:545} INFO - Filling up the DagBag from /mnt/d/airflow/airflow_project/airflow_venv/lib/python3.12/site-packages/airflow/example_dags/tutorial_objectstorage.py
[2026-04-29T10:08:36.454+0300] {processor.py:840} INFO - DAG(s) 'tutorial_objectstorage' retrieved from /mnt/d/airflow/airflow_project/airflow_venv/lib/python3.12/site-packages/airflow/example_dags/tutorial_objectstorage.py
[2026-04-29T10:08:36.496+0300] {logging_mixin.py:188} INFO - [2026-04-29T10:08:36.494+0300] {dag.py:3089} INFO - Sync 1 DAGs
[2026-04-29T10:08:36.520+0300] {logging_mixin.py:188} INFO - [2026-04-29T10:08:36.517+0300] {dag.py:3947} INFO - Setting next_dagrun for tutorial_objectstorage to None, run_after=None
[2026-04-29T10:08:36.666+0300] {processor.py:183} INFO - Processing /mnt/d/airflow/airflow_project/airflow_venv/lib/python3.12/site-packages/airflow/example_dags/tutorial_objectstorage.py took 0.287 seconds
[2026-04-29T10:09:35.099+0300] {processor.py:161} INFO - Started process (PID=45290) to work on /mnt/d/airflow/airflow_project/airflow_venv/lib/python3.12/site-packages/airflow/example_dags/tutorial_objectstorage.py
[2026-04-29T10:09:35.104+0300] {processor.py:830} INFO - Processing file /mnt/d/airflow/airflow_project/airflow_venv/lib/python3.12/site-packages/airflow/example_dags/tutorial_objectstorage.py for tasks to queue
[2026-04-29T10:09:35.113+0300] {logging_mixin.py:188} INFO - [2026-04-29T10:09:35.110+0300] {dagbag.py:545} INFO - Filling up the DagBag from /mnt/d/airflow/airflow_project/airflow_venv/lib/python3.12/site-packages/airflow/example_dags/tutorial_objectstorage.py
[2026-04-29T10:09:35.194+0300] {processor.py:840} INFO - DAG(s) 'tutorial_objectstorage' retrieved from /mnt/d/airflow/airflow_project/airflow_venv/lib/python3.12/site-packages/airflow/example_dags/tutorial_objectstorage.py
[2026-04-29T10:09:35.259+0300] {logging_mixin.py:188} INFO - [2026-04-29T10:09:35.256+0300] {dag.py:3089} INFO - Sync 1 DAGs
[2026-04-29T10:09:35.292+0300] {logging_mixin.py:188} INFO - [2026-04-29T10:09:35.289+0300] {dag.py:3947} INFO - Setting next_dagrun for tutorial_objectstorage to None, run_after=None
[2026-04-29T10:09:35.480+0300] {processor.py:183} INFO - Processing /mnt/d/airflow/airflow_project/airflow_venv/lib/python3.12/site-packages/airflow/example_dags/tutorial_objectstorage.py took 0.418 seconds
[2026-04-29T10:10:40.622+0300] {processor.py:161} INFO - Started process (PID=45658) to work on /mnt/d/airflow/airflow_project/airflow_venv/lib/python3.12/site-packages/airflow/example_dags/tutorial_objectstorage.py
[2026-04-29T10:10:40.625+0300] {processor.py:830} INFO - Processing file /mnt/d/airflow/airflow_project/airflow_venv/lib/python3.12/site-packages/airflow/example_dags/tutorial_objectstorage.py for tasks to queue
[2026-04-29T10:10:40.632+0300] {logging_mixin.py:188} INFO - [2026-04-29T10:10:40.629+0300] {dagbag.py:545} INFO - Filling up the DagBag from /mnt/d/airflow/airflow_project/airflow_venv/lib/python3.12/site-packages/airflow/example_dags/tutorial_objectstorage.py
[2026-04-29T10:10:40.700+0300] {processor.py:840} INFO - DAG(s) 'tutorial_objectstorage' retrieved from /mnt/d/airflow/airflow_project/airflow_venv/lib/python3.12/site-packages/airflow/example_dags/tutorial_objectstorage.py
[2026-04-29T10:10:40.779+0300] {logging_mixin.py:188} INFO - [2026-04-29T10:10:40.777+0300] {dag.py:3089} INFO - Sync 1 DAGs
[2026-04-29T10:10:40.807+0300] {logging_mixin.py:188} INFO - [2026-04-29T10:10:40.804+0300] {dag.py:3947} INFO - Setting next_dagrun for tutorial_objectstorage to None, run_after=None
[2026-04-29T10:10:40.920+0300] {processor.py:183} INFO - Processing /mnt/d/airflow/airflow_project/airflow_venv/lib/python3.12/site-packages/airflow/example_dags/tutorial_objectstorage.py took 0.324 seconds
[2026-04-29T10:11:50.890+0300] {processor.py:161} INFO - Started process (PID=46034) to work on /mnt/d/airflow/airflow_project/airflow_venv/lib/python3.12/site-packages/airflow/example_dags/tutorial_objectstorage.py
[2026-04-29T10:11:50.893+0300] {processor.py:830} INFO - Processing file /mnt/d/airflow/airflow_project/airflow_venv/lib/python3.12/site-packages/airflow/example_dags/tutorial_objectstorage.py for tasks to queue
[2026-04-29T10:11:50.900+0300] {logging_mixin.py:188} INFO - [2026-04-29T10:11:50.897+0300] {dagbag.py:545} INFO - Filling up the DagBag from /mnt/d/airflow/airflow_project/airflow_venv/lib/python3.12/site-packages/airflow/example_dags/tutorial_objectstorage.py
[2026-04-29T10:11:50.962+0300] {processor.py:840} INFO - DAG(s) 'tutorial_objectstorage' retrieved from /mnt/d/airflow/airflow_project/airflow_venv/lib/python3.12/site-packages/airflow/example_dags/tutorial_objectstorage.py
[2026-04-29T10:11:51.021+0300] {logging_mixin.py:188} INFO - [2026-04-29T10:11:51.019+0300] {dag.py:3089} INFO - Sync 1 DAGs
[2026-04-29T10:11:51.049+0300] {logging_mixin.py:188} INFO - [2026-04-29T10:11:51.047+0300] {dag.py:3947} INFO - Setting next_dagrun for tutorial_objectstorage to None, run_after=None
[2026-04-29T10:11:51.247+0300] {processor.py:183} INFO - Processing /mnt/d/airflow/airflow_project/airflow_venv/lib/python3.12/site-packages/airflow/example_dags/tutorial_objectstorage.py took 0.385 seconds
[2026-04-29T10:12:54.035+0300] {processor.py:161} INFO - Started process (PID=46401) to work on /mnt/d/airflow/airflow_project/airflow_venv/lib/python3.12/site-packages/airflow/example_dags/tutorial_objectstorage.py
[2026-04-29T10:12:54.039+0300] {processor.py:830} INFO - Processing file /mnt/d/airflow/airflow_project/airflow_venv/lib/python3.12/site-packages/airflow/example_dags/tutorial_objectstorage.py for tasks to queue
[2026-04-29T10:12:54.044+0300] {logging_mixin.py:188} INFO - [2026-04-29T10:12:54.042+0300] {dagbag.py:545} INFO - Filling up the DagBag from /mnt/d/airflow/airflow_project/airflow_venv/lib/python3.12/site-packages/airflow/example_dags/tutorial_objectstorage.py
[2026-04-29T10:12:54.074+0300] {processor.py:840} INFO - DAG(s) 'tutorial_objectstorage' retrieved from /mnt/d/airflow/airflow_project/airflow_venv/lib/python3.12/site-packages/airflow/example_dags/tutorial_objectstorage.py
[2026-04-29T10:12:54.108+0300] {logging_mixin.py:188} INFO - [2026-04-29T10:12:54.107+0300] {dag.py:3089} INFO - Sync 1 DAGs
[2026-04-29T10:12:54.124+0300] {logging_mixin.py:188} INFO - [2026-04-29T10:12:54.123+0300] {dag.py:3947} INFO - Setting next_dagrun for tutorial_objectstorage to None, run_after=None
[2026-04-29T10:12:54.232+0300] {processor.py:183} INFO - Processing /mnt/d/airflow/airflow_project/airflow_venv/lib/python3.12/site-packages/airflow/example_dags/tutorial_objectstorage.py took 0.216 seconds
