[2026-04-29T09:14:20.215+0300] {processor.py:161} INFO - Started process (PID=26227) to work on /mnt/d/airflow/airflow_project/airflow_venv/lib/python3.12/site-packages/airflow/example_dags/tutorial_taskflow_api.py
[2026-04-29T09:14:20.216+0300] {processor.py:830} INFO - Processing file /mnt/d/airflow/airflow_project/airflow_venv/lib/python3.12/site-packages/airflow/example_dags/tutorial_taskflow_api.py for tasks to queue
[2026-04-29T09:14:20.220+0300] {logging_mixin.py:188} INFO - [2026-04-29T09:14:20.219+0300] {dagbag.py:545} INFO - Filling up the DagBag from /mnt/d/airflow/airflow_project/airflow_venv/lib/python3.12/site-packages/airflow/example_dags/tutorial_taskflow_api.py
[2026-04-29T09:14:20.344+0300] {processor.py:840} INFO - DAG(s) 'tutorial_taskflow_api' retrieved from /mnt/d/airflow/airflow_project/airflow_venv/lib/python3.12/site-packages/airflow/example_dags/tutorial_taskflow_api.py
[2026-04-29T09:14:21.614+0300] {logging_mixin.py:188} INFO - [2026-04-29T09:14:21.612+0300] {override.py:1858} INFO - Created Permission View: can edit on DAG:tutorial_taskflow_api
[2026-04-29T09:14:21.654+0300] {logging_mixin.py:188} INFO - [2026-04-29T09:14:21.653+0300] {override.py:1858} INFO - Created Permission View: can delete on DAG:tutorial_taskflow_api
[2026-04-29T09:14:21.688+0300] {logging_mixin.py:188} INFO - [2026-04-29T09:14:21.686+0300] {override.py:1858} INFO - Created Permission View: can read on DAG:tutorial_taskflow_api
[2026-04-29T09:14:21.690+0300] {logging_mixin.py:188} INFO - [2026-04-29T09:14:21.689+0300] {dag.py:3089} INFO - Sync 1 DAGs
[2026-04-29T09:14:21.707+0300] {logging_mixin.py:188} INFO - [2026-04-29T09:14:21.706+0300] {dag.py:3111} INFO - Creating ORM DAG for tutorial_taskflow_api
[2026-04-29T09:14:21.709+0300] {logging_mixin.py:188} INFO - [2026-04-29T09:14:21.708+0300] {dag.py:3947} INFO - Setting next_dagrun for tutorial_taskflow_api to None, run_after=None
[2026-04-29T09:14:21.793+0300] {processor.py:183} INFO - Processing /mnt/d/airflow/airflow_project/airflow_venv/lib/python3.12/site-packages/airflow/example_dags/tutorial_taskflow_api.py took 1.586 seconds
[2026-04-29T09:16:59.644+0300] {processor.py:161} INFO - Started process (PID=27124) to work on /mnt/d/airflow/airflow_project/airflow_venv/lib/python3.12/site-packages/airflow/example_dags/tutorial_taskflow_api.py
[2026-04-29T09:16:59.650+0300] {processor.py:830} INFO - Processing file /mnt/d/airflow/airflow_project/airflow_venv/lib/python3.12/site-packages/airflow/example_dags/tutorial_taskflow_api.py for tasks to queue
[2026-04-29T09:16:59.658+0300] {logging_mixin.py:188} INFO - [2026-04-29T09:16:59.655+0300] {dagbag.py:545} INFO - Filling up the DagBag from /mnt/d/airflow/airflow_project/airflow_venv/lib/python3.12/site-packages/airflow/example_dags/tutorial_taskflow_api.py
[2026-04-29T09:16:59.751+0300] {processor.py:840} INFO - DAG(s) 'tutorial_taskflow_api' retrieved from /mnt/d/airflow/airflow_project/airflow_venv/lib/python3.12/site-packages/airflow/example_dags/tutorial_taskflow_api.py
[2026-04-29T09:16:59.834+0300] {logging_mixin.py:188} INFO - [2026-04-29T09:16:59.832+0300] {dag.py:3089} INFO - Sync 1 DAGs
[2026-04-29T09:16:59.853+0300] {logging_mixin.py:188} INFO - [2026-04-29T09:16:59.851+0300] {dag.py:3947} INFO - Setting next_dagrun for tutorial_taskflow_api to None, run_after=None
[2026-04-29T09:17:00.021+0300] {processor.py:183} INFO - Processing /mnt/d/airflow/airflow_project/airflow_venv/lib/python3.12/site-packages/airflow/example_dags/tutorial_taskflow_api.py took 0.418 seconds
[2026-04-29T09:18:12.881+0300] {processor.py:161} INFO - Started process (PID=27565) to work on /mnt/d/airflow/airflow_project/airflow_venv/lib/python3.12/site-packages/airflow/example_dags/tutorial_taskflow_api.py
[2026-04-29T09:18:12.883+0300] {processor.py:830} INFO - Processing file /mnt/d/airflow/airflow_project/airflow_venv/lib/python3.12/site-packages/airflow/example_dags/tutorial_taskflow_api.py for tasks to queue
[2026-04-29T09:18:12.886+0300] {logging_mixin.py:188} INFO - [2026-04-29T09:18:12.885+0300] {dagbag.py:545} INFO - Filling up the DagBag from /mnt/d/airflow/airflow_project/airflow_venv/lib/python3.12/site-packages/airflow/example_dags/tutorial_taskflow_api.py
[2026-04-29T09:18:12.914+0300] {processor.py:840} INFO - DAG(s) 'tutorial_taskflow_api' retrieved from /mnt/d/airflow/airflow_project/airflow_venv/lib/python3.12/site-packages/airflow/example_dags/tutorial_taskflow_api.py
[2026-04-29T09:18:12.938+0300] {logging_mixin.py:188} INFO - [2026-04-29T09:18:12.938+0300] {dag.py:3089} INFO - Sync 1 DAGs
[2026-04-29T09:18:12.950+0300] {logging_mixin.py:188} INFO - [2026-04-29T09:18:12.948+0300] {dag.py:3947} INFO - Setting next_dagrun for tutorial_taskflow_api to None, run_after=None
[2026-04-29T09:18:13.000+0300] {processor.py:183} INFO - Processing /mnt/d/airflow/airflow_project/airflow_venv/lib/python3.12/site-packages/airflow/example_dags/tutorial_taskflow_api.py took 0.129 seconds
[2026-04-29T09:19:17.838+0300] {processor.py:161} INFO - Started process (PID=27945) to work on /mnt/d/airflow/airflow_project/airflow_venv/lib/python3.12/site-packages/airflow/example_dags/tutorial_taskflow_api.py
[2026-04-29T09:19:17.843+0300] {processor.py:830} INFO - Processing file /mnt/d/airflow/airflow_project/airflow_venv/lib/python3.12/site-packages/airflow/example_dags/tutorial_taskflow_api.py for tasks to queue
[2026-04-29T09:19:17.849+0300] {logging_mixin.py:188} INFO - [2026-04-29T09:19:17.847+0300] {dagbag.py:545} INFO - Filling up the DagBag from /mnt/d/airflow/airflow_project/airflow_venv/lib/python3.12/site-packages/airflow/example_dags/tutorial_taskflow_api.py
[2026-04-29T09:19:17.913+0300] {processor.py:840} INFO - DAG(s) 'tutorial_taskflow_api' retrieved from /mnt/d/airflow/airflow_project/airflow_venv/lib/python3.12/site-packages/airflow/example_dags/tutorial_taskflow_api.py
[2026-04-29T09:19:17.986+0300] {logging_mixin.py:188} INFO - [2026-04-29T09:19:17.982+0300] {dag.py:3089} INFO - Sync 1 DAGs
[2026-04-29T09:19:18.012+0300] {logging_mixin.py:188} INFO - [2026-04-29T09:19:18.009+0300] {dag.py:3947} INFO - Setting next_dagrun for tutorial_taskflow_api to None, run_after=None
[2026-04-29T09:19:18.136+0300] {processor.py:183} INFO - Processing /mnt/d/airflow/airflow_project/airflow_venv/lib/python3.12/site-packages/airflow/example_dags/tutorial_taskflow_api.py took 0.339 seconds
[2026-04-29T09:20:31.419+0300] {processor.py:161} INFO - Started process (PID=28386) to work on /mnt/d/airflow/airflow_project/airflow_venv/lib/python3.12/site-packages/airflow/example_dags/tutorial_taskflow_api.py
[2026-04-29T09:20:31.422+0300] {processor.py:830} INFO - Processing file /mnt/d/airflow/airflow_project/airflow_venv/lib/python3.12/site-packages/airflow/example_dags/tutorial_taskflow_api.py for tasks to queue
[2026-04-29T09:20:31.431+0300] {logging_mixin.py:188} INFO - [2026-04-29T09:20:31.427+0300] {dagbag.py:545} INFO - Filling up the DagBag from /mnt/d/airflow/airflow_project/airflow_venv/lib/python3.12/site-packages/airflow/example_dags/tutorial_taskflow_api.py
[2026-04-29T09:20:31.494+0300] {processor.py:840} INFO - DAG(s) 'tutorial_taskflow_api' retrieved from /mnt/d/airflow/airflow_project/airflow_venv/lib/python3.12/site-packages/airflow/example_dags/tutorial_taskflow_api.py
[2026-04-29T09:20:31.560+0300] {logging_mixin.py:188} INFO - [2026-04-29T09:20:31.557+0300] {dag.py:3089} INFO - Sync 1 DAGs
[2026-04-29T09:20:31.582+0300] {logging_mixin.py:188} INFO - [2026-04-29T09:20:31.581+0300] {dag.py:3947} INFO - Setting next_dagrun for tutorial_taskflow_api to None, run_after=None
[2026-04-29T09:20:31.664+0300] {processor.py:183} INFO - Processing /mnt/d/airflow/airflow_project/airflow_venv/lib/python3.12/site-packages/airflow/example_dags/tutorial_taskflow_api.py took 0.274 seconds
[2026-04-29T09:21:38.912+0300] {processor.py:161} INFO - Started process (PID=28770) to work on /mnt/d/airflow/airflow_project/airflow_venv/lib/python3.12/site-packages/airflow/example_dags/tutorial_taskflow_api.py
[2026-04-29T09:21:38.916+0300] {processor.py:830} INFO - Processing file /mnt/d/airflow/airflow_project/airflow_venv/lib/python3.12/site-packages/airflow/example_dags/tutorial_taskflow_api.py for tasks to queue
[2026-04-29T09:21:38.926+0300] {logging_mixin.py:188} INFO - [2026-04-29T09:21:38.924+0300] {dagbag.py:545} INFO - Filling up the DagBag from /mnt/d/airflow/airflow_project/airflow_venv/lib/python3.12/site-packages/airflow/example_dags/tutorial_taskflow_api.py
[2026-04-29T09:21:38.989+0300] {processor.py:840} INFO - DAG(s) 'tutorial_taskflow_api' retrieved from /mnt/d/airflow/airflow_project/airflow_venv/lib/python3.12/site-packages/airflow/example_dags/tutorial_taskflow_api.py
[2026-04-29T09:21:39.052+0300] {logging_mixin.py:188} INFO - [2026-04-29T09:21:39.050+0300] {dag.py:3089} INFO - Sync 1 DAGs
[2026-04-29T09:21:39.079+0300] {logging_mixin.py:188} INFO - [2026-04-29T09:21:39.076+0300] {dag.py:3947} INFO - Setting next_dagrun for tutorial_taskflow_api to None, run_after=None
[2026-04-29T09:21:39.352+0300] {processor.py:183} INFO - Processing /mnt/d/airflow/airflow_project/airflow_venv/lib/python3.12/site-packages/airflow/example_dags/tutorial_taskflow_api.py took 0.468 seconds
[2026-04-29T09:22:35.693+0300] {processor.py:161} INFO - Started process (PID=29102) to work on /mnt/d/airflow/airflow_project/airflow_venv/lib/python3.12/site-packages/airflow/example_dags/tutorial_taskflow_api.py
[2026-04-29T09:22:35.696+0300] {processor.py:830} INFO - Processing file /mnt/d/airflow/airflow_project/airflow_venv/lib/python3.12/site-packages/airflow/example_dags/tutorial_taskflow_api.py for tasks to queue
[2026-04-29T09:22:35.704+0300] {logging_mixin.py:188} INFO - [2026-04-29T09:22:35.702+0300] {dagbag.py:545} INFO - Filling up the DagBag from /mnt/d/airflow/airflow_project/airflow_venv/lib/python3.12/site-packages/airflow/example_dags/tutorial_taskflow_api.py
[2026-04-29T09:22:35.733+0300] {processor.py:840} INFO - DAG(s) 'tutorial_taskflow_api' retrieved from /mnt/d/airflow/airflow_project/airflow_venv/lib/python3.12/site-packages/airflow/example_dags/tutorial_taskflow_api.py
[2026-04-29T09:22:35.805+0300] {logging_mixin.py:188} INFO - [2026-04-29T09:22:35.804+0300] {dag.py:3089} INFO - Sync 1 DAGs
[2026-04-29T09:22:35.857+0300] {logging_mixin.py:188} INFO - [2026-04-29T09:22:35.856+0300] {dag.py:3947} INFO - Setting next_dagrun for tutorial_taskflow_api to None, run_after=None
[2026-04-29T09:22:35.942+0300] {processor.py:183} INFO - Processing /mnt/d/airflow/airflow_project/airflow_venv/lib/python3.12/site-packages/airflow/example_dags/tutorial_taskflow_api.py took 0.279 seconds
[2026-04-29T09:23:36.701+0300] {processor.py:161} INFO - Started process (PID=29456) to work on /mnt/d/airflow/airflow_project/airflow_venv/lib/python3.12/site-packages/airflow/example_dags/tutorial_taskflow_api.py
[2026-04-29T09:23:36.706+0300] {processor.py:830} INFO - Processing file /mnt/d/airflow/airflow_project/airflow_venv/lib/python3.12/site-packages/airflow/example_dags/tutorial_taskflow_api.py for tasks to queue
[2026-04-29T09:23:36.716+0300] {logging_mixin.py:188} INFO - [2026-04-29T09:23:36.712+0300] {dagbag.py:545} INFO - Filling up the DagBag from /mnt/d/airflow/airflow_project/airflow_venv/lib/python3.12/site-packages/airflow/example_dags/tutorial_taskflow_api.py
[2026-04-29T09:23:36.807+0300] {processor.py:840} INFO - DAG(s) 'tutorial_taskflow_api' retrieved from /mnt/d/airflow/airflow_project/airflow_venv/lib/python3.12/site-packages/airflow/example_dags/tutorial_taskflow_api.py
[2026-04-29T09:23:36.880+0300] {logging_mixin.py:188} INFO - [2026-04-29T09:23:36.877+0300] {dag.py:3089} INFO - Sync 1 DAGs
[2026-04-29T09:23:36.905+0300] {logging_mixin.py:188} INFO - [2026-04-29T09:23:36.902+0300] {dag.py:3947} INFO - Setting next_dagrun for tutorial_taskflow_api to None, run_after=None
[2026-04-29T09:23:37.032+0300] {processor.py:183} INFO - Processing /mnt/d/airflow/airflow_project/airflow_venv/lib/python3.12/site-packages/airflow/example_dags/tutorial_taskflow_api.py took 0.371 seconds
[2026-04-29T09:24:45.606+0300] {processor.py:161} INFO - Started process (PID=29841) to work on /mnt/d/airflow/airflow_project/airflow_venv/lib/python3.12/site-packages/airflow/example_dags/tutorial_taskflow_api.py
[2026-04-29T09:24:45.610+0300] {processor.py:830} INFO - Processing file /mnt/d/airflow/airflow_project/airflow_venv/lib/python3.12/site-packages/airflow/example_dags/tutorial_taskflow_api.py for tasks to queue
[2026-04-29T09:24:45.618+0300] {logging_mixin.py:188} INFO - [2026-04-29T09:24:45.615+0300] {dagbag.py:545} INFO - Filling up the DagBag from /mnt/d/airflow/airflow_project/airflow_venv/lib/python3.12/site-packages/airflow/example_dags/tutorial_taskflow_api.py
[2026-04-29T09:24:45.698+0300] {processor.py:840} INFO - DAG(s) 'tutorial_taskflow_api' retrieved from /mnt/d/airflow/airflow_project/airflow_venv/lib/python3.12/site-packages/airflow/example_dags/tutorial_taskflow_api.py
[2026-04-29T09:24:45.766+0300] {logging_mixin.py:188} INFO - [2026-04-29T09:24:45.763+0300] {dag.py:3089} INFO - Sync 1 DAGs
[2026-04-29T09:24:45.792+0300] {logging_mixin.py:188} INFO - [2026-04-29T09:24:45.789+0300] {dag.py:3947} INFO - Setting next_dagrun for tutorial_taskflow_api to None, run_after=None
[2026-04-29T09:24:45.954+0300] {processor.py:183} INFO - Processing /mnt/d/airflow/airflow_project/airflow_venv/lib/python3.12/site-packages/airflow/example_dags/tutorial_taskflow_api.py took 0.373 seconds
[2026-04-29T09:25:57.070+0300] {processor.py:161} INFO - Started process (PID=30244) to work on /mnt/d/airflow/airflow_project/airflow_venv/lib/python3.12/site-packages/airflow/example_dags/tutorial_taskflow_api.py
[2026-04-29T09:25:57.074+0300] {processor.py:830} INFO - Processing file /mnt/d/airflow/airflow_project/airflow_venv/lib/python3.12/site-packages/airflow/example_dags/tutorial_taskflow_api.py for tasks to queue
[2026-04-29T09:25:57.083+0300] {logging_mixin.py:188} INFO - [2026-04-29T09:25:57.080+0300] {dagbag.py:545} INFO - Filling up the DagBag from /mnt/d/airflow/airflow_project/airflow_venv/lib/python3.12/site-packages/airflow/example_dags/tutorial_taskflow_api.py
[2026-04-29T09:25:57.146+0300] {processor.py:840} INFO - DAG(s) 'tutorial_taskflow_api' retrieved from /mnt/d/airflow/airflow_project/airflow_venv/lib/python3.12/site-packages/airflow/example_dags/tutorial_taskflow_api.py
[2026-04-29T09:25:57.189+0300] {logging_mixin.py:188} INFO - [2026-04-29T09:25:57.187+0300] {dag.py:3089} INFO - Sync 1 DAGs
[2026-04-29T09:25:57.205+0300] {logging_mixin.py:188} INFO - [2026-04-29T09:25:57.203+0300] {dag.py:3947} INFO - Setting next_dagrun for tutorial_taskflow_api to None, run_after=None
[2026-04-29T09:25:57.319+0300] {processor.py:183} INFO - Processing /mnt/d/airflow/airflow_project/airflow_venv/lib/python3.12/site-packages/airflow/example_dags/tutorial_taskflow_api.py took 0.281 seconds
[2026-04-29T09:27:08.626+0300] {processor.py:161} INFO - Started process (PID=30643) to work on /mnt/d/airflow/airflow_project/airflow_venv/lib/python3.12/site-packages/airflow/example_dags/tutorial_taskflow_api.py
[2026-04-29T09:27:08.631+0300] {processor.py:830} INFO - Processing file /mnt/d/airflow/airflow_project/airflow_venv/lib/python3.12/site-packages/airflow/example_dags/tutorial_taskflow_api.py for tasks to queue
[2026-04-29T09:27:08.643+0300] {logging_mixin.py:188} INFO - [2026-04-29T09:27:08.638+0300] {dagbag.py:545} INFO - Filling up the DagBag from /mnt/d/airflow/airflow_project/airflow_venv/lib/python3.12/site-packages/airflow/example_dags/tutorial_taskflow_api.py
[2026-04-29T09:27:08.711+0300] {processor.py:840} INFO - DAG(s) 'tutorial_taskflow_api' retrieved from /mnt/d/airflow/airflow_project/airflow_venv/lib/python3.12/site-packages/airflow/example_dags/tutorial_taskflow_api.py
[2026-04-29T09:27:08.776+0300] {logging_mixin.py:188} INFO - [2026-04-29T09:27:08.774+0300] {dag.py:3089} INFO - Sync 1 DAGs
[2026-04-29T09:27:08.798+0300] {logging_mixin.py:188} INFO - [2026-04-29T09:27:08.796+0300] {dag.py:3947} INFO - Setting next_dagrun for tutorial_taskflow_api to None, run_after=None
[2026-04-29T09:27:08.988+0300] {processor.py:183} INFO - Processing /mnt/d/airflow/airflow_project/airflow_venv/lib/python3.12/site-packages/airflow/example_dags/tutorial_taskflow_api.py took 0.396 seconds
[2026-04-29T09:28:24.166+0300] {processor.py:161} INFO - Started process (PID=31078) to work on /mnt/d/airflow/airflow_project/airflow_venv/lib/python3.12/site-packages/airflow/example_dags/tutorial_taskflow_api.py
[2026-04-29T09:28:24.171+0300] {processor.py:830} INFO - Processing file /mnt/d/airflow/airflow_project/airflow_venv/lib/python3.12/site-packages/airflow/example_dags/tutorial_taskflow_api.py for tasks to queue
[2026-04-29T09:28:24.181+0300] {logging_mixin.py:188} INFO - [2026-04-29T09:28:24.177+0300] {dagbag.py:545} INFO - Filling up the DagBag from /mnt/d/airflow/airflow_project/airflow_venv/lib/python3.12/site-packages/airflow/example_dags/tutorial_taskflow_api.py
[2026-04-29T09:28:24.276+0300] {processor.py:840} INFO - DAG(s) 'tutorial_taskflow_api' retrieved from /mnt/d/airflow/airflow_project/airflow_venv/lib/python3.12/site-packages/airflow/example_dags/tutorial_taskflow_api.py
[2026-04-29T09:28:24.355+0300] {logging_mixin.py:188} INFO - [2026-04-29T09:28:24.352+0300] {dag.py:3089} INFO - Sync 1 DAGs
[2026-04-29T09:28:24.381+0300] {logging_mixin.py:188} INFO - [2026-04-29T09:28:24.377+0300] {dag.py:3947} INFO - Setting next_dagrun for tutorial_taskflow_api to None, run_after=None
[2026-04-29T09:28:24.562+0300] {processor.py:183} INFO - Processing /mnt/d/airflow/airflow_project/airflow_venv/lib/python3.12/site-packages/airflow/example_dags/tutorial_taskflow_api.py took 0.434 seconds
[2026-04-29T09:29:43.685+0300] {processor.py:161} INFO - Started process (PID=31549) to work on /mnt/d/airflow/airflow_project/airflow_venv/lib/python3.12/site-packages/airflow/example_dags/tutorial_taskflow_api.py
[2026-04-29T09:29:43.691+0300] {processor.py:830} INFO - Processing file /mnt/d/airflow/airflow_project/airflow_venv/lib/python3.12/site-packages/airflow/example_dags/tutorial_taskflow_api.py for tasks to queue
[2026-04-29T09:29:43.697+0300] {logging_mixin.py:188} INFO - [2026-04-29T09:29:43.694+0300] {dagbag.py:545} INFO - Filling up the DagBag from /mnt/d/airflow/airflow_project/airflow_venv/lib/python3.12/site-packages/airflow/example_dags/tutorial_taskflow_api.py
[2026-04-29T09:29:43.741+0300] {processor.py:840} INFO - DAG(s) 'tutorial_taskflow_api' retrieved from /mnt/d/airflow/airflow_project/airflow_venv/lib/python3.12/site-packages/airflow/example_dags/tutorial_taskflow_api.py
[2026-04-29T09:29:43.789+0300] {logging_mixin.py:188} INFO - [2026-04-29T09:29:43.787+0300] {dag.py:3089} INFO - Sync 1 DAGs
[2026-04-29T09:29:43.807+0300] {logging_mixin.py:188} INFO - [2026-04-29T09:29:43.805+0300] {dag.py:3947} INFO - Setting next_dagrun for tutorial_taskflow_api to None, run_after=None
[2026-04-29T09:29:43.921+0300] {processor.py:183} INFO - Processing /mnt/d/airflow/airflow_project/airflow_venv/lib/python3.12/site-packages/airflow/example_dags/tutorial_taskflow_api.py took 0.269 seconds
[2026-04-29T09:31:18.351+0300] {processor.py:161} INFO - Started process (PID=32115) to work on /mnt/d/airflow/airflow_project/airflow_venv/lib/python3.12/site-packages/airflow/example_dags/tutorial_taskflow_api.py
[2026-04-29T09:31:18.354+0300] {processor.py:830} INFO - Processing file /mnt/d/airflow/airflow_project/airflow_venv/lib/python3.12/site-packages/airflow/example_dags/tutorial_taskflow_api.py for tasks to queue
[2026-04-29T09:31:18.360+0300] {logging_mixin.py:188} INFO - [2026-04-29T09:31:18.357+0300] {dagbag.py:545} INFO - Filling up the DagBag from /mnt/d/airflow/airflow_project/airflow_venv/lib/python3.12/site-packages/airflow/example_dags/tutorial_taskflow_api.py
[2026-04-29T09:31:18.458+0300] {processor.py:840} INFO - DAG(s) 'tutorial_taskflow_api' retrieved from /mnt/d/airflow/airflow_project/airflow_venv/lib/python3.12/site-packages/airflow/example_dags/tutorial_taskflow_api.py
[2026-04-29T09:31:18.572+0300] {logging_mixin.py:188} INFO - [2026-04-29T09:31:18.569+0300] {dag.py:3089} INFO - Sync 1 DAGs
[2026-04-29T09:31:18.602+0300] {logging_mixin.py:188} INFO - [2026-04-29T09:31:18.599+0300] {dag.py:3947} INFO - Setting next_dagrun for tutorial_taskflow_api to None, run_after=None
[2026-04-29T09:31:18.816+0300] {processor.py:183} INFO - Processing /mnt/d/airflow/airflow_project/airflow_venv/lib/python3.12/site-packages/airflow/example_dags/tutorial_taskflow_api.py took 0.491 seconds
[2026-04-29T09:32:24.233+0300] {processor.py:161} INFO - Started process (PID=32502) to work on /mnt/d/airflow/airflow_project/airflow_venv/lib/python3.12/site-packages/airflow/example_dags/tutorial_taskflow_api.py
[2026-04-29T09:32:24.236+0300] {processor.py:830} INFO - Processing file /mnt/d/airflow/airflow_project/airflow_venv/lib/python3.12/site-packages/airflow/example_dags/tutorial_taskflow_api.py for tasks to queue
[2026-04-29T09:32:24.240+0300] {logging_mixin.py:188} INFO - [2026-04-29T09:32:24.239+0300] {dagbag.py:545} INFO - Filling up the DagBag from /mnt/d/airflow/airflow_project/airflow_venv/lib/python3.12/site-packages/airflow/example_dags/tutorial_taskflow_api.py
[2026-04-29T09:32:24.269+0300] {processor.py:840} INFO - DAG(s) 'tutorial_taskflow_api' retrieved from /mnt/d/airflow/airflow_project/airflow_venv/lib/python3.12/site-packages/airflow/example_dags/tutorial_taskflow_api.py
[2026-04-29T09:32:24.324+0300] {logging_mixin.py:188} INFO - [2026-04-29T09:32:24.323+0300] {dag.py:3089} INFO - Sync 1 DAGs
[2026-04-29T09:32:24.340+0300] {logging_mixin.py:188} INFO - [2026-04-29T09:32:24.339+0300] {dag.py:3947} INFO - Setting next_dagrun for tutorial_taskflow_api to None, run_after=None
[2026-04-29T09:32:24.438+0300] {processor.py:183} INFO - Processing /mnt/d/airflow/airflow_project/airflow_venv/lib/python3.12/site-packages/airflow/example_dags/tutorial_taskflow_api.py took 0.222 seconds
[2026-04-29T09:33:34.063+0300] {processor.py:161} INFO - Started process (PID=32922) to work on /mnt/d/airflow/airflow_project/airflow_venv/lib/python3.12/site-packages/airflow/example_dags/tutorial_taskflow_api.py
[2026-04-29T09:33:34.068+0300] {processor.py:830} INFO - Processing file /mnt/d/airflow/airflow_project/airflow_venv/lib/python3.12/site-packages/airflow/example_dags/tutorial_taskflow_api.py for tasks to queue
[2026-04-29T09:33:34.072+0300] {logging_mixin.py:188} INFO - [2026-04-29T09:33:34.071+0300] {dagbag.py:545} INFO - Filling up the DagBag from /mnt/d/airflow/airflow_project/airflow_venv/lib/python3.12/site-packages/airflow/example_dags/tutorial_taskflow_api.py
[2026-04-29T09:33:34.156+0300] {processor.py:840} INFO - DAG(s) 'tutorial_taskflow_api' retrieved from /mnt/d/airflow/airflow_project/airflow_venv/lib/python3.12/site-packages/airflow/example_dags/tutorial_taskflow_api.py
[2026-04-29T09:33:34.216+0300] {logging_mixin.py:188} INFO - [2026-04-29T09:33:34.214+0300] {dag.py:3089} INFO - Sync 1 DAGs
[2026-04-29T09:33:34.246+0300] {logging_mixin.py:188} INFO - [2026-04-29T09:33:34.243+0300] {dag.py:3947} INFO - Setting next_dagrun for tutorial_taskflow_api to None, run_after=None
[2026-04-29T09:33:34.498+0300] {processor.py:183} INFO - Processing /mnt/d/airflow/airflow_project/airflow_venv/lib/python3.12/site-packages/airflow/example_dags/tutorial_taskflow_api.py took 0.466 seconds
[2026-04-29T09:34:46.568+0300] {processor.py:161} INFO - Started process (PID=33333) to work on /mnt/d/airflow/airflow_project/airflow_venv/lib/python3.12/site-packages/airflow/example_dags/tutorial_taskflow_api.py
[2026-04-29T09:34:46.572+0300] {processor.py:830} INFO - Processing file /mnt/d/airflow/airflow_project/airflow_venv/lib/python3.12/site-packages/airflow/example_dags/tutorial_taskflow_api.py for tasks to queue
[2026-04-29T09:34:46.579+0300] {logging_mixin.py:188} INFO - [2026-04-29T09:34:46.576+0300] {dagbag.py:545} INFO - Filling up the DagBag from /mnt/d/airflow/airflow_project/airflow_venv/lib/python3.12/site-packages/airflow/example_dags/tutorial_taskflow_api.py
[2026-04-29T09:34:46.645+0300] {processor.py:840} INFO - DAG(s) 'tutorial_taskflow_api' retrieved from /mnt/d/airflow/airflow_project/airflow_venv/lib/python3.12/site-packages/airflow/example_dags/tutorial_taskflow_api.py
[2026-04-29T09:34:46.714+0300] {logging_mixin.py:188} INFO - [2026-04-29T09:34:46.705+0300] {dag.py:3089} INFO - Sync 1 DAGs
[2026-04-29T09:34:46.746+0300] {logging_mixin.py:188} INFO - [2026-04-29T09:34:46.744+0300] {dag.py:3947} INFO - Setting next_dagrun for tutorial_taskflow_api to None, run_after=None
[2026-04-29T09:34:46.922+0300] {processor.py:183} INFO - Processing /mnt/d/airflow/airflow_project/airflow_venv/lib/python3.12/site-packages/airflow/example_dags/tutorial_taskflow_api.py took 0.385 seconds
[2026-04-29T09:35:52.093+0300] {processor.py:161} INFO - Started process (PID=33752) to work on /mnt/d/airflow/airflow_project/airflow_venv/lib/python3.12/site-packages/airflow/example_dags/tutorial_taskflow_api.py
[2026-04-29T09:35:52.097+0300] {processor.py:830} INFO - Processing file /mnt/d/airflow/airflow_project/airflow_venv/lib/python3.12/site-packages/airflow/example_dags/tutorial_taskflow_api.py for tasks to queue
[2026-04-29T09:35:52.103+0300] {logging_mixin.py:188} INFO - [2026-04-29T09:35:52.100+0300] {dagbag.py:545} INFO - Filling up the DagBag from /mnt/d/airflow/airflow_project/airflow_venv/lib/python3.12/site-packages/airflow/example_dags/tutorial_taskflow_api.py
[2026-04-29T09:35:52.156+0300] {processor.py:840} INFO - DAG(s) 'tutorial_taskflow_api' retrieved from /mnt/d/airflow/airflow_project/airflow_venv/lib/python3.12/site-packages/airflow/example_dags/tutorial_taskflow_api.py
[2026-04-29T09:35:52.198+0300] {logging_mixin.py:188} INFO - [2026-04-29T09:35:52.197+0300] {dag.py:3089} INFO - Sync 1 DAGs
[2026-04-29T09:35:52.226+0300] {logging_mixin.py:188} INFO - [2026-04-29T09:35:52.224+0300] {dag.py:3947} INFO - Setting next_dagrun for tutorial_taskflow_api to None, run_after=None
[2026-04-29T09:35:52.333+0300] {processor.py:183} INFO - Processing /mnt/d/airflow/airflow_project/airflow_venv/lib/python3.12/site-packages/airflow/example_dags/tutorial_taskflow_api.py took 0.263 seconds
[2026-04-29T09:36:52.520+0300] {processor.py:161} INFO - Started process (PID=34095) to work on /mnt/d/airflow/airflow_project/airflow_venv/lib/python3.12/site-packages/airflow/example_dags/tutorial_taskflow_api.py
[2026-04-29T09:36:52.524+0300] {processor.py:830} INFO - Processing file /mnt/d/airflow/airflow_project/airflow_venv/lib/python3.12/site-packages/airflow/example_dags/tutorial_taskflow_api.py for tasks to queue
[2026-04-29T09:36:52.531+0300] {logging_mixin.py:188} INFO - [2026-04-29T09:36:52.529+0300] {dagbag.py:545} INFO - Filling up the DagBag from /mnt/d/airflow/airflow_project/airflow_venv/lib/python3.12/site-packages/airflow/example_dags/tutorial_taskflow_api.py
[2026-04-29T09:36:52.577+0300] {processor.py:840} INFO - DAG(s) 'tutorial_taskflow_api' retrieved from /mnt/d/airflow/airflow_project/airflow_venv/lib/python3.12/site-packages/airflow/example_dags/tutorial_taskflow_api.py
[2026-04-29T09:36:52.609+0300] {logging_mixin.py:188} INFO - [2026-04-29T09:36:52.608+0300] {dag.py:3089} INFO - Sync 1 DAGs
[2026-04-29T09:36:52.626+0300] {logging_mixin.py:188} INFO - [2026-04-29T09:36:52.624+0300] {dag.py:3947} INFO - Setting next_dagrun for tutorial_taskflow_api to None, run_after=None
[2026-04-29T09:36:52.750+0300] {processor.py:183} INFO - Processing /mnt/d/airflow/airflow_project/airflow_venv/lib/python3.12/site-packages/airflow/example_dags/tutorial_taskflow_api.py took 0.270 seconds
[2026-04-29T09:37:50.789+0300] {processor.py:161} INFO - Started process (PID=34468) to work on /mnt/d/airflow/airflow_project/airflow_venv/lib/python3.12/site-packages/airflow/example_dags/tutorial_taskflow_api.py
[2026-04-29T09:37:50.794+0300] {processor.py:830} INFO - Processing file /mnt/d/airflow/airflow_project/airflow_venv/lib/python3.12/site-packages/airflow/example_dags/tutorial_taskflow_api.py for tasks to queue
[2026-04-29T09:37:50.803+0300] {logging_mixin.py:188} INFO - [2026-04-29T09:37:50.800+0300] {dagbag.py:545} INFO - Filling up the DagBag from /mnt/d/airflow/airflow_project/airflow_venv/lib/python3.12/site-packages/airflow/example_dags/tutorial_taskflow_api.py
[2026-04-29T09:37:50.869+0300] {processor.py:840} INFO - DAG(s) 'tutorial_taskflow_api' retrieved from /mnt/d/airflow/airflow_project/airflow_venv/lib/python3.12/site-packages/airflow/example_dags/tutorial_taskflow_api.py
[2026-04-29T09:37:50.950+0300] {logging_mixin.py:188} INFO - [2026-04-29T09:37:50.947+0300] {dag.py:3089} INFO - Sync 1 DAGs
[2026-04-29T09:37:50.998+0300] {logging_mixin.py:188} INFO - [2026-04-29T09:37:50.993+0300] {dag.py:3947} INFO - Setting next_dagrun for tutorial_taskflow_api to None, run_after=None
[2026-04-29T09:37:51.183+0300] {processor.py:183} INFO - Processing /mnt/d/airflow/airflow_project/airflow_venv/lib/python3.12/site-packages/airflow/example_dags/tutorial_taskflow_api.py took 0.441 seconds
[2026-04-29T09:38:58.042+0300] {processor.py:161} INFO - Started process (PID=34886) to work on /mnt/d/airflow/airflow_project/airflow_venv/lib/python3.12/site-packages/airflow/example_dags/tutorial_taskflow_api.py
[2026-04-29T09:38:58.048+0300] {processor.py:830} INFO - Processing file /mnt/d/airflow/airflow_project/airflow_venv/lib/python3.12/site-packages/airflow/example_dags/tutorial_taskflow_api.py for tasks to queue
[2026-04-29T09:38:58.061+0300] {logging_mixin.py:188} INFO - [2026-04-29T09:38:58.057+0300] {dagbag.py:545} INFO - Filling up the DagBag from /mnt/d/airflow/airflow_project/airflow_venv/lib/python3.12/site-packages/airflow/example_dags/tutorial_taskflow_api.py
[2026-04-29T09:38:58.132+0300] {processor.py:840} INFO - DAG(s) 'tutorial_taskflow_api' retrieved from /mnt/d/airflow/airflow_project/airflow_venv/lib/python3.12/site-packages/airflow/example_dags/tutorial_taskflow_api.py
[2026-04-29T09:38:58.206+0300] {logging_mixin.py:188} INFO - [2026-04-29T09:38:58.204+0300] {dag.py:3089} INFO - Sync 1 DAGs
[2026-04-29T09:38:58.236+0300] {logging_mixin.py:188} INFO - [2026-04-29T09:38:58.233+0300] {dag.py:3947} INFO - Setting next_dagrun for tutorial_taskflow_api to None, run_after=None
[2026-04-29T09:38:58.417+0300] {processor.py:183} INFO - Processing /mnt/d/airflow/airflow_project/airflow_venv/lib/python3.12/site-packages/airflow/example_dags/tutorial_taskflow_api.py took 0.411 seconds
[2026-04-29T09:40:02.069+0300] {processor.py:161} INFO - Started process (PID=35254) to work on /mnt/d/airflow/airflow_project/airflow_venv/lib/python3.12/site-packages/airflow/example_dags/tutorial_taskflow_api.py
[2026-04-29T09:40:02.072+0300] {processor.py:830} INFO - Processing file /mnt/d/airflow/airflow_project/airflow_venv/lib/python3.12/site-packages/airflow/example_dags/tutorial_taskflow_api.py for tasks to queue
[2026-04-29T09:40:02.078+0300] {logging_mixin.py:188} INFO - [2026-04-29T09:40:02.076+0300] {dagbag.py:545} INFO - Filling up the DagBag from /mnt/d/airflow/airflow_project/airflow_venv/lib/python3.12/site-packages/airflow/example_dags/tutorial_taskflow_api.py
[2026-04-29T09:40:02.130+0300] {processor.py:840} INFO - DAG(s) 'tutorial_taskflow_api' retrieved from /mnt/d/airflow/airflow_project/airflow_venv/lib/python3.12/site-packages/airflow/example_dags/tutorial_taskflow_api.py
[2026-04-29T09:40:02.182+0300] {logging_mixin.py:188} INFO - [2026-04-29T09:40:02.180+0300] {dag.py:3089} INFO - Sync 1 DAGs
[2026-04-29T09:40:02.203+0300] {logging_mixin.py:188} INFO - [2026-04-29T09:40:02.201+0300] {dag.py:3947} INFO - Setting next_dagrun for tutorial_taskflow_api to None, run_after=None
[2026-04-29T09:40:02.278+0300] {processor.py:183} INFO - Processing /mnt/d/airflow/airflow_project/airflow_venv/lib/python3.12/site-packages/airflow/example_dags/tutorial_taskflow_api.py took 0.234 seconds
[2026-04-29T09:40:59.653+0300] {processor.py:161} INFO - Started process (PID=35590) to work on /mnt/d/airflow/airflow_project/airflow_venv/lib/python3.12/site-packages/airflow/example_dags/tutorial_taskflow_api.py
[2026-04-29T09:40:59.658+0300] {processor.py:830} INFO - Processing file /mnt/d/airflow/airflow_project/airflow_venv/lib/python3.12/site-packages/airflow/example_dags/tutorial_taskflow_api.py for tasks to queue
[2026-04-29T09:40:59.663+0300] {logging_mixin.py:188} INFO - [2026-04-29T09:40:59.660+0300] {dagbag.py:545} INFO - Filling up the DagBag from /mnt/d/airflow/airflow_project/airflow_venv/lib/python3.12/site-packages/airflow/example_dags/tutorial_taskflow_api.py
[2026-04-29T09:40:59.728+0300] {processor.py:840} INFO - DAG(s) 'tutorial_taskflow_api' retrieved from /mnt/d/airflow/airflow_project/airflow_venv/lib/python3.12/site-packages/airflow/example_dags/tutorial_taskflow_api.py
[2026-04-29T09:40:59.789+0300] {logging_mixin.py:188} INFO - [2026-04-29T09:40:59.787+0300] {dag.py:3089} INFO - Sync 1 DAGs
[2026-04-29T09:40:59.814+0300] {logging_mixin.py:188} INFO - [2026-04-29T09:40:59.812+0300] {dag.py:3947} INFO - Setting next_dagrun for tutorial_taskflow_api to None, run_after=None
[2026-04-29T09:40:59.896+0300] {processor.py:183} INFO - Processing /mnt/d/airflow/airflow_project/airflow_venv/lib/python3.12/site-packages/airflow/example_dags/tutorial_taskflow_api.py took 0.260 seconds
[2026-04-29T09:42:01.742+0300] {processor.py:161} INFO - Started process (PID=35927) to work on /mnt/d/airflow/airflow_project/airflow_venv/lib/python3.12/site-packages/airflow/example_dags/tutorial_taskflow_api.py
[2026-04-29T09:42:01.750+0300] {processor.py:830} INFO - Processing file /mnt/d/airflow/airflow_project/airflow_venv/lib/python3.12/site-packages/airflow/example_dags/tutorial_taskflow_api.py for tasks to queue
[2026-04-29T09:42:01.760+0300] {logging_mixin.py:188} INFO - [2026-04-29T09:42:01.756+0300] {dagbag.py:545} INFO - Filling up the DagBag from /mnt/d/airflow/airflow_project/airflow_venv/lib/python3.12/site-packages/airflow/example_dags/tutorial_taskflow_api.py
[2026-04-29T09:42:01.846+0300] {processor.py:840} INFO - DAG(s) 'tutorial_taskflow_api' retrieved from /mnt/d/airflow/airflow_project/airflow_venv/lib/python3.12/site-packages/airflow/example_dags/tutorial_taskflow_api.py
[2026-04-29T09:42:01.927+0300] {logging_mixin.py:188} INFO - [2026-04-29T09:42:01.923+0300] {dag.py:3089} INFO - Sync 1 DAGs
[2026-04-29T09:42:01.966+0300] {logging_mixin.py:188} INFO - [2026-04-29T09:42:01.964+0300] {dag.py:3947} INFO - Setting next_dagrun for tutorial_taskflow_api to None, run_after=None
[2026-04-29T09:42:02.099+0300] {processor.py:183} INFO - Processing /mnt/d/airflow/airflow_project/airflow_venv/lib/python3.12/site-packages/airflow/example_dags/tutorial_taskflow_api.py took 0.404 seconds
[2026-04-29T09:43:09.979+0300] {processor.py:161} INFO - Started process (PID=36356) to work on /mnt/d/airflow/airflow_project/airflow_venv/lib/python3.12/site-packages/airflow/example_dags/tutorial_taskflow_api.py
[2026-04-29T09:43:09.981+0300] {processor.py:830} INFO - Processing file /mnt/d/airflow/airflow_project/airflow_venv/lib/python3.12/site-packages/airflow/example_dags/tutorial_taskflow_api.py for tasks to queue
[2026-04-29T09:43:09.986+0300] {logging_mixin.py:188} INFO - [2026-04-29T09:43:09.985+0300] {dagbag.py:545} INFO - Filling up the DagBag from /mnt/d/airflow/airflow_project/airflow_venv/lib/python3.12/site-packages/airflow/example_dags/tutorial_taskflow_api.py
[2026-04-29T09:43:10.029+0300] {processor.py:840} INFO - DAG(s) 'tutorial_taskflow_api' retrieved from /mnt/d/airflow/airflow_project/airflow_venv/lib/python3.12/site-packages/airflow/example_dags/tutorial_taskflow_api.py
[2026-04-29T09:43:10.081+0300] {logging_mixin.py:188} INFO - [2026-04-29T09:43:10.079+0300] {dag.py:3089} INFO - Sync 1 DAGs
[2026-04-29T09:43:10.104+0300] {logging_mixin.py:188} INFO - [2026-04-29T09:43:10.103+0300] {dag.py:3947} INFO - Setting next_dagrun for tutorial_taskflow_api to None, run_after=None
[2026-04-29T09:43:10.178+0300] {processor.py:183} INFO - Processing /mnt/d/airflow/airflow_project/airflow_venv/lib/python3.12/site-packages/airflow/example_dags/tutorial_taskflow_api.py took 0.217 seconds
[2026-04-29T09:44:20.758+0300] {processor.py:161} INFO - Started process (PID=36766) to work on /mnt/d/airflow/airflow_project/airflow_venv/lib/python3.12/site-packages/airflow/example_dags/tutorial_taskflow_api.py
[2026-04-29T09:44:20.761+0300] {processor.py:830} INFO - Processing file /mnt/d/airflow/airflow_project/airflow_venv/lib/python3.12/site-packages/airflow/example_dags/tutorial_taskflow_api.py for tasks to queue
[2026-04-29T09:44:20.771+0300] {logging_mixin.py:188} INFO - [2026-04-29T09:44:20.767+0300] {dagbag.py:545} INFO - Filling up the DagBag from /mnt/d/airflow/airflow_project/airflow_venv/lib/python3.12/site-packages/airflow/example_dags/tutorial_taskflow_api.py
[2026-04-29T09:44:20.811+0300] {processor.py:840} INFO - DAG(s) 'tutorial_taskflow_api' retrieved from /mnt/d/airflow/airflow_project/airflow_venv/lib/python3.12/site-packages/airflow/example_dags/tutorial_taskflow_api.py
[2026-04-29T09:44:22.163+0300] {logging_mixin.py:188} INFO - [2026-04-29T09:44:22.161+0300] {dag.py:3089} INFO - Sync 1 DAGs
[2026-04-29T09:44:22.302+0300] {logging_mixin.py:188} INFO - [2026-04-29T09:44:22.301+0300] {dag.py:3947} INFO - Setting next_dagrun for tutorial_taskflow_api to None, run_after=None
[2026-04-29T09:44:22.447+0300] {processor.py:183} INFO - Processing /mnt/d/airflow/airflow_project/airflow_venv/lib/python3.12/site-packages/airflow/example_dags/tutorial_taskflow_api.py took 1.706 seconds
[2026-04-29T09:46:10.121+0300] {processor.py:161} INFO - Started process (PID=37367) to work on /mnt/d/airflow/airflow_project/airflow_venv/lib/python3.12/site-packages/airflow/example_dags/tutorial_taskflow_api.py
[2026-04-29T09:46:10.125+0300] {processor.py:830} INFO - Processing file /mnt/d/airflow/airflow_project/airflow_venv/lib/python3.12/site-packages/airflow/example_dags/tutorial_taskflow_api.py for tasks to queue
[2026-04-29T09:46:10.132+0300] {logging_mixin.py:188} INFO - [2026-04-29T09:46:10.129+0300] {dagbag.py:545} INFO - Filling up the DagBag from /mnt/d/airflow/airflow_project/airflow_venv/lib/python3.12/site-packages/airflow/example_dags/tutorial_taskflow_api.py
[2026-04-29T09:46:10.180+0300] {processor.py:840} INFO - DAG(s) 'tutorial_taskflow_api' retrieved from /mnt/d/airflow/airflow_project/airflow_venv/lib/python3.12/site-packages/airflow/example_dags/tutorial_taskflow_api.py
[2026-04-29T09:46:10.248+0300] {logging_mixin.py:188} INFO - [2026-04-29T09:46:10.246+0300] {dag.py:3089} INFO - Sync 1 DAGs
[2026-04-29T09:46:10.270+0300] {logging_mixin.py:188} INFO - [2026-04-29T09:46:10.268+0300] {dag.py:3947} INFO - Setting next_dagrun for tutorial_taskflow_api to None, run_after=None
[2026-04-29T09:46:10.415+0300] {processor.py:183} INFO - Processing /mnt/d/airflow/airflow_project/airflow_venv/lib/python3.12/site-packages/airflow/example_dags/tutorial_taskflow_api.py took 0.317 seconds
[2026-04-29T09:47:52.906+0300] {processor.py:161} INFO - Started process (PID=37948) to work on /mnt/d/airflow/airflow_project/airflow_venv/lib/python3.12/site-packages/airflow/example_dags/tutorial_taskflow_api.py
[2026-04-29T09:47:52.910+0300] {processor.py:830} INFO - Processing file /mnt/d/airflow/airflow_project/airflow_venv/lib/python3.12/site-packages/airflow/example_dags/tutorial_taskflow_api.py for tasks to queue
[2026-04-29T09:47:52.918+0300] {logging_mixin.py:188} INFO - [2026-04-29T09:47:52.916+0300] {dagbag.py:545} INFO - Filling up the DagBag from /mnt/d/airflow/airflow_project/airflow_venv/lib/python3.12/site-packages/airflow/example_dags/tutorial_taskflow_api.py
[2026-04-29T09:47:52.945+0300] {processor.py:840} INFO - DAG(s) 'tutorial_taskflow_api' retrieved from /mnt/d/airflow/airflow_project/airflow_venv/lib/python3.12/site-packages/airflow/example_dags/tutorial_taskflow_api.py
[2026-04-29T09:47:52.984+0300] {logging_mixin.py:188} INFO - [2026-04-29T09:47:52.983+0300] {dag.py:3089} INFO - Sync 1 DAGs
[2026-04-29T09:47:53.006+0300] {logging_mixin.py:188} INFO - [2026-04-29T09:47:53.004+0300] {dag.py:3947} INFO - Setting next_dagrun for tutorial_taskflow_api to None, run_after=None
[2026-04-29T09:47:53.159+0300] {processor.py:183} INFO - Processing /mnt/d/airflow/airflow_project/airflow_venv/lib/python3.12/site-packages/airflow/example_dags/tutorial_taskflow_api.py took 0.273 seconds
[2026-04-29T09:49:06.843+0300] {processor.py:161} INFO - Started process (PID=38372) to work on /mnt/d/airflow/airflow_project/airflow_venv/lib/python3.12/site-packages/airflow/example_dags/tutorial_taskflow_api.py
[2026-04-29T09:49:06.845+0300] {processor.py:830} INFO - Processing file /mnt/d/airflow/airflow_project/airflow_venv/lib/python3.12/site-packages/airflow/example_dags/tutorial_taskflow_api.py for tasks to queue
[2026-04-29T09:49:06.849+0300] {logging_mixin.py:188} INFO - [2026-04-29T09:49:06.848+0300] {dagbag.py:545} INFO - Filling up the DagBag from /mnt/d/airflow/airflow_project/airflow_venv/lib/python3.12/site-packages/airflow/example_dags/tutorial_taskflow_api.py
[2026-04-29T09:49:06.889+0300] {processor.py:840} INFO - DAG(s) 'tutorial_taskflow_api' retrieved from /mnt/d/airflow/airflow_project/airflow_venv/lib/python3.12/site-packages/airflow/example_dags/tutorial_taskflow_api.py
[2026-04-29T09:49:06.935+0300] {logging_mixin.py:188} INFO - [2026-04-29T09:49:06.933+0300] {dag.py:3089} INFO - Sync 1 DAGs
[2026-04-29T09:49:06.955+0300] {logging_mixin.py:188} INFO - [2026-04-29T09:49:06.954+0300] {dag.py:3947} INFO - Setting next_dagrun for tutorial_taskflow_api to None, run_after=None
[2026-04-29T09:49:07.056+0300] {processor.py:183} INFO - Processing /mnt/d/airflow/airflow_project/airflow_venv/lib/python3.12/site-packages/airflow/example_dags/tutorial_taskflow_api.py took 0.228 seconds
[2026-04-29T09:50:15.961+0300] {processor.py:161} INFO - Started process (PID=38754) to work on /mnt/d/airflow/airflow_project/airflow_venv/lib/python3.12/site-packages/airflow/example_dags/tutorial_taskflow_api.py
[2026-04-29T09:50:15.965+0300] {processor.py:830} INFO - Processing file /mnt/d/airflow/airflow_project/airflow_venv/lib/python3.12/site-packages/airflow/example_dags/tutorial_taskflow_api.py for tasks to queue
[2026-04-29T09:50:15.972+0300] {logging_mixin.py:188} INFO - [2026-04-29T09:50:15.970+0300] {dagbag.py:545} INFO - Filling up the DagBag from /mnt/d/airflow/airflow_project/airflow_venv/lib/python3.12/site-packages/airflow/example_dags/tutorial_taskflow_api.py
[2026-04-29T09:50:16.032+0300] {processor.py:840} INFO - DAG(s) 'tutorial_taskflow_api' retrieved from /mnt/d/airflow/airflow_project/airflow_venv/lib/python3.12/site-packages/airflow/example_dags/tutorial_taskflow_api.py
[2026-04-29T09:50:16.103+0300] {logging_mixin.py:188} INFO - [2026-04-29T09:50:16.101+0300] {dag.py:3089} INFO - Sync 1 DAGs
[2026-04-29T09:50:16.129+0300] {logging_mixin.py:188} INFO - [2026-04-29T09:50:16.127+0300] {dag.py:3947} INFO - Setting next_dagrun for tutorial_taskflow_api to None, run_after=None
[2026-04-29T09:50:16.300+0300] {processor.py:183} INFO - Processing /mnt/d/airflow/airflow_project/airflow_venv/lib/python3.12/site-packages/airflow/example_dags/tutorial_taskflow_api.py took 0.366 seconds
[2026-04-29T09:51:25.966+0300] {processor.py:161} INFO - Started process (PID=39169) to work on /mnt/d/airflow/airflow_project/airflow_venv/lib/python3.12/site-packages/airflow/example_dags/tutorial_taskflow_api.py
[2026-04-29T09:51:25.969+0300] {processor.py:830} INFO - Processing file /mnt/d/airflow/airflow_project/airflow_venv/lib/python3.12/site-packages/airflow/example_dags/tutorial_taskflow_api.py for tasks to queue
[2026-04-29T09:51:25.973+0300] {logging_mixin.py:188} INFO - [2026-04-29T09:51:25.971+0300] {dagbag.py:545} INFO - Filling up the DagBag from /mnt/d/airflow/airflow_project/airflow_venv/lib/python3.12/site-packages/airflow/example_dags/tutorial_taskflow_api.py
[2026-04-29T09:51:26.003+0300] {processor.py:840} INFO - DAG(s) 'tutorial_taskflow_api' retrieved from /mnt/d/airflow/airflow_project/airflow_venv/lib/python3.12/site-packages/airflow/example_dags/tutorial_taskflow_api.py
[2026-04-29T09:51:26.039+0300] {logging_mixin.py:188} INFO - [2026-04-29T09:51:26.037+0300] {dag.py:3089} INFO - Sync 1 DAGs
[2026-04-29T09:51:26.059+0300] {logging_mixin.py:188} INFO - [2026-04-29T09:51:26.058+0300] {dag.py:3947} INFO - Setting next_dagrun for tutorial_taskflow_api to None, run_after=None
[2026-04-29T09:51:26.168+0300] {processor.py:183} INFO - Processing /mnt/d/airflow/airflow_project/airflow_venv/lib/python3.12/site-packages/airflow/example_dags/tutorial_taskflow_api.py took 0.228 seconds
[2026-04-29T09:53:53.889+0300] {processor.py:161} INFO - Started process (PID=39979) to work on /mnt/d/airflow/airflow_project/airflow_venv/lib/python3.12/site-packages/airflow/example_dags/tutorial_taskflow_api.py
[2026-04-29T09:53:53.893+0300] {processor.py:830} INFO - Processing file /mnt/d/airflow/airflow_project/airflow_venv/lib/python3.12/site-packages/airflow/example_dags/tutorial_taskflow_api.py for tasks to queue
[2026-04-29T09:53:53.898+0300] {logging_mixin.py:188} INFO - [2026-04-29T09:53:53.896+0300] {dagbag.py:545} INFO - Filling up the DagBag from /mnt/d/airflow/airflow_project/airflow_venv/lib/python3.12/site-packages/airflow/example_dags/tutorial_taskflow_api.py
[2026-04-29T09:53:53.968+0300] {processor.py:840} INFO - DAG(s) 'tutorial_taskflow_api' retrieved from /mnt/d/airflow/airflow_project/airflow_venv/lib/python3.12/site-packages/airflow/example_dags/tutorial_taskflow_api.py
[2026-04-29T09:53:54.044+0300] {logging_mixin.py:188} INFO - [2026-04-29T09:53:54.041+0300] {dag.py:3089} INFO - Sync 1 DAGs
[2026-04-29T09:53:54.073+0300] {logging_mixin.py:188} INFO - [2026-04-29T09:53:54.071+0300] {dag.py:3947} INFO - Setting next_dagrun for tutorial_taskflow_api to None, run_after=None
[2026-04-29T09:53:54.196+0300] {processor.py:183} INFO - Processing /mnt/d/airflow/airflow_project/airflow_venv/lib/python3.12/site-packages/airflow/example_dags/tutorial_taskflow_api.py took 0.337 seconds
[2026-04-29T09:55:36.413+0300] {processor.py:161} INFO - Started process (PID=40578) to work on /mnt/d/airflow/airflow_project/airflow_venv/lib/python3.12/site-packages/airflow/example_dags/tutorial_taskflow_api.py
[2026-04-29T09:55:36.416+0300] {processor.py:830} INFO - Processing file /mnt/d/airflow/airflow_project/airflow_venv/lib/python3.12/site-packages/airflow/example_dags/tutorial_taskflow_api.py for tasks to queue
[2026-04-29T09:55:36.419+0300] {logging_mixin.py:188} INFO - [2026-04-29T09:55:36.418+0300] {dagbag.py:545} INFO - Filling up the DagBag from /mnt/d/airflow/airflow_project/airflow_venv/lib/python3.12/site-packages/airflow/example_dags/tutorial_taskflow_api.py
[2026-04-29T09:55:36.463+0300] {processor.py:840} INFO - DAG(s) 'tutorial_taskflow_api' retrieved from /mnt/d/airflow/airflow_project/airflow_venv/lib/python3.12/site-packages/airflow/example_dags/tutorial_taskflow_api.py
[2026-04-29T09:55:36.507+0300] {logging_mixin.py:188} INFO - [2026-04-29T09:55:36.505+0300] {dag.py:3089} INFO - Sync 1 DAGs
[2026-04-29T09:55:36.529+0300] {logging_mixin.py:188} INFO - [2026-04-29T09:55:36.528+0300] {dag.py:3947} INFO - Setting next_dagrun for tutorial_taskflow_api to None, run_after=None
[2026-04-29T09:55:36.667+0300] {processor.py:183} INFO - Processing /mnt/d/airflow/airflow_project/airflow_venv/lib/python3.12/site-packages/airflow/example_dags/tutorial_taskflow_api.py took 0.281 seconds
[2026-04-29T09:57:42.041+0300] {processor.py:161} INFO - Started process (PID=41327) to work on /mnt/d/airflow/airflow_project/airflow_venv/lib/python3.12/site-packages/airflow/example_dags/tutorial_taskflow_api.py
[2026-04-29T09:57:42.047+0300] {processor.py:830} INFO - Processing file /mnt/d/airflow/airflow_project/airflow_venv/lib/python3.12/site-packages/airflow/example_dags/tutorial_taskflow_api.py for tasks to queue
[2026-04-29T09:57:42.059+0300] {logging_mixin.py:188} INFO - [2026-04-29T09:57:42.055+0300] {dagbag.py:545} INFO - Filling up the DagBag from /mnt/d/airflow/airflow_project/airflow_venv/lib/python3.12/site-packages/airflow/example_dags/tutorial_taskflow_api.py
[2026-04-29T09:57:42.151+0300] {processor.py:840} INFO - DAG(s) 'tutorial_taskflow_api' retrieved from /mnt/d/airflow/airflow_project/airflow_venv/lib/python3.12/site-packages/airflow/example_dags/tutorial_taskflow_api.py
[2026-04-29T09:57:42.227+0300] {logging_mixin.py:188} INFO - [2026-04-29T09:57:42.224+0300] {dag.py:3089} INFO - Sync 1 DAGs
[2026-04-29T09:57:42.257+0300] {logging_mixin.py:188} INFO - [2026-04-29T09:57:42.254+0300] {dag.py:3947} INFO - Setting next_dagrun for tutorial_taskflow_api to None, run_after=None
[2026-04-29T09:57:42.486+0300] {processor.py:183} INFO - Processing /mnt/d/airflow/airflow_project/airflow_venv/lib/python3.12/site-packages/airflow/example_dags/tutorial_taskflow_api.py took 0.489 seconds
[2026-04-29T10:00:12.651+0300] {processor.py:161} INFO - Started process (PID=42155) to work on /mnt/d/airflow/airflow_project/airflow_venv/lib/python3.12/site-packages/airflow/example_dags/tutorial_taskflow_api.py
[2026-04-29T10:00:12.655+0300] {processor.py:830} INFO - Processing file /mnt/d/airflow/airflow_project/airflow_venv/lib/python3.12/site-packages/airflow/example_dags/tutorial_taskflow_api.py for tasks to queue
[2026-04-29T10:00:12.663+0300] {logging_mixin.py:188} INFO - [2026-04-29T10:00:12.660+0300] {dagbag.py:545} INFO - Filling up the DagBag from /mnt/d/airflow/airflow_project/airflow_venv/lib/python3.12/site-packages/airflow/example_dags/tutorial_taskflow_api.py
[2026-04-29T10:00:12.723+0300] {processor.py:840} INFO - DAG(s) 'tutorial_taskflow_api' retrieved from /mnt/d/airflow/airflow_project/airflow_venv/lib/python3.12/site-packages/airflow/example_dags/tutorial_taskflow_api.py
[2026-04-29T10:00:12.787+0300] {logging_mixin.py:188} INFO - [2026-04-29T10:00:12.784+0300] {dag.py:3089} INFO - Sync 1 DAGs
[2026-04-29T10:00:12.813+0300] {logging_mixin.py:188} INFO - [2026-04-29T10:00:12.811+0300] {dag.py:3947} INFO - Setting next_dagrun for tutorial_taskflow_api to None, run_after=None
[2026-04-29T10:00:13.097+0300] {processor.py:183} INFO - Processing /mnt/d/airflow/airflow_project/airflow_venv/lib/python3.12/site-packages/airflow/example_dags/tutorial_taskflow_api.py took 0.465 seconds
[2026-04-29T10:01:56.306+0300] {processor.py:161} INFO - Started process (PID=42720) to work on /mnt/d/airflow/airflow_project/airflow_venv/lib/python3.12/site-packages/airflow/example_dags/tutorial_taskflow_api.py
[2026-04-29T10:01:56.311+0300] {processor.py:830} INFO - Processing file /mnt/d/airflow/airflow_project/airflow_venv/lib/python3.12/site-packages/airflow/example_dags/tutorial_taskflow_api.py for tasks to queue
[2026-04-29T10:01:56.321+0300] {logging_mixin.py:188} INFO - [2026-04-29T10:01:56.316+0300] {dagbag.py:545} INFO - Filling up the DagBag from /mnt/d/airflow/airflow_project/airflow_venv/lib/python3.12/site-packages/airflow/example_dags/tutorial_taskflow_api.py
[2026-04-29T10:01:56.387+0300] {processor.py:840} INFO - DAG(s) 'tutorial_taskflow_api' retrieved from /mnt/d/airflow/airflow_project/airflow_venv/lib/python3.12/site-packages/airflow/example_dags/tutorial_taskflow_api.py
[2026-04-29T10:01:56.442+0300] {logging_mixin.py:188} INFO - [2026-04-29T10:01:56.441+0300] {dag.py:3089} INFO - Sync 1 DAGs
[2026-04-29T10:01:56.469+0300] {logging_mixin.py:188} INFO - [2026-04-29T10:01:56.466+0300] {dag.py:3947} INFO - Setting next_dagrun for tutorial_taskflow_api to None, run_after=None
[2026-04-29T10:01:56.559+0300] {processor.py:183} INFO - Processing /mnt/d/airflow/airflow_project/airflow_venv/lib/python3.12/site-packages/airflow/example_dags/tutorial_taskflow_api.py took 0.291 seconds
[2026-04-29T10:04:10.555+0300] {processor.py:161} INFO - Started process (PID=43480) to work on /mnt/d/airflow/airflow_project/airflow_venv/lib/python3.12/site-packages/airflow/example_dags/tutorial_taskflow_api.py
[2026-04-29T10:04:10.558+0300] {processor.py:830} INFO - Processing file /mnt/d/airflow/airflow_project/airflow_venv/lib/python3.12/site-packages/airflow/example_dags/tutorial_taskflow_api.py for tasks to queue
[2026-04-29T10:04:10.565+0300] {logging_mixin.py:188} INFO - [2026-04-29T10:04:10.563+0300] {dagbag.py:545} INFO - Filling up the DagBag from /mnt/d/airflow/airflow_project/airflow_venv/lib/python3.12/site-packages/airflow/example_dags/tutorial_taskflow_api.py
[2026-04-29T10:04:10.614+0300] {processor.py:840} INFO - DAG(s) 'tutorial_taskflow_api' retrieved from /mnt/d/airflow/airflow_project/airflow_venv/lib/python3.12/site-packages/airflow/example_dags/tutorial_taskflow_api.py
[2026-04-29T10:04:10.679+0300] {logging_mixin.py:188} INFO - [2026-04-29T10:04:10.677+0300] {dag.py:3089} INFO - Sync 1 DAGs
[2026-04-29T10:04:10.704+0300] {logging_mixin.py:188} INFO - [2026-04-29T10:04:10.702+0300] {dag.py:3947} INFO - Setting next_dagrun for tutorial_taskflow_api to None, run_after=None
[2026-04-29T10:04:10.924+0300] {processor.py:183} INFO - Processing /mnt/d/airflow/airflow_project/airflow_venv/lib/python3.12/site-packages/airflow/example_dags/tutorial_taskflow_api.py took 0.396 seconds
[2026-04-29T10:05:16.537+0300] {processor.py:161} INFO - Started process (PID=43852) to work on /mnt/d/airflow/airflow_project/airflow_venv/lib/python3.12/site-packages/airflow/example_dags/tutorial_taskflow_api.py
[2026-04-29T10:05:16.541+0300] {processor.py:830} INFO - Processing file /mnt/d/airflow/airflow_project/airflow_venv/lib/python3.12/site-packages/airflow/example_dags/tutorial_taskflow_api.py for tasks to queue
[2026-04-29T10:05:16.547+0300] {logging_mixin.py:188} INFO - [2026-04-29T10:05:16.545+0300] {dagbag.py:545} INFO - Filling up the DagBag from /mnt/d/airflow/airflow_project/airflow_venv/lib/python3.12/site-packages/airflow/example_dags/tutorial_taskflow_api.py
[2026-04-29T10:05:16.600+0300] {processor.py:840} INFO - DAG(s) 'tutorial_taskflow_api' retrieved from /mnt/d/airflow/airflow_project/airflow_venv/lib/python3.12/site-packages/airflow/example_dags/tutorial_taskflow_api.py
[2026-04-29T10:05:16.664+0300] {logging_mixin.py:188} INFO - [2026-04-29T10:05:16.662+0300] {dag.py:3089} INFO - Sync 1 DAGs
[2026-04-29T10:05:16.692+0300] {logging_mixin.py:188} INFO - [2026-04-29T10:05:16.690+0300] {dag.py:3947} INFO - Setting next_dagrun for tutorial_taskflow_api to None, run_after=None
[2026-04-29T10:05:16.852+0300] {processor.py:183} INFO - Processing /mnt/d/airflow/airflow_project/airflow_venv/lib/python3.12/site-packages/airflow/example_dags/tutorial_taskflow_api.py took 0.350 seconds
[2026-04-29T10:06:20.646+0300] {processor.py:161} INFO - Started process (PID=44212) to work on /mnt/d/airflow/airflow_project/airflow_venv/lib/python3.12/site-packages/airflow/example_dags/tutorial_taskflow_api.py
[2026-04-29T10:06:20.650+0300] {processor.py:830} INFO - Processing file /mnt/d/airflow/airflow_project/airflow_venv/lib/python3.12/site-packages/airflow/example_dags/tutorial_taskflow_api.py for tasks to queue
[2026-04-29T10:06:20.658+0300] {logging_mixin.py:188} INFO - [2026-04-29T10:06:20.655+0300] {dagbag.py:545} INFO - Filling up the DagBag from /mnt/d/airflow/airflow_project/airflow_venv/lib/python3.12/site-packages/airflow/example_dags/tutorial_taskflow_api.py
[2026-04-29T10:06:20.731+0300] {processor.py:840} INFO - DAG(s) 'tutorial_taskflow_api' retrieved from /mnt/d/airflow/airflow_project/airflow_venv/lib/python3.12/site-packages/airflow/example_dags/tutorial_taskflow_api.py
[2026-04-29T10:06:20.803+0300] {logging_mixin.py:188} INFO - [2026-04-29T10:06:20.800+0300] {dag.py:3089} INFO - Sync 1 DAGs
[2026-04-29T10:06:20.832+0300] {logging_mixin.py:188} INFO - [2026-04-29T10:06:20.829+0300] {dag.py:3947} INFO - Setting next_dagrun for tutorial_taskflow_api to None, run_after=None
[2026-04-29T10:06:20.966+0300] {processor.py:183} INFO - Processing /mnt/d/airflow/airflow_project/airflow_venv/lib/python3.12/site-packages/airflow/example_dags/tutorial_taskflow_api.py took 0.355 seconds
[2026-04-29T10:07:29.836+0300] {processor.py:161} INFO - Started process (PID=44597) to work on /mnt/d/airflow/airflow_project/airflow_venv/lib/python3.12/site-packages/airflow/example_dags/tutorial_taskflow_api.py
[2026-04-29T10:07:29.838+0300] {processor.py:830} INFO - Processing file /mnt/d/airflow/airflow_project/airflow_venv/lib/python3.12/site-packages/airflow/example_dags/tutorial_taskflow_api.py for tasks to queue
[2026-04-29T10:07:29.846+0300] {logging_mixin.py:188} INFO - [2026-04-29T10:07:29.843+0300] {dagbag.py:545} INFO - Filling up the DagBag from /mnt/d/airflow/airflow_project/airflow_venv/lib/python3.12/site-packages/airflow/example_dags/tutorial_taskflow_api.py
[2026-04-29T10:07:29.896+0300] {processor.py:840} INFO - DAG(s) 'tutorial_taskflow_api' retrieved from /mnt/d/airflow/airflow_project/airflow_venv/lib/python3.12/site-packages/airflow/example_dags/tutorial_taskflow_api.py
[2026-04-29T10:07:29.957+0300] {logging_mixin.py:188} INFO - [2026-04-29T10:07:29.954+0300] {dag.py:3089} INFO - Sync 1 DAGs
[2026-04-29T10:07:30.096+0300] {logging_mixin.py:188} INFO - [2026-04-29T10:07:30.095+0300] {dag.py:3947} INFO - Setting next_dagrun for tutorial_taskflow_api to None, run_after=None
[2026-04-29T10:07:30.198+0300] {processor.py:183} INFO - Processing /mnt/d/airflow/airflow_project/airflow_venv/lib/python3.12/site-packages/airflow/example_dags/tutorial_taskflow_api.py took 0.377 seconds
[2026-04-29T10:08:34.668+0300] {processor.py:161} INFO - Started process (PID=44960) to work on /mnt/d/airflow/airflow_project/airflow_venv/lib/python3.12/site-packages/airflow/example_dags/tutorial_taskflow_api.py
[2026-04-29T10:08:34.670+0300] {processor.py:830} INFO - Processing file /mnt/d/airflow/airflow_project/airflow_venv/lib/python3.12/site-packages/airflow/example_dags/tutorial_taskflow_api.py for tasks to queue
[2026-04-29T10:08:34.673+0300] {logging_mixin.py:188} INFO - [2026-04-29T10:08:34.672+0300] {dagbag.py:545} INFO - Filling up the DagBag from /mnt/d/airflow/airflow_project/airflow_venv/lib/python3.12/site-packages/airflow/example_dags/tutorial_taskflow_api.py
[2026-04-29T10:08:34.700+0300] {processor.py:840} INFO - DAG(s) 'tutorial_taskflow_api' retrieved from /mnt/d/airflow/airflow_project/airflow_venv/lib/python3.12/site-packages/airflow/example_dags/tutorial_taskflow_api.py
[2026-04-29T10:08:34.744+0300] {logging_mixin.py:188} INFO - [2026-04-29T10:08:34.743+0300] {dag.py:3089} INFO - Sync 1 DAGs
[2026-04-29T10:08:34.762+0300] {logging_mixin.py:188} INFO - [2026-04-29T10:08:34.761+0300] {dag.py:3947} INFO - Setting next_dagrun for tutorial_taskflow_api to None, run_after=None
[2026-04-29T10:08:34.855+0300] {processor.py:183} INFO - Processing /mnt/d/airflow/airflow_project/airflow_venv/lib/python3.12/site-packages/airflow/example_dags/tutorial_taskflow_api.py took 0.202 seconds
[2026-04-29T10:09:33.287+0300] {processor.py:161} INFO - Started process (PID=45288) to work on /mnt/d/airflow/airflow_project/airflow_venv/lib/python3.12/site-packages/airflow/example_dags/tutorial_taskflow_api.py
[2026-04-29T10:09:33.291+0300] {processor.py:830} INFO - Processing file /mnt/d/airflow/airflow_project/airflow_venv/lib/python3.12/site-packages/airflow/example_dags/tutorial_taskflow_api.py for tasks to queue
[2026-04-29T10:09:33.298+0300] {logging_mixin.py:188} INFO - [2026-04-29T10:09:33.295+0300] {dagbag.py:545} INFO - Filling up the DagBag from /mnt/d/airflow/airflow_project/airflow_venv/lib/python3.12/site-packages/airflow/example_dags/tutorial_taskflow_api.py
[2026-04-29T10:09:33.352+0300] {processor.py:840} INFO - DAG(s) 'tutorial_taskflow_api' retrieved from /mnt/d/airflow/airflow_project/airflow_venv/lib/python3.12/site-packages/airflow/example_dags/tutorial_taskflow_api.py
[2026-04-29T10:09:33.424+0300] {logging_mixin.py:188} INFO - [2026-04-29T10:09:33.421+0300] {dag.py:3089} INFO - Sync 1 DAGs
[2026-04-29T10:09:33.457+0300] {logging_mixin.py:188} INFO - [2026-04-29T10:09:33.454+0300] {dag.py:3947} INFO - Setting next_dagrun for tutorial_taskflow_api to None, run_after=None
[2026-04-29T10:09:33.659+0300] {processor.py:183} INFO - Processing /mnt/d/airflow/airflow_project/airflow_venv/lib/python3.12/site-packages/airflow/example_dags/tutorial_taskflow_api.py took 0.399 seconds
[2026-04-29T10:10:38.829+0300] {processor.py:161} INFO - Started process (PID=45648) to work on /mnt/d/airflow/airflow_project/airflow_venv/lib/python3.12/site-packages/airflow/example_dags/tutorial_taskflow_api.py
[2026-04-29T10:10:38.833+0300] {processor.py:830} INFO - Processing file /mnt/d/airflow/airflow_project/airflow_venv/lib/python3.12/site-packages/airflow/example_dags/tutorial_taskflow_api.py for tasks to queue
[2026-04-29T10:10:38.839+0300] {logging_mixin.py:188} INFO - [2026-04-29T10:10:38.836+0300] {dagbag.py:545} INFO - Filling up the DagBag from /mnt/d/airflow/airflow_project/airflow_venv/lib/python3.12/site-packages/airflow/example_dags/tutorial_taskflow_api.py
[2026-04-29T10:10:38.892+0300] {processor.py:840} INFO - DAG(s) 'tutorial_taskflow_api' retrieved from /mnt/d/airflow/airflow_project/airflow_venv/lib/python3.12/site-packages/airflow/example_dags/tutorial_taskflow_api.py
[2026-04-29T10:10:38.960+0300] {logging_mixin.py:188} INFO - [2026-04-29T10:10:38.958+0300] {dag.py:3089} INFO - Sync 1 DAGs
[2026-04-29T10:10:38.998+0300] {logging_mixin.py:188} INFO - [2026-04-29T10:10:38.995+0300] {dag.py:3947} INFO - Setting next_dagrun for tutorial_taskflow_api to None, run_after=None
[2026-04-29T10:10:39.142+0300] {processor.py:183} INFO - Processing /mnt/d/airflow/airflow_project/airflow_venv/lib/python3.12/site-packages/airflow/example_dags/tutorial_taskflow_api.py took 0.338 seconds
[2026-04-29T10:11:49.224+0300] {processor.py:161} INFO - Started process (PID=46032) to work on /mnt/d/airflow/airflow_project/airflow_venv/lib/python3.12/site-packages/airflow/example_dags/tutorial_taskflow_api.py
[2026-04-29T10:11:49.226+0300] {processor.py:830} INFO - Processing file /mnt/d/airflow/airflow_project/airflow_venv/lib/python3.12/site-packages/airflow/example_dags/tutorial_taskflow_api.py for tasks to queue
[2026-04-29T10:11:49.232+0300] {logging_mixin.py:188} INFO - [2026-04-29T10:11:49.228+0300] {dagbag.py:545} INFO - Filling up the DagBag from /mnt/d/airflow/airflow_project/airflow_venv/lib/python3.12/site-packages/airflow/example_dags/tutorial_taskflow_api.py
[2026-04-29T10:11:49.256+0300] {processor.py:840} INFO - DAG(s) 'tutorial_taskflow_api' retrieved from /mnt/d/airflow/airflow_project/airflow_venv/lib/python3.12/site-packages/airflow/example_dags/tutorial_taskflow_api.py
[2026-04-29T10:11:49.307+0300] {logging_mixin.py:188} INFO - [2026-04-29T10:11:49.305+0300] {dag.py:3089} INFO - Sync 1 DAGs
[2026-04-29T10:11:49.325+0300] {logging_mixin.py:188} INFO - [2026-04-29T10:11:49.324+0300] {dag.py:3947} INFO - Setting next_dagrun for tutorial_taskflow_api to None, run_after=None
[2026-04-29T10:11:49.445+0300] {processor.py:183} INFO - Processing /mnt/d/airflow/airflow_project/airflow_venv/lib/python3.12/site-packages/airflow/example_dags/tutorial_taskflow_api.py took 0.238 seconds
[2026-04-29T10:12:52.595+0300] {processor.py:161} INFO - Started process (PID=46390) to work on /mnt/d/airflow/airflow_project/airflow_venv/lib/python3.12/site-packages/airflow/example_dags/tutorial_taskflow_api.py
[2026-04-29T10:12:52.599+0300] {processor.py:830} INFO - Processing file /mnt/d/airflow/airflow_project/airflow_venv/lib/python3.12/site-packages/airflow/example_dags/tutorial_taskflow_api.py for tasks to queue
[2026-04-29T10:12:52.603+0300] {logging_mixin.py:188} INFO - [2026-04-29T10:12:52.601+0300] {dagbag.py:545} INFO - Filling up the DagBag from /mnt/d/airflow/airflow_project/airflow_venv/lib/python3.12/site-packages/airflow/example_dags/tutorial_taskflow_api.py
[2026-04-29T10:12:52.640+0300] {processor.py:840} INFO - DAG(s) 'tutorial_taskflow_api' retrieved from /mnt/d/airflow/airflow_project/airflow_venv/lib/python3.12/site-packages/airflow/example_dags/tutorial_taskflow_api.py
[2026-04-29T10:12:52.679+0300] {logging_mixin.py:188} INFO - [2026-04-29T10:12:52.679+0300] {dag.py:3089} INFO - Sync 1 DAGs
[2026-04-29T10:12:52.697+0300] {logging_mixin.py:188} INFO - [2026-04-29T10:12:52.696+0300] {dag.py:3947} INFO - Setting next_dagrun for tutorial_taskflow_api to None, run_after=None
[2026-04-29T10:12:52.786+0300] {processor.py:183} INFO - Processing /mnt/d/airflow/airflow_project/airflow_venv/lib/python3.12/site-packages/airflow/example_dags/tutorial_taskflow_api.py took 0.222 seconds
