[2026-04-29T09:14:13.487+0300] {processor.py:161} INFO - Started process (PID=26165) to work on /mnt/d/airflow/airflow_project/airflow_venv/lib/python3.12/site-packages/airflow/example_dags/plugins/event_listener.py
[2026-04-29T09:14:13.493+0300] {processor.py:830} INFO - Processing file /mnt/d/airflow/airflow_project/airflow_venv/lib/python3.12/site-packages/airflow/example_dags/plugins/event_listener.py for tasks to queue
[2026-04-29T09:14:13.500+0300] {logging_mixin.py:188} INFO - [2026-04-29T09:14:13.497+0300] {dagbag.py:545} INFO - Filling up the DagBag from /mnt/d/airflow/airflow_project/airflow_venv/lib/python3.12/site-packages/airflow/example_dags/plugins/event_listener.py
[2026-04-29T09:14:13.569+0300] {processor.py:842} WARNING - No viable dags retrieved from /mnt/d/airflow/airflow_project/airflow_venv/lib/python3.12/site-packages/airflow/example_dags/plugins/event_listener.py
[2026-04-29T09:14:13.607+0300] {processor.py:183} INFO - Processing /mnt/d/airflow/airflow_project/airflow_venv/lib/python3.12/site-packages/airflow/example_dags/plugins/event_listener.py took 0.140 seconds
[2026-04-29T09:16:55.910+0300] {processor.py:161} INFO - Started process (PID=27101) to work on /mnt/d/airflow/airflow_project/airflow_venv/lib/python3.12/site-packages/airflow/example_dags/plugins/event_listener.py
[2026-04-29T09:16:55.911+0300] {processor.py:830} INFO - Processing file /mnt/d/airflow/airflow_project/airflow_venv/lib/python3.12/site-packages/airflow/example_dags/plugins/event_listener.py for tasks to queue
[2026-04-29T09:16:55.919+0300] {logging_mixin.py:188} INFO - [2026-04-29T09:16:55.916+0300] {dagbag.py:545} INFO - Filling up the DagBag from /mnt/d/airflow/airflow_project/airflow_venv/lib/python3.12/site-packages/airflow/example_dags/plugins/event_listener.py
[2026-04-29T09:16:55.953+0300] {processor.py:842} WARNING - No viable dags retrieved from /mnt/d/airflow/airflow_project/airflow_venv/lib/python3.12/site-packages/airflow/example_dags/plugins/event_listener.py
[2026-04-29T09:16:55.970+0300] {processor.py:183} INFO - Processing /mnt/d/airflow/airflow_project/airflow_venv/lib/python3.12/site-packages/airflow/example_dags/plugins/event_listener.py took 0.072 seconds
[2026-04-29T09:18:09.673+0300] {processor.py:161} INFO - Started process (PID=27533) to work on /mnt/d/airflow/airflow_project/airflow_venv/lib/python3.12/site-packages/airflow/example_dags/plugins/event_listener.py
[2026-04-29T09:18:09.676+0300] {processor.py:830} INFO - Processing file /mnt/d/airflow/airflow_project/airflow_venv/lib/python3.12/site-packages/airflow/example_dags/plugins/event_listener.py for tasks to queue
[2026-04-29T09:18:09.681+0300] {logging_mixin.py:188} INFO - [2026-04-29T09:18:09.679+0300] {dagbag.py:545} INFO - Filling up the DagBag from /mnt/d/airflow/airflow_project/airflow_venv/lib/python3.12/site-packages/airflow/example_dags/plugins/event_listener.py
[2026-04-29T09:18:09.744+0300] {processor.py:842} WARNING - No viable dags retrieved from /mnt/d/airflow/airflow_project/airflow_venv/lib/python3.12/site-packages/airflow/example_dags/plugins/event_listener.py
[2026-04-29T09:18:09.779+0300] {processor.py:183} INFO - Processing /mnt/d/airflow/airflow_project/airflow_venv/lib/python3.12/site-packages/airflow/example_dags/plugins/event_listener.py took 0.134 seconds
[2026-04-29T09:19:14.075+0300] {processor.py:161} INFO - Started process (PID=27919) to work on /mnt/d/airflow/airflow_project/airflow_venv/lib/python3.12/site-packages/airflow/example_dags/plugins/event_listener.py
[2026-04-29T09:19:14.080+0300] {processor.py:830} INFO - Processing file /mnt/d/airflow/airflow_project/airflow_venv/lib/python3.12/site-packages/airflow/example_dags/plugins/event_listener.py for tasks to queue
[2026-04-29T09:19:14.088+0300] {logging_mixin.py:188} INFO - [2026-04-29T09:19:14.085+0300] {dagbag.py:545} INFO - Filling up the DagBag from /mnt/d/airflow/airflow_project/airflow_venv/lib/python3.12/site-packages/airflow/example_dags/plugins/event_listener.py
[2026-04-29T09:19:14.161+0300] {processor.py:842} WARNING - No viable dags retrieved from /mnt/d/airflow/airflow_project/airflow_venv/lib/python3.12/site-packages/airflow/example_dags/plugins/event_listener.py
[2026-04-29T09:19:14.196+0300] {processor.py:183} INFO - Processing /mnt/d/airflow/airflow_project/airflow_venv/lib/python3.12/site-packages/airflow/example_dags/plugins/event_listener.py took 0.158 seconds
[2026-04-29T09:20:26.262+0300] {processor.py:161} INFO - Started process (PID=28360) to work on /mnt/d/airflow/airflow_project/airflow_venv/lib/python3.12/site-packages/airflow/example_dags/plugins/event_listener.py
[2026-04-29T09:20:26.267+0300] {processor.py:830} INFO - Processing file /mnt/d/airflow/airflow_project/airflow_venv/lib/python3.12/site-packages/airflow/example_dags/plugins/event_listener.py for tasks to queue
[2026-04-29T09:20:26.278+0300] {logging_mixin.py:188} INFO - [2026-04-29T09:20:26.275+0300] {dagbag.py:545} INFO - Filling up the DagBag from /mnt/d/airflow/airflow_project/airflow_venv/lib/python3.12/site-packages/airflow/example_dags/plugins/event_listener.py
[2026-04-29T09:20:26.338+0300] {processor.py:842} WARNING - No viable dags retrieved from /mnt/d/airflow/airflow_project/airflow_venv/lib/python3.12/site-packages/airflow/example_dags/plugins/event_listener.py
[2026-04-29T09:20:26.376+0300] {processor.py:183} INFO - Processing /mnt/d/airflow/airflow_project/airflow_venv/lib/python3.12/site-packages/airflow/example_dags/plugins/event_listener.py took 0.152 seconds
[2026-04-29T09:21:34.902+0300] {processor.py:161} INFO - Started process (PID=28748) to work on /mnt/d/airflow/airflow_project/airflow_venv/lib/python3.12/site-packages/airflow/example_dags/plugins/event_listener.py
[2026-04-29T09:21:34.905+0300] {processor.py:830} INFO - Processing file /mnt/d/airflow/airflow_project/airflow_venv/lib/python3.12/site-packages/airflow/example_dags/plugins/event_listener.py for tasks to queue
[2026-04-29T09:21:34.912+0300] {logging_mixin.py:188} INFO - [2026-04-29T09:21:34.910+0300] {dagbag.py:545} INFO - Filling up the DagBag from /mnt/d/airflow/airflow_project/airflow_venv/lib/python3.12/site-packages/airflow/example_dags/plugins/event_listener.py
[2026-04-29T09:21:34.999+0300] {processor.py:842} WARNING - No viable dags retrieved from /mnt/d/airflow/airflow_project/airflow_venv/lib/python3.12/site-packages/airflow/example_dags/plugins/event_listener.py
[2026-04-29T09:21:35.057+0300] {processor.py:183} INFO - Processing /mnt/d/airflow/airflow_project/airflow_venv/lib/python3.12/site-packages/airflow/example_dags/plugins/event_listener.py took 0.188 seconds
[2026-04-29T09:22:32.214+0300] {processor.py:161} INFO - Started process (PID=29078) to work on /mnt/d/airflow/airflow_project/airflow_venv/lib/python3.12/site-packages/airflow/example_dags/plugins/event_listener.py
[2026-04-29T09:22:32.222+0300] {processor.py:830} INFO - Processing file /mnt/d/airflow/airflow_project/airflow_venv/lib/python3.12/site-packages/airflow/example_dags/plugins/event_listener.py for tasks to queue
[2026-04-29T09:22:32.226+0300] {logging_mixin.py:188} INFO - [2026-04-29T09:22:32.225+0300] {dagbag.py:545} INFO - Filling up the DagBag from /mnt/d/airflow/airflow_project/airflow_venv/lib/python3.12/site-packages/airflow/example_dags/plugins/event_listener.py
[2026-04-29T09:22:32.252+0300] {processor.py:842} WARNING - No viable dags retrieved from /mnt/d/airflow/airflow_project/airflow_venv/lib/python3.12/site-packages/airflow/example_dags/plugins/event_listener.py
[2026-04-29T09:22:32.287+0300] {processor.py:183} INFO - Processing /mnt/d/airflow/airflow_project/airflow_venv/lib/python3.12/site-packages/airflow/example_dags/plugins/event_listener.py took 0.085 seconds
[2026-04-29T09:23:32.806+0300] {processor.py:161} INFO - Started process (PID=29433) to work on /mnt/d/airflow/airflow_project/airflow_venv/lib/python3.12/site-packages/airflow/example_dags/plugins/event_listener.py
[2026-04-29T09:23:32.810+0300] {processor.py:830} INFO - Processing file /mnt/d/airflow/airflow_project/airflow_venv/lib/python3.12/site-packages/airflow/example_dags/plugins/event_listener.py for tasks to queue
[2026-04-29T09:23:32.817+0300] {logging_mixin.py:188} INFO - [2026-04-29T09:23:32.814+0300] {dagbag.py:545} INFO - Filling up the DagBag from /mnt/d/airflow/airflow_project/airflow_venv/lib/python3.12/site-packages/airflow/example_dags/plugins/event_listener.py
[2026-04-29T09:23:32.888+0300] {processor.py:842} WARNING - No viable dags retrieved from /mnt/d/airflow/airflow_project/airflow_venv/lib/python3.12/site-packages/airflow/example_dags/plugins/event_listener.py
[2026-04-29T09:23:32.943+0300] {processor.py:183} INFO - Processing /mnt/d/airflow/airflow_project/airflow_venv/lib/python3.12/site-packages/airflow/example_dags/plugins/event_listener.py took 0.167 seconds
[2026-04-29T09:24:40.511+0300] {processor.py:161} INFO - Started process (PID=29817) to work on /mnt/d/airflow/airflow_project/airflow_venv/lib/python3.12/site-packages/airflow/example_dags/plugins/event_listener.py
[2026-04-29T09:24:40.516+0300] {processor.py:830} INFO - Processing file /mnt/d/airflow/airflow_project/airflow_venv/lib/python3.12/site-packages/airflow/example_dags/plugins/event_listener.py for tasks to queue
[2026-04-29T09:24:40.524+0300] {logging_mixin.py:188} INFO - [2026-04-29T09:24:40.521+0300] {dagbag.py:545} INFO - Filling up the DagBag from /mnt/d/airflow/airflow_project/airflow_venv/lib/python3.12/site-packages/airflow/example_dags/plugins/event_listener.py
[2026-04-29T09:24:40.620+0300] {processor.py:842} WARNING - No viable dags retrieved from /mnt/d/airflow/airflow_project/airflow_venv/lib/python3.12/site-packages/airflow/example_dags/plugins/event_listener.py
[2026-04-29T09:24:40.677+0300] {processor.py:183} INFO - Processing /mnt/d/airflow/airflow_project/airflow_venv/lib/python3.12/site-packages/airflow/example_dags/plugins/event_listener.py took 0.202 seconds
[2026-04-29T09:25:53.057+0300] {processor.py:161} INFO - Started process (PID=30221) to work on /mnt/d/airflow/airflow_project/airflow_venv/lib/python3.12/site-packages/airflow/example_dags/plugins/event_listener.py
[2026-04-29T09:25:53.061+0300] {processor.py:830} INFO - Processing file /mnt/d/airflow/airflow_project/airflow_venv/lib/python3.12/site-packages/airflow/example_dags/plugins/event_listener.py for tasks to queue
[2026-04-29T09:25:53.068+0300] {logging_mixin.py:188} INFO - [2026-04-29T09:25:53.066+0300] {dagbag.py:545} INFO - Filling up the DagBag from /mnt/d/airflow/airflow_project/airflow_venv/lib/python3.12/site-packages/airflow/example_dags/plugins/event_listener.py
[2026-04-29T09:25:53.141+0300] {processor.py:842} WARNING - No viable dags retrieved from /mnt/d/airflow/airflow_project/airflow_venv/lib/python3.12/site-packages/airflow/example_dags/plugins/event_listener.py
[2026-04-29T09:25:53.196+0300] {processor.py:183} INFO - Processing /mnt/d/airflow/airflow_project/airflow_venv/lib/python3.12/site-packages/airflow/example_dags/plugins/event_listener.py took 0.166 seconds
[2026-04-29T09:27:03.737+0300] {processor.py:161} INFO - Started process (PID=30618) to work on /mnt/d/airflow/airflow_project/airflow_venv/lib/python3.12/site-packages/airflow/example_dags/plugins/event_listener.py
[2026-04-29T09:27:03.742+0300] {processor.py:830} INFO - Processing file /mnt/d/airflow/airflow_project/airflow_venv/lib/python3.12/site-packages/airflow/example_dags/plugins/event_listener.py for tasks to queue
[2026-04-29T09:27:03.750+0300] {logging_mixin.py:188} INFO - [2026-04-29T09:27:03.747+0300] {dagbag.py:545} INFO - Filling up the DagBag from /mnt/d/airflow/airflow_project/airflow_venv/lib/python3.12/site-packages/airflow/example_dags/plugins/event_listener.py
[2026-04-29T09:27:03.838+0300] {processor.py:842} WARNING - No viable dags retrieved from /mnt/d/airflow/airflow_project/airflow_venv/lib/python3.12/site-packages/airflow/example_dags/plugins/event_listener.py
[2026-04-29T09:27:03.896+0300] {processor.py:183} INFO - Processing /mnt/d/airflow/airflow_project/airflow_venv/lib/python3.12/site-packages/airflow/example_dags/plugins/event_listener.py took 0.201 seconds
[2026-04-29T09:28:18.893+0300] {processor.py:161} INFO - Started process (PID=31044) to work on /mnt/d/airflow/airflow_project/airflow_venv/lib/python3.12/site-packages/airflow/example_dags/plugins/event_listener.py
[2026-04-29T09:28:18.896+0300] {processor.py:830} INFO - Processing file /mnt/d/airflow/airflow_project/airflow_venv/lib/python3.12/site-packages/airflow/example_dags/plugins/event_listener.py for tasks to queue
[2026-04-29T09:28:18.902+0300] {logging_mixin.py:188} INFO - [2026-04-29T09:28:18.900+0300] {dagbag.py:545} INFO - Filling up the DagBag from /mnt/d/airflow/airflow_project/airflow_venv/lib/python3.12/site-packages/airflow/example_dags/plugins/event_listener.py
[2026-04-29T09:28:18.973+0300] {processor.py:842} WARNING - No viable dags retrieved from /mnt/d/airflow/airflow_project/airflow_venv/lib/python3.12/site-packages/airflow/example_dags/plugins/event_listener.py
[2026-04-29T09:28:19.014+0300] {processor.py:183} INFO - Processing /mnt/d/airflow/airflow_project/airflow_venv/lib/python3.12/site-packages/airflow/example_dags/plugins/event_listener.py took 0.141 seconds
[2026-04-29T09:29:39.550+0300] {processor.py:161} INFO - Started process (PID=31522) to work on /mnt/d/airflow/airflow_project/airflow_venv/lib/python3.12/site-packages/airflow/example_dags/plugins/event_listener.py
[2026-04-29T09:29:39.552+0300] {processor.py:830} INFO - Processing file /mnt/d/airflow/airflow_project/airflow_venv/lib/python3.12/site-packages/airflow/example_dags/plugins/event_listener.py for tasks to queue
[2026-04-29T09:29:39.558+0300] {logging_mixin.py:188} INFO - [2026-04-29T09:29:39.556+0300] {dagbag.py:545} INFO - Filling up the DagBag from /mnt/d/airflow/airflow_project/airflow_venv/lib/python3.12/site-packages/airflow/example_dags/plugins/event_listener.py
[2026-04-29T09:29:39.609+0300] {processor.py:842} WARNING - No viable dags retrieved from /mnt/d/airflow/airflow_project/airflow_venv/lib/python3.12/site-packages/airflow/example_dags/plugins/event_listener.py
[2026-04-29T09:29:39.629+0300] {processor.py:183} INFO - Processing /mnt/d/airflow/airflow_project/airflow_venv/lib/python3.12/site-packages/airflow/example_dags/plugins/event_listener.py took 0.099 seconds
[2026-04-29T09:31:12.858+0300] {processor.py:161} INFO - Started process (PID=32091) to work on /mnt/d/airflow/airflow_project/airflow_venv/lib/python3.12/site-packages/airflow/example_dags/plugins/event_listener.py
[2026-04-29T09:31:12.861+0300] {processor.py:830} INFO - Processing file /mnt/d/airflow/airflow_project/airflow_venv/lib/python3.12/site-packages/airflow/example_dags/plugins/event_listener.py for tasks to queue
[2026-04-29T09:31:12.868+0300] {logging_mixin.py:188} INFO - [2026-04-29T09:31:12.865+0300] {dagbag.py:545} INFO - Filling up the DagBag from /mnt/d/airflow/airflow_project/airflow_venv/lib/python3.12/site-packages/airflow/example_dags/plugins/event_listener.py
[2026-04-29T09:31:12.957+0300] {processor.py:842} WARNING - No viable dags retrieved from /mnt/d/airflow/airflow_project/airflow_venv/lib/python3.12/site-packages/airflow/example_dags/plugins/event_listener.py
[2026-04-29T09:31:12.996+0300] {processor.py:183} INFO - Processing /mnt/d/airflow/airflow_project/airflow_venv/lib/python3.12/site-packages/airflow/example_dags/plugins/event_listener.py took 0.168 seconds
[2026-04-29T09:32:18.533+0300] {processor.py:161} INFO - Started process (PID=32469) to work on /mnt/d/airflow/airflow_project/airflow_venv/lib/python3.12/site-packages/airflow/example_dags/plugins/event_listener.py
[2026-04-29T09:32:18.539+0300] {processor.py:830} INFO - Processing file /mnt/d/airflow/airflow_project/airflow_venv/lib/python3.12/site-packages/airflow/example_dags/plugins/event_listener.py for tasks to queue
[2026-04-29T09:32:18.548+0300] {logging_mixin.py:188} INFO - [2026-04-29T09:32:18.544+0300] {dagbag.py:545} INFO - Filling up the DagBag from /mnt/d/airflow/airflow_project/airflow_venv/lib/python3.12/site-packages/airflow/example_dags/plugins/event_listener.py
[2026-04-29T09:32:18.639+0300] {processor.py:842} WARNING - No viable dags retrieved from /mnt/d/airflow/airflow_project/airflow_venv/lib/python3.12/site-packages/airflow/example_dags/plugins/event_listener.py
[2026-04-29T09:32:18.694+0300] {processor.py:183} INFO - Processing /mnt/d/airflow/airflow_project/airflow_venv/lib/python3.12/site-packages/airflow/example_dags/plugins/event_listener.py took 0.198 seconds
[2026-04-29T09:33:29.708+0300] {processor.py:161} INFO - Started process (PID=32895) to work on /mnt/d/airflow/airflow_project/airflow_venv/lib/python3.12/site-packages/airflow/example_dags/plugins/event_listener.py
[2026-04-29T09:33:29.712+0300] {processor.py:830} INFO - Processing file /mnt/d/airflow/airflow_project/airflow_venv/lib/python3.12/site-packages/airflow/example_dags/plugins/event_listener.py for tasks to queue
[2026-04-29T09:33:29.721+0300] {logging_mixin.py:188} INFO - [2026-04-29T09:33:29.717+0300] {dagbag.py:545} INFO - Filling up the DagBag from /mnt/d/airflow/airflow_project/airflow_venv/lib/python3.12/site-packages/airflow/example_dags/plugins/event_listener.py
[2026-04-29T09:33:29.814+0300] {processor.py:842} WARNING - No viable dags retrieved from /mnt/d/airflow/airflow_project/airflow_venv/lib/python3.12/site-packages/airflow/example_dags/plugins/event_listener.py
[2026-04-29T09:33:29.873+0300] {processor.py:183} INFO - Processing /mnt/d/airflow/airflow_project/airflow_venv/lib/python3.12/site-packages/airflow/example_dags/plugins/event_listener.py took 0.204 seconds
[2026-04-29T09:34:41.189+0300] {processor.py:161} INFO - Started process (PID=33300) to work on /mnt/d/airflow/airflow_project/airflow_venv/lib/python3.12/site-packages/airflow/example_dags/plugins/event_listener.py
[2026-04-29T09:34:41.191+0300] {processor.py:830} INFO - Processing file /mnt/d/airflow/airflow_project/airflow_venv/lib/python3.12/site-packages/airflow/example_dags/plugins/event_listener.py for tasks to queue
[2026-04-29T09:34:41.196+0300] {logging_mixin.py:188} INFO - [2026-04-29T09:34:41.194+0300] {dagbag.py:545} INFO - Filling up the DagBag from /mnt/d/airflow/airflow_project/airflow_venv/lib/python3.12/site-packages/airflow/example_dags/plugins/event_listener.py
[2026-04-29T09:34:41.347+0300] {processor.py:842} WARNING - No viable dags retrieved from /mnt/d/airflow/airflow_project/airflow_venv/lib/python3.12/site-packages/airflow/example_dags/plugins/event_listener.py
[2026-04-29T09:34:41.427+0300] {processor.py:183} INFO - Processing /mnt/d/airflow/airflow_project/airflow_venv/lib/python3.12/site-packages/airflow/example_dags/plugins/event_listener.py took 0.264 seconds
[2026-04-29T09:35:48.681+0300] {processor.py:161} INFO - Started process (PID=33726) to work on /mnt/d/airflow/airflow_project/airflow_venv/lib/python3.12/site-packages/airflow/example_dags/plugins/event_listener.py
[2026-04-29T09:35:48.683+0300] {processor.py:830} INFO - Processing file /mnt/d/airflow/airflow_project/airflow_venv/lib/python3.12/site-packages/airflow/example_dags/plugins/event_listener.py for tasks to queue
[2026-04-29T09:35:48.688+0300] {logging_mixin.py:188} INFO - [2026-04-29T09:35:48.686+0300] {dagbag.py:545} INFO - Filling up the DagBag from /mnt/d/airflow/airflow_project/airflow_venv/lib/python3.12/site-packages/airflow/example_dags/plugins/event_listener.py
[2026-04-29T09:35:48.714+0300] {processor.py:842} WARNING - No viable dags retrieved from /mnt/d/airflow/airflow_project/airflow_venv/lib/python3.12/site-packages/airflow/example_dags/plugins/event_listener.py
[2026-04-29T09:35:48.737+0300] {processor.py:183} INFO - Processing /mnt/d/airflow/airflow_project/airflow_venv/lib/python3.12/site-packages/airflow/example_dags/plugins/event_listener.py took 0.084 seconds
[2026-04-29T09:36:48.969+0300] {processor.py:161} INFO - Started process (PID=34073) to work on /mnt/d/airflow/airflow_project/airflow_venv/lib/python3.12/site-packages/airflow/example_dags/plugins/event_listener.py
[2026-04-29T09:36:48.973+0300] {processor.py:830} INFO - Processing file /mnt/d/airflow/airflow_project/airflow_venv/lib/python3.12/site-packages/airflow/example_dags/plugins/event_listener.py for tasks to queue
[2026-04-29T09:36:48.984+0300] {logging_mixin.py:188} INFO - [2026-04-29T09:36:48.980+0300] {dagbag.py:545} INFO - Filling up the DagBag from /mnt/d/airflow/airflow_project/airflow_venv/lib/python3.12/site-packages/airflow/example_dags/plugins/event_listener.py
[2026-04-29T09:36:49.069+0300] {processor.py:842} WARNING - No viable dags retrieved from /mnt/d/airflow/airflow_project/airflow_venv/lib/python3.12/site-packages/airflow/example_dags/plugins/event_listener.py
[2026-04-29T09:36:49.129+0300] {processor.py:183} INFO - Processing /mnt/d/airflow/airflow_project/airflow_venv/lib/python3.12/site-packages/airflow/example_dags/plugins/event_listener.py took 0.196 seconds
[2026-04-29T09:37:45.103+0300] {processor.py:161} INFO - Started process (PID=34426) to work on /mnt/d/airflow/airflow_project/airflow_venv/lib/python3.12/site-packages/airflow/example_dags/plugins/event_listener.py
[2026-04-29T09:37:45.108+0300] {processor.py:830} INFO - Processing file /mnt/d/airflow/airflow_project/airflow_venv/lib/python3.12/site-packages/airflow/example_dags/plugins/event_listener.py for tasks to queue
[2026-04-29T09:37:45.115+0300] {logging_mixin.py:188} INFO - [2026-04-29T09:37:45.112+0300] {dagbag.py:545} INFO - Filling up the DagBag from /mnt/d/airflow/airflow_project/airflow_venv/lib/python3.12/site-packages/airflow/example_dags/plugins/event_listener.py
[2026-04-29T09:37:45.156+0300] {processor.py:842} WARNING - No viable dags retrieved from /mnt/d/airflow/airflow_project/airflow_venv/lib/python3.12/site-packages/airflow/example_dags/plugins/event_listener.py
[2026-04-29T09:37:45.189+0300] {processor.py:183} INFO - Processing /mnt/d/airflow/airflow_project/airflow_venv/lib/python3.12/site-packages/airflow/example_dags/plugins/event_listener.py took 0.111 seconds
[2026-04-29T09:38:53.361+0300] {processor.py:161} INFO - Started process (PID=34857) to work on /mnt/d/airflow/airflow_project/airflow_venv/lib/python3.12/site-packages/airflow/example_dags/plugins/event_listener.py
[2026-04-29T09:38:53.367+0300] {processor.py:830} INFO - Processing file /mnt/d/airflow/airflow_project/airflow_venv/lib/python3.12/site-packages/airflow/example_dags/plugins/event_listener.py for tasks to queue
[2026-04-29T09:38:53.373+0300] {logging_mixin.py:188} INFO - [2026-04-29T09:38:53.371+0300] {dagbag.py:545} INFO - Filling up the DagBag from /mnt/d/airflow/airflow_project/airflow_venv/lib/python3.12/site-packages/airflow/example_dags/plugins/event_listener.py
[2026-04-29T09:38:53.444+0300] {processor.py:842} WARNING - No viable dags retrieved from /mnt/d/airflow/airflow_project/airflow_venv/lib/python3.12/site-packages/airflow/example_dags/plugins/event_listener.py
[2026-04-29T09:38:53.515+0300] {processor.py:183} INFO - Processing /mnt/d/airflow/airflow_project/airflow_venv/lib/python3.12/site-packages/airflow/example_dags/plugins/event_listener.py took 0.179 seconds
[2026-04-29T09:39:58.124+0300] {processor.py:161} INFO - Started process (PID=35229) to work on /mnt/d/airflow/airflow_project/airflow_venv/lib/python3.12/site-packages/airflow/example_dags/plugins/event_listener.py
[2026-04-29T09:39:58.128+0300] {processor.py:830} INFO - Processing file /mnt/d/airflow/airflow_project/airflow_venv/lib/python3.12/site-packages/airflow/example_dags/plugins/event_listener.py for tasks to queue
[2026-04-29T09:39:58.134+0300] {logging_mixin.py:188} INFO - [2026-04-29T09:39:58.132+0300] {dagbag.py:545} INFO - Filling up the DagBag from /mnt/d/airflow/airflow_project/airflow_venv/lib/python3.12/site-packages/airflow/example_dags/plugins/event_listener.py
[2026-04-29T09:39:58.180+0300] {processor.py:842} WARNING - No viable dags retrieved from /mnt/d/airflow/airflow_project/airflow_venv/lib/python3.12/site-packages/airflow/example_dags/plugins/event_listener.py
[2026-04-29T09:39:58.211+0300] {processor.py:183} INFO - Processing /mnt/d/airflow/airflow_project/airflow_venv/lib/python3.12/site-packages/airflow/example_dags/plugins/event_listener.py took 0.114 seconds
[2026-04-29T09:40:55.745+0300] {processor.py:161} INFO - Started process (PID=35568) to work on /mnt/d/airflow/airflow_project/airflow_venv/lib/python3.12/site-packages/airflow/example_dags/plugins/event_listener.py
[2026-04-29T09:40:55.749+0300] {processor.py:830} INFO - Processing file /mnt/d/airflow/airflow_project/airflow_venv/lib/python3.12/site-packages/airflow/example_dags/plugins/event_listener.py for tasks to queue
[2026-04-29T09:40:55.757+0300] {logging_mixin.py:188} INFO - [2026-04-29T09:40:55.754+0300] {dagbag.py:545} INFO - Filling up the DagBag from /mnt/d/airflow/airflow_project/airflow_venv/lib/python3.12/site-packages/airflow/example_dags/plugins/event_listener.py
[2026-04-29T09:40:55.829+0300] {processor.py:842} WARNING - No viable dags retrieved from /mnt/d/airflow/airflow_project/airflow_venv/lib/python3.12/site-packages/airflow/example_dags/plugins/event_listener.py
[2026-04-29T09:40:55.880+0300] {processor.py:183} INFO - Processing /mnt/d/airflow/airflow_project/airflow_venv/lib/python3.12/site-packages/airflow/example_dags/plugins/event_listener.py took 0.164 seconds
[2026-04-29T09:41:57.278+0300] {processor.py:161} INFO - Started process (PID=35905) to work on /mnt/d/airflow/airflow_project/airflow_venv/lib/python3.12/site-packages/airflow/example_dags/plugins/event_listener.py
[2026-04-29T09:41:57.281+0300] {processor.py:830} INFO - Processing file /mnt/d/airflow/airflow_project/airflow_venv/lib/python3.12/site-packages/airflow/example_dags/plugins/event_listener.py for tasks to queue
[2026-04-29T09:41:57.288+0300] {logging_mixin.py:188} INFO - [2026-04-29T09:41:57.286+0300] {dagbag.py:545} INFO - Filling up the DagBag from /mnt/d/airflow/airflow_project/airflow_venv/lib/python3.12/site-packages/airflow/example_dags/plugins/event_listener.py
[2026-04-29T09:41:57.331+0300] {processor.py:842} WARNING - No viable dags retrieved from /mnt/d/airflow/airflow_project/airflow_venv/lib/python3.12/site-packages/airflow/example_dags/plugins/event_listener.py
[2026-04-29T09:41:57.364+0300] {processor.py:183} INFO - Processing /mnt/d/airflow/airflow_project/airflow_venv/lib/python3.12/site-packages/airflow/example_dags/plugins/event_listener.py took 0.111 seconds
[2026-04-29T09:43:06.920+0300] {processor.py:161} INFO - Started process (PID=36339) to work on /mnt/d/airflow/airflow_project/airflow_venv/lib/python3.12/site-packages/airflow/example_dags/plugins/event_listener.py
[2026-04-29T09:43:06.924+0300] {processor.py:830} INFO - Processing file /mnt/d/airflow/airflow_project/airflow_venv/lib/python3.12/site-packages/airflow/example_dags/plugins/event_listener.py for tasks to queue
[2026-04-29T09:43:06.931+0300] {logging_mixin.py:188} INFO - [2026-04-29T09:43:06.928+0300] {dagbag.py:545} INFO - Filling up the DagBag from /mnt/d/airflow/airflow_project/airflow_venv/lib/python3.12/site-packages/airflow/example_dags/plugins/event_listener.py
[2026-04-29T09:43:06.967+0300] {processor.py:842} WARNING - No viable dags retrieved from /mnt/d/airflow/airflow_project/airflow_venv/lib/python3.12/site-packages/airflow/example_dags/plugins/event_listener.py
[2026-04-29T09:43:06.997+0300] {processor.py:183} INFO - Processing /mnt/d/airflow/airflow_project/airflow_venv/lib/python3.12/site-packages/airflow/example_dags/plugins/event_listener.py took 0.102 seconds
[2026-04-29T09:44:14.872+0300] {processor.py:161} INFO - Started process (PID=36725) to work on /mnt/d/airflow/airflow_project/airflow_venv/lib/python3.12/site-packages/airflow/example_dags/plugins/event_listener.py
[2026-04-29T09:44:14.875+0300] {processor.py:830} INFO - Processing file /mnt/d/airflow/airflow_project/airflow_venv/lib/python3.12/site-packages/airflow/example_dags/plugins/event_listener.py for tasks to queue
[2026-04-29T09:44:14.885+0300] {logging_mixin.py:188} INFO - [2026-04-29T09:44:14.880+0300] {dagbag.py:545} INFO - Filling up the DagBag from /mnt/d/airflow/airflow_project/airflow_venv/lib/python3.12/site-packages/airflow/example_dags/plugins/event_listener.py
[2026-04-29T09:44:14.924+0300] {processor.py:842} WARNING - No viable dags retrieved from /mnt/d/airflow/airflow_project/airflow_venv/lib/python3.12/site-packages/airflow/example_dags/plugins/event_listener.py
[2026-04-29T09:44:14.968+0300] {processor.py:183} INFO - Processing /mnt/d/airflow/airflow_project/airflow_venv/lib/python3.12/site-packages/airflow/example_dags/plugins/event_listener.py took 0.123 seconds
[2026-04-29T09:46:05.341+0300] {processor.py:161} INFO - Started process (PID=37345) to work on /mnt/d/airflow/airflow_project/airflow_venv/lib/python3.12/site-packages/airflow/example_dags/plugins/event_listener.py
[2026-04-29T09:46:05.343+0300] {processor.py:830} INFO - Processing file /mnt/d/airflow/airflow_project/airflow_venv/lib/python3.12/site-packages/airflow/example_dags/plugins/event_listener.py for tasks to queue
[2026-04-29T09:46:05.348+0300] {logging_mixin.py:188} INFO - [2026-04-29T09:46:05.346+0300] {dagbag.py:545} INFO - Filling up the DagBag from /mnt/d/airflow/airflow_project/airflow_venv/lib/python3.12/site-packages/airflow/example_dags/plugins/event_listener.py
[2026-04-29T09:46:05.387+0300] {processor.py:842} WARNING - No viable dags retrieved from /mnt/d/airflow/airflow_project/airflow_venv/lib/python3.12/site-packages/airflow/example_dags/plugins/event_listener.py
[2026-04-29T09:46:05.422+0300] {processor.py:183} INFO - Processing /mnt/d/airflow/airflow_project/airflow_venv/lib/python3.12/site-packages/airflow/example_dags/plugins/event_listener.py took 0.102 seconds
[2026-04-29T09:47:48.693+0300] {processor.py:161} INFO - Started process (PID=37923) to work on /mnt/d/airflow/airflow_project/airflow_venv/lib/python3.12/site-packages/airflow/example_dags/plugins/event_listener.py
[2026-04-29T09:47:48.697+0300] {processor.py:830} INFO - Processing file /mnt/d/airflow/airflow_project/airflow_venv/lib/python3.12/site-packages/airflow/example_dags/plugins/event_listener.py for tasks to queue
[2026-04-29T09:47:48.704+0300] {logging_mixin.py:188} INFO - [2026-04-29T09:47:48.702+0300] {dagbag.py:545} INFO - Filling up the DagBag from /mnt/d/airflow/airflow_project/airflow_venv/lib/python3.12/site-packages/airflow/example_dags/plugins/event_listener.py
[2026-04-29T09:47:48.751+0300] {processor.py:842} WARNING - No viable dags retrieved from /mnt/d/airflow/airflow_project/airflow_venv/lib/python3.12/site-packages/airflow/example_dags/plugins/event_listener.py
[2026-04-29T09:47:48.785+0300] {processor.py:183} INFO - Processing /mnt/d/airflow/airflow_project/airflow_venv/lib/python3.12/site-packages/airflow/example_dags/plugins/event_listener.py took 0.120 seconds
[2026-04-29T09:49:02.877+0300] {processor.py:161} INFO - Started process (PID=38347) to work on /mnt/d/airflow/airflow_project/airflow_venv/lib/python3.12/site-packages/airflow/example_dags/plugins/event_listener.py
[2026-04-29T09:49:02.881+0300] {processor.py:830} INFO - Processing file /mnt/d/airflow/airflow_project/airflow_venv/lib/python3.12/site-packages/airflow/example_dags/plugins/event_listener.py for tasks to queue
[2026-04-29T09:49:02.886+0300] {logging_mixin.py:188} INFO - [2026-04-29T09:49:02.884+0300] {dagbag.py:545} INFO - Filling up the DagBag from /mnt/d/airflow/airflow_project/airflow_venv/lib/python3.12/site-packages/airflow/example_dags/plugins/event_listener.py
[2026-04-29T09:49:02.942+0300] {processor.py:842} WARNING - No viable dags retrieved from /mnt/d/airflow/airflow_project/airflow_venv/lib/python3.12/site-packages/airflow/example_dags/plugins/event_listener.py
[2026-04-29T09:49:02.974+0300] {processor.py:183} INFO - Processing /mnt/d/airflow/airflow_project/airflow_venv/lib/python3.12/site-packages/airflow/example_dags/plugins/event_listener.py took 0.117 seconds
[2026-04-29T09:50:12.245+0300] {processor.py:161} INFO - Started process (PID=38732) to work on /mnt/d/airflow/airflow_project/airflow_venv/lib/python3.12/site-packages/airflow/example_dags/plugins/event_listener.py
[2026-04-29T09:50:12.249+0300] {processor.py:830} INFO - Processing file /mnt/d/airflow/airflow_project/airflow_venv/lib/python3.12/site-packages/airflow/example_dags/plugins/event_listener.py for tasks to queue
[2026-04-29T09:50:12.256+0300] {logging_mixin.py:188} INFO - [2026-04-29T09:50:12.254+0300] {dagbag.py:545} INFO - Filling up the DagBag from /mnt/d/airflow/airflow_project/airflow_venv/lib/python3.12/site-packages/airflow/example_dags/plugins/event_listener.py
[2026-04-29T09:50:12.292+0300] {processor.py:842} WARNING - No viable dags retrieved from /mnt/d/airflow/airflow_project/airflow_venv/lib/python3.12/site-packages/airflow/example_dags/plugins/event_listener.py
[2026-04-29T09:50:12.323+0300] {processor.py:183} INFO - Processing /mnt/d/airflow/airflow_project/airflow_venv/lib/python3.12/site-packages/airflow/example_dags/plugins/event_listener.py took 0.101 seconds
[2026-04-29T09:51:22.418+0300] {processor.py:161} INFO - Started process (PID=39147) to work on /mnt/d/airflow/airflow_project/airflow_venv/lib/python3.12/site-packages/airflow/example_dags/plugins/event_listener.py
[2026-04-29T09:51:22.422+0300] {processor.py:830} INFO - Processing file /mnt/d/airflow/airflow_project/airflow_venv/lib/python3.12/site-packages/airflow/example_dags/plugins/event_listener.py for tasks to queue
[2026-04-29T09:51:22.426+0300] {logging_mixin.py:188} INFO - [2026-04-29T09:51:22.425+0300] {dagbag.py:545} INFO - Filling up the DagBag from /mnt/d/airflow/airflow_project/airflow_venv/lib/python3.12/site-packages/airflow/example_dags/plugins/event_listener.py
[2026-04-29T09:51:22.500+0300] {processor.py:842} WARNING - No viable dags retrieved from /mnt/d/airflow/airflow_project/airflow_venv/lib/python3.12/site-packages/airflow/example_dags/plugins/event_listener.py
[2026-04-29T09:51:22.539+0300] {processor.py:183} INFO - Processing /mnt/d/airflow/airflow_project/airflow_venv/lib/python3.12/site-packages/airflow/example_dags/plugins/event_listener.py took 0.142 seconds
[2026-04-29T09:53:21.687+0300] {processor.py:161} INFO - Started process (PID=39805) to work on /mnt/d/airflow/airflow_project/airflow_venv/lib/python3.12/site-packages/airflow/example_dags/plugins/event_listener.py
[2026-04-29T09:53:21.690+0300] {processor.py:830} INFO - Processing file /mnt/d/airflow/airflow_project/airflow_venv/lib/python3.12/site-packages/airflow/example_dags/plugins/event_listener.py for tasks to queue
[2026-04-29T09:53:21.695+0300] {logging_mixin.py:188} INFO - [2026-04-29T09:53:21.694+0300] {dagbag.py:545} INFO - Filling up the DagBag from /mnt/d/airflow/airflow_project/airflow_venv/lib/python3.12/site-packages/airflow/example_dags/plugins/event_listener.py
[2026-04-29T09:53:21.776+0300] {processor.py:842} WARNING - No viable dags retrieved from /mnt/d/airflow/airflow_project/airflow_venv/lib/python3.12/site-packages/airflow/example_dags/plugins/event_listener.py
[2026-04-29T09:53:21.832+0300] {processor.py:183} INFO - Processing /mnt/d/airflow/airflow_project/airflow_venv/lib/python3.12/site-packages/airflow/example_dags/plugins/event_listener.py took 0.181 seconds
[2026-04-29T09:55:31.522+0300] {processor.py:161} INFO - Started process (PID=40539) to work on /mnt/d/airflow/airflow_project/airflow_venv/lib/python3.12/site-packages/airflow/example_dags/plugins/event_listener.py
[2026-04-29T09:55:31.526+0300] {processor.py:830} INFO - Processing file /mnt/d/airflow/airflow_project/airflow_venv/lib/python3.12/site-packages/airflow/example_dags/plugins/event_listener.py for tasks to queue
[2026-04-29T09:55:31.532+0300] {logging_mixin.py:188} INFO - [2026-04-29T09:55:31.531+0300] {dagbag.py:545} INFO - Filling up the DagBag from /mnt/d/airflow/airflow_project/airflow_venv/lib/python3.12/site-packages/airflow/example_dags/plugins/event_listener.py
[2026-04-29T09:55:31.585+0300] {processor.py:842} WARNING - No viable dags retrieved from /mnt/d/airflow/airflow_project/airflow_venv/lib/python3.12/site-packages/airflow/example_dags/plugins/event_listener.py
[2026-04-29T09:55:31.626+0300] {processor.py:183} INFO - Processing /mnt/d/airflow/airflow_project/airflow_venv/lib/python3.12/site-packages/airflow/example_dags/plugins/event_listener.py took 0.141 seconds
[2026-04-29T09:57:36.115+0300] {processor.py:161} INFO - Started process (PID=41296) to work on /mnt/d/airflow/airflow_project/airflow_venv/lib/python3.12/site-packages/airflow/example_dags/plugins/event_listener.py
[2026-04-29T09:57:36.118+0300] {processor.py:830} INFO - Processing file /mnt/d/airflow/airflow_project/airflow_venv/lib/python3.12/site-packages/airflow/example_dags/plugins/event_listener.py for tasks to queue
[2026-04-29T09:57:36.123+0300] {logging_mixin.py:188} INFO - [2026-04-29T09:57:36.121+0300] {dagbag.py:545} INFO - Filling up the DagBag from /mnt/d/airflow/airflow_project/airflow_venv/lib/python3.12/site-packages/airflow/example_dags/plugins/event_listener.py
[2026-04-29T09:57:36.157+0300] {processor.py:842} WARNING - No viable dags retrieved from /mnt/d/airflow/airflow_project/airflow_venv/lib/python3.12/site-packages/airflow/example_dags/plugins/event_listener.py
[2026-04-29T09:57:36.197+0300] {processor.py:183} INFO - Processing /mnt/d/airflow/airflow_project/airflow_venv/lib/python3.12/site-packages/airflow/example_dags/plugins/event_listener.py took 0.100 seconds
[2026-04-29T10:00:08.401+0300] {processor.py:161} INFO - Started process (PID=42130) to work on /mnt/d/airflow/airflow_project/airflow_venv/lib/python3.12/site-packages/airflow/example_dags/plugins/event_listener.py
[2026-04-29T10:00:08.404+0300] {processor.py:830} INFO - Processing file /mnt/d/airflow/airflow_project/airflow_venv/lib/python3.12/site-packages/airflow/example_dags/plugins/event_listener.py for tasks to queue
[2026-04-29T10:00:08.410+0300] {logging_mixin.py:188} INFO - [2026-04-29T10:00:08.408+0300] {dagbag.py:545} INFO - Filling up the DagBag from /mnt/d/airflow/airflow_project/airflow_venv/lib/python3.12/site-packages/airflow/example_dags/plugins/event_listener.py
[2026-04-29T10:00:08.473+0300] {processor.py:842} WARNING - No viable dags retrieved from /mnt/d/airflow/airflow_project/airflow_venv/lib/python3.12/site-packages/airflow/example_dags/plugins/event_listener.py
[2026-04-29T10:00:08.519+0300] {processor.py:183} INFO - Processing /mnt/d/airflow/airflow_project/airflow_venv/lib/python3.12/site-packages/airflow/example_dags/plugins/event_listener.py took 0.146 seconds
[2026-04-29T10:01:50.835+0300] {processor.py:161} INFO - Started process (PID=42687) to work on /mnt/d/airflow/airflow_project/airflow_venv/lib/python3.12/site-packages/airflow/example_dags/plugins/event_listener.py
[2026-04-29T10:01:50.839+0300] {processor.py:830} INFO - Processing file /mnt/d/airflow/airflow_project/airflow_venv/lib/python3.12/site-packages/airflow/example_dags/plugins/event_listener.py for tasks to queue
[2026-04-29T10:01:50.847+0300] {logging_mixin.py:188} INFO - [2026-04-29T10:01:50.844+0300] {dagbag.py:545} INFO - Filling up the DagBag from /mnt/d/airflow/airflow_project/airflow_venv/lib/python3.12/site-packages/airflow/example_dags/plugins/event_listener.py
[2026-04-29T10:01:50.931+0300] {processor.py:842} WARNING - No viable dags retrieved from /mnt/d/airflow/airflow_project/airflow_venv/lib/python3.12/site-packages/airflow/example_dags/plugins/event_listener.py
[2026-04-29T10:01:50.990+0300] {processor.py:183} INFO - Processing /mnt/d/airflow/airflow_project/airflow_venv/lib/python3.12/site-packages/airflow/example_dags/plugins/event_listener.py took 0.188 seconds
[2026-04-29T10:04:05.604+0300] {processor.py:161} INFO - Started process (PID=43438) to work on /mnt/d/airflow/airflow_project/airflow_venv/lib/python3.12/site-packages/airflow/example_dags/plugins/event_listener.py
[2026-04-29T10:04:05.608+0300] {processor.py:830} INFO - Processing file /mnt/d/airflow/airflow_project/airflow_venv/lib/python3.12/site-packages/airflow/example_dags/plugins/event_listener.py for tasks to queue
[2026-04-29T10:04:05.613+0300] {logging_mixin.py:188} INFO - [2026-04-29T10:04:05.611+0300] {dagbag.py:545} INFO - Filling up the DagBag from /mnt/d/airflow/airflow_project/airflow_venv/lib/python3.12/site-packages/airflow/example_dags/plugins/event_listener.py
[2026-04-29T10:04:05.658+0300] {processor.py:842} WARNING - No viable dags retrieved from /mnt/d/airflow/airflow_project/airflow_venv/lib/python3.12/site-packages/airflow/example_dags/plugins/event_listener.py
[2026-04-29T10:04:05.704+0300] {processor.py:183} INFO - Processing /mnt/d/airflow/airflow_project/airflow_venv/lib/python3.12/site-packages/airflow/example_dags/plugins/event_listener.py took 0.127 seconds
[2026-04-29T10:05:11.354+0300] {processor.py:161} INFO - Started process (PID=43828) to work on /mnt/d/airflow/airflow_project/airflow_venv/lib/python3.12/site-packages/airflow/example_dags/plugins/event_listener.py
[2026-04-29T10:05:11.358+0300] {processor.py:830} INFO - Processing file /mnt/d/airflow/airflow_project/airflow_venv/lib/python3.12/site-packages/airflow/example_dags/plugins/event_listener.py for tasks to queue
[2026-04-29T10:05:11.368+0300] {logging_mixin.py:188} INFO - [2026-04-29T10:05:11.364+0300] {dagbag.py:545} INFO - Filling up the DagBag from /mnt/d/airflow/airflow_project/airflow_venv/lib/python3.12/site-packages/airflow/example_dags/plugins/event_listener.py
[2026-04-29T10:05:11.448+0300] {processor.py:842} WARNING - No viable dags retrieved from /mnt/d/airflow/airflow_project/airflow_venv/lib/python3.12/site-packages/airflow/example_dags/plugins/event_listener.py
[2026-04-29T10:05:11.502+0300] {processor.py:183} INFO - Processing /mnt/d/airflow/airflow_project/airflow_venv/lib/python3.12/site-packages/airflow/example_dags/plugins/event_listener.py took 0.185 seconds
[2026-04-29T10:06:16.255+0300] {processor.py:161} INFO - Started process (PID=44189) to work on /mnt/d/airflow/airflow_project/airflow_venv/lib/python3.12/site-packages/airflow/example_dags/plugins/event_listener.py
[2026-04-29T10:06:16.259+0300] {processor.py:830} INFO - Processing file /mnt/d/airflow/airflow_project/airflow_venv/lib/python3.12/site-packages/airflow/example_dags/plugins/event_listener.py for tasks to queue
[2026-04-29T10:06:16.265+0300] {logging_mixin.py:188} INFO - [2026-04-29T10:06:16.263+0300] {dagbag.py:545} INFO - Filling up the DagBag from /mnt/d/airflow/airflow_project/airflow_venv/lib/python3.12/site-packages/airflow/example_dags/plugins/event_listener.py
[2026-04-29T10:06:16.304+0300] {processor.py:842} WARNING - No viable dags retrieved from /mnt/d/airflow/airflow_project/airflow_venv/lib/python3.12/site-packages/airflow/example_dags/plugins/event_listener.py
[2026-04-29T10:06:16.348+0300] {processor.py:183} INFO - Processing /mnt/d/airflow/airflow_project/airflow_venv/lib/python3.12/site-packages/airflow/example_dags/plugins/event_listener.py took 0.116 seconds
[2026-04-29T10:07:26.006+0300] {processor.py:161} INFO - Started process (PID=44574) to work on /mnt/d/airflow/airflow_project/airflow_venv/lib/python3.12/site-packages/airflow/example_dags/plugins/event_listener.py
[2026-04-29T10:07:26.008+0300] {processor.py:830} INFO - Processing file /mnt/d/airflow/airflow_project/airflow_venv/lib/python3.12/site-packages/airflow/example_dags/plugins/event_listener.py for tasks to queue
[2026-04-29T10:07:26.013+0300] {logging_mixin.py:188} INFO - [2026-04-29T10:07:26.012+0300] {dagbag.py:545} INFO - Filling up the DagBag from /mnt/d/airflow/airflow_project/airflow_venv/lib/python3.12/site-packages/airflow/example_dags/plugins/event_listener.py
[2026-04-29T10:07:26.035+0300] {processor.py:842} WARNING - No viable dags retrieved from /mnt/d/airflow/airflow_project/airflow_venv/lib/python3.12/site-packages/airflow/example_dags/plugins/event_listener.py
[2026-04-29T10:07:26.064+0300] {processor.py:183} INFO - Processing /mnt/d/airflow/airflow_project/airflow_venv/lib/python3.12/site-packages/airflow/example_dags/plugins/event_listener.py took 0.085 seconds
[2026-04-29T10:08:31.299+0300] {processor.py:161} INFO - Started process (PID=44945) to work on /mnt/d/airflow/airflow_project/airflow_venv/lib/python3.12/site-packages/airflow/example_dags/plugins/event_listener.py
[2026-04-29T10:08:31.303+0300] {processor.py:830} INFO - Processing file /mnt/d/airflow/airflow_project/airflow_venv/lib/python3.12/site-packages/airflow/example_dags/plugins/event_listener.py for tasks to queue
[2026-04-29T10:08:31.310+0300] {logging_mixin.py:188} INFO - [2026-04-29T10:08:31.308+0300] {dagbag.py:545} INFO - Filling up the DagBag from /mnt/d/airflow/airflow_project/airflow_venv/lib/python3.12/site-packages/airflow/example_dags/plugins/event_listener.py
[2026-04-29T10:08:31.357+0300] {processor.py:842} WARNING - No viable dags retrieved from /mnt/d/airflow/airflow_project/airflow_venv/lib/python3.12/site-packages/airflow/example_dags/plugins/event_listener.py
[2026-04-29T10:08:31.396+0300] {processor.py:183} INFO - Processing /mnt/d/airflow/airflow_project/airflow_venv/lib/python3.12/site-packages/airflow/example_dags/plugins/event_listener.py took 0.123 seconds
[2026-04-29T10:09:29.180+0300] {processor.py:161} INFO - Started process (PID=45265) to work on /mnt/d/airflow/airflow_project/airflow_venv/lib/python3.12/site-packages/airflow/example_dags/plugins/event_listener.py
[2026-04-29T10:09:29.183+0300] {processor.py:830} INFO - Processing file /mnt/d/airflow/airflow_project/airflow_venv/lib/python3.12/site-packages/airflow/example_dags/plugins/event_listener.py for tasks to queue
[2026-04-29T10:09:29.189+0300] {logging_mixin.py:188} INFO - [2026-04-29T10:09:29.187+0300] {dagbag.py:545} INFO - Filling up the DagBag from /mnt/d/airflow/airflow_project/airflow_venv/lib/python3.12/site-packages/airflow/example_dags/plugins/event_listener.py
[2026-04-29T10:09:29.229+0300] {processor.py:842} WARNING - No viable dags retrieved from /mnt/d/airflow/airflow_project/airflow_venv/lib/python3.12/site-packages/airflow/example_dags/plugins/event_listener.py
[2026-04-29T10:09:29.276+0300] {processor.py:183} INFO - Processing /mnt/d/airflow/airflow_project/airflow_venv/lib/python3.12/site-packages/airflow/example_dags/plugins/event_listener.py took 0.119 seconds
[2026-04-29T10:10:34.860+0300] {processor.py:161} INFO - Started process (PID=45625) to work on /mnt/d/airflow/airflow_project/airflow_venv/lib/python3.12/site-packages/airflow/example_dags/plugins/event_listener.py
[2026-04-29T10:10:34.864+0300] {processor.py:830} INFO - Processing file /mnt/d/airflow/airflow_project/airflow_venv/lib/python3.12/site-packages/airflow/example_dags/plugins/event_listener.py for tasks to queue
[2026-04-29T10:10:34.872+0300] {logging_mixin.py:188} INFO - [2026-04-29T10:10:34.869+0300] {dagbag.py:545} INFO - Filling up the DagBag from /mnt/d/airflow/airflow_project/airflow_venv/lib/python3.12/site-packages/airflow/example_dags/plugins/event_listener.py
[2026-04-29T10:10:34.947+0300] {processor.py:842} WARNING - No viable dags retrieved from /mnt/d/airflow/airflow_project/airflow_venv/lib/python3.12/site-packages/airflow/example_dags/plugins/event_listener.py
[2026-04-29T10:10:35.029+0300] {processor.py:183} INFO - Processing /mnt/d/airflow/airflow_project/airflow_venv/lib/python3.12/site-packages/airflow/example_dags/plugins/event_listener.py took 0.202 seconds
[2026-04-29T10:11:44.846+0300] {processor.py:161} INFO - Started process (PID=46007) to work on /mnt/d/airflow/airflow_project/airflow_venv/lib/python3.12/site-packages/airflow/example_dags/plugins/event_listener.py
[2026-04-29T10:11:44.848+0300] {processor.py:830} INFO - Processing file /mnt/d/airflow/airflow_project/airflow_venv/lib/python3.12/site-packages/airflow/example_dags/plugins/event_listener.py for tasks to queue
[2026-04-29T10:11:44.855+0300] {logging_mixin.py:188} INFO - [2026-04-29T10:11:44.852+0300] {dagbag.py:545} INFO - Filling up the DagBag from /mnt/d/airflow/airflow_project/airflow_venv/lib/python3.12/site-packages/airflow/example_dags/plugins/event_listener.py
[2026-04-29T10:11:44.877+0300] {processor.py:842} WARNING - No viable dags retrieved from /mnt/d/airflow/airflow_project/airflow_venv/lib/python3.12/site-packages/airflow/example_dags/plugins/event_listener.py
[2026-04-29T10:11:44.911+0300] {processor.py:183} INFO - Processing /mnt/d/airflow/airflow_project/airflow_venv/lib/python3.12/site-packages/airflow/example_dags/plugins/event_listener.py took 0.085 seconds
[2026-04-29T10:12:49.311+0300] {processor.py:161} INFO - Started process (PID=46371) to work on /mnt/d/airflow/airflow_project/airflow_venv/lib/python3.12/site-packages/airflow/example_dags/plugins/event_listener.py
[2026-04-29T10:12:49.314+0300] {processor.py:830} INFO - Processing file /mnt/d/airflow/airflow_project/airflow_venv/lib/python3.12/site-packages/airflow/example_dags/plugins/event_listener.py for tasks to queue
[2026-04-29T10:12:49.321+0300] {logging_mixin.py:188} INFO - [2026-04-29T10:12:49.318+0300] {dagbag.py:545} INFO - Filling up the DagBag from /mnt/d/airflow/airflow_project/airflow_venv/lib/python3.12/site-packages/airflow/example_dags/plugins/event_listener.py
[2026-04-29T10:12:49.358+0300] {processor.py:842} WARNING - No viable dags retrieved from /mnt/d/airflow/airflow_project/airflow_venv/lib/python3.12/site-packages/airflow/example_dags/plugins/event_listener.py
[2026-04-29T10:12:49.386+0300] {processor.py:183} INFO - Processing /mnt/d/airflow/airflow_project/airflow_venv/lib/python3.12/site-packages/airflow/example_dags/plugins/event_listener.py took 0.102 seconds
