[2026-04-29T09:14:10.941+0300] {processor.py:161} INFO - Started process (PID=26154) to work on /mnt/d/airflow/airflow_project/airflow_venv/lib/python3.12/site-packages/airflow/example_dags/plugins/workday.py
[2026-04-29T09:14:10.946+0300] {processor.py:830} INFO - Processing file /mnt/d/airflow/airflow_project/airflow_venv/lib/python3.12/site-packages/airflow/example_dags/plugins/workday.py for tasks to queue
[2026-04-29T09:14:10.953+0300] {logging_mixin.py:188} INFO - [2026-04-29T09:14:10.950+0300] {dagbag.py:545} INFO - Filling up the DagBag from /mnt/d/airflow/airflow_project/airflow_venv/lib/python3.12/site-packages/airflow/example_dags/plugins/workday.py
[2026-04-29T09:14:11.061+0300] {logging_mixin.py:188} INFO - [2026-04-29T09:14:11.058+0300] {workday.py:41} WARNING - Could not import pandas. Holidays will not be considered.
[2026-04-29T09:14:11.084+0300] {processor.py:842} WARNING - No viable dags retrieved from /mnt/d/airflow/airflow_project/airflow_venv/lib/python3.12/site-packages/airflow/example_dags/plugins/workday.py
[2026-04-29T09:14:11.152+0300] {processor.py:183} INFO - Processing /mnt/d/airflow/airflow_project/airflow_venv/lib/python3.12/site-packages/airflow/example_dags/plugins/workday.py took 0.241 seconds
[2026-04-29T09:16:52.445+0300] {processor.py:161} INFO - Started process (PID=27087) to work on /mnt/d/airflow/airflow_project/airflow_venv/lib/python3.12/site-packages/airflow/example_dags/plugins/workday.py
[2026-04-29T09:16:52.447+0300] {processor.py:830} INFO - Processing file /mnt/d/airflow/airflow_project/airflow_venv/lib/python3.12/site-packages/airflow/example_dags/plugins/workday.py for tasks to queue
[2026-04-29T09:16:52.452+0300] {logging_mixin.py:188} INFO - [2026-04-29T09:16:52.450+0300] {dagbag.py:545} INFO - Filling up the DagBag from /mnt/d/airflow/airflow_project/airflow_venv/lib/python3.12/site-packages/airflow/example_dags/plugins/workday.py
[2026-04-29T09:16:52.506+0300] {logging_mixin.py:188} INFO - [2026-04-29T09:16:52.504+0300] {workday.py:41} WARNING - Could not import pandas. Holidays will not be considered.
[2026-04-29T09:16:52.509+0300] {processor.py:842} WARNING - No viable dags retrieved from /mnt/d/airflow/airflow_project/airflow_venv/lib/python3.12/site-packages/airflow/example_dags/plugins/workday.py
[2026-04-29T09:16:52.539+0300] {processor.py:183} INFO - Processing /mnt/d/airflow/airflow_project/airflow_venv/lib/python3.12/site-packages/airflow/example_dags/plugins/workday.py took 0.112 seconds
[2026-04-29T09:18:07.013+0300] {processor.py:161} INFO - Started process (PID=27519) to work on /mnt/d/airflow/airflow_project/airflow_venv/lib/python3.12/site-packages/airflow/example_dags/plugins/workday.py
[2026-04-29T09:18:07.017+0300] {processor.py:830} INFO - Processing file /mnt/d/airflow/airflow_project/airflow_venv/lib/python3.12/site-packages/airflow/example_dags/plugins/workday.py for tasks to queue
[2026-04-29T09:18:07.022+0300] {logging_mixin.py:188} INFO - [2026-04-29T09:18:07.020+0300] {dagbag.py:545} INFO - Filling up the DagBag from /mnt/d/airflow/airflow_project/airflow_venv/lib/python3.12/site-packages/airflow/example_dags/plugins/workday.py
[2026-04-29T09:18:07.064+0300] {logging_mixin.py:188} INFO - [2026-04-29T09:18:07.063+0300] {workday.py:41} WARNING - Could not import pandas. Holidays will not be considered.
[2026-04-29T09:18:07.070+0300] {processor.py:842} WARNING - No viable dags retrieved from /mnt/d/airflow/airflow_project/airflow_venv/lib/python3.12/site-packages/airflow/example_dags/plugins/workday.py
[2026-04-29T09:18:07.093+0300] {processor.py:183} INFO - Processing /mnt/d/airflow/airflow_project/airflow_venv/lib/python3.12/site-packages/airflow/example_dags/plugins/workday.py took 0.097 seconds
[2026-04-29T09:19:10.947+0300] {processor.py:161} INFO - Started process (PID=27895) to work on /mnt/d/airflow/airflow_project/airflow_venv/lib/python3.12/site-packages/airflow/example_dags/plugins/workday.py
[2026-04-29T09:19:10.952+0300] {processor.py:830} INFO - Processing file /mnt/d/airflow/airflow_project/airflow_venv/lib/python3.12/site-packages/airflow/example_dags/plugins/workday.py for tasks to queue
[2026-04-29T09:19:10.974+0300] {logging_mixin.py:188} INFO - [2026-04-29T09:19:10.965+0300] {dagbag.py:545} INFO - Filling up the DagBag from /mnt/d/airflow/airflow_project/airflow_venv/lib/python3.12/site-packages/airflow/example_dags/plugins/workday.py
[2026-04-29T09:19:11.074+0300] {logging_mixin.py:188} INFO - [2026-04-29T09:19:11.071+0300] {workday.py:41} WARNING - Could not import pandas. Holidays will not be considered.
[2026-04-29T09:19:11.093+0300] {processor.py:842} WARNING - No viable dags retrieved from /mnt/d/airflow/airflow_project/airflow_venv/lib/python3.12/site-packages/airflow/example_dags/plugins/workday.py
[2026-04-29T09:19:11.144+0300] {processor.py:183} INFO - Processing /mnt/d/airflow/airflow_project/airflow_venv/lib/python3.12/site-packages/airflow/example_dags/plugins/workday.py took 0.230 seconds
[2026-04-29T09:20:22.899+0300] {processor.py:161} INFO - Started process (PID=28340) to work on /mnt/d/airflow/airflow_project/airflow_venv/lib/python3.12/site-packages/airflow/example_dags/plugins/workday.py
[2026-04-29T09:20:22.908+0300] {processor.py:830} INFO - Processing file /mnt/d/airflow/airflow_project/airflow_venv/lib/python3.12/site-packages/airflow/example_dags/plugins/workday.py for tasks to queue
[2026-04-29T09:20:22.917+0300] {logging_mixin.py:188} INFO - [2026-04-29T09:20:22.914+0300] {dagbag.py:545} INFO - Filling up the DagBag from /mnt/d/airflow/airflow_project/airflow_venv/lib/python3.12/site-packages/airflow/example_dags/plugins/workday.py
[2026-04-29T09:20:23.027+0300] {logging_mixin.py:188} INFO - [2026-04-29T09:20:23.024+0300] {workday.py:41} WARNING - Could not import pandas. Holidays will not be considered.
[2026-04-29T09:20:23.032+0300] {processor.py:842} WARNING - No viable dags retrieved from /mnt/d/airflow/airflow_project/airflow_venv/lib/python3.12/site-packages/airflow/example_dags/plugins/workday.py
[2026-04-29T09:20:23.119+0300] {processor.py:183} INFO - Processing /mnt/d/airflow/airflow_project/airflow_venv/lib/python3.12/site-packages/airflow/example_dags/plugins/workday.py took 0.279 seconds
[2026-04-29T09:21:31.735+0300] {processor.py:161} INFO - Started process (PID=28727) to work on /mnt/d/airflow/airflow_project/airflow_venv/lib/python3.12/site-packages/airflow/example_dags/plugins/workday.py
[2026-04-29T09:21:31.739+0300] {processor.py:830} INFO - Processing file /mnt/d/airflow/airflow_project/airflow_venv/lib/python3.12/site-packages/airflow/example_dags/plugins/workday.py for tasks to queue
[2026-04-29T09:21:31.747+0300] {logging_mixin.py:188} INFO - [2026-04-29T09:21:31.744+0300] {dagbag.py:545} INFO - Filling up the DagBag from /mnt/d/airflow/airflow_project/airflow_venv/lib/python3.12/site-packages/airflow/example_dags/plugins/workday.py
[2026-04-29T09:21:31.846+0300] {logging_mixin.py:188} INFO - [2026-04-29T09:21:31.843+0300] {workday.py:41} WARNING - Could not import pandas. Holidays will not be considered.
[2026-04-29T09:21:31.849+0300] {processor.py:842} WARNING - No viable dags retrieved from /mnt/d/airflow/airflow_project/airflow_venv/lib/python3.12/site-packages/airflow/example_dags/plugins/workday.py
[2026-04-29T09:21:31.903+0300] {processor.py:183} INFO - Processing /mnt/d/airflow/airflow_project/airflow_venv/lib/python3.12/site-packages/airflow/example_dags/plugins/workday.py took 0.197 seconds
[2026-04-29T09:22:29.760+0300] {processor.py:161} INFO - Started process (PID=29063) to work on /mnt/d/airflow/airflow_project/airflow_venv/lib/python3.12/site-packages/airflow/example_dags/plugins/workday.py
[2026-04-29T09:22:29.763+0300] {processor.py:830} INFO - Processing file /mnt/d/airflow/airflow_project/airflow_venv/lib/python3.12/site-packages/airflow/example_dags/plugins/workday.py for tasks to queue
[2026-04-29T09:22:29.768+0300] {logging_mixin.py:188} INFO - [2026-04-29T09:22:29.766+0300] {dagbag.py:545} INFO - Filling up the DagBag from /mnt/d/airflow/airflow_project/airflow_venv/lib/python3.12/site-packages/airflow/example_dags/plugins/workday.py
[2026-04-29T09:22:29.808+0300] {logging_mixin.py:188} INFO - [2026-04-29T09:22:29.807+0300] {workday.py:41} WARNING - Could not import pandas. Holidays will not be considered.
[2026-04-29T09:22:29.810+0300] {processor.py:842} WARNING - No viable dags retrieved from /mnt/d/airflow/airflow_project/airflow_venv/lib/python3.12/site-packages/airflow/example_dags/plugins/workday.py
[2026-04-29T09:22:29.842+0300] {processor.py:183} INFO - Processing /mnt/d/airflow/airflow_project/airflow_venv/lib/python3.12/site-packages/airflow/example_dags/plugins/workday.py took 0.108 seconds
[2026-04-29T09:23:28.888+0300] {processor.py:161} INFO - Started process (PID=29420) to work on /mnt/d/airflow/airflow_project/airflow_venv/lib/python3.12/site-packages/airflow/example_dags/plugins/workday.py
[2026-04-29T09:23:28.893+0300] {processor.py:830} INFO - Processing file /mnt/d/airflow/airflow_project/airflow_venv/lib/python3.12/site-packages/airflow/example_dags/plugins/workday.py for tasks to queue
[2026-04-29T09:23:28.900+0300] {logging_mixin.py:188} INFO - [2026-04-29T09:23:28.897+0300] {dagbag.py:545} INFO - Filling up the DagBag from /mnt/d/airflow/airflow_project/airflow_venv/lib/python3.12/site-packages/airflow/example_dags/plugins/workday.py
[2026-04-29T09:23:28.997+0300] {logging_mixin.py:188} INFO - [2026-04-29T09:23:28.994+0300] {workday.py:41} WARNING - Could not import pandas. Holidays will not be considered.
[2026-04-29T09:23:29.000+0300] {processor.py:842} WARNING - No viable dags retrieved from /mnt/d/airflow/airflow_project/airflow_venv/lib/python3.12/site-packages/airflow/example_dags/plugins/workday.py
[2026-04-29T09:23:29.050+0300] {processor.py:183} INFO - Processing /mnt/d/airflow/airflow_project/airflow_venv/lib/python3.12/site-packages/airflow/example_dags/plugins/workday.py took 0.192 seconds
[2026-04-29T09:24:36.469+0300] {processor.py:161} INFO - Started process (PID=29794) to work on /mnt/d/airflow/airflow_project/airflow_venv/lib/python3.12/site-packages/airflow/example_dags/plugins/workday.py
[2026-04-29T09:24:36.474+0300] {processor.py:830} INFO - Processing file /mnt/d/airflow/airflow_project/airflow_venv/lib/python3.12/site-packages/airflow/example_dags/plugins/workday.py for tasks to queue
[2026-04-29T09:24:36.483+0300] {logging_mixin.py:188} INFO - [2026-04-29T09:24:36.479+0300] {dagbag.py:545} INFO - Filling up the DagBag from /mnt/d/airflow/airflow_project/airflow_venv/lib/python3.12/site-packages/airflow/example_dags/plugins/workday.py
[2026-04-29T09:24:36.585+0300] {logging_mixin.py:188} INFO - [2026-04-29T09:24:36.582+0300] {workday.py:41} WARNING - Could not import pandas. Holidays will not be considered.
[2026-04-29T09:24:36.588+0300] {processor.py:842} WARNING - No viable dags retrieved from /mnt/d/airflow/airflow_project/airflow_venv/lib/python3.12/site-packages/airflow/example_dags/plugins/workday.py
[2026-04-29T09:24:36.645+0300] {processor.py:183} INFO - Processing /mnt/d/airflow/airflow_project/airflow_venv/lib/python3.12/site-packages/airflow/example_dags/plugins/workday.py took 0.206 seconds
[2026-04-29T09:25:49.686+0300] {processor.py:161} INFO - Started process (PID=30199) to work on /mnt/d/airflow/airflow_project/airflow_venv/lib/python3.12/site-packages/airflow/example_dags/plugins/workday.py
[2026-04-29T09:25:49.689+0300] {processor.py:830} INFO - Processing file /mnt/d/airflow/airflow_project/airflow_venv/lib/python3.12/site-packages/airflow/example_dags/plugins/workday.py for tasks to queue
[2026-04-29T09:25:49.695+0300] {logging_mixin.py:188} INFO - [2026-04-29T09:25:49.692+0300] {dagbag.py:545} INFO - Filling up the DagBag from /mnt/d/airflow/airflow_project/airflow_venv/lib/python3.12/site-packages/airflow/example_dags/plugins/workday.py
[2026-04-29T09:25:49.783+0300] {logging_mixin.py:188} INFO - [2026-04-29T09:25:49.780+0300] {workday.py:41} WARNING - Could not import pandas. Holidays will not be considered.
[2026-04-29T09:25:49.787+0300] {processor.py:842} WARNING - No viable dags retrieved from /mnt/d/airflow/airflow_project/airflow_venv/lib/python3.12/site-packages/airflow/example_dags/plugins/workday.py
[2026-04-29T09:25:49.844+0300] {processor.py:183} INFO - Processing /mnt/d/airflow/airflow_project/airflow_venv/lib/python3.12/site-packages/airflow/example_dags/plugins/workday.py took 0.183 seconds
[2026-04-29T09:27:01.305+0300] {processor.py:161} INFO - Started process (PID=30607) to work on /mnt/d/airflow/airflow_project/airflow_venv/lib/python3.12/site-packages/airflow/example_dags/plugins/workday.py
[2026-04-29T09:27:01.309+0300] {processor.py:830} INFO - Processing file /mnt/d/airflow/airflow_project/airflow_venv/lib/python3.12/site-packages/airflow/example_dags/plugins/workday.py for tasks to queue
[2026-04-29T09:27:01.316+0300] {logging_mixin.py:188} INFO - [2026-04-29T09:27:01.314+0300] {dagbag.py:545} INFO - Filling up the DagBag from /mnt/d/airflow/airflow_project/airflow_venv/lib/python3.12/site-packages/airflow/example_dags/plugins/workday.py
[2026-04-29T09:27:01.405+0300] {logging_mixin.py:188} INFO - [2026-04-29T09:27:01.403+0300] {workday.py:41} WARNING - Could not import pandas. Holidays will not be considered.
[2026-04-29T09:27:01.408+0300] {processor.py:842} WARNING - No viable dags retrieved from /mnt/d/airflow/airflow_project/airflow_venv/lib/python3.12/site-packages/airflow/example_dags/plugins/workday.py
[2026-04-29T09:27:01.465+0300] {processor.py:183} INFO - Processing /mnt/d/airflow/airflow_project/airflow_venv/lib/python3.12/site-packages/airflow/example_dags/plugins/workday.py took 0.196 seconds
[2026-04-29T09:28:16.820+0300] {processor.py:161} INFO - Started process (PID=31033) to work on /mnt/d/airflow/airflow_project/airflow_venv/lib/python3.12/site-packages/airflow/example_dags/plugins/workday.py
[2026-04-29T09:28:16.825+0300] {processor.py:830} INFO - Processing file /mnt/d/airflow/airflow_project/airflow_venv/lib/python3.12/site-packages/airflow/example_dags/plugins/workday.py for tasks to queue
[2026-04-29T09:28:16.834+0300] {logging_mixin.py:188} INFO - [2026-04-29T09:28:16.830+0300] {dagbag.py:545} INFO - Filling up the DagBag from /mnt/d/airflow/airflow_project/airflow_venv/lib/python3.12/site-packages/airflow/example_dags/plugins/workday.py
[2026-04-29T09:28:16.957+0300] {logging_mixin.py:188} INFO - [2026-04-29T09:28:16.954+0300] {workday.py:41} WARNING - Could not import pandas. Holidays will not be considered.
[2026-04-29T09:28:16.961+0300] {processor.py:842} WARNING - No viable dags retrieved from /mnt/d/airflow/airflow_project/airflow_venv/lib/python3.12/site-packages/airflow/example_dags/plugins/workday.py
[2026-04-29T09:28:17.023+0300] {processor.py:183} INFO - Processing /mnt/d/airflow/airflow_project/airflow_venv/lib/python3.12/site-packages/airflow/example_dags/plugins/workday.py took 0.230 seconds
[2026-04-29T09:29:37.190+0300] {processor.py:161} INFO - Started process (PID=31509) to work on /mnt/d/airflow/airflow_project/airflow_venv/lib/python3.12/site-packages/airflow/example_dags/plugins/workday.py
[2026-04-29T09:29:37.194+0300] {processor.py:830} INFO - Processing file /mnt/d/airflow/airflow_project/airflow_venv/lib/python3.12/site-packages/airflow/example_dags/plugins/workday.py for tasks to queue
[2026-04-29T09:29:37.201+0300] {logging_mixin.py:188} INFO - [2026-04-29T09:29:37.199+0300] {dagbag.py:545} INFO - Filling up the DagBag from /mnt/d/airflow/airflow_project/airflow_venv/lib/python3.12/site-packages/airflow/example_dags/plugins/workday.py
[2026-04-29T09:29:37.291+0300] {logging_mixin.py:188} INFO - [2026-04-29T09:29:37.288+0300] {workday.py:41} WARNING - Could not import pandas. Holidays will not be considered.
[2026-04-29T09:29:37.295+0300] {processor.py:842} WARNING - No viable dags retrieved from /mnt/d/airflow/airflow_project/airflow_venv/lib/python3.12/site-packages/airflow/example_dags/plugins/workday.py
[2026-04-29T09:29:37.351+0300] {processor.py:183} INFO - Processing /mnt/d/airflow/airflow_project/airflow_venv/lib/python3.12/site-packages/airflow/example_dags/plugins/workday.py took 0.204 seconds
[2026-04-29T09:31:09.437+0300] {processor.py:161} INFO - Started process (PID=32064) to work on /mnt/d/airflow/airflow_project/airflow_venv/lib/python3.12/site-packages/airflow/example_dags/plugins/workday.py
[2026-04-29T09:31:09.440+0300] {processor.py:830} INFO - Processing file /mnt/d/airflow/airflow_project/airflow_venv/lib/python3.12/site-packages/airflow/example_dags/plugins/workday.py for tasks to queue
[2026-04-29T09:31:09.444+0300] {logging_mixin.py:188} INFO - [2026-04-29T09:31:09.442+0300] {dagbag.py:545} INFO - Filling up the DagBag from /mnt/d/airflow/airflow_project/airflow_venv/lib/python3.12/site-packages/airflow/example_dags/plugins/workday.py
[2026-04-29T09:31:09.516+0300] {logging_mixin.py:188} INFO - [2026-04-29T09:31:09.515+0300] {workday.py:41} WARNING - Could not import pandas. Holidays will not be considered.
[2026-04-29T09:31:09.518+0300] {processor.py:842} WARNING - No viable dags retrieved from /mnt/d/airflow/airflow_project/airflow_venv/lib/python3.12/site-packages/airflow/example_dags/plugins/workday.py
[2026-04-29T09:31:09.589+0300] {processor.py:183} INFO - Processing /mnt/d/airflow/airflow_project/airflow_venv/lib/python3.12/site-packages/airflow/example_dags/plugins/workday.py took 0.193 seconds
[2026-04-29T09:32:15.058+0300] {processor.py:161} INFO - Started process (PID=32450) to work on /mnt/d/airflow/airflow_project/airflow_venv/lib/python3.12/site-packages/airflow/example_dags/plugins/workday.py
[2026-04-29T09:32:15.062+0300] {processor.py:830} INFO - Processing file /mnt/d/airflow/airflow_project/airflow_venv/lib/python3.12/site-packages/airflow/example_dags/plugins/workday.py for tasks to queue
[2026-04-29T09:32:15.069+0300] {logging_mixin.py:188} INFO - [2026-04-29T09:32:15.066+0300] {dagbag.py:545} INFO - Filling up the DagBag from /mnt/d/airflow/airflow_project/airflow_venv/lib/python3.12/site-packages/airflow/example_dags/plugins/workday.py
[2026-04-29T09:32:15.178+0300] {logging_mixin.py:188} INFO - [2026-04-29T09:32:15.175+0300] {workday.py:41} WARNING - Could not import pandas. Holidays will not be considered.
[2026-04-29T09:32:15.182+0300] {processor.py:842} WARNING - No viable dags retrieved from /mnt/d/airflow/airflow_project/airflow_venv/lib/python3.12/site-packages/airflow/example_dags/plugins/workday.py
[2026-04-29T09:32:15.237+0300] {processor.py:183} INFO - Processing /mnt/d/airflow/airflow_project/airflow_venv/lib/python3.12/site-packages/airflow/example_dags/plugins/workday.py took 0.214 seconds
[2026-04-29T09:33:26.813+0300] {processor.py:161} INFO - Started process (PID=32883) to work on /mnt/d/airflow/airflow_project/airflow_venv/lib/python3.12/site-packages/airflow/example_dags/plugins/workday.py
[2026-04-29T09:33:26.815+0300] {processor.py:830} INFO - Processing file /mnt/d/airflow/airflow_project/airflow_venv/lib/python3.12/site-packages/airflow/example_dags/plugins/workday.py for tasks to queue
[2026-04-29T09:33:26.821+0300] {logging_mixin.py:188} INFO - [2026-04-29T09:33:26.818+0300] {dagbag.py:545} INFO - Filling up the DagBag from /mnt/d/airflow/airflow_project/airflow_venv/lib/python3.12/site-packages/airflow/example_dags/plugins/workday.py
[2026-04-29T09:33:26.903+0300] {logging_mixin.py:188} INFO - [2026-04-29T09:33:26.900+0300] {workday.py:41} WARNING - Could not import pandas. Holidays will not be considered.
[2026-04-29T09:33:26.906+0300] {processor.py:842} WARNING - No viable dags retrieved from /mnt/d/airflow/airflow_project/airflow_venv/lib/python3.12/site-packages/airflow/example_dags/plugins/workday.py
[2026-04-29T09:33:26.946+0300] {processor.py:183} INFO - Processing /mnt/d/airflow/airflow_project/airflow_venv/lib/python3.12/site-packages/airflow/example_dags/plugins/workday.py took 0.156 seconds
[2026-04-29T09:34:38.364+0300] {processor.py:161} INFO - Started process (PID=33282) to work on /mnt/d/airflow/airflow_project/airflow_venv/lib/python3.12/site-packages/airflow/example_dags/plugins/workday.py
[2026-04-29T09:34:38.366+0300] {processor.py:830} INFO - Processing file /mnt/d/airflow/airflow_project/airflow_venv/lib/python3.12/site-packages/airflow/example_dags/plugins/workday.py for tasks to queue
[2026-04-29T09:34:38.370+0300] {logging_mixin.py:188} INFO - [2026-04-29T09:34:38.369+0300] {dagbag.py:545} INFO - Filling up the DagBag from /mnt/d/airflow/airflow_project/airflow_venv/lib/python3.12/site-packages/airflow/example_dags/plugins/workday.py
[2026-04-29T09:34:38.469+0300] {logging_mixin.py:188} INFO - [2026-04-29T09:34:38.463+0300] {workday.py:41} WARNING - Could not import pandas. Holidays will not be considered.
[2026-04-29T09:34:38.473+0300] {processor.py:842} WARNING - No viable dags retrieved from /mnt/d/airflow/airflow_project/airflow_venv/lib/python3.12/site-packages/airflow/example_dags/plugins/workday.py
[2026-04-29T09:34:38.575+0300] {processor.py:183} INFO - Processing /mnt/d/airflow/airflow_project/airflow_venv/lib/python3.12/site-packages/airflow/example_dags/plugins/workday.py took 0.227 seconds
[2026-04-29T09:35:46.294+0300] {processor.py:161} INFO - Started process (PID=33714) to work on /mnt/d/airflow/airflow_project/airflow_venv/lib/python3.12/site-packages/airflow/example_dags/plugins/workday.py
[2026-04-29T09:35:46.300+0300] {processor.py:830} INFO - Processing file /mnt/d/airflow/airflow_project/airflow_venv/lib/python3.12/site-packages/airflow/example_dags/plugins/workday.py for tasks to queue
[2026-04-29T09:35:46.307+0300] {logging_mixin.py:188} INFO - [2026-04-29T09:35:46.304+0300] {dagbag.py:545} INFO - Filling up the DagBag from /mnt/d/airflow/airflow_project/airflow_venv/lib/python3.12/site-packages/airflow/example_dags/plugins/workday.py
[2026-04-29T09:35:46.390+0300] {logging_mixin.py:188} INFO - [2026-04-29T09:35:46.388+0300] {workday.py:41} WARNING - Could not import pandas. Holidays will not be considered.
[2026-04-29T09:35:46.393+0300] {processor.py:842} WARNING - No viable dags retrieved from /mnt/d/airflow/airflow_project/airflow_venv/lib/python3.12/site-packages/airflow/example_dags/plugins/workday.py
[2026-04-29T09:35:46.441+0300] {processor.py:183} INFO - Processing /mnt/d/airflow/airflow_project/airflow_venv/lib/python3.12/site-packages/airflow/example_dags/plugins/workday.py took 0.175 seconds
[2026-04-29T09:36:45.683+0300] {processor.py:161} INFO - Started process (PID=34049) to work on /mnt/d/airflow/airflow_project/airflow_venv/lib/python3.12/site-packages/airflow/example_dags/plugins/workday.py
[2026-04-29T09:36:45.688+0300] {processor.py:830} INFO - Processing file /mnt/d/airflow/airflow_project/airflow_venv/lib/python3.12/site-packages/airflow/example_dags/plugins/workday.py for tasks to queue
[2026-04-29T09:36:45.700+0300] {logging_mixin.py:188} INFO - [2026-04-29T09:36:45.695+0300] {dagbag.py:545} INFO - Filling up the DagBag from /mnt/d/airflow/airflow_project/airflow_venv/lib/python3.12/site-packages/airflow/example_dags/plugins/workday.py
[2026-04-29T09:36:45.814+0300] {logging_mixin.py:188} INFO - [2026-04-29T09:36:45.810+0300] {workday.py:41} WARNING - Could not import pandas. Holidays will not be considered.
[2026-04-29T09:36:45.819+0300] {processor.py:842} WARNING - No viable dags retrieved from /mnt/d/airflow/airflow_project/airflow_venv/lib/python3.12/site-packages/airflow/example_dags/plugins/workday.py
[2026-04-29T09:36:45.873+0300] {processor.py:183} INFO - Processing /mnt/d/airflow/airflow_project/airflow_venv/lib/python3.12/site-packages/airflow/example_dags/plugins/workday.py took 0.224 seconds
[2026-04-29T09:37:42.803+0300] {processor.py:161} INFO - Started process (PID=34412) to work on /mnt/d/airflow/airflow_project/airflow_venv/lib/python3.12/site-packages/airflow/example_dags/plugins/workday.py
[2026-04-29T09:37:42.807+0300] {processor.py:830} INFO - Processing file /mnt/d/airflow/airflow_project/airflow_venv/lib/python3.12/site-packages/airflow/example_dags/plugins/workday.py for tasks to queue
[2026-04-29T09:37:42.816+0300] {logging_mixin.py:188} INFO - [2026-04-29T09:37:42.812+0300] {dagbag.py:545} INFO - Filling up the DagBag from /mnt/d/airflow/airflow_project/airflow_venv/lib/python3.12/site-packages/airflow/example_dags/plugins/workday.py
[2026-04-29T09:37:42.896+0300] {logging_mixin.py:188} INFO - [2026-04-29T09:37:42.892+0300] {workday.py:41} WARNING - Could not import pandas. Holidays will not be considered.
[2026-04-29T09:37:42.900+0300] {processor.py:842} WARNING - No viable dags retrieved from /mnt/d/airflow/airflow_project/airflow_venv/lib/python3.12/site-packages/airflow/example_dags/plugins/workday.py
[2026-04-29T09:37:42.945+0300] {processor.py:183} INFO - Processing /mnt/d/airflow/airflow_project/airflow_venv/lib/python3.12/site-packages/airflow/example_dags/plugins/workday.py took 0.182 seconds
[2026-04-29T09:38:50.253+0300] {processor.py:161} INFO - Started process (PID=34836) to work on /mnt/d/airflow/airflow_project/airflow_venv/lib/python3.12/site-packages/airflow/example_dags/plugins/workday.py
[2026-04-29T09:38:50.258+0300] {processor.py:830} INFO - Processing file /mnt/d/airflow/airflow_project/airflow_venv/lib/python3.12/site-packages/airflow/example_dags/plugins/workday.py for tasks to queue
[2026-04-29T09:38:50.267+0300] {logging_mixin.py:188} INFO - [2026-04-29T09:38:50.264+0300] {dagbag.py:545} INFO - Filling up the DagBag from /mnt/d/airflow/airflow_project/airflow_venv/lib/python3.12/site-packages/airflow/example_dags/plugins/workday.py
[2026-04-29T09:38:50.374+0300] {logging_mixin.py:188} INFO - [2026-04-29T09:38:50.372+0300] {workday.py:41} WARNING - Could not import pandas. Holidays will not be considered.
[2026-04-29T09:38:50.379+0300] {processor.py:842} WARNING - No viable dags retrieved from /mnt/d/airflow/airflow_project/airflow_venv/lib/python3.12/site-packages/airflow/example_dags/plugins/workday.py
[2026-04-29T09:38:50.425+0300] {processor.py:183} INFO - Processing /mnt/d/airflow/airflow_project/airflow_venv/lib/python3.12/site-packages/airflow/example_dags/plugins/workday.py took 0.207 seconds
[2026-04-29T09:39:55.917+0300] {processor.py:161} INFO - Started process (PID=35217) to work on /mnt/d/airflow/airflow_project/airflow_venv/lib/python3.12/site-packages/airflow/example_dags/plugins/workday.py
[2026-04-29T09:39:55.923+0300] {processor.py:830} INFO - Processing file /mnt/d/airflow/airflow_project/airflow_venv/lib/python3.12/site-packages/airflow/example_dags/plugins/workday.py for tasks to queue
[2026-04-29T09:39:55.932+0300] {logging_mixin.py:188} INFO - [2026-04-29T09:39:55.929+0300] {dagbag.py:545} INFO - Filling up the DagBag from /mnt/d/airflow/airflow_project/airflow_venv/lib/python3.12/site-packages/airflow/example_dags/plugins/workday.py
[2026-04-29T09:39:56.035+0300] {logging_mixin.py:188} INFO - [2026-04-29T09:39:56.033+0300] {workday.py:41} WARNING - Could not import pandas. Holidays will not be considered.
[2026-04-29T09:39:56.039+0300] {processor.py:842} WARNING - No viable dags retrieved from /mnt/d/airflow/airflow_project/airflow_venv/lib/python3.12/site-packages/airflow/example_dags/plugins/workday.py
[2026-04-29T09:39:56.103+0300] {processor.py:183} INFO - Processing /mnt/d/airflow/airflow_project/airflow_venv/lib/python3.12/site-packages/airflow/example_dags/plugins/workday.py took 0.222 seconds
[2026-04-29T09:40:53.197+0300] {processor.py:161} INFO - Started process (PID=35546) to work on /mnt/d/airflow/airflow_project/airflow_venv/lib/python3.12/site-packages/airflow/example_dags/plugins/workday.py
[2026-04-29T09:40:53.200+0300] {processor.py:830} INFO - Processing file /mnt/d/airflow/airflow_project/airflow_venv/lib/python3.12/site-packages/airflow/example_dags/plugins/workday.py for tasks to queue
[2026-04-29T09:40:53.204+0300] {logging_mixin.py:188} INFO - [2026-04-29T09:40:53.203+0300] {dagbag.py:545} INFO - Filling up the DagBag from /mnt/d/airflow/airflow_project/airflow_venv/lib/python3.12/site-packages/airflow/example_dags/plugins/workday.py
[2026-04-29T09:40:53.242+0300] {logging_mixin.py:188} INFO - [2026-04-29T09:40:53.240+0300] {workday.py:41} WARNING - Could not import pandas. Holidays will not be considered.
[2026-04-29T09:40:53.245+0300] {processor.py:842} WARNING - No viable dags retrieved from /mnt/d/airflow/airflow_project/airflow_venv/lib/python3.12/site-packages/airflow/example_dags/plugins/workday.py
[2026-04-29T09:40:53.275+0300] {processor.py:183} INFO - Processing /mnt/d/airflow/airflow_project/airflow_venv/lib/python3.12/site-packages/airflow/example_dags/plugins/workday.py took 0.095 seconds
[2026-04-29T09:41:54.111+0300] {processor.py:161} INFO - Started process (PID=35891) to work on /mnt/d/airflow/airflow_project/airflow_venv/lib/python3.12/site-packages/airflow/example_dags/plugins/workday.py
[2026-04-29T09:41:54.114+0300] {processor.py:830} INFO - Processing file /mnt/d/airflow/airflow_project/airflow_venv/lib/python3.12/site-packages/airflow/example_dags/plugins/workday.py for tasks to queue
[2026-04-29T09:41:54.120+0300] {logging_mixin.py:188} INFO - [2026-04-29T09:41:54.118+0300] {dagbag.py:545} INFO - Filling up the DagBag from /mnt/d/airflow/airflow_project/airflow_venv/lib/python3.12/site-packages/airflow/example_dags/plugins/workday.py
[2026-04-29T09:41:54.225+0300] {logging_mixin.py:188} INFO - [2026-04-29T09:41:54.223+0300] {workday.py:41} WARNING - Could not import pandas. Holidays will not be considered.
[2026-04-29T09:41:54.228+0300] {processor.py:842} WARNING - No viable dags retrieved from /mnt/d/airflow/airflow_project/airflow_venv/lib/python3.12/site-packages/airflow/example_dags/plugins/workday.py
[2026-04-29T09:41:54.277+0300] {processor.py:183} INFO - Processing /mnt/d/airflow/airflow_project/airflow_venv/lib/python3.12/site-packages/airflow/example_dags/plugins/workday.py took 0.188 seconds
[2026-04-29T09:43:04.291+0300] {processor.py:161} INFO - Started process (PID=36314) to work on /mnt/d/airflow/airflow_project/airflow_venv/lib/python3.12/site-packages/airflow/example_dags/plugins/workday.py
[2026-04-29T09:43:04.295+0300] {processor.py:830} INFO - Processing file /mnt/d/airflow/airflow_project/airflow_venv/lib/python3.12/site-packages/airflow/example_dags/plugins/workday.py for tasks to queue
[2026-04-29T09:43:04.302+0300] {logging_mixin.py:188} INFO - [2026-04-29T09:43:04.300+0300] {dagbag.py:545} INFO - Filling up the DagBag from /mnt/d/airflow/airflow_project/airflow_venv/lib/python3.12/site-packages/airflow/example_dags/plugins/workday.py
[2026-04-29T09:43:04.362+0300] {logging_mixin.py:188} INFO - [2026-04-29T09:43:04.360+0300] {workday.py:41} WARNING - Could not import pandas. Holidays will not be considered.
[2026-04-29T09:43:04.364+0300] {processor.py:842} WARNING - No viable dags retrieved from /mnt/d/airflow/airflow_project/airflow_venv/lib/python3.12/site-packages/airflow/example_dags/plugins/workday.py
[2026-04-29T09:43:04.411+0300] {processor.py:183} INFO - Processing /mnt/d/airflow/airflow_project/airflow_venv/lib/python3.12/site-packages/airflow/example_dags/plugins/workday.py took 0.147 seconds
[2026-04-29T09:44:10.120+0300] {processor.py:161} INFO - Started process (PID=36701) to work on /mnt/d/airflow/airflow_project/airflow_venv/lib/python3.12/site-packages/airflow/example_dags/plugins/workday.py
[2026-04-29T09:44:10.124+0300] {processor.py:830} INFO - Processing file /mnt/d/airflow/airflow_project/airflow_venv/lib/python3.12/site-packages/airflow/example_dags/plugins/workday.py for tasks to queue
[2026-04-29T09:44:10.134+0300] {logging_mixin.py:188} INFO - [2026-04-29T09:44:10.130+0300] {dagbag.py:545} INFO - Filling up the DagBag from /mnt/d/airflow/airflow_project/airflow_venv/lib/python3.12/site-packages/airflow/example_dags/plugins/workday.py
[2026-04-29T09:44:10.192+0300] {logging_mixin.py:188} INFO - [2026-04-29T09:44:10.190+0300] {workday.py:41} WARNING - Could not import pandas. Holidays will not be considered.
[2026-04-29T09:44:10.194+0300] {processor.py:842} WARNING - No viable dags retrieved from /mnt/d/airflow/airflow_project/airflow_venv/lib/python3.12/site-packages/airflow/example_dags/plugins/workday.py
[2026-04-29T09:44:10.231+0300] {processor.py:183} INFO - Processing /mnt/d/airflow/airflow_project/airflow_venv/lib/python3.12/site-packages/airflow/example_dags/plugins/workday.py took 0.147 seconds
[2026-04-29T09:46:02.938+0300] {processor.py:161} INFO - Started process (PID=37332) to work on /mnt/d/airflow/airflow_project/airflow_venv/lib/python3.12/site-packages/airflow/example_dags/plugins/workday.py
[2026-04-29T09:46:02.942+0300] {processor.py:830} INFO - Processing file /mnt/d/airflow/airflow_project/airflow_venv/lib/python3.12/site-packages/airflow/example_dags/plugins/workday.py for tasks to queue
[2026-04-29T09:46:02.949+0300] {logging_mixin.py:188} INFO - [2026-04-29T09:46:02.945+0300] {dagbag.py:545} INFO - Filling up the DagBag from /mnt/d/airflow/airflow_project/airflow_venv/lib/python3.12/site-packages/airflow/example_dags/plugins/workday.py
[2026-04-29T09:46:03.016+0300] {logging_mixin.py:188} INFO - [2026-04-29T09:46:03.015+0300] {workday.py:41} WARNING - Could not import pandas. Holidays will not be considered.
[2026-04-29T09:46:03.018+0300] {processor.py:842} WARNING - No viable dags retrieved from /mnt/d/airflow/airflow_project/airflow_venv/lib/python3.12/site-packages/airflow/example_dags/plugins/workday.py
[2026-04-29T09:46:03.049+0300] {processor.py:183} INFO - Processing /mnt/d/airflow/airflow_project/airflow_venv/lib/python3.12/site-packages/airflow/example_dags/plugins/workday.py took 0.143 seconds
[2026-04-29T09:47:44.884+0300] {processor.py:161} INFO - Started process (PID=37908) to work on /mnt/d/airflow/airflow_project/airflow_venv/lib/python3.12/site-packages/airflow/example_dags/plugins/workday.py
[2026-04-29T09:47:44.886+0300] {processor.py:830} INFO - Processing file /mnt/d/airflow/airflow_project/airflow_venv/lib/python3.12/site-packages/airflow/example_dags/plugins/workday.py for tasks to queue
[2026-04-29T09:47:44.892+0300] {logging_mixin.py:188} INFO - [2026-04-29T09:47:44.889+0300] {dagbag.py:545} INFO - Filling up the DagBag from /mnt/d/airflow/airflow_project/airflow_venv/lib/python3.12/site-packages/airflow/example_dags/plugins/workday.py
[2026-04-29T09:47:44.930+0300] {logging_mixin.py:188} INFO - [2026-04-29T09:47:44.928+0300] {workday.py:41} WARNING - Could not import pandas. Holidays will not be considered.
[2026-04-29T09:47:44.931+0300] {processor.py:842} WARNING - No viable dags retrieved from /mnt/d/airflow/airflow_project/airflow_venv/lib/python3.12/site-packages/airflow/example_dags/plugins/workday.py
[2026-04-29T09:47:45.661+0300] {processor.py:183} INFO - Processing /mnt/d/airflow/airflow_project/airflow_venv/lib/python3.12/site-packages/airflow/example_dags/plugins/workday.py took 0.096 seconds
[2026-04-29T09:49:01.307+0300] {processor.py:161} INFO - Started process (PID=38335) to work on /mnt/d/airflow/airflow_project/airflow_venv/lib/python3.12/site-packages/airflow/example_dags/plugins/workday.py
[2026-04-29T09:49:01.310+0300] {processor.py:830} INFO - Processing file /mnt/d/airflow/airflow_project/airflow_venv/lib/python3.12/site-packages/airflow/example_dags/plugins/workday.py for tasks to queue
[2026-04-29T09:49:01.318+0300] {logging_mixin.py:188} INFO - [2026-04-29T09:49:01.316+0300] {dagbag.py:545} INFO - Filling up the DagBag from /mnt/d/airflow/airflow_project/airflow_venv/lib/python3.12/site-packages/airflow/example_dags/plugins/workday.py
[2026-04-29T09:49:01.382+0300] {logging_mixin.py:188} INFO - [2026-04-29T09:49:01.379+0300] {workday.py:41} WARNING - Could not import pandas. Holidays will not be considered.
[2026-04-29T09:49:01.384+0300] {processor.py:842} WARNING - No viable dags retrieved from /mnt/d/airflow/airflow_project/airflow_venv/lib/python3.12/site-packages/airflow/example_dags/plugins/workday.py
[2026-04-29T09:49:01.415+0300] {processor.py:183} INFO - Processing /mnt/d/airflow/airflow_project/airflow_venv/lib/python3.12/site-packages/airflow/example_dags/plugins/workday.py took 0.137 seconds
[2026-04-29T09:50:08.973+0300] {processor.py:161} INFO - Started process (PID=38720) to work on /mnt/d/airflow/airflow_project/airflow_venv/lib/python3.12/site-packages/airflow/example_dags/plugins/workday.py
[2026-04-29T09:50:08.977+0300] {processor.py:830} INFO - Processing file /mnt/d/airflow/airflow_project/airflow_venv/lib/python3.12/site-packages/airflow/example_dags/plugins/workday.py for tasks to queue
[2026-04-29T09:50:08.984+0300] {logging_mixin.py:188} INFO - [2026-04-29T09:50:08.981+0300] {dagbag.py:545} INFO - Filling up the DagBag from /mnt/d/airflow/airflow_project/airflow_venv/lib/python3.12/site-packages/airflow/example_dags/plugins/workday.py
[2026-04-29T09:50:09.075+0300] {logging_mixin.py:188} INFO - [2026-04-29T09:50:09.069+0300] {workday.py:41} WARNING - Could not import pandas. Holidays will not be considered.
[2026-04-29T09:50:09.079+0300] {processor.py:842} WARNING - No viable dags retrieved from /mnt/d/airflow/airflow_project/airflow_venv/lib/python3.12/site-packages/airflow/example_dags/plugins/workday.py
[2026-04-29T09:50:09.114+0300] {processor.py:183} INFO - Processing /mnt/d/airflow/airflow_project/airflow_venv/lib/python3.12/site-packages/airflow/example_dags/plugins/workday.py took 0.170 seconds
[2026-04-29T09:51:19.608+0300] {processor.py:161} INFO - Started process (PID=39134) to work on /mnt/d/airflow/airflow_project/airflow_venv/lib/python3.12/site-packages/airflow/example_dags/plugins/workday.py
[2026-04-29T09:51:19.612+0300] {processor.py:830} INFO - Processing file /mnt/d/airflow/airflow_project/airflow_venv/lib/python3.12/site-packages/airflow/example_dags/plugins/workday.py for tasks to queue
[2026-04-29T09:51:19.618+0300] {logging_mixin.py:188} INFO - [2026-04-29T09:51:19.616+0300] {dagbag.py:545} INFO - Filling up the DagBag from /mnt/d/airflow/airflow_project/airflow_venv/lib/python3.12/site-packages/airflow/example_dags/plugins/workday.py
[2026-04-29T09:51:19.672+0300] {logging_mixin.py:188} INFO - [2026-04-29T09:51:19.671+0300] {workday.py:41} WARNING - Could not import pandas. Holidays will not be considered.
[2026-04-29T09:51:19.674+0300] {processor.py:842} WARNING - No viable dags retrieved from /mnt/d/airflow/airflow_project/airflow_venv/lib/python3.12/site-packages/airflow/example_dags/plugins/workday.py
[2026-04-29T09:51:19.710+0300] {processor.py:183} INFO - Processing /mnt/d/airflow/airflow_project/airflow_venv/lib/python3.12/site-packages/airflow/example_dags/plugins/workday.py took 0.126 seconds
[2026-04-29T09:53:18.442+0300] {processor.py:161} INFO - Started process (PID=39783) to work on /mnt/d/airflow/airflow_project/airflow_venv/lib/python3.12/site-packages/airflow/example_dags/plugins/workday.py
[2026-04-29T09:53:18.446+0300] {processor.py:830} INFO - Processing file /mnt/d/airflow/airflow_project/airflow_venv/lib/python3.12/site-packages/airflow/example_dags/plugins/workday.py for tasks to queue
[2026-04-29T09:53:18.453+0300] {logging_mixin.py:188} INFO - [2026-04-29T09:53:18.451+0300] {dagbag.py:545} INFO - Filling up the DagBag from /mnt/d/airflow/airflow_project/airflow_venv/lib/python3.12/site-packages/airflow/example_dags/plugins/workday.py
[2026-04-29T09:53:18.523+0300] {logging_mixin.py:188} INFO - [2026-04-29T09:53:18.520+0300] {workday.py:41} WARNING - Could not import pandas. Holidays will not be considered.
[2026-04-29T09:53:18.527+0300] {processor.py:842} WARNING - No viable dags retrieved from /mnt/d/airflow/airflow_project/airflow_venv/lib/python3.12/site-packages/airflow/example_dags/plugins/workday.py
[2026-04-29T09:53:18.575+0300] {processor.py:183} INFO - Processing /mnt/d/airflow/airflow_project/airflow_venv/lib/python3.12/site-packages/airflow/example_dags/plugins/workday.py took 0.159 seconds
[2026-04-29T09:55:27.520+0300] {processor.py:161} INFO - Started process (PID=40522) to work on /mnt/d/airflow/airflow_project/airflow_venv/lib/python3.12/site-packages/airflow/example_dags/plugins/workday.py
[2026-04-29T09:55:27.522+0300] {processor.py:830} INFO - Processing file /mnt/d/airflow/airflow_project/airflow_venv/lib/python3.12/site-packages/airflow/example_dags/plugins/workday.py for tasks to queue
[2026-04-29T09:55:27.525+0300] {logging_mixin.py:188} INFO - [2026-04-29T09:55:27.524+0300] {dagbag.py:545} INFO - Filling up the DagBag from /mnt/d/airflow/airflow_project/airflow_venv/lib/python3.12/site-packages/airflow/example_dags/plugins/workday.py
[2026-04-29T09:55:27.569+0300] {logging_mixin.py:188} INFO - [2026-04-29T09:55:27.568+0300] {workday.py:41} WARNING - Could not import pandas. Holidays will not be considered.
[2026-04-29T09:55:27.571+0300] {processor.py:842} WARNING - No viable dags retrieved from /mnt/d/airflow/airflow_project/airflow_venv/lib/python3.12/site-packages/airflow/example_dags/plugins/workday.py
[2026-04-29T09:55:27.602+0300] {processor.py:183} INFO - Processing /mnt/d/airflow/airflow_project/airflow_venv/lib/python3.12/site-packages/airflow/example_dags/plugins/workday.py took 0.100 seconds
[2026-04-29T09:57:33.042+0300] {processor.py:161} INFO - Started process (PID=41274) to work on /mnt/d/airflow/airflow_project/airflow_venv/lib/python3.12/site-packages/airflow/example_dags/plugins/workday.py
[2026-04-29T09:57:33.044+0300] {processor.py:830} INFO - Processing file /mnt/d/airflow/airflow_project/airflow_venv/lib/python3.12/site-packages/airflow/example_dags/plugins/workday.py for tasks to queue
[2026-04-29T09:57:33.049+0300] {logging_mixin.py:188} INFO - [2026-04-29T09:57:33.047+0300] {dagbag.py:545} INFO - Filling up the DagBag from /mnt/d/airflow/airflow_project/airflow_venv/lib/python3.12/site-packages/airflow/example_dags/plugins/workday.py
[2026-04-29T09:57:33.103+0300] {logging_mixin.py:188} INFO - [2026-04-29T09:57:33.102+0300] {workday.py:41} WARNING - Could not import pandas. Holidays will not be considered.
[2026-04-29T09:57:33.105+0300] {processor.py:842} WARNING - No viable dags retrieved from /mnt/d/airflow/airflow_project/airflow_venv/lib/python3.12/site-packages/airflow/example_dags/plugins/workday.py
[2026-04-29T09:57:33.136+0300] {processor.py:183} INFO - Processing /mnt/d/airflow/airflow_project/airflow_venv/lib/python3.12/site-packages/airflow/example_dags/plugins/workday.py took 0.111 seconds
[2026-04-29T10:00:04.919+0300] {processor.py:161} INFO - Started process (PID=42108) to work on /mnt/d/airflow/airflow_project/airflow_venv/lib/python3.12/site-packages/airflow/example_dags/plugins/workday.py
[2026-04-29T10:00:04.922+0300] {processor.py:830} INFO - Processing file /mnt/d/airflow/airflow_project/airflow_venv/lib/python3.12/site-packages/airflow/example_dags/plugins/workday.py for tasks to queue
[2026-04-29T10:00:04.927+0300] {logging_mixin.py:188} INFO - [2026-04-29T10:00:04.925+0300] {dagbag.py:545} INFO - Filling up the DagBag from /mnt/d/airflow/airflow_project/airflow_venv/lib/python3.12/site-packages/airflow/example_dags/plugins/workday.py
[2026-04-29T10:00:04.973+0300] {logging_mixin.py:188} INFO - [2026-04-29T10:00:04.971+0300] {workday.py:41} WARNING - Could not import pandas. Holidays will not be considered.
[2026-04-29T10:00:04.975+0300] {processor.py:842} WARNING - No viable dags retrieved from /mnt/d/airflow/airflow_project/airflow_venv/lib/python3.12/site-packages/airflow/example_dags/plugins/workday.py
[2026-04-29T10:00:05.005+0300] {processor.py:183} INFO - Processing /mnt/d/airflow/airflow_project/airflow_venv/lib/python3.12/site-packages/airflow/example_dags/plugins/workday.py took 0.104 seconds
[2026-04-29T10:01:47.467+0300] {processor.py:161} INFO - Started process (PID=42672) to work on /mnt/d/airflow/airflow_project/airflow_venv/lib/python3.12/site-packages/airflow/example_dags/plugins/workday.py
[2026-04-29T10:01:47.471+0300] {processor.py:830} INFO - Processing file /mnt/d/airflow/airflow_project/airflow_venv/lib/python3.12/site-packages/airflow/example_dags/plugins/workday.py for tasks to queue
[2026-04-29T10:01:47.478+0300] {logging_mixin.py:188} INFO - [2026-04-29T10:01:47.475+0300] {dagbag.py:545} INFO - Filling up the DagBag from /mnt/d/airflow/airflow_project/airflow_venv/lib/python3.12/site-packages/airflow/example_dags/plugins/workday.py
[2026-04-29T10:01:47.579+0300] {logging_mixin.py:188} INFO - [2026-04-29T10:01:47.576+0300] {workday.py:41} WARNING - Could not import pandas. Holidays will not be considered.
[2026-04-29T10:01:47.583+0300] {processor.py:842} WARNING - No viable dags retrieved from /mnt/d/airflow/airflow_project/airflow_venv/lib/python3.12/site-packages/airflow/example_dags/plugins/workday.py
[2026-04-29T10:01:47.640+0300] {processor.py:183} INFO - Processing /mnt/d/airflow/airflow_project/airflow_venv/lib/python3.12/site-packages/airflow/example_dags/plugins/workday.py took 0.206 seconds
[2026-04-29T10:04:02.507+0300] {processor.py:161} INFO - Started process (PID=43425) to work on /mnt/d/airflow/airflow_project/airflow_venv/lib/python3.12/site-packages/airflow/example_dags/plugins/workday.py
[2026-04-29T10:04:02.510+0300] {processor.py:830} INFO - Processing file /mnt/d/airflow/airflow_project/airflow_venv/lib/python3.12/site-packages/airflow/example_dags/plugins/workday.py for tasks to queue
[2026-04-29T10:04:02.516+0300] {logging_mixin.py:188} INFO - [2026-04-29T10:04:02.514+0300] {dagbag.py:545} INFO - Filling up the DagBag from /mnt/d/airflow/airflow_project/airflow_venv/lib/python3.12/site-packages/airflow/example_dags/plugins/workday.py
[2026-04-29T10:04:02.584+0300] {logging_mixin.py:188} INFO - [2026-04-29T10:04:02.581+0300] {workday.py:41} WARNING - Could not import pandas. Holidays will not be considered.
[2026-04-29T10:04:02.588+0300] {processor.py:842} WARNING - No viable dags retrieved from /mnt/d/airflow/airflow_project/airflow_venv/lib/python3.12/site-packages/airflow/example_dags/plugins/workday.py
[2026-04-29T10:04:02.643+0300] {processor.py:183} INFO - Processing /mnt/d/airflow/airflow_project/airflow_venv/lib/python3.12/site-packages/airflow/example_dags/plugins/workday.py took 0.163 seconds
[2026-04-29T10:05:08.398+0300] {processor.py:161} INFO - Started process (PID=43815) to work on /mnt/d/airflow/airflow_project/airflow_venv/lib/python3.12/site-packages/airflow/example_dags/plugins/workday.py
[2026-04-29T10:05:08.402+0300] {processor.py:830} INFO - Processing file /mnt/d/airflow/airflow_project/airflow_venv/lib/python3.12/site-packages/airflow/example_dags/plugins/workday.py for tasks to queue
[2026-04-29T10:05:08.410+0300] {logging_mixin.py:188} INFO - [2026-04-29T10:05:08.407+0300] {dagbag.py:545} INFO - Filling up the DagBag from /mnt/d/airflow/airflow_project/airflow_venv/lib/python3.12/site-packages/airflow/example_dags/plugins/workday.py
[2026-04-29T10:05:08.492+0300] {logging_mixin.py:188} INFO - [2026-04-29T10:05:08.489+0300] {workday.py:41} WARNING - Could not import pandas. Holidays will not be considered.
[2026-04-29T10:05:08.495+0300] {processor.py:842} WARNING - No viable dags retrieved from /mnt/d/airflow/airflow_project/airflow_venv/lib/python3.12/site-packages/airflow/example_dags/plugins/workday.py
[2026-04-29T10:05:08.547+0300] {processor.py:183} INFO - Processing /mnt/d/airflow/airflow_project/airflow_venv/lib/python3.12/site-packages/airflow/example_dags/plugins/workday.py took 0.177 seconds
[2026-04-29T10:06:13.208+0300] {processor.py:161} INFO - Started process (PID=44176) to work on /mnt/d/airflow/airflow_project/airflow_venv/lib/python3.12/site-packages/airflow/example_dags/plugins/workday.py
[2026-04-29T10:06:13.216+0300] {processor.py:830} INFO - Processing file /mnt/d/airflow/airflow_project/airflow_venv/lib/python3.12/site-packages/airflow/example_dags/plugins/workday.py for tasks to queue
[2026-04-29T10:06:13.223+0300] {logging_mixin.py:188} INFO - [2026-04-29T10:06:13.221+0300] {dagbag.py:545} INFO - Filling up the DagBag from /mnt/d/airflow/airflow_project/airflow_venv/lib/python3.12/site-packages/airflow/example_dags/plugins/workday.py
[2026-04-29T10:06:13.289+0300] {logging_mixin.py:188} INFO - [2026-04-29T10:06:13.287+0300] {workday.py:41} WARNING - Could not import pandas. Holidays will not be considered.
[2026-04-29T10:06:13.292+0300] {processor.py:842} WARNING - No viable dags retrieved from /mnt/d/airflow/airflow_project/airflow_venv/lib/python3.12/site-packages/airflow/example_dags/plugins/workday.py
[2026-04-29T10:06:13.352+0300] {processor.py:183} INFO - Processing /mnt/d/airflow/airflow_project/airflow_venv/lib/python3.12/site-packages/airflow/example_dags/plugins/workday.py took 0.180 seconds
[2026-04-29T10:07:23.063+0300] {processor.py:161} INFO - Started process (PID=44561) to work on /mnt/d/airflow/airflow_project/airflow_venv/lib/python3.12/site-packages/airflow/example_dags/plugins/workday.py
[2026-04-29T10:07:23.070+0300] {processor.py:830} INFO - Processing file /mnt/d/airflow/airflow_project/airflow_venv/lib/python3.12/site-packages/airflow/example_dags/plugins/workday.py for tasks to queue
[2026-04-29T10:07:23.080+0300] {logging_mixin.py:188} INFO - [2026-04-29T10:07:23.077+0300] {dagbag.py:545} INFO - Filling up the DagBag from /mnt/d/airflow/airflow_project/airflow_venv/lib/python3.12/site-packages/airflow/example_dags/plugins/workday.py
[2026-04-29T10:07:23.180+0300] {logging_mixin.py:188} INFO - [2026-04-29T10:07:23.177+0300] {workday.py:41} WARNING - Could not import pandas. Holidays will not be considered.
[2026-04-29T10:07:23.184+0300] {processor.py:842} WARNING - No viable dags retrieved from /mnt/d/airflow/airflow_project/airflow_venv/lib/python3.12/site-packages/airflow/example_dags/plugins/workday.py
[2026-04-29T10:07:23.228+0300] {processor.py:183} INFO - Processing /mnt/d/airflow/airflow_project/airflow_venv/lib/python3.12/site-packages/airflow/example_dags/plugins/workday.py took 0.201 seconds
[2026-04-29T10:08:28.856+0300] {processor.py:161} INFO - Started process (PID=44932) to work on /mnt/d/airflow/airflow_project/airflow_venv/lib/python3.12/site-packages/airflow/example_dags/plugins/workday.py
[2026-04-29T10:08:28.860+0300] {processor.py:830} INFO - Processing file /mnt/d/airflow/airflow_project/airflow_venv/lib/python3.12/site-packages/airflow/example_dags/plugins/workday.py for tasks to queue
[2026-04-29T10:08:28.866+0300] {logging_mixin.py:188} INFO - [2026-04-29T10:08:28.864+0300] {dagbag.py:545} INFO - Filling up the DagBag from /mnt/d/airflow/airflow_project/airflow_venv/lib/python3.12/site-packages/airflow/example_dags/plugins/workday.py
[2026-04-29T10:08:28.901+0300] {logging_mixin.py:188} INFO - [2026-04-29T10:08:28.900+0300] {workday.py:41} WARNING - Could not import pandas. Holidays will not be considered.
[2026-04-29T10:08:28.903+0300] {processor.py:842} WARNING - No viable dags retrieved from /mnt/d/airflow/airflow_project/airflow_venv/lib/python3.12/site-packages/airflow/example_dags/plugins/workday.py
[2026-04-29T10:08:28.927+0300] {processor.py:183} INFO - Processing /mnt/d/airflow/airflow_project/airflow_venv/lib/python3.12/site-packages/airflow/example_dags/plugins/workday.py took 0.091 seconds
[2026-04-29T10:09:25.812+0300] {processor.py:161} INFO - Started process (PID=45245) to work on /mnt/d/airflow/airflow_project/airflow_venv/lib/python3.12/site-packages/airflow/example_dags/plugins/workday.py
[2026-04-29T10:09:25.816+0300] {processor.py:830} INFO - Processing file /mnt/d/airflow/airflow_project/airflow_venv/lib/python3.12/site-packages/airflow/example_dags/plugins/workday.py for tasks to queue
[2026-04-29T10:09:25.825+0300] {logging_mixin.py:188} INFO - [2026-04-29T10:09:25.821+0300] {dagbag.py:545} INFO - Filling up the DagBag from /mnt/d/airflow/airflow_project/airflow_venv/lib/python3.12/site-packages/airflow/example_dags/plugins/workday.py
[2026-04-29T10:09:25.920+0300] {logging_mixin.py:188} INFO - [2026-04-29T10:09:25.918+0300] {workday.py:41} WARNING - Could not import pandas. Holidays will not be considered.
[2026-04-29T10:09:25.925+0300] {processor.py:842} WARNING - No viable dags retrieved from /mnt/d/airflow/airflow_project/airflow_venv/lib/python3.12/site-packages/airflow/example_dags/plugins/workday.py
[2026-04-29T10:09:25.979+0300] {processor.py:183} INFO - Processing /mnt/d/airflow/airflow_project/airflow_venv/lib/python3.12/site-packages/airflow/example_dags/plugins/workday.py took 0.202 seconds
[2026-04-29T10:10:32.323+0300] {processor.py:161} INFO - Started process (PID=45612) to work on /mnt/d/airflow/airflow_project/airflow_venv/lib/python3.12/site-packages/airflow/example_dags/plugins/workday.py
[2026-04-29T10:10:32.328+0300] {processor.py:830} INFO - Processing file /mnt/d/airflow/airflow_project/airflow_venv/lib/python3.12/site-packages/airflow/example_dags/plugins/workday.py for tasks to queue
[2026-04-29T10:10:32.336+0300] {logging_mixin.py:188} INFO - [2026-04-29T10:10:32.333+0300] {dagbag.py:545} INFO - Filling up the DagBag from /mnt/d/airflow/airflow_project/airflow_venv/lib/python3.12/site-packages/airflow/example_dags/plugins/workday.py
[2026-04-29T10:10:32.438+0300] {logging_mixin.py:188} INFO - [2026-04-29T10:10:32.435+0300] {workday.py:41} WARNING - Could not import pandas. Holidays will not be considered.
[2026-04-29T10:10:32.443+0300] {processor.py:842} WARNING - No viable dags retrieved from /mnt/d/airflow/airflow_project/airflow_venv/lib/python3.12/site-packages/airflow/example_dags/plugins/workday.py
[2026-04-29T10:10:32.507+0300] {processor.py:183} INFO - Processing /mnt/d/airflow/airflow_project/airflow_venv/lib/python3.12/site-packages/airflow/example_dags/plugins/workday.py took 0.224 seconds
[2026-04-29T10:11:41.814+0300] {processor.py:161} INFO - Started process (PID=45986) to work on /mnt/d/airflow/airflow_project/airflow_venv/lib/python3.12/site-packages/airflow/example_dags/plugins/workday.py
[2026-04-29T10:11:41.818+0300] {processor.py:830} INFO - Processing file /mnt/d/airflow/airflow_project/airflow_venv/lib/python3.12/site-packages/airflow/example_dags/plugins/workday.py for tasks to queue
[2026-04-29T10:11:41.827+0300] {logging_mixin.py:188} INFO - [2026-04-29T10:11:41.823+0300] {dagbag.py:545} INFO - Filling up the DagBag from /mnt/d/airflow/airflow_project/airflow_venv/lib/python3.12/site-packages/airflow/example_dags/plugins/workday.py
[2026-04-29T10:11:41.927+0300] {logging_mixin.py:188} INFO - [2026-04-29T10:11:41.924+0300] {workday.py:41} WARNING - Could not import pandas. Holidays will not be considered.
[2026-04-29T10:11:41.930+0300] {processor.py:842} WARNING - No viable dags retrieved from /mnt/d/airflow/airflow_project/airflow_venv/lib/python3.12/site-packages/airflow/example_dags/plugins/workday.py
[2026-04-29T10:11:41.991+0300] {processor.py:183} INFO - Processing /mnt/d/airflow/airflow_project/airflow_venv/lib/python3.12/site-packages/airflow/example_dags/plugins/workday.py took 0.214 seconds
[2026-04-29T10:12:46.224+0300] {processor.py:161} INFO - Started process (PID=46349) to work on /mnt/d/airflow/airflow_project/airflow_venv/lib/python3.12/site-packages/airflow/example_dags/plugins/workday.py
[2026-04-29T10:12:46.228+0300] {processor.py:830} INFO - Processing file /mnt/d/airflow/airflow_project/airflow_venv/lib/python3.12/site-packages/airflow/example_dags/plugins/workday.py for tasks to queue
[2026-04-29T10:12:46.236+0300] {logging_mixin.py:188} INFO - [2026-04-29T10:12:46.233+0300] {dagbag.py:545} INFO - Filling up the DagBag from /mnt/d/airflow/airflow_project/airflow_venv/lib/python3.12/site-packages/airflow/example_dags/plugins/workday.py
[2026-04-29T10:12:46.306+0300] {logging_mixin.py:188} INFO - [2026-04-29T10:12:46.303+0300] {workday.py:41} WARNING - Could not import pandas. Holidays will not be considered.
[2026-04-29T10:12:46.309+0300] {processor.py:842} WARNING - No viable dags retrieved from /mnt/d/airflow/airflow_project/airflow_venv/lib/python3.12/site-packages/airflow/example_dags/plugins/workday.py
[2026-04-29T10:12:46.354+0300] {processor.py:183} INFO - Processing /mnt/d/airflow/airflow_project/airflow_venv/lib/python3.12/site-packages/airflow/example_dags/plugins/workday.py took 0.156 seconds
