[2026-04-29T09:14:08.811+0300] {processor.py:161} INFO - Started process (PID=26143) to work on /mnt/d/airflow/airflow_project/airflow_venv/lib/python3.12/site-packages/airflow/example_dags/subdags/subdag.py
[2026-04-29T09:14:08.816+0300] {processor.py:830} INFO - Processing file /mnt/d/airflow/airflow_project/airflow_venv/lib/python3.12/site-packages/airflow/example_dags/subdags/subdag.py for tasks to queue
[2026-04-29T09:14:08.823+0300] {logging_mixin.py:188} INFO - [2026-04-29T09:14:08.820+0300] {dagbag.py:545} INFO - Filling up the DagBag from /mnt/d/airflow/airflow_project/airflow_venv/lib/python3.12/site-packages/airflow/example_dags/subdags/subdag.py
[2026-04-29T09:14:08.939+0300] {processor.py:842} WARNING - No viable dags retrieved from /mnt/d/airflow/airflow_project/airflow_venv/lib/python3.12/site-packages/airflow/example_dags/subdags/subdag.py
[2026-04-29T09:14:08.996+0300] {processor.py:183} INFO - Processing /mnt/d/airflow/airflow_project/airflow_venv/lib/python3.12/site-packages/airflow/example_dags/subdags/subdag.py took 0.211 seconds
[2026-04-29T09:16:51.346+0300] {processor.py:161} INFO - Started process (PID=27077) to work on /mnt/d/airflow/airflow_project/airflow_venv/lib/python3.12/site-packages/airflow/example_dags/subdags/subdag.py
[2026-04-29T09:16:51.351+0300] {processor.py:830} INFO - Processing file /mnt/d/airflow/airflow_project/airflow_venv/lib/python3.12/site-packages/airflow/example_dags/subdags/subdag.py for tasks to queue
[2026-04-29T09:16:51.361+0300] {logging_mixin.py:188} INFO - [2026-04-29T09:16:51.357+0300] {dagbag.py:545} INFO - Filling up the DagBag from /mnt/d/airflow/airflow_project/airflow_venv/lib/python3.12/site-packages/airflow/example_dags/subdags/subdag.py
[2026-04-29T09:16:51.455+0300] {processor.py:842} WARNING - No viable dags retrieved from /mnt/d/airflow/airflow_project/airflow_venv/lib/python3.12/site-packages/airflow/example_dags/subdags/subdag.py
[2026-04-29T09:16:51.519+0300] {processor.py:183} INFO - Processing /mnt/d/airflow/airflow_project/airflow_venv/lib/python3.12/site-packages/airflow/example_dags/subdags/subdag.py took 0.210 seconds
[2026-04-29T09:18:06.082+0300] {processor.py:161} INFO - Started process (PID=27509) to work on /mnt/d/airflow/airflow_project/airflow_venv/lib/python3.12/site-packages/airflow/example_dags/subdags/subdag.py
[2026-04-29T09:18:06.086+0300] {processor.py:830} INFO - Processing file /mnt/d/airflow/airflow_project/airflow_venv/lib/python3.12/site-packages/airflow/example_dags/subdags/subdag.py for tasks to queue
[2026-04-29T09:18:06.096+0300] {logging_mixin.py:188} INFO - [2026-04-29T09:18:06.092+0300] {dagbag.py:545} INFO - Filling up the DagBag from /mnt/d/airflow/airflow_project/airflow_venv/lib/python3.12/site-packages/airflow/example_dags/subdags/subdag.py
[2026-04-29T09:18:06.168+0300] {processor.py:842} WARNING - No viable dags retrieved from /mnt/d/airflow/airflow_project/airflow_venv/lib/python3.12/site-packages/airflow/example_dags/subdags/subdag.py
[2026-04-29T09:18:06.218+0300] {processor.py:183} INFO - Processing /mnt/d/airflow/airflow_project/airflow_venv/lib/python3.12/site-packages/airflow/example_dags/subdags/subdag.py took 0.160 seconds
[2026-04-29T09:19:09.516+0300] {processor.py:161} INFO - Started process (PID=27893) to work on /mnt/d/airflow/airflow_project/airflow_venv/lib/python3.12/site-packages/airflow/example_dags/subdags/subdag.py
[2026-04-29T09:19:09.517+0300] {processor.py:830} INFO - Processing file /mnt/d/airflow/airflow_project/airflow_venv/lib/python3.12/site-packages/airflow/example_dags/subdags/subdag.py for tasks to queue
[2026-04-29T09:19:09.520+0300] {logging_mixin.py:188} INFO - [2026-04-29T09:19:09.519+0300] {dagbag.py:545} INFO - Filling up the DagBag from /mnt/d/airflow/airflow_project/airflow_venv/lib/python3.12/site-packages/airflow/example_dags/subdags/subdag.py
[2026-04-29T09:19:09.533+0300] {processor.py:842} WARNING - No viable dags retrieved from /mnt/d/airflow/airflow_project/airflow_venv/lib/python3.12/site-packages/airflow/example_dags/subdags/subdag.py
[2026-04-29T09:19:09.548+0300] {processor.py:183} INFO - Processing /mnt/d/airflow/airflow_project/airflow_venv/lib/python3.12/site-packages/airflow/example_dags/subdags/subdag.py took 0.041 seconds
[2026-04-29T09:20:21.229+0300] {processor.py:161} INFO - Started process (PID=28328) to work on /mnt/d/airflow/airflow_project/airflow_venv/lib/python3.12/site-packages/airflow/example_dags/subdags/subdag.py
[2026-04-29T09:20:21.234+0300] {processor.py:830} INFO - Processing file /mnt/d/airflow/airflow_project/airflow_venv/lib/python3.12/site-packages/airflow/example_dags/subdags/subdag.py for tasks to queue
[2026-04-29T09:20:21.243+0300] {logging_mixin.py:188} INFO - [2026-04-29T09:20:21.241+0300] {dagbag.py:545} INFO - Filling up the DagBag from /mnt/d/airflow/airflow_project/airflow_venv/lib/python3.12/site-packages/airflow/example_dags/subdags/subdag.py
[2026-04-29T09:20:21.326+0300] {processor.py:842} WARNING - No viable dags retrieved from /mnt/d/airflow/airflow_project/airflow_venv/lib/python3.12/site-packages/airflow/example_dags/subdags/subdag.py
[2026-04-29T09:20:21.364+0300] {processor.py:183} INFO - Processing /mnt/d/airflow/airflow_project/airflow_venv/lib/python3.12/site-packages/airflow/example_dags/subdags/subdag.py took 0.169 seconds
[2026-04-29T09:21:30.932+0300] {processor.py:161} INFO - Started process (PID=28725) to work on /mnt/d/airflow/airflow_project/airflow_venv/lib/python3.12/site-packages/airflow/example_dags/subdags/subdag.py
[2026-04-29T09:21:30.933+0300] {processor.py:830} INFO - Processing file /mnt/d/airflow/airflow_project/airflow_venv/lib/python3.12/site-packages/airflow/example_dags/subdags/subdag.py for tasks to queue
[2026-04-29T09:21:30.935+0300] {logging_mixin.py:188} INFO - [2026-04-29T09:21:30.935+0300] {dagbag.py:545} INFO - Filling up the DagBag from /mnt/d/airflow/airflow_project/airflow_venv/lib/python3.12/site-packages/airflow/example_dags/subdags/subdag.py
[2026-04-29T09:21:30.947+0300] {processor.py:842} WARNING - No viable dags retrieved from /mnt/d/airflow/airflow_project/airflow_venv/lib/python3.12/site-packages/airflow/example_dags/subdags/subdag.py
[2026-04-29T09:21:30.960+0300] {processor.py:183} INFO - Processing /mnt/d/airflow/airflow_project/airflow_venv/lib/python3.12/site-packages/airflow/example_dags/subdags/subdag.py took 0.037 seconds
[2026-04-29T09:22:28.343+0300] {processor.py:161} INFO - Started process (PID=29051) to work on /mnt/d/airflow/airflow_project/airflow_venv/lib/python3.12/site-packages/airflow/example_dags/subdags/subdag.py
[2026-04-29T09:22:28.345+0300] {processor.py:830} INFO - Processing file /mnt/d/airflow/airflow_project/airflow_venv/lib/python3.12/site-packages/airflow/example_dags/subdags/subdag.py for tasks to queue
[2026-04-29T09:22:28.348+0300] {logging_mixin.py:188} INFO - [2026-04-29T09:22:28.347+0300] {dagbag.py:545} INFO - Filling up the DagBag from /mnt/d/airflow/airflow_project/airflow_venv/lib/python3.12/site-packages/airflow/example_dags/subdags/subdag.py
[2026-04-29T09:22:28.377+0300] {processor.py:842} WARNING - No viable dags retrieved from /mnt/d/airflow/airflow_project/airflow_venv/lib/python3.12/site-packages/airflow/example_dags/subdags/subdag.py
[2026-04-29T09:22:28.410+0300] {processor.py:183} INFO - Processing /mnt/d/airflow/airflow_project/airflow_venv/lib/python3.12/site-packages/airflow/example_dags/subdags/subdag.py took 0.083 seconds
[2026-04-29T09:23:27.225+0300] {processor.py:161} INFO - Started process (PID=29409) to work on /mnt/d/airflow/airflow_project/airflow_venv/lib/python3.12/site-packages/airflow/example_dags/subdags/subdag.py
[2026-04-29T09:23:27.227+0300] {processor.py:830} INFO - Processing file /mnt/d/airflow/airflow_project/airflow_venv/lib/python3.12/site-packages/airflow/example_dags/subdags/subdag.py for tasks to queue
[2026-04-29T09:23:27.232+0300] {logging_mixin.py:188} INFO - [2026-04-29T09:23:27.231+0300] {dagbag.py:545} INFO - Filling up the DagBag from /mnt/d/airflow/airflow_project/airflow_venv/lib/python3.12/site-packages/airflow/example_dags/subdags/subdag.py
[2026-04-29T09:23:27.285+0300] {processor.py:842} WARNING - No viable dags retrieved from /mnt/d/airflow/airflow_project/airflow_venv/lib/python3.12/site-packages/airflow/example_dags/subdags/subdag.py
[2026-04-29T09:23:27.325+0300] {processor.py:183} INFO - Processing /mnt/d/airflow/airflow_project/airflow_venv/lib/python3.12/site-packages/airflow/example_dags/subdags/subdag.py took 0.123 seconds
[2026-04-29T09:24:34.898+0300] {processor.py:161} INFO - Started process (PID=29791) to work on /mnt/d/airflow/airflow_project/airflow_venv/lib/python3.12/site-packages/airflow/example_dags/subdags/subdag.py
[2026-04-29T09:24:34.903+0300] {processor.py:830} INFO - Processing file /mnt/d/airflow/airflow_project/airflow_venv/lib/python3.12/site-packages/airflow/example_dags/subdags/subdag.py for tasks to queue
[2026-04-29T09:24:34.910+0300] {logging_mixin.py:188} INFO - [2026-04-29T09:24:34.907+0300] {dagbag.py:545} INFO - Filling up the DagBag from /mnt/d/airflow/airflow_project/airflow_venv/lib/python3.12/site-packages/airflow/example_dags/subdags/subdag.py
[2026-04-29T09:24:34.996+0300] {processor.py:842} WARNING - No viable dags retrieved from /mnt/d/airflow/airflow_project/airflow_venv/lib/python3.12/site-packages/airflow/example_dags/subdags/subdag.py
[2026-04-29T09:24:35.061+0300] {processor.py:183} INFO - Processing /mnt/d/airflow/airflow_project/airflow_venv/lib/python3.12/site-packages/airflow/example_dags/subdags/subdag.py took 0.192 seconds
[2026-04-29T09:25:48.167+0300] {processor.py:161} INFO - Started process (PID=30197) to work on /mnt/d/airflow/airflow_project/airflow_venv/lib/python3.12/site-packages/airflow/example_dags/subdags/subdag.py
[2026-04-29T09:25:48.172+0300] {processor.py:830} INFO - Processing file /mnt/d/airflow/airflow_project/airflow_venv/lib/python3.12/site-packages/airflow/example_dags/subdags/subdag.py for tasks to queue
[2026-04-29T09:25:48.180+0300] {logging_mixin.py:188} INFO - [2026-04-29T09:25:48.178+0300] {dagbag.py:545} INFO - Filling up the DagBag from /mnt/d/airflow/airflow_project/airflow_venv/lib/python3.12/site-packages/airflow/example_dags/subdags/subdag.py
[2026-04-29T09:25:48.259+0300] {processor.py:842} WARNING - No viable dags retrieved from /mnt/d/airflow/airflow_project/airflow_venv/lib/python3.12/site-packages/airflow/example_dags/subdags/subdag.py
[2026-04-29T09:25:48.297+0300] {processor.py:183} INFO - Processing /mnt/d/airflow/airflow_project/airflow_venv/lib/python3.12/site-packages/airflow/example_dags/subdags/subdag.py took 0.162 seconds
[2026-04-29T09:26:59.611+0300] {processor.py:161} INFO - Started process (PID=30596) to work on /mnt/d/airflow/airflow_project/airflow_venv/lib/python3.12/site-packages/airflow/example_dags/subdags/subdag.py
[2026-04-29T09:26:59.614+0300] {processor.py:830} INFO - Processing file /mnt/d/airflow/airflow_project/airflow_venv/lib/python3.12/site-packages/airflow/example_dags/subdags/subdag.py for tasks to queue
[2026-04-29T09:26:59.621+0300] {logging_mixin.py:188} INFO - [2026-04-29T09:26:59.618+0300] {dagbag.py:545} INFO - Filling up the DagBag from /mnt/d/airflow/airflow_project/airflow_venv/lib/python3.12/site-packages/airflow/example_dags/subdags/subdag.py
[2026-04-29T09:26:59.710+0300] {processor.py:842} WARNING - No viable dags retrieved from /mnt/d/airflow/airflow_project/airflow_venv/lib/python3.12/site-packages/airflow/example_dags/subdags/subdag.py
[2026-04-29T09:26:59.773+0300] {processor.py:183} INFO - Processing /mnt/d/airflow/airflow_project/airflow_venv/lib/python3.12/site-packages/airflow/example_dags/subdags/subdag.py took 0.186 seconds
[2026-04-29T09:28:15.359+0300] {processor.py:161} INFO - Started process (PID=31019) to work on /mnt/d/airflow/airflow_project/airflow_venv/lib/python3.12/site-packages/airflow/example_dags/subdags/subdag.py
[2026-04-29T09:28:15.362+0300] {processor.py:830} INFO - Processing file /mnt/d/airflow/airflow_project/airflow_venv/lib/python3.12/site-packages/airflow/example_dags/subdags/subdag.py for tasks to queue
[2026-04-29T09:28:15.367+0300] {logging_mixin.py:188} INFO - [2026-04-29T09:28:15.365+0300] {dagbag.py:545} INFO - Filling up the DagBag from /mnt/d/airflow/airflow_project/airflow_venv/lib/python3.12/site-packages/airflow/example_dags/subdags/subdag.py
[2026-04-29T09:28:15.433+0300] {processor.py:842} WARNING - No viable dags retrieved from /mnt/d/airflow/airflow_project/airflow_venv/lib/python3.12/site-packages/airflow/example_dags/subdags/subdag.py
[2026-04-29T09:28:15.473+0300] {processor.py:183} INFO - Processing /mnt/d/airflow/airflow_project/airflow_venv/lib/python3.12/site-packages/airflow/example_dags/subdags/subdag.py took 0.141 seconds
[2026-04-29T09:29:35.769+0300] {processor.py:161} INFO - Started process (PID=31498) to work on /mnt/d/airflow/airflow_project/airflow_venv/lib/python3.12/site-packages/airflow/example_dags/subdags/subdag.py
[2026-04-29T09:29:35.771+0300] {processor.py:830} INFO - Processing file /mnt/d/airflow/airflow_project/airflow_venv/lib/python3.12/site-packages/airflow/example_dags/subdags/subdag.py for tasks to queue
[2026-04-29T09:29:35.774+0300] {logging_mixin.py:188} INFO - [2026-04-29T09:29:35.773+0300] {dagbag.py:545} INFO - Filling up the DagBag from /mnt/d/airflow/airflow_project/airflow_venv/lib/python3.12/site-packages/airflow/example_dags/subdags/subdag.py
[2026-04-29T09:29:35.830+0300] {processor.py:842} WARNING - No viable dags retrieved from /mnt/d/airflow/airflow_project/airflow_venv/lib/python3.12/site-packages/airflow/example_dags/subdags/subdag.py
[2026-04-29T09:29:35.865+0300] {processor.py:183} INFO - Processing /mnt/d/airflow/airflow_project/airflow_venv/lib/python3.12/site-packages/airflow/example_dags/subdags/subdag.py took 0.108 seconds
[2026-04-29T09:31:08.742+0300] {processor.py:161} INFO - Started process (PID=32062) to work on /mnt/d/airflow/airflow_project/airflow_venv/lib/python3.12/site-packages/airflow/example_dags/subdags/subdag.py
[2026-04-29T09:31:08.744+0300] {processor.py:830} INFO - Processing file /mnt/d/airflow/airflow_project/airflow_venv/lib/python3.12/site-packages/airflow/example_dags/subdags/subdag.py for tasks to queue
[2026-04-29T09:31:08.747+0300] {logging_mixin.py:188} INFO - [2026-04-29T09:31:08.747+0300] {dagbag.py:545} INFO - Filling up the DagBag from /mnt/d/airflow/airflow_project/airflow_venv/lib/python3.12/site-packages/airflow/example_dags/subdags/subdag.py
[2026-04-29T09:31:08.779+0300] {processor.py:842} WARNING - No viable dags retrieved from /mnt/d/airflow/airflow_project/airflow_venv/lib/python3.12/site-packages/airflow/example_dags/subdags/subdag.py
[2026-04-29T09:31:08.796+0300] {processor.py:183} INFO - Processing /mnt/d/airflow/airflow_project/airflow_venv/lib/python3.12/site-packages/airflow/example_dags/subdags/subdag.py took 0.069 seconds
[2026-04-29T09:32:13.690+0300] {processor.py:161} INFO - Started process (PID=32440) to work on /mnt/d/airflow/airflow_project/airflow_venv/lib/python3.12/site-packages/airflow/example_dags/subdags/subdag.py
[2026-04-29T09:32:13.691+0300] {processor.py:830} INFO - Processing file /mnt/d/airflow/airflow_project/airflow_venv/lib/python3.12/site-packages/airflow/example_dags/subdags/subdag.py for tasks to queue
[2026-04-29T09:32:13.693+0300] {logging_mixin.py:188} INFO - [2026-04-29T09:32:13.693+0300] {dagbag.py:545} INFO - Filling up the DagBag from /mnt/d/airflow/airflow_project/airflow_venv/lib/python3.12/site-packages/airflow/example_dags/subdags/subdag.py
[2026-04-29T09:32:13.711+0300] {processor.py:842} WARNING - No viable dags retrieved from /mnt/d/airflow/airflow_project/airflow_venv/lib/python3.12/site-packages/airflow/example_dags/subdags/subdag.py
[2026-04-29T09:32:13.728+0300] {processor.py:183} INFO - Processing /mnt/d/airflow/airflow_project/airflow_venv/lib/python3.12/site-packages/airflow/example_dags/subdags/subdag.py took 0.050 seconds
[2026-04-29T09:33:24.207+0300] {processor.py:161} INFO - Started process (PID=32872) to work on /mnt/d/airflow/airflow_project/airflow_venv/lib/python3.12/site-packages/airflow/example_dags/subdags/subdag.py
[2026-04-29T09:33:24.230+0300] {processor.py:830} INFO - Processing file /mnt/d/airflow/airflow_project/airflow_venv/lib/python3.12/site-packages/airflow/example_dags/subdags/subdag.py for tasks to queue
[2026-04-29T09:33:24.256+0300] {logging_mixin.py:188} INFO - [2026-04-29T09:33:24.249+0300] {dagbag.py:545} INFO - Filling up the DagBag from /mnt/d/airflow/airflow_project/airflow_venv/lib/python3.12/site-packages/airflow/example_dags/subdags/subdag.py
[2026-04-29T09:33:24.361+0300] {processor.py:842} WARNING - No viable dags retrieved from /mnt/d/airflow/airflow_project/airflow_venv/lib/python3.12/site-packages/airflow/example_dags/subdags/subdag.py
[2026-04-29T09:33:24.568+0300] {processor.py:183} INFO - Processing /mnt/d/airflow/airflow_project/airflow_venv/lib/python3.12/site-packages/airflow/example_dags/subdags/subdag.py took 0.388 seconds
[2026-04-29T09:34:36.943+0300] {processor.py:161} INFO - Started process (PID=33272) to work on /mnt/d/airflow/airflow_project/airflow_venv/lib/python3.12/site-packages/airflow/example_dags/subdags/subdag.py
[2026-04-29T09:34:36.946+0300] {processor.py:830} INFO - Processing file /mnt/d/airflow/airflow_project/airflow_venv/lib/python3.12/site-packages/airflow/example_dags/subdags/subdag.py for tasks to queue
[2026-04-29T09:34:36.954+0300] {logging_mixin.py:188} INFO - [2026-04-29T09:34:36.952+0300] {dagbag.py:545} INFO - Filling up the DagBag from /mnt/d/airflow/airflow_project/airflow_venv/lib/python3.12/site-packages/airflow/example_dags/subdags/subdag.py
[2026-04-29T09:34:37.016+0300] {processor.py:842} WARNING - No viable dags retrieved from /mnt/d/airflow/airflow_project/airflow_venv/lib/python3.12/site-packages/airflow/example_dags/subdags/subdag.py
[2026-04-29T09:34:37.062+0300] {processor.py:183} INFO - Processing /mnt/d/airflow/airflow_project/airflow_venv/lib/python3.12/site-packages/airflow/example_dags/subdags/subdag.py took 0.138 seconds
[2026-04-29T09:35:44.812+0300] {processor.py:161} INFO - Started process (PID=33702) to work on /mnt/d/airflow/airflow_project/airflow_venv/lib/python3.12/site-packages/airflow/example_dags/subdags/subdag.py
[2026-04-29T09:35:44.816+0300] {processor.py:830} INFO - Processing file /mnt/d/airflow/airflow_project/airflow_venv/lib/python3.12/site-packages/airflow/example_dags/subdags/subdag.py for tasks to queue
[2026-04-29T09:35:44.822+0300] {logging_mixin.py:188} INFO - [2026-04-29T09:35:44.820+0300] {dagbag.py:545} INFO - Filling up the DagBag from /mnt/d/airflow/airflow_project/airflow_venv/lib/python3.12/site-packages/airflow/example_dags/subdags/subdag.py
[2026-04-29T09:35:44.856+0300] {processor.py:842} WARNING - No viable dags retrieved from /mnt/d/airflow/airflow_project/airflow_venv/lib/python3.12/site-packages/airflow/example_dags/subdags/subdag.py
[2026-04-29T09:35:44.901+0300] {processor.py:183} INFO - Processing /mnt/d/airflow/airflow_project/airflow_venv/lib/python3.12/site-packages/airflow/example_dags/subdags/subdag.py took 0.127 seconds
[2026-04-29T09:36:43.357+0300] {processor.py:161} INFO - Started process (PID=34046) to work on /mnt/d/airflow/airflow_project/airflow_venv/lib/python3.12/site-packages/airflow/example_dags/subdags/subdag.py
[2026-04-29T09:36:43.360+0300] {processor.py:830} INFO - Processing file /mnt/d/airflow/airflow_project/airflow_venv/lib/python3.12/site-packages/airflow/example_dags/subdags/subdag.py for tasks to queue
[2026-04-29T09:36:43.366+0300] {logging_mixin.py:188} INFO - [2026-04-29T09:36:43.365+0300] {dagbag.py:545} INFO - Filling up the DagBag from /mnt/d/airflow/airflow_project/airflow_venv/lib/python3.12/site-packages/airflow/example_dags/subdags/subdag.py
[2026-04-29T09:36:43.404+0300] {processor.py:842} WARNING - No viable dags retrieved from /mnt/d/airflow/airflow_project/airflow_venv/lib/python3.12/site-packages/airflow/example_dags/subdags/subdag.py
[2026-04-29T09:36:43.446+0300] {processor.py:183} INFO - Processing /mnt/d/airflow/airflow_project/airflow_venv/lib/python3.12/site-packages/airflow/example_dags/subdags/subdag.py took 0.117 seconds
[2026-04-29T09:37:41.452+0300] {processor.py:161} INFO - Started process (PID=34392) to work on /mnt/d/airflow/airflow_project/airflow_venv/lib/python3.12/site-packages/airflow/example_dags/subdags/subdag.py
[2026-04-29T09:37:41.456+0300] {processor.py:830} INFO - Processing file /mnt/d/airflow/airflow_project/airflow_venv/lib/python3.12/site-packages/airflow/example_dags/subdags/subdag.py for tasks to queue
[2026-04-29T09:37:41.464+0300] {logging_mixin.py:188} INFO - [2026-04-29T09:37:41.461+0300] {dagbag.py:545} INFO - Filling up the DagBag from /mnt/d/airflow/airflow_project/airflow_venv/lib/python3.12/site-packages/airflow/example_dags/subdags/subdag.py
[2026-04-29T09:37:41.523+0300] {processor.py:842} WARNING - No viable dags retrieved from /mnt/d/airflow/airflow_project/airflow_venv/lib/python3.12/site-packages/airflow/example_dags/subdags/subdag.py
[2026-04-29T09:37:41.580+0300] {processor.py:183} INFO - Processing /mnt/d/airflow/airflow_project/airflow_venv/lib/python3.12/site-packages/airflow/example_dags/subdags/subdag.py took 0.159 seconds
[2026-04-29T09:38:48.715+0300] {processor.py:161} INFO - Started process (PID=34826) to work on /mnt/d/airflow/airflow_project/airflow_venv/lib/python3.12/site-packages/airflow/example_dags/subdags/subdag.py
[2026-04-29T09:38:48.717+0300] {processor.py:830} INFO - Processing file /mnt/d/airflow/airflow_project/airflow_venv/lib/python3.12/site-packages/airflow/example_dags/subdags/subdag.py for tasks to queue
[2026-04-29T09:38:48.722+0300] {logging_mixin.py:188} INFO - [2026-04-29T09:38:48.720+0300] {dagbag.py:545} INFO - Filling up the DagBag from /mnt/d/airflow/airflow_project/airflow_venv/lib/python3.12/site-packages/airflow/example_dags/subdags/subdag.py
[2026-04-29T09:38:48.756+0300] {processor.py:842} WARNING - No viable dags retrieved from /mnt/d/airflow/airflow_project/airflow_venv/lib/python3.12/site-packages/airflow/example_dags/subdags/subdag.py
[2026-04-29T09:38:48.791+0300] {processor.py:183} INFO - Processing /mnt/d/airflow/airflow_project/airflow_venv/lib/python3.12/site-packages/airflow/example_dags/subdags/subdag.py took 0.091 seconds
[2026-04-29T09:39:55.050+0300] {processor.py:161} INFO - Started process (PID=35207) to work on /mnt/d/airflow/airflow_project/airflow_venv/lib/python3.12/site-packages/airflow/example_dags/subdags/subdag.py
[2026-04-29T09:39:55.052+0300] {processor.py:830} INFO - Processing file /mnt/d/airflow/airflow_project/airflow_venv/lib/python3.12/site-packages/airflow/example_dags/subdags/subdag.py for tasks to queue
[2026-04-29T09:39:55.056+0300] {logging_mixin.py:188} INFO - [2026-04-29T09:39:55.055+0300] {dagbag.py:545} INFO - Filling up the DagBag from /mnt/d/airflow/airflow_project/airflow_venv/lib/python3.12/site-packages/airflow/example_dags/subdags/subdag.py
[2026-04-29T09:39:55.149+0300] {processor.py:842} WARNING - No viable dags retrieved from /mnt/d/airflow/airflow_project/airflow_venv/lib/python3.12/site-packages/airflow/example_dags/subdags/subdag.py
[2026-04-29T09:39:55.201+0300] {processor.py:183} INFO - Processing /mnt/d/airflow/airflow_project/airflow_venv/lib/python3.12/site-packages/airflow/example_dags/subdags/subdag.py took 0.185 seconds
[2026-04-29T09:40:51.850+0300] {processor.py:161} INFO - Started process (PID=35543) to work on /mnt/d/airflow/airflow_project/airflow_venv/lib/python3.12/site-packages/airflow/example_dags/subdags/subdag.py
[2026-04-29T09:40:51.855+0300] {processor.py:830} INFO - Processing file /mnt/d/airflow/airflow_project/airflow_venv/lib/python3.12/site-packages/airflow/example_dags/subdags/subdag.py for tasks to queue
[2026-04-29T09:40:51.862+0300] {logging_mixin.py:188} INFO - [2026-04-29T09:40:51.859+0300] {dagbag.py:545} INFO - Filling up the DagBag from /mnt/d/airflow/airflow_project/airflow_venv/lib/python3.12/site-packages/airflow/example_dags/subdags/subdag.py
[2026-04-29T09:40:51.911+0300] {processor.py:842} WARNING - No viable dags retrieved from /mnt/d/airflow/airflow_project/airflow_venv/lib/python3.12/site-packages/airflow/example_dags/subdags/subdag.py
[2026-04-29T09:40:51.941+0300] {processor.py:183} INFO - Processing /mnt/d/airflow/airflow_project/airflow_venv/lib/python3.12/site-packages/airflow/example_dags/subdags/subdag.py took 0.111 seconds
[2026-04-29T09:41:53.294+0300] {processor.py:161} INFO - Started process (PID=35882) to work on /mnt/d/airflow/airflow_project/airflow_venv/lib/python3.12/site-packages/airflow/example_dags/subdags/subdag.py
[2026-04-29T09:41:53.296+0300] {processor.py:830} INFO - Processing file /mnt/d/airflow/airflow_project/airflow_venv/lib/python3.12/site-packages/airflow/example_dags/subdags/subdag.py for tasks to queue
[2026-04-29T09:41:53.301+0300] {logging_mixin.py:188} INFO - [2026-04-29T09:41:53.299+0300] {dagbag.py:545} INFO - Filling up the DagBag from /mnt/d/airflow/airflow_project/airflow_venv/lib/python3.12/site-packages/airflow/example_dags/subdags/subdag.py
[2026-04-29T09:41:53.345+0300] {processor.py:842} WARNING - No viable dags retrieved from /mnt/d/airflow/airflow_project/airflow_venv/lib/python3.12/site-packages/airflow/example_dags/subdags/subdag.py
[2026-04-29T09:41:53.391+0300] {processor.py:183} INFO - Processing /mnt/d/airflow/airflow_project/airflow_venv/lib/python3.12/site-packages/airflow/example_dags/subdags/subdag.py took 0.119 seconds
[2026-04-29T09:43:02.882+0300] {processor.py:161} INFO - Started process (PID=36311) to work on /mnt/d/airflow/airflow_project/airflow_venv/lib/python3.12/site-packages/airflow/example_dags/subdags/subdag.py
[2026-04-29T09:43:02.884+0300] {processor.py:830} INFO - Processing file /mnt/d/airflow/airflow_project/airflow_venv/lib/python3.12/site-packages/airflow/example_dags/subdags/subdag.py for tasks to queue
[2026-04-29T09:43:02.887+0300] {logging_mixin.py:188} INFO - [2026-04-29T09:43:02.886+0300] {dagbag.py:545} INFO - Filling up the DagBag from /mnt/d/airflow/airflow_project/airflow_venv/lib/python3.12/site-packages/airflow/example_dags/subdags/subdag.py
[2026-04-29T09:43:02.921+0300] {processor.py:842} WARNING - No viable dags retrieved from /mnt/d/airflow/airflow_project/airflow_venv/lib/python3.12/site-packages/airflow/example_dags/subdags/subdag.py
[2026-04-29T09:43:02.966+0300] {processor.py:183} INFO - Processing /mnt/d/airflow/airflow_project/airflow_venv/lib/python3.12/site-packages/airflow/example_dags/subdags/subdag.py took 0.098 seconds
[2026-04-29T09:44:08.461+0300] {processor.py:161} INFO - Started process (PID=36691) to work on /mnt/d/airflow/airflow_project/airflow_venv/lib/python3.12/site-packages/airflow/example_dags/subdags/subdag.py
[2026-04-29T09:44:08.465+0300] {processor.py:830} INFO - Processing file /mnt/d/airflow/airflow_project/airflow_venv/lib/python3.12/site-packages/airflow/example_dags/subdags/subdag.py for tasks to queue
[2026-04-29T09:44:08.474+0300] {logging_mixin.py:188} INFO - [2026-04-29T09:44:08.470+0300] {dagbag.py:545} INFO - Filling up the DagBag from /mnt/d/airflow/airflow_project/airflow_venv/lib/python3.12/site-packages/airflow/example_dags/subdags/subdag.py
[2026-04-29T09:44:08.565+0300] {processor.py:842} WARNING - No viable dags retrieved from /mnt/d/airflow/airflow_project/airflow_venv/lib/python3.12/site-packages/airflow/example_dags/subdags/subdag.py
[2026-04-29T09:44:08.616+0300] {processor.py:183} INFO - Processing /mnt/d/airflow/airflow_project/airflow_venv/lib/python3.12/site-packages/airflow/example_dags/subdags/subdag.py took 0.193 seconds
[2026-04-29T09:46:01.381+0300] {processor.py:161} INFO - Started process (PID=37321) to work on /mnt/d/airflow/airflow_project/airflow_venv/lib/python3.12/site-packages/airflow/example_dags/subdags/subdag.py
[2026-04-29T09:46:01.385+0300] {processor.py:830} INFO - Processing file /mnt/d/airflow/airflow_project/airflow_venv/lib/python3.12/site-packages/airflow/example_dags/subdags/subdag.py for tasks to queue
[2026-04-29T09:46:01.394+0300] {logging_mixin.py:188} INFO - [2026-04-29T09:46:01.391+0300] {dagbag.py:545} INFO - Filling up the DagBag from /mnt/d/airflow/airflow_project/airflow_venv/lib/python3.12/site-packages/airflow/example_dags/subdags/subdag.py
[2026-04-29T09:46:01.473+0300] {processor.py:842} WARNING - No viable dags retrieved from /mnt/d/airflow/airflow_project/airflow_venv/lib/python3.12/site-packages/airflow/example_dags/subdags/subdag.py
[2026-04-29T09:46:01.535+0300] {processor.py:183} INFO - Processing /mnt/d/airflow/airflow_project/airflow_venv/lib/python3.12/site-packages/airflow/example_dags/subdags/subdag.py took 0.188 seconds
[2026-04-29T09:47:44.041+0300] {processor.py:161} INFO - Started process (PID=37897) to work on /mnt/d/airflow/airflow_project/airflow_venv/lib/python3.12/site-packages/airflow/example_dags/subdags/subdag.py
[2026-04-29T09:47:44.043+0300] {processor.py:830} INFO - Processing file /mnt/d/airflow/airflow_project/airflow_venv/lib/python3.12/site-packages/airflow/example_dags/subdags/subdag.py for tasks to queue
[2026-04-29T09:47:44.047+0300] {logging_mixin.py:188} INFO - [2026-04-29T09:47:44.046+0300] {dagbag.py:545} INFO - Filling up the DagBag from /mnt/d/airflow/airflow_project/airflow_venv/lib/python3.12/site-packages/airflow/example_dags/subdags/subdag.py
[2026-04-29T09:47:44.071+0300] {processor.py:842} WARNING - No viable dags retrieved from /mnt/d/airflow/airflow_project/airflow_venv/lib/python3.12/site-packages/airflow/example_dags/subdags/subdag.py
[2026-04-29T09:47:44.098+0300] {processor.py:183} INFO - Processing /mnt/d/airflow/airflow_project/airflow_venv/lib/python3.12/site-packages/airflow/example_dags/subdags/subdag.py took 0.077 seconds
[2026-04-29T09:48:59.946+0300] {processor.py:161} INFO - Started process (PID=38332) to work on /mnt/d/airflow/airflow_project/airflow_venv/lib/python3.12/site-packages/airflow/example_dags/subdags/subdag.py
[2026-04-29T09:48:59.950+0300] {processor.py:830} INFO - Processing file /mnt/d/airflow/airflow_project/airflow_venv/lib/python3.12/site-packages/airflow/example_dags/subdags/subdag.py for tasks to queue
[2026-04-29T09:48:59.955+0300] {logging_mixin.py:188} INFO - [2026-04-29T09:48:59.953+0300] {dagbag.py:545} INFO - Filling up the DagBag from /mnt/d/airflow/airflow_project/airflow_venv/lib/python3.12/site-packages/airflow/example_dags/subdags/subdag.py
[2026-04-29T09:48:59.998+0300] {processor.py:842} WARNING - No viable dags retrieved from /mnt/d/airflow/airflow_project/airflow_venv/lib/python3.12/site-packages/airflow/example_dags/subdags/subdag.py
[2026-04-29T09:49:00.037+0300] {processor.py:183} INFO - Processing /mnt/d/airflow/airflow_project/airflow_venv/lib/python3.12/site-packages/airflow/example_dags/subdags/subdag.py took 0.113 seconds
[2026-04-29T09:50:08.022+0300] {processor.py:161} INFO - Started process (PID=38710) to work on /mnt/d/airflow/airflow_project/airflow_venv/lib/python3.12/site-packages/airflow/example_dags/subdags/subdag.py
[2026-04-29T09:50:08.026+0300] {processor.py:830} INFO - Processing file /mnt/d/airflow/airflow_project/airflow_venv/lib/python3.12/site-packages/airflow/example_dags/subdags/subdag.py for tasks to queue
[2026-04-29T09:50:08.033+0300] {logging_mixin.py:188} INFO - [2026-04-29T09:50:08.030+0300] {dagbag.py:545} INFO - Filling up the DagBag from /mnt/d/airflow/airflow_project/airflow_venv/lib/python3.12/site-packages/airflow/example_dags/subdags/subdag.py
[2026-04-29T09:50:08.102+0300] {processor.py:842} WARNING - No viable dags retrieved from /mnt/d/airflow/airflow_project/airflow_venv/lib/python3.12/site-packages/airflow/example_dags/subdags/subdag.py
[2026-04-29T09:50:08.141+0300] {processor.py:183} INFO - Processing /mnt/d/airflow/airflow_project/airflow_venv/lib/python3.12/site-packages/airflow/example_dags/subdags/subdag.py took 0.136 seconds
[2026-04-29T09:51:18.197+0300] {processor.py:161} INFO - Started process (PID=39122) to work on /mnt/d/airflow/airflow_project/airflow_venv/lib/python3.12/site-packages/airflow/example_dags/subdags/subdag.py
[2026-04-29T09:51:18.199+0300] {processor.py:830} INFO - Processing file /mnt/d/airflow/airflow_project/airflow_venv/lib/python3.12/site-packages/airflow/example_dags/subdags/subdag.py for tasks to queue
[2026-04-29T09:51:18.204+0300] {logging_mixin.py:188} INFO - [2026-04-29T09:51:18.202+0300] {dagbag.py:545} INFO - Filling up the DagBag from /mnt/d/airflow/airflow_project/airflow_venv/lib/python3.12/site-packages/airflow/example_dags/subdags/subdag.py
[2026-04-29T09:51:18.228+0300] {processor.py:842} WARNING - No viable dags retrieved from /mnt/d/airflow/airflow_project/airflow_venv/lib/python3.12/site-packages/airflow/example_dags/subdags/subdag.py
[2026-04-29T09:51:18.252+0300] {processor.py:183} INFO - Processing /mnt/d/airflow/airflow_project/airflow_venv/lib/python3.12/site-packages/airflow/example_dags/subdags/subdag.py took 0.073 seconds
[2026-04-29T09:53:16.807+0300] {processor.py:161} INFO - Started process (PID=39773) to work on /mnt/d/airflow/airflow_project/airflow_venv/lib/python3.12/site-packages/airflow/example_dags/subdags/subdag.py
[2026-04-29T09:53:16.810+0300] {processor.py:830} INFO - Processing file /mnt/d/airflow/airflow_project/airflow_venv/lib/python3.12/site-packages/airflow/example_dags/subdags/subdag.py for tasks to queue
[2026-04-29T09:53:16.814+0300] {logging_mixin.py:188} INFO - [2026-04-29T09:53:16.813+0300] {dagbag.py:545} INFO - Filling up the DagBag from /mnt/d/airflow/airflow_project/airflow_venv/lib/python3.12/site-packages/airflow/example_dags/subdags/subdag.py
[2026-04-29T09:53:16.852+0300] {processor.py:842} WARNING - No viable dags retrieved from /mnt/d/airflow/airflow_project/airflow_venv/lib/python3.12/site-packages/airflow/example_dags/subdags/subdag.py
[2026-04-29T09:53:16.879+0300] {processor.py:183} INFO - Processing /mnt/d/airflow/airflow_project/airflow_venv/lib/python3.12/site-packages/airflow/example_dags/subdags/subdag.py took 0.091 seconds
[2026-04-29T09:55:25.750+0300] {processor.py:161} INFO - Started process (PID=40511) to work on /mnt/d/airflow/airflow_project/airflow_venv/lib/python3.12/site-packages/airflow/example_dags/subdags/subdag.py
[2026-04-29T09:55:25.755+0300] {processor.py:830} INFO - Processing file /mnt/d/airflow/airflow_project/airflow_venv/lib/python3.12/site-packages/airflow/example_dags/subdags/subdag.py for tasks to queue
[2026-04-29T09:55:25.763+0300] {logging_mixin.py:188} INFO - [2026-04-29T09:55:25.760+0300] {dagbag.py:545} INFO - Filling up the DagBag from /mnt/d/airflow/airflow_project/airflow_venv/lib/python3.12/site-packages/airflow/example_dags/subdags/subdag.py
[2026-04-29T09:55:25.828+0300] {processor.py:842} WARNING - No viable dags retrieved from /mnt/d/airflow/airflow_project/airflow_venv/lib/python3.12/site-packages/airflow/example_dags/subdags/subdag.py
[2026-04-29T09:55:25.869+0300] {processor.py:183} INFO - Processing /mnt/d/airflow/airflow_project/airflow_venv/lib/python3.12/site-packages/airflow/example_dags/subdags/subdag.py took 0.152 seconds
[2026-04-29T09:57:31.992+0300] {processor.py:161} INFO - Started process (PID=41269) to work on /mnt/d/airflow/airflow_project/airflow_venv/lib/python3.12/site-packages/airflow/example_dags/subdags/subdag.py
[2026-04-29T09:57:31.995+0300] {processor.py:830} INFO - Processing file /mnt/d/airflow/airflow_project/airflow_venv/lib/python3.12/site-packages/airflow/example_dags/subdags/subdag.py for tasks to queue
[2026-04-29T09:57:32.002+0300] {logging_mixin.py:188} INFO - [2026-04-29T09:57:31.999+0300] {dagbag.py:545} INFO - Filling up the DagBag from /mnt/d/airflow/airflow_project/airflow_venv/lib/python3.12/site-packages/airflow/example_dags/subdags/subdag.py
[2026-04-29T09:57:32.079+0300] {processor.py:842} WARNING - No viable dags retrieved from /mnt/d/airflow/airflow_project/airflow_venv/lib/python3.12/site-packages/airflow/example_dags/subdags/subdag.py
[2026-04-29T09:57:32.144+0300] {processor.py:183} INFO - Processing /mnt/d/airflow/airflow_project/airflow_venv/lib/python3.12/site-packages/airflow/example_dags/subdags/subdag.py took 0.178 seconds
[2026-04-29T10:00:03.416+0300] {processor.py:161} INFO - Started process (PID=42095) to work on /mnt/d/airflow/airflow_project/airflow_venv/lib/python3.12/site-packages/airflow/example_dags/subdags/subdag.py
[2026-04-29T10:00:03.420+0300] {processor.py:830} INFO - Processing file /mnt/d/airflow/airflow_project/airflow_venv/lib/python3.12/site-packages/airflow/example_dags/subdags/subdag.py for tasks to queue
[2026-04-29T10:00:03.427+0300] {logging_mixin.py:188} INFO - [2026-04-29T10:00:03.424+0300] {dagbag.py:545} INFO - Filling up the DagBag from /mnt/d/airflow/airflow_project/airflow_venv/lib/python3.12/site-packages/airflow/example_dags/subdags/subdag.py
[2026-04-29T10:00:03.482+0300] {processor.py:842} WARNING - No viable dags retrieved from /mnt/d/airflow/airflow_project/airflow_venv/lib/python3.12/site-packages/airflow/example_dags/subdags/subdag.py
[2026-04-29T10:00:03.525+0300] {processor.py:183} INFO - Processing /mnt/d/airflow/airflow_project/airflow_venv/lib/python3.12/site-packages/airflow/example_dags/subdags/subdag.py took 0.136 seconds
[2026-04-29T10:01:46.726+0300] {processor.py:161} INFO - Started process (PID=42663) to work on /mnt/d/airflow/airflow_project/airflow_venv/lib/python3.12/site-packages/airflow/example_dags/subdags/subdag.py
[2026-04-29T10:01:46.730+0300] {processor.py:830} INFO - Processing file /mnt/d/airflow/airflow_project/airflow_venv/lib/python3.12/site-packages/airflow/example_dags/subdags/subdag.py for tasks to queue
[2026-04-29T10:01:46.737+0300] {logging_mixin.py:188} INFO - [2026-04-29T10:01:46.735+0300] {dagbag.py:545} INFO - Filling up the DagBag from /mnt/d/airflow/airflow_project/airflow_venv/lib/python3.12/site-packages/airflow/example_dags/subdags/subdag.py
[2026-04-29T10:01:46.767+0300] {processor.py:842} WARNING - No viable dags retrieved from /mnt/d/airflow/airflow_project/airflow_venv/lib/python3.12/site-packages/airflow/example_dags/subdags/subdag.py
[2026-04-29T10:01:46.800+0300] {processor.py:183} INFO - Processing /mnt/d/airflow/airflow_project/airflow_venv/lib/python3.12/site-packages/airflow/example_dags/subdags/subdag.py took 0.091 seconds
[2026-04-29T10:03:30.639+0300] {processor.py:161} INFO - Started process (PID=43255) to work on /mnt/d/airflow/airflow_project/airflow_venv/lib/python3.12/site-packages/airflow/example_dags/subdags/subdag.py
[2026-04-29T10:03:30.643+0300] {processor.py:830} INFO - Processing file /mnt/d/airflow/airflow_project/airflow_venv/lib/python3.12/site-packages/airflow/example_dags/subdags/subdag.py for tasks to queue
[2026-04-29T10:03:30.649+0300] {logging_mixin.py:188} INFO - [2026-04-29T10:03:30.647+0300] {dagbag.py:545} INFO - Filling up the DagBag from /mnt/d/airflow/airflow_project/airflow_venv/lib/python3.12/site-packages/airflow/example_dags/subdags/subdag.py
[2026-04-29T10:03:30.716+0300] {processor.py:842} WARNING - No viable dags retrieved from /mnt/d/airflow/airflow_project/airflow_venv/lib/python3.12/site-packages/airflow/example_dags/subdags/subdag.py
[2026-04-29T10:03:30.765+0300] {processor.py:183} INFO - Processing /mnt/d/airflow/airflow_project/airflow_venv/lib/python3.12/site-packages/airflow/example_dags/subdags/subdag.py took 0.152 seconds
[2026-04-29T10:05:06.954+0300] {processor.py:161} INFO - Started process (PID=43804) to work on /mnt/d/airflow/airflow_project/airflow_venv/lib/python3.12/site-packages/airflow/example_dags/subdags/subdag.py
[2026-04-29T10:05:06.958+0300] {processor.py:830} INFO - Processing file /mnt/d/airflow/airflow_project/airflow_venv/lib/python3.12/site-packages/airflow/example_dags/subdags/subdag.py for tasks to queue
[2026-04-29T10:05:06.965+0300] {logging_mixin.py:188} INFO - [2026-04-29T10:05:06.962+0300] {dagbag.py:545} INFO - Filling up the DagBag from /mnt/d/airflow/airflow_project/airflow_venv/lib/python3.12/site-packages/airflow/example_dags/subdags/subdag.py
[2026-04-29T10:05:07.024+0300] {processor.py:842} WARNING - No viable dags retrieved from /mnt/d/airflow/airflow_project/airflow_venv/lib/python3.12/site-packages/airflow/example_dags/subdags/subdag.py
[2026-04-29T10:05:07.057+0300] {processor.py:183} INFO - Processing /mnt/d/airflow/airflow_project/airflow_venv/lib/python3.12/site-packages/airflow/example_dags/subdags/subdag.py took 0.135 seconds
[2026-04-29T10:06:11.485+0300] {processor.py:161} INFO - Started process (PID=44165) to work on /mnt/d/airflow/airflow_project/airflow_venv/lib/python3.12/site-packages/airflow/example_dags/subdags/subdag.py
[2026-04-29T10:06:11.490+0300] {processor.py:830} INFO - Processing file /mnt/d/airflow/airflow_project/airflow_venv/lib/python3.12/site-packages/airflow/example_dags/subdags/subdag.py for tasks to queue
[2026-04-29T10:06:11.498+0300] {logging_mixin.py:188} INFO - [2026-04-29T10:06:11.495+0300] {dagbag.py:545} INFO - Filling up the DagBag from /mnt/d/airflow/airflow_project/airflow_venv/lib/python3.12/site-packages/airflow/example_dags/subdags/subdag.py
[2026-04-29T10:06:11.578+0300] {processor.py:842} WARNING - No viable dags retrieved from /mnt/d/airflow/airflow_project/airflow_venv/lib/python3.12/site-packages/airflow/example_dags/subdags/subdag.py
[2026-04-29T10:06:11.635+0300] {processor.py:183} INFO - Processing /mnt/d/airflow/airflow_project/airflow_venv/lib/python3.12/site-packages/airflow/example_dags/subdags/subdag.py took 0.185 seconds
[2026-04-29T10:07:21.641+0300] {processor.py:161} INFO - Started process (PID=44551) to work on /mnt/d/airflow/airflow_project/airflow_venv/lib/python3.12/site-packages/airflow/example_dags/subdags/subdag.py
[2026-04-29T10:07:21.643+0300] {processor.py:830} INFO - Processing file /mnt/d/airflow/airflow_project/airflow_venv/lib/python3.12/site-packages/airflow/example_dags/subdags/subdag.py for tasks to queue
[2026-04-29T10:07:21.647+0300] {logging_mixin.py:188} INFO - [2026-04-29T10:07:21.646+0300] {dagbag.py:545} INFO - Filling up the DagBag from /mnt/d/airflow/airflow_project/airflow_venv/lib/python3.12/site-packages/airflow/example_dags/subdags/subdag.py
[2026-04-29T10:07:21.671+0300] {processor.py:842} WARNING - No viable dags retrieved from /mnt/d/airflow/airflow_project/airflow_venv/lib/python3.12/site-packages/airflow/example_dags/subdags/subdag.py
[2026-04-29T10:07:21.697+0300] {processor.py:183} INFO - Processing /mnt/d/airflow/airflow_project/airflow_venv/lib/python3.12/site-packages/airflow/example_dags/subdags/subdag.py took 0.077 seconds
[2026-04-29T10:08:27.314+0300] {processor.py:161} INFO - Started process (PID=44920) to work on /mnt/d/airflow/airflow_project/airflow_venv/lib/python3.12/site-packages/airflow/example_dags/subdags/subdag.py
[2026-04-29T10:08:27.318+0300] {processor.py:830} INFO - Processing file /mnt/d/airflow/airflow_project/airflow_venv/lib/python3.12/site-packages/airflow/example_dags/subdags/subdag.py for tasks to queue
[2026-04-29T10:08:27.325+0300] {logging_mixin.py:188} INFO - [2026-04-29T10:08:27.323+0300] {dagbag.py:545} INFO - Filling up the DagBag from /mnt/d/airflow/airflow_project/airflow_venv/lib/python3.12/site-packages/airflow/example_dags/subdags/subdag.py
[2026-04-29T10:08:27.389+0300] {processor.py:842} WARNING - No viable dags retrieved from /mnt/d/airflow/airflow_project/airflow_venv/lib/python3.12/site-packages/airflow/example_dags/subdags/subdag.py
[2026-04-29T10:08:27.439+0300] {processor.py:183} INFO - Processing /mnt/d/airflow/airflow_project/airflow_venv/lib/python3.12/site-packages/airflow/example_dags/subdags/subdag.py took 0.154 seconds
[2026-04-29T10:09:24.591+0300] {processor.py:161} INFO - Started process (PID=45235) to work on /mnt/d/airflow/airflow_project/airflow_venv/lib/python3.12/site-packages/airflow/example_dags/subdags/subdag.py
[2026-04-29T10:09:24.596+0300] {processor.py:830} INFO - Processing file /mnt/d/airflow/airflow_project/airflow_venv/lib/python3.12/site-packages/airflow/example_dags/subdags/subdag.py for tasks to queue
[2026-04-29T10:09:24.605+0300] {logging_mixin.py:188} INFO - [2026-04-29T10:09:24.602+0300] {dagbag.py:545} INFO - Filling up the DagBag from /mnt/d/airflow/airflow_project/airflow_venv/lib/python3.12/site-packages/airflow/example_dags/subdags/subdag.py
[2026-04-29T10:09:24.687+0300] {processor.py:842} WARNING - No viable dags retrieved from /mnt/d/airflow/airflow_project/airflow_venv/lib/python3.12/site-packages/airflow/example_dags/subdags/subdag.py
[2026-04-29T10:09:24.746+0300] {processor.py:183} INFO - Processing /mnt/d/airflow/airflow_project/airflow_venv/lib/python3.12/site-packages/airflow/example_dags/subdags/subdag.py took 0.191 seconds
[2026-04-29T10:10:30.727+0300] {processor.py:161} INFO - Started process (PID=45602) to work on /mnt/d/airflow/airflow_project/airflow_venv/lib/python3.12/site-packages/airflow/example_dags/subdags/subdag.py
[2026-04-29T10:10:30.732+0300] {processor.py:830} INFO - Processing file /mnt/d/airflow/airflow_project/airflow_venv/lib/python3.12/site-packages/airflow/example_dags/subdags/subdag.py for tasks to queue
[2026-04-29T10:10:30.741+0300] {logging_mixin.py:188} INFO - [2026-04-29T10:10:30.738+0300] {dagbag.py:545} INFO - Filling up the DagBag from /mnt/d/airflow/airflow_project/airflow_venv/lib/python3.12/site-packages/airflow/example_dags/subdags/subdag.py
[2026-04-29T10:10:30.827+0300] {processor.py:842} WARNING - No viable dags retrieved from /mnt/d/airflow/airflow_project/airflow_venv/lib/python3.12/site-packages/airflow/example_dags/subdags/subdag.py
[2026-04-29T10:10:30.886+0300] {processor.py:183} INFO - Processing /mnt/d/airflow/airflow_project/airflow_venv/lib/python3.12/site-packages/airflow/example_dags/subdags/subdag.py took 0.196 seconds
[2026-04-29T10:11:41.015+0300] {processor.py:161} INFO - Started process (PID=45984) to work on /mnt/d/airflow/airflow_project/airflow_venv/lib/python3.12/site-packages/airflow/example_dags/subdags/subdag.py
[2026-04-29T10:11:41.020+0300] {processor.py:830} INFO - Processing file /mnt/d/airflow/airflow_project/airflow_venv/lib/python3.12/site-packages/airflow/example_dags/subdags/subdag.py for tasks to queue
[2026-04-29T10:11:41.030+0300] {logging_mixin.py:188} INFO - [2026-04-29T10:11:41.026+0300] {dagbag.py:545} INFO - Filling up the DagBag from /mnt/d/airflow/airflow_project/airflow_venv/lib/python3.12/site-packages/airflow/example_dags/subdags/subdag.py
[2026-04-29T10:11:41.111+0300] {processor.py:842} WARNING - No viable dags retrieved from /mnt/d/airflow/airflow_project/airflow_venv/lib/python3.12/site-packages/airflow/example_dags/subdags/subdag.py
[2026-04-29T10:11:41.173+0300] {processor.py:183} INFO - Processing /mnt/d/airflow/airflow_project/airflow_venv/lib/python3.12/site-packages/airflow/example_dags/subdags/subdag.py took 0.193 seconds
[2026-04-29T10:12:44.736+0300] {processor.py:161} INFO - Started process (PID=46338) to work on /mnt/d/airflow/airflow_project/airflow_venv/lib/python3.12/site-packages/airflow/example_dags/subdags/subdag.py
[2026-04-29T10:12:44.740+0300] {processor.py:830} INFO - Processing file /mnt/d/airflow/airflow_project/airflow_venv/lib/python3.12/site-packages/airflow/example_dags/subdags/subdag.py for tasks to queue
[2026-04-29T10:12:44.748+0300] {logging_mixin.py:188} INFO - [2026-04-29T10:12:44.746+0300] {dagbag.py:545} INFO - Filling up the DagBag from /mnt/d/airflow/airflow_project/airflow_venv/lib/python3.12/site-packages/airflow/example_dags/subdags/subdag.py
[2026-04-29T10:12:44.810+0300] {processor.py:842} WARNING - No viable dags retrieved from /mnt/d/airflow/airflow_project/airflow_venv/lib/python3.12/site-packages/airflow/example_dags/subdags/subdag.py
[2026-04-29T10:12:44.858+0300] {processor.py:183} INFO - Processing /mnt/d/airflow/airflow_project/airflow_venv/lib/python3.12/site-packages/airflow/example_dags/subdags/subdag.py took 0.151 seconds
