[2026-04-29T09:53:50.539+0300] {local_task_job_runner.py:120} INFO - ::group::Pre task execution logs
[2026-04-29T09:53:50.706+0300] {taskinstance.py:2076} INFO - Dependencies all met for dep_context=non-requeueable deps ti=<TaskInstance: example_external_task_marker_child.child_task1 manual__2026-04-29T06:53:21.777869+00:00 [queued]>
[2026-04-29T09:53:50.721+0300] {taskinstance.py:2076} INFO - Dependencies all met for dep_context=requeueable deps ti=<TaskInstance: example_external_task_marker_child.child_task1 manual__2026-04-29T06:53:21.777869+00:00 [queued]>
[2026-04-29T09:53:50.722+0300] {taskinstance.py:2306} INFO - Starting attempt 1 of 1
[2026-04-29T09:53:50.766+0300] {taskinstance.py:2330} INFO - Executing <Task(ExternalTaskSensor): child_task1> on 2026-04-29 06:53:21.777869+00:00
[2026-04-29T09:53:50.771+0300] {standard_task_runner.py:64} INFO - Started process 39965 to run task
[2026-04-29T09:53:50.776+0300] {standard_task_runner.py:90} INFO - Running: ['airflow', 'tasks', 'run', 'example_external_task_marker_child', 'child_task1', 'manual__2026-04-29T06:53:21.777869+00:00', '--job-id', '4', '--raw', '--subdir', '/mnt/d/airflow/airflow_project/airflow_venv/lib/python3.12/site-packages/airflow/example_dags/example_external_task_marker_dag.py', '--cfg-path', '/tmp/tmp2jp34p72']
[2026-04-29T09:53:50.779+0300] {standard_task_runner.py:91} INFO - Job 4: Subtask child_task1
[2026-04-29T09:53:50.989+0300] {task_command.py:426} INFO - Running <TaskInstance: example_external_task_marker_child.child_task1 manual__2026-04-29T06:53:21.777869+00:00 [running]> on host GayuBala.localdomain
[2026-04-29T09:53:51.284+0300] {taskinstance.py:2648} INFO - Exporting env vars: AIRFLOW_CTX_DAG_OWNER='airflow' AIRFLOW_CTX_DAG_ID='example_external_task_marker_child' AIRFLOW_CTX_TASK_ID='child_task1' AIRFLOW_CTX_EXECUTION_DATE='2026-04-29T06:53:21.777869+00:00' AIRFLOW_CTX_TRY_NUMBER='1' AIRFLOW_CTX_DAG_RUN_ID='manual__2026-04-29T06:53:21.777869+00:00'
[2026-04-29T09:53:51.286+0300] {taskinstance.py:430} INFO - ::endgroup::
[2026-04-29T09:53:51.288+0300] {baseoperator.py:400} WARNING - ExternalTaskSensor.execute cannot be called outside TaskInstance!
[2026-04-29T09:53:51.302+0300] {external_task.py:258} INFO - Poking for tasks ['parent_task'] in dag example_external_task_marker_parent on 2026-04-29T06:53:21.777869+00:00 ... 
[2026-04-29T09:53:51.308+0300] {logging_mixin.py:188} WARNING - /mnt/d/airflow/airflow_project/airflow_venv/lib/python3.12/site-packages/airflow/utils/session.py:79 DeprecationWarning: This method is deprecated and will be removed in future.
[2026-04-29T09:53:51.336+0300] {taskinstance.py:441} INFO - ::group::Post task execution logs
[2026-04-29T09:53:51.454+0300] {taskinstance.py:2865} INFO - Rescheduling task, marking task as UP_FOR_RESCHEDULE
[2026-04-29T09:53:51.471+0300] {local_task_job_runner.py:243} INFO - Task exited with return code 0
[2026-04-29T09:53:51.512+0300] {taskinstance.py:3503} INFO - 0 downstream tasks scheduled from follow-on schedule check
[2026-04-29T09:53:51.514+0300] {local_task_job_runner.py:222} INFO - ::endgroup::
[2026-04-29T09:55:18.906+0300] {local_task_job_runner.py:120} INFO - ::group::Pre task execution logs
[2026-04-29T09:55:19.057+0300] {taskinstance.py:2076} INFO - Dependencies all met for dep_context=non-requeueable deps ti=<TaskInstance: example_external_task_marker_child.child_task1 manual__2026-04-29T06:53:21.777869+00:00 [queued]>
[2026-04-29T09:55:19.070+0300] {taskinstance.py:2076} INFO - Dependencies all met for dep_context=requeueable deps ti=<TaskInstance: example_external_task_marker_child.child_task1 manual__2026-04-29T06:53:21.777869+00:00 [queued]>
[2026-04-29T09:55:19.072+0300] {taskinstance.py:2306} INFO - Starting attempt 1 of 1
[2026-04-29T09:55:19.123+0300] {taskinstance.py:2330} INFO - Executing <Task(ExternalTaskSensor): child_task1> on 2026-04-29 06:53:21.777869+00:00
[2026-04-29T09:55:19.129+0300] {standard_task_runner.py:64} INFO - Started process 40471 to run task
[2026-04-29T09:55:19.134+0300] {standard_task_runner.py:90} INFO - Running: ['airflow', 'tasks', 'run', 'example_external_task_marker_child', 'child_task1', 'manual__2026-04-29T06:53:21.777869+00:00', '--job-id', '5', '--raw', '--subdir', '/mnt/d/airflow/airflow_project/airflow_venv/lib/python3.12/site-packages/airflow/example_dags/example_external_task_marker_dag.py', '--cfg-path', '/tmp/tmpbamdkhau']
[2026-04-29T09:55:19.136+0300] {standard_task_runner.py:91} INFO - Job 5: Subtask child_task1
[2026-04-29T09:55:19.283+0300] {task_command.py:426} INFO - Running <TaskInstance: example_external_task_marker_child.child_task1 manual__2026-04-29T06:53:21.777869+00:00 [running]> on host GayuBala.localdomain
[2026-04-29T09:55:19.536+0300] {taskinstance.py:2648} INFO - Exporting env vars: AIRFLOW_CTX_DAG_OWNER='airflow' AIRFLOW_CTX_DAG_ID='example_external_task_marker_child' AIRFLOW_CTX_TASK_ID='child_task1' AIRFLOW_CTX_EXECUTION_DATE='2026-04-29T06:53:21.777869+00:00' AIRFLOW_CTX_TRY_NUMBER='1' AIRFLOW_CTX_DAG_RUN_ID='manual__2026-04-29T06:53:21.777869+00:00'
[2026-04-29T09:55:19.539+0300] {taskinstance.py:430} INFO - ::endgroup::
[2026-04-29T09:55:19.541+0300] {baseoperator.py:400} WARNING - ExternalTaskSensor.execute cannot be called outside TaskInstance!
[2026-04-29T09:55:19.582+0300] {external_task.py:258} INFO - Poking for tasks ['parent_task'] in dag example_external_task_marker_parent on 2026-04-29T06:53:21.777869+00:00 ... 
[2026-04-29T09:55:19.588+0300] {logging_mixin.py:188} WARNING - /mnt/d/airflow/airflow_project/airflow_venv/lib/python3.12/site-packages/airflow/utils/session.py:79 DeprecationWarning: This method is deprecated and will be removed in future.
[2026-04-29T09:55:19.606+0300] {taskinstance.py:441} INFO - ::group::Post task execution logs
[2026-04-29T09:55:19.708+0300] {taskinstance.py:2865} INFO - Rescheduling task, marking task as UP_FOR_RESCHEDULE
[2026-04-29T09:55:19.750+0300] {local_task_job_runner.py:243} INFO - Task exited with return code 0
[2026-04-29T09:55:19.830+0300] {taskinstance.py:3503} INFO - 0 downstream tasks scheduled from follow-on schedule check
[2026-04-29T09:55:19.837+0300] {local_task_job_runner.py:222} INFO - ::endgroup::
[2026-04-29T09:56:43.636+0300] {local_task_job_runner.py:120} INFO - ::group::Pre task execution logs
[2026-04-29T09:56:43.770+0300] {taskinstance.py:2076} INFO - Dependencies all met for dep_context=non-requeueable deps ti=<TaskInstance: example_external_task_marker_child.child_task1 manual__2026-04-29T06:53:21.777869+00:00 [queued]>
[2026-04-29T09:56:43.783+0300] {taskinstance.py:2076} INFO - Dependencies all met for dep_context=requeueable deps ti=<TaskInstance: example_external_task_marker_child.child_task1 manual__2026-04-29T06:53:21.777869+00:00 [queued]>
[2026-04-29T09:56:43.785+0300] {taskinstance.py:2306} INFO - Starting attempt 1 of 1
[2026-04-29T09:56:43.856+0300] {taskinstance.py:2330} INFO - Executing <Task(ExternalTaskSensor): child_task1> on 2026-04-29 06:53:21.777869+00:00
[2026-04-29T09:56:43.864+0300] {standard_task_runner.py:64} INFO - Started process 40975 to run task
[2026-04-29T09:56:43.868+0300] {standard_task_runner.py:90} INFO - Running: ['airflow', 'tasks', 'run', 'example_external_task_marker_child', 'child_task1', 'manual__2026-04-29T06:53:21.777869+00:00', '--job-id', '6', '--raw', '--subdir', '/mnt/d/airflow/airflow_project/airflow_venv/lib/python3.12/site-packages/airflow/example_dags/example_external_task_marker_dag.py', '--cfg-path', '/tmp/tmpk9kzfzqf']
[2026-04-29T09:56:43.872+0300] {standard_task_runner.py:91} INFO - Job 6: Subtask child_task1
[2026-04-29T09:56:44.042+0300] {task_command.py:426} INFO - Running <TaskInstance: example_external_task_marker_child.child_task1 manual__2026-04-29T06:53:21.777869+00:00 [running]> on host GayuBala.localdomain
[2026-04-29T09:56:44.174+0300] {taskinstance.py:2648} INFO - Exporting env vars: AIRFLOW_CTX_DAG_OWNER='airflow' AIRFLOW_CTX_DAG_ID='example_external_task_marker_child' AIRFLOW_CTX_TASK_ID='child_task1' AIRFLOW_CTX_EXECUTION_DATE='2026-04-29T06:53:21.777869+00:00' AIRFLOW_CTX_TRY_NUMBER='1' AIRFLOW_CTX_DAG_RUN_ID='manual__2026-04-29T06:53:21.777869+00:00'
[2026-04-29T09:56:44.178+0300] {taskinstance.py:430} INFO - ::endgroup::
[2026-04-29T09:56:44.180+0300] {baseoperator.py:400} WARNING - ExternalTaskSensor.execute cannot be called outside TaskInstance!
[2026-04-29T09:56:44.212+0300] {external_task.py:258} INFO - Poking for tasks ['parent_task'] in dag example_external_task_marker_parent on 2026-04-29T06:53:21.777869+00:00 ... 
[2026-04-29T09:56:44.220+0300] {logging_mixin.py:188} WARNING - /mnt/d/airflow/airflow_project/airflow_venv/lib/python3.12/site-packages/airflow/utils/session.py:79 DeprecationWarning: This method is deprecated and will be removed in future.
[2026-04-29T09:56:44.258+0300] {taskinstance.py:441} INFO - ::group::Post task execution logs
[2026-04-29T09:56:44.362+0300] {taskinstance.py:2865} INFO - Rescheduling task, marking task as UP_FOR_RESCHEDULE
[2026-04-29T09:56:44.408+0300] {local_task_job_runner.py:243} INFO - Task exited with return code 0
[2026-04-29T09:56:44.463+0300] {taskinstance.py:3503} INFO - 0 downstream tasks scheduled from follow-on schedule check
[2026-04-29T09:56:44.468+0300] {local_task_job_runner.py:222} INFO - ::endgroup::
[2026-04-29T09:58:10.632+0300] {local_task_job_runner.py:120} INFO - ::group::Pre task execution logs
[2026-04-29T09:58:10.832+0300] {taskinstance.py:2076} INFO - Dependencies all met for dep_context=non-requeueable deps ti=<TaskInstance: example_external_task_marker_child.child_task1 manual__2026-04-29T06:53:21.777869+00:00 [queued]>
[2026-04-29T09:58:10.848+0300] {taskinstance.py:2076} INFO - Dependencies all met for dep_context=requeueable deps ti=<TaskInstance: example_external_task_marker_child.child_task1 manual__2026-04-29T06:53:21.777869+00:00 [queued]>
[2026-04-29T09:58:10.849+0300] {taskinstance.py:2306} INFO - Starting attempt 1 of 1
[2026-04-29T09:58:10.894+0300] {taskinstance.py:2330} INFO - Executing <Task(ExternalTaskSensor): child_task1> on 2026-04-29 06:53:21.777869+00:00
[2026-04-29T09:58:10.899+0300] {standard_task_runner.py:64} INFO - Started process 41486 to run task
[2026-04-29T09:58:10.901+0300] {standard_task_runner.py:90} INFO - Running: ['airflow', 'tasks', 'run', 'example_external_task_marker_child', 'child_task1', 'manual__2026-04-29T06:53:21.777869+00:00', '--job-id', '7', '--raw', '--subdir', '/mnt/d/airflow/airflow_project/airflow_venv/lib/python3.12/site-packages/airflow/example_dags/example_external_task_marker_dag.py', '--cfg-path', '/tmp/tmp08ok0so1']
[2026-04-29T09:58:10.903+0300] {standard_task_runner.py:91} INFO - Job 7: Subtask child_task1
[2026-04-29T09:58:11.042+0300] {task_command.py:426} INFO - Running <TaskInstance: example_external_task_marker_child.child_task1 manual__2026-04-29T06:53:21.777869+00:00 [running]> on host GayuBala.localdomain
[2026-04-29T09:58:11.230+0300] {taskinstance.py:2648} INFO - Exporting env vars: AIRFLOW_CTX_DAG_OWNER='airflow' AIRFLOW_CTX_DAG_ID='example_external_task_marker_child' AIRFLOW_CTX_TASK_ID='child_task1' AIRFLOW_CTX_EXECUTION_DATE='2026-04-29T06:53:21.777869+00:00' AIRFLOW_CTX_TRY_NUMBER='1' AIRFLOW_CTX_DAG_RUN_ID='manual__2026-04-29T06:53:21.777869+00:00'
[2026-04-29T09:58:11.233+0300] {taskinstance.py:430} INFO - ::endgroup::
[2026-04-29T09:58:11.235+0300] {baseoperator.py:400} WARNING - ExternalTaskSensor.execute cannot be called outside TaskInstance!
[2026-04-29T09:58:11.249+0300] {external_task.py:258} INFO - Poking for tasks ['parent_task'] in dag example_external_task_marker_parent on 2026-04-29T06:53:21.777869+00:00 ... 
[2026-04-29T09:58:11.257+0300] {logging_mixin.py:188} WARNING - /mnt/d/airflow/airflow_project/airflow_venv/lib/python3.12/site-packages/airflow/utils/session.py:79 DeprecationWarning: This method is deprecated and will be removed in future.
[2026-04-29T09:58:11.275+0300] {taskinstance.py:441} INFO - ::group::Post task execution logs
[2026-04-29T09:58:11.344+0300] {taskinstance.py:2865} INFO - Rescheduling task, marking task as UP_FOR_RESCHEDULE
[2026-04-29T09:58:11.356+0300] {local_task_job_runner.py:243} INFO - Task exited with return code 0
[2026-04-29T09:58:11.406+0300] {taskinstance.py:3503} INFO - 0 downstream tasks scheduled from follow-on schedule check
[2026-04-29T09:58:11.408+0300] {local_task_job_runner.py:222} INFO - ::endgroup::
[2026-04-29T09:59:35.677+0300] {local_task_job_runner.py:120} INFO - ::group::Pre task execution logs
[2026-04-29T09:59:35.864+0300] {taskinstance.py:2076} INFO - Dependencies all met for dep_context=non-requeueable deps ti=<TaskInstance: example_external_task_marker_child.child_task1 manual__2026-04-29T06:53:21.777869+00:00 [queued]>
[2026-04-29T09:59:35.890+0300] {taskinstance.py:2076} INFO - Dependencies all met for dep_context=requeueable deps ti=<TaskInstance: example_external_task_marker_child.child_task1 manual__2026-04-29T06:53:21.777869+00:00 [queued]>
[2026-04-29T09:59:35.892+0300] {taskinstance.py:2306} INFO - Starting attempt 1 of 1
[2026-04-29T09:59:35.940+0300] {taskinstance.py:2330} INFO - Executing <Task(ExternalTaskSensor): child_task1> on 2026-04-29 06:53:21.777869+00:00
[2026-04-29T09:59:35.948+0300] {standard_task_runner.py:64} INFO - Started process 41947 to run task
[2026-04-29T09:59:35.953+0300] {standard_task_runner.py:90} INFO - Running: ['airflow', 'tasks', 'run', 'example_external_task_marker_child', 'child_task1', 'manual__2026-04-29T06:53:21.777869+00:00', '--job-id', '9', '--raw', '--subdir', '/mnt/d/airflow/airflow_project/airflow_venv/lib/python3.12/site-packages/airflow/example_dags/example_external_task_marker_dag.py', '--cfg-path', '/tmp/tmp36s2lyre']
[2026-04-29T09:59:35.956+0300] {standard_task_runner.py:91} INFO - Job 9: Subtask child_task1
[2026-04-29T09:59:36.095+0300] {task_command.py:426} INFO - Running <TaskInstance: example_external_task_marker_child.child_task1 manual__2026-04-29T06:53:21.777869+00:00 [running]> on host GayuBala.localdomain
[2026-04-29T09:59:36.337+0300] {taskinstance.py:2648} INFO - Exporting env vars: AIRFLOW_CTX_DAG_OWNER='airflow' AIRFLOW_CTX_DAG_ID='example_external_task_marker_child' AIRFLOW_CTX_TASK_ID='child_task1' AIRFLOW_CTX_EXECUTION_DATE='2026-04-29T06:53:21.777869+00:00' AIRFLOW_CTX_TRY_NUMBER='1' AIRFLOW_CTX_DAG_RUN_ID='manual__2026-04-29T06:53:21.777869+00:00'
[2026-04-29T09:59:36.340+0300] {taskinstance.py:430} INFO - ::endgroup::
[2026-04-29T09:59:36.342+0300] {baseoperator.py:400} WARNING - ExternalTaskSensor.execute cannot be called outside TaskInstance!
[2026-04-29T09:59:36.362+0300] {external_task.py:258} INFO - Poking for tasks ['parent_task'] in dag example_external_task_marker_parent on 2026-04-29T06:53:21.777869+00:00 ... 
[2026-04-29T09:59:36.369+0300] {logging_mixin.py:188} WARNING - /mnt/d/airflow/airflow_project/airflow_venv/lib/python3.12/site-packages/airflow/utils/session.py:79 DeprecationWarning: This method is deprecated and will be removed in future.
[2026-04-29T09:59:36.394+0300] {taskinstance.py:441} INFO - ::group::Post task execution logs
[2026-04-29T09:59:36.471+0300] {taskinstance.py:2865} INFO - Rescheduling task, marking task as UP_FOR_RESCHEDULE
[2026-04-29T09:59:36.489+0300] {local_task_job_runner.py:243} INFO - Task exited with return code 0
[2026-04-29T09:59:36.557+0300] {taskinstance.py:3503} INFO - 0 downstream tasks scheduled from follow-on schedule check
[2026-04-29T09:59:36.560+0300] {local_task_job_runner.py:222} INFO - ::endgroup::
[2026-04-29T10:00:57.616+0300] {local_task_job_runner.py:120} INFO - ::group::Pre task execution logs
[2026-04-29T10:00:57.724+0300] {taskinstance.py:2076} INFO - Dependencies all met for dep_context=non-requeueable deps ti=<TaskInstance: example_external_task_marker_child.child_task1 manual__2026-04-29T06:53:21.777869+00:00 [queued]>
[2026-04-29T10:00:57.743+0300] {taskinstance.py:2076} INFO - Dependencies all met for dep_context=requeueable deps ti=<TaskInstance: example_external_task_marker_child.child_task1 manual__2026-04-29T06:53:21.777869+00:00 [queued]>
[2026-04-29T10:00:57.745+0300] {taskinstance.py:2306} INFO - Starting attempt 1 of 1
[2026-04-29T10:00:57.804+0300] {taskinstance.py:2330} INFO - Executing <Task(ExternalTaskSensor): child_task1> on 2026-04-29 06:53:21.777869+00:00
[2026-04-29T10:00:57.810+0300] {standard_task_runner.py:64} INFO - Started process 42398 to run task
[2026-04-29T10:00:57.813+0300] {standard_task_runner.py:90} INFO - Running: ['airflow', 'tasks', 'run', 'example_external_task_marker_child', 'child_task1', 'manual__2026-04-29T06:53:21.777869+00:00', '--job-id', '10', '--raw', '--subdir', '/mnt/d/airflow/airflow_project/airflow_venv/lib/python3.12/site-packages/airflow/example_dags/example_external_task_marker_dag.py', '--cfg-path', '/tmp/tmpvhmrp5sz']
[2026-04-29T10:00:57.816+0300] {standard_task_runner.py:91} INFO - Job 10: Subtask child_task1
[2026-04-29T10:00:57.917+0300] {task_command.py:426} INFO - Running <TaskInstance: example_external_task_marker_child.child_task1 manual__2026-04-29T06:53:21.777869+00:00 [running]> on host GayuBala.localdomain
[2026-04-29T10:00:58.100+0300] {taskinstance.py:2648} INFO - Exporting env vars: AIRFLOW_CTX_DAG_OWNER='airflow' AIRFLOW_CTX_DAG_ID='example_external_task_marker_child' AIRFLOW_CTX_TASK_ID='child_task1' AIRFLOW_CTX_EXECUTION_DATE='2026-04-29T06:53:21.777869+00:00' AIRFLOW_CTX_TRY_NUMBER='1' AIRFLOW_CTX_DAG_RUN_ID='manual__2026-04-29T06:53:21.777869+00:00'
[2026-04-29T10:00:58.103+0300] {taskinstance.py:430} INFO - ::endgroup::
[2026-04-29T10:00:58.105+0300] {baseoperator.py:400} WARNING - ExternalTaskSensor.execute cannot be called outside TaskInstance!
[2026-04-29T10:00:58.120+0300] {external_task.py:258} INFO - Poking for tasks ['parent_task'] in dag example_external_task_marker_parent on 2026-04-29T06:53:21.777869+00:00 ... 
[2026-04-29T10:00:58.126+0300] {logging_mixin.py:188} WARNING - /mnt/d/airflow/airflow_project/airflow_venv/lib/python3.12/site-packages/airflow/utils/session.py:79 DeprecationWarning: This method is deprecated and will be removed in future.
[2026-04-29T10:00:58.146+0300] {taskinstance.py:441} INFO - ::group::Post task execution logs
[2026-04-29T10:00:58.194+0300] {taskinstance.py:2865} INFO - Rescheduling task, marking task as UP_FOR_RESCHEDULE
[2026-04-29T10:00:58.229+0300] {local_task_job_runner.py:243} INFO - Task exited with return code 0
[2026-04-29T10:00:58.271+0300] {taskinstance.py:3503} INFO - 0 downstream tasks scheduled from follow-on schedule check
[2026-04-29T10:00:58.275+0300] {local_task_job_runner.py:222} INFO - ::endgroup::
[2026-04-29T10:02:28.439+0300] {local_task_job_runner.py:120} INFO - ::group::Pre task execution logs
[2026-04-29T10:02:28.607+0300] {taskinstance.py:2076} INFO - Dependencies all met for dep_context=non-requeueable deps ti=<TaskInstance: example_external_task_marker_child.child_task1 manual__2026-04-29T06:53:21.777869+00:00 [queued]>
[2026-04-29T10:02:28.624+0300] {taskinstance.py:2076} INFO - Dependencies all met for dep_context=requeueable deps ti=<TaskInstance: example_external_task_marker_child.child_task1 manual__2026-04-29T06:53:21.777869+00:00 [queued]>
[2026-04-29T10:02:28.626+0300] {taskinstance.py:2306} INFO - Starting attempt 1 of 1
[2026-04-29T10:02:28.695+0300] {taskinstance.py:2330} INFO - Executing <Task(ExternalTaskSensor): child_task1> on 2026-04-29 06:53:21.777869+00:00
[2026-04-29T10:02:28.700+0300] {standard_task_runner.py:64} INFO - Started process 42896 to run task
[2026-04-29T10:02:28.704+0300] {standard_task_runner.py:90} INFO - Running: ['airflow', 'tasks', 'run', 'example_external_task_marker_child', 'child_task1', 'manual__2026-04-29T06:53:21.777869+00:00', '--job-id', '11', '--raw', '--subdir', '/mnt/d/airflow/airflow_project/airflow_venv/lib/python3.12/site-packages/airflow/example_dags/example_external_task_marker_dag.py', '--cfg-path', '/tmp/tmpxq8i3ph5']
[2026-04-29T10:02:28.707+0300] {standard_task_runner.py:91} INFO - Job 11: Subtask child_task1
[2026-04-29T10:02:28.917+0300] {task_command.py:426} INFO - Running <TaskInstance: example_external_task_marker_child.child_task1 manual__2026-04-29T06:53:21.777869+00:00 [running]> on host GayuBala.localdomain
[2026-04-29T10:02:29.187+0300] {taskinstance.py:2648} INFO - Exporting env vars: AIRFLOW_CTX_DAG_OWNER='airflow' AIRFLOW_CTX_DAG_ID='example_external_task_marker_child' AIRFLOW_CTX_TASK_ID='child_task1' AIRFLOW_CTX_EXECUTION_DATE='2026-04-29T06:53:21.777869+00:00' AIRFLOW_CTX_TRY_NUMBER='1' AIRFLOW_CTX_DAG_RUN_ID='manual__2026-04-29T06:53:21.777869+00:00'
[2026-04-29T10:02:29.191+0300] {taskinstance.py:430} INFO - ::endgroup::
[2026-04-29T10:02:29.193+0300] {baseoperator.py:400} WARNING - ExternalTaskSensor.execute cannot be called outside TaskInstance!
[2026-04-29T10:02:29.224+0300] {external_task.py:258} INFO - Poking for tasks ['parent_task'] in dag example_external_task_marker_parent on 2026-04-29T06:53:21.777869+00:00 ... 
[2026-04-29T10:02:29.232+0300] {logging_mixin.py:188} WARNING - /mnt/d/airflow/airflow_project/airflow_venv/lib/python3.12/site-packages/airflow/utils/session.py:79 DeprecationWarning: This method is deprecated and will be removed in future.
[2026-04-29T10:02:29.261+0300] {taskinstance.py:441} INFO - ::group::Post task execution logs
[2026-04-29T10:02:29.355+0300] {taskinstance.py:2865} INFO - Rescheduling task, marking task as UP_FOR_RESCHEDULE
[2026-04-29T10:02:29.400+0300] {local_task_job_runner.py:243} INFO - Task exited with return code 0
[2026-04-29T10:02:29.462+0300] {taskinstance.py:3503} INFO - 0 downstream tasks scheduled from follow-on schedule check
[2026-04-29T10:02:29.468+0300] {local_task_job_runner.py:222} INFO - ::endgroup::
[2026-04-29T10:04:00.764+0300] {local_task_job_runner.py:120} INFO - ::group::Pre task execution logs
[2026-04-29T10:04:00.879+0300] {taskinstance.py:2076} INFO - Dependencies all met for dep_context=non-requeueable deps ti=<TaskInstance: example_external_task_marker_child.child_task1 manual__2026-04-29T06:53:21.777869+00:00 [queued]>
[2026-04-29T10:04:00.896+0300] {taskinstance.py:2076} INFO - Dependencies all met for dep_context=requeueable deps ti=<TaskInstance: example_external_task_marker_child.child_task1 manual__2026-04-29T06:53:21.777869+00:00 [queued]>
[2026-04-29T10:04:00.898+0300] {taskinstance.py:2306} INFO - Starting attempt 1 of 1
[2026-04-29T10:04:00.950+0300] {taskinstance.py:2330} INFO - Executing <Task(ExternalTaskSensor): child_task1> on 2026-04-29 06:53:21.777869+00:00
[2026-04-29T10:04:00.955+0300] {standard_task_runner.py:64} INFO - Started process 43415 to run task
[2026-04-29T10:04:00.960+0300] {standard_task_runner.py:90} INFO - Running: ['airflow', 'tasks', 'run', 'example_external_task_marker_child', 'child_task1', 'manual__2026-04-29T06:53:21.777869+00:00', '--job-id', '12', '--raw', '--subdir', '/mnt/d/airflow/airflow_project/airflow_venv/lib/python3.12/site-packages/airflow/example_dags/example_external_task_marker_dag.py', '--cfg-path', '/tmp/tmp9_1731d9']
[2026-04-29T10:04:00.963+0300] {standard_task_runner.py:91} INFO - Job 12: Subtask child_task1
[2026-04-29T10:04:01.104+0300] {task_command.py:426} INFO - Running <TaskInstance: example_external_task_marker_child.child_task1 manual__2026-04-29T06:53:21.777869+00:00 [running]> on host GayuBala.localdomain
[2026-04-29T10:04:01.276+0300] {taskinstance.py:2648} INFO - Exporting env vars: AIRFLOW_CTX_DAG_OWNER='airflow' AIRFLOW_CTX_DAG_ID='example_external_task_marker_child' AIRFLOW_CTX_TASK_ID='child_task1' AIRFLOW_CTX_EXECUTION_DATE='2026-04-29T06:53:21.777869+00:00' AIRFLOW_CTX_TRY_NUMBER='1' AIRFLOW_CTX_DAG_RUN_ID='manual__2026-04-29T06:53:21.777869+00:00'
[2026-04-29T10:04:01.280+0300] {taskinstance.py:430} INFO - ::endgroup::
[2026-04-29T10:04:01.282+0300] {baseoperator.py:400} WARNING - ExternalTaskSensor.execute cannot be called outside TaskInstance!
[2026-04-29T10:04:01.306+0300] {external_task.py:258} INFO - Poking for tasks ['parent_task'] in dag example_external_task_marker_parent on 2026-04-29T06:53:21.777869+00:00 ... 
[2026-04-29T10:04:01.343+0300] {logging_mixin.py:188} WARNING - /mnt/d/airflow/airflow_project/airflow_venv/lib/python3.12/site-packages/airflow/utils/session.py:79 DeprecationWarning: This method is deprecated and will be removed in future.
[2026-04-29T10:04:01.372+0300] {taskinstance.py:441} INFO - ::group::Post task execution logs
[2026-04-29T10:04:01.375+0300] {taskinstance.py:2905} ERROR - Task failed with exception
Traceback (most recent call last):
  File "/mnt/d/airflow/airflow_project/airflow_venv/lib/python3.12/site-packages/airflow/models/taskinstance.py", line 465, in _execute_task
    result = _execute_callable(context=context, **execute_callable_kwargs)
             ^^^^^^^^^^^^^^^^^^^^^^^^^^^^^^^^^^^^^^^^^^^^^^^^^^^^^^^^^^^^^
  File "/mnt/d/airflow/airflow_project/airflow_venv/lib/python3.12/site-packages/airflow/models/taskinstance.py", line 432, in _execute_callable
    return execute_callable(context=context, **execute_callable_kwargs)
           ^^^^^^^^^^^^^^^^^^^^^^^^^^^^^^^^^^^^^^^^^^^^^^^^^^^^^^^^^^^^
  File "/mnt/d/airflow/airflow_project/airflow_venv/lib/python3.12/site-packages/airflow/models/baseoperator.py", line 401, in wrapper
    return func(self, *args, **kwargs)
           ^^^^^^^^^^^^^^^^^^^^^^^^^^^
  File "/mnt/d/airflow/airflow_project/airflow_venv/lib/python3.12/site-packages/airflow/sensors/external_task.py", line 348, in execute
    super().execute(context)
  File "/mnt/d/airflow/airflow_project/airflow_venv/lib/python3.12/site-packages/airflow/models/baseoperator.py", line 401, in wrapper
    return func(self, *args, **kwargs)
           ^^^^^^^^^^^^^^^^^^^^^^^^^^^
  File "/mnt/d/airflow/airflow_project/airflow_venv/lib/python3.12/site-packages/airflow/sensors/base.py", line 281, in execute
    raise AirflowSensorTimeout(message)
airflow.exceptions.AirflowSensorTimeout: Sensor has timed out; run duration of 610.25211 seconds exceeds the specified timeout of 600.0.
[2026-04-29T10:04:01.525+0300] {taskinstance.py:1206} INFO - Immediate failure requested. Marking task as FAILED. dag_id=example_external_task_marker_child, task_id=child_task1, run_id=manual__2026-04-29T06:53:21.777869+00:00, execution_date=20260429T065321, start_date=20260429T070400, end_date=20260429T070401
[2026-04-29T10:04:01.574+0300] {standard_task_runner.py:110} ERROR - Failed to execute job 12 for task child_task1 (Sensor has timed out; run duration of 610.25211 seconds exceeds the specified timeout of 600.0.; 43415)
[2026-04-29T10:04:01.617+0300] {local_task_job_runner.py:243} INFO - Task exited with return code 1
[2026-04-29T10:04:01.683+0300] {taskinstance.py:3503} INFO - 0 downstream tasks scheduled from follow-on schedule check
[2026-04-29T10:04:01.717+0300] {local_task_job_runner.py:222} INFO - ::endgroup::
